2017-05-27 11:05:45:939 - info: [Appium] Welcome to Appium v1.6.5
2017-05-27 11:05:45:939 - info: [Appium] Non-default server args:
2017-05-27 11:05:45:939 - info: [Appium]   address: 127.0.0.1
2017-05-27 11:05:45:939 - info: [Appium]   log: D:\workSpace\EclipseProjects\AppiumForEclipse\log\1495883139911.log
2017-05-27 11:05:46:001 - info: [Appium] Appium REST http interface listener started on 127.0.0.1:4723
2017-05-27 11:05:46:690 - info: [HTTP] --> GET /wd/hub/status {}
2017-05-27 11:05:46:690 - info: [debug] [MJSONWP] Calling AppiumDriver.getStatus() with args: []
2017-05-27 11:05:46:721 - info: [debug] [MJSONWP] Responding to client with driver.getStatus() result: {"build":{"version":"1.6.5","revision":null}}
2017-05-27 11:05:46:736 - info: [HTTP] <-- GET /wd/hub/status 200 44 ms - 83 
2017-05-27 11:05:46:736 - info: [HTTP] --> GET /wd/hub/status {}
2017-05-27 11:05:46:736 - info: [debug] [MJSONWP] Calling AppiumDriver.getStatus() with args: []
2017-05-27 11:05:46:768 - info: [debug] [MJSONWP] Responding to client with driver.getStatus() result: {"build":{"version":"1.6.5","revision":null}}
2017-05-27 11:05:46:768 - info: [HTTP] <-- GET /wd/hub/status 200 27 ms - 83 
2017-05-27 11:05:47:438 - info: [HTTP] --> POST /wd/hub/session {"desiredCapabilities":{"appPackage":"com.play.android","appActivity":"com.play.android.activity.SplashActivity","app":"D:\\workSpace\\EclipseProjects\\AppiumForEclipse\\apps\\play.apk","noSign":"True","unicodeKeyboard":"True","platformName":"Android","deviceName":"022TAS7N51009853","resetKeyboard":"True"}}
2017-05-27 11:05:47:438 - info: [debug] [MJSONWP] Calling AppiumDriver.createSession() with args: [{"appPackage":"com.play.android","appActivity":"com.play.android.activity.SplashActivity","app":"D:\\workSpace\\EclipseProjects\\AppiumForEclipse\\apps\\play.apk","noSign":"True","unicodeKeyboard":"True","platformName":"Android","deviceName":"022TAS7N51009853","resetKeyboard":"True"},null,null]
2017-05-27 11:05:47:438 - info: [debug] [BaseDriver] Event 'newSessionRequested' logged at 1495883147438 (20:05:47 GMT+0900 (中国标准时间))
2017-05-27 11:05:47:438 - info: [Appium] Creating new AndroidDriver (v1.20.0) session
2017-05-27 11:05:47:438 - info: [Appium] Capabilities:
2017-05-27 11:05:47:454 - info: [Appium]   appPackage: 'com.play.android'
2017-05-27 11:05:47:454 - info: [Appium]   appActivity: 'com.play.android.activity.SplashActivity'
2017-05-27 11:05:47:454 - info: [Appium]   app: 'D:\\workSpace\\EclipseProjects\\AppiumForEclipse\\apps\\play.apk'
2017-05-27 11:05:47:454 - info: [Appium]   noSign: 'True'
2017-05-27 11:05:47:454 - info: [Appium]   unicodeKeyboard: 'True'
2017-05-27 11:05:47:454 - info: [Appium]   platformName: 'Android'
2017-05-27 11:05:47:454 - info: [Appium]   deviceName: '022TAS7N51009853'
2017-05-27 11:05:47:454 - info: [Appium]   resetKeyboard: 'True'
2017-05-27 11:05:47:454 - info: [debug] [AndroidDriver] AndroidDriver version: 1.20.0
2017-05-27 11:05:47:454 - warn: [BaseDriver] Capability 'unicodeKeyboard' changed from string to boolean. This may cause unexpected behavior
2017-05-27 11:05:47:454 - warn: [BaseDriver] Capability 'resetKeyboard' changed from string to boolean. This may cause unexpected behavior
2017-05-27 11:05:47:454 - warn: [BaseDriver] Capability 'noSign' changed from string to boolean. This may cause unexpected behavior
2017-05-27 11:05:47:485 - info: [BaseDriver] Session created with session id: 90bd517c-3c0a-4712-a119-3d5ea2423cfc
2017-05-27 11:05:47:485 - info: [debug] [AndroidDriver] Getting Java version
2017-05-27 11:05:47:629 - info: [AndroidDriver] Java version is: 1.8.0_121
2017-05-27 11:05:47:629 - info: [ADB] Checking whether adb is present
2017-05-27 11:05:47:629 - info: [ADB] Using adb.exe from D:\SoftWare\SDK\platform-tools\adb.exe
2017-05-27 11:05:47:629 - info: [AndroidDriver] Retrieving device list
2017-05-27 11:05:47:629 - info: [debug] [ADB] Trying to find a connected android device
2017-05-27 11:05:47:629 - info: [debug] [ADB] Getting connected devices...
2017-05-27 11:05:47:660 - info: [debug] [ADB] 1 device(s) connected
2017-05-27 11:05:47:660 - info: [AndroidDriver] Using device: 022TAS7N51009853
2017-05-27 11:05:47:660 - info: [ADB] Checking whether adb is present
2017-05-27 11:05:47:660 - info: [ADB] Using adb.exe from D:\SoftWare\SDK\platform-tools\adb.exe
2017-05-27 11:05:47:660 - info: [debug] [ADB] Setting device id to 022TAS7N51009853
2017-05-27 11:05:47:660 - info: [BaseDriver] Using local app 'D:\workSpace\EclipseProjects\AppiumForEclipse\apps\play.apk'
2017-05-27 11:05:47:660 - info: [debug] [AndroidDriver] Checking whether app is actually present
2017-05-27 11:05:47:675 - info: [AndroidDriver] Starting Android session
2017-05-27 11:05:47:675 - info: [debug] [ADB] Running 'D:\SoftWare\SDK\platform-tools\adb.exe' with args: ["-P",5037,"-s","022TAS7N51009853","wait-for-device"]
2017-05-27 11:05:47:707 - info: [debug] [ADB] Getting connected devices...
2017-05-27 11:05:47:722 - info: [debug] [ADB] 1 device(s) connected
2017-05-27 11:05:47:722 - info: [debug] [ADB] Running 'D:\SoftWare\SDK\platform-tools\adb.exe' with args: ["-P",5037,"-s","022TAS7N51009853","shell","echo","ping"]
2017-05-27 11:05:47:769 - info: [debug] [Logcat] Starting logcat capture
2017-05-27 11:05:47:816 - info: [debug] [AndroidDriver] Enabling Unicode keyboard support
2017-05-27 11:05:47:816 - info: [debug] [AndroidDriver] Pushing unicode ime to device...
2017-05-27 11:05:47:816 - info: [debug] [ADB] Running 'D:\SoftWare\SDK\platform-tools\adb.exe' with args: ["-P",5037,"-s","022TAS7N51009853","install","D:\\MyProgram\\nodejs\\node_modules\\appium\\node_modules\\appium-android-ime\\bin\\UnicodeIME-debug.apk"]
2017-05-27 11:05:48:861 - info: [debug] [ADB] Getting connected devices...
2017-05-27 11:05:48:892 - info: [debug] [ADB] 1 device(s) connected
2017-05-27 11:05:48:892 - info: [debug] [ADB] Running 'D:\SoftWare\SDK\platform-tools\adb.exe' with args: ["-P",5037,"-s","022TAS7N51009853","shell","settings","get","secure","default_input_method"]
2017-05-27 11:05:49:625 - info: [debug] [AndroidDriver] Unsetting previous IME io.appium.android.ime/.UnicodeIME
2017-05-27 11:05:49:625 - info: [debug] [AndroidDriver] Setting IME to 'io.appium.android.ime/.UnicodeIME'
2017-05-27 11:05:49:625 - info: [debug] [ADB] Getting connected devices...
2017-05-27 11:05:49:657 - info: [debug] [ADB] 1 device(s) connected
2017-05-27 11:05:49:657 - info: [debug] [ADB] Running 'D:\SoftWare\SDK\platform-tools\adb.exe' with args: ["-P",5037,"-s","022TAS7N51009853","shell","ime","enable","io.appium.android.ime/.UnicodeIME"]
2017-05-27 11:05:50:515 - info: [debug] [ADB] Getting connected devices...
2017-05-27 11:05:50:530 - info: [debug] [ADB] 1 device(s) connected
2017-05-27 11:05:50:530 - info: [debug] [ADB] Running 'D:\SoftWare\SDK\platform-tools\adb.exe' with args: ["-P",5037,"-s","022TAS7N51009853","shell","ime","set","io.appium.android.ime/.UnicodeIME"]
2017-05-27 11:05:51:388 - info: [debug] [AndroidDriver] Pushing settings apk to device...
2017-05-27 11:05:51:388 - info: [debug] [ADB] Getting install status for io.appium.settings
2017-05-27 11:05:51:388 - info: [debug] [ADB] Getting connected devices...
2017-05-27 11:05:51:419 - info: [debug] [ADB] 1 device(s) connected
2017-05-27 11:05:51:419 - info: [debug] [ADB] Running 'D:\SoftWare\SDK\platform-tools\adb.exe' with args: ["-P",5037,"-s","022TAS7N51009853","shell","pm","list","packages","io.appium.settings"]
2017-05-27 11:05:52:264 - info: [debug] [ADB] App is installed
2017-05-27 11:05:52:264 - info: [debug] [ADB] Getting package info for io.appium.settings
2017-05-27 11:05:52:264 - info: [debug] [ADB] Getting connected devices...
2017-05-27 11:05:52:295 - info: [ADB] Checking whether aapt is present
2017-05-27 11:05:52:295 - info: [ADB] Using aapt.exe from D:\SoftWare\SDK\build-tools\24.0.3\aapt.exe
2017-05-27 11:05:52:342 - info: [debug] [ADB] 1 device(s) connected
2017-05-27 11:05:52:342 - info: [debug] [ADB] Running 'D:\SoftWare\SDK\platform-tools\adb.exe' with args: ["-P",5037,"-s","022TAS7N51009853","shell","dumpsys","package","io.appium.settings"]
2017-05-27 11:05:52:373 - warn: [ADB] Cannot read version codes of D:\MyProgram\nodejs\node_modules\appium\node_modules\io.appium.settings\app\build\outputs\apk\settings_apk-debug.apk and/or io.appium.settings. Assuming correct app version is already installed
2017-05-27 11:05:52:373 - info: [debug] [ADB] Getting connected devices...
2017-05-27 11:05:52:420 - info: [debug] [ADB] 1 device(s) connected
2017-05-27 11:05:52:435 - info: [debug] [ADB] Running 'D:\SoftWare\SDK\platform-tools\adb.exe' with args: ["-P",5037,"-s","022TAS7N51009853","shell","getprop","ro.build.version.sdk"]
2017-05-27 11:05:52:482 - info: [debug] [ADB] Device API level: 19
2017-05-27 11:05:52:482 - info: [debug] [ADB] Getting connected devices...
2017-05-27 11:05:52:513 - info: [debug] [ADB] 1 device(s) connected
2017-05-27 11:05:52:513 - info: [debug] [ADB] Running 'D:\SoftWare\SDK\platform-tools\adb.exe' with args: ["-P",5037,"-s","022TAS7N51009853","shell","dumpsys","package","io.appium.settings"]
2017-05-27 11:05:52:591 - info: [debug] [AndroidDriver] Pushing unlock helper app to device...
2017-05-27 11:05:52:591 - info: [debug] [ADB] Running 'D:\SoftWare\SDK\platform-tools\adb.exe' with args: ["-P",5037,"-s","022TAS7N51009853","install","D:\\MyProgram\\nodejs\\node_modules\\appium\\node_modules\\appium-unlock\\bin\\unlock_apk-debug.apk"]
2017-05-27 11:05:53:623 - info: [debug] [ADB] Device API level: 19
2017-05-27 11:05:53:623 - info: [debug] [ADB] Getting connected devices...
2017-05-27 11:05:53:654 - info: [debug] [ADB] 1 device(s) connected
2017-05-27 11:05:53:654 - info: [debug] [ADB] Running 'D:\SoftWare\SDK\platform-tools\adb.exe' with args: ["-P",5037,"-s","022TAS7N51009853","shell","settings","put","secure","mock_location","1"]
2017-05-27 11:05:54:481 - info: [ADB] Getting device platform version
2017-05-27 11:05:54:481 - info: [debug] [ADB] Getting connected devices...
2017-05-27 11:05:54:512 - info: [debug] [ADB] 1 device(s) connected
2017-05-27 11:05:54:512 - info: [debug] [ADB] Running 'D:\SoftWare\SDK\platform-tools\adb.exe' with args: ["-P",5037,"-s","022TAS7N51009853","shell","getprop","ro.build.version.release"]
2017-05-27 11:05:54:559 - info: [debug] [ADB] Getting connected devices...
2017-05-27 11:05:54:590 - info: [debug] [ADB] 1 device(s) connected
2017-05-27 11:05:54:590 - info: [debug] [ADB] Running 'D:\SoftWare\SDK\platform-tools\adb.exe' with args: ["-P",5037,"-s","022TAS7N51009853","shell","wm","size"]
2017-05-27 11:05:55:635 - info: [debug] [ADB] Getting connected devices...
2017-05-27 11:05:55:667 - info: [debug] [ADB] 1 device(s) connected
2017-05-27 11:05:55:667 - info: [debug] [ADB] Running 'D:\SoftWare\SDK\platform-tools\adb.exe' with args: ["-P",5037,"-s","022TAS7N51009853","shell","getprop","ro.product.model"]
2017-05-27 11:05:55:713 - info: [debug] [ADB] Current device property 'ro.product.model': HUAWEI P6 S-U06
2017-05-27 11:05:55:713 - info: [debug] [ADB] Getting connected devices...
2017-05-27 11:05:55:729 - info: [debug] [ADB] 1 device(s) connected
2017-05-27 11:05:55:729 - info: [debug] [ADB] Running 'D:\SoftWare\SDK\platform-tools\adb.exe' with args: ["-P",5037,"-s","022TAS7N51009853","shell","getprop","ro.product.manufacturer"]
2017-05-27 11:05:55:791 - info: [debug] [ADB] Current device property 'ro.product.manufacturer': HUAWEI
2017-05-27 11:05:55:916 - info: [AndroidDriver] Remote apk path is /data/local/tmp/42e2f15827830994ee5f75a4ff734348.apk
2017-05-27 11:05:55:932 - info: [debug] [ADB] Getting connected devices...
2017-05-27 11:05:55:947 - info: [debug] [ADB] 1 device(s) connected
2017-05-27 11:05:55:947 - info: [debug] [ADB] Running 'D:\SoftWare\SDK\platform-tools\adb.exe' with args: ["-P",5037,"-s","022TAS7N51009853","shell","ls","/data/local/tmp/42e2f15827830994ee5f75a4ff734348.apk"]
2017-05-27 11:05:56:010 - info: [debug] [AndroidDriver] Checking if app is installed
2017-05-27 11:05:56:010 - info: [debug] [ADB] Getting install status for com.play.android
2017-05-27 11:05:56:010 - info: [debug] [ADB] Getting connected devices...
2017-05-27 11:05:56:025 - info: [debug] [ADB] 1 device(s) connected
2017-05-27 11:05:56:025 - info: [debug] [ADB] Running 'D:\SoftWare\SDK\platform-tools\adb.exe' with args: ["-P",5037,"-s","022TAS7N51009853","shell","pm","list","packages","com.play.android"]
2017-05-27 11:05:57:133 - info: [debug] [ADB] App is installed
2017-05-27 11:05:57:133 - info: [AndroidDriver] Apk is already on remote and installed, resetting
2017-05-27 11:05:57:133 - info: [debug] [AndroidDriver] Running fast reset (stop and clear)
2017-05-27 11:05:57:133 - info: [debug] [ADB] Getting connected devices...
2017-05-27 11:05:57:149 - info: [debug] [ADB] 1 device(s) connected
2017-05-27 11:05:57:149 - info: [debug] [ADB] Running 'D:\SoftWare\SDK\platform-tools\adb.exe' with args: ["-P",5037,"-s","022TAS7N51009853","shell","am","force-stop","com.play.android"]
2017-05-27 11:05:58:147 - info: [debug] [ADB] Getting connected devices...
2017-05-27 11:05:58:178 - info: [debug] [ADB] 1 device(s) connected
2017-05-27 11:05:58:178 - info: [debug] [ADB] Running 'D:\SoftWare\SDK\platform-tools\adb.exe' with args: ["-P",5037,"-s","022TAS7N51009853","shell","pm","clear","com.play.android"]
2017-05-27 11:05:59:021 - info: [debug] [AndroidDriver] Extracting strings from apk D:\workSpace\EclipseProjects\AppiumForEclipse\apps\play.apk null C:\Users\Administrator\.babun\cygwin\tmp\com.play.android
2017-05-27 11:05:59:021 - info: [debug] [ADB] Extracting strings for language: default
2017-05-27 11:05:59:021 - info: [debug] [ADB] Device API level: 19
2017-05-27 11:05:59:021 - info: [debug] [ADB] Getting connected devices...
2017-05-27 11:05:59:036 - info: [debug] [ADB] 1 device(s) connected
2017-05-27 11:05:59:036 - info: [debug] [ADB] Running 'D:\SoftWare\SDK\platform-tools\adb.exe' with args: ["-P",5037,"-s","022TAS7N51009853","shell","getprop","persist.sys.language"]
2017-05-27 11:05:59:083 - info: [debug] [ADB] Current device property 'persist.sys.language': zh
2017-05-27 11:06:00:386 - info: [debug] [ADB] Reading strings from converted strings.json
2017-05-27 11:06:00:386 - info: [debug] [ADB] Running 'D:\SoftWare\SDK\platform-tools\adb.exe' with args: ["-P",5037,"-s","022TAS7N51009853","push","C:\\Users\\Administrator\\.babun\\cygwin\\tmp\\com.play.android\\strings.json","/data/local/tmp"]
2017-05-27 11:06:00:432 - info: [debug] [AndroidBootstrap] Watching for bootstrap disconnect
2017-05-27 11:06:00:432 - info: [debug] [ADB] Forwarding system: 4724 to device: 4724
2017-05-27 11:06:00:432 - info: [debug] [ADB] Running 'D:\SoftWare\SDK\platform-tools\adb.exe' with args: ["-P",5037,"-s","022TAS7N51009853","forward","tcp:4724","tcp:4724"]
2017-05-27 11:06:00:448 - info: [debug] [UiAutomator] Starting UiAutomator
2017-05-27 11:06:00:448 - info: [debug] [UiAutomator] Moving to state 'starting'
2017-05-27 11:06:00:448 - info: [debug] [UiAutomator] Parsing uiautomator jar
2017-05-27 11:06:00:448 - info: [debug] [UiAutomator] Found jar name: 'AppiumBootstrap.jar'
2017-05-27 11:06:00:448 - info: [debug] [ADB] Running 'D:\SoftWare\SDK\platform-tools\adb.exe' with args: ["-P",5037,"-s","022TAS7N51009853","push","D:\\MyProgram\\nodejs\\node_modules\\appium\\node_modules\\appium-android-bootstrap\\bootstrap\\bin\\AppiumBootstrap.jar","/data/local/tmp/"]
2017-05-27 11:06:00:495 - info: [debug] [ADB] Attempting to kill all uiautomator processes
2017-05-27 11:06:00:495 - info: [debug] [ADB] Getting all processes with uiautomator
2017-05-27 11:06:00:495 - info: [debug] [ADB] Getting connected devices...
2017-05-27 11:06:00:510 - info: [debug] [ADB] 1 device(s) connected
2017-05-27 11:06:00:510 - info: [debug] [ADB] Running 'D:\SoftWare\SDK\platform-tools\adb.exe' with args: ["-P",5037,"-s","022TAS7N51009853","shell","ps"]
2017-05-27 11:06:00:620 - info: [ADB] No uiautomator process found to kill, continuing...
2017-05-27 11:06:00:620 - info: [debug] [UiAutomator] Starting UIAutomator
2017-05-27 11:06:00:620 - info: [debug] [ADB] Creating ADB subprocess with args: ["-P",5037,"-s","022TAS7N51009853","shell","uiautomator","runtest","AppiumBootstrap.jar","-c","io.appium.android.bootstrap.Bootstrap","-e","pkg","com.play.android","-e","disableAndroidWatchers",false,"-e","acceptSslCerts",false]
2017-05-27 11:06:01:478 - info: [debug] [UiAutomator] Moving to state 'online'
2017-05-27 11:06:01:478 - info: [AndroidBootstrap] Android bootstrap socket is now connected
2017-05-27 11:06:01:478 - info: [debug] [ADB] Getting connected devices...
2017-05-27 11:06:01:509 - info: [AndroidBootstrap] [BOOTSTRAP LOG] [debug] json loading complete.
2017-05-27 11:06:01:509 - info: [debug] [ADB] 1 device(s) connected
2017-05-27 11:06:01:509 - info: [debug] [ADB] Running 'D:\SoftWare\SDK\platform-tools\adb.exe' with args: ["-P",5037,"-s","022TAS7N51009853","shell","dumpsys","window"]
2017-05-27 11:06:01:524 - info: [AndroidBootstrap] [BOOTSTRAP LOG] [debug] Registered crash watchers.
2017-05-27 11:06:01:524 - info: [AndroidBootstrap] [BOOTSTRAP LOG] [debug] Client connected
2017-05-27 11:06:01:571 - info: [AndroidDriver] Screen already unlocked, doing nothing
2017-05-27 11:06:01:571 - info: [debug] [ADB] Device API level: 19
2017-05-27 11:06:01:587 - info: [debug] [ADB] Getting connected devices...
2017-05-27 11:06:01:602 - info: [debug] [ADB] 1 device(s) connected
2017-05-27 11:06:01:602 - info: [debug] [ADB] Running 'D:\SoftWare\SDK\platform-tools\adb.exe' with args: ["-P",5037,"-s","022TAS7N51009853","shell","am","start","-W","-n","com.play.android/com.play.android.activity.SplashActivity","-S","-a","android.intent.action.MAIN","-c","android.intent.category.LAUNCHER","-f","0x10200000"]
2017-05-27 11:06:10:266 - info: [Appium] New AndroidDriver session created successfully, session 90bd517c-3c0a-4712-a119-3d5ea2423cfc added to master session list
2017-05-27 11:06:10:266 - info: [debug] [BaseDriver] Event 'newSessionStarted' logged at 1495883170266 (20:06:10 GMT+0900 (中国标准时间))
2017-05-27 11:06:10:266 - info: [debug] [MJSONWP] Responding to client with driver.createSession() result: {"platform":"LINUX","webStorageEnabled":false,"takesScreenshot":true,"javascriptEnabled":true,"databaseEnabled":false,"networkConnectionEnabled":true,"locationContextEnabled":false,"warnings":{},"desired":{"appPackage":"com.play.android","appActivity":"com.play.android.activity.SplashActivity","app":"D:\\workSpace\\EclipseProjects\\AppiumForEclipse\\apps\\play.apk","noSign":true,"unicodeKeyboard":true,"platformName":"Android","deviceName":"022TAS7N51009853","resetKeyboard":true},"appPackage":"com.play.android","appActivity":"com.play.android.activity.SplashActivity","app":"D:\\workSpace\\EclipseProjects\\AppiumForEclipse\\apps\\play.apk","noSign":true,"unicodeKeyboard":true,"platformName":"Android","deviceName":"022TAS7N51009853","resetKeyboard":true,"deviceUDID":"022TAS7N51009853","platformVersion":"4.4.2","deviceScreenSize":"720x1280","deviceModel":"HUAWEI P6 S-U06","deviceManufacturer":"HUAWEI"}
2017-05-27 11:06:10:266 - info: [HTTP] <-- POST /wd/hub/session 200 22836 ms - 983 
2017-05-27 11:06:12:089 - info: [HTTP] --> POST /wd/hub/session/90bd517c-3c0a-4712-a119-3d5ea2423cfc/timeouts {"type":"implicit","ms":20000}
2017-05-27 11:06:12:089 - info: [debug] [MJSONWP] Calling AppiumDriver.timeouts() with args: ["implicit",20000,"90bd517c-3c0a-4712-a119-3d5ea2423cfc"]
2017-05-27 11:06:12:089 - info: [debug] [BaseDriver] Set implicit wait to 20000ms
2017-05-27 11:06:12:089 - info: [debug] [MJSONWP] Responding to client with driver.timeouts() result: null
2017-05-27 11:06:12:089 - info: [HTTP] <-- POST /wd/hub/session/90bd517c-3c0a-4712-a119-3d5ea2423cfc/timeouts 200 6 ms - 76 
2017-05-27 11:06:12:370 - info: [HTTP] --> POST /wd/hub/session/90bd517c-3c0a-4712-a119-3d5ea2423cfc/timeouts {"type":"implicit","ms":0}
2017-05-27 11:06:12:370 - info: [debug] [MJSONWP] Calling AppiumDriver.timeouts() with args: ["implicit",0,"90bd517c-3c0a-4712-a119-3d5ea2423cfc"]
2017-05-27 11:06:12:370 - info: [debug] [BaseDriver] Set implicit wait to 0ms
2017-05-27 11:06:12:370 - info: [debug] [MJSONWP] Responding to client with driver.timeouts() result: null
2017-05-27 11:06:12:370 - info: [HTTP] <-- POST /wd/hub/session/90bd517c-3c0a-4712-a119-3d5ea2423cfc/timeouts 200 4 ms - 76 
2017-05-27 11:06:12:449 - info: [HTTP] --> GET /wd/hub/session/90bd517c-3c0a-4712-a119-3d5ea2423cfc/context {}
2017-05-27 11:06:12:449 - info: [debug] [MJSONWP] Calling AppiumDriver.getCurrentContext() with args: ["90bd517c-3c0a-4712-a119-3d5ea2423cfc"]
2017-05-27 11:06:12:449 - info: [debug] [MJSONWP] Responding to client with driver.getCurrentContext() result: "NATIVE_APP"
2017-05-27 11:06:12:449 - info: [HTTP] <-- GET /wd/hub/session/90bd517c-3c0a-4712-a119-3d5ea2423cfc/context 200 5 ms - 84 
2017-05-27 11:06:12:465 - info: [HTTP] --> POST /wd/hub/session/90bd517c-3c0a-4712-a119-3d5ea2423cfc/elements {"using":"id","value":"com.play.android:id/btn_profile"}
2017-05-27 11:06:12:465 - info: [debug] [MJSONWP] Calling AppiumDriver.findElements() with args: ["id","com.play.android:id/btn_profile","90bd517c-3c0a-4712-a119-3d5ea2423cfc"]
2017-05-27 11:06:12:465 - info: [debug] [BaseDriver] Valid locator strategies for this request: xpath, id, class name, accessibility id, -android uiautomator
2017-05-27 11:06:12:465 - info: [debug] [BaseDriver] Valid locator strategies for this request: xpath, id, class name, accessibility id, -android uiautomator
2017-05-27 11:06:12:465 - info: [debug] [BaseDriver] Waiting up to 0 ms for condition
2017-05-27 11:06:12:465 - info: [debug] [AndroidBootstrap] Sending command to android: {"cmd":"action","action":"find","params":{"strategy":"id","selector":"com.play.android:id/btn_profile","context":"","multiple":true}}
2017-05-27 11:06:12:481 - info: [AndroidBootstrap] [BOOTSTRAP LOG] [debug] Got data from client: {"cmd":"action","action":"find","params":{"strategy":"id","selector":"com.play.android:id/btn_profile","context":"","multiple":true}}
2017-05-27 11:06:12:481 - info: [AndroidBootstrap] [BOOTSTRAP LOG] [debug] Got command of type ACTION
2017-05-27 11:06:12:481 - info: [AndroidBootstrap] [BOOTSTRAP LOG] [debug] Got command action: find
2017-05-27 11:06:12:481 - info: [AndroidBootstrap] [BOOTSTRAP LOG] [debug] Finding 'com.play.android:id/btn_profile' using 'ID' with the contextId: '' multiple: true
2017-05-27 11:06:12:481 - info: [AndroidBootstrap] [BOOTSTRAP LOG] [debug] Using: UiSelector[RESOURCE_ID=com.play.android:id/btn_profile]
2017-05-27 11:06:12:481 - info: [AndroidBootstrap] [BOOTSTRAP LOG] [debug] getElements selector:UiSelector[RESOURCE_ID=com.play.android:id/btn_profile]
2017-05-27 11:06:12:481 - info: [AndroidBootstrap] [BOOTSTRAP LOG] [debug] Element[] is null: (0)
2017-05-27 11:06:12:481 - info: [AndroidBootstrap] [BOOTSTRAP LOG] [debug] getElements tmp selector:UiSelector[INSTANCE=0, RESOURCE_ID=com.play.android:id/btn_profile]
2017-05-27 11:06:12:917 - info: [AndroidBootstrap] [BOOTSTRAP LOG] [debug] Element[] is null: (1)
2017-05-27 11:06:12:933 - info: [AndroidBootstrap] [BOOTSTRAP LOG] [debug] getElements tmp selector:UiSelector[INSTANCE=1, RESOURCE_ID=com.play.android:id/btn_profile]
2017-05-27 11:06:13:214 - info: [AndroidBootstrap] [BOOTSTRAP LOG] [debug] Returning result: {"value":[{"ELEMENT":"1"}],"status":0}
2017-05-27 11:06:13:214 - info: [debug] [AndroidBootstrap] Received command result from bootstrap
2017-05-27 11:06:13:229 - info: [debug] [MJSONWP] Responding to client with driver.findElements() result: [{"ELEMENT":"1"}]
2017-05-27 11:06:13:229 - info: [HTTP] <-- POST /wd/hub/session/90bd517c-3c0a-4712-a119-3d5ea2423cfc/elements 200 766 ms - 89 
2017-05-27 11:06:13:479 - info: [HTTP] --> POST /wd/hub/session/90bd517c-3c0a-4712-a119-3d5ea2423cfc/timeouts {"type":"implicit","ms":5000}
2017-05-27 11:06:13:479 - info: [debug] [MJSONWP] Calling AppiumDriver.timeouts() with args: ["implicit",5000,"90bd517c-3c0a-4712-a119-3d5ea2423cfc"]
2017-05-27 11:06:13:479 - info: [debug] [BaseDriver] Set implicit wait to 5000ms
2017-05-27 11:06:13:479 - info: [debug] [MJSONWP] Responding to client with driver.timeouts() result: null
2017-05-27 11:06:13:479 - info: [HTTP] <-- POST /wd/hub/session/90bd517c-3c0a-4712-a119-3d5ea2423cfc/timeouts 200 4 ms - 76 
2017-05-27 11:06:13:526 - info: [HTTP] --> POST /wd/hub/session/90bd517c-3c0a-4712-a119-3d5ea2423cfc/element/1/click {"id":"1"}
2017-05-27 11:06:13:526 - info: [debug] [MJSONWP] Calling AppiumDriver.click() with args: ["1","90bd517c-3c0a-4712-a119-3d5ea2423cfc"]
2017-05-27 11:06:13:526 - info: [debug] [AndroidBootstrap] Sending command to android: {"cmd":"action","action":"element:click","params":{"elementId":"1"}}
2017-05-27 11:06:13:526 - info: [AndroidBootstrap] [BOOTSTRAP LOG] [debug] Got data from client: {"cmd":"action","action":"element:click","params":{"elementId":"1"}}
2017-05-27 11:06:13:526 - info: [AndroidBootstrap] [BOOTSTRAP LOG] [debug] Got command of type ACTION
2017-05-27 11:06:13:526 - info: [AndroidBootstrap] [BOOTSTRAP LOG] [debug] Got command action: click
2017-05-27 11:06:14:243 - info: [AndroidBootstrap] [BOOTSTRAP LOG] [debug] Returning result: {"value":true,"status":0}
2017-05-27 11:06:14:243 - info: [debug] [AndroidBootstrap] Received command result from bootstrap
2017-05-27 11:06:14:243 - info: [debug] [MJSONWP] Responding to client with driver.click() result: true
2017-05-27 11:06:14:243 - info: [HTTP] <-- POST /wd/hub/session/90bd517c-3c0a-4712-a119-3d5ea2423cfc/element/1/click 200 729 ms - 76 
2017-05-27 11:06:14:275 - info: [HTTP] --> GET /wd/hub/session/90bd517c-3c0a-4712-a119-3d5ea2423cfc/appium/device/current_activity {}
2017-05-27 11:06:14:275 - info: [debug] [MJSONWP] Calling AppiumDriver.getCurrentActivity() with args: ["90bd517c-3c0a-4712-a119-3d5ea2423cfc"]
2017-05-27 11:06:14:275 - info: [debug] [ADB] Getting focused package and activity
2017-05-27 11:06:14:275 - info: [debug] [ADB] Getting connected devices...
2017-05-27 11:06:14:306 - info: [debug] [ADB] 1 device(s) connected
2017-05-27 11:06:14:306 - info: [debug] [ADB] Running 'D:\SoftWare\SDK\platform-tools\adb.exe' with args: ["-P",5037,"-s","022TAS7N51009853","shell","dumpsys","window","windows"]
2017-05-27 11:06:14:415 - info: [debug] [MJSONWP] Responding to client with driver.getCurrentActivity() result: ".activity.member.LoginActivity"
2017-05-27 11:06:14:415 - info: [HTTP] <-- GET /wd/hub/session/90bd517c-3c0a-4712-a119-3d5ea2423cfc/appium/device/current_activity 200 137 ms - 104 
2017-05-27 11:06:14:477 - info: [HTTP] --> POST /wd/hub/session/90bd517c-3c0a-4712-a119-3d5ea2423cfc/timeouts {"type":"implicit","ms":0}
2017-05-27 11:06:14:477 - info: [debug] [MJSONWP] Calling AppiumDriver.timeouts() with args: ["implicit",0,"90bd517c-3c0a-4712-a119-3d5ea2423cfc"]
2017-05-27 11:06:14:477 - info: [debug] [BaseDriver] Set implicit wait to 0ms
2017-05-27 11:06:14:477 - info: [debug] [MJSONWP] Responding to client with driver.timeouts() result: null
2017-05-27 11:06:14:477 - info: [HTTP] <-- POST /wd/hub/session/90bd517c-3c0a-4712-a119-3d5ea2423cfc/timeouts 200 3 ms - 76 
2017-05-27 11:06:14:493 - info: [HTTP] --> GET /wd/hub/session/90bd517c-3c0a-4712-a119-3d5ea2423cfc/context {}
2017-05-27 11:06:14:493 - info: [debug] [MJSONWP] Calling AppiumDriver.getCurrentContext() with args: ["90bd517c-3c0a-4712-a119-3d5ea2423cfc"]
2017-05-27 11:06:14:493 - info: [debug] [MJSONWP] Responding to client with driver.getCurrentContext() result: "NATIVE_APP"
2017-05-27 11:06:14:493 - info: [HTTP] <-- GET /wd/hub/session/90bd517c-3c0a-4712-a119-3d5ea2423cfc/context 200 5 ms - 84 
2017-05-27 11:06:14:509 - info: [HTTP] --> POST /wd/hub/session/90bd517c-3c0a-4712-a119-3d5ea2423cfc/elements {"using":"id","value":"com.play.android:id/tv_account"}
2017-05-27 11:06:14:509 - info: [debug] [MJSONWP] Calling AppiumDriver.findElements() with args: ["id","com.play.android:id/tv_account","90bd517c-3c0a-4712-a119-3d5ea2423cfc"]
2017-05-27 11:06:14:509 - info: [debug] [BaseDriver] Valid locator strategies for this request: xpath, id, class name, accessibility id, -android uiautomator
2017-05-27 11:06:14:509 - info: [debug] [BaseDriver] Valid locator strategies for this request: xpath, id, class name, accessibility id, -android uiautomator
2017-05-27 11:06:14:509 - info: [debug] [BaseDriver] Waiting up to 0 ms for condition
2017-05-27 11:06:14:509 - info: [debug] [AndroidBootstrap] Sending command to android: {"cmd":"action","action":"find","params":{"strategy":"id","selector":"com.play.android:id/tv_account","context":"","multiple":true}}
2017-05-27 11:06:14:524 - info: [AndroidBootstrap] [BOOTSTRAP LOG] [debug] Got data from client: {"cmd":"action","action":"find","params":{"strategy":"id","selector":"com.play.android:id/tv_account","context":"","multiple":true}}
2017-05-27 11:06:14:524 - info: [AndroidBootstrap] [BOOTSTRAP LOG] [debug] Got command of type ACTION
2017-05-27 11:06:14:524 - info: [AndroidBootstrap] [BOOTSTRAP LOG] [debug] Got command action: find
2017-05-27 11:06:14:524 - info: [AndroidBootstrap] [BOOTSTRAP LOG] [debug] Finding 'com.play.android:id/tv_account' using 'ID' with the contextId: '' multiple: true
2017-05-27 11:06:14:524 - info: [AndroidBootstrap] [BOOTSTRAP LOG] [debug] Using: UiSelector[RESOURCE_ID=com.play.android:id/tv_account]
2017-05-27 11:06:14:524 - info: [AndroidBootstrap] [BOOTSTRAP LOG] [debug] getElements selector:UiSelector[RESOURCE_ID=com.play.android:id/tv_account]
2017-05-27 11:06:14:524 - info: [AndroidBootstrap] [BOOTSTRAP LOG] [debug] Element[] is null: (0)
2017-05-27 11:06:14:524 - info: [AndroidBootstrap] [BOOTSTRAP LOG] [debug] getElements tmp selector:UiSelector[INSTANCE=0, RESOURCE_ID=com.play.android:id/tv_account]
2017-05-27 11:06:14:836 - info: [AndroidBootstrap] [BOOTSTRAP LOG] [debug] Element[] is null: (1)
2017-05-27 11:06:14:836 - info: [AndroidBootstrap] [BOOTSTRAP LOG] [debug] getElements tmp selector:UiSelector[INSTANCE=1, RESOURCE_ID=com.play.android:id/tv_account]
2017-05-27 11:06:15:335 - info: [AndroidBootstrap] [BOOTSTRAP LOG] [debug] Returning result: {"value":[{"ELEMENT":"2"}],"status":0}
2017-05-27 11:06:15:335 - info: [debug] [AndroidBootstrap] Received command result from bootstrap
2017-05-27 11:06:15:335 - info: [debug] [MJSONWP] Responding to client with driver.findElements() result: [{"ELEMENT":"2"}]
2017-05-27 11:06:15:351 - info: [HTTP] <-- POST /wd/hub/session/90bd517c-3c0a-4712-a119-3d5ea2423cfc/elements 200 839 ms - 89 
2017-05-27 11:06:15:460 - info: [HTTP] --> POST /wd/hub/session/90bd517c-3c0a-4712-a119-3d5ea2423cfc/timeouts {"type":"implicit","ms":5000}
2017-05-27 11:06:15:460 - info: [debug] [MJSONWP] Calling AppiumDriver.timeouts() with args: ["implicit",5000,"90bd517c-3c0a-4712-a119-3d5ea2423cfc"]
2017-05-27 11:06:15:460 - info: [debug] [BaseDriver] Set implicit wait to 5000ms
2017-05-27 11:06:15:460 - info: [debug] [MJSONWP] Responding to client with driver.timeouts() result: null
2017-05-27 11:06:15:460 - info: [HTTP] <-- POST /wd/hub/session/90bd517c-3c0a-4712-a119-3d5ea2423cfc/timeouts 200 2 ms - 76 
2017-05-27 11:06:15:476 - info: [HTTP] --> POST /wd/hub/session/90bd517c-3c0a-4712-a119-3d5ea2423cfc/element/2/click {"id":"2"}
2017-05-27 11:06:15:476 - info: [debug] [MJSONWP] Calling AppiumDriver.click() with args: ["2","90bd517c-3c0a-4712-a119-3d5ea2423cfc"]
2017-05-27 11:06:15:476 - info: [debug] [AndroidBootstrap] Sending command to android: {"cmd":"action","action":"element:click","params":{"elementId":"2"}}
2017-05-27 11:06:15:476 - info: [AndroidBootstrap] [BOOTSTRAP LOG] [debug] Got data from client: {"cmd":"action","action":"element:click","params":{"elementId":"2"}}
2017-05-27 11:06:15:476 - info: [AndroidBootstrap] [BOOTSTRAP LOG] [debug] Got command of type ACTION
2017-05-27 11:06:15:476 - info: [AndroidBootstrap] [BOOTSTRAP LOG] [debug] Got command action: click
2017-05-27 11:06:15:663 - info: [AndroidBootstrap] [BOOTSTRAP LOG] [debug] Returning result: {"value":true,"status":0}
2017-05-27 11:06:15:663 - info: [debug] [AndroidBootstrap] Received command result from bootstrap
2017-05-27 11:06:15:663 - info: [debug] [MJSONWP] Responding to client with driver.click() result: true
2017-05-27 11:06:15:663 - info: [HTTP] <-- POST /wd/hub/session/90bd517c-3c0a-4712-a119-3d5ea2423cfc/element/2/click 200 189 ms - 76 
2017-05-27 11:06:15:694 - info: [HTTP] --> POST /wd/hub/session/90bd517c-3c0a-4712-a119-3d5ea2423cfc/timeouts {"type":"implicit","ms":0}
2017-05-27 11:06:15:694 - info: [debug] [MJSONWP] Calling AppiumDriver.timeouts() with args: ["implicit",0,"90bd517c-3c0a-4712-a119-3d5ea2423cfc"]
2017-05-27 11:06:15:694 - info: [debug] [BaseDriver] Set implicit wait to 0ms
2017-05-27 11:06:15:694 - info: [debug] [MJSONWP] Responding to client with driver.timeouts() result: null
2017-05-27 11:06:15:694 - info: [HTTP] <-- POST /wd/hub/session/90bd517c-3c0a-4712-a119-3d5ea2423cfc/timeouts 200 3 ms - 76 
2017-05-27 11:06:15:710 - info: [HTTP] --> GET /wd/hub/session/90bd517c-3c0a-4712-a119-3d5ea2423cfc/context {}
2017-05-27 11:06:15:710 - info: [debug] [MJSONWP] Calling AppiumDriver.getCurrentContext() with args: ["90bd517c-3c0a-4712-a119-3d5ea2423cfc"]
2017-05-27 11:06:15:710 - info: [debug] [MJSONWP] Responding to client with driver.getCurrentContext() result: "NATIVE_APP"
2017-05-27 11:06:15:710 - info: [HTTP] <-- GET /wd/hub/session/90bd517c-3c0a-4712-a119-3d5ea2423cfc/context 200 2 ms - 84 
2017-05-27 11:06:15:725 - info: [HTTP] --> POST /wd/hub/session/90bd517c-3c0a-4712-a119-3d5ea2423cfc/elements {"using":"id","value":"com.play.android:id/et_account"}
2017-05-27 11:06:15:725 - info: [debug] [MJSONWP] Calling AppiumDriver.findElements() with args: ["id","com.play.android:id/et_account","90bd517c-3c0a-4712-a119-3d5ea2423cfc"]
2017-05-27 11:06:15:725 - info: [debug] [BaseDriver] Valid locator strategies for this request: xpath, id, class name, accessibility id, -android uiautomator
2017-05-27 11:06:15:725 - info: [debug] [BaseDriver] Valid locator strategies for this request: xpath, id, class name, accessibility id, -android uiautomator
2017-05-27 11:06:15:725 - info: [debug] [BaseDriver] Waiting up to 0 ms for condition
2017-05-27 11:06:15:725 - info: [debug] [AndroidBootstrap] Sending command to android: {"cmd":"action","action":"find","params":{"strategy":"id","selector":"com.play.android:id/et_account","context":"","multiple":true}}
2017-05-27 11:06:15:725 - info: [AndroidBootstrap] [BOOTSTRAP LOG] [debug] Got data from client: {"cmd":"action","action":"find","params":{"strategy":"id","selector":"com.play.android:id/et_account","context":"","multiple":true}}
2017-05-27 11:06:15:725 - info: [AndroidBootstrap] [BOOTSTRAP LOG] [debug] Got command of type ACTION
2017-05-27 11:06:15:725 - info: [AndroidBootstrap] [BOOTSTRAP LOG] [debug] Got command action: find
2017-05-27 11:06:15:725 - info: [AndroidBootstrap] [BOOTSTRAP LOG] [debug] Finding 'com.play.android:id/et_account' using 'ID' with the contextId: '' multiple: true
2017-05-27 11:06:15:725 - info: [AndroidBootstrap] [BOOTSTRAP LOG] [debug] Using: UiSelector[RESOURCE_ID=com.play.android:id/et_account]
2017-05-27 11:06:15:725 - info: [AndroidBootstrap] [BOOTSTRAP LOG] [debug] getElements selector:UiSelector[RESOURCE_ID=com.play.android:id/et_account]
2017-05-27 11:06:15:725 - info: [AndroidBootstrap] [BOOTSTRAP LOG] [debug] Element[] is null: (0)
2017-05-27 11:06:15:725 - info: [AndroidBootstrap] [BOOTSTRAP LOG] [debug] getElements tmp selector:UiSelector[INSTANCE=0, RESOURCE_ID=com.play.android:id/et_account]
2017-05-27 11:06:16:349 - info: [AndroidBootstrap] [BOOTSTRAP LOG] [debug] Element[] is null: (1)
2017-05-27 11:06:16:349 - info: [AndroidBootstrap] [BOOTSTRAP LOG] [debug] getElements tmp selector:UiSelector[INSTANCE=1, RESOURCE_ID=com.play.android:id/et_account]
2017-05-27 11:06:17:009 - info: [AndroidBootstrap] [BOOTSTRAP LOG] [debug] Returning result: {"value":[{"ELEMENT":"3"}],"status":0}
2017-05-27 11:06:17:009 - info: [debug] [AndroidBootstrap] Received command result from bootstrap
2017-05-27 11:06:17:009 - info: [debug] [MJSONWP] Responding to client with driver.findElements() result: [{"ELEMENT":"3"}]
2017-05-27 11:06:17:009 - info: [HTTP] <-- POST /wd/hub/session/90bd517c-3c0a-4712-a119-3d5ea2423cfc/elements 200 1296 ms - 89 
2017-05-27 11:06:17:149 - info: [HTTP] --> POST /wd/hub/session/90bd517c-3c0a-4712-a119-3d5ea2423cfc/timeouts {"type":"implicit","ms":5000}
2017-05-27 11:06:17:149 - info: [debug] [MJSONWP] Calling AppiumDriver.timeouts() with args: ["implicit",5000,"90bd517c-3c0a-4712-a119-3d5ea2423cfc"]
2017-05-27 11:06:17:149 - info: [debug] [BaseDriver] Set implicit wait to 5000ms
2017-05-27 11:06:17:149 - info: [debug] [MJSONWP] Responding to client with driver.timeouts() result: null
2017-05-27 11:06:17:149 - info: [HTTP] <-- POST /wd/hub/session/90bd517c-3c0a-4712-a119-3d5ea2423cfc/timeouts 200 3 ms - 76 
2017-05-27 11:06:17:165 - info: [HTTP] --> POST /wd/hub/session/90bd517c-3c0a-4712-a119-3d5ea2423cfc/element/3/value {"id":"3","value":["18521035133"]}
2017-05-27 11:06:17:165 - info: [debug] [MJSONWP] Calling AppiumDriver.setValue() with args: [["18521035133"],"3","90bd517c-3c0a-4712-a119-3d5ea2423cfc"]
2017-05-27 11:06:17:165 - info: [debug] [AndroidBootstrap] Sending command to android: {"cmd":"action","action":"element:setText","params":{"elementId":"3","text":"18521035133","replace":false,"unicodeKeyboard":true}}
2017-05-27 11:06:17:165 - info: [AndroidBootstrap] [BOOTSTRAP LOG] [debug] Got data from client: {"cmd":"action","action":"element:setText","params":{"elementId":"3","text":"18521035133","replace":false,"unicodeKeyboard":true}}
2017-05-27 11:06:17:165 - info: [AndroidBootstrap] [BOOTSTRAP LOG] [debug] Got command of type ACTION
2017-05-27 11:06:17:165 - info: [AndroidBootstrap] [BOOTSTRAP LOG] [debug] Got command action: setText
2017-05-27 11:06:17:165 - info: [AndroidBootstrap] [BOOTSTRAP LOG] [debug] Using element passed in: 3
2017-05-27 11:06:17:367 - info: [AndroidBootstrap] [BOOTSTRAP LOG] [debug] Attempting to clear using UiObject.clearText().
2017-05-27 11:06:20:911 - info: [AndroidBootstrap] [BOOTSTRAP LOG] [debug] Text remains after clearing, but it appears to be hint text.
2017-05-27 11:06:20:942 - info: [AndroidBootstrap] [BOOTSTRAP LOG] [debug] Text not cleared. Assuming remainder is hint text.
2017-05-27 11:06:20:942 - info: [AndroidBootstrap] [BOOTSTRAP LOG] [debug] Sending plain text to element: 18521035133
2017-05-27 11:06:23:658 - info: [AndroidBootstrap] [BOOTSTRAP LOG] [debug] Returning result: {"value":true,"status":0}
2017-05-27 11:06:23:658 - info: [debug] [AndroidBootstrap] Received command result from bootstrap
2017-05-27 11:06:23:658 - info: [debug] [MJSONWP] Responding to client with driver.setValue() result: true
2017-05-27 11:06:23:658 - info: [HTTP] <-- POST /wd/hub/session/90bd517c-3c0a-4712-a119-3d5ea2423cfc/element/3/value 200 6497 ms - 76 
2017-05-27 11:06:23:705 - info: [HTTP] --> POST /wd/hub/session/90bd517c-3c0a-4712-a119-3d5ea2423cfc/timeouts {"type":"implicit","ms":0}
2017-05-27 11:06:23:705 - info: [debug] [MJSONWP] Calling AppiumDriver.timeouts() with args: ["implicit",0,"90bd517c-3c0a-4712-a119-3d5ea2423cfc"]
2017-05-27 11:06:23:705 - info: [debug] [BaseDriver] Set implicit wait to 0ms
2017-05-27 11:06:23:705 - info: [debug] [MJSONWP] Responding to client with driver.timeouts() result: null
2017-05-27 11:06:23:705 - info: [HTTP] <-- POST /wd/hub/session/90bd517c-3c0a-4712-a119-3d5ea2423cfc/timeouts 200 10 ms - 76 
2017-05-27 11:06:23:736 - info: [HTTP] --> GET /wd/hub/session/90bd517c-3c0a-4712-a119-3d5ea2423cfc/context {}
2017-05-27 11:06:23:736 - info: [debug] [MJSONWP] Calling AppiumDriver.getCurrentContext() with args: ["90bd517c-3c0a-4712-a119-3d5ea2423cfc"]
2017-05-27 11:06:23:736 - info: [debug] [MJSONWP] Responding to client with driver.getCurrentContext() result: "NATIVE_APP"
2017-05-27 11:06:23:736 - info: [HTTP] <-- GET /wd/hub/session/90bd517c-3c0a-4712-a119-3d5ea2423cfc/context 200 2 ms - 84 
2017-05-27 11:06:23:752 - info: [HTTP] --> POST /wd/hub/session/90bd517c-3c0a-4712-a119-3d5ea2423cfc/elements {"using":"id","value":"com.play.android:id/et_password"}
2017-05-27 11:06:23:752 - info: [debug] [MJSONWP] Calling AppiumDriver.findElements() with args: ["id","com.play.android:id/et_password","90bd517c-3c0a-4712-a119-3d5ea2423cfc"]
2017-05-27 11:06:23:752 - info: [debug] [BaseDriver] Valid locator strategies for this request: xpath, id, class name, accessibility id, -android uiautomator
2017-05-27 11:06:23:752 - info: [debug] [BaseDriver] Valid locator strategies for this request: xpath, id, class name, accessibility id, -android uiautomator
2017-05-27 11:06:23:752 - info: [debug] [BaseDriver] Waiting up to 0 ms for condition
2017-05-27 11:06:23:752 - info: [debug] [AndroidBootstrap] Sending command to android: {"cmd":"action","action":"find","params":{"strategy":"id","selector":"com.play.android:id/et_password","context":"","multiple":true}}
2017-05-27 11:06:23:752 - info: [AndroidBootstrap] [BOOTSTRAP LOG] [debug] Got data from client: {"cmd":"action","action":"find","params":{"strategy":"id","selector":"com.play.android:id/et_password","context":"","multiple":true}}
2017-05-27 11:06:23:752 - info: [AndroidBootstrap] [BOOTSTRAP LOG] [debug] Got command of type ACTION
2017-05-27 11:06:23:752 - info: [AndroidBootstrap] [BOOTSTRAP LOG] [debug] Got command action: find
2017-05-27 11:06:23:752 - info: [AndroidBootstrap] [BOOTSTRAP LOG] [debug] Finding 'com.play.android:id/et_password' using 'ID' with the contextId: '' multiple: true
2017-05-27 11:06:23:752 - info: [AndroidBootstrap] [BOOTSTRAP LOG] [debug] Using: UiSelector[RESOURCE_ID=com.play.android:id/et_password]
2017-05-27 11:06:23:752 - info: [AndroidBootstrap] [BOOTSTRAP LOG] [debug] getElements selector:UiSelector[RESOURCE_ID=com.play.android:id/et_password]
2017-05-27 11:06:23:752 - info: [AndroidBootstrap] [BOOTSTRAP LOG] [debug] Element[] is null: (0)
2017-05-27 11:06:23:752 - info: [AndroidBootstrap] [BOOTSTRAP LOG] [debug] getElements tmp selector:UiSelector[INSTANCE=0, RESOURCE_ID=com.play.android:id/et_password]
2017-05-27 11:06:24:173 - info: [AndroidBootstrap] [BOOTSTRAP LOG] [debug] Element[] is null: (1)
2017-05-27 11:06:24:173 - info: [AndroidBootstrap] [BOOTSTRAP LOG] [debug] getElements tmp selector:UiSelector[INSTANCE=1, RESOURCE_ID=com.play.android:id/et_password]
2017-05-27 11:06:24:376 - info: [AndroidBootstrap] [BOOTSTRAP LOG] [debug] Returning result: {"value":[{"ELEMENT":"4"}],"status":0}
2017-05-27 11:06:24:376 - info: [debug] [AndroidBootstrap] Received command result from bootstrap
2017-05-27 11:06:24:376 - info: [debug] [MJSONWP] Responding to client with driver.findElements() result: [{"ELEMENT":"4"}]
2017-05-27 11:06:24:376 - info: [HTTP] <-- POST /wd/hub/session/90bd517c-3c0a-4712-a119-3d5ea2423cfc/elements 200 628 ms - 89 
2017-05-27 11:06:24:469 - info: [HTTP] --> POST /wd/hub/session/90bd517c-3c0a-4712-a119-3d5ea2423cfc/timeouts {"type":"implicit","ms":5000}
2017-05-27 11:06:24:469 - info: [debug] [MJSONWP] Calling AppiumDriver.timeouts() with args: ["implicit",5000,"90bd517c-3c0a-4712-a119-3d5ea2423cfc"]
2017-05-27 11:06:24:469 - info: [debug] [BaseDriver] Set implicit wait to 5000ms
2017-05-27 11:06:24:469 - info: [debug] [MJSONWP] Responding to client with driver.timeouts() result: null
2017-05-27 11:06:24:469 - info: [HTTP] <-- POST /wd/hub/session/90bd517c-3c0a-4712-a119-3d5ea2423cfc/timeouts 200 3 ms - 76 
2017-05-27 11:06:24:485 - info: [HTTP] --> POST /wd/hub/session/90bd517c-3c0a-4712-a119-3d5ea2423cfc/element/4/value {"id":"4","value":["111111"]}
2017-05-27 11:06:24:485 - info: [debug] [MJSONWP] Calling AppiumDriver.setValue() with args: [["111111"],"4","90bd517c-3c0a-4712-a119-3d5ea2423cfc"]
2017-05-27 11:06:24:485 - info: [debug] [AndroidBootstrap] Sending command to android: {"cmd":"action","action":"element:setText","params":{"elementId":"4","text":"111111","replace":false,"unicodeKeyboard":true}}
2017-05-27 11:06:24:485 - info: [AndroidBootstrap] [BOOTSTRAP LOG] [debug] Got data from client: {"cmd":"action","action":"element:setText","params":{"elementId":"4","text":"111111","replace":false,"unicodeKeyboard":true}}
2017-05-27 11:06:24:485 - info: [AndroidBootstrap] [BOOTSTRAP LOG] [debug] Got command of type ACTION
2017-05-27 11:06:24:485 - info: [AndroidBootstrap] [BOOTSTRAP LOG] [debug] Got command action: setText
2017-05-27 11:06:24:485 - info: [AndroidBootstrap] [BOOTSTRAP LOG] [debug] Using element passed in: 4
2017-05-27 11:06:24:516 - info: [AndroidBootstrap] [BOOTSTRAP LOG] [debug] Attempting to clear using UiObject.clearText().
2017-05-27 11:06:27:043 - info: [AndroidBootstrap] [BOOTSTRAP LOG] [debug] Sending plain text to element: 111111
2017-05-27 11:06:29:586 - info: [AndroidBootstrap] [BOOTSTRAP LOG] [debug] Returning result: {"value":true,"status":0}
2017-05-27 11:06:29:586 - info: [debug] [AndroidBootstrap] Received command result from bootstrap
2017-05-27 11:06:29:586 - info: [debug] [MJSONWP] Responding to client with driver.setValue() result: true
2017-05-27 11:06:29:586 - info: [HTTP] <-- POST /wd/hub/session/90bd517c-3c0a-4712-a119-3d5ea2423cfc/element/4/value 200 5106 ms - 76 
2017-05-27 11:06:29:617 - info: [HTTP] --> POST /wd/hub/session/90bd517c-3c0a-4712-a119-3d5ea2423cfc/timeouts {"type":"implicit","ms":0}
2017-05-27 11:06:29:617 - info: [debug] [MJSONWP] Calling AppiumDriver.timeouts() with args: ["implicit",0,"90bd517c-3c0a-4712-a119-3d5ea2423cfc"]
2017-05-27 11:06:29:617 - info: [debug] [BaseDriver] Set implicit wait to 0ms
2017-05-27 11:06:29:617 - info: [debug] [MJSONWP] Responding to client with driver.timeouts() result: null
2017-05-27 11:06:29:617 - info: [HTTP] <-- POST /wd/hub/session/90bd517c-3c0a-4712-a119-3d5ea2423cfc/timeouts 200 2 ms - 76 
2017-05-27 11:06:29:633 - info: [HTTP] --> GET /wd/hub/session/90bd517c-3c0a-4712-a119-3d5ea2423cfc/context {}
2017-05-27 11:06:29:633 - info: [debug] [MJSONWP] Calling AppiumDriver.getCurrentContext() with args: ["90bd517c-3c0a-4712-a119-3d5ea2423cfc"]
2017-05-27 11:06:29:633 - info: [debug] [MJSONWP] Responding to client with driver.getCurrentContext() result: "NATIVE_APP"
2017-05-27 11:06:29:633 - info: [HTTP] <-- GET /wd/hub/session/90bd517c-3c0a-4712-a119-3d5ea2423cfc/context 200 2 ms - 84 
2017-05-27 11:06:29:649 - info: [HTTP] --> POST /wd/hub/session/90bd517c-3c0a-4712-a119-3d5ea2423cfc/elements {"using":"id","value":"com.play.android:id/btn_login"}
2017-05-27 11:06:29:649 - info: [debug] [MJSONWP] Calling AppiumDriver.findElements() with args: ["id","com.play.android:id/btn_login","90bd517c-3c0a-4712-a119-3d5ea2423cfc"]
2017-05-27 11:06:29:649 - info: [debug] [BaseDriver] Valid locator strategies for this request: xpath, id, class name, accessibility id, -android uiautomator
2017-05-27 11:06:29:649 - info: [debug] [BaseDriver] Valid locator strategies for this request: xpath, id, class name, accessibility id, -android uiautomator
2017-05-27 11:06:29:649 - info: [debug] [BaseDriver] Waiting up to 0 ms for condition
2017-05-27 11:06:29:649 - info: [debug] [AndroidBootstrap] Sending command to android: {"cmd":"action","action":"find","params":{"strategy":"id","selector":"com.play.android:id/btn_login","context":"","multiple":true}}
2017-05-27 11:06:29:664 - info: [AndroidBootstrap] [BOOTSTRAP LOG] [debug] Got data from client: {"cmd":"action","action":"find","params":{"strategy":"id","selector":"com.play.android:id/btn_login","context":"","multiple":true}}
2017-05-27 11:06:29:664 - info: [AndroidBootstrap] [BOOTSTRAP LOG] [debug] Got command of type ACTION
2017-05-27 11:06:29:664 - info: [AndroidBootstrap] [BOOTSTRAP LOG] [debug] Got command action: find
2017-05-27 11:06:29:664 - info: [AndroidBootstrap] [BOOTSTRAP LOG] [debug] Finding 'com.play.android:id/btn_login' using 'ID' with the contextId: '' multiple: true
2017-05-27 11:06:29:664 - info: [AndroidBootstrap] [BOOTSTRAP LOG] [debug] Using: UiSelector[RESOURCE_ID=com.play.android:id/btn_login]
2017-05-27 11:06:29:664 - info: [AndroidBootstrap] [BOOTSTRAP LOG] [debug] getElements selector:UiSelector[RESOURCE_ID=com.play.android:id/btn_login]
2017-05-27 11:06:29:664 - info: [AndroidBootstrap] [BOOTSTRAP LOG] [debug] Element[] is null: (0)
2017-05-27 11:06:29:664 - info: [AndroidBootstrap] [BOOTSTRAP LOG] [debug] getElements tmp selector:UiSelector[INSTANCE=0, RESOURCE_ID=com.play.android:id/btn_login]
2017-05-27 11:06:30:132 - info: [AndroidBootstrap] [BOOTSTRAP LOG] [debug] Element[] is null: (1)
2017-05-27 11:06:30:132 - info: [AndroidBootstrap] [BOOTSTRAP LOG] [debug] getElements tmp selector:UiSelector[INSTANCE=1, RESOURCE_ID=com.play.android:id/btn_login]
2017-05-27 11:06:30:179 - info: [AndroidBootstrap] [BOOTSTRAP LOG] [debug] Returning result: {"value":[{"ELEMENT":"5"}],"status":0}
2017-05-27 11:06:30:179 - info: [debug] [AndroidBootstrap] Received command result from bootstrap
2017-05-27 11:06:30:179 - info: [debug] [MJSONWP] Responding to client with driver.findElements() result: [{"ELEMENT":"5"}]
2017-05-27 11:06:30:179 - info: [HTTP] <-- POST /wd/hub/session/90bd517c-3c0a-4712-a119-3d5ea2423cfc/elements 200 539 ms - 89 
2017-05-27 11:06:30:288 - info: [HTTP] --> POST /wd/hub/session/90bd517c-3c0a-4712-a119-3d5ea2423cfc/timeouts {"type":"implicit","ms":5000}
2017-05-27 11:06:30:288 - info: [debug] [MJSONWP] Calling AppiumDriver.timeouts() with args: ["implicit",5000,"90bd517c-3c0a-4712-a119-3d5ea2423cfc"]
2017-05-27 11:06:30:288 - info: [debug] [BaseDriver] Set implicit wait to 5000ms
2017-05-27 11:06:30:288 - info: [debug] [MJSONWP] Responding to client with driver.timeouts() result: null
2017-05-27 11:06:30:288 - info: [HTTP] <-- POST /wd/hub/session/90bd517c-3c0a-4712-a119-3d5ea2423cfc/timeouts 200 7 ms - 76 
2017-05-27 11:06:30:319 - info: [HTTP] --> POST /wd/hub/session/90bd517c-3c0a-4712-a119-3d5ea2423cfc/element/5/click {"id":"5"}
2017-05-27 11:06:30:319 - info: [debug] [MJSONWP] Calling AppiumDriver.click() with args: ["5","90bd517c-3c0a-4712-a119-3d5ea2423cfc"]
2017-05-27 11:06:30:319 - info: [debug] [AndroidBootstrap] Sending command to android: {"cmd":"action","action":"element:click","params":{"elementId":"5"}}
2017-05-27 11:06:30:319 - info: [AndroidBootstrap] [BOOTSTRAP LOG] [debug] Got data from client: {"cmd":"action","action":"element:click","params":{"elementId":"5"}}
2017-05-27 11:06:30:319 - info: [AndroidBootstrap] [BOOTSTRAP LOG] [debug] Got command of type ACTION
2017-05-27 11:06:30:319 - info: [AndroidBootstrap] [BOOTSTRAP LOG] [debug] Got command action: click
2017-05-27 11:06:30:507 - info: [AndroidBootstrap] [BOOTSTRAP LOG] [debug] Returning result: {"value":true,"status":0}
2017-05-27 11:06:30:507 - info: [debug] [AndroidBootstrap] Received command result from bootstrap
2017-05-27 11:06:30:522 - info: [debug] [MJSONWP] Responding to client with driver.click() result: true
2017-05-27 11:06:30:522 - info: [HTTP] <-- POST /wd/hub/session/90bd517c-3c0a-4712-a119-3d5ea2423cfc/element/5/click 200 199 ms - 76 
2017-05-27 11:06:30:538 - info: [HTTP] --> GET /wd/hub/session/90bd517c-3c0a-4712-a119-3d5ea2423cfc/appium/device/current_activity {}
2017-05-27 11:06:30:538 - info: [debug] [MJSONWP] Calling AppiumDriver.getCurrentActivity() with args: ["90bd517c-3c0a-4712-a119-3d5ea2423cfc"]
2017-05-27 11:06:30:538 - info: [debug] [ADB] Getting focused package and activity
2017-05-27 11:06:30:538 - info: [debug] [ADB] Getting connected devices...
2017-05-27 11:06:30:553 - info: [debug] [ADB] 1 device(s) connected
2017-05-27 11:06:30:553 - info: [debug] [ADB] Running 'D:\SoftWare\SDK\platform-tools\adb.exe' with args: ["-P",5037,"-s","022TAS7N51009853","shell","dumpsys","window","windows"]
2017-05-27 11:06:30:631 - info: [debug] [MJSONWP] Responding to client with driver.getCurrentActivity() result: ".activity.member.LoginActivity"
2017-05-27 11:06:30:631 - info: [HTTP] <-- GET /wd/hub/session/90bd517c-3c0a-4712-a119-3d5ea2423cfc/appium/device/current_activity 200 106 ms - 104 
2017-05-27 11:06:31:647 - info: [HTTP] --> GET /wd/hub/session/90bd517c-3c0a-4712-a119-3d5ea2423cfc/appium/device/current_activity {}
2017-05-27 11:06:31:647 - info: [debug] [MJSONWP] Calling AppiumDriver.getCurrentActivity() with args: ["90bd517c-3c0a-4712-a119-3d5ea2423cfc"]
2017-05-27 11:06:31:647 - info: [debug] [ADB] Getting focused package and activity
2017-05-27 11:06:31:647 - info: [debug] [ADB] Getting connected devices...
2017-05-27 11:06:31:679 - info: [debug] [ADB] 1 device(s) connected
2017-05-27 11:06:31:679 - info: [debug] [ADB] Running 'D:\SoftWare\SDK\platform-tools\adb.exe' with args: ["-P",5037,"-s","022TAS7N51009853","shell","dumpsys","window","windows"]
2017-05-27 11:06:31:725 - info: [debug] [MJSONWP] Responding to client with driver.getCurrentActivity() result: ".activity.main.HomeActivity"
2017-05-27 11:06:31:725 - info: [HTTP] <-- GET /wd/hub/session/90bd517c-3c0a-4712-a119-3d5ea2423cfc/appium/device/current_activity 200 89 ms - 101 
2017-05-27 11:06:31:741 - info: [HTTP] --> POST /wd/hub/session/90bd517c-3c0a-4712-a119-3d5ea2423cfc/appium/app/close {}
2017-05-27 11:06:31:741 - info: [debug] [MJSONWP] Calling AppiumDriver.closeApp() with args: ["90bd517c-3c0a-4712-a119-3d5ea2423cfc"]
2017-05-27 11:06:31:741 - info: [debug] [ADB] Getting connected devices...
2017-05-27 11:06:31:757 - info: [debug] [ADB] 1 device(s) connected
2017-05-27 11:06:31:757 - info: [debug] [ADB] Running 'D:\SoftWare\SDK\platform-tools\adb.exe' with args: ["-P",5037,"-s","022TAS7N51009853","shell","am","force-stop","com.play.android"]
2017-05-27 11:06:32:648 - info: [debug] [MJSONWP] Responding to client with driver.closeApp() result: null
2017-05-27 11:06:32:648 - info: [HTTP] <-- POST /wd/hub/session/90bd517c-3c0a-4712-a119-3d5ea2423cfc/appium/app/close 200 919 ms - 76 
