2017-05-31 07:46:42:166 - info: [Appium] Welcome to Appium v1.6.5
2017-05-31 07:46:42:166 - info: [Appium] Non-default server args:
2017-05-31 07:46:42:166 - info: [Appium]   address: 127.0.0.1
2017-05-31 07:46:42:166 - info: [Appium]   log: D:\workSpace\EclipseProjects\AppiumForEclipse\log\1496216795841.log
2017-05-31 07:46:42:229 - info: [Appium] Appium REST http interface listener started on 127.0.0.1:4723
2017-05-31 07:46:42:838 - info: [HTTP] --> GET /wd/hub/status {}
2017-05-31 07:46:42:838 - info: [debug] [MJSONWP] Calling AppiumDriver.getStatus() with args: []
2017-05-31 07:46:42:884 - info: [debug] [MJSONWP] Responding to client with driver.getStatus() result: {"build":{"version":"1.6.5","revision":null}}
2017-05-31 07:46:42:884 - info: [HTTP] <-- GET /wd/hub/status 200 49 ms - 83 
2017-05-31 07:46:42:916 - info: [HTTP] --> GET /wd/hub/status {}
2017-05-31 07:46:42:916 - info: [debug] [MJSONWP] Calling AppiumDriver.getStatus() with args: []
2017-05-31 07:46:42:962 - info: [debug] [MJSONWP] Responding to client with driver.getStatus() result: {"build":{"version":"1.6.5","revision":null}}
2017-05-31 07:46:42:962 - info: [HTTP] <-- GET /wd/hub/status 200 49 ms - 83 
2017-05-31 07:46:43:586 - info: [HTTP] --> POST /wd/hub/session {"desiredCapabilities":{"appPackage":"com.play.android","appActivity":"com.play.android.activity.SplashActivity","app":"D:\\workSpace\\EclipseProjects\\AppiumForEclipse\\apps\\play.apk","noSign":"True","unicodeKeyboard":"True","platformName":"Android","deviceName":"022TAS7N51009853","resetKeyboard":"True"}}
2017-05-31 07:46:43:586 - info: [debug] [MJSONWP] Calling AppiumDriver.createSession() with args: [{"appPackage":"com.play.android","appActivity":"com.play.android.activity.SplashActivity","app":"D:\\workSpace\\EclipseProjects\\AppiumForEclipse\\apps\\play.apk","noSign":"True","unicodeKeyboard":"True","platformName":"Android","deviceName":"022TAS7N51009853","resetKeyboard":"True"},null,null]
2017-05-31 07:46:43:586 - info: [debug] [BaseDriver] Event 'newSessionRequested' logged at 1496216803586 (15:46:43 GMT+0800 (中国标准时间))
2017-05-31 07:46:43:586 - info: [Appium] Creating new AndroidDriver (v1.20.0) session
2017-05-31 07:46:43:586 - info: [Appium] Capabilities:
2017-05-31 07:46:43:586 - info: [Appium]   appPackage: 'com.play.android'
2017-05-31 07:46:43:586 - info: [Appium]   appActivity: 'com.play.android.activity.SplashActivity'
2017-05-31 07:46:43:586 - info: [Appium]   app: 'D:\\workSpace\\EclipseProjects\\AppiumForEclipse\\apps\\play.apk'
2017-05-31 07:46:43:586 - info: [Appium]   noSign: 'True'
2017-05-31 07:46:43:586 - info: [Appium]   unicodeKeyboard: 'True'
2017-05-31 07:46:43:586 - info: [Appium]   platformName: 'Android'
2017-05-31 07:46:43:602 - info: [Appium]   deviceName: '022TAS7N51009853'
2017-05-31 07:46:43:602 - info: [Appium]   resetKeyboard: 'True'
2017-05-31 07:46:43:602 - info: [debug] [AndroidDriver] AndroidDriver version: 1.20.0
2017-05-31 07:46:43:602 - warn: [BaseDriver] Capability 'unicodeKeyboard' changed from string to boolean. This may cause unexpected behavior
2017-05-31 07:46:43:602 - warn: [BaseDriver] Capability 'resetKeyboard' changed from string to boolean. This may cause unexpected behavior
2017-05-31 07:46:43:602 - warn: [BaseDriver] Capability 'noSign' changed from string to boolean. This may cause unexpected behavior
2017-05-31 07:46:43:618 - info: [BaseDriver] Session created with session id: 7e58287c-dba3-417f-8a98-e4cfacd4989f
2017-05-31 07:46:43:618 - info: [debug] [AndroidDriver] Getting Java version
2017-05-31 07:46:43:746 - info: [AndroidDriver] Java version is: 1.8.0_121
2017-05-31 07:46:43:762 - info: [ADB] Checking whether adb is present
2017-05-31 07:46:43:762 - info: [ADB] Using adb.exe from D:\SoftWare\SDK\platform-tools\adb.exe
2017-05-31 07:46:43:762 - info: [AndroidDriver] Retrieving device list
2017-05-31 07:46:43:762 - info: [debug] [ADB] Trying to find a connected android device
2017-05-31 07:46:43:762 - info: [debug] [ADB] Getting connected devices...
2017-05-31 07:46:43:793 - info: [debug] [ADB] 1 device(s) connected
2017-05-31 07:46:43:793 - info: [AndroidDriver] Using device: 022TAS7N51009853
2017-05-31 07:46:43:793 - info: [ADB] Checking whether adb is present
2017-05-31 07:46:43:793 - info: [ADB] Using adb.exe from D:\SoftWare\SDK\platform-tools\adb.exe
2017-05-31 07:46:43:793 - info: [debug] [ADB] Setting device id to 022TAS7N51009853
2017-05-31 07:46:43:793 - info: [BaseDriver] Using local app 'D:\workSpace\EclipseProjects\AppiumForEclipse\apps\play.apk'
2017-05-31 07:46:43:793 - info: [debug] [AndroidDriver] Checking whether app is actually present
2017-05-31 07:46:43:793 - info: [AndroidDriver] Starting Android session
2017-05-31 07:46:43:793 - info: [debug] [ADB] Running 'D:\SoftWare\SDK\platform-tools\adb.exe' with args: ["-P",5037,"-s","022TAS7N51009853","wait-for-device"]
2017-05-31 07:46:43:824 - info: [debug] [ADB] Getting connected devices...
2017-05-31 07:46:43:856 - info: [debug] [ADB] 1 device(s) connected
2017-05-31 07:46:43:856 - info: [debug] [ADB] Running 'D:\SoftWare\SDK\platform-tools\adb.exe' with args: ["-P",5037,"-s","022TAS7N51009853","shell","echo","ping"]
2017-05-31 07:46:43:902 - info: [debug] [Logcat] Starting logcat capture
2017-05-31 07:46:43:949 - info: [debug] [AndroidDriver] Enabling Unicode keyboard support
2017-05-31 07:46:43:949 - info: [debug] [AndroidDriver] Pushing unicode ime to device...
2017-05-31 07:46:43:965 - info: [debug] [ADB] Running 'D:\SoftWare\SDK\platform-tools\adb.exe' with args: ["-P",5037,"-s","022TAS7N51009853","install","D:\\MyProgram\\nodejs\\node_modules\\appium\\node_modules\\appium-android-ime\\bin\\UnicodeIME-debug.apk"]
2017-05-31 07:46:45:050 - info: [debug] [ADB] Getting connected devices...
2017-05-31 07:46:45:082 - info: [debug] [ADB] 1 device(s) connected
2017-05-31 07:46:45:082 - info: [debug] [ADB] Running 'D:\SoftWare\SDK\platform-tools\adb.exe' with args: ["-P",5037,"-s","022TAS7N51009853","shell","settings","get","secure","default_input_method"]
2017-05-31 07:46:45:831 - info: [debug] [AndroidDriver] Unsetting previous IME io.appium.android.ime/.UnicodeIME
2017-05-31 07:46:45:831 - info: [debug] [AndroidDriver] Setting IME to 'io.appium.android.ime/.UnicodeIME'
2017-05-31 07:46:45:831 - info: [debug] [ADB] Getting connected devices...
2017-05-31 07:46:45:878 - info: [debug] [ADB] 1 device(s) connected
2017-05-31 07:46:45:878 - info: [debug] [ADB] Running 'D:\SoftWare\SDK\platform-tools\adb.exe' with args: ["-P",5037,"-s","022TAS7N51009853","shell","ime","enable","io.appium.android.ime/.UnicodeIME"]
2017-05-31 07:46:46:863 - info: [debug] [ADB] Getting connected devices...
2017-05-31 07:46:46:895 - info: [debug] [ADB] 1 device(s) connected
2017-05-31 07:46:46:895 - info: [debug] [ADB] Running 'D:\SoftWare\SDK\platform-tools\adb.exe' with args: ["-P",5037,"-s","022TAS7N51009853","shell","ime","set","io.appium.android.ime/.UnicodeIME"]
2017-05-31 07:46:47:925 - info: [debug] [AndroidDriver] Pushing settings apk to device...
2017-05-31 07:46:47:925 - info: [debug] [ADB] Getting install status for io.appium.settings
2017-05-31 07:46:47:925 - info: [debug] [ADB] Getting connected devices...
2017-05-31 07:46:47:988 - info: [debug] [ADB] 1 device(s) connected
2017-05-31 07:46:47:988 - info: [debug] [ADB] Running 'D:\SoftWare\SDK\platform-tools\adb.exe' with args: ["-P",5037,"-s","022TAS7N51009853","shell","pm","list","packages","io.appium.settings"]
2017-05-31 07:46:48:849 - info: [debug] [ADB] App is installed
2017-05-31 07:46:48:849 - info: [debug] [ADB] Getting package info for io.appium.settings
2017-05-31 07:46:48:849 - info: [debug] [ADB] Getting connected devices...
2017-05-31 07:46:48:881 - info: [ADB] Checking whether aapt is present
2017-05-31 07:46:48:896 - info: [ADB] Using aapt.exe from D:\SoftWare\SDK\build-tools\24.0.3\aapt.exe
2017-05-31 07:46:48:912 - info: [debug] [ADB] 1 device(s) connected
2017-05-31 07:46:48:912 - info: [debug] [ADB] Running 'D:\SoftWare\SDK\platform-tools\adb.exe' with args: ["-P",5037,"-s","022TAS7N51009853","shell","dumpsys","package","io.appium.settings"]
2017-05-31 07:46:48:912 - warn: [ADB] Cannot read version codes of D:\MyProgram\nodejs\node_modules\appium\node_modules\io.appium.settings\app\build\outputs\apk\settings_apk-debug.apk and/or io.appium.settings. Assuming correct app version is already installed
2017-05-31 07:46:48:927 - info: [debug] [ADB] Getting connected devices...
2017-05-31 07:46:48:943 - info: [debug] [ADB] 1 device(s) connected
2017-05-31 07:46:48:943 - info: [debug] [ADB] Running 'D:\SoftWare\SDK\platform-tools\adb.exe' with args: ["-P",5037,"-s","022TAS7N51009853","shell","getprop","ro.build.version.sdk"]
2017-05-31 07:46:48:991 - info: [debug] [ADB] Device API level: 19
2017-05-31 07:46:48:991 - info: [debug] [ADB] Getting connected devices...
2017-05-31 07:46:49:006 - info: [debug] [ADB] 1 device(s) connected
2017-05-31 07:46:49:006 - info: [debug] [ADB] Running 'D:\SoftWare\SDK\platform-tools\adb.exe' with args: ["-P",5037,"-s","022TAS7N51009853","shell","dumpsys","package","io.appium.settings"]
2017-05-31 07:46:49:084 - info: [debug] [AndroidDriver] Pushing unlock helper app to device...
2017-05-31 07:46:49:084 - info: [debug] [ADB] Running 'D:\SoftWare\SDK\platform-tools\adb.exe' with args: ["-P",5037,"-s","022TAS7N51009853","install","D:\\MyProgram\\nodejs\\node_modules\\appium\\node_modules\\appium-unlock\\bin\\unlock_apk-debug.apk"]
2017-05-31 07:46:50:133 - info: [debug] [ADB] Device API level: 19
2017-05-31 07:46:50:133 - info: [debug] [ADB] Getting connected devices...
2017-05-31 07:46:50:165 - info: [debug] [ADB] 1 device(s) connected
2017-05-31 07:46:50:165 - info: [debug] [ADB] Running 'D:\SoftWare\SDK\platform-tools\adb.exe' with args: ["-P",5037,"-s","022TAS7N51009853","shell","settings","put","secure","mock_location","1"]
2017-05-31 07:46:51:007 - info: [ADB] Getting device platform version
2017-05-31 07:46:51:007 - info: [debug] [ADB] Getting connected devices...
2017-05-31 07:46:51:054 - info: [debug] [ADB] 1 device(s) connected
2017-05-31 07:46:51:054 - info: [debug] [ADB] Running 'D:\SoftWare\SDK\platform-tools\adb.exe' with args: ["-P",5037,"-s","022TAS7N51009853","shell","getprop","ro.build.version.release"]
2017-05-31 07:46:51:120 - info: [debug] [ADB] Getting connected devices...
2017-05-31 07:46:51:137 - info: [debug] [ADB] 1 device(s) connected
2017-05-31 07:46:51:137 - info: [debug] [ADB] Running 'D:\SoftWare\SDK\platform-tools\adb.exe' with args: ["-P",5037,"-s","022TAS7N51009853","shell","wm","size"]
2017-05-31 07:46:51:968 - info: [debug] [ADB] Getting connected devices...
2017-05-31 07:46:51:999 - info: [debug] [ADB] 1 device(s) connected
2017-05-31 07:46:51:999 - info: [debug] [ADB] Running 'D:\SoftWare\SDK\platform-tools\adb.exe' with args: ["-P",5037,"-s","022TAS7N51009853","shell","getprop","ro.product.model"]
2017-05-31 07:46:52:046 - info: [debug] [ADB] Current device property 'ro.product.model': HUAWEI P6 S-U06
2017-05-31 07:46:52:046 - info: [debug] [ADB] Getting connected devices...
2017-05-31 07:46:52:077 - info: [debug] [ADB] 1 device(s) connected
2017-05-31 07:46:52:077 - info: [debug] [ADB] Running 'D:\SoftWare\SDK\platform-tools\adb.exe' with args: ["-P",5037,"-s","022TAS7N51009853","shell","getprop","ro.product.manufacturer"]
2017-05-31 07:46:52:139 - info: [debug] [ADB] Current device property 'ro.product.manufacturer': HUAWEI
2017-05-31 07:46:52:295 - info: [AndroidDriver] Remote apk path is /data/local/tmp/42e2f15827830994ee5f75a4ff734348.apk
2017-05-31 07:46:52:295 - info: [debug] [ADB] Getting connected devices...
2017-05-31 07:46:52:310 - info: [debug] [ADB] 1 device(s) connected
2017-05-31 07:46:52:310 - info: [debug] [ADB] Running 'D:\SoftWare\SDK\platform-tools\adb.exe' with args: ["-P",5037,"-s","022TAS7N51009853","shell","ls","/data/local/tmp/42e2f15827830994ee5f75a4ff734348.apk"]
2017-05-31 07:46:52:357 - info: [debug] [AndroidDriver] Checking if app is installed
2017-05-31 07:46:52:357 - info: [debug] [ADB] Getting install status for com.play.android
2017-05-31 07:46:52:357 - info: [debug] [ADB] Getting connected devices...
2017-05-31 07:46:52:373 - info: [debug] [ADB] 1 device(s) connected
2017-05-31 07:46:52:373 - info: [debug] [ADB] Running 'D:\SoftWare\SDK\platform-tools\adb.exe' with args: ["-P",5037,"-s","022TAS7N51009853","shell","pm","list","packages","com.play.android"]
2017-05-31 07:46:53:262 - info: [debug] [ADB] App is installed
2017-05-31 07:46:53:262 - info: [AndroidDriver] Apk is already on remote and installed, resetting
2017-05-31 07:46:53:262 - info: [debug] [AndroidDriver] Running fast reset (stop and clear)
2017-05-31 07:46:53:277 - info: [debug] [ADB] Getting connected devices...
2017-05-31 07:46:53:325 - info: [debug] [ADB] 1 device(s) connected
2017-05-31 07:46:53:325 - info: [debug] [ADB] Running 'D:\SoftWare\SDK\platform-tools\adb.exe' with args: ["-P",5037,"-s","022TAS7N51009853","shell","am","force-stop","com.play.android"]
2017-05-31 07:46:54:308 - info: [debug] [ADB] Getting connected devices...
2017-05-31 07:46:54:356 - info: [debug] [ADB] 1 device(s) connected
2017-05-31 07:46:54:356 - info: [debug] [ADB] Running 'D:\SoftWare\SDK\platform-tools\adb.exe' with args: ["-P",5037,"-s","022TAS7N51009853","shell","pm","clear","com.play.android"]
2017-05-31 07:46:55:264 - info: [debug] [AndroidDriver] Extracting strings from apk D:\workSpace\EclipseProjects\AppiumForEclipse\apps\play.apk null C:\Users\ADMINI~1\AppData\Local\Temp\com.play.android
2017-05-31 07:46:55:280 - info: [debug] [ADB] Extracting strings for language: default
2017-05-31 07:46:55:280 - info: [debug] [ADB] Device API level: 19
2017-05-31 07:46:55:280 - info: [debug] [ADB] Getting connected devices...
2017-05-31 07:46:55:311 - info: [debug] [ADB] 1 device(s) connected
2017-05-31 07:46:55:311 - info: [debug] [ADB] Running 'D:\SoftWare\SDK\platform-tools\adb.exe' with args: ["-P",5037,"-s","022TAS7N51009853","shell","getprop","persist.sys.language"]
2017-05-31 07:46:55:359 - info: [debug] [ADB] Current device property 'persist.sys.language': zh
2017-05-31 07:46:56:501 - info: [debug] [ADB] Reading strings from converted strings.json
2017-05-31 07:46:56:506 - info: [debug] [ADB] Running 'D:\SoftWare\SDK\platform-tools\adb.exe' with args: ["-P",5037,"-s","022TAS7N51009853","push","C:\\Users\\ADMINI~1\\AppData\\Local\\Temp\\com.play.android\\strings.json","/data/local/tmp"]
2017-05-31 07:46:56:551 - info: [debug] [AndroidBootstrap] Watching for bootstrap disconnect
2017-05-31 07:46:56:553 - info: [debug] [ADB] Forwarding system: 4724 to device: 4724
2017-05-31 07:46:56:553 - info: [debug] [ADB] Running 'D:\SoftWare\SDK\platform-tools\adb.exe' with args: ["-P",5037,"-s","022TAS7N51009853","forward","tcp:4724","tcp:4724"]
2017-05-31 07:46:56:562 - info: [debug] [UiAutomator] Starting UiAutomator
2017-05-31 07:46:56:562 - info: [debug] [UiAutomator] Moving to state 'starting'
2017-05-31 07:46:56:562 - info: [debug] [UiAutomator] Parsing uiautomator jar
2017-05-31 07:46:56:563 - info: [debug] [UiAutomator] Found jar name: 'AppiumBootstrap.jar'
2017-05-31 07:46:56:563 - info: [debug] [ADB] Running 'D:\SoftWare\SDK\platform-tools\adb.exe' with args: ["-P",5037,"-s","022TAS7N51009853","push","D:\\MyProgram\\nodejs\\node_modules\\appium\\node_modules\\appium-android-bootstrap\\bootstrap\\bin\\AppiumBootstrap.jar","/data/local/tmp/"]
2017-05-31 07:46:56:616 - info: [debug] [ADB] Attempting to kill all uiautomator processes
2017-05-31 07:46:56:617 - info: [debug] [ADB] Getting all processes with uiautomator
2017-05-31 07:46:56:617 - info: [debug] [ADB] Getting connected devices...
2017-05-31 07:46:56:641 - info: [debug] [ADB] 1 device(s) connected
2017-05-31 07:46:56:641 - info: [debug] [ADB] Running 'D:\SoftWare\SDK\platform-tools\adb.exe' with args: ["-P",5037,"-s","022TAS7N51009853","shell","ps"]
2017-05-31 07:46:56:781 - info: [ADB] No uiautomator process found to kill, continuing...
2017-05-31 07:46:56:781 - info: [debug] [UiAutomator] Starting UIAutomator
2017-05-31 07:46:56:782 - info: [debug] [ADB] Creating ADB subprocess with args: ["-P",5037,"-s","022TAS7N51009853","shell","uiautomator","runtest","AppiumBootstrap.jar","-c","io.appium.android.bootstrap.Bootstrap","-e","pkg","com.play.android","-e","disableAndroidWatchers",false,"-e","acceptSslCerts",false]
2017-05-31 07:46:57:677 - info: [debug] [UiAutomator] Moving to state 'online'
2017-05-31 07:46:57:688 - info: [AndroidBootstrap] Android bootstrap socket is now connected
2017-05-31 07:46:57:691 - info: [debug] [ADB] Getting connected devices...
2017-05-31 07:46:57:711 - info: [AndroidBootstrap] [BOOTSTRAP LOG] [debug] json loading complete.
2017-05-31 07:46:57:712 - info: [AndroidBootstrap] [BOOTSTRAP LOG] [debug] Registered crash watchers.
2017-05-31 07:46:57:715 - info: [AndroidBootstrap] [BOOTSTRAP LOG] [debug] Client connected
2017-05-31 07:46:57:728 - info: [debug] [ADB] 1 device(s) connected
2017-05-31 07:46:57:728 - info: [debug] [ADB] Running 'D:\SoftWare\SDK\platform-tools\adb.exe' with args: ["-P",5037,"-s","022TAS7N51009853","shell","dumpsys","window"]
2017-05-31 07:46:57:794 - info: [AndroidDriver] Screen already unlocked, doing nothing
2017-05-31 07:46:57:796 - info: [debug] [ADB] Device API level: 19
2017-05-31 07:46:57:797 - info: [debug] [ADB] Getting connected devices...
2017-05-31 07:46:57:821 - info: [debug] [ADB] 1 device(s) connected
2017-05-31 07:46:57:821 - info: [debug] [ADB] Running 'D:\SoftWare\SDK\platform-tools\adb.exe' with args: ["-P",5037,"-s","022TAS7N51009853","shell","am","start","-W","-n","com.play.android/com.play.android.activity.SplashActivity","-S","-a","android.intent.action.MAIN","-c","android.intent.category.LAUNCHER","-f","0x10200000"]
2017-05-31 07:47:06:568 - info: [Appium] New AndroidDriver session created successfully, session 7e58287c-dba3-417f-8a98-e4cfacd4989f added to master session list
2017-05-31 07:47:06:570 - info: [debug] [BaseDriver] Event 'newSessionStarted' logged at 1496216826569 (15:47:06 GMT+0800 (中国标准时间))
2017-05-31 07:47:06:571 - info: [debug] [MJSONWP] Responding to client with driver.createSession() result: {"platform":"LINUX","webStorageEnabled":false,"takesScreenshot":true,"javascriptEnabled":true,"databaseEnabled":false,"networkConnectionEnabled":true,"locationContextEnabled":false,"warnings":{},"desired":{"appPackage":"com.play.android","appActivity":"com.play.android.activity.SplashActivity","app":"D:\\workSpace\\EclipseProjects\\AppiumForEclipse\\apps\\play.apk","noSign":true,"unicodeKeyboard":true,"platformName":"Android","deviceName":"022TAS7N51009853","resetKeyboard":true},"appPackage":"com.play.android","appActivity":"com.play.android.activity.SplashActivity","app":"D:\\workSpace\\EclipseProjects\\AppiumForEclipse\\apps\\play.apk","noSign":true,"unicodeKeyboard":true,"platformName":"Android","deviceName":"022TAS7N51009853","resetKeyboard":true,"deviceUDID":"022TAS7N51009853","platformVersion":"4.4.2","deviceScreenSize":"720x1280","deviceModel":"HUAWEI P6 S-U06","deviceManufacturer":"HUAWEI"}
2017-05-31 07:47:06:575 - info: [HTTP] <-- POST /wd/hub/session 200 22981 ms - 983 
2017-05-31 07:47:08:718 - info: [HTTP] --> POST /wd/hub/session/7e58287c-dba3-417f-8a98-e4cfacd4989f/timeouts {"type":"implicit","ms":20000}
2017-05-31 07:47:08:721 - info: [debug] [MJSONWP] Calling AppiumDriver.timeouts() with args: ["implicit",20000,"7e58287c-dba3-417f-8a98-e4cfacd4989f"]
2017-05-31 07:47:08:722 - info: [debug] [BaseDriver] Set implicit wait to 20000ms
2017-05-31 07:47:08:724 - info: [debug] [MJSONWP] Responding to client with driver.timeouts() result: null
2017-05-31 07:47:08:725 - info: [HTTP] <-- POST /wd/hub/session/7e58287c-dba3-417f-8a98-e4cfacd4989f/timeouts 200 6 ms - 76 
2017-05-31 07:47:08:977 - info: [HTTP] --> POST /wd/hub/session/7e58287c-dba3-417f-8a98-e4cfacd4989f/timeouts {"type":"implicit","ms":20000}
2017-05-31 07:47:08:977 - info: [debug] [MJSONWP] Calling AppiumDriver.timeouts() with args: ["implicit",20000,"7e58287c-dba3-417f-8a98-e4cfacd4989f"]
2017-05-31 07:47:08:978 - info: [debug] [BaseDriver] Set implicit wait to 20000ms
2017-05-31 07:47:08:979 - info: [debug] [MJSONWP] Responding to client with driver.timeouts() result: null
2017-05-31 07:47:08:981 - info: [HTTP] <-- POST /wd/hub/session/7e58287c-dba3-417f-8a98-e4cfacd4989f/timeouts 200 3 ms - 76 
2017-05-31 07:47:08:997 - info: [HTTP] --> GET /wd/hub/session/7e58287c-dba3-417f-8a98-e4cfacd4989f/appium/device/current_activity {}
2017-05-31 07:47:09:000 - info: [debug] [MJSONWP] Calling AppiumDriver.getCurrentActivity() with args: ["7e58287c-dba3-417f-8a98-e4cfacd4989f"]
2017-05-31 07:47:09:002 - info: [debug] [ADB] Getting focused package and activity
2017-05-31 07:47:09:003 - info: [debug] [ADB] Getting connected devices...
2017-05-31 07:47:09:035 - info: [debug] [ADB] 1 device(s) connected
2017-05-31 07:47:09:035 - info: [debug] [ADB] Running 'D:\SoftWare\SDK\platform-tools\adb.exe' with args: ["-P",5037,"-s","022TAS7N51009853","shell","dumpsys","window","windows"]
2017-05-31 07:47:09:116 - info: [debug] [MJSONWP] Responding to client with driver.getCurrentActivity() result: ".activity.main.HomeActivity"
2017-05-31 07:47:09:117 - info: [HTTP] <-- GET /wd/hub/session/7e58287c-dba3-417f-8a98-e4cfacd4989f/appium/device/current_activity 200 120 ms - 101 
2017-05-31 07:47:09:164 - info: [HTTP] --> POST /wd/hub/session/7e58287c-dba3-417f-8a98-e4cfacd4989f/timeouts {"type":"implicit","ms":0}
2017-05-31 07:47:09:164 - info: [debug] [MJSONWP] Calling AppiumDriver.timeouts() with args: ["implicit",0,"7e58287c-dba3-417f-8a98-e4cfacd4989f"]
2017-05-31 07:47:09:165 - info: [debug] [BaseDriver] Set implicit wait to 0ms
2017-05-31 07:47:09:166 - info: [debug] [MJSONWP] Responding to client with driver.timeouts() result: null
2017-05-31 07:47:09:171 - info: [HTTP] <-- POST /wd/hub/session/7e58287c-dba3-417f-8a98-e4cfacd4989f/timeouts 200 7 ms - 76 
2017-05-31 07:47:09:196 - info: [HTTP] --> GET /wd/hub/session/7e58287c-dba3-417f-8a98-e4cfacd4989f/context {}
2017-05-31 07:47:09:196 - info: [debug] [MJSONWP] Calling AppiumDriver.getCurrentContext() with args: ["7e58287c-dba3-417f-8a98-e4cfacd4989f"]
2017-05-31 07:47:09:198 - info: [debug] [MJSONWP] Responding to client with driver.getCurrentContext() result: "NATIVE_APP"
2017-05-31 07:47:09:199 - info: [HTTP] <-- GET /wd/hub/session/7e58287c-dba3-417f-8a98-e4cfacd4989f/context 200 3 ms - 84 
2017-05-31 07:47:09:205 - info: [HTTP] --> POST /wd/hub/session/7e58287c-dba3-417f-8a98-e4cfacd4989f/elements {"using":"id","value":"com.play.android:id/sdv_image"}
2017-05-31 07:47:09:205 - info: [debug] [MJSONWP] Calling AppiumDriver.findElements() with args: ["id","com.play.android:id/sdv_image","7e58287c-dba3-417f-8a98-e4cfacd4989f"]
2017-05-31 07:47:09:207 - info: [debug] [BaseDriver] Valid locator strategies for this request: xpath, id, class name, accessibility id, -android uiautomator
2017-05-31 07:47:09:210 - info: [debug] [BaseDriver] Valid locator strategies for this request: xpath, id, class name, accessibility id, -android uiautomator
2017-05-31 07:47:09:211 - info: [debug] [BaseDriver] Waiting up to 0 ms for condition
2017-05-31 07:47:09:215 - info: [debug] [AndroidBootstrap] Sending command to android: {"cmd":"action","action":"find","params":{"strategy":"id","selector":"com.play.android:id/sdv_image","context":"","multiple":true}}
2017-05-31 07:47:09:223 - info: [AndroidBootstrap] [BOOTSTRAP LOG] [debug] Got data from client: {"cmd":"action","action":"find","params":{"strategy":"id","selector":"com.play.android:id/sdv_image","context":"","multiple":true}}
2017-05-31 07:47:09:224 - info: [AndroidBootstrap] [BOOTSTRAP LOG] [debug] Got command of type ACTION
2017-05-31 07:47:09:224 - info: [AndroidBootstrap] [BOOTSTRAP LOG] [debug] Got command action: find
2017-05-31 07:47:09:224 - info: [AndroidBootstrap] [BOOTSTRAP LOG] [debug] Finding 'com.play.android:id/sdv_image' using 'ID' with the contextId: '' multiple: true
2017-05-31 07:47:09:225 - info: [AndroidBootstrap] [BOOTSTRAP LOG] [debug] Using: UiSelector[RESOURCE_ID=com.play.android:id/sdv_image]
2017-05-31 07:47:09:225 - info: [AndroidBootstrap] [BOOTSTRAP LOG] [debug] getElements selector:UiSelector[RESOURCE_ID=com.play.android:id/sdv_image]
2017-05-31 07:47:09:225 - info: [AndroidBootstrap] [BOOTSTRAP LOG] [debug] Element[] is null: (0)
2017-05-31 07:47:09:225 - info: [AndroidBootstrap] [BOOTSTRAP LOG] [debug] getElements tmp selector:UiSelector[INSTANCE=0, RESOURCE_ID=com.play.android:id/sdv_image]
2017-05-31 07:47:09:475 - info: [AndroidBootstrap] [BOOTSTRAP LOG] [debug] Element[] is null: (1)
2017-05-31 07:47:09:476 - info: [AndroidBootstrap] [BOOTSTRAP LOG] [debug] getElements tmp selector:UiSelector[INSTANCE=1, RESOURCE_ID=com.play.android:id/sdv_image]
2017-05-31 07:47:09:513 - info: [AndroidBootstrap] [BOOTSTRAP LOG] [debug] Element[] is null: (2)
2017-05-31 07:47:09:513 - info: [AndroidBootstrap] [BOOTSTRAP LOG] [debug] getElements tmp selector:UiSelector[INSTANCE=2, RESOURCE_ID=com.play.android:id/sdv_image]
2017-05-31 07:47:09:586 - info: [AndroidBootstrap] [BOOTSTRAP LOG] [debug] Returning result: {"value":[{"ELEMENT":"1"},{"ELEMENT":"2"}],"status":0}
2017-05-31 07:47:09:587 - info: [debug] [AndroidBootstrap] Received command result from bootstrap
2017-05-31 07:47:09:589 - info: [debug] [MJSONWP] Responding to client with driver.findElements() result: [{"ELEMENT":"1"},{"ELEMENT":"2"}]
2017-05-31 07:47:09:590 - info: [HTTP] <-- POST /wd/hub/session/7e58287c-dba3-417f-8a98-e4cfacd4989f/elements 200 385 ms - 105 
2017-05-31 07:47:09:938 - info: [HTTP] --> POST /wd/hub/session/7e58287c-dba3-417f-8a98-e4cfacd4989f/timeouts {"type":"implicit","ms":5000}
2017-05-31 07:47:09:938 - info: [debug] [MJSONWP] Calling AppiumDriver.timeouts() with args: ["implicit",5000,"7e58287c-dba3-417f-8a98-e4cfacd4989f"]
2017-05-31 07:47:09:940 - info: [debug] [BaseDriver] Set implicit wait to 5000ms
2017-05-31 07:47:09:941 - info: [debug] [MJSONWP] Responding to client with driver.timeouts() result: null
2017-05-31 07:47:09:942 - info: [HTTP] <-- POST /wd/hub/session/7e58287c-dba3-417f-8a98-e4cfacd4989f/timeouts 200 4 ms - 76 
2017-05-31 07:47:09:988 - info: [HTTP] --> POST /wd/hub/session/7e58287c-dba3-417f-8a98-e4cfacd4989f/timeouts {"type":"implicit","ms":0}
2017-05-31 07:47:09:989 - info: [debug] [MJSONWP] Calling AppiumDriver.timeouts() with args: ["implicit",0,"7e58287c-dba3-417f-8a98-e4cfacd4989f"]
2017-05-31 07:47:09:990 - info: [debug] [BaseDriver] Set implicit wait to 0ms
2017-05-31 07:47:09:991 - info: [debug] [MJSONWP] Responding to client with driver.timeouts() result: null
2017-05-31 07:47:09:992 - info: [HTTP] <-- POST /wd/hub/session/7e58287c-dba3-417f-8a98-e4cfacd4989f/timeouts 200 4 ms - 76 
2017-05-31 07:47:09:996 - info: [HTTP] --> GET /wd/hub/session/7e58287c-dba3-417f-8a98-e4cfacd4989f/context {}
2017-05-31 07:47:09:997 - info: [debug] [MJSONWP] Calling AppiumDriver.getCurrentContext() with args: ["7e58287c-dba3-417f-8a98-e4cfacd4989f"]
2017-05-31 07:47:09:999 - info: [debug] [MJSONWP] Responding to client with driver.getCurrentContext() result: "NATIVE_APP"
2017-05-31 07:47:10:001 - info: [HTTP] <-- GET /wd/hub/session/7e58287c-dba3-417f-8a98-e4cfacd4989f/context 200 4 ms - 84 
2017-05-31 07:47:10:006 - info: [HTTP] --> POST /wd/hub/session/7e58287c-dba3-417f-8a98-e4cfacd4989f/elements {"using":"id","value":"com.play.android:id/sdv_image"}
2017-05-31 07:47:10:007 - info: [debug] [MJSONWP] Calling AppiumDriver.findElements() with args: ["id","com.play.android:id/sdv_image","7e58287c-dba3-417f-8a98-e4cfacd4989f"]
2017-05-31 07:47:10:008 - info: [debug] [BaseDriver] Valid locator strategies for this request: xpath, id, class name, accessibility id, -android uiautomator
2017-05-31 07:47:10:008 - info: [debug] [BaseDriver] Valid locator strategies for this request: xpath, id, class name, accessibility id, -android uiautomator
2017-05-31 07:47:10:008 - info: [debug] [BaseDriver] Waiting up to 0 ms for condition
2017-05-31 07:47:10:009 - info: [debug] [AndroidBootstrap] Sending command to android: {"cmd":"action","action":"find","params":{"strategy":"id","selector":"com.play.android:id/sdv_image","context":"","multiple":true}}
2017-05-31 07:47:10:015 - info: [AndroidBootstrap] [BOOTSTRAP LOG] [debug] Got data from client: {"cmd":"action","action":"find","params":{"strategy":"id","selector":"com.play.android:id/sdv_image","context":"","multiple":true}}
2017-05-31 07:47:10:015 - info: [AndroidBootstrap] [BOOTSTRAP LOG] [debug] Got command of type ACTION
2017-05-31 07:47:10:015 - info: [AndroidBootstrap] [BOOTSTRAP LOG] [debug] Got command action: find
2017-05-31 07:47:10:015 - info: [AndroidBootstrap] [BOOTSTRAP LOG] [debug] Finding 'com.play.android:id/sdv_image' using 'ID' with the contextId: '' multiple: true
2017-05-31 07:47:10:016 - info: [AndroidBootstrap] [BOOTSTRAP LOG] [debug] Using: UiSelector[RESOURCE_ID=com.play.android:id/sdv_image]
2017-05-31 07:47:10:016 - info: [AndroidBootstrap] [BOOTSTRAP LOG] [debug] getElements selector:UiSelector[RESOURCE_ID=com.play.android:id/sdv_image]
2017-05-31 07:47:10:016 - info: [AndroidBootstrap] [BOOTSTRAP LOG] [debug] Element[] is null: (0)
2017-05-31 07:47:10:016 - info: [AndroidBootstrap] [BOOTSTRAP LOG] [debug] getElements tmp selector:UiSelector[INSTANCE=0, RESOURCE_ID=com.play.android:id/sdv_image]
2017-05-31 07:47:10:068 - info: [AndroidBootstrap] [BOOTSTRAP LOG] [debug] Element[] is null: (1)
2017-05-31 07:47:10:068 - info: [AndroidBootstrap] [BOOTSTRAP LOG] [debug] getElements tmp selector:UiSelector[INSTANCE=1, RESOURCE_ID=com.play.android:id/sdv_image]
2017-05-31 07:47:10:138 - info: [AndroidBootstrap] [BOOTSTRAP LOG] [debug] Element[] is null: (2)
2017-05-31 07:47:10:138 - info: [AndroidBootstrap] [BOOTSTRAP LOG] [debug] getElements tmp selector:UiSelector[INSTANCE=2, RESOURCE_ID=com.play.android:id/sdv_image]
2017-05-31 07:47:10:209 - info: [AndroidBootstrap] [BOOTSTRAP LOG] [debug] Returning result: {"value":[{"ELEMENT":"3"},{"ELEMENT":"4"}],"status":0}
2017-05-31 07:47:10:209 - info: [debug] [AndroidBootstrap] Received command result from bootstrap
2017-05-31 07:47:10:211 - info: [debug] [MJSONWP] Responding to client with driver.findElements() result: [{"ELEMENT":"3"},{"ELEMENT":"4"}]
2017-05-31 07:47:10:212 - info: [HTTP] <-- POST /wd/hub/session/7e58287c-dba3-417f-8a98-e4cfacd4989f/elements 200 206 ms - 105 
2017-05-31 07:47:10:480 - info: [HTTP] --> POST /wd/hub/session/7e58287c-dba3-417f-8a98-e4cfacd4989f/timeouts {"type":"implicit","ms":5000}
2017-05-31 07:47:10:481 - info: [debug] [MJSONWP] Calling AppiumDriver.timeouts() with args: ["implicit",5000,"7e58287c-dba3-417f-8a98-e4cfacd4989f"]
2017-05-31 07:47:10:482 - info: [debug] [BaseDriver] Set implicit wait to 5000ms
2017-05-31 07:47:10:483 - info: [debug] [MJSONWP] Responding to client with driver.timeouts() result: null
2017-05-31 07:47:10:484 - info: [HTTP] <-- POST /wd/hub/session/7e58287c-dba3-417f-8a98-e4cfacd4989f/timeouts 200 3 ms - 76 
2017-05-31 07:47:10:507 - info: [HTTP] --> POST /wd/hub/session/7e58287c-dba3-417f-8a98-e4cfacd4989f/element/4/click {"id":"4"}
2017-05-31 07:47:10:507 - info: [debug] [MJSONWP] Calling AppiumDriver.click() with args: ["4","7e58287c-dba3-417f-8a98-e4cfacd4989f"]
2017-05-31 07:47:10:509 - info: [debug] [AndroidBootstrap] Sending command to android: {"cmd":"action","action":"element:click","params":{"elementId":"4"}}
2017-05-31 07:47:10:513 - info: [AndroidBootstrap] [BOOTSTRAP LOG] [debug] Got data from client: {"cmd":"action","action":"element:click","params":{"elementId":"4"}}
2017-05-31 07:47:10:514 - info: [AndroidBootstrap] [BOOTSTRAP LOG] [debug] Got command of type ACTION
2017-05-31 07:47:10:514 - info: [AndroidBootstrap] [BOOTSTRAP LOG] [debug] Got command action: click
2017-05-31 07:47:10:804 - info: [AndroidBootstrap] [BOOTSTRAP LOG] [debug] Returning result: {"value":true,"status":0}
2017-05-31 07:47:10:804 - info: [debug] [AndroidBootstrap] Received command result from bootstrap
2017-05-31 07:47:10:805 - info: [debug] [MJSONWP] Responding to client with driver.click() result: true
2017-05-31 07:47:10:806 - info: [HTTP] <-- POST /wd/hub/session/7e58287c-dba3-417f-8a98-e4cfacd4989f/element/4/click 200 299 ms - 76 
2017-05-31 07:47:10:810 - info: [HTTP] --> GET /wd/hub/session/7e58287c-dba3-417f-8a98-e4cfacd4989f/appium/device/current_activity {}
2017-05-31 07:47:10:810 - info: [debug] [MJSONWP] Calling AppiumDriver.getCurrentActivity() with args: ["7e58287c-dba3-417f-8a98-e4cfacd4989f"]
2017-05-31 07:47:10:811 - info: [debug] [ADB] Getting focused package and activity
2017-05-31 07:47:10:812 - info: [debug] [ADB] Getting connected devices...
2017-05-31 07:47:10:844 - info: [debug] [ADB] 1 device(s) connected
2017-05-31 07:47:10:844 - info: [debug] [ADB] Running 'D:\SoftWare\SDK\platform-tools\adb.exe' with args: ["-P",5037,"-s","022TAS7N51009853","shell","dumpsys","window","windows"]
2017-05-31 07:47:10:915 - info: [debug] [MJSONWP] Responding to client with driver.getCurrentActivity() result: ".activity.product.ProductClassifitionActivity"
2017-05-31 07:47:10:916 - info: [HTTP] <-- GET /wd/hub/session/7e58287c-dba3-417f-8a98-e4cfacd4989f/appium/device/current_activity 200 105 ms - 119 
2017-05-31 07:47:10:920 - info: [HTTP] --> GET /wd/hub/session/7e58287c-dba3-417f-8a98-e4cfacd4989f/contexts {}
2017-05-31 07:47:10:920 - info: [debug] [MJSONWP] Calling AppiumDriver.getContexts() with args: ["7e58287c-dba3-417f-8a98-e4cfacd4989f"]
2017-05-31 07:47:10:923 - info: [debug] [AndroidDriver] Getting a list of available webviews
2017-05-31 07:47:10:924 - info: [debug] [ADB] Getting connected devices...
2017-05-31 07:47:10:964 - info: [debug] [ADB] 1 device(s) connected
2017-05-31 07:47:10:965 - info: [debug] [ADB] Running 'D:\SoftWare\SDK\platform-tools\adb.exe' with args: ["-P",5037,"-s","022TAS7N51009853","shell","cat","/proc/net/unix"]
2017-05-31 07:47:11:025 - info: [debug] [AndroidDriver] WEBVIEW_18598 mapped to pid 18598
2017-05-31 07:47:11:025 - info: [debug] [AndroidDriver] Getting process name for webview
2017-05-31 07:47:11:025 - info: [debug] [ADB] Getting connected devices...
2017-05-31 07:47:11:054 - info: [debug] [ADB] 1 device(s) connected
2017-05-31 07:47:11:055 - info: [debug] [ADB] Running 'D:\SoftWare\SDK\platform-tools\adb.exe' with args: ["-P",5037,"-s","022TAS7N51009853","shell","ps"]
2017-05-31 07:47:11:148 - info: [debug] [AndroidDriver] Parsed pid: 18598 pkg: com.play.android!
2017-05-31 07:47:11:148 - info: [debug] [AndroidDriver] from: u0_a216,18598,152,770844,111396,ffffffff,00000000,R,com.play.android
2017-05-31 07:47:11:149 - info: [debug] [AndroidDriver] returning process name: com.play.android
2017-05-31 07:47:11:150 - info: [debug] [AndroidDriver] Found webviews: ["WEBVIEW_com.play.android"]
2017-05-31 07:47:11:151 - info: [debug] [AndroidDriver] Available contexts: ["NATIVE_APP","WEBVIEW_com.play.android"]
2017-05-31 07:47:11:152 - info: [debug] [MJSONWP] Responding to client with driver.getContexts() result: ["NATIVE_APP","WEBVIEW_com.play.android"]
2017-05-31 07:47:11:153 - info: [HTTP] <-- GET /wd/hub/session/7e58287c-dba3-417f-8a98-e4cfacd4989f/contexts 200 232 ms - 113 
2017-05-31 07:47:11:157 - info: [HTTP] --> POST /wd/hub/session/7e58287c-dba3-417f-8a98-e4cfacd4989f/context {"name":"WEBVIEW_com.play.android"}
2017-05-31 07:47:11:158 - info: [debug] [MJSONWP] Calling AppiumDriver.setContext() with args: ["WEBVIEW_com.play.android","7e58287c-dba3-417f-8a98-e4cfacd4989f"]
2017-05-31 07:47:11:160 - info: [debug] [AndroidDriver] Getting a list of available webviews
2017-05-31 07:47:11:160 - info: [debug] [ADB] Getting connected devices...
2017-05-31 07:47:11:190 - info: [debug] [ADB] 1 device(s) connected
2017-05-31 07:47:11:191 - info: [debug] [ADB] Running 'D:\SoftWare\SDK\platform-tools\adb.exe' with args: ["-P",5037,"-s","022TAS7N51009853","shell","cat","/proc/net/unix"]
2017-05-31 07:47:11:228 - info: [debug] [AndroidDriver] WEBVIEW_18598 mapped to pid 18598
2017-05-31 07:47:11:228 - info: [debug] [AndroidDriver] Getting process name for webview
2017-05-31 07:47:11:229 - info: [debug] [ADB] Getting connected devices...
2017-05-31 07:47:11:257 - info: [debug] [ADB] 1 device(s) connected
2017-05-31 07:47:11:258 - info: [debug] [ADB] Running 'D:\SoftWare\SDK\platform-tools\adb.exe' with args: ["-P",5037,"-s","022TAS7N51009853","shell","ps"]
2017-05-31 07:47:11:340 - info: [debug] [AndroidDriver] Parsed pid: 18598 pkg: com.play.android!
2017-05-31 07:47:11:341 - info: [debug] [AndroidDriver] from: u0_a216,18598,152,772128,114908,ffffffff,00000000,S,com.play.android
2017-05-31 07:47:11:342 - info: [debug] [AndroidDriver] returning process name: com.play.android
2017-05-31 07:47:11:342 - info: [debug] [AndroidDriver] Found webviews: ["WEBVIEW_com.play.android"]
2017-05-31 07:47:11:343 - info: [debug] [AndroidDriver] Available contexts: ["NATIVE_APP","WEBVIEW_com.play.android"]
2017-05-31 07:47:11:348 - info: [debug] [AndroidDriver] Connecting to chrome-backed webview context 'WEBVIEW_com.play.android'
2017-05-31 07:47:11:385 - info: [debug] [AndroidDriver] A port was not given, using random port: 8000
2017-05-31 07:47:11:387 - info: [debug] [Chromedriver] Changed state to 'starting'
2017-05-31 07:47:11:390 - info: [Chromedriver] Set chromedriver binary as: D:\MyProgram\nodejs\node_modules\appium\node_modules\appium-chromedriver\chromedriver\win\chromedriver.exe
2017-05-31 07:47:11:391 - info: [Chromedriver] Killing any old chromedrivers, running: FOR /F "usebackq tokens=5" %a in (`netstat -nao ^| findstr /R /C:"8000 "`) do (FOR /F "usebackq" %b in (`TASKLIST /FI "PID eq %a" ^| findstr /I chromedriver.exe`) do (IF NOT %b=="" TASKKILL /F /PID %a))
2017-05-31 07:47:11:482 - info: [Chromedriver] No old chromedrivers seemed to exist
2017-05-31 07:47:11:483 - info: [Chromedriver] Spawning chromedriver with: D:\MyProgram\nodejs\node_modules\appium\node_modules\appium-chromedriver\chromedriver\win\chromedriver.exe --url-base=wd/hub --port=8000 --adb-port=5037
2017-05-31 07:47:11:510 - info: [Chromedriver] [STDOUT] Starting ChromeDriver 2.28.455520 (cc17746adff54984afff480136733114c6b3704b) on port 8000
Only local connections are allowed.
2017-05-31 07:47:11:514 - info: [debug] [JSONWP Proxy] Proxying [GET /status] to [GET http://127.0.0.1:8000/wd/hub/status] with no body
2017-05-31 07:47:11:546 - info: [debug] [JSONWP Proxy] Got response with status 200: "{\"sessionId\":\"\",\"status\":0,\"value\":{\"build\":{\"version\":\"alpha\"},\"os\":{\"arch\":\"x86_64\",\"name\":\"Windows NT\",\"version\":\"6.1.7601 SP1\"}}}"
2017-05-31 07:47:11:548 - info: [debug] [JSONWP Proxy] Proxying [POST /session] to [POST http://127.0.0.1:8000/wd/hub/session] with body: {"desiredCapabilities":{"chromeOptions":{"androidPackage":"com.play.android","androidUseRunningApp":true,"androidDeviceSerial":"022TAS7N51009853"}}}
2017-05-31 07:48:12:588 - info: [debug] [JSONWP Proxy] Got response with status 200: {"sessionId":"2a1608f5d81d1b294f382148e1151a73","status":13,"value":{"message":"unknown error: unable to discover open pages\n  (Driver info: chromedriver=2.28.455520 (cc17746adff54984afff480136733114c6b3704b),platform=Windows NT 6.1.7601 SP1 x86_64)"}}
2017-05-31 07:48:12:791 - info: [debug] [JSONWP Proxy] Proxying [POST /session] to [POST http://127.0.0.1:8000/wd/hub/session] with body: {"desiredCapabilities":{"chromeOptions":{"androidPackage":"com.play.android","androidUseRunningApp":true,"androidDeviceSerial":"022TAS7N51009853"}}}
2017-05-31 07:49:13:754 - info: [debug] [JSONWP Proxy] Got response with status 200: {"sessionId":"31b91c670610a73acb2799d9c7443809","status":13,"value":{"message":"unknown error: unable to discover open pages\n  (Driver info: chromedriver=2.28.455520 (cc17746adff54984afff480136733114c6b3704b),platform=Windows NT 6.1.7601 SP1 x86_64)"}}
2017-05-31 07:49:13:957 - info: [debug] [JSONWP Proxy] Proxying [POST /session] to [POST http://127.0.0.1:8000/wd/hub/session] with body: {"desiredCapabilities":{"chromeOptions":{"androidPackage":"com.play.android","androidUseRunningApp":true,"androidDeviceSerial":"022TAS7N51009853"}}}
2017-05-31 07:50:15:125 - info: [debug] [JSONWP Proxy] Got response with status 200: {"sessionId":"907e43d08f3a298a13b30bc0e0955c27","status":13,"value":{"message":"unknown error: unable to discover open pages\n  (Driver info: chromedriver=2.28.455520 (cc17746adff54984afff480136733114c6b3704b),platform=Windows NT 6.1.7601 SP1 x86_64)"}}
2017-05-31 07:50:15:347 - info: [debug] [JSONWP Proxy] Proxying [POST /session] to [POST http://127.0.0.1:8000/wd/hub/session] with body: {"desiredCapabilities":{"chromeOptions":{"androidPackage":"com.play.android","androidUseRunningApp":true,"androidDeviceSerial":"022TAS7N51009853"}}}
2017-05-31 07:51:16:422 - info: [debug] [JSONWP Proxy] Got response with status 200: {"sessionId":"8af64868d6adb1b56d954660fac34680","status":13,"value":{"message":"unknown error: unable to discover open pages\n  (Driver info: chromedriver=2.28.455520 (cc17746adff54984afff480136733114c6b3704b),platform=Windows NT 6.1.7601 SP1 x86_64)"}}
2017-05-31 07:51:16:657 - error: [Chromedriver] Chromedriver exited unexpectedly with code null, signal SIGTERM
2017-05-31 07:51:16:657 - info: [debug] [Chromedriver] Changed state to 'stopped'
2017-05-31 07:51:16:689 - error: [Chromedriver] Error: unknown error: unable to discover open pages
  (Driver info: chromedriver=2.28.455520 (cc17746adff54984afff480136733114c6b3704b),platform=Windows NT 6.1.7601 SP1 x86_64)
    at Chromedriver.callee$2$0$ (../../lib/chromedriver.js:176:15)
    at tryCatch (D:\MyProgram\nodejs\node_modules\appium\node_modules\babel-runtime\regenerator\runtime.js:67:40)
    at GeneratorFunctionPrototype.invoke [as _invoke] (D:\MyProgram\nodejs\node_modules\appium\node_modules\babel-runtime\regenerator\runtime.js:315:22)
    at GeneratorFunctionPrototype.prototype.(anonymous function) [as next] (D:\MyProgram\nodejs\node_modules\appium\node_modules\babel-runtime\regenerator\runtime.js:100:21)
    at GeneratorFunctionPrototype.invoke (D:\MyProgram\nodejs\node_modules\appium\node_modules\babel-runtime\regenerator\runtime.js:136:37)
 Error: unknown error: unable to discover open pages
  (Driver info: chromedriver=2.28.455520 (cc17746adff54984afff480136733114c6b3704b),platform=Windows NT 6.1.7601 SP1 x86_64)
    at Chromedriver.callee$2$0$ (../../lib/chromedriver.js:176:15)
    at tryCatch (D:\MyProgram\nodejs\node_modules\appium\node_modules\babel-runtime\regenerator\runtime.js:67:40)
    at GeneratorFunctionPrototype.invoke [as _invoke] (D:\MyProgram\nodejs\node_modules\appium\node_modules\babel-runtime\regenerator\runtime.js:315:22)
    at GeneratorFunctionPrototype.prototype.(anonymous function) [as next] (D:\MyProgram\nodejs\node_modules\appium\node_modules\babel-runtime\regenerator\runtime.js:100:21)
    at GeneratorFunctionPrototype.invoke (D:\MyProgram\nodejs\node_modules\appium\node_modules\babel-runtime\regenerator\runtime.js:136:37)
2017-05-31 07:51:16:689 - error: [MJSONWP] Encountered internal error running command: Error: unknown error: unable to discover open pages
  (Driver info: chromedriver=2.28.455520 (cc17746adff54984afff480136733114c6b3704b),platform=Windows NT 6.1.7601 SP1 x86_64)
    at Chromedriver.callee$2$0$ (../../lib/chromedriver.js:176:15)
    at tryCatch (D:\MyProgram\nodejs\node_modules\appium\node_modules\babel-runtime\regenerator\runtime.js:67:40)
    at GeneratorFunctionPrototype.invoke [as _invoke] (D:\MyProgram\nodejs\node_modules\appium\node_modules\babel-runtime\regenerator\runtime.js:315:22)
    at GeneratorFunctionPrototype.prototype.(anonymous function) [as next] (D:\MyProgram\nodejs\node_modules\appium\node_modules\babel-runtime\regenerator\runtime.js:100:21)
    at GeneratorFunctionPrototype.invoke (D:\MyProgram\nodejs\node_modules\appium\node_modules\babel-runtime\regenerator\runtime.js:136:37)
2017-05-31 07:51:16:689 - info: [HTTP] <-- POST /wd/hub/session/7e58287c-dba3-417f-8a98-e4cfacd4989f/context 500 245529 ms - 341 
2017-05-31 07:51:16:736 - info: [HTTP] --> POST /wd/hub/session/7e58287c-dba3-417f-8a98-e4cfacd4989f/appium/app/close {}
2017-05-31 07:51:16:736 - info: [debug] [MJSONWP] Calling AppiumDriver.closeApp() with args: ["7e58287c-dba3-417f-8a98-e4cfacd4989f"]
2017-05-31 07:51:16:736 - info: [debug] [ADB] Getting connected devices...
2017-05-31 07:51:16:752 - info: [debug] [ADB] 1 device(s) connected
2017-05-31 07:51:16:752 - info: [debug] [ADB] Running 'D:\SoftWare\SDK\platform-tools\adb.exe' with args: ["-P",5037,"-s","022TAS7N51009853","shell","am","force-stop","com.play.android"]
2017-05-31 07:51:17:800 - info: [debug] [MJSONWP] Responding to client with driver.closeApp() result: null
2017-05-31 07:51:17:800 - info: [HTTP] <-- POST /wd/hub/session/7e58287c-dba3-417f-8a98-e4cfacd4989f/appium/app/close 200 1072 ms - 76 
