2017-05-31 08:18:52:896 - info: [Appium] Welcome to Appium v1.6.5
2017-05-31 08:18:52:896 - info: [Appium] Non-default server args:
2017-05-31 08:18:52:896 - info: [Appium]   address: 127.0.0.1
2017-05-31 08:18:52:896 - info: [Appium]   log: D:\workSpace\EclipseProjects\AppiumForEclipse\log\1496218726682.log
2017-05-31 08:18:52:975 - info: [Appium] Appium REST http interface listener started on 127.0.0.1:4723
2017-05-31 08:18:53:583 - info: [HTTP] --> GET /wd/hub/status {}
2017-05-31 08:18:53:583 - info: [debug] [MJSONWP] Calling AppiumDriver.getStatus() with args: []
2017-05-31 08:18:53:630 - info: [debug] [MJSONWP] Responding to client with driver.getStatus() result: {"build":{"version":"1.6.5","revision":null}}
2017-05-31 08:18:53:646 - info: [HTTP] <-- GET /wd/hub/status 200 63 ms - 83 
2017-05-31 08:18:53:646 - info: [HTTP] --> GET /wd/hub/status {}
2017-05-31 08:18:53:646 - info: [debug] [MJSONWP] Calling AppiumDriver.getStatus() with args: []
2017-05-31 08:18:53:692 - info: [debug] [MJSONWP] Responding to client with driver.getStatus() result: {"build":{"version":"1.6.5","revision":null}}
2017-05-31 08:18:53:692 - info: [HTTP] <-- GET /wd/hub/status 200 46 ms - 83 
2017-05-31 08:18:54:354 - info: [HTTP] --> POST /wd/hub/session {"desiredCapabilities":{"appPackage":"com.play.android","appActivity":"com.play.android.activity.SplashActivity","app":"D:\\workSpace\\EclipseProjects\\AppiumForEclipse\\apps\\play.apk","noSign":"True","unicodeKeyboard":"True","platformName":"Android","deviceName":"022TAS7N51009853","resetKeyboard":"True"}}
2017-05-31 08:18:54:354 - info: [debug] [MJSONWP] Calling AppiumDriver.createSession() with args: [{"appPackage":"com.play.android","appActivity":"com.play.android.activity.SplashActivity","app":"D:\\workSpace\\EclipseProjects\\AppiumForEclipse\\apps\\play.apk","noSign":"True","unicodeKeyboard":"True","platformName":"Android","deviceName":"022TAS7N51009853","resetKeyboard":"True"},null,null]
2017-05-31 08:18:54:354 - info: [debug] [BaseDriver] Event 'newSessionRequested' logged at 1496218734354 (16:18:54 GMT+0800 (中国标准时间))
2017-05-31 08:18:54:354 - info: [Appium] Creating new AndroidDriver (v1.20.0) session
2017-05-31 08:18:54:354 - info: [Appium] Capabilities:
2017-05-31 08:18:54:354 - info: [Appium]   appPackage: 'com.play.android'
2017-05-31 08:18:54:354 - info: [Appium]   appActivity: 'com.play.android.activity.SplashActivity'
2017-05-31 08:18:54:354 - info: [Appium]   app: 'D:\\workSpace\\EclipseProjects\\AppiumForEclipse\\apps\\play.apk'
2017-05-31 08:18:54:354 - info: [Appium]   noSign: 'True'
2017-05-31 08:18:54:354 - info: [Appium]   unicodeKeyboard: 'True'
2017-05-31 08:18:54:354 - info: [Appium]   platformName: 'Android'
2017-05-31 08:18:54:354 - info: [Appium]   deviceName: '022TAS7N51009853'
2017-05-31 08:18:54:354 - info: [Appium]   resetKeyboard: 'True'
2017-05-31 08:18:54:369 - info: [debug] [AndroidDriver] AndroidDriver version: 1.20.0
2017-05-31 08:18:54:369 - warn: [BaseDriver] Capability 'unicodeKeyboard' changed from string to boolean. This may cause unexpected behavior
2017-05-31 08:18:54:369 - warn: [BaseDriver] Capability 'resetKeyboard' changed from string to boolean. This may cause unexpected behavior
2017-05-31 08:18:54:369 - warn: [BaseDriver] Capability 'noSign' changed from string to boolean. This may cause unexpected behavior
2017-05-31 08:18:54:386 - info: [BaseDriver] Session created with session id: 7aa47360-5dbe-4157-8e8c-7852853a9be0
2017-05-31 08:18:54:386 - info: [debug] [AndroidDriver] Getting Java version
2017-05-31 08:18:54:514 - info: [AndroidDriver] Java version is: 1.8.0_121
2017-05-31 08:18:54:529 - info: [ADB] Checking whether adb is present
2017-05-31 08:18:54:529 - info: [ADB] Using adb.exe from D:\SoftWare\SDK\platform-tools\adb.exe
2017-05-31 08:18:54:529 - info: [AndroidDriver] Retrieving device list
2017-05-31 08:18:54:529 - info: [debug] [ADB] Trying to find a connected android device
2017-05-31 08:18:54:529 - info: [debug] [ADB] Getting connected devices...
2017-05-31 08:18:54:560 - info: [debug] [ADB] 1 device(s) connected
2017-05-31 08:18:54:560 - info: [AndroidDriver] Using device: 85GBBMA2353T
2017-05-31 08:18:54:560 - info: [ADB] Checking whether adb is present
2017-05-31 08:18:54:560 - info: [ADB] Using adb.exe from D:\SoftWare\SDK\platform-tools\adb.exe
2017-05-31 08:18:54:560 - info: [debug] [ADB] Setting device id to 85GBBMA2353T
2017-05-31 08:18:54:560 - info: [BaseDriver] Using local app 'D:\workSpace\EclipseProjects\AppiumForEclipse\apps\play.apk'
2017-05-31 08:18:54:560 - info: [debug] [AndroidDriver] Checking whether app is actually present
2017-05-31 08:18:54:560 - info: [AndroidDriver] Starting Android session
2017-05-31 08:18:54:560 - info: [debug] [ADB] Running 'D:\SoftWare\SDK\platform-tools\adb.exe' with args: ["-P",5037,"-s","85GBBMA2353T","wait-for-device"]
2017-05-31 08:18:54:592 - info: [debug] [ADB] Getting connected devices...
2017-05-31 08:18:54:623 - info: [debug] [ADB] 1 device(s) connected
2017-05-31 08:18:54:623 - info: [debug] [ADB] Running 'D:\SoftWare\SDK\platform-tools\adb.exe' with args: ["-P",5037,"-s","85GBBMA2353T","shell","echo","ping"]
2017-05-31 08:18:54:670 - info: [debug] [Logcat] Starting logcat capture
2017-05-31 08:18:54:716 - info: [debug] [AndroidDriver] Enabling Unicode keyboard support
2017-05-31 08:18:54:716 - info: [debug] [AndroidDriver] Pushing unicode ime to device...
2017-05-31 08:18:54:716 - info: [debug] [ADB] Running 'D:\SoftWare\SDK\platform-tools\adb.exe' with args: ["-P",5037,"-s","85GBBMA2353T","install","D:\\MyProgram\\nodejs\\node_modules\\appium\\node_modules\\appium-android-ime\\bin\\UnicodeIME-debug.apk"]
2017-05-31 08:18:56:092 - info: [debug] [ADB] Getting connected devices...
2017-05-31 08:18:56:124 - info: [debug] [ADB] 1 device(s) connected
2017-05-31 08:18:56:125 - info: [debug] [ADB] Running 'D:\SoftWare\SDK\platform-tools\adb.exe' with args: ["-P",5037,"-s","85GBBMA2353T","shell","settings","get","secure","default_input_method"]
2017-05-31 08:18:56:929 - info: [debug] [AndroidDriver] Unsetting previous IME com.iflytek.inputmethod/.FlyIME
2017-05-31 08:18:56:930 - info: [debug] [AndroidDriver] Setting IME to 'io.appium.android.ime/.UnicodeIME'
2017-05-31 08:18:56:931 - info: [debug] [ADB] Getting connected devices...
2017-05-31 08:18:56:966 - info: [debug] [ADB] 1 device(s) connected
2017-05-31 08:18:56:967 - info: [debug] [ADB] Running 'D:\SoftWare\SDK\platform-tools\adb.exe' with args: ["-P",5037,"-s","85GBBMA2353T","shell","ime","enable","io.appium.android.ime/.UnicodeIME"]
2017-05-31 08:18:57:782 - info: [debug] [ADB] Getting connected devices...
2017-05-31 08:18:57:817 - info: [debug] [ADB] 1 device(s) connected
2017-05-31 08:18:57:818 - info: [debug] [ADB] Running 'D:\SoftWare\SDK\platform-tools\adb.exe' with args: ["-P",5037,"-s","85GBBMA2353T","shell","ime","set","io.appium.android.ime/.UnicodeIME"]
2017-05-31 08:18:58:575 - info: [debug] [AndroidDriver] Pushing settings apk to device...
2017-05-31 08:18:58:579 - info: [debug] [ADB] Getting install status for io.appium.settings
2017-05-31 08:18:58:582 - info: [debug] [ADB] Getting connected devices...
2017-05-31 08:18:58:626 - info: [debug] [ADB] 1 device(s) connected
2017-05-31 08:18:58:626 - info: [debug] [ADB] Running 'D:\SoftWare\SDK\platform-tools\adb.exe' with args: ["-P",5037,"-s","85GBBMA2353T","shell","pm","list","packages","io.appium.settings"]
2017-05-31 08:18:59:137 - info: [debug] [ADB] App is not installed
2017-05-31 08:18:59:138 - info: [debug] [ADB] Running 'D:\SoftWare\SDK\platform-tools\adb.exe' with args: ["-P",5037,"-s","85GBBMA2353T","install","D:\\MyProgram\\nodejs\\node_modules\\appium\\node_modules\\io.appium.settings\\app\\build\\outputs\\apk\\settings_apk-debug.apk"]
2017-05-31 08:18:59:947 - info: [debug] [ADB] Getting connected devices...
2017-05-31 08:18:59:982 - info: [debug] [ADB] 1 device(s) connected
2017-05-31 08:18:59:982 - info: [debug] [ADB] Running 'D:\SoftWare\SDK\platform-tools\adb.exe' with args: ["-P",5037,"-s","85GBBMA2353T","shell","getprop","ro.build.version.sdk"]
2017-05-31 08:19:00:037 - info: [debug] [ADB] Device API level: 22
2017-05-31 08:19:00:037 - info: [debug] [ADB] Getting connected devices...
2017-05-31 08:19:00:064 - info: [debug] [ADB] 1 device(s) connected
2017-05-31 08:19:00:065 - info: [debug] [ADB] Running 'D:\SoftWare\SDK\platform-tools\adb.exe' with args: ["-P",5037,"-s","85GBBMA2353T","shell","dumpsys","package","io.appium.settings"]
2017-05-31 08:19:00:137 - info: [debug] [AndroidDriver] Pushing unlock helper app to device...
2017-05-31 08:19:00:138 - info: [debug] [ADB] Running 'D:\SoftWare\SDK\platform-tools\adb.exe' with args: ["-P",5037,"-s","85GBBMA2353T","install","D:\\MyProgram\\nodejs\\node_modules\\appium\\node_modules\\appium-unlock\\bin\\unlock_apk-debug.apk"]
2017-05-31 08:19:00:963 - info: [debug] [ADB] Device API level: 22
2017-05-31 08:19:00:964 - info: [debug] [ADB] Getting connected devices...
2017-05-31 08:19:01:001 - info: [debug] [ADB] 1 device(s) connected
2017-05-31 08:19:01:001 - info: [debug] [ADB] Running 'D:\SoftWare\SDK\platform-tools\adb.exe' with args: ["-P",5037,"-s","85GBBMA2353T","shell","settings","put","secure","mock_location","1"]
2017-05-31 08:19:01:703 - info: [ADB] Getting device platform version
2017-05-31 08:19:01:704 - info: [debug] [ADB] Getting connected devices...
2017-05-31 08:19:01:747 - info: [debug] [ADB] 1 device(s) connected
2017-05-31 08:19:01:748 - info: [debug] [ADB] Running 'D:\SoftWare\SDK\platform-tools\adb.exe' with args: ["-P",5037,"-s","85GBBMA2353T","shell","getprop","ro.build.version.release"]
2017-05-31 08:19:01:791 - info: [debug] [ADB] Getting connected devices...
2017-05-31 08:19:01:815 - info: [debug] [ADB] 1 device(s) connected
2017-05-31 08:19:01:817 - info: [debug] [ADB] Running 'D:\SoftWare\SDK\platform-tools\adb.exe' with args: ["-P",5037,"-s","85GBBMA2353T","shell","wm","size"]
2017-05-31 08:19:02:611 - info: [debug] [ADB] Getting connected devices...
2017-05-31 08:19:02:647 - info: [debug] [ADB] 1 device(s) connected
2017-05-31 08:19:02:648 - info: [debug] [ADB] Running 'D:\SoftWare\SDK\platform-tools\adb.exe' with args: ["-P",5037,"-s","85GBBMA2353T","shell","getprop","ro.product.model"]
2017-05-31 08:19:02:706 - info: [debug] [ADB] Current device property 'ro.product.model': MX5
2017-05-31 08:19:02:706 - info: [debug] [ADB] Getting connected devices...
2017-05-31 08:19:02:730 - info: [debug] [ADB] 1 device(s) connected
2017-05-31 08:19:02:731 - info: [debug] [ADB] Running 'D:\SoftWare\SDK\platform-tools\adb.exe' with args: ["-P",5037,"-s","85GBBMA2353T","shell","getprop","ro.product.manufacturer"]
2017-05-31 08:19:02:792 - info: [debug] [ADB] Current device property 'ro.product.manufacturer': Meizu
2017-05-31 08:19:02:933 - info: [AndroidDriver] Remote apk path is /data/local/tmp/42e2f15827830994ee5f75a4ff734348.apk
2017-05-31 08:19:02:934 - info: [debug] [ADB] Getting connected devices...
2017-05-31 08:19:02:956 - info: [debug] [ADB] 1 device(s) connected
2017-05-31 08:19:02:956 - info: [debug] [ADB] Running 'D:\SoftWare\SDK\platform-tools\adb.exe' with args: ["-P",5037,"-s","85GBBMA2353T","shell","ls","/data/local/tmp/42e2f15827830994ee5f75a4ff734348.apk"]
2017-05-31 08:19:03:018 - info: [debug] [AndroidDriver] Checking if app is installed
2017-05-31 08:19:03:018 - info: [debug] [ADB] Getting install status for com.play.android
2017-05-31 08:19:03:018 - info: [debug] [ADB] Getting connected devices...
2017-05-31 08:19:03:043 - info: [debug] [ADB] 1 device(s) connected
2017-05-31 08:19:03:044 - info: [debug] [ADB] Running 'D:\SoftWare\SDK\platform-tools\adb.exe' with args: ["-P",5037,"-s","85GBBMA2353T","shell","pm","list","packages","com.play.android"]
2017-05-31 08:19:03:523 - info: [debug] [ADB] App is installed
2017-05-31 08:19:03:524 - info: [AndroidDriver] Apk is already on remote and installed, resetting
2017-05-31 08:19:03:525 - info: [debug] [AndroidDriver] Running fast reset (stop and clear)
2017-05-31 08:19:03:526 - info: [debug] [ADB] Getting connected devices...
2017-05-31 08:19:03:559 - info: [debug] [ADB] 1 device(s) connected
2017-05-31 08:19:03:559 - info: [debug] [ADB] Running 'D:\SoftWare\SDK\platform-tools\adb.exe' with args: ["-P",5037,"-s","85GBBMA2353T","shell","am","force-stop","com.play.android"]
2017-05-31 08:19:04:307 - info: [debug] [ADB] Getting connected devices...
2017-05-31 08:19:04:335 - info: [debug] [ADB] 1 device(s) connected
2017-05-31 08:19:04:336 - info: [debug] [ADB] Running 'D:\SoftWare\SDK\platform-tools\adb.exe' with args: ["-P",5037,"-s","85GBBMA2353T","shell","pm","clear","com.play.android"]
2017-05-31 08:19:04:882 - info: [debug] [AndroidDriver] Extracting strings from apk D:\workSpace\EclipseProjects\AppiumForEclipse\apps\play.apk null C:\Users\ADMINI~1\AppData\Local\Temp\com.play.android
2017-05-31 08:19:04:884 - info: [debug] [ADB] Extracting strings for language: default
2017-05-31 08:19:04:885 - info: [debug] [ADB] Device API level: 22
2017-05-31 08:19:04:886 - info: [debug] [ADB] Getting connected devices...
2017-05-31 08:19:04:924 - info: [debug] [ADB] 1 device(s) connected
2017-05-31 08:19:04:924 - info: [debug] [ADB] Running 'D:\SoftWare\SDK\platform-tools\adb.exe' with args: ["-P",5037,"-s","85GBBMA2353T","shell","getprop","persist.sys.language"]
2017-05-31 08:19:04:963 - info: [debug] [ADB] Current device property 'persist.sys.language': zh
2017-05-31 08:19:06:119 - info: [debug] [ADB] Reading strings from converted strings.json
2017-05-31 08:19:06:122 - info: [debug] [ADB] Running 'D:\SoftWare\SDK\platform-tools\adb.exe' with args: ["-P",5037,"-s","85GBBMA2353T","push","C:\\Users\\ADMINI~1\\AppData\\Local\\Temp\\com.play.android\\strings.json","/data/local/tmp"]
2017-05-31 08:19:06:164 - info: [debug] [AndroidBootstrap] Watching for bootstrap disconnect
2017-05-31 08:19:06:166 - info: [debug] [ADB] Forwarding system: 4724 to device: 4724
2017-05-31 08:19:06:166 - info: [debug] [ADB] Running 'D:\SoftWare\SDK\platform-tools\adb.exe' with args: ["-P",5037,"-s","85GBBMA2353T","forward","tcp:4724","tcp:4724"]
2017-05-31 08:19:06:175 - info: [debug] [UiAutomator] Starting UiAutomator
2017-05-31 08:19:06:176 - info: [debug] [UiAutomator] Moving to state 'starting'
2017-05-31 08:19:06:177 - info: [debug] [UiAutomator] Parsing uiautomator jar
2017-05-31 08:19:06:178 - info: [debug] [UiAutomator] Found jar name: 'AppiumBootstrap.jar'
2017-05-31 08:19:06:178 - info: [debug] [ADB] Running 'D:\SoftWare\SDK\platform-tools\adb.exe' with args: ["-P",5037,"-s","85GBBMA2353T","push","D:\\MyProgram\\nodejs\\node_modules\\appium\\node_modules\\appium-android-bootstrap\\bootstrap\\bin\\AppiumBootstrap.jar","/data/local/tmp/"]
2017-05-31 08:19:06:224 - info: [debug] [ADB] Attempting to kill all uiautomator processes
2017-05-31 08:19:06:225 - info: [debug] [ADB] Getting all processes with uiautomator
2017-05-31 08:19:06:225 - info: [debug] [ADB] Getting connected devices...
2017-05-31 08:19:06:248 - info: [debug] [ADB] 1 device(s) connected
2017-05-31 08:19:06:248 - info: [debug] [ADB] Running 'D:\SoftWare\SDK\platform-tools\adb.exe' with args: ["-P",5037,"-s","85GBBMA2353T","shell","ps"]
2017-05-31 08:19:06:407 - info: [ADB] No uiautomator process found to kill, continuing...
2017-05-31 08:19:06:407 - info: [debug] [UiAutomator] Starting UIAutomator
2017-05-31 08:19:06:407 - info: [debug] [ADB] Creating ADB subprocess with args: ["-P",5037,"-s","85GBBMA2353T","shell","uiautomator","runtest","AppiumBootstrap.jar","-c","io.appium.android.bootstrap.Bootstrap","-e","pkg","com.play.android","-e","disableAndroidWatchers",false,"-e","acceptSslCerts",false]
2017-05-31 08:19:07:944 - info: [debug] [UiAutomator] Moving to state 'online'
2017-05-31 08:19:07:955 - info: [AndroidBootstrap] [BOOTSTRAP LOG] [debug] json loading complete.
2017-05-31 08:19:07:956 - info: [AndroidBootstrap] [BOOTSTRAP LOG] [debug] Registered crash watchers.
2017-05-31 08:19:07:959 - info: [AndroidBootstrap] Android bootstrap socket is now connected
2017-05-31 08:19:07:961 - info: [debug] [ADB] Getting connected devices...
2017-05-31 08:19:07:976 - info: [AndroidBootstrap] [BOOTSTRAP LOG] [debug] Client connected
2017-05-31 08:19:07:993 - info: [debug] [ADB] 1 device(s) connected
2017-05-31 08:19:07:993 - info: [debug] [ADB] Running 'D:\SoftWare\SDK\platform-tools\adb.exe' with args: ["-P",5037,"-s","85GBBMA2353T","shell","dumpsys","window"]
2017-05-31 08:19:08:049 - info: [AndroidDriver] Screen already unlocked, doing nothing
2017-05-31 08:19:08:051 - info: [debug] [ADB] Device API level: 22
2017-05-31 08:19:08:051 - info: [debug] [ADB] Getting connected devices...
2017-05-31 08:19:08:076 - info: [debug] [ADB] 1 device(s) connected
2017-05-31 08:19:08:076 - info: [debug] [ADB] Running 'D:\SoftWare\SDK\platform-tools\adb.exe' with args: ["-P",5037,"-s","85GBBMA2353T","shell","am","start","-W","-n","com.play.android/com.play.android.activity.SplashActivity","-S","-a","android.intent.action.MAIN","-c","android.intent.category.LAUNCHER","-f","0x10200000"]
2017-05-31 08:19:09:995 - info: [Appium] New AndroidDriver session created successfully, session 7aa47360-5dbe-4157-8e8c-7852853a9be0 added to master session list
2017-05-31 08:19:09:996 - info: [debug] [BaseDriver] Event 'newSessionStarted' logged at 1496218749995 (16:19:09 GMT+0800 (中国标准时间))
2017-05-31 08:19:09:996 - info: [debug] [MJSONWP] Responding to client with driver.createSession() result: {"platform":"LINUX","webStorageEnabled":false,"takesScreenshot":true,"javascriptEnabled":true,"databaseEnabled":false,"networkConnectionEnabled":true,"locationContextEnabled":false,"warnings":{},"desired":{"appPackage":"com.play.android","appActivity":"com.play.android.activity.SplashActivity","app":"D:\\workSpace\\EclipseProjects\\AppiumForEclipse\\apps\\play.apk","noSign":true,"unicodeKeyboard":true,"platformName":"Android","deviceName":"022TAS7N51009853","resetKeyboard":true},"appPackage":"com.play.android","appActivity":"com.play.android.activity.SplashActivity","app":"D:\\workSpace\\EclipseProjects\\AppiumForEclipse\\apps\\play.apk","noSign":true,"unicodeKeyboard":true,"platformName":"Android","deviceName":"85GBBMA2353T","resetKeyboard":true,"deviceUDID":"85GBBMA2353T","platformVersion":"5.1","deviceScreenSize":"1080x1920","deviceModel":"MX5","deviceManufacturer":"Meizu"}
2017-05-31 08:19:09:997 - info: [HTTP] <-- POST /wd/hub/session 200 15636 ms - 961 
2017-05-31 08:19:11:878 - info: [HTTP] --> POST /wd/hub/session/7aa47360-5dbe-4157-8e8c-7852853a9be0/timeouts {"type":"implicit","ms":20000}
2017-05-31 08:19:11:880 - info: [debug] [MJSONWP] Calling AppiumDriver.timeouts() with args: ["implicit",20000,"7aa47360-5dbe-4157-8e8c-7852853a9be0"]
2017-05-31 08:19:11:882 - info: [debug] [BaseDriver] Set implicit wait to 20000ms
2017-05-31 08:19:11:884 - info: [debug] [MJSONWP] Responding to client with driver.timeouts() result: null
2017-05-31 08:19:11:885 - info: [HTTP] <-- POST /wd/hub/session/7aa47360-5dbe-4157-8e8c-7852853a9be0/timeouts 200 6 ms - 76 
2017-05-31 08:19:12:171 - info: [HTTP] --> POST /wd/hub/session/7aa47360-5dbe-4157-8e8c-7852853a9be0/timeouts {"type":"implicit","ms":20000}
2017-05-31 08:19:12:172 - info: [debug] [MJSONWP] Calling AppiumDriver.timeouts() with args: ["implicit",20000,"7aa47360-5dbe-4157-8e8c-7852853a9be0"]
2017-05-31 08:19:12:173 - info: [debug] [BaseDriver] Set implicit wait to 20000ms
2017-05-31 08:19:12:174 - info: [debug] [MJSONWP] Responding to client with driver.timeouts() result: null
2017-05-31 08:19:12:175 - info: [HTTP] <-- POST /wd/hub/session/7aa47360-5dbe-4157-8e8c-7852853a9be0/timeouts 200 4 ms - 76 
2017-05-31 08:19:12:193 - info: [HTTP] --> GET /wd/hub/session/7aa47360-5dbe-4157-8e8c-7852853a9be0/appium/device/current_activity {}
2017-05-31 08:19:12:197 - info: [debug] [MJSONWP] Calling AppiumDriver.getCurrentActivity() with args: ["7aa47360-5dbe-4157-8e8c-7852853a9be0"]
2017-05-31 08:19:12:199 - info: [debug] [ADB] Getting focused package and activity
2017-05-31 08:19:12:199 - info: [debug] [ADB] Getting connected devices...
2017-05-31 08:19:12:234 - info: [debug] [ADB] 1 device(s) connected
2017-05-31 08:19:12:235 - info: [debug] [ADB] Running 'D:\SoftWare\SDK\platform-tools\adb.exe' with args: ["-P",5037,"-s","85GBBMA2353T","shell","dumpsys","window","windows"]
2017-05-31 08:19:12:317 - info: [debug] [MJSONWP] Responding to client with driver.getCurrentActivity() result: ".activity.main.HomeActivity"
2017-05-31 08:19:12:319 - info: [HTTP] <-- GET /wd/hub/session/7aa47360-5dbe-4157-8e8c-7852853a9be0/appium/device/current_activity 200 125 ms - 101 
2017-05-31 08:19:12:369 - info: [HTTP] --> POST /wd/hub/session/7aa47360-5dbe-4157-8e8c-7852853a9be0/timeouts {"type":"implicit","ms":0}
2017-05-31 08:19:12:369 - info: [debug] [MJSONWP] Calling AppiumDriver.timeouts() with args: ["implicit",0,"7aa47360-5dbe-4157-8e8c-7852853a9be0"]
2017-05-31 08:19:12:370 - info: [debug] [BaseDriver] Set implicit wait to 0ms
2017-05-31 08:19:12:371 - info: [debug] [MJSONWP] Responding to client with driver.timeouts() result: null
2017-05-31 08:19:12:373 - info: [HTTP] <-- POST /wd/hub/session/7aa47360-5dbe-4157-8e8c-7852853a9be0/timeouts 200 3 ms - 76 
2017-05-31 08:19:12:397 - info: [HTTP] --> GET /wd/hub/session/7aa47360-5dbe-4157-8e8c-7852853a9be0/context {}
2017-05-31 08:19:12:398 - info: [debug] [MJSONWP] Calling AppiumDriver.getCurrentContext() with args: ["7aa47360-5dbe-4157-8e8c-7852853a9be0"]
2017-05-31 08:19:12:401 - info: [debug] [MJSONWP] Responding to client with driver.getCurrentContext() result: "NATIVE_APP"
2017-05-31 08:19:12:402 - info: [HTTP] <-- GET /wd/hub/session/7aa47360-5dbe-4157-8e8c-7852853a9be0/context 200 4 ms - 84 
2017-05-31 08:19:12:407 - info: [HTTP] --> POST /wd/hub/session/7aa47360-5dbe-4157-8e8c-7852853a9be0/elements {"using":"id","value":"com.play.android:id/sdv_image"}
2017-05-31 08:19:12:408 - info: [debug] [MJSONWP] Calling AppiumDriver.findElements() with args: ["id","com.play.android:id/sdv_image","7aa47360-5dbe-4157-8e8c-7852853a9be0"]
2017-05-31 08:19:12:409 - info: [debug] [BaseDriver] Valid locator strategies for this request: xpath, id, class name, accessibility id, -android uiautomator
2017-05-31 08:19:12:410 - info: [debug] [BaseDriver] Valid locator strategies for this request: xpath, id, class name, accessibility id, -android uiautomator
2017-05-31 08:19:12:411 - info: [debug] [BaseDriver] Waiting up to 0 ms for condition
2017-05-31 08:19:12:416 - info: [debug] [AndroidBootstrap] Sending command to android: {"cmd":"action","action":"find","params":{"strategy":"id","selector":"com.play.android:id/sdv_image","context":"","multiple":true}}
2017-05-31 08:19:12:421 - info: [AndroidBootstrap] [BOOTSTRAP LOG] [debug] Got data from client: {"cmd":"action","action":"find","params":{"strategy":"id","selector":"com.play.android:id/sdv_image","context":"","multiple":true}}
2017-05-31 08:19:12:421 - info: [AndroidBootstrap] [BOOTSTRAP LOG] [debug] Got command of type ACTION
2017-05-31 08:19:12:423 - info: [AndroidBootstrap] [BOOTSTRAP LOG] [debug] Got command action: find
2017-05-31 08:19:12:428 - info: [AndroidBootstrap] [BOOTSTRAP LOG] [debug] Finding 'com.play.android:id/sdv_image' using 'ID' with the contextId: '' multiple: true
2017-05-31 08:19:12:428 - info: [AndroidBootstrap] [BOOTSTRAP LOG] [debug] Using: UiSelector[RESOURCE_ID=com.play.android:id/sdv_image]
2017-05-31 08:19:12:428 - info: [AndroidBootstrap] [BOOTSTRAP LOG] [debug] getElements selector:UiSelector[RESOURCE_ID=com.play.android:id/sdv_image]
2017-05-31 08:19:12:429 - info: [AndroidBootstrap] [BOOTSTRAP LOG] [debug] Element[] is null: (0)
2017-05-31 08:19:12:429 - info: [AndroidBootstrap] [BOOTSTRAP LOG] [debug] getElements tmp selector:UiSelector[INSTANCE=0, RESOURCE_ID=com.play.android:id/sdv_image]
2017-05-31 08:19:12:447 - info: [AndroidBootstrap] [BOOTSTRAP LOG] [debug] Element[] is null: (1)
2017-05-31 08:19:12:448 - info: [AndroidBootstrap] [BOOTSTRAP LOG] [debug] getElements tmp selector:UiSelector[INSTANCE=1, RESOURCE_ID=com.play.android:id/sdv_image]
2017-05-31 08:19:12:481 - info: [AndroidBootstrap] [BOOTSTRAP LOG] [debug] Element[] is null: (2)
2017-05-31 08:19:12:481 - info: [AndroidBootstrap] [BOOTSTRAP LOG] [debug] getElements tmp selector:UiSelector[INSTANCE=2, RESOURCE_ID=com.play.android:id/sdv_image]
2017-05-31 08:19:12:527 - info: [AndroidBootstrap] [BOOTSTRAP LOG] [debug] Returning result: {"status":0,"value":[{"ELEMENT":"1"},{"ELEMENT":"2"}]}
2017-05-31 08:19:12:528 - info: [debug] [AndroidBootstrap] Received command result from bootstrap
2017-05-31 08:19:12:530 - info: [debug] [MJSONWP] Responding to client with driver.findElements() result: [{"ELEMENT":"1"},{"ELEMENT":"2"}]
2017-05-31 08:19:12:531 - info: [HTTP] <-- POST /wd/hub/session/7aa47360-5dbe-4157-8e8c-7852853a9be0/elements 200 124 ms - 105 
2017-05-31 08:19:12:911 - info: [HTTP] --> POST /wd/hub/session/7aa47360-5dbe-4157-8e8c-7852853a9be0/timeouts {"type":"implicit","ms":5000}
2017-05-31 08:19:12:912 - info: [debug] [MJSONWP] Calling AppiumDriver.timeouts() with args: ["implicit",5000,"7aa47360-5dbe-4157-8e8c-7852853a9be0"]
2017-05-31 08:19:12:913 - info: [debug] [BaseDriver] Set implicit wait to 5000ms
2017-05-31 08:19:12:914 - info: [debug] [MJSONWP] Responding to client with driver.timeouts() result: null
2017-05-31 08:19:12:916 - info: [HTTP] <-- POST /wd/hub/session/7aa47360-5dbe-4157-8e8c-7852853a9be0/timeouts 200 3 ms - 76 
2017-05-31 08:19:12:954 - info: [HTTP] --> POST /wd/hub/session/7aa47360-5dbe-4157-8e8c-7852853a9be0/timeouts {"type":"implicit","ms":0}
2017-05-31 08:19:12:954 - info: [debug] [MJSONWP] Calling AppiumDriver.timeouts() with args: ["implicit",0,"7aa47360-5dbe-4157-8e8c-7852853a9be0"]
2017-05-31 08:19:12:955 - info: [debug] [BaseDriver] Set implicit wait to 0ms
2017-05-31 08:19:12:956 - info: [debug] [MJSONWP] Responding to client with driver.timeouts() result: null
2017-05-31 08:19:12:957 - info: [HTTP] <-- POST /wd/hub/session/7aa47360-5dbe-4157-8e8c-7852853a9be0/timeouts 200 3 ms - 76 
2017-05-31 08:19:12:962 - info: [HTTP] --> GET /wd/hub/session/7aa47360-5dbe-4157-8e8c-7852853a9be0/context {}
2017-05-31 08:19:12:963 - info: [debug] [MJSONWP] Calling AppiumDriver.getCurrentContext() with args: ["7aa47360-5dbe-4157-8e8c-7852853a9be0"]
2017-05-31 08:19:12:965 - info: [debug] [MJSONWP] Responding to client with driver.getCurrentContext() result: "NATIVE_APP"
2017-05-31 08:19:12:966 - info: [HTTP] <-- GET /wd/hub/session/7aa47360-5dbe-4157-8e8c-7852853a9be0/context 200 3 ms - 84 
2017-05-31 08:19:12:970 - info: [HTTP] --> POST /wd/hub/session/7aa47360-5dbe-4157-8e8c-7852853a9be0/elements {"using":"id","value":"com.play.android:id/sdv_image"}
2017-05-31 08:19:12:971 - info: [debug] [MJSONWP] Calling AppiumDriver.findElements() with args: ["id","com.play.android:id/sdv_image","7aa47360-5dbe-4157-8e8c-7852853a9be0"]
2017-05-31 08:19:12:972 - info: [debug] [BaseDriver] Valid locator strategies for this request: xpath, id, class name, accessibility id, -android uiautomator
2017-05-31 08:19:12:972 - info: [debug] [BaseDriver] Valid locator strategies for this request: xpath, id, class name, accessibility id, -android uiautomator
2017-05-31 08:19:12:973 - info: [debug] [BaseDriver] Waiting up to 0 ms for condition
2017-05-31 08:19:12:974 - info: [debug] [AndroidBootstrap] Sending command to android: {"cmd":"action","action":"find","params":{"strategy":"id","selector":"com.play.android:id/sdv_image","context":"","multiple":true}}
2017-05-31 08:19:12:979 - info: [AndroidBootstrap] [BOOTSTRAP LOG] [debug] Got data from client: {"cmd":"action","action":"find","params":{"strategy":"id","selector":"com.play.android:id/sdv_image","context":"","multiple":true}}
2017-05-31 08:19:12:979 - info: [AndroidBootstrap] [BOOTSTRAP LOG] [debug] Got command of type ACTION
2017-05-31 08:19:12:979 - info: [AndroidBootstrap] [BOOTSTRAP LOG] [debug] Got command action: find
2017-05-31 08:19:12:980 - info: [AndroidBootstrap] [BOOTSTRAP LOG] [debug] Finding 'com.play.android:id/sdv_image' using 'ID' with the contextId: '' multiple: true
2017-05-31 08:19:12:980 - info: [AndroidBootstrap] [BOOTSTRAP LOG] [debug] Using: UiSelector[RESOURCE_ID=com.play.android:id/sdv_image]
2017-05-31 08:19:12:980 - info: [AndroidBootstrap] [BOOTSTRAP LOG] [debug] getElements selector:UiSelector[RESOURCE_ID=com.play.android:id/sdv_image]
2017-05-31 08:19:12:981 - info: [AndroidBootstrap] [BOOTSTRAP LOG] [debug] Element[] is null: (0)
2017-05-31 08:19:12:982 - info: [AndroidBootstrap] [BOOTSTRAP LOG] [debug] getElements tmp selector:UiSelector[INSTANCE=0, RESOURCE_ID=com.play.android:id/sdv_image]
2017-05-31 08:19:13:008 - info: [AndroidBootstrap] [BOOTSTRAP LOG] [debug] Element[] is null: (1)
2017-05-31 08:19:13:008 - info: [AndroidBootstrap] [BOOTSTRAP LOG] [debug] getElements tmp selector:UiSelector[INSTANCE=1, RESOURCE_ID=com.play.android:id/sdv_image]
2017-05-31 08:19:13:043 - info: [AndroidBootstrap] [BOOTSTRAP LOG] [debug] Element[] is null: (2)
2017-05-31 08:19:13:043 - info: [AndroidBootstrap] [BOOTSTRAP LOG] [debug] getElements tmp selector:UiSelector[INSTANCE=2, RESOURCE_ID=com.play.android:id/sdv_image]
2017-05-31 08:19:13:076 - info: [AndroidBootstrap] [BOOTSTRAP LOG] [debug] Returning result: {"status":0,"value":[{"ELEMENT":"3"},{"ELEMENT":"4"}]}
2017-05-31 08:19:13:077 - info: [debug] [AndroidBootstrap] Received command result from bootstrap
2017-05-31 08:19:13:078 - info: [debug] [MJSONWP] Responding to client with driver.findElements() result: [{"ELEMENT":"3"},{"ELEMENT":"4"}]
2017-05-31 08:19:13:080 - info: [HTTP] <-- POST /wd/hub/session/7aa47360-5dbe-4157-8e8c-7852853a9be0/elements 200 109 ms - 105 
2017-05-31 08:19:13:309 - info: [HTTP] --> POST /wd/hub/session/7aa47360-5dbe-4157-8e8c-7852853a9be0/timeouts {"type":"implicit","ms":5000}
2017-05-31 08:19:13:309 - info: [debug] [MJSONWP] Calling AppiumDriver.timeouts() with args: ["implicit",5000,"7aa47360-5dbe-4157-8e8c-7852853a9be0"]
2017-05-31 08:19:13:310 - info: [debug] [BaseDriver] Set implicit wait to 5000ms
2017-05-31 08:19:13:313 - info: [debug] [MJSONWP] Responding to client with driver.timeouts() result: null
2017-05-31 08:19:13:314 - info: [HTTP] <-- POST /wd/hub/session/7aa47360-5dbe-4157-8e8c-7852853a9be0/timeouts 200 5 ms - 76 
2017-05-31 08:19:13:341 - info: [HTTP] --> POST /wd/hub/session/7aa47360-5dbe-4157-8e8c-7852853a9be0/element/4/click {"id":"4"}
2017-05-31 08:19:13:341 - info: [debug] [MJSONWP] Calling AppiumDriver.click() with args: ["4","7aa47360-5dbe-4157-8e8c-7852853a9be0"]
2017-05-31 08:19:13:343 - info: [debug] [AndroidBootstrap] Sending command to android: {"cmd":"action","action":"element:click","params":{"elementId":"4"}}
2017-05-31 08:19:13:347 - info: [AndroidBootstrap] [BOOTSTRAP LOG] [debug] Got data from client: {"cmd":"action","action":"element:click","params":{"elementId":"4"}}
2017-05-31 08:19:13:348 - info: [AndroidBootstrap] [BOOTSTRAP LOG] [debug] Got command of type ACTION
2017-05-31 08:19:13:348 - info: [AndroidBootstrap] [BOOTSTRAP LOG] [debug] Got command action: click
2017-05-31 08:19:13:500 - info: [AndroidBootstrap] [BOOTSTRAP LOG] [debug] Returning result: {"status":0,"value":true}
2017-05-31 08:19:13:500 - info: [debug] [AndroidBootstrap] Received command result from bootstrap
2017-05-31 08:19:13:501 - info: [debug] [MJSONWP] Responding to client with driver.click() result: true
2017-05-31 08:19:13:501 - info: [HTTP] <-- POST /wd/hub/session/7aa47360-5dbe-4157-8e8c-7852853a9be0/element/4/click 200 160 ms - 76 
2017-05-31 08:19:13:505 - info: [HTTP] --> GET /wd/hub/session/7aa47360-5dbe-4157-8e8c-7852853a9be0/appium/device/current_activity {}
2017-05-31 08:19:13:505 - info: [debug] [MJSONWP] Calling AppiumDriver.getCurrentActivity() with args: ["7aa47360-5dbe-4157-8e8c-7852853a9be0"]
2017-05-31 08:19:13:507 - info: [debug] [ADB] Getting focused package and activity
2017-05-31 08:19:13:508 - info: [debug] [ADB] Getting connected devices...
2017-05-31 08:19:13:531 - info: [debug] [ADB] 1 device(s) connected
2017-05-31 08:19:13:531 - info: [debug] [ADB] Running 'D:\SoftWare\SDK\platform-tools\adb.exe' with args: ["-P",5037,"-s","85GBBMA2353T","shell","dumpsys","window","windows"]
2017-05-31 08:19:13:589 - info: [debug] [MJSONWP] Responding to client with driver.getCurrentActivity() result: ".activity.product.ProductClassifitionActivity"
2017-05-31 08:19:13:589 - info: [HTTP] <-- GET /wd/hub/session/7aa47360-5dbe-4157-8e8c-7852853a9be0/appium/device/current_activity 200 85 ms - 119 
2017-05-31 08:19:13:599 - info: [HTTP] --> GET /wd/hub/session/7aa47360-5dbe-4157-8e8c-7852853a9be0/contexts {}
2017-05-31 08:19:13:600 - info: [debug] [MJSONWP] Calling AppiumDriver.getContexts() with args: ["7aa47360-5dbe-4157-8e8c-7852853a9be0"]
2017-05-31 08:19:13:601 - info: [debug] [AndroidDriver] Getting a list of available webviews
2017-05-31 08:19:13:601 - info: [debug] [ADB] Getting connected devices...
2017-05-31 08:19:13:636 - info: [debug] [ADB] 1 device(s) connected
2017-05-31 08:19:13:637 - info: [debug] [ADB] Running 'D:\SoftWare\SDK\platform-tools\adb.exe' with args: ["-P",5037,"-s","85GBBMA2353T","shell","cat","/proc/net/unix"]
2017-05-31 08:19:13:679 - info: [debug] [AndroidDriver] Found webviews: []
2017-05-31 08:19:13:680 - info: [debug] [AndroidDriver] Available contexts: ["NATIVE_APP"]
2017-05-31 08:19:13:681 - info: [debug] [MJSONWP] Responding to client with driver.getContexts() result: ["NATIVE_APP"]
2017-05-31 08:19:13:682 - info: [HTTP] <-- GET /wd/hub/session/7aa47360-5dbe-4157-8e8c-7852853a9be0/contexts 200 82 ms - 86 
2017-05-31 08:19:13:686 - info: [HTTP] --> GET /wd/hub/session/7aa47360-5dbe-4157-8e8c-7852853a9be0/source {}
2017-05-31 08:19:13:686 - info: [debug] [MJSONWP] Calling AppiumDriver.getPageSource() with args: ["7aa47360-5dbe-4157-8e8c-7852853a9be0"]
2017-05-31 08:19:13:687 - info: [debug] [AndroidBootstrap] Sending command to android: {"cmd":"action","action":"source","params":{}}
2017-05-31 08:19:13:690 - info: [AndroidBootstrap] [BOOTSTRAP LOG] [debug] Got data from client: {"cmd":"action","action":"source","params":{}}
2017-05-31 08:19:13:690 - info: [AndroidBootstrap] [BOOTSTRAP LOG] [debug] Got command of type ACTION
2017-05-31 08:19:13:690 - info: [AndroidBootstrap] [BOOTSTRAP LOG] [debug] Got command action: source
2017-05-31 08:19:14:032 - info: [debug] [AndroidBootstrap] [UIAUTO STDOUT] [APPIUM-UIAUTO] [debug] Returning result: {"status":0,"value":"<?xml version=\"1.0\" encoding=\"UTF-8\"?><hierarchy rotation=\"0\"><android.widget.FrameLayout index=\"0\" text=\"\" class=\"android.widget.FrameLayout\" package=\"com.play.android\" content-desc=\"\" checkable=\"false\" checked=\"false\" clickable=\"false\" enabled=\"true\" focusable=\"false\" focused=\"false\" scrollable=\"false\" long-clickable=\"false\" password=\"false\" selected=\"false\" bounds=\"[0,0][1080,1920]\" resource-id=\"\" instance=\"0\"><android.widget.LinearLayout index=\"0\" text=\"\" class=\"android.widget.LinearLayout\" package=\"com.play.android\" content-desc=\"\" checkable=\"false\" checked=\"false\" clickable=\"false\" enabled=\"true\" focusable=\"false\" focused=\"false\" scrollable=\"false\" long-clickable=\"false\" password=\"false\" selected=\"false\" bounds=\"[0,0][1080,1920]\" resource-id=\"\" instance=\"0\"><android.widget.FrameLayout index=\"0\" text=\"\" class=\"android.widget.FrameLayout\" package=\"com.play.android\" content-desc=\"\" checkable=\"false\" checked=\"false\" clickable=\"false\" enabled=\"true\" focusable=\"false\" focused=\"false\" scrollable=\"false\" long-clickable=\"false\" password=\"false\" selected=\"false\" bounds=\"[0,66][1080,1920]\" resource-id=\"\" instance=\"1\"><android.widget.LinearLayout index=\"0\" text=\"\" class=\"android.widget.LinearLayout\" package=\"com.play.android\" content-desc=\"\" checkable=\"false\" checked=\"false\" clickable=\"false\" enabled=\"true\" focusable=\"false\" focused=\"false\" scrollable=\"false\" long-clickable=\"false\" password=\"false\" selected=\"false\" bounds=\"[0,66][1080,1920]\" resource-id=\"com.play.android:id\/action_bar_root\" instance=\"1\"><android.widget.FrameLayout index=\"0\" text=\"\" class=\"android.widget.FrameLayout\" package=\"com.play.android\" content-desc=\"\" checkable=\"false\" checked=\"false\" clickable=\"false\" enabled=\"true\" focusable=\"false\" focused=\"false\" scrollable=\"false\" long-clickable=\"false\" password=\"false\" selected=\"false\" bounds=\"[0,66][1080,1920]\" resource-id=\"android:id\/content\" instance=\"2\"><android.widget.RelativeLayout index=\"0\" text=\"\" class=\"android.widget.RelativeLayout\" package=\"com.play.android\" content-desc=\"\" checkable=\"false\" checked=\"false\" clickable=\"false\" enabled=\"true\" focusable=\"false\" focused=\"false\" scrollable=\"false\" long-clickable=\"false\" password=\"false\" selected=\"false\" bounds=\"[0,66][1080,1920]\" resource-id=\"com.play.android:id\/activity_home\" instance=\"0\"><android.widget.LinearLayout index=\"0\" text=\"\" class=\"android.widget.LinearLayout\" package=\"com.play.android\" content-desc=\"\" checkable=\"false\" checked=\"false\" clickable=\"false\" enabled=\"true\" focusable=\"false\" focused=\"false\" scrollable=\"false\" long-clickable=\"false\" password=\"false\" selected=\"false\" bounds=\"[0,66][1080,1920]\" resource-id=\"\" instance=\"2\"><android.widget.RelativeLayout index=\"0\" text=\"\" class=\"android.widget.RelativeLayout\" package=\"com.play.android\" content-desc=\"\" checkable=\"false\" checked=\"false\" clickable=\"false\" enabled=\"true\" focusable=\"false\" focused=\"false\" scrollable=\"false\" long-clickable=\"false\" password=\"false\" selected=\"false\" bounds=\"[0,66][1080,1785]\" resource-id=\"\" instance=\"1\"><android.widget.RelativeLayout index=\"0\" text=\"\" class=\"android.widget.RelativeLayout\" package=\"com.play.android\" content-desc=\"\" checkable=\"false\" checked=\"false\" clickable=\"false\" enabled=\"true\" focusable=\"false\" focused=\"false\" scrollable=\"false\" long-clickable=\"false\" password=\"false\" selected=\"false\" bounds=\"[0,66][1080,1785]\" resource-id=\"com.play.android:id\/rl_fragment\" instance=\"2\"><android.widget.LinearLayout index=\"0\" text=\"\" class=\"android.widget.LinearLayout\" package=\"com.play.android\" content-desc=\"\" checkable=\"false\" checked=\"false\" clickable=\"false\" enabled=\"true\" focusable=\"false\" focused=\"false\" scrollable=\"false\" long-clickable=\"false\"
2017-05-31 08:19:14:033 - info: [debug] [AndroidBootstrap] [UIAUTO STDOUT]  password=\"false\" selected=\"false\" bounds=\"[0,66][1080,1785]\" resource-id=\"\" instance=\"3\"><android.view.View index=\"0\" text=\"\" class=\"android.view.View\" package=\"com.play.android\" content-desc=\"\" checkable=\"false\" checked=\"false\" clickable=\"false\" enabled=\"true\" focusable=\"false\" focused=\"false\" scrollable=\"false\" long-clickable=\"false\" password=\"false\" selected=\"false\" bounds=\"[0,66][1080,1785]\" resource-id=\"com.play.android:id\/srf_category\" instance=\"0\"><android.support.v7.widget.RecyclerView index=\"0\" text=\"\" class=\"android.support.v7.widget.RecyclerView\" package=\"com.play.android\" content-desc=\"\" checkable=\"false\" checked=\"false\" clickable=\"false\" enabled=\"true\" focusable=\"true\" focused=\"true\" scrollable=\"true\" long-clickable=\"false\" password=\"false\" selected=\"false\" bounds=\"[0,66][1080,1785]\" resource-id=\"com.play.android:id\/rcv_categories\" instance=\"0\"><android.widget.LinearLayout index=\"0\" text=\"\" class=\"android.widget.LinearLayout\" package=\"com.play.android\" content-desc=\"\" checkable=\"false\" checked=\"false\" clickable=\"false\" enabled=\"true\" focusable=\"false\" focused=\"false\" scrollable=\"false\" long-clickable=\"false\" password=\"false\" selected=\"false\" bounds=\"[0,66][1080,786]\" resource-id=\"\" instance=\"4\"><android.widget.LinearLayout index=\"0\" text=\"\" class=\"android.widget.LinearLayout\" package=\"com.play.android\" content-desc=\"\" checkable=\"false\" checked=\"false\" clickable=\"false\" enabled=\"true\" focusable=\"false\" focused=\"false\" scrollable=\"false\" long-clickable=\"false\" password=\"false\" selected=\"false\" bounds=\"[0,66][1080,786]\" resource-id=\"com.play.android:id\/cb_banner\" instance=\"5\"><android.widget.LinearLayout index=\"0\" text=\"\" class=\"android.widget.LinearLayout\" package=\"com.play.android\" content-desc=\"\" checkable=\"false\" checked=\"false\" clickable=\"false\" enabled=\"true\" focusable=\"false\" focused=\"false\" scrollable=\"false\" long-clickable=\"false\" password=\"false\" selected=\"false\" bounds=\"[0,66][1080,786]\" resource-id=\"\" instance=\"6\"><android.widget.RelativeLayout index=\"0\" text=\"\" class=\"android.widget.RelativeLayout\" package=\"com.play.android\" content-desc=\"\" checkable=\"false\" checked=\"false\" clickable=\"false\" enabled=\"true\" focusable=\"false\" focused=\"false\" scrollable=\"false\" long-clickable=\"false\" password=\"false\" selected=\"false\" bounds=\"[0,66][1080,786]\" resource-id=\"\" instance=\"3\"><android.support.v4.view.ViewPager index=\"0\" text=\"\" class=\"android.support.v4.view.ViewPager\" package=\"com.play.android\" content-desc=\"\" checkable=\"false\" checked=\"false\" clickable=\"false\" enabled=\"true\" focusable=\"true\" focused=\"false\" scrollable=\"true\" long-clickable=\"false\" password=\"false\" selected=\"false\" bounds=\"[0,66][1080,786]\" resource-id=\"com.play.android:id\/cbLoopViewPager\" instance=\"0\"><android.widget.ImageView NAF=\"true\" index=\"1\" text=\"\" class=\"android.widget.ImageView\" package=\"com.play.android\" content-desc=\"\" checkable=\"false\" checked=\"false\" clickable=\"true\" enabled=\"true\" focusable=\"false\" focused=\"false\" scrollable=\"false\" long-clickable=\"false\" password=\"false\" selected=\"false\" bounds=\"[0,66][1080,786]\" resource-id=\"\" instance=\"0\"\/><\/android.support.v4.view.ViewPager><android.widget.LinearLayout index=\"1\" text=\"\" class=\"android.widget.LinearLayout\" package=\"com.play.android\" content-desc=\"\" checkable=\"false\" checked=\"false\" clickable=\"false\" enabled=\"true\" focusable=\"false\" focused=\"false\" scrollable=\"false\" long-clickable=\"false\" password=\"false\" selected=\"false\" bounds=\"[524,735][555,756]\" resource-id=\"com.play.android:id\/loPageTurningPoint\" instance=\"7\"><android.widget.ImageView index=\"0\" text=\"\" class=\"android.widget.ImageView\" package=\"com.play.android\" content-desc=\"\" checkable=\"false\" checked=\"false\" clickable=\"false\" enabled=\"true\" focusable=\"false\"
2017-05-31 08:19:14:044 - info: [debug] [AndroidBootstrap] [UIAUTO STDOUT]  focused=\"false\" scrollable=\"false\" long-clickable=\"false\" password=\"false\" selected=\"false\" bounds=\"[524,735][555,756]\" resource-id=\"\" instance=\"1\"\/><\/android.widget.LinearLayout><\/android.widget.RelativeLayout><\/android.widget.LinearLayout><\/android.widget.LinearLayout><\/android.widget.LinearLayout><android.widget.RelativeLayout index=\"1\" text=\"\" class=\"android.widget.RelativeLayout\" package=\"com.play.android\" content-desc=\"\" checkable=\"false\" checked=\"false\" clickable=\"false\" enabled=\"true\" focusable=\"false\" focused=\"false\" scrollable=\"false\" long-clickable=\"false\" password=\"false\" selected=\"false\" bounds=\"[0,786][1080,1434]\" resource-id=\"\" instance=\"4\"><android.widget.ImageView NAF=\"true\" index=\"0\" text=\"\" class=\"android.widget.ImageView\" package=\"com.play.android\" content-desc=\"\" checkable=\"false\" checked=\"false\" clickable=\"true\" enabled=\"true\" focusable=\"false\" focused=\"false\" scrollable=\"false\" long-clickable=\"false\" password=\"false\" selected=\"false\" bounds=\"[0,786][1080,1434]\" resource-id=\"com.play.android:id\/sdv_image\" instance=\"2\"\/><\/android.widget.RelativeLayout><android.widget.RelativeLayout index=\"2\" text=\"\" class=\"android.widget.RelativeLayout\" package=\"com.play.android\" content-desc=\"\" checkable=\"false\" checked=\"false\" clickable=\"false\" enabled=\"true\" focusable=\"false\" focused=\"false\" scrollable=\"false\" long-clickable=\"false\" password=\"false\" selected=\"false\" bounds=\"[0,1434][1080,1785]\" resource-id=\"\" instance=\"5\"><android.widget.ImageView NAF=\"true\" index=\"0\" text=\"\" class=\"android.widget.ImageView\" package=\"com.play.android\" content-desc=\"\" checkable=\"false\" checked=\"false\" clickable=\"true\" enabled=\"true\" focusable=\"false\" focused=\"false\" scrollable=\"false\" long-clickable=\"false\" password=\"false\" selected=\"false\" bounds=\"[0,1434][1080,1785]\" resource-id=\"com.play.android:id\/sdv_image\" instance=\"3\"\/><\/android.widget.RelativeLayout><\/android.support.v7.widget.RecyclerView><\/android.view.View><\/android.widget.LinearLayout><\/android.widget.RelativeLayout><android.widget.TextView index=\"1\" text=\"您当前正在使用Wifi\" class=\"android.widget.TextView\" package=\"com.play.android\" content-desc=\"\" checkable=\"false\" checked=\"false\" clickable=\"false\" enabled=\"true\" focusable=\"false\" focused=\"false\" scrollable=\"false\" long-clickable=\"false\" password=\"false\" selected=\"false\" bounds=\"[292,1658][788,1755]\" resource-id=\"com.play.android:id\/tv_connect_state\" instance=\"0\"\/><\/android.widget.RelativeLayout><android.widget.LinearLayout index=\"1\" text=\"\" class=\"android.widget.LinearLayout\" package=\"com.play.android\" content-desc=\"\" checkable=\"false\" checked=\"false\" clickable=\"false\" enabled=\"true\" focusable=\"false\" focused=\"false\" scrollable=\"false\" long-clickable=\"false\" password=\"false\" selected=\"false\" bounds=\"[0,1785][1080,1920]\" resource-id=\"\" instance=\"8\"><android.widget.LinearLayout index=\"0\" text=\"\" class=\"android.widget.LinearLayout\" package=\"com.play.android\" content-desc=\"\" checkable=\"false\" checked=\"false\" clickable=\"false\" enabled=\"true\" focusable=\"false\" focused=\"false\" scrollable=\"false\" long-clickable=\"false\" password=\"false\" selected=\"false\" bounds=\"[0,1785][1080,1920]\" resource-id=\"\" instance=\"9\"><android.view.View index=\"0\" text=\"\" class=\"android.view.View\" package=\"com.play.android\" content-desc=\"\" checkable=\"false\" checked=\"false\" clickable=\"false\" enabled=\"true\" focusable=\"false\" focused=\"false\" scrollable=\"false\" long-clickable=\"false\" password=\"false\" selected=\"false\" bounds=\"[0,1785][108,1920]\" resource-id=\"\" instance=\"1\"\/><android.view.View index=\"1\" text=\"\" class=\"android.view.View\" package=\"com.play.android\" content-desc=\"\" checkable=\"false\" checked=\"false\" clickable=\"true\" enabled=\"true\" focusable=\"false\" focused=\"false\" scrollable=\"false\" long-clic
2017-05-31 08:19:14:044 - info: [debug] [AndroidBootstrap] Received command result from bootstrap
2017-05-31 08:19:14:045 - info: [debug] [AndroidBootstrap] Stream still not complete, waiting
2017-05-31 08:19:14:052 - info: [debug] [AndroidBootstrap] [UIAUTO STDOUT] kable=\"false\" password=\"false\" selected=\"false\" bounds=\"[108,1785][396,1920]\" resource-id=\"com.play.android:id\/btn_diy\" instance=\"2\"><android.widget.TextView index=\"0\" text=\"定 制\" class=\"android.widget.TextView\" package=\"com.play.android\" content-desc=\"\" checkable=\"false\" checked=\"false\" clickable=\"false\" enabled=\"true\" focusable=\"false\" focused=\"false\" scrollable=\"false\" long-clickable=\"false\" password=\"false\" selected=\"false\" bounds=\"[218,1880][286,1915]\" resource-id=\"\" instance=\"1\"\/><android.widget.ImageView index=\"1\" text=\"\" class=\"android.widget.ImageView\" package=\"com.play.android\" content-desc=\"\" checkable=\"false\" checked=\"false\" clickable=\"false\" enabled=\"true\" focusable=\"false\" focused=\"false\" scrollable=\"false\" long-clickable=\"false\" password=\"false\" selected=\"false\" bounds=\"[225,1785][279,1907]\" resource-id=\"\" instance=\"4\"\/><\/android.view.View><android.widget.RelativeLayout index=\"2\" text=\"\" class=\"android.widget.RelativeLayout\" package=\"com.play.android\" content-desc=\"\" checkable=\"false\" checked=\"false\" clickable=\"false\" enabled=\"true\" focusable=\"false\" focused=\"false\" scrollable=\"false\" long-clickable=\"false\" password=\"false\" selected=\"false\" bounds=\"[396,1785][684,1920]\" resource-id=\"\" instance=\"6\"><android.widget.ImageView index=\"0\" text=\"\" class=\"android.widget.ImageView\" package=\"com.play.android\" content-desc=\"\" checkable=\"false\" checked=\"false\" clickable=\"false\" enabled=\"true\" focusable=\"false\" focused=\"false\" scrollable=\"false\" long-clickable=\"false\" password=\"false\" selected=\"false\" bounds=\"[450,1785][630,1920]\" resource-id=\"\" instance=\"5\"\/><\/android.widget.RelativeLayout><android.view.View index=\"3\" text=\"\" class=\"android.view.View\" package=\"com.play.android\" content-desc=\"\" checkable=\"false\" checked=\"false\" clickable=\"true\" enabled=\"true\" focusable=\"false\" focused=\"false\" scrollable=\"false\" long-clickable=\"false\" password=\"false\" selected=\"false\" bounds=\"[684,1785][972,1920]\" resource-id=\"com.play.android:id\/btn_profile\" instance=\"3\"><android.widget.TextView index=\"0\" text=\"我 的\" class=\"android.widget.TextView\" package=\"com.play.android\" content-desc=\"\" checkable=\"false\" checked=\"false\" clickable=\"false\" enabled=\"true\" focusable=\"false\" focused=\"false\" scrollable=\"false\" long-clickable=\"false\" password=\"false\" selected=\"false\" bounds=\"[794,1880][862,1915]\" resource-id=\"\" instance=\"2\"\/><android.widget.ImageView index=\"1\" text=\"\" class=\"android.widget.ImageView\" package=\"com.play.android\" content-desc=\"\" checkable=\"false\" checked=\"false\" clickable=\"false\" enabled=\"true\" focusable=\"false\" focused=\"false\" scrollable=\"false\" long-clickable=\"false\" password=\"false\" selected=\"false\" bounds=\"[801,1785][855,1907]\" resource-id=\"\" instance=\"6\"\/><\/android.view.View><android.view.View index=\"4\" text=\"\" class=\"android.view.View\" package=\"com.play.android\" content-desc=\"\" checkable=\"false\" checked=\"false\" clickable=\"false\" enabled=\"true\" focusable=\"false\" focused=\"false\" scrollable=\"false\" long-clickable=\"false\" password=\"false\" selected=\"false\" bounds=\"[972,1785][1080,1920]\" resource-id=\"\" instance=\"4\"\/><\/android.widget.LinearLayout><\/android.widget.LinearLayout><\/android.widget.LinearLayout><android.widget.ImageView NAF=\"true\" index=\"1\" text=\"\" class=\"android.widget.ImageView\" package=\"com.play.android\" content-desc=\"\" checkable=\"false\" checked=\"false\" clickable=\"true\" enabled=\"true\" focusable=\"false\" focused=\"false\" scrollable=\"false\" long-clickable=\"false\" password=\"false\" selected=\"false\" bounds=\"[450,1740][630,1920]\" resource-id=\"com.play.android:id\/btn_cart\" instance=\"7\"\/><\/android.widget.RelativeLayout><\/android.widget.FrameLayout><\/android.widget.LinearLayout><\/android.widget.FrameLayout><\/android.widget.LinearLayout><android.view.View index=\"1\
2017-05-31 08:19:14:056 - info: [debug] [AndroidBootstrap] Received command result from bootstrap
2017-05-31 08:19:14:057 - info: [debug] [AndroidBootstrap] Stream still not complete, waiting
2017-05-31 08:19:14:061 - info: [debug] [AndroidBootstrap] [UIAUTO STDOUT] " text=\"\" class=\"android.view.View\" package=\"com.play.android\" content-desc=\"\" checkable=\"false\" checked=\"false\" clickable=\"false\" enabled=\"true\" focusable=\"false\" focused=\"false\" scrollable=\"false\" long-clickable=\"false\" password=\"false\" selected=\"false\" bounds=\"[0,0][1080,70]\" resource-id=\"android:id\/statusBarBackground\" instance=\"5\"\/><\/android.widget.FrameLayout><\/hierarchy>"}[/APPIUM-UIAUTO]
2017-05-31 08:19:14:062 - info: [debug] [AndroidBootstrap] Received command result from bootstrap
2017-05-31 08:19:14:063 - info: [debug] [AndroidBootstrap] Stream still not complete, waiting
2017-05-31 08:19:14:063 - info: [debug] [AndroidBootstrap] Received command result from bootstrap
2017-05-31 08:19:14:064 - info: [debug] [AndroidBootstrap] Stream still not complete, waiting
2017-05-31 08:19:14:065 - info: [debug] [AndroidBootstrap] Received command result from bootstrap
2017-05-31 08:19:14:066 - info: [debug] [MJSONWP] Responding to client with driver.getPageSource() result: "<?xml version=\"1.0\" encoding=\"UTF-8\"?><hierarchy rotation=\"0\"><android.widget.FrameLayout index=\"0\" text=\"\" class=\"android.widget.FrameLayout\" package=\"com.play.android\" content-desc=\"\" checkable=\"false\" checked=\"false\" clickable=\"false\" enabled=\"true\" focusable=\"false\" focused=\"false\" scrollable=\"false\" long-clickable=\"false\" password=\"false\" selected=\"false\" bounds=\"[0,0][1080,1920]\" resource-id=\"\" instance=\"0\"><android.widget.LinearLayout index=\"0\" text=\"\" class=\"android.widget.LinearLayout\" package=\"com.play.android\" content-desc=\"\" checkable=\"false\" checked=\"false\" clickable=\"false\" enabled=\"true\" focusable=\"false\" focused=\"false\" scrollable=\"false\" long-clickable=\"false\" password=\"false\" selected=\"false\" bounds=\"[0,0][1080,1920]\" resource-id=\"\" instance=\"0\"><android.widget.FrameLayout index=\"0\" text=\"\" class=\"android.widget.FrameLayout\" package=\"com.play.android\" content-desc=\"\" checkable=\"false\" checked=\"fals...
2017-05-31 08:19:14:067 - info: [HTTP] <-- GET /wd/hub/session/7aa47360-5dbe-4157-8e8c-7852853a9be0/source 200 381 ms - 16757 
2017-05-31 08:19:14:108 - info: [HTTP] --> POST /wd/hub/session/7aa47360-5dbe-4157-8e8c-7852853a9be0/timeouts {"type":"implicit","ms":0}
2017-05-31 08:19:14:109 - info: [debug] [MJSONWP] Calling AppiumDriver.timeouts() with args: ["implicit",0,"7aa47360-5dbe-4157-8e8c-7852853a9be0"]
2017-05-31 08:19:14:110 - info: [debug] [BaseDriver] Set implicit wait to 0ms
2017-05-31 08:19:14:111 - info: [debug] [MJSONWP] Responding to client with driver.timeouts() result: null
2017-05-31 08:19:14:112 - info: [HTTP] <-- POST /wd/hub/session/7aa47360-5dbe-4157-8e8c-7852853a9be0/timeouts 200 4 ms - 76 
2017-05-31 08:19:14:116 - info: [HTTP] --> GET /wd/hub/session/7aa47360-5dbe-4157-8e8c-7852853a9be0/context {}
2017-05-31 08:19:14:116 - info: [debug] [MJSONWP] Calling AppiumDriver.getCurrentContext() with args: ["7aa47360-5dbe-4157-8e8c-7852853a9be0"]
2017-05-31 08:19:14:117 - info: [debug] [MJSONWP] Responding to client with driver.getCurrentContext() result: "NATIVE_APP"
2017-05-31 08:19:14:121 - info: [HTTP] <-- GET /wd/hub/session/7aa47360-5dbe-4157-8e8c-7852853a9be0/context 200 2 ms - 84 
2017-05-31 08:19:14:122 - info: [HTTP] --> POST /wd/hub/session/7aa47360-5dbe-4157-8e8c-7852853a9be0/elements {"using":"xpath","value":"//*[@id='pageWrap']/section/div/ul/li[1]/a/img"}
2017-05-31 08:19:14:123 - info: [debug] [MJSONWP] Calling AppiumDriver.findElements() with args: ["xpath","//*[@id='pageWrap']/section/div/ul/li[1]/a/img","7aa47360-5dbe-4157-8e8c-7852853a9be0"]
2017-05-31 08:19:14:124 - info: [debug] [BaseDriver] Valid locator strategies for this request: xpath, id, class name, accessibility id, -android uiautomator
2017-05-31 08:19:14:124 - info: [debug] [BaseDriver] Valid locator strategies for this request: xpath, id, class name, accessibility id, -android uiautomator
2017-05-31 08:19:14:124 - info: [debug] [BaseDriver] Waiting up to 0 ms for condition
2017-05-31 08:19:14:125 - info: [debug] [AndroidBootstrap] Sending command to android: {"cmd":"action","action":"find","params":{"strategy":"xpath","selector":"//*[@id='pageWrap']/section/div/ul/li[1]/a/img","context":"","multiple":true}}
2017-05-31 08:19:14:128 - info: [AndroidBootstrap] [BOOTSTRAP LOG] [debug] Got data from client: {"cmd":"action","action":"find","params":{"strategy":"xpath","selector":"//*[@id='pageWrap']/section/div/ul/li[1]/a/img","context":"","multiple":true}}
2017-05-31 08:19:14:128 - info: [AndroidBootstrap] [BOOTSTRAP LOG] [debug] Got command of type ACTION
2017-05-31 08:19:14:128 - info: [AndroidBootstrap] [BOOTSTRAP LOG] [debug] Got command action: find
2017-05-31 08:19:14:128 - info: [AndroidBootstrap] [BOOTSTRAP LOG] [debug] Finding '//*[@id='pageWrap']/section/div/ul/li[1]/a/img' using 'XPATH' with the contextId: '' multiple: true
2017-05-31 08:19:14:200 - info: [AndroidBootstrap] [BOOTSTRAP LOG] [debug] Failed to locate element. Clearing Accessibility cache and retrying.
2017-05-31 08:19:14:201 - info: [AndroidBootstrap] [BOOTSTRAP LOG] [debug] Finding '//*[@id='pageWrap']/section/div/ul/li[1]/a/img' using 'XPATH' with the contextId: '' multiple: true
2017-05-31 08:19:14:254 - info: [AndroidBootstrap] [BOOTSTRAP LOG] [debug] Returning result: {"status":0,"value":[]}
2017-05-31 08:19:14:255 - info: [debug] [AndroidBootstrap] Received command result from bootstrap
2017-05-31 08:19:14:256 - info: [debug] [MJSONWP] Responding to client with driver.findElements() result: []
2017-05-31 08:19:14:257 - info: [HTTP] <-- POST /wd/hub/session/7aa47360-5dbe-4157-8e8c-7852853a9be0/elements 200 135 ms - 74 
2017-05-31 08:19:14:762 - info: [HTTP] --> GET /wd/hub/session/7aa47360-5dbe-4157-8e8c-7852853a9be0/context {}
2017-05-31 08:19:14:762 - info: [debug] [MJSONWP] Calling AppiumDriver.getCurrentContext() with args: ["7aa47360-5dbe-4157-8e8c-7852853a9be0"]
2017-05-31 08:19:14:763 - info: [debug] [MJSONWP] Responding to client with driver.getCurrentContext() result: "NATIVE_APP"
2017-05-31 08:19:14:764 - info: [HTTP] <-- GET /wd/hub/session/7aa47360-5dbe-4157-8e8c-7852853a9be0/context 200 2 ms - 84 
2017-05-31 08:19:14:769 - info: [HTTP] --> POST /wd/hub/session/7aa47360-5dbe-4157-8e8c-7852853a9be0/elements {"using":"xpath","value":"//*[@id='pageWrap']/section/div/ul/li[1]/a/img"}
2017-05-31 08:19:14:770 - info: [debug] [MJSONWP] Calling AppiumDriver.findElements() with args: ["xpath","//*[@id='pageWrap']/section/div/ul/li[1]/a/img","7aa47360-5dbe-4157-8e8c-7852853a9be0"]
2017-05-31 08:19:14:771 - info: [debug] [BaseDriver] Valid locator strategies for this request: xpath, id, class name, accessibility id, -android uiautomator
2017-05-31 08:19:14:771 - info: [debug] [BaseDriver] Valid locator strategies for this request: xpath, id, class name, accessibility id, -android uiautomator
2017-05-31 08:19:14:771 - info: [debug] [BaseDriver] Waiting up to 0 ms for condition
2017-05-31 08:19:14:772 - info: [debug] [AndroidBootstrap] Sending command to android: {"cmd":"action","action":"find","params":{"strategy":"xpath","selector":"//*[@id='pageWrap']/section/div/ul/li[1]/a/img","context":"","multiple":true}}
2017-05-31 08:19:14:789 - info: [AndroidBootstrap] [BOOTSTRAP LOG] [debug] Got data from client: {"cmd":"action","action":"find","params":{"strategy":"xpath","selector":"//*[@id='pageWrap']/section/div/ul/li[1]/a/img","context":"","multiple":true}}
2017-05-31 08:19:14:791 - info: [AndroidBootstrap] [BOOTSTRAP LOG] [debug] Got command of type ACTION
2017-05-31 08:19:14:791 - info: [AndroidBootstrap] [BOOTSTRAP LOG] [debug] Got command action: find
2017-05-31 08:19:14:791 - info: [AndroidBootstrap] [BOOTSTRAP LOG] [debug] Finding '//*[@id='pageWrap']/section/div/ul/li[1]/a/img' using 'XPATH' with the contextId: '' multiple: true
2017-05-31 08:19:14:827 - info: [AndroidBootstrap] [BOOTSTRAP LOG] [debug] Failed to locate element. Clearing Accessibility cache and retrying.
2017-05-31 08:19:14:828 - info: [AndroidBootstrap] [BOOTSTRAP LOG] [debug] Finding '//*[@id='pageWrap']/section/div/ul/li[1]/a/img' using 'XPATH' with the contextId: '' multiple: true
2017-05-31 08:19:14:873 - info: [AndroidBootstrap] [BOOTSTRAP LOG] [debug] Returning result: {"status":0,"value":[]}
2017-05-31 08:19:14:873 - info: [debug] [AndroidBootstrap] Received command result from bootstrap
2017-05-31 08:19:14:874 - info: [debug] [MJSONWP] Responding to client with driver.findElements() result: []
2017-05-31 08:19:14:875 - info: [HTTP] <-- POST /wd/hub/session/7aa47360-5dbe-4157-8e8c-7852853a9be0/elements 200 106 ms - 74 
2017-05-31 08:19:15:403 - info: [HTTP] --> GET /wd/hub/session/7aa47360-5dbe-4157-8e8c-7852853a9be0/context {}
2017-05-31 08:19:15:403 - info: [debug] [MJSONWP] Calling AppiumDriver.getCurrentContext() with args: ["7aa47360-5dbe-4157-8e8c-7852853a9be0"]
2017-05-31 08:19:15:403 - info: [debug] [MJSONWP] Responding to client with driver.getCurrentContext() result: "NATIVE_APP"
2017-05-31 08:19:15:403 - info: [HTTP] <-- GET /wd/hub/session/7aa47360-5dbe-4157-8e8c-7852853a9be0/context 200 6 ms - 84 
2017-05-31 08:19:15:418 - info: [HTTP] --> POST /wd/hub/session/7aa47360-5dbe-4157-8e8c-7852853a9be0/elements {"using":"xpath","value":"//*[@id='pageWrap']/section/div/ul/li[1]/a/img"}
2017-05-31 08:19:15:418 - info: [debug] [MJSONWP] Calling AppiumDriver.findElements() with args: ["xpath","//*[@id='pageWrap']/section/div/ul/li[1]/a/img","7aa47360-5dbe-4157-8e8c-7852853a9be0"]
2017-05-31 08:19:15:418 - info: [debug] [BaseDriver] Valid locator strategies for this request: xpath, id, class name, accessibility id, -android uiautomator
2017-05-31 08:19:15:418 - info: [debug] [BaseDriver] Valid locator strategies for this request: xpath, id, class name, accessibility id, -android uiautomator
2017-05-31 08:19:15:418 - info: [debug] [BaseDriver] Waiting up to 0 ms for condition
2017-05-31 08:19:15:418 - info: [debug] [AndroidBootstrap] Sending command to android: {"cmd":"action","action":"find","params":{"strategy":"xpath","selector":"//*[@id='pageWrap']/section/div/ul/li[1]/a/img","context":"","multiple":true}}
2017-05-31 08:19:15:418 - info: [AndroidBootstrap] [BOOTSTRAP LOG] [debug] Got data from client: {"cmd":"action","action":"find","params":{"strategy":"xpath","selector":"//*[@id='pageWrap']/section/div/ul/li[1]/a/img","context":"","multiple":true}}
2017-05-31 08:19:15:418 - info: [AndroidBootstrap] [BOOTSTRAP LOG] [debug] Got command of type ACTION
2017-05-31 08:19:15:418 - info: [AndroidBootstrap] [BOOTSTRAP LOG] [debug] Got command action: find
2017-05-31 08:19:15:418 - info: [AndroidBootstrap] [BOOTSTRAP LOG] [debug] Finding '//*[@id='pageWrap']/section/div/ul/li[1]/a/img' using 'XPATH' with the contextId: '' multiple: true
2017-05-31 08:19:15:466 - info: [AndroidBootstrap] [BOOTSTRAP LOG] [debug] Failed to locate element. Clearing Accessibility cache and retrying.
2017-05-31 08:19:15:466 - info: [AndroidBootstrap] [BOOTSTRAP LOG] [debug] Finding '//*[@id='pageWrap']/section/div/ul/li[1]/a/img' using 'XPATH' with the contextId: '' multiple: true
2017-05-31 08:19:15:575 - info: [AndroidBootstrap] [BOOTSTRAP LOG] [debug] Returning result: {"status":0,"value":[]}
2017-05-31 08:19:15:575 - info: [debug] [AndroidBootstrap] Received command result from bootstrap
2017-05-31 08:19:15:575 - info: [debug] [MJSONWP] Responding to client with driver.findElements() result: []
2017-05-31 08:19:15:575 - info: [HTTP] <-- POST /wd/hub/session/7aa47360-5dbe-4157-8e8c-7852853a9be0/elements 200 165 ms - 74 
2017-05-31 08:19:16:106 - info: [HTTP] --> GET /wd/hub/session/7aa47360-5dbe-4157-8e8c-7852853a9be0/context {}
2017-05-31 08:19:16:106 - info: [debug] [MJSONWP] Calling AppiumDriver.getCurrentContext() with args: ["7aa47360-5dbe-4157-8e8c-7852853a9be0"]
2017-05-31 08:19:16:106 - info: [debug] [MJSONWP] Responding to client with driver.getCurrentContext() result: "NATIVE_APP"
2017-05-31 08:19:16:106 - info: [HTTP] <-- GET /wd/hub/session/7aa47360-5dbe-4157-8e8c-7852853a9be0/context 200 3 ms - 84 
2017-05-31 08:19:16:121 - info: [HTTP] --> POST /wd/hub/session/7aa47360-5dbe-4157-8e8c-7852853a9be0/elements {"using":"xpath","value":"//*[@id='pageWrap']/section/div/ul/li[1]/a/img"}
2017-05-31 08:19:16:121 - info: [debug] [MJSONWP] Calling AppiumDriver.findElements() with args: ["xpath","//*[@id='pageWrap']/section/div/ul/li[1]/a/img","7aa47360-5dbe-4157-8e8c-7852853a9be0"]
2017-05-31 08:19:16:121 - info: [debug] [BaseDriver] Valid locator strategies for this request: xpath, id, class name, accessibility id, -android uiautomator
2017-05-31 08:19:16:121 - info: [debug] [BaseDriver] Valid locator strategies for this request: xpath, id, class name, accessibility id, -android uiautomator
2017-05-31 08:19:16:121 - info: [debug] [BaseDriver] Waiting up to 0 ms for condition
2017-05-31 08:19:16:121 - info: [debug] [AndroidBootstrap] Sending command to android: {"cmd":"action","action":"find","params":{"strategy":"xpath","selector":"//*[@id='pageWrap']/section/div/ul/li[1]/a/img","context":"","multiple":true}}
2017-05-31 08:19:16:121 - info: [AndroidBootstrap] [BOOTSTRAP LOG] [debug] Got data from client: {"cmd":"action","action":"find","params":{"strategy":"xpath","selector":"//*[@id='pageWrap']/section/div/ul/li[1]/a/img","context":"","multiple":true}}
2017-05-31 08:19:16:121 - info: [AndroidBootstrap] [BOOTSTRAP LOG] [debug] Got command of type ACTION
2017-05-31 08:19:16:121 - info: [AndroidBootstrap] [BOOTSTRAP LOG] [debug] Got command action: find
2017-05-31 08:19:16:121 - info: [AndroidBootstrap] [BOOTSTRAP LOG] [debug] Finding '//*[@id='pageWrap']/section/div/ul/li[1]/a/img' using 'XPATH' with the contextId: '' multiple: true
2017-05-31 08:19:16:184 - info: [AndroidBootstrap] [BOOTSTRAP LOG] [debug] Failed to locate element. Clearing Accessibility cache and retrying.
2017-05-31 08:19:16:184 - info: [AndroidBootstrap] [BOOTSTRAP LOG] [debug] Finding '//*[@id='pageWrap']/section/div/ul/li[1]/a/img' using 'XPATH' with the contextId: '' multiple: true
2017-05-31 08:19:16:231 - info: [AndroidBootstrap] [BOOTSTRAP LOG] [debug] Returning result: {"status":0,"value":[]}
2017-05-31 08:19:16:231 - info: [debug] [AndroidBootstrap] Received command result from bootstrap
2017-05-31 08:19:16:231 - info: [debug] [MJSONWP] Responding to client with driver.findElements() result: []
2017-05-31 08:19:16:231 - info: [HTTP] <-- POST /wd/hub/session/7aa47360-5dbe-4157-8e8c-7852853a9be0/elements 200 120 ms - 74 
2017-05-31 08:19:16:761 - info: [HTTP] --> GET /wd/hub/session/7aa47360-5dbe-4157-8e8c-7852853a9be0/context {}
2017-05-31 08:19:16:761 - info: [debug] [MJSONWP] Calling AppiumDriver.getCurrentContext() with args: ["7aa47360-5dbe-4157-8e8c-7852853a9be0"]
2017-05-31 08:19:16:761 - info: [debug] [MJSONWP] Responding to client with driver.getCurrentContext() result: "NATIVE_APP"
2017-05-31 08:19:16:761 - info: [HTTP] <-- GET /wd/hub/session/7aa47360-5dbe-4157-8e8c-7852853a9be0/context 200 5 ms - 84 
2017-05-31 08:19:16:777 - info: [HTTP] --> POST /wd/hub/session/7aa47360-5dbe-4157-8e8c-7852853a9be0/elements {"using":"xpath","value":"//*[@id='pageWrap']/section/div/ul/li[1]/a/img"}
2017-05-31 08:19:16:777 - info: [debug] [MJSONWP] Calling AppiumDriver.findElements() with args: ["xpath","//*[@id='pageWrap']/section/div/ul/li[1]/a/img","7aa47360-5dbe-4157-8e8c-7852853a9be0"]
2017-05-31 08:19:16:777 - info: [debug] [BaseDriver] Valid locator strategies for this request: xpath, id, class name, accessibility id, -android uiautomator
2017-05-31 08:19:16:777 - info: [debug] [BaseDriver] Valid locator strategies for this request: xpath, id, class name, accessibility id, -android uiautomator
2017-05-31 08:19:16:777 - info: [debug] [BaseDriver] Waiting up to 0 ms for condition
2017-05-31 08:19:16:777 - info: [debug] [AndroidBootstrap] Sending command to android: {"cmd":"action","action":"find","params":{"strategy":"xpath","selector":"//*[@id='pageWrap']/section/div/ul/li[1]/a/img","context":"","multiple":true}}
2017-05-31 08:19:16:792 - info: [AndroidBootstrap] [BOOTSTRAP LOG] [debug] Got data from client: {"cmd":"action","action":"find","params":{"strategy":"xpath","selector":"//*[@id='pageWrap']/section/div/ul/li[1]/a/img","context":"","multiple":true}}
2017-05-31 08:19:16:792 - info: [AndroidBootstrap] [BOOTSTRAP LOG] [debug] Got command of type ACTION
2017-05-31 08:19:16:793 - info: [AndroidBootstrap] [BOOTSTRAP LOG] [debug] Got command action: find
2017-05-31 08:19:16:793 - info: [AndroidBootstrap] [BOOTSTRAP LOG] [debug] Finding '//*[@id='pageWrap']/section/div/ul/li[1]/a/img' using 'XPATH' with the contextId: '' multiple: true
2017-05-31 08:19:16:856 - info: [AndroidBootstrap] [BOOTSTRAP LOG] [debug] Failed to locate element. Clearing Accessibility cache and retrying.
2017-05-31 08:19:16:856 - info: [AndroidBootstrap] [BOOTSTRAP LOG] [debug] Finding '//*[@id='pageWrap']/section/div/ul/li[1]/a/img' using 'XPATH' with the contextId: '' multiple: true
2017-05-31 08:19:16:918 - info: [AndroidBootstrap] [BOOTSTRAP LOG] [debug] Returning result: {"status":0,"value":[]}
2017-05-31 08:19:16:918 - info: [debug] [AndroidBootstrap] Received command result from bootstrap
2017-05-31 08:19:16:918 - info: [debug] [MJSONWP] Responding to client with driver.findElements() result: []
2017-05-31 08:19:16:918 - info: [HTTP] <-- POST /wd/hub/session/7aa47360-5dbe-4157-8e8c-7852853a9be0/elements 200 143 ms - 74 
2017-05-31 08:19:17:434 - info: [HTTP] --> GET /wd/hub/session/7aa47360-5dbe-4157-8e8c-7852853a9be0/context {}
2017-05-31 08:19:17:434 - info: [debug] [MJSONWP] Calling AppiumDriver.getCurrentContext() with args: ["7aa47360-5dbe-4157-8e8c-7852853a9be0"]
2017-05-31 08:19:17:434 - info: [debug] [MJSONWP] Responding to client with driver.getCurrentContext() result: "NATIVE_APP"
2017-05-31 08:19:17:434 - info: [HTTP] <-- GET /wd/hub/session/7aa47360-5dbe-4157-8e8c-7852853a9be0/context 200 3 ms - 84 
2017-05-31 08:19:17:449 - info: [HTTP] --> POST /wd/hub/session/7aa47360-5dbe-4157-8e8c-7852853a9be0/elements {"using":"xpath","value":"//*[@id='pageWrap']/section/div/ul/li[1]/a/img"}
2017-05-31 08:19:17:449 - info: [debug] [MJSONWP] Calling AppiumDriver.findElements() with args: ["xpath","//*[@id='pageWrap']/section/div/ul/li[1]/a/img","7aa47360-5dbe-4157-8e8c-7852853a9be0"]
2017-05-31 08:19:17:449 - info: [debug] [BaseDriver] Valid locator strategies for this request: xpath, id, class name, accessibility id, -android uiautomator
2017-05-31 08:19:17:449 - info: [debug] [BaseDriver] Valid locator strategies for this request: xpath, id, class name, accessibility id, -android uiautomator
2017-05-31 08:19:17:449 - info: [debug] [BaseDriver] Waiting up to 0 ms for condition
2017-05-31 08:19:17:449 - info: [debug] [AndroidBootstrap] Sending command to android: {"cmd":"action","action":"find","params":{"strategy":"xpath","selector":"//*[@id='pageWrap']/section/div/ul/li[1]/a/img","context":"","multiple":true}}
2017-05-31 08:19:17:449 - info: [AndroidBootstrap] [BOOTSTRAP LOG] [debug] Got data from client: {"cmd":"action","action":"find","params":{"strategy":"xpath","selector":"//*[@id='pageWrap']/section/div/ul/li[1]/a/img","context":"","multiple":true}}
2017-05-31 08:19:17:449 - info: [AndroidBootstrap] [BOOTSTRAP LOG] [debug] Got command of type ACTION
2017-05-31 08:19:17:449 - info: [AndroidBootstrap] [BOOTSTRAP LOG] [debug] Got command action: find
2017-05-31 08:19:17:449 - info: [AndroidBootstrap] [BOOTSTRAP LOG] [debug] Finding '//*[@id='pageWrap']/section/div/ul/li[1]/a/img' using 'XPATH' with the contextId: '' multiple: true
2017-05-31 08:19:17:512 - info: [AndroidBootstrap] [BOOTSTRAP LOG] [debug] Failed to locate element. Clearing Accessibility cache and retrying.
2017-05-31 08:19:17:527 - info: [AndroidBootstrap] [BOOTSTRAP LOG] [debug] Finding '//*[@id='pageWrap']/section/div/ul/li[1]/a/img' using 'XPATH' with the contextId: '' multiple: true
2017-05-31 08:19:17:574 - info: [AndroidBootstrap] [BOOTSTRAP LOG] [debug] Returning result: {"status":0,"value":[]}
2017-05-31 08:19:17:590 - info: [debug] [AndroidBootstrap] Received command result from bootstrap
2017-05-31 08:19:17:590 - info: [debug] [MJSONWP] Responding to client with driver.findElements() result: []
2017-05-31 08:19:17:590 - info: [HTTP] <-- POST /wd/hub/session/7aa47360-5dbe-4157-8e8c-7852853a9be0/elements 200 144 ms - 74 
2017-05-31 08:19:18:120 - info: [HTTP] --> GET /wd/hub/session/7aa47360-5dbe-4157-8e8c-7852853a9be0/context {}
2017-05-31 08:19:18:120 - info: [debug] [MJSONWP] Calling AppiumDriver.getCurrentContext() with args: ["7aa47360-5dbe-4157-8e8c-7852853a9be0"]
2017-05-31 08:19:18:120 - info: [debug] [MJSONWP] Responding to client with driver.getCurrentContext() result: "NATIVE_APP"
2017-05-31 08:19:18:120 - info: [HTTP] <-- GET /wd/hub/session/7aa47360-5dbe-4157-8e8c-7852853a9be0/context 200 7 ms - 84 
2017-05-31 08:19:18:136 - info: [HTTP] --> POST /wd/hub/session/7aa47360-5dbe-4157-8e8c-7852853a9be0/elements {"using":"xpath","value":"//*[@id='pageWrap']/section/div/ul/li[1]/a/img"}
2017-05-31 08:19:18:136 - info: [debug] [MJSONWP] Calling AppiumDriver.findElements() with args: ["xpath","//*[@id='pageWrap']/section/div/ul/li[1]/a/img","7aa47360-5dbe-4157-8e8c-7852853a9be0"]
2017-05-31 08:19:18:136 - info: [debug] [BaseDriver] Valid locator strategies for this request: xpath, id, class name, accessibility id, -android uiautomator
2017-05-31 08:19:18:136 - info: [debug] [BaseDriver] Valid locator strategies for this request: xpath, id, class name, accessibility id, -android uiautomator
2017-05-31 08:19:18:136 - info: [debug] [BaseDriver] Waiting up to 0 ms for condition
2017-05-31 08:19:18:136 - info: [debug] [AndroidBootstrap] Sending command to android: {"cmd":"action","action":"find","params":{"strategy":"xpath","selector":"//*[@id='pageWrap']/section/div/ul/li[1]/a/img","context":"","multiple":true}}
2017-05-31 08:19:18:136 - info: [AndroidBootstrap] [BOOTSTRAP LOG] [debug] Got data from client: {"cmd":"action","action":"find","params":{"strategy":"xpath","selector":"//*[@id='pageWrap']/section/div/ul/li[1]/a/img","context":"","multiple":true}}
2017-05-31 08:19:18:136 - info: [AndroidBootstrap] [BOOTSTRAP LOG] [debug] Got command of type ACTION
2017-05-31 08:19:18:136 - info: [AndroidBootstrap] [BOOTSTRAP LOG] [debug] Got command action: find
2017-05-31 08:19:18:136 - info: [AndroidBootstrap] [BOOTSTRAP LOG] [debug] Finding '//*[@id='pageWrap']/section/div/ul/li[1]/a/img' using 'XPATH' with the contextId: '' multiple: true
2017-05-31 08:19:18:215 - info: [AndroidBootstrap] [BOOTSTRAP LOG] [debug] Failed to locate element. Clearing Accessibility cache and retrying.
2017-05-31 08:19:18:215 - info: [AndroidBootstrap] [BOOTSTRAP LOG] [debug] Finding '//*[@id='pageWrap']/section/div/ul/li[1]/a/img' using 'XPATH' with the contextId: '' multiple: true
2017-05-31 08:19:18:277 - info: [AndroidBootstrap] [BOOTSTRAP LOG] [debug] Returning result: {"status":0,"value":[]}
2017-05-31 08:19:18:277 - info: [debug] [AndroidBootstrap] Received command result from bootstrap
2017-05-31 08:19:18:277 - info: [debug] [MJSONWP] Responding to client with driver.findElements() result: []
2017-05-31 08:19:18:277 - info: [HTTP] <-- POST /wd/hub/session/7aa47360-5dbe-4157-8e8c-7852853a9be0/elements 200 142 ms - 74 
2017-05-31 08:19:18:808 - info: [HTTP] --> GET /wd/hub/session/7aa47360-5dbe-4157-8e8c-7852853a9be0/context {}
2017-05-31 08:19:18:808 - info: [debug] [MJSONWP] Calling AppiumDriver.getCurrentContext() with args: ["7aa47360-5dbe-4157-8e8c-7852853a9be0"]
2017-05-31 08:19:18:808 - info: [debug] [MJSONWP] Responding to client with driver.getCurrentContext() result: "NATIVE_APP"
2017-05-31 08:19:18:808 - info: [HTTP] <-- GET /wd/hub/session/7aa47360-5dbe-4157-8e8c-7852853a9be0/context 200 10 ms - 84 
2017-05-31 08:19:18:839 - info: [HTTP] --> POST /wd/hub/session/7aa47360-5dbe-4157-8e8c-7852853a9be0/elements {"using":"xpath","value":"//*[@id='pageWrap']/section/div/ul/li[1]/a/img"}
2017-05-31 08:19:18:839 - info: [debug] [MJSONWP] Calling AppiumDriver.findElements() with args: ["xpath","//*[@id='pageWrap']/section/div/ul/li[1]/a/img","7aa47360-5dbe-4157-8e8c-7852853a9be0"]
2017-05-31 08:19:18:839 - info: [debug] [BaseDriver] Valid locator strategies for this request: xpath, id, class name, accessibility id, -android uiautomator
2017-05-31 08:19:18:839 - info: [debug] [BaseDriver] Valid locator strategies for this request: xpath, id, class name, accessibility id, -android uiautomator
2017-05-31 08:19:18:839 - info: [debug] [BaseDriver] Waiting up to 0 ms for condition
2017-05-31 08:19:18:839 - info: [debug] [AndroidBootstrap] Sending command to android: {"cmd":"action","action":"find","params":{"strategy":"xpath","selector":"//*[@id='pageWrap']/section/div/ul/li[1]/a/img","context":"","multiple":true}}
2017-05-31 08:19:18:839 - info: [AndroidBootstrap] [BOOTSTRAP LOG] [debug] Got data from client: {"cmd":"action","action":"find","params":{"strategy":"xpath","selector":"//*[@id='pageWrap']/section/div/ul/li[1]/a/img","context":"","multiple":true}}
2017-05-31 08:19:18:839 - info: [AndroidBootstrap] [BOOTSTRAP LOG] [debug] Got command of type ACTION
2017-05-31 08:19:18:839 - info: [AndroidBootstrap] [BOOTSTRAP LOG] [debug] Got command action: find
2017-05-31 08:19:18:839 - info: [AndroidBootstrap] [BOOTSTRAP LOG] [debug] Finding '//*[@id='pageWrap']/section/div/ul/li[1]/a/img' using 'XPATH' with the contextId: '' multiple: true
2017-05-31 08:19:18:901 - info: [AndroidBootstrap] [BOOTSTRAP LOG] [debug] Failed to locate element. Clearing Accessibility cache and retrying.
2017-05-31 08:19:18:901 - info: [AndroidBootstrap] [BOOTSTRAP LOG] [debug] Finding '//*[@id='pageWrap']/section/div/ul/li[1]/a/img' using 'XPATH' with the contextId: '' multiple: true
2017-05-31 08:19:18:964 - info: [AndroidBootstrap] [BOOTSTRAP LOG] [debug] Returning result: {"status":0,"value":[]}
2017-05-31 08:19:18:965 - info: [debug] [AndroidBootstrap] Received command result from bootstrap
2017-05-31 08:19:18:965 - info: [debug] [MJSONWP] Responding to client with driver.findElements() result: []
2017-05-31 08:19:18:965 - info: [HTTP] <-- POST /wd/hub/session/7aa47360-5dbe-4157-8e8c-7852853a9be0/elements 200 126 ms - 74 
2017-05-31 08:19:19:495 - info: [HTTP] --> GET /wd/hub/session/7aa47360-5dbe-4157-8e8c-7852853a9be0/context {}
2017-05-31 08:19:19:495 - info: [debug] [MJSONWP] Calling AppiumDriver.getCurrentContext() with args: ["7aa47360-5dbe-4157-8e8c-7852853a9be0"]
2017-05-31 08:19:19:495 - info: [debug] [MJSONWP] Responding to client with driver.getCurrentContext() result: "NATIVE_APP"
2017-05-31 08:19:19:495 - info: [HTTP] <-- GET /wd/hub/session/7aa47360-5dbe-4157-8e8c-7852853a9be0/context 200 3 ms - 84 
2017-05-31 08:19:19:511 - info: [HTTP] --> POST /wd/hub/session/7aa47360-5dbe-4157-8e8c-7852853a9be0/elements {"using":"xpath","value":"//*[@id='pageWrap']/section/div/ul/li[1]/a/img"}
2017-05-31 08:19:19:511 - info: [debug] [MJSONWP] Calling AppiumDriver.findElements() with args: ["xpath","//*[@id='pageWrap']/section/div/ul/li[1]/a/img","7aa47360-5dbe-4157-8e8c-7852853a9be0"]
2017-05-31 08:19:19:511 - info: [debug] [BaseDriver] Valid locator strategies for this request: xpath, id, class name, accessibility id, -android uiautomator
2017-05-31 08:19:19:511 - info: [debug] [BaseDriver] Valid locator strategies for this request: xpath, id, class name, accessibility id, -android uiautomator
2017-05-31 08:19:19:511 - info: [debug] [BaseDriver] Waiting up to 0 ms for condition
2017-05-31 08:19:19:511 - info: [debug] [AndroidBootstrap] Sending command to android: {"cmd":"action","action":"find","params":{"strategy":"xpath","selector":"//*[@id='pageWrap']/section/div/ul/li[1]/a/img","context":"","multiple":true}}
2017-05-31 08:19:19:527 - info: [AndroidBootstrap] [BOOTSTRAP LOG] [debug] Got data from client: {"cmd":"action","action":"find","params":{"strategy":"xpath","selector":"//*[@id='pageWrap']/section/div/ul/li[1]/a/img","context":"","multiple":true}}
2017-05-31 08:19:19:527 - info: [AndroidBootstrap] [BOOTSTRAP LOG] [debug] Got command of type ACTION
2017-05-31 08:19:19:527 - info: [AndroidBootstrap] [BOOTSTRAP LOG] [debug] Got command action: find
2017-05-31 08:19:19:527 - info: [AndroidBootstrap] [BOOTSTRAP LOG] [debug] Finding '//*[@id='pageWrap']/section/div/ul/li[1]/a/img' using 'XPATH' with the contextId: '' multiple: true
2017-05-31 08:19:19:590 - info: [AndroidBootstrap] [BOOTSTRAP LOG] [debug] Failed to locate element. Clearing Accessibility cache and retrying.
2017-05-31 08:19:19:590 - info: [AndroidBootstrap] [BOOTSTRAP LOG] [debug] Finding '//*[@id='pageWrap']/section/div/ul/li[1]/a/img' using 'XPATH' with the contextId: '' multiple: true
2017-05-31 08:19:19:652 - info: [AndroidBootstrap] [BOOTSTRAP LOG] [debug] Returning result: {"status":0,"value":[]}
2017-05-31 08:19:19:652 - info: [debug] [AndroidBootstrap] Received command result from bootstrap
2017-05-31 08:19:19:652 - info: [debug] [MJSONWP] Responding to client with driver.findElements() result: []
2017-05-31 08:19:19:652 - info: [HTTP] <-- POST /wd/hub/session/7aa47360-5dbe-4157-8e8c-7852853a9be0/elements 200 145 ms - 74 
2017-05-31 08:19:19:699 - info: [HTTP] --> POST /wd/hub/session/7aa47360-5dbe-4157-8e8c-7852853a9be0/timeouts {"type":"implicit","ms":5000}
2017-05-31 08:19:19:699 - info: [debug] [MJSONWP] Calling AppiumDriver.timeouts() with args: ["implicit",5000,"7aa47360-5dbe-4157-8e8c-7852853a9be0"]
2017-05-31 08:19:19:699 - info: [debug] [BaseDriver] Set implicit wait to 5000ms
2017-05-31 08:19:19:699 - info: [debug] [MJSONWP] Responding to client with driver.timeouts() result: null
2017-05-31 08:19:19:699 - info: [HTTP] <-- POST /wd/hub/session/7aa47360-5dbe-4157-8e8c-7852853a9be0/timeouts 200 2 ms - 76 
2017-05-31 08:19:19:730 - info: [HTTP] --> POST /wd/hub/session/7aa47360-5dbe-4157-8e8c-7852853a9be0/appium/app/close {}
2017-05-31 08:19:19:730 - info: [debug] [MJSONWP] Calling AppiumDriver.closeApp() with args: ["7aa47360-5dbe-4157-8e8c-7852853a9be0"]
2017-05-31 08:19:19:730 - info: [debug] [ADB] Getting connected devices...
2017-05-31 08:19:19:793 - info: [debug] [ADB] 1 device(s) connected
2017-05-31 08:19:19:793 - info: [debug] [ADB] Running 'D:\SoftWare\SDK\platform-tools\adb.exe' with args: ["-P",5037,"-s","85GBBMA2353T","shell","am","force-stop","com.play.android"]
2017-05-31 08:19:20:528 - info: [debug] [MJSONWP] Responding to client with driver.closeApp() result: null
2017-05-31 08:19:20:528 - info: [HTTP] <-- POST /wd/hub/session/7aa47360-5dbe-4157-8e8c-7852853a9be0/appium/app/close 200 808 ms - 76 
