2017-05-31 07:12:32:423 - info: [Appium] Welcome to Appium v1.6.5
2017-05-31 07:12:32:439 - info: [Appium] Non-default server args:
2017-05-31 07:12:32:439 - info: [Appium]   address: 127.0.0.1
2017-05-31 07:12:32:439 - info: [Appium]   log: D:\workSpace\EclipseProjects\AppiumForEclipse\log\1496214746315.log
2017-05-31 07:12:32:502 - info: [Appium] Appium REST http interface listener started on 127.0.0.1:4723
2017-05-31 07:12:33:143 - info: [HTTP] --> GET /wd/hub/status {}
2017-05-31 07:12:33:158 - info: [debug] [MJSONWP] Calling AppiumDriver.getStatus() with args: []
2017-05-31 07:12:33:205 - info: [debug] [MJSONWP] Responding to client with driver.getStatus() result: {"build":{"version":"1.6.5","revision":null}}
2017-05-31 07:12:33:205 - info: [HTTP] <-- GET /wd/hub/status 200 61 ms - 83 
2017-05-31 07:12:33:221 - info: [HTTP] --> GET /wd/hub/status {}
2017-05-31 07:12:33:221 - info: [debug] [MJSONWP] Calling AppiumDriver.getStatus() with args: []
2017-05-31 07:12:33:252 - info: [debug] [MJSONWP] Responding to client with driver.getStatus() result: {"build":{"version":"1.6.5","revision":null}}
2017-05-31 07:12:33:252 - info: [HTTP] <-- GET /wd/hub/status 200 40 ms - 83 
2017-05-31 07:12:33:876 - info: [HTTP] --> POST /wd/hub/session {"desiredCapabilities":{"appPackage":"com.play.android","appActivity":"com.play.android.activity.SplashActivity","app":"D:\\workSpace\\EclipseProjects\\AppiumForEclipse\\apps\\play.apk","noSign":"True","unicodeKeyboard":"True","platformName":"Android","deviceName":"022TAS7N51009853","resetKeyboard":"True"}}
2017-05-31 07:12:33:876 - info: [debug] [MJSONWP] Calling AppiumDriver.createSession() with args: [{"appPackage":"com.play.android","appActivity":"com.play.android.activity.SplashActivity","app":"D:\\workSpace\\EclipseProjects\\AppiumForEclipse\\apps\\play.apk","noSign":"True","unicodeKeyboard":"True","platformName":"Android","deviceName":"022TAS7N51009853","resetKeyboard":"True"},null,null]
2017-05-31 07:12:33:876 - info: [debug] [BaseDriver] Event 'newSessionRequested' logged at 1496214753876 (15:12:33 GMT+0800 (中国标准时间))
2017-05-31 07:12:33:876 - info: [Appium] Creating new AndroidDriver (v1.20.0) session
2017-05-31 07:12:33:876 - info: [Appium] Capabilities:
2017-05-31 07:12:33:876 - info: [Appium]   appPackage: 'com.play.android'
2017-05-31 07:12:33:876 - info: [Appium]   appActivity: 'com.play.android.activity.SplashActivity'
2017-05-31 07:12:33:876 - info: [Appium]   app: 'D:\\workSpace\\EclipseProjects\\AppiumForEclipse\\apps\\play.apk'
2017-05-31 07:12:33:876 - info: [Appium]   noSign: 'True'
2017-05-31 07:12:33:876 - info: [Appium]   unicodeKeyboard: 'True'
2017-05-31 07:12:33:876 - info: [Appium]   platformName: 'Android'
2017-05-31 07:12:33:876 - info: [Appium]   deviceName: '022TAS7N51009853'
2017-05-31 07:12:33:876 - info: [Appium]   resetKeyboard: 'True'
2017-05-31 07:12:33:892 - info: [debug] [AndroidDriver] AndroidDriver version: 1.20.0
2017-05-31 07:12:33:892 - warn: [BaseDriver] Capability 'unicodeKeyboard' changed from string to boolean. This may cause unexpected behavior
2017-05-31 07:12:33:892 - warn: [BaseDriver] Capability 'resetKeyboard' changed from string to boolean. This may cause unexpected behavior
2017-05-31 07:12:33:892 - warn: [BaseDriver] Capability 'noSign' changed from string to boolean. This may cause unexpected behavior
2017-05-31 07:12:33:907 - info: [BaseDriver] Session created with session id: 59993012-3a9e-477c-9c5f-410791fc6eee
2017-05-31 07:12:33:907 - info: [debug] [AndroidDriver] Getting Java version
2017-05-31 07:12:34:032 - info: [AndroidDriver] Java version is: 1.8.0_121
2017-05-31 07:12:34:032 - info: [ADB] Checking whether adb is present
2017-05-31 07:12:34:032 - info: [ADB] Using adb.exe from D:\SoftWare\SDK\platform-tools\adb.exe
2017-05-31 07:12:34:032 - info: [AndroidDriver] Retrieving device list
2017-05-31 07:12:34:032 - info: [debug] [ADB] Trying to find a connected android device
2017-05-31 07:12:34:032 - info: [debug] [ADB] Getting connected devices...
2017-05-31 07:12:34:064 - info: [debug] [ADB] 1 device(s) connected
2017-05-31 07:12:34:064 - info: [AndroidDriver] Using device: 022TAS7N51009853
2017-05-31 07:12:34:064 - info: [ADB] Checking whether adb is present
2017-05-31 07:12:34:064 - info: [ADB] Using adb.exe from D:\SoftWare\SDK\platform-tools\adb.exe
2017-05-31 07:12:34:064 - info: [debug] [ADB] Setting device id to 022TAS7N51009853
2017-05-31 07:12:34:064 - info: [BaseDriver] Using local app 'D:\workSpace\EclipseProjects\AppiumForEclipse\apps\play.apk'
2017-05-31 07:12:34:064 - info: [debug] [AndroidDriver] Checking whether app is actually present
2017-05-31 07:12:34:064 - info: [AndroidDriver] Starting Android session
2017-05-31 07:12:34:064 - info: [debug] [ADB] Running 'D:\SoftWare\SDK\platform-tools\adb.exe' with args: ["-P",5037,"-s","022TAS7N51009853","wait-for-device"]
2017-05-31 07:12:34:095 - info: [debug] [ADB] Getting connected devices...
2017-05-31 07:12:34:110 - info: [debug] [ADB] 1 device(s) connected
2017-05-31 07:12:34:126 - info: [debug] [ADB] Running 'D:\SoftWare\SDK\platform-tools\adb.exe' with args: ["-P",5037,"-s","022TAS7N51009853","shell","echo","ping"]
2017-05-31 07:12:34:157 - info: [debug] [Logcat] Starting logcat capture
2017-05-31 07:12:34:204 - info: [debug] [AndroidDriver] Enabling Unicode keyboard support
2017-05-31 07:12:34:204 - info: [debug] [AndroidDriver] Pushing unicode ime to device...
2017-05-31 07:12:34:204 - info: [debug] [ADB] Running 'D:\SoftWare\SDK\platform-tools\adb.exe' with args: ["-P",5037,"-s","022TAS7N51009853","install","D:\\MyProgram\\nodejs\\node_modules\\appium\\node_modules\\appium-android-ime\\bin\\UnicodeIME-debug.apk"]
2017-05-31 07:12:36:419 - info: [debug] [ADB] Getting connected devices...
2017-05-31 07:12:36:467 - info: [debug] [ADB] 1 device(s) connected
2017-05-31 07:12:36:467 - info: [debug] [ADB] Running 'D:\SoftWare\SDK\platform-tools\adb.exe' with args: ["-P",5037,"-s","022TAS7N51009853","shell","settings","get","secure","default_input_method"]
2017-05-31 07:12:37:498 - info: [debug] [AndroidDriver] Unsetting previous IME io.appium.android.ime/.UnicodeIME
2017-05-31 07:12:37:498 - info: [debug] [AndroidDriver] Setting IME to 'io.appium.android.ime/.UnicodeIME'
2017-05-31 07:12:37:498 - info: [debug] [ADB] Getting connected devices...
2017-05-31 07:12:37:530 - info: [debug] [ADB] 1 device(s) connected
2017-05-31 07:12:37:530 - info: [debug] [ADB] Running 'D:\SoftWare\SDK\platform-tools\adb.exe' with args: ["-P",5037,"-s","022TAS7N51009853","shell","ime","enable","io.appium.android.ime/.UnicodeIME"]
2017-05-31 07:12:38:559 - info: [debug] [ADB] Getting connected devices...
2017-05-31 07:12:38:607 - info: [debug] [ADB] 1 device(s) connected
2017-05-31 07:12:38:607 - info: [debug] [ADB] Running 'D:\SoftWare\SDK\platform-tools\adb.exe' with args: ["-P",5037,"-s","022TAS7N51009853","shell","ime","set","io.appium.android.ime/.UnicodeIME"]
2017-05-31 07:12:39:617 - info: [debug] [AndroidDriver] Pushing settings apk to device...
2017-05-31 07:12:39:617 - info: [debug] [ADB] Getting install status for io.appium.settings
2017-05-31 07:12:39:617 - info: [debug] [ADB] Getting connected devices...
2017-05-31 07:12:39:649 - info: [debug] [ADB] 1 device(s) connected
2017-05-31 07:12:39:649 - info: [debug] [ADB] Running 'D:\SoftWare\SDK\platform-tools\adb.exe' with args: ["-P",5037,"-s","022TAS7N51009853","shell","pm","list","packages","io.appium.settings"]
2017-05-31 07:12:40:725 - info: [debug] [ADB] App is installed
2017-05-31 07:12:40:725 - info: [debug] [ADB] Getting package info for io.appium.settings
2017-05-31 07:12:40:725 - info: [debug] [ADB] Getting connected devices...
2017-05-31 07:12:40:762 - info: [ADB] Checking whether aapt is present
2017-05-31 07:12:40:762 - info: [ADB] Using aapt.exe from D:\SoftWare\SDK\build-tools\24.0.3\aapt.exe
2017-05-31 07:12:40:778 - info: [debug] [ADB] 1 device(s) connected
2017-05-31 07:12:40:778 - info: [debug] [ADB] Running 'D:\SoftWare\SDK\platform-tools\adb.exe' with args: ["-P",5037,"-s","022TAS7N51009853","shell","dumpsys","package","io.appium.settings"]
2017-05-31 07:12:40:794 - warn: [ADB] Cannot read version codes of D:\MyProgram\nodejs\node_modules\appium\node_modules\io.appium.settings\app\build\outputs\apk\settings_apk-debug.apk and/or io.appium.settings. Assuming correct app version is already installed
2017-05-31 07:12:40:794 - info: [debug] [ADB] Getting connected devices...
2017-05-31 07:12:40:825 - info: [debug] [ADB] 1 device(s) connected
2017-05-31 07:12:40:825 - info: [debug] [ADB] Running 'D:\SoftWare\SDK\platform-tools\adb.exe' with args: ["-P",5037,"-s","022TAS7N51009853","shell","getprop","ro.build.version.sdk"]
2017-05-31 07:12:40:872 - info: [debug] [ADB] Device API level: 19
2017-05-31 07:12:40:872 - info: [debug] [ADB] Getting connected devices...
2017-05-31 07:12:40:903 - info: [debug] [ADB] 1 device(s) connected
2017-05-31 07:12:40:903 - info: [debug] [ADB] Running 'D:\SoftWare\SDK\platform-tools\adb.exe' with args: ["-P",5037,"-s","022TAS7N51009853","shell","dumpsys","package","io.appium.settings"]
2017-05-31 07:12:40:996 - info: [debug] [AndroidDriver] Pushing unlock helper app to device...
2017-05-31 07:12:40:996 - info: [debug] [ADB] Running 'D:\SoftWare\SDK\platform-tools\adb.exe' with args: ["-P",5037,"-s","022TAS7N51009853","install","D:\\MyProgram\\nodejs\\node_modules\\appium\\node_modules\\appium-unlock\\bin\\unlock_apk-debug.apk"]
2017-05-31 07:12:42:261 - info: [debug] [ADB] Device API level: 19
2017-05-31 07:12:42:261 - info: [debug] [ADB] Getting connected devices...
2017-05-31 07:12:42:293 - info: [debug] [ADB] 1 device(s) connected
2017-05-31 07:12:42:293 - info: [debug] [ADB] Running 'D:\SoftWare\SDK\platform-tools\adb.exe' with args: ["-P",5037,"-s","022TAS7N51009853","shell","settings","put","secure","mock_location","1"]
2017-05-31 07:12:43:107 - info: [ADB] Getting device platform version
2017-05-31 07:12:43:107 - info: [debug] [ADB] Getting connected devices...
2017-05-31 07:12:43:154 - info: [debug] [ADB] 1 device(s) connected
2017-05-31 07:12:43:154 - info: [debug] [ADB] Running 'D:\SoftWare\SDK\platform-tools\adb.exe' with args: ["-P",5037,"-s","022TAS7N51009853","shell","getprop","ro.build.version.release"]
2017-05-31 07:12:43:201 - info: [debug] [ADB] Getting connected devices...
2017-05-31 07:12:43:232 - info: [debug] [ADB] 1 device(s) connected
2017-05-31 07:12:43:232 - info: [debug] [ADB] Running 'D:\SoftWare\SDK\platform-tools\adb.exe' with args: ["-P",5037,"-s","022TAS7N51009853","shell","wm","size"]
2017-05-31 07:12:44:090 - info: [debug] [ADB] Getting connected devices...
2017-05-31 07:12:44:122 - info: [debug] [ADB] 1 device(s) connected
2017-05-31 07:12:44:138 - info: [debug] [ADB] Running 'D:\SoftWare\SDK\platform-tools\adb.exe' with args: ["-P",5037,"-s","022TAS7N51009853","shell","getprop","ro.product.model"]
2017-05-31 07:12:44:169 - info: [debug] [ADB] Current device property 'ro.product.model': HUAWEI P6 S-U06
2017-05-31 07:12:44:185 - info: [debug] [ADB] Getting connected devices...
2017-05-31 07:12:44:200 - info: [debug] [ADB] 1 device(s) connected
2017-05-31 07:12:44:200 - info: [debug] [ADB] Running 'D:\SoftWare\SDK\platform-tools\adb.exe' with args: ["-P",5037,"-s","022TAS7N51009853","shell","getprop","ro.product.manufacturer"]
2017-05-31 07:12:44:263 - info: [debug] [ADB] Current device property 'ro.product.manufacturer': HUAWEI
2017-05-31 07:12:44:403 - info: [AndroidDriver] Remote apk path is /data/local/tmp/42e2f15827830994ee5f75a4ff734348.apk
2017-05-31 07:12:44:403 - info: [debug] [ADB] Getting connected devices...
2017-05-31 07:12:44:419 - info: [debug] [ADB] 1 device(s) connected
2017-05-31 07:12:44:419 - info: [debug] [ADB] Running 'D:\SoftWare\SDK\platform-tools\adb.exe' with args: ["-P",5037,"-s","022TAS7N51009853","shell","ls","/data/local/tmp/42e2f15827830994ee5f75a4ff734348.apk"]
2017-05-31 07:12:44:481 - info: [debug] [AndroidDriver] Checking if app is installed
2017-05-31 07:12:44:481 - info: [debug] [ADB] Getting install status for com.play.android
2017-05-31 07:12:44:481 - info: [debug] [ADB] Getting connected devices...
2017-05-31 07:12:44:512 - info: [debug] [ADB] 1 device(s) connected
2017-05-31 07:12:44:512 - info: [debug] [ADB] Running 'D:\SoftWare\SDK\platform-tools\adb.exe' with args: ["-P",5037,"-s","022TAS7N51009853","shell","pm","list","packages","com.play.android"]
2017-05-31 07:12:45:575 - info: [debug] [ADB] App is installed
2017-05-31 07:12:45:591 - info: [AndroidDriver] Apk is already on remote and installed, resetting
2017-05-31 07:12:45:591 - info: [debug] [AndroidDriver] Running fast reset (stop and clear)
2017-05-31 07:12:45:591 - info: [debug] [ADB] Getting connected devices...
2017-05-31 07:12:45:623 - info: [debug] [ADB] 1 device(s) connected
2017-05-31 07:12:45:623 - info: [debug] [ADB] Running 'D:\SoftWare\SDK\platform-tools\adb.exe' with args: ["-P",5037,"-s","022TAS7N51009853","shell","am","force-stop","com.play.android"]
2017-05-31 07:12:46:621 - info: [debug] [ADB] Getting connected devices...
2017-05-31 07:12:46:654 - info: [debug] [ADB] 1 device(s) connected
2017-05-31 07:12:46:654 - info: [debug] [ADB] Running 'D:\SoftWare\SDK\platform-tools\adb.exe' with args: ["-P",5037,"-s","022TAS7N51009853","shell","pm","clear","com.play.android"]
2017-05-31 07:12:47:715 - info: [debug] [AndroidDriver] Extracting strings from apk D:\workSpace\EclipseProjects\AppiumForEclipse\apps\play.apk null C:\Users\ADMINI~1\AppData\Local\Temp\com.play.android
2017-05-31 07:12:47:715 - info: [debug] [ADB] Extracting strings for language: default
2017-05-31 07:12:47:715 - info: [debug] [ADB] Device API level: 19
2017-05-31 07:12:47:715 - info: [debug] [ADB] Getting connected devices...
2017-05-31 07:12:47:748 - info: [debug] [ADB] 1 device(s) connected
2017-05-31 07:12:47:748 - info: [debug] [ADB] Running 'D:\SoftWare\SDK\platform-tools\adb.exe' with args: ["-P",5037,"-s","022TAS7N51009853","shell","getprop","persist.sys.language"]
2017-05-31 07:12:47:779 - info: [debug] [ADB] Current device property 'persist.sys.language': zh
2017-05-31 07:12:48:999 - info: [debug] [ADB] Reading strings from converted strings.json
2017-05-31 07:12:48:999 - info: [debug] [ADB] Running 'D:\SoftWare\SDK\platform-tools\adb.exe' with args: ["-P",5037,"-s","022TAS7N51009853","push","C:\\Users\\ADMINI~1\\AppData\\Local\\Temp\\com.play.android\\strings.json","/data/local/tmp"]
2017-05-31 07:12:49:046 - info: [debug] [AndroidBootstrap] Watching for bootstrap disconnect
2017-05-31 07:12:49:046 - info: [debug] [ADB] Forwarding system: 4724 to device: 4724
2017-05-31 07:12:49:046 - info: [debug] [ADB] Running 'D:\SoftWare\SDK\platform-tools\adb.exe' with args: ["-P",5037,"-s","022TAS7N51009853","forward","tcp:4724","tcp:4724"]
2017-05-31 07:12:49:046 - info: [debug] [UiAutomator] Starting UiAutomator
2017-05-31 07:12:49:046 - info: [debug] [UiAutomator] Moving to state 'starting'
2017-05-31 07:12:49:046 - info: [debug] [UiAutomator] Parsing uiautomator jar
2017-05-31 07:12:49:046 - info: [debug] [UiAutomator] Found jar name: 'AppiumBootstrap.jar'
2017-05-31 07:12:49:062 - info: [debug] [ADB] Running 'D:\SoftWare\SDK\platform-tools\adb.exe' with args: ["-P",5037,"-s","022TAS7N51009853","push","D:\\MyProgram\\nodejs\\node_modules\\appium\\node_modules\\appium-android-bootstrap\\bootstrap\\bin\\AppiumBootstrap.jar","/data/local/tmp/"]
2017-05-31 07:12:49:093 - info: [debug] [ADB] Attempting to kill all uiautomator processes
2017-05-31 07:12:49:093 - info: [debug] [ADB] Getting all processes with uiautomator
2017-05-31 07:12:49:093 - info: [debug] [ADB] Getting connected devices...
2017-05-31 07:12:49:124 - info: [debug] [ADB] 1 device(s) connected
2017-05-31 07:12:49:124 - info: [debug] [ADB] Running 'D:\SoftWare\SDK\platform-tools\adb.exe' with args: ["-P",5037,"-s","022TAS7N51009853","shell","ps"]
2017-05-31 07:12:49:249 - info: [ADB] No uiautomator process found to kill, continuing...
2017-05-31 07:12:49:249 - info: [debug] [UiAutomator] Starting UIAutomator
2017-05-31 07:12:49:249 - info: [debug] [ADB] Creating ADB subprocess with args: ["-P",5037,"-s","022TAS7N51009853","shell","uiautomator","runtest","AppiumBootstrap.jar","-c","io.appium.android.bootstrap.Bootstrap","-e","pkg","com.play.android","-e","disableAndroidWatchers",false,"-e","acceptSslCerts",false]
2017-05-31 07:12:49:936 - info: [debug] [UiAutomator] Moving to state 'online'
2017-05-31 07:12:49:936 - info: [AndroidBootstrap] Android bootstrap socket is now connected
2017-05-31 07:12:49:951 - info: [debug] [ADB] Getting connected devices...
2017-05-31 07:12:49:967 - info: [AndroidBootstrap] [BOOTSTRAP LOG] [debug] json loading complete.
2017-05-31 07:12:49:967 - info: [AndroidBootstrap] [BOOTSTRAP LOG] [debug] Registered crash watchers.
2017-05-31 07:12:49:967 - info: [AndroidBootstrap] [BOOTSTRAP LOG] [debug] Client connected
2017-05-31 07:12:49:982 - info: [debug] [ADB] 1 device(s) connected
2017-05-31 07:12:49:998 - info: [debug] [ADB] Running 'D:\SoftWare\SDK\platform-tools\adb.exe' with args: ["-P",5037,"-s","022TAS7N51009853","shell","dumpsys","window"]
2017-05-31 07:12:50:045 - info: [AndroidDriver] Screen already unlocked, doing nothing
2017-05-31 07:12:50:045 - info: [debug] [ADB] Device API level: 19
2017-05-31 07:12:50:045 - info: [debug] [ADB] Getting connected devices...
2017-05-31 07:12:50:077 - info: [debug] [ADB] 1 device(s) connected
2017-05-31 07:12:50:077 - info: [debug] [ADB] Running 'D:\SoftWare\SDK\platform-tools\adb.exe' with args: ["-P",5037,"-s","022TAS7N51009853","shell","am","start","-W","-n","com.play.android/com.play.android.activity.SplashActivity","-S","-a","android.intent.action.MAIN","-c","android.intent.category.LAUNCHER","-f","0x10200000"]
2017-05-31 07:12:58:335 - info: [Appium] New AndroidDriver session created successfully, session 59993012-3a9e-477c-9c5f-410791fc6eee added to master session list
2017-05-31 07:12:58:337 - info: [debug] [BaseDriver] Event 'newSessionStarted' logged at 1496214778337 (15:12:58 GMT+0800 (中国标准时间))
2017-05-31 07:12:58:338 - info: [debug] [MJSONWP] Responding to client with driver.createSession() result: {"platform":"LINUX","webStorageEnabled":false,"takesScreenshot":true,"javascriptEnabled":true,"databaseEnabled":false,"networkConnectionEnabled":true,"locationContextEnabled":false,"warnings":{},"desired":{"appPackage":"com.play.android","appActivity":"com.play.android.activity.SplashActivity","app":"D:\\workSpace\\EclipseProjects\\AppiumForEclipse\\apps\\play.apk","noSign":true,"unicodeKeyboard":true,"platformName":"Android","deviceName":"022TAS7N51009853","resetKeyboard":true},"appPackage":"com.play.android","appActivity":"com.play.android.activity.SplashActivity","app":"D:\\workSpace\\EclipseProjects\\AppiumForEclipse\\apps\\play.apk","noSign":true,"unicodeKeyboard":true,"platformName":"Android","deviceName":"022TAS7N51009853","resetKeyboard":true,"deviceUDID":"022TAS7N51009853","platformVersion":"4.4.2","deviceScreenSize":"720x1280","deviceModel":"HUAWEI P6 S-U06","deviceManufacturer":"HUAWEI"}
2017-05-31 07:12:58:342 - info: [HTTP] <-- POST /wd/hub/session 200 24457 ms - 983 
2017-05-31 07:13:00:319 - info: [HTTP] --> POST /wd/hub/session/59993012-3a9e-477c-9c5f-410791fc6eee/timeouts {"type":"implicit","ms":20000}
2017-05-31 07:13:00:321 - info: [debug] [MJSONWP] Calling AppiumDriver.timeouts() with args: ["implicit",20000,"59993012-3a9e-477c-9c5f-410791fc6eee"]
2017-05-31 07:13:00:323 - info: [debug] [BaseDriver] Set implicit wait to 20000ms
2017-05-31 07:13:00:325 - info: [debug] [MJSONWP] Responding to client with driver.timeouts() result: null
2017-05-31 07:13:00:326 - info: [HTTP] <-- POST /wd/hub/session/59993012-3a9e-477c-9c5f-410791fc6eee/timeouts 200 6 ms - 76 
2017-05-31 07:13:00:603 - info: [HTTP] --> POST /wd/hub/session/59993012-3a9e-477c-9c5f-410791fc6eee/timeouts {"type":"implicit","ms":20000}
2017-05-31 07:13:00:604 - info: [debug] [MJSONWP] Calling AppiumDriver.timeouts() with args: ["implicit",20000,"59993012-3a9e-477c-9c5f-410791fc6eee"]
2017-05-31 07:13:00:605 - info: [debug] [BaseDriver] Set implicit wait to 20000ms
2017-05-31 07:13:00:607 - info: [debug] [MJSONWP] Responding to client with driver.timeouts() result: null
2017-05-31 07:13:00:608 - info: [HTTP] <-- POST /wd/hub/session/59993012-3a9e-477c-9c5f-410791fc6eee/timeouts 200 5 ms - 76 
2017-05-31 07:13:00:635 - info: [HTTP] --> GET /wd/hub/session/59993012-3a9e-477c-9c5f-410791fc6eee/appium/device/current_activity {}
2017-05-31 07:13:00:637 - info: [debug] [MJSONWP] Calling AppiumDriver.getCurrentActivity() with args: ["59993012-3a9e-477c-9c5f-410791fc6eee"]
2017-05-31 07:13:00:639 - info: [debug] [ADB] Getting focused package and activity
2017-05-31 07:13:00:639 - info: [debug] [ADB] Getting connected devices...
2017-05-31 07:13:00:670 - info: [debug] [ADB] 1 device(s) connected
2017-05-31 07:13:00:670 - info: [debug] [ADB] Running 'D:\SoftWare\SDK\platform-tools\adb.exe' with args: ["-P",5037,"-s","022TAS7N51009853","shell","dumpsys","window","windows"]
2017-05-31 07:13:00:742 - info: [debug] [MJSONWP] Responding to client with driver.getCurrentActivity() result: ".activity.main.HomeActivity"
2017-05-31 07:13:00:744 - info: [HTTP] <-- GET /wd/hub/session/59993012-3a9e-477c-9c5f-410791fc6eee/appium/device/current_activity 200 108 ms - 101 
2017-05-31 07:13:00:771 - info: [HTTP] --> POST /wd/hub/session/59993012-3a9e-477c-9c5f-410791fc6eee/appium/app/close {}
2017-05-31 07:13:00:773 - info: [debug] [MJSONWP] Calling AppiumDriver.closeApp() with args: ["59993012-3a9e-477c-9c5f-410791fc6eee"]
2017-05-31 07:13:00:774 - info: [debug] [ADB] Getting connected devices...
2017-05-31 07:13:00:828 - info: [debug] [ADB] 1 device(s) connected
2017-05-31 07:13:00:829 - info: [debug] [ADB] Running 'D:\SoftWare\SDK\platform-tools\adb.exe' with args: ["-P",5037,"-s","022TAS7N51009853","shell","am","force-stop","com.play.android"]
2017-05-31 07:13:01:835 - info: [debug] [MJSONWP] Responding to client with driver.closeApp() result: null
2017-05-31 07:13:01:837 - info: [HTTP] <-- POST /wd/hub/session/59993012-3a9e-477c-9c5f-410791fc6eee/appium/app/close 200 1064 ms - 76 
