2017-05-31 06:05:22:869 - info: [Appium] Welcome to Appium v1.6.5
2017-05-31 06:05:22:872 - info: [Appium] Non-default server args:
2017-05-31 06:05:22:872 - info: [Appium]   address: 127.0.0.1
2017-05-31 06:05:22:873 - info: [Appium]   log: D:\workSpace\EclipseProjects\AppiumForEclipse\log\1496210716667.log
2017-05-31 06:05:22:937 - info: [Appium] Appium REST http interface listener started on 127.0.0.1:4723
2017-05-31 06:05:23:451 - info: [HTTP] --> GET /wd/hub/status {}
2017-05-31 06:05:23:454 - info: [debug] [MJSONWP] Calling AppiumDriver.getStatus() with args: []
2017-05-31 06:05:23:499 - info: [debug] [MJSONWP] Responding to client with driver.getStatus() result: {"build":{"version":"1.6.5","revision":null}}
2017-05-31 06:05:23:506 - info: [HTTP] <-- GET /wd/hub/status 200 51 ms - 83 
2017-05-31 06:05:23:511 - info: [HTTP] --> GET /wd/hub/status {}
2017-05-31 06:05:23:511 - info: [debug] [MJSONWP] Calling AppiumDriver.getStatus() with args: []
2017-05-31 06:05:23:551 - info: [debug] [MJSONWP] Responding to client with driver.getStatus() result: {"build":{"version":"1.6.5","revision":null}}
2017-05-31 06:05:23:553 - info: [HTTP] <-- GET /wd/hub/status 200 42 ms - 83 
2017-05-31 06:05:24:157 - info: [HTTP] --> POST /wd/hub/session {"desiredCapabilities":{"appPackage":"com.play.android","appActivity":"com.play.android.activity.SplashActivity","app":"D:\\workSpace\\EclipseProjects\\AppiumForEclipse\\apps\\play.apk","noSign":"True","unicodeKeyboard":"True","platformName":"Android","deviceName":"022TAS7N51009853","resetKeyboard":"True"}}
2017-05-31 06:05:24:158 - info: [debug] [MJSONWP] Calling AppiumDriver.createSession() with args: [{"appPackage":"com.play.android","appActivity":"com.play.android.activity.SplashActivity","app":"D:\\workSpace\\EclipseProjects\\AppiumForEclipse\\apps\\play.apk","noSign":"True","unicodeKeyboard":"True","platformName":"Android","deviceName":"022TAS7N51009853","resetKeyboard":"True"},null,null]
2017-05-31 06:05:24:159 - info: [debug] [BaseDriver] Event 'newSessionRequested' logged at 1496210724158 (14:05:24 GMT+0800 (中国标准时间))
2017-05-31 06:05:24:161 - info: [Appium] Creating new AndroidDriver (v1.20.0) session
2017-05-31 06:05:24:162 - info: [Appium] Capabilities:
2017-05-31 06:05:24:165 - info: [Appium]   appPackage: 'com.play.android'
2017-05-31 06:05:24:165 - info: [Appium]   appActivity: 'com.play.android.activity.SplashActivity'
2017-05-31 06:05:24:165 - info: [Appium]   app: 'D:\\workSpace\\EclipseProjects\\AppiumForEclipse\\apps\\play.apk'
2017-05-31 06:05:24:166 - info: [Appium]   noSign: 'True'
2017-05-31 06:05:24:166 - info: [Appium]   unicodeKeyboard: 'True'
2017-05-31 06:05:24:166 - info: [Appium]   platformName: 'Android'
2017-05-31 06:05:24:166 - info: [Appium]   deviceName: '022TAS7N51009853'
2017-05-31 06:05:24:167 - info: [Appium]   resetKeyboard: 'True'
2017-05-31 06:05:24:169 - info: [debug] [AndroidDriver] AndroidDriver version: 1.20.0
2017-05-31 06:05:24:174 - warn: [BaseDriver] Capability 'unicodeKeyboard' changed from string to boolean. This may cause unexpected behavior
2017-05-31 06:05:24:174 - warn: [BaseDriver] Capability 'resetKeyboard' changed from string to boolean. This may cause unexpected behavior
2017-05-31 06:05:24:174 - warn: [BaseDriver] Capability 'noSign' changed from string to boolean. This may cause unexpected behavior
2017-05-31 06:05:24:186 - info: [BaseDriver] Session created with session id: 941ec32a-a036-4282-967c-a88df1201eb3
2017-05-31 06:05:24:189 - info: [debug] [AndroidDriver] Getting Java version
2017-05-31 06:05:24:298 - info: [AndroidDriver] Java version is: 1.8.0_121
2017-05-31 06:05:24:302 - info: [ADB] Checking whether adb is present
2017-05-31 06:05:24:307 - info: [ADB] Using adb.exe from D:\SoftWare\SDK\platform-tools\adb.exe
2017-05-31 06:05:24:307 - info: [AndroidDriver] Retrieving device list
2017-05-31 06:05:24:308 - info: [debug] [ADB] Trying to find a connected android device
2017-05-31 06:05:24:309 - info: [debug] [ADB] Getting connected devices...
2017-05-31 06:05:24:332 - info: [debug] [ADB] 1 device(s) connected
2017-05-31 06:05:24:333 - info: [AndroidDriver] Using device: 022TAS7N51009853
2017-05-31 06:05:24:334 - info: [ADB] Checking whether adb is present
2017-05-31 06:05:24:337 - info: [ADB] Using adb.exe from D:\SoftWare\SDK\platform-tools\adb.exe
2017-05-31 06:05:24:337 - info: [debug] [ADB] Setting device id to 022TAS7N51009853
2017-05-31 06:05:24:338 - info: [BaseDriver] Using local app 'D:\workSpace\EclipseProjects\AppiumForEclipse\apps\play.apk'
2017-05-31 06:05:24:339 - info: [debug] [AndroidDriver] Checking whether app is actually present
2017-05-31 06:05:24:341 - info: [AndroidDriver] Starting Android session
2017-05-31 06:05:24:345 - info: [debug] [ADB] Running 'D:\SoftWare\SDK\platform-tools\adb.exe' with args: ["-P",5037,"-s","022TAS7N51009853","wait-for-device"]
2017-05-31 06:05:24:371 - info: [debug] [ADB] Getting connected devices...
2017-05-31 06:05:24:394 - info: [debug] [ADB] 1 device(s) connected
2017-05-31 06:05:24:395 - info: [debug] [ADB] Running 'D:\SoftWare\SDK\platform-tools\adb.exe' with args: ["-P",5037,"-s","022TAS7N51009853","shell","echo","ping"]
2017-05-31 06:05:24:429 - info: [debug] [Logcat] Starting logcat capture
2017-05-31 06:05:24:461 - info: [debug] [AndroidDriver] Enabling Unicode keyboard support
2017-05-31 06:05:24:461 - info: [debug] [AndroidDriver] Pushing unicode ime to device...
2017-05-31 06:05:24:462 - info: [debug] [ADB] Running 'D:\SoftWare\SDK\platform-tools\adb.exe' with args: ["-P",5037,"-s","022TAS7N51009853","install","D:\\MyProgram\\nodejs\\node_modules\\appium\\node_modules\\appium-android-ime\\bin\\UnicodeIME-debug.apk"]
2017-05-31 06:05:25:839 - info: [debug] [ADB] Getting connected devices...
2017-05-31 06:05:25:886 - info: [debug] [ADB] 1 device(s) connected
2017-05-31 06:05:25:887 - info: [debug] [ADB] Running 'D:\SoftWare\SDK\platform-tools\adb.exe' with args: ["-P",5037,"-s","022TAS7N51009853","shell","settings","get","secure","default_input_method"]
2017-05-31 06:05:26:828 - info: [debug] [AndroidDriver] Unsetting previous IME io.appium.android.ime/.UnicodeIME
2017-05-31 06:05:26:828 - info: [debug] [AndroidDriver] Setting IME to 'io.appium.android.ime/.UnicodeIME'
2017-05-31 06:05:26:829 - info: [debug] [ADB] Getting connected devices...
2017-05-31 06:05:26:866 - info: [debug] [ADB] 1 device(s) connected
2017-05-31 06:05:26:867 - info: [debug] [ADB] Running 'D:\SoftWare\SDK\platform-tools\adb.exe' with args: ["-P",5037,"-s","022TAS7N51009853","shell","ime","enable","io.appium.android.ime/.UnicodeIME"]
2017-05-31 06:05:27:706 - info: [debug] [ADB] Getting connected devices...
2017-05-31 06:05:27:740 - info: [debug] [ADB] 1 device(s) connected
2017-05-31 06:05:27:740 - info: [debug] [ADB] Running 'D:\SoftWare\SDK\platform-tools\adb.exe' with args: ["-P",5037,"-s","022TAS7N51009853","shell","ime","set","io.appium.android.ime/.UnicodeIME"]
2017-05-31 06:05:28:571 - info: [debug] [AndroidDriver] Pushing settings apk to device...
2017-05-31 06:05:28:574 - info: [debug] [ADB] Getting install status for io.appium.settings
2017-05-31 06:05:28:574 - info: [debug] [ADB] Getting connected devices...
2017-05-31 06:05:28:610 - info: [debug] [ADB] 1 device(s) connected
2017-05-31 06:05:28:610 - info: [debug] [ADB] Running 'D:\SoftWare\SDK\platform-tools\adb.exe' with args: ["-P",5037,"-s","022TAS7N51009853","shell","pm","list","packages","io.appium.settings"]
2017-05-31 06:05:29:458 - info: [debug] [ADB] App is installed
2017-05-31 06:05:29:460 - info: [debug] [ADB] Getting package info for io.appium.settings
2017-05-31 06:05:29:461 - info: [debug] [ADB] Getting connected devices...
2017-05-31 06:05:29:483 - info: [ADB] Checking whether aapt is present
2017-05-31 06:05:29:489 - info: [ADB] Using aapt.exe from D:\SoftWare\SDK\build-tools\24.0.3\aapt.exe
2017-05-31 06:05:29:501 - info: [debug] [ADB] 1 device(s) connected
2017-05-31 06:05:29:502 - info: [debug] [ADB] Running 'D:\SoftWare\SDK\platform-tools\adb.exe' with args: ["-P",5037,"-s","022TAS7N51009853","shell","dumpsys","package","io.appium.settings"]
2017-05-31 06:05:29:513 - warn: [ADB] Cannot read version codes of D:\MyProgram\nodejs\node_modules\appium\node_modules\io.appium.settings\app\build\outputs\apk\settings_apk-debug.apk and/or io.appium.settings. Assuming correct app version is already installed
2017-05-31 06:05:29:514 - info: [debug] [ADB] Getting connected devices...
2017-05-31 06:05:29:541 - info: [debug] [ADB] 1 device(s) connected
2017-05-31 06:05:29:543 - info: [debug] [ADB] Running 'D:\SoftWare\SDK\platform-tools\adb.exe' with args: ["-P",5037,"-s","022TAS7N51009853","shell","getprop","ro.build.version.sdk"]
2017-05-31 06:05:29:586 - info: [debug] [ADB] Device API level: 19
2017-05-31 06:05:29:587 - info: [debug] [ADB] Getting connected devices...
2017-05-31 06:05:29:609 - info: [debug] [ADB] 1 device(s) connected
2017-05-31 06:05:29:609 - info: [debug] [ADB] Running 'D:\SoftWare\SDK\platform-tools\adb.exe' with args: ["-P",5037,"-s","022TAS7N51009853","shell","dumpsys","package","io.appium.settings"]
2017-05-31 06:05:29:679 - info: [debug] [AndroidDriver] Pushing unlock helper app to device...
2017-05-31 06:05:29:682 - info: [debug] [ADB] Running 'D:\SoftWare\SDK\platform-tools\adb.exe' with args: ["-P",5037,"-s","022TAS7N51009853","install","D:\\MyProgram\\nodejs\\node_modules\\appium\\node_modules\\appium-unlock\\bin\\unlock_apk-debug.apk"]
2017-05-31 06:05:30:788 - info: [debug] [ADB] Device API level: 19
2017-05-31 06:05:30:791 - info: [debug] [ADB] Getting connected devices...
2017-05-31 06:05:30:825 - info: [debug] [ADB] 1 device(s) connected
2017-05-31 06:05:30:825 - info: [debug] [ADB] Running 'D:\SoftWare\SDK\platform-tools\adb.exe' with args: ["-P",5037,"-s","022TAS7N51009853","shell","settings","put","secure","mock_location","1"]
2017-05-31 06:05:31:696 - info: [ADB] Getting device platform version
2017-05-31 06:05:31:696 - info: [debug] [ADB] Getting connected devices...
2017-05-31 06:05:31:742 - info: [debug] [ADB] 1 device(s) connected
2017-05-31 06:05:31:743 - info: [debug] [ADB] Running 'D:\SoftWare\SDK\platform-tools\adb.exe' with args: ["-P",5037,"-s","022TAS7N51009853","shell","getprop","ro.build.version.release"]
2017-05-31 06:05:31:791 - info: [debug] [ADB] Getting connected devices...
2017-05-31 06:05:31:815 - info: [debug] [ADB] 1 device(s) connected
2017-05-31 06:05:31:816 - info: [debug] [ADB] Running 'D:\SoftWare\SDK\platform-tools\adb.exe' with args: ["-P",5037,"-s","022TAS7N51009853","shell","wm","size"]
2017-05-31 06:05:32:861 - info: [debug] [ADB] Getting connected devices...
2017-05-31 06:05:32:900 - info: [debug] [ADB] 1 device(s) connected
2017-05-31 06:05:32:900 - info: [debug] [ADB] Running 'D:\SoftWare\SDK\platform-tools\adb.exe' with args: ["-P",5037,"-s","022TAS7N51009853","shell","getprop","ro.product.model"]
2017-05-31 06:05:32:960 - info: [debug] [ADB] Current device property 'ro.product.model': HUAWEI P6 S-U06
2017-05-31 06:05:32:962 - info: [debug] [ADB] Getting connected devices...
2017-05-31 06:05:33:002 - info: [debug] [ADB] 1 device(s) connected
2017-05-31 06:05:33:003 - info: [debug] [ADB] Running 'D:\SoftWare\SDK\platform-tools\adb.exe' with args: ["-P",5037,"-s","022TAS7N51009853","shell","getprop","ro.product.manufacturer"]
2017-05-31 06:05:33:068 - info: [debug] [ADB] Current device property 'ro.product.manufacturer': HUAWEI
2017-05-31 06:05:33:215 - info: [AndroidDriver] Remote apk path is /data/local/tmp/42e2f15827830994ee5f75a4ff734348.apk
2017-05-31 06:05:33:216 - info: [debug] [ADB] Getting connected devices...
2017-05-31 06:05:33:241 - info: [debug] [ADB] 1 device(s) connected
2017-05-31 06:05:33:242 - info: [debug] [ADB] Running 'D:\SoftWare\SDK\platform-tools\adb.exe' with args: ["-P",5037,"-s","022TAS7N51009853","shell","ls","/data/local/tmp/42e2f15827830994ee5f75a4ff734348.apk"]
2017-05-31 06:05:33:312 - info: [debug] [AndroidDriver] Checking if app is installed
2017-05-31 06:05:33:313 - info: [debug] [ADB] Getting install status for com.play.android
2017-05-31 06:05:33:313 - info: [debug] [ADB] Getting connected devices...
2017-05-31 06:05:33:353 - info: [debug] [ADB] 1 device(s) connected
2017-05-31 06:05:33:353 - info: [debug] [ADB] Running 'D:\SoftWare\SDK\platform-tools\adb.exe' with args: ["-P",5037,"-s","022TAS7N51009853","shell","pm","list","packages","com.play.android"]
2017-05-31 06:05:34:227 - info: [debug] [ADB] App is installed
2017-05-31 06:05:34:228 - info: [AndroidDriver] Apk is already on remote and installed, resetting
2017-05-31 06:05:34:230 - info: [debug] [AndroidDriver] Running fast reset (stop and clear)
2017-05-31 06:05:34:232 - info: [debug] [ADB] Getting connected devices...
2017-05-31 06:05:34:269 - info: [debug] [ADB] 1 device(s) connected
2017-05-31 06:05:34:270 - info: [debug] [ADB] Running 'D:\SoftWare\SDK\platform-tools\adb.exe' with args: ["-P",5037,"-s","022TAS7N51009853","shell","am","force-stop","com.play.android"]
2017-05-31 06:05:35:238 - info: [debug] [ADB] Getting connected devices...
2017-05-31 06:05:35:283 - info: [debug] [ADB] 1 device(s) connected
2017-05-31 06:05:35:283 - info: [debug] [ADB] Running 'D:\SoftWare\SDK\platform-tools\adb.exe' with args: ["-P",5037,"-s","022TAS7N51009853","shell","pm","clear","com.play.android"]
2017-05-31 06:05:36:040 - info: [debug] [AndroidDriver] Extracting strings from apk D:\workSpace\EclipseProjects\AppiumForEclipse\apps\play.apk null C:\Users\ADMINI~1\AppData\Local\Temp\com.play.android
2017-05-31 06:05:36:043 - info: [debug] [ADB] Extracting strings for language: default
2017-05-31 06:05:36:046 - info: [debug] [ADB] Device API level: 19
2017-05-31 06:05:36:047 - info: [debug] [ADB] Getting connected devices...
2017-05-31 06:05:36:072 - info: [debug] [ADB] 1 device(s) connected
2017-05-31 06:05:36:073 - info: [debug] [ADB] Running 'D:\SoftWare\SDK\platform-tools\adb.exe' with args: ["-P",5037,"-s","022TAS7N51009853","shell","getprop","persist.sys.language"]
2017-05-31 06:05:36:108 - info: [debug] [ADB] Current device property 'persist.sys.language': zh
2017-05-31 06:05:37:219 - info: [debug] [ADB] Reading strings from converted strings.json
2017-05-31 06:05:37:223 - info: [debug] [ADB] Running 'D:\SoftWare\SDK\platform-tools\adb.exe' with args: ["-P",5037,"-s","022TAS7N51009853","push","C:\\Users\\ADMINI~1\\AppData\\Local\\Temp\\com.play.android\\strings.json","/data/local/tmp"]
2017-05-31 06:05:37:265 - info: [debug] [AndroidBootstrap] Watching for bootstrap disconnect
2017-05-31 06:05:37:267 - info: [debug] [ADB] Forwarding system: 4724 to device: 4724
2017-05-31 06:05:37:267 - info: [debug] [ADB] Running 'D:\SoftWare\SDK\platform-tools\adb.exe' with args: ["-P",5037,"-s","022TAS7N51009853","forward","tcp:4724","tcp:4724"]
2017-05-31 06:05:37:276 - info: [debug] [UiAutomator] Starting UiAutomator
2017-05-31 06:05:37:277 - info: [debug] [UiAutomator] Moving to state 'starting'
2017-05-31 06:05:37:277 - info: [debug] [UiAutomator] Parsing uiautomator jar
2017-05-31 06:05:37:277 - info: [debug] [UiAutomator] Found jar name: 'AppiumBootstrap.jar'
2017-05-31 06:05:37:278 - info: [debug] [ADB] Running 'D:\SoftWare\SDK\platform-tools\adb.exe' with args: ["-P",5037,"-s","022TAS7N51009853","push","D:\\MyProgram\\nodejs\\node_modules\\appium\\node_modules\\appium-android-bootstrap\\bootstrap\\bin\\AppiumBootstrap.jar","/data/local/tmp/"]
2017-05-31 06:05:37:327 - info: [debug] [ADB] Attempting to kill all uiautomator processes
2017-05-31 06:05:37:328 - info: [debug] [ADB] Getting all processes with uiautomator
2017-05-31 06:05:37:328 - info: [debug] [ADB] Getting connected devices...
2017-05-31 06:05:37:352 - info: [debug] [ADB] 1 device(s) connected
2017-05-31 06:05:37:352 - info: [debug] [ADB] Running 'D:\SoftWare\SDK\platform-tools\adb.exe' with args: ["-P",5037,"-s","022TAS7N51009853","shell","ps"]
2017-05-31 06:05:37:468 - info: [ADB] No uiautomator process found to kill, continuing...
2017-05-31 06:05:37:468 - info: [debug] [UiAutomator] Starting UIAutomator
2017-05-31 06:05:37:469 - info: [debug] [ADB] Creating ADB subprocess with args: ["-P",5037,"-s","022TAS7N51009853","shell","uiautomator","runtest","AppiumBootstrap.jar","-c","io.appium.android.bootstrap.Bootstrap","-e","pkg","com.play.android","-e","disableAndroidWatchers",false,"-e","acceptSslCerts",false]
2017-05-31 06:05:38:380 - info: [debug] [UiAutomator] Moving to state 'online'
2017-05-31 06:05:38:391 - info: [AndroidBootstrap] Android bootstrap socket is now connected
2017-05-31 06:05:38:394 - info: [debug] [ADB] Getting connected devices...
2017-05-31 06:05:38:415 - info: [AndroidBootstrap] [BOOTSTRAP LOG] [debug] json loading complete.
2017-05-31 06:05:38:415 - info: [AndroidBootstrap] [BOOTSTRAP LOG] [debug] Registered crash watchers.
2017-05-31 06:05:38:416 - info: [AndroidBootstrap] [BOOTSTRAP LOG] [debug] Client connected
2017-05-31 06:05:38:435 - info: [debug] [ADB] 1 device(s) connected
2017-05-31 06:05:38:435 - info: [debug] [ADB] Running 'D:\SoftWare\SDK\platform-tools\adb.exe' with args: ["-P",5037,"-s","022TAS7N51009853","shell","dumpsys","window"]
2017-05-31 06:05:38:488 - info: [AndroidDriver] Screen already unlocked, doing nothing
2017-05-31 06:05:38:490 - info: [debug] [ADB] Device API level: 19
2017-05-31 06:05:38:491 - info: [debug] [ADB] Getting connected devices...
2017-05-31 06:05:38:513 - info: [debug] [ADB] 1 device(s) connected
2017-05-31 06:05:38:514 - info: [debug] [ADB] Running 'D:\SoftWare\SDK\platform-tools\adb.exe' with args: ["-P",5037,"-s","022TAS7N51009853","shell","am","start","-W","-n","com.play.android/com.play.android.activity.SplashActivity","-S","-a","android.intent.action.MAIN","-c","android.intent.category.LAUNCHER","-f","0x10200000"]
2017-05-31 06:05:46:850 - info: [Appium] New AndroidDriver session created successfully, session 941ec32a-a036-4282-967c-a88df1201eb3 added to master session list
2017-05-31 06:05:46:852 - info: [debug] [BaseDriver] Event 'newSessionStarted' logged at 1496210746852 (14:05:46 GMT+0800 (中国标准时间))
2017-05-31 06:05:46:853 - info: [debug] [MJSONWP] Responding to client with driver.createSession() result: {"platform":"LINUX","webStorageEnabled":false,"takesScreenshot":true,"javascriptEnabled":true,"databaseEnabled":false,"networkConnectionEnabled":true,"locationContextEnabled":false,"warnings":{},"desired":{"appPackage":"com.play.android","appActivity":"com.play.android.activity.SplashActivity","app":"D:\\workSpace\\EclipseProjects\\AppiumForEclipse\\apps\\play.apk","noSign":true,"unicodeKeyboard":true,"platformName":"Android","deviceName":"022TAS7N51009853","resetKeyboard":true},"appPackage":"com.play.android","appActivity":"com.play.android.activity.SplashActivity","app":"D:\\workSpace\\EclipseProjects\\AppiumForEclipse\\apps\\play.apk","noSign":true,"unicodeKeyboard":true,"platformName":"Android","deviceName":"022TAS7N51009853","resetKeyboard":true,"deviceUDID":"022TAS7N51009853","platformVersion":"4.4.2","deviceScreenSize":"720x1280","deviceModel":"HUAWEI P6 S-U06","deviceManufacturer":"HUAWEI"}
2017-05-31 06:05:46:857 - info: [HTTP] <-- POST /wd/hub/session 200 22697 ms - 983 
2017-05-31 06:05:48:704 - info: [HTTP] --> POST /wd/hub/session/941ec32a-a036-4282-967c-a88df1201eb3/timeouts {"type":"implicit","ms":20000}
2017-05-31 06:05:48:707 - info: [debug] [MJSONWP] Calling AppiumDriver.timeouts() with args: ["implicit",20000,"941ec32a-a036-4282-967c-a88df1201eb3"]
2017-05-31 06:05:48:708 - info: [debug] [BaseDriver] Set implicit wait to 20000ms
2017-05-31 06:05:48:709 - info: [debug] [MJSONWP] Responding to client with driver.timeouts() result: null
2017-05-31 06:05:48:710 - info: [HTTP] <-- POST /wd/hub/session/941ec32a-a036-4282-967c-a88df1201eb3/timeouts 200 6 ms - 76 
2017-05-31 06:05:48:939 - info: [HTTP] --> POST /wd/hub/session/941ec32a-a036-4282-967c-a88df1201eb3/timeouts {"type":"implicit","ms":0}
2017-05-31 06:05:48:940 - info: [debug] [MJSONWP] Calling AppiumDriver.timeouts() with args: ["implicit",0,"941ec32a-a036-4282-967c-a88df1201eb3"]
2017-05-31 06:05:48:941 - info: [debug] [BaseDriver] Set implicit wait to 0ms
2017-05-31 06:05:48:942 - info: [debug] [MJSONWP] Responding to client with driver.timeouts() result: null
2017-05-31 06:05:48:943 - info: [HTTP] <-- POST /wd/hub/session/941ec32a-a036-4282-967c-a88df1201eb3/timeouts 200 3 ms - 76 
2017-05-31 06:05:48:967 - info: [HTTP] --> GET /wd/hub/session/941ec32a-a036-4282-967c-a88df1201eb3/context {}
2017-05-31 06:05:48:970 - info: [debug] [MJSONWP] Calling AppiumDriver.getCurrentContext() with args: ["941ec32a-a036-4282-967c-a88df1201eb3"]
2017-05-31 06:05:48:972 - info: [debug] [MJSONWP] Responding to client with driver.getCurrentContext() result: "NATIVE_APP"
2017-05-31 06:05:48:973 - info: [HTTP] <-- GET /wd/hub/session/941ec32a-a036-4282-967c-a88df1201eb3/context 200 5 ms - 84 
2017-05-31 06:05:48:977 - info: [HTTP] --> POST /wd/hub/session/941ec32a-a036-4282-967c-a88df1201eb3/elements {"using":"id","value":"com.play.android:id/btn_profile"}
2017-05-31 06:05:48:978 - info: [debug] [MJSONWP] Calling AppiumDriver.findElements() with args: ["id","com.play.android:id/btn_profile","941ec32a-a036-4282-967c-a88df1201eb3"]
2017-05-31 06:05:48:979 - info: [debug] [BaseDriver] Valid locator strategies for this request: xpath, id, class name, accessibility id, -android uiautomator
2017-05-31 06:05:48:980 - info: [debug] [BaseDriver] Valid locator strategies for this request: xpath, id, class name, accessibility id, -android uiautomator
2017-05-31 06:05:48:981 - info: [debug] [BaseDriver] Waiting up to 0 ms for condition
2017-05-31 06:05:48:985 - info: [debug] [AndroidBootstrap] Sending command to android: {"cmd":"action","action":"find","params":{"strategy":"id","selector":"com.play.android:id/btn_profile","context":"","multiple":true}}
2017-05-31 06:05:48:989 - info: [AndroidBootstrap] [BOOTSTRAP LOG] [debug] Got data from client: {"cmd":"action","action":"find","params":{"strategy":"id","selector":"com.play.android:id/btn_profile","context":"","multiple":true}}
2017-05-31 06:05:48:989 - info: [AndroidBootstrap] [BOOTSTRAP LOG] [debug] Got command of type ACTION
2017-05-31 06:05:48:990 - info: [AndroidBootstrap] [BOOTSTRAP LOG] [debug] Got command action: find
2017-05-31 06:05:48:990 - info: [AndroidBootstrap] [BOOTSTRAP LOG] [debug] Finding 'com.play.android:id/btn_profile' using 'ID' with the contextId: '' multiple: true
2017-05-31 06:05:48:991 - info: [AndroidBootstrap] [BOOTSTRAP LOG] [debug] Using: UiSelector[RESOURCE_ID=com.play.android:id/btn_profile]
2017-05-31 06:05:48:992 - info: [AndroidBootstrap] [BOOTSTRAP LOG] [debug] getElements selector:UiSelector[RESOURCE_ID=com.play.android:id/btn_profile]
2017-05-31 06:05:48:992 - info: [AndroidBootstrap] [BOOTSTRAP LOG] [debug] Element[] is null: (0)
2017-05-31 06:05:48:992 - info: [AndroidBootstrap] [BOOTSTRAP LOG] [debug] getElements tmp selector:UiSelector[INSTANCE=0, RESOURCE_ID=com.play.android:id/btn_profile]
2017-05-31 06:05:52:219 - info: [AndroidBootstrap] [BOOTSTRAP LOG] [debug] Element[] is null: (1)
2017-05-31 06:05:52:220 - info: [AndroidBootstrap] [BOOTSTRAP LOG] [debug] getElements tmp selector:UiSelector[INSTANCE=1, RESOURCE_ID=com.play.android:id/btn_profile]
2017-05-31 06:05:52:362 - info: [AndroidBootstrap] [BOOTSTRAP LOG] [debug] Returning result: {"value":[{"ELEMENT":"1"}],"status":0}
2017-05-31 06:05:52:364 - info: [debug] [AndroidBootstrap] Received command result from bootstrap
2017-05-31 06:05:52:367 - info: [debug] [MJSONWP] Responding to client with driver.findElements() result: [{"ELEMENT":"1"}]
2017-05-31 06:05:52:370 - info: [HTTP] <-- POST /wd/hub/session/941ec32a-a036-4282-967c-a88df1201eb3/elements 200 3392 ms - 89 
2017-05-31 06:05:52:643 - info: [HTTP] --> POST /wd/hub/session/941ec32a-a036-4282-967c-a88df1201eb3/timeouts {"type":"implicit","ms":5000}
2017-05-31 06:05:52:644 - info: [debug] [MJSONWP] Calling AppiumDriver.timeouts() with args: ["implicit",5000,"941ec32a-a036-4282-967c-a88df1201eb3"]
2017-05-31 06:05:52:644 - info: [debug] [BaseDriver] Set implicit wait to 5000ms
2017-05-31 06:05:52:646 - info: [debug] [MJSONWP] Responding to client with driver.timeouts() result: null
2017-05-31 06:05:52:646 - info: [HTTP] <-- POST /wd/hub/session/941ec32a-a036-4282-967c-a88df1201eb3/timeouts 200 3 ms - 76 
2017-05-31 06:05:52:670 - info: [HTTP] --> POST /wd/hub/session/941ec32a-a036-4282-967c-a88df1201eb3/element/1/click {"id":"1"}
2017-05-31 06:05:52:671 - info: [debug] [MJSONWP] Calling AppiumDriver.click() with args: ["1","941ec32a-a036-4282-967c-a88df1201eb3"]
2017-05-31 06:05:52:673 - info: [debug] [AndroidBootstrap] Sending command to android: {"cmd":"action","action":"element:click","params":{"elementId":"1"}}
2017-05-31 06:05:52:677 - info: [AndroidBootstrap] [BOOTSTRAP LOG] [debug] Got data from client: {"cmd":"action","action":"element:click","params":{"elementId":"1"}}
2017-05-31 06:05:52:678 - info: [AndroidBootstrap] [BOOTSTRAP LOG] [debug] Got command of type ACTION
2017-05-31 06:05:52:678 - info: [AndroidBootstrap] [BOOTSTRAP LOG] [debug] Got command action: click
2017-05-31 06:05:53:296 - info: [AndroidBootstrap] [BOOTSTRAP LOG] [debug] Returning result: {"value":true,"status":0}
2017-05-31 06:05:53:296 - info: [debug] [AndroidBootstrap] Received command result from bootstrap
2017-05-31 06:05:53:297 - info: [debug] [MJSONWP] Responding to client with driver.click() result: true
2017-05-31 06:05:53:299 - info: [HTTP] <-- POST /wd/hub/session/941ec32a-a036-4282-967c-a88df1201eb3/element/1/click 200 628 ms - 76 
2017-05-31 06:05:53:327 - info: [HTTP] --> GET /wd/hub/session/941ec32a-a036-4282-967c-a88df1201eb3/appium/device/current_activity {}
2017-05-31 06:05:53:328 - info: [debug] [MJSONWP] Calling AppiumDriver.getCurrentActivity() with args: ["941ec32a-a036-4282-967c-a88df1201eb3"]
2017-05-31 06:05:53:330 - info: [debug] [ADB] Getting focused package and activity
2017-05-31 06:05:53:331 - info: [debug] [ADB] Getting connected devices...
2017-05-31 06:05:53:388 - info: [debug] [ADB] 1 device(s) connected
2017-05-31 06:05:53:388 - info: [debug] [ADB] Running 'D:\SoftWare\SDK\platform-tools\adb.exe' with args: ["-P",5037,"-s","022TAS7N51009853","shell","dumpsys","window","windows"]
2017-05-31 06:05:53:467 - info: [debug] [MJSONWP] Responding to client with driver.getCurrentActivity() result: ".activity.member.LoginActivity"
2017-05-31 06:05:53:468 - info: [HTTP] <-- GET /wd/hub/session/941ec32a-a036-4282-967c-a88df1201eb3/appium/device/current_activity 200 140 ms - 104 
2017-05-31 06:05:53:513 - info: [HTTP] --> POST /wd/hub/session/941ec32a-a036-4282-967c-a88df1201eb3/timeouts {"type":"implicit","ms":0}
2017-05-31 06:05:53:513 - info: [debug] [MJSONWP] Calling AppiumDriver.timeouts() with args: ["implicit",0,"941ec32a-a036-4282-967c-a88df1201eb3"]
2017-05-31 06:05:53:514 - info: [debug] [BaseDriver] Set implicit wait to 0ms
2017-05-31 06:05:53:516 - info: [debug] [MJSONWP] Responding to client with driver.timeouts() result: null
2017-05-31 06:05:53:518 - info: [HTTP] <-- POST /wd/hub/session/941ec32a-a036-4282-967c-a88df1201eb3/timeouts 200 5 ms - 76 
2017-05-31 06:05:53:523 - info: [HTTP] --> GET /wd/hub/session/941ec32a-a036-4282-967c-a88df1201eb3/context {}
2017-05-31 06:05:53:524 - info: [debug] [MJSONWP] Calling AppiumDriver.getCurrentContext() with args: ["941ec32a-a036-4282-967c-a88df1201eb3"]
2017-05-31 06:05:53:528 - info: [debug] [MJSONWP] Responding to client with driver.getCurrentContext() result: "NATIVE_APP"
2017-05-31 06:05:53:530 - info: [HTTP] <-- GET /wd/hub/session/941ec32a-a036-4282-967c-a88df1201eb3/context 200 6 ms - 84 
2017-05-31 06:05:53:535 - info: [HTTP] --> POST /wd/hub/session/941ec32a-a036-4282-967c-a88df1201eb3/elements {"using":"id","value":"com.play.android:id/tv_account"}
2017-05-31 06:05:53:536 - info: [debug] [MJSONWP] Calling AppiumDriver.findElements() with args: ["id","com.play.android:id/tv_account","941ec32a-a036-4282-967c-a88df1201eb3"]
2017-05-31 06:05:53:537 - info: [debug] [BaseDriver] Valid locator strategies for this request: xpath, id, class name, accessibility id, -android uiautomator
2017-05-31 06:05:53:538 - info: [debug] [BaseDriver] Valid locator strategies for this request: xpath, id, class name, accessibility id, -android uiautomator
2017-05-31 06:05:53:538 - info: [debug] [BaseDriver] Waiting up to 0 ms for condition
2017-05-31 06:05:53:539 - info: [debug] [AndroidBootstrap] Sending command to android: {"cmd":"action","action":"find","params":{"strategy":"id","selector":"com.play.android:id/tv_account","context":"","multiple":true}}
2017-05-31 06:05:53:546 - info: [AndroidBootstrap] [BOOTSTRAP LOG] [debug] Got data from client: {"cmd":"action","action":"find","params":{"strategy":"id","selector":"com.play.android:id/tv_account","context":"","multiple":true}}
2017-05-31 06:05:53:546 - info: [AndroidBootstrap] [BOOTSTRAP LOG] [debug] Got command of type ACTION
2017-05-31 06:05:53:547 - info: [AndroidBootstrap] [BOOTSTRAP LOG] [debug] Got command action: find
2017-05-31 06:05:53:547 - info: [AndroidBootstrap] [BOOTSTRAP LOG] [debug] Finding 'com.play.android:id/tv_account' using 'ID' with the contextId: '' multiple: true
2017-05-31 06:05:53:547 - info: [AndroidBootstrap] [BOOTSTRAP LOG] [debug] Using: UiSelector[RESOURCE_ID=com.play.android:id/tv_account]
2017-05-31 06:05:53:547 - info: [AndroidBootstrap] [BOOTSTRAP LOG] [debug] getElements selector:UiSelector[RESOURCE_ID=com.play.android:id/tv_account]
2017-05-31 06:05:53:547 - info: [AndroidBootstrap] [BOOTSTRAP LOG] [debug] Element[] is null: (0)
2017-05-31 06:05:53:548 - info: [AndroidBootstrap] [BOOTSTRAP LOG] [debug] getElements tmp selector:UiSelector[INSTANCE=0, RESOURCE_ID=com.play.android:id/tv_account]
2017-05-31 06:05:53:944 - info: [AndroidBootstrap] [BOOTSTRAP LOG] [debug] Element[] is null: (1)
2017-05-31 06:05:53:947 - info: [AndroidBootstrap] [BOOTSTRAP LOG] [debug] getElements tmp selector:UiSelector[INSTANCE=1, RESOURCE_ID=com.play.android:id/tv_account]
2017-05-31 06:05:54:572 - info: [AndroidBootstrap] [BOOTSTRAP LOG] [debug] Returning result: {"value":[{"ELEMENT":"2"}],"status":0}
2017-05-31 06:05:54:573 - info: [debug] [AndroidBootstrap] Received command result from bootstrap
2017-05-31 06:05:54:575 - info: [debug] [MJSONWP] Responding to client with driver.findElements() result: [{"ELEMENT":"2"}]
2017-05-31 06:05:54:584 - info: [HTTP] <-- POST /wd/hub/session/941ec32a-a036-4282-967c-a88df1201eb3/elements 200 1040 ms - 89 
2017-05-31 06:05:54:720 - info: [HTTP] --> POST /wd/hub/session/941ec32a-a036-4282-967c-a88df1201eb3/timeouts {"type":"implicit","ms":5000}
2017-05-31 06:05:54:721 - info: [debug] [MJSONWP] Calling AppiumDriver.timeouts() with args: ["implicit",5000,"941ec32a-a036-4282-967c-a88df1201eb3"]
2017-05-31 06:05:54:722 - info: [debug] [BaseDriver] Set implicit wait to 5000ms
2017-05-31 06:05:54:723 - info: [debug] [MJSONWP] Responding to client with driver.timeouts() result: null
2017-05-31 06:05:54:724 - info: [HTTP] <-- POST /wd/hub/session/941ec32a-a036-4282-967c-a88df1201eb3/timeouts 200 4 ms - 76 
2017-05-31 06:05:54:730 - info: [HTTP] --> POST /wd/hub/session/941ec32a-a036-4282-967c-a88df1201eb3/element/2/click {"id":"2"}
2017-05-31 06:05:54:730 - info: [debug] [MJSONWP] Calling AppiumDriver.click() with args: ["2","941ec32a-a036-4282-967c-a88df1201eb3"]
2017-05-31 06:05:54:732 - info: [debug] [AndroidBootstrap] Sending command to android: {"cmd":"action","action":"element:click","params":{"elementId":"2"}}
2017-05-31 06:05:54:736 - info: [AndroidBootstrap] [BOOTSTRAP LOG] [debug] Got data from client: {"cmd":"action","action":"element:click","params":{"elementId":"2"}}
2017-05-31 06:05:54:736 - info: [AndroidBootstrap] [BOOTSTRAP LOG] [debug] Got command of type ACTION
2017-05-31 06:05:54:738 - info: [AndroidBootstrap] [BOOTSTRAP LOG] [debug] Got command action: click
2017-05-31 06:05:54:914 - info: [AndroidBootstrap] [BOOTSTRAP LOG] [debug] Returning result: {"value":true,"status":0}
2017-05-31 06:05:54:914 - info: [debug] [AndroidBootstrap] Received command result from bootstrap
2017-05-31 06:05:54:915 - info: [debug] [MJSONWP] Responding to client with driver.click() result: true
2017-05-31 06:05:54:916 - info: [HTTP] <-- POST /wd/hub/session/941ec32a-a036-4282-967c-a88df1201eb3/element/2/click 200 186 ms - 76 
2017-05-31 06:05:54:952 - info: [HTTP] --> POST /wd/hub/session/941ec32a-a036-4282-967c-a88df1201eb3/timeouts {"type":"implicit","ms":0}
2017-05-31 06:05:54:953 - info: [debug] [MJSONWP] Calling AppiumDriver.timeouts() with args: ["implicit",0,"941ec32a-a036-4282-967c-a88df1201eb3"]
2017-05-31 06:05:54:953 - info: [debug] [BaseDriver] Set implicit wait to 0ms
2017-05-31 06:05:54:954 - info: [debug] [MJSONWP] Responding to client with driver.timeouts() result: null
2017-05-31 06:05:54:955 - info: [HTTP] <-- POST /wd/hub/session/941ec32a-a036-4282-967c-a88df1201eb3/timeouts 200 3 ms - 76 
2017-05-31 06:05:54:959 - info: [HTTP] --> GET /wd/hub/session/941ec32a-a036-4282-967c-a88df1201eb3/context {}
2017-05-31 06:05:54:959 - info: [debug] [MJSONWP] Calling AppiumDriver.getCurrentContext() with args: ["941ec32a-a036-4282-967c-a88df1201eb3"]
2017-05-31 06:05:54:960 - info: [debug] [MJSONWP] Responding to client with driver.getCurrentContext() result: "NATIVE_APP"
2017-05-31 06:05:54:961 - info: [HTTP] <-- GET /wd/hub/session/941ec32a-a036-4282-967c-a88df1201eb3/context 200 2 ms - 84 
2017-05-31 06:05:54:964 - info: [HTTP] --> POST /wd/hub/session/941ec32a-a036-4282-967c-a88df1201eb3/elements {"using":"id","value":"com.play.android:id/et_account"}
2017-05-31 06:05:54:964 - info: [debug] [MJSONWP] Calling AppiumDriver.findElements() with args: ["id","com.play.android:id/et_account","941ec32a-a036-4282-967c-a88df1201eb3"]
2017-05-31 06:05:54:965 - info: [debug] [BaseDriver] Valid locator strategies for this request: xpath, id, class name, accessibility id, -android uiautomator
2017-05-31 06:05:54:965 - info: [debug] [BaseDriver] Valid locator strategies for this request: xpath, id, class name, accessibility id, -android uiautomator
2017-05-31 06:05:54:965 - info: [debug] [BaseDriver] Waiting up to 0 ms for condition
2017-05-31 06:05:54:965 - info: [debug] [AndroidBootstrap] Sending command to android: {"cmd":"action","action":"find","params":{"strategy":"id","selector":"com.play.android:id/et_account","context":"","multiple":true}}
2017-05-31 06:05:54:970 - info: [AndroidBootstrap] [BOOTSTRAP LOG] [debug] Got data from client: {"cmd":"action","action":"find","params":{"strategy":"id","selector":"com.play.android:id/et_account","context":"","multiple":true}}
2017-05-31 06:05:54:971 - info: [AndroidBootstrap] [BOOTSTRAP LOG] [debug] Got command of type ACTION
2017-05-31 06:05:54:971 - info: [AndroidBootstrap] [BOOTSTRAP LOG] [debug] Got command action: find
2017-05-31 06:05:54:971 - info: [AndroidBootstrap] [BOOTSTRAP LOG] [debug] Finding 'com.play.android:id/et_account' using 'ID' with the contextId: '' multiple: true
2017-05-31 06:05:54:972 - info: [AndroidBootstrap] [BOOTSTRAP LOG] [debug] Using: UiSelector[RESOURCE_ID=com.play.android:id/et_account]
2017-05-31 06:05:54:972 - info: [AndroidBootstrap] [BOOTSTRAP LOG] [debug] getElements selector:UiSelector[RESOURCE_ID=com.play.android:id/et_account]
2017-05-31 06:05:54:972 - info: [AndroidBootstrap] [BOOTSTRAP LOG] [debug] Element[] is null: (0)
2017-05-31 06:05:54:972 - info: [AndroidBootstrap] [BOOTSTRAP LOG] [debug] getElements tmp selector:UiSelector[INSTANCE=0, RESOURCE_ID=com.play.android:id/et_account]
2017-05-31 06:05:55:631 - info: [AndroidBootstrap] [BOOTSTRAP LOG] [debug] Element[] is null: (1)
2017-05-31 06:05:55:632 - info: [AndroidBootstrap] [BOOTSTRAP LOG] [debug] getElements tmp selector:UiSelector[INSTANCE=1, RESOURCE_ID=com.play.android:id/et_account]
2017-05-31 06:05:56:168 - info: [AndroidBootstrap] [BOOTSTRAP LOG] [debug] Returning result: {"value":[{"ELEMENT":"3"}],"status":0}
2017-05-31 06:05:56:169 - info: [debug] [AndroidBootstrap] Received command result from bootstrap
2017-05-31 06:05:56:170 - info: [debug] [MJSONWP] Responding to client with driver.findElements() result: [{"ELEMENT":"3"}]
2017-05-31 06:05:56:172 - info: [HTTP] <-- POST /wd/hub/session/941ec32a-a036-4282-967c-a88df1201eb3/elements 200 1208 ms - 89 
2017-05-31 06:05:56:309 - info: [HTTP] --> POST /wd/hub/session/941ec32a-a036-4282-967c-a88df1201eb3/timeouts {"type":"implicit","ms":5000}
2017-05-31 06:05:56:310 - info: [debug] [MJSONWP] Calling AppiumDriver.timeouts() with args: ["implicit",5000,"941ec32a-a036-4282-967c-a88df1201eb3"]
2017-05-31 06:05:56:311 - info: [debug] [BaseDriver] Set implicit wait to 5000ms
2017-05-31 06:05:56:311 - info: [debug] [MJSONWP] Responding to client with driver.timeouts() result: null
2017-05-31 06:05:56:312 - info: [HTTP] <-- POST /wd/hub/session/941ec32a-a036-4282-967c-a88df1201eb3/timeouts 200 3 ms - 76 
2017-05-31 06:05:56:317 - info: [HTTP] --> POST /wd/hub/session/941ec32a-a036-4282-967c-a88df1201eb3/element/3/value {"id":"3","value":["18521035133"]}
2017-05-31 06:05:56:317 - info: [debug] [MJSONWP] Calling AppiumDriver.setValue() with args: [["18521035133"],"3","941ec32a-a036-4282-967c-a88df1201eb3"]
2017-05-31 06:05:56:319 - info: [debug] [AndroidBootstrap] Sending command to android: {"cmd":"action","action":"element:setText","params":{"elementId":"3","text":"18521035133","replace":false,"unicodeKeyboard":true}}
2017-05-31 06:05:56:328 - info: [AndroidBootstrap] [BOOTSTRAP LOG] [debug] Got data from client: {"cmd":"action","action":"element:setText","params":{"elementId":"3","text":"18521035133","replace":false,"unicodeKeyboard":true}}
2017-05-31 06:05:56:329 - info: [AndroidBootstrap] [BOOTSTRAP LOG] [debug] Got command of type ACTION
2017-05-31 06:05:56:330 - info: [AndroidBootstrap] [BOOTSTRAP LOG] [debug] Got command action: setText
2017-05-31 06:05:56:330 - info: [AndroidBootstrap] [BOOTSTRAP LOG] [debug] Using element passed in: 3
2017-05-31 06:05:56:439 - info: [AndroidBootstrap] [BOOTSTRAP LOG] [debug] Attempting to clear using UiObject.clearText().
2017-05-31 06:05:59:772 - info: [AndroidBootstrap] [BOOTSTRAP LOG] [debug] Text remains after clearing, but it appears to be hint text.
2017-05-31 06:05:59:809 - info: [AndroidBootstrap] [BOOTSTRAP LOG] [debug] Text not cleared. Assuming remainder is hint text.
2017-05-31 06:05:59:810 - info: [AndroidBootstrap] [BOOTSTRAP LOG] [debug] Sending plain text to element: 18521035133
2017-05-31 06:06:02:521 - info: [AndroidBootstrap] [BOOTSTRAP LOG] [debug] Returning result: {"value":true,"status":0}
2017-05-31 06:06:02:522 - info: [debug] [AndroidBootstrap] Received command result from bootstrap
2017-05-31 06:06:02:524 - info: [debug] [MJSONWP] Responding to client with driver.setValue() result: true
2017-05-31 06:06:02:526 - info: [HTTP] <-- POST /wd/hub/session/941ec32a-a036-4282-967c-a88df1201eb3/element/3/value 200 6209 ms - 76 
2017-05-31 06:06:02:587 - info: [HTTP] --> POST /wd/hub/session/941ec32a-a036-4282-967c-a88df1201eb3/timeouts {"type":"implicit","ms":0}
2017-05-31 06:06:02:588 - info: [debug] [MJSONWP] Calling AppiumDriver.timeouts() with args: ["implicit",0,"941ec32a-a036-4282-967c-a88df1201eb3"]
2017-05-31 06:06:02:589 - info: [debug] [BaseDriver] Set implicit wait to 0ms
2017-05-31 06:06:02:590 - info: [debug] [MJSONWP] Responding to client with driver.timeouts() result: null
2017-05-31 06:06:02:596 - info: [HTTP] <-- POST /wd/hub/session/941ec32a-a036-4282-967c-a88df1201eb3/timeouts 200 8 ms - 76 
2017-05-31 06:06:02:601 - info: [HTTP] --> GET /wd/hub/session/941ec32a-a036-4282-967c-a88df1201eb3/context {}
2017-05-31 06:06:02:602 - info: [debug] [MJSONWP] Calling AppiumDriver.getCurrentContext() with args: ["941ec32a-a036-4282-967c-a88df1201eb3"]
2017-05-31 06:06:02:626 - info: [debug] [MJSONWP] Responding to client with driver.getCurrentContext() result: "NATIVE_APP"
2017-05-31 06:06:02:626 - info: [HTTP] <-- GET /wd/hub/session/941ec32a-a036-4282-967c-a88df1201eb3/context 200 25 ms - 84 
2017-05-31 06:06:02:630 - info: [HTTP] --> POST /wd/hub/session/941ec32a-a036-4282-967c-a88df1201eb3/elements {"using":"id","value":"com.play.android:id/et_password"}
2017-05-31 06:06:02:631 - info: [debug] [MJSONWP] Calling AppiumDriver.findElements() with args: ["id","com.play.android:id/et_password","941ec32a-a036-4282-967c-a88df1201eb3"]
2017-05-31 06:06:02:633 - info: [debug] [BaseDriver] Valid locator strategies for this request: xpath, id, class name, accessibility id, -android uiautomator
2017-05-31 06:06:02:633 - info: [debug] [BaseDriver] Valid locator strategies for this request: xpath, id, class name, accessibility id, -android uiautomator
2017-05-31 06:06:02:634 - info: [debug] [BaseDriver] Waiting up to 0 ms for condition
2017-05-31 06:06:02:635 - info: [debug] [AndroidBootstrap] Sending command to android: {"cmd":"action","action":"find","params":{"strategy":"id","selector":"com.play.android:id/et_password","context":"","multiple":true}}
2017-05-31 06:06:02:641 - info: [AndroidBootstrap] [BOOTSTRAP LOG] [debug] Got data from client: {"cmd":"action","action":"find","params":{"strategy":"id","selector":"com.play.android:id/et_password","context":"","multiple":true}}
2017-05-31 06:06:02:641 - info: [AndroidBootstrap] [BOOTSTRAP LOG] [debug] Got command of type ACTION
2017-05-31 06:06:02:641 - info: [AndroidBootstrap] [BOOTSTRAP LOG] [debug] Got command action: find
2017-05-31 06:06:02:642 - info: [AndroidBootstrap] [BOOTSTRAP LOG] [debug] Finding 'com.play.android:id/et_password' using 'ID' with the contextId: '' multiple: true
2017-05-31 06:06:02:642 - info: [AndroidBootstrap] [BOOTSTRAP LOG] [debug] Using: UiSelector[RESOURCE_ID=com.play.android:id/et_password]
2017-05-31 06:06:02:642 - info: [AndroidBootstrap] [BOOTSTRAP LOG] [debug] getElements selector:UiSelector[RESOURCE_ID=com.play.android:id/et_password]
2017-05-31 06:06:02:642 - info: [AndroidBootstrap] [BOOTSTRAP LOG] [debug] Element[] is null: (0)
2017-05-31 06:06:02:643 - info: [AndroidBootstrap] [BOOTSTRAP LOG] [debug] getElements tmp selector:UiSelector[INSTANCE=0, RESOURCE_ID=com.play.android:id/et_password]
2017-05-31 06:06:03:070 - info: [AndroidBootstrap] [BOOTSTRAP LOG] [debug] Element[] is null: (1)
2017-05-31 06:06:03:071 - info: [AndroidBootstrap] [BOOTSTRAP LOG] [debug] getElements tmp selector:UiSelector[INSTANCE=1, RESOURCE_ID=com.play.android:id/et_password]
2017-05-31 06:06:03:235 - info: [AndroidBootstrap] [BOOTSTRAP LOG] [debug] Returning result: {"value":[{"ELEMENT":"4"}],"status":0}
2017-05-31 06:06:03:236 - info: [debug] [AndroidBootstrap] Received command result from bootstrap
2017-05-31 06:06:03:239 - info: [debug] [MJSONWP] Responding to client with driver.findElements() result: [{"ELEMENT":"4"}]
2017-05-31 06:06:03:243 - info: [HTTP] <-- POST /wd/hub/session/941ec32a-a036-4282-967c-a88df1201eb3/elements 200 609 ms - 89 
2017-05-31 06:06:03:354 - info: [HTTP] --> POST /wd/hub/session/941ec32a-a036-4282-967c-a88df1201eb3/timeouts {"type":"implicit","ms":5000}
2017-05-31 06:06:03:355 - info: [debug] [MJSONWP] Calling AppiumDriver.timeouts() with args: ["implicit",5000,"941ec32a-a036-4282-967c-a88df1201eb3"]
2017-05-31 06:06:03:356 - info: [debug] [BaseDriver] Set implicit wait to 5000ms
2017-05-31 06:06:03:357 - info: [debug] [MJSONWP] Responding to client with driver.timeouts() result: null
2017-05-31 06:06:03:359 - info: [HTTP] <-- POST /wd/hub/session/941ec32a-a036-4282-967c-a88df1201eb3/timeouts 200 4 ms - 76 
2017-05-31 06:06:03:364 - info: [HTTP] --> POST /wd/hub/session/941ec32a-a036-4282-967c-a88df1201eb3/element/4/value {"id":"4","value":["111111"]}
2017-05-31 06:06:03:365 - info: [debug] [MJSONWP] Calling AppiumDriver.setValue() with args: [["111111"],"4","941ec32a-a036-4282-967c-a88df1201eb3"]
2017-05-31 06:06:03:366 - info: [debug] [AndroidBootstrap] Sending command to android: {"cmd":"action","action":"element:setText","params":{"elementId":"4","text":"111111","replace":false,"unicodeKeyboard":true}}
2017-05-31 06:06:03:374 - info: [AndroidBootstrap] [BOOTSTRAP LOG] [debug] Got data from client: {"cmd":"action","action":"element:setText","params":{"elementId":"4","text":"111111","replace":false,"unicodeKeyboard":true}}
2017-05-31 06:06:03:374 - info: [AndroidBootstrap] [BOOTSTRAP LOG] [debug] Got command of type ACTION
2017-05-31 06:06:03:376 - info: [AndroidBootstrap] [BOOTSTRAP LOG] [debug] Got command action: setText
2017-05-31 06:06:03:377 - info: [AndroidBootstrap] [BOOTSTRAP LOG] [debug] Using element passed in: 4
2017-05-31 06:06:03:407 - info: [AndroidBootstrap] [BOOTSTRAP LOG] [debug] Attempting to clear using UiObject.clearText().
2017-05-31 06:06:05:888 - info: [AndroidBootstrap] [BOOTSTRAP LOG] [debug] Sending plain text to element: 111111
2017-05-31 06:06:08:496 - info: [AndroidBootstrap] [BOOTSTRAP LOG] [debug] Returning result: {"value":true,"status":0}
2017-05-31 06:06:08:497 - info: [debug] [AndroidBootstrap] Received command result from bootstrap
2017-05-31 06:06:08:499 - info: [debug] [MJSONWP] Responding to client with driver.setValue() result: true
2017-05-31 06:06:08:532 - info: [HTTP] <-- POST /wd/hub/session/941ec32a-a036-4282-967c-a88df1201eb3/element/4/value 200 5159 ms - 76 
2017-05-31 06:06:08:564 - info: [HTTP] --> POST /wd/hub/session/941ec32a-a036-4282-967c-a88df1201eb3/timeouts {"type":"implicit","ms":0}
2017-05-31 06:06:08:565 - info: [debug] [MJSONWP] Calling AppiumDriver.timeouts() with args: ["implicit",0,"941ec32a-a036-4282-967c-a88df1201eb3"]
2017-05-31 06:06:08:565 - info: [debug] [BaseDriver] Set implicit wait to 0ms
2017-05-31 06:06:08:566 - info: [debug] [MJSONWP] Responding to client with driver.timeouts() result: null
2017-05-31 06:06:08:569 - info: [HTTP] <-- POST /wd/hub/session/941ec32a-a036-4282-967c-a88df1201eb3/timeouts 200 2 ms - 76 
2017-05-31 06:06:08:571 - info: [HTTP] --> GET /wd/hub/session/941ec32a-a036-4282-967c-a88df1201eb3/context {}
2017-05-31 06:06:08:572 - info: [debug] [MJSONWP] Calling AppiumDriver.getCurrentContext() with args: ["941ec32a-a036-4282-967c-a88df1201eb3"]
2017-05-31 06:06:08:573 - info: [debug] [MJSONWP] Responding to client with driver.getCurrentContext() result: "NATIVE_APP"
2017-05-31 06:06:08:575 - info: [HTTP] <-- GET /wd/hub/session/941ec32a-a036-4282-967c-a88df1201eb3/context 200 3 ms - 84 
2017-05-31 06:06:08:579 - info: [HTTP] --> POST /wd/hub/session/941ec32a-a036-4282-967c-a88df1201eb3/elements {"using":"id","value":"com.play.android:id/btn_login"}
2017-05-31 06:06:08:579 - info: [debug] [MJSONWP] Calling AppiumDriver.findElements() with args: ["id","com.play.android:id/btn_login","941ec32a-a036-4282-967c-a88df1201eb3"]
2017-05-31 06:06:08:580 - info: [debug] [BaseDriver] Valid locator strategies for this request: xpath, id, class name, accessibility id, -android uiautomator
2017-05-31 06:06:08:581 - info: [debug] [BaseDriver] Valid locator strategies for this request: xpath, id, class name, accessibility id, -android uiautomator
2017-05-31 06:06:08:581 - info: [debug] [BaseDriver] Waiting up to 0 ms for condition
2017-05-31 06:06:08:582 - info: [debug] [AndroidBootstrap] Sending command to android: {"cmd":"action","action":"find","params":{"strategy":"id","selector":"com.play.android:id/btn_login","context":"","multiple":true}}
2017-05-31 06:06:08:586 - info: [AndroidBootstrap] [BOOTSTRAP LOG] [debug] Got data from client: {"cmd":"action","action":"find","params":{"strategy":"id","selector":"com.play.android:id/btn_login","context":"","multiple":true}}
2017-05-31 06:06:08:587 - info: [AndroidBootstrap] [BOOTSTRAP LOG] [debug] Got command of type ACTION
2017-05-31 06:06:08:587 - info: [AndroidBootstrap] [BOOTSTRAP LOG] [debug] Got command action: find
2017-05-31 06:06:08:587 - info: [AndroidBootstrap] [BOOTSTRAP LOG] [debug] Finding 'com.play.android:id/btn_login' using 'ID' with the contextId: '' multiple: true
2017-05-31 06:06:08:587 - info: [AndroidBootstrap] [BOOTSTRAP LOG] [debug] Using: UiSelector[RESOURCE_ID=com.play.android:id/btn_login]
2017-05-31 06:06:08:588 - info: [AndroidBootstrap] [BOOTSTRAP LOG] [debug] getElements selector:UiSelector[RESOURCE_ID=com.play.android:id/btn_login]
2017-05-31 06:06:08:588 - info: [AndroidBootstrap] [BOOTSTRAP LOG] [debug] Element[] is null: (0)
2017-05-31 06:06:08:588 - info: [AndroidBootstrap] [BOOTSTRAP LOG] [debug] getElements tmp selector:UiSelector[INSTANCE=0, RESOURCE_ID=com.play.android:id/btn_login]
2017-05-31 06:06:09:059 - info: [AndroidBootstrap] [BOOTSTRAP LOG] [debug] Element[] is null: (1)
2017-05-31 06:06:09:060 - info: [AndroidBootstrap] [BOOTSTRAP LOG] [debug] getElements tmp selector:UiSelector[INSTANCE=1, RESOURCE_ID=com.play.android:id/btn_login]
2017-05-31 06:06:09:096 - info: [AndroidBootstrap] [BOOTSTRAP LOG] [debug] Returning result: {"value":[{"ELEMENT":"5"}],"status":0}
2017-05-31 06:06:09:097 - info: [debug] [AndroidBootstrap] Received command result from bootstrap
2017-05-31 06:06:09:100 - info: [debug] [MJSONWP] Responding to client with driver.findElements() result: [{"ELEMENT":"5"}]
2017-05-31 06:06:09:105 - info: [HTTP] <-- POST /wd/hub/session/941ec32a-a036-4282-967c-a88df1201eb3/elements 200 522 ms - 89 
2017-05-31 06:06:09:203 - info: [HTTP] --> POST /wd/hub/session/941ec32a-a036-4282-967c-a88df1201eb3/timeouts {"type":"implicit","ms":5000}
2017-05-31 06:06:09:207 - info: [debug] [MJSONWP] Calling AppiumDriver.timeouts() with args: ["implicit",5000,"941ec32a-a036-4282-967c-a88df1201eb3"]
2017-05-31 06:06:09:211 - info: [debug] [BaseDriver] Set implicit wait to 5000ms
2017-05-31 06:06:09:212 - info: [debug] [MJSONWP] Responding to client with driver.timeouts() result: null
2017-05-31 06:06:09:213 - info: [HTTP] <-- POST /wd/hub/session/941ec32a-a036-4282-967c-a88df1201eb3/timeouts 200 9 ms - 76 
2017-05-31 06:06:09:223 - info: [HTTP] --> POST /wd/hub/session/941ec32a-a036-4282-967c-a88df1201eb3/element/5/click {"id":"5"}
2017-05-31 06:06:09:224 - info: [debug] [MJSONWP] Calling AppiumDriver.click() with args: ["5","941ec32a-a036-4282-967c-a88df1201eb3"]
2017-05-31 06:06:09:225 - info: [debug] [AndroidBootstrap] Sending command to android: {"cmd":"action","action":"element:click","params":{"elementId":"5"}}
2017-05-31 06:06:09:230 - info: [AndroidBootstrap] [BOOTSTRAP LOG] [debug] Got data from client: {"cmd":"action","action":"element:click","params":{"elementId":"5"}}
2017-05-31 06:06:09:230 - info: [AndroidBootstrap] [BOOTSTRAP LOG] [debug] Got command of type ACTION
2017-05-31 06:06:09:230 - info: [AndroidBootstrap] [BOOTSTRAP LOG] [debug] Got command action: click
2017-05-31 06:06:09:413 - info: [AndroidBootstrap] [BOOTSTRAP LOG] [debug] Returning result: {"value":true,"status":0}
2017-05-31 06:06:09:414 - info: [debug] [AndroidBootstrap] Received command result from bootstrap
2017-05-31 06:06:09:415 - info: [debug] [MJSONWP] Responding to client with driver.click() result: true
2017-05-31 06:06:09:417 - info: [HTTP] <-- POST /wd/hub/session/941ec32a-a036-4282-967c-a88df1201eb3/element/5/click 200 192 ms - 76 
2017-05-31 06:06:09:434 - info: [HTTP] --> GET /wd/hub/session/941ec32a-a036-4282-967c-a88df1201eb3/appium/device/current_activity {}
2017-05-31 06:06:09:435 - info: [debug] [MJSONWP] Calling AppiumDriver.getCurrentActivity() with args: ["941ec32a-a036-4282-967c-a88df1201eb3"]
2017-05-31 06:06:09:437 - info: [debug] [ADB] Getting focused package and activity
2017-05-31 06:06:09:437 - info: [debug] [ADB] Getting connected devices...
2017-05-31 06:06:09:463 - info: [debug] [ADB] 1 device(s) connected
2017-05-31 06:06:09:464 - info: [debug] [ADB] Running 'D:\SoftWare\SDK\platform-tools\adb.exe' with args: ["-P",5037,"-s","022TAS7N51009853","shell","dumpsys","window","windows"]
2017-05-31 06:06:09:735 - info: [debug] [MJSONWP] Responding to client with driver.getCurrentActivity() result: ".activity.member.LoginActivity"
2017-05-31 06:06:09:737 - info: [HTTP] <-- GET /wd/hub/session/941ec32a-a036-4282-967c-a88df1201eb3/appium/device/current_activity 200 301 ms - 104 
2017-05-31 06:06:10:742 - info: [HTTP] --> GET /wd/hub/session/941ec32a-a036-4282-967c-a88df1201eb3/appium/device/current_activity {}
2017-05-31 06:06:10:743 - info: [debug] [MJSONWP] Calling AppiumDriver.getCurrentActivity() with args: ["941ec32a-a036-4282-967c-a88df1201eb3"]
2017-05-31 06:06:10:752 - info: [debug] [ADB] Getting focused package and activity
2017-05-31 06:06:10:753 - info: [debug] [ADB] Getting connected devices...
2017-05-31 06:06:10:791 - info: [debug] [ADB] 1 device(s) connected
2017-05-31 06:06:10:792 - info: [debug] [ADB] Running 'D:\SoftWare\SDK\platform-tools\adb.exe' with args: ["-P",5037,"-s","022TAS7N51009853","shell","dumpsys","window","windows"]
2017-05-31 06:06:10:927 - info: [debug] [MJSONWP] Responding to client with driver.getCurrentActivity() result: ".activity.member.LoginActivity"
2017-05-31 06:06:10:928 - info: [HTTP] <-- GET /wd/hub/session/941ec32a-a036-4282-967c-a88df1201eb3/appium/device/current_activity 200 185 ms - 104 
2017-05-31 06:06:11:936 - info: [HTTP] --> GET /wd/hub/session/941ec32a-a036-4282-967c-a88df1201eb3/appium/device/current_activity {}
2017-05-31 06:06:11:937 - info: [debug] [MJSONWP] Calling AppiumDriver.getCurrentActivity() with args: ["941ec32a-a036-4282-967c-a88df1201eb3"]
2017-05-31 06:06:11:939 - info: [debug] [ADB] Getting focused package and activity
2017-05-31 06:06:11:939 - info: [debug] [ADB] Getting connected devices...
2017-05-31 06:06:11:976 - info: [debug] [ADB] 1 device(s) connected
2017-05-31 06:06:11:977 - info: [debug] [ADB] Running 'D:\SoftWare\SDK\platform-tools\adb.exe' with args: ["-P",5037,"-s","022TAS7N51009853","shell","dumpsys","window","windows"]
2017-05-31 06:06:12:065 - info: [debug] [MJSONWP] Responding to client with driver.getCurrentActivity() result: ".activity.member.LoginActivity"
2017-05-31 06:06:12:066 - info: [HTTP] <-- GET /wd/hub/session/941ec32a-a036-4282-967c-a88df1201eb3/appium/device/current_activity 200 130 ms - 104 
2017-05-31 06:06:13:070 - info: [HTTP] --> GET /wd/hub/session/941ec32a-a036-4282-967c-a88df1201eb3/appium/device/current_activity {}
2017-05-31 06:06:13:071 - info: [debug] [MJSONWP] Calling AppiumDriver.getCurrentActivity() with args: ["941ec32a-a036-4282-967c-a88df1201eb3"]
2017-05-31 06:06:13:075 - info: [debug] [ADB] Getting focused package and activity
2017-05-31 06:06:13:076 - info: [debug] [ADB] Getting connected devices...
2017-05-31 06:06:13:115 - info: [debug] [ADB] 1 device(s) connected
2017-05-31 06:06:13:116 - info: [debug] [ADB] Running 'D:\SoftWare\SDK\platform-tools\adb.exe' with args: ["-P",5037,"-s","022TAS7N51009853","shell","dumpsys","window","windows"]
2017-05-31 06:06:13:209 - info: [debug] [MJSONWP] Responding to client with driver.getCurrentActivity() result: ".activity.member.LoginActivity"
2017-05-31 06:06:13:210 - info: [HTTP] <-- GET /wd/hub/session/941ec32a-a036-4282-967c-a88df1201eb3/appium/device/current_activity 200 140 ms - 104 
2017-05-31 06:06:14:215 - info: [HTTP] --> GET /wd/hub/session/941ec32a-a036-4282-967c-a88df1201eb3/appium/device/current_activity {}
2017-05-31 06:06:14:217 - info: [debug] [MJSONWP] Calling AppiumDriver.getCurrentActivity() with args: ["941ec32a-a036-4282-967c-a88df1201eb3"]
2017-05-31 06:06:14:218 - info: [debug] [ADB] Getting focused package and activity
2017-05-31 06:06:14:219 - info: [debug] [ADB] Getting connected devices...
2017-05-31 06:06:14:256 - info: [debug] [ADB] 1 device(s) connected
2017-05-31 06:06:14:258 - info: [debug] [ADB] Running 'D:\SoftWare\SDK\platform-tools\adb.exe' with args: ["-P",5037,"-s","022TAS7N51009853","shell","dumpsys","window","windows"]
2017-05-31 06:06:14:334 - info: [debug] [MJSONWP] Responding to client with driver.getCurrentActivity() result: ".activity.member.LoginActivity"
2017-05-31 06:06:14:335 - info: [HTTP] <-- GET /wd/hub/session/941ec32a-a036-4282-967c-a88df1201eb3/appium/device/current_activity 200 119 ms - 104 
2017-05-31 06:06:15:342 - info: [HTTP] --> GET /wd/hub/session/941ec32a-a036-4282-967c-a88df1201eb3/appium/device/current_activity {}
2017-05-31 06:06:15:344 - info: [debug] [MJSONWP] Calling AppiumDriver.getCurrentActivity() with args: ["941ec32a-a036-4282-967c-a88df1201eb3"]
2017-05-31 06:06:15:346 - info: [debug] [ADB] Getting focused package and activity
2017-05-31 06:06:15:348 - info: [debug] [ADB] Getting connected devices...
2017-05-31 06:06:15:394 - info: [debug] [ADB] 1 device(s) connected
2017-05-31 06:06:15:395 - info: [debug] [ADB] Running 'D:\SoftWare\SDK\platform-tools\adb.exe' with args: ["-P",5037,"-s","022TAS7N51009853","shell","dumpsys","window","windows"]
2017-05-31 06:06:15:477 - info: [debug] [MJSONWP] Responding to client with driver.getCurrentActivity() result: ".activity.member.LoginActivity"
2017-05-31 06:06:15:478 - info: [HTTP] <-- GET /wd/hub/session/941ec32a-a036-4282-967c-a88df1201eb3/appium/device/current_activity 200 136 ms - 104 
2017-05-31 06:06:16:507 - info: [HTTP] --> GET /wd/hub/session/941ec32a-a036-4282-967c-a88df1201eb3/appium/device/current_activity {}
2017-05-31 06:06:16:508 - info: [debug] [MJSONWP] Calling AppiumDriver.getCurrentActivity() with args: ["941ec32a-a036-4282-967c-a88df1201eb3"]
2017-05-31 06:06:16:509 - info: [debug] [ADB] Getting focused package and activity
2017-05-31 06:06:16:510 - info: [debug] [ADB] Getting connected devices...
2017-05-31 06:06:16:540 - info: [debug] [ADB] 1 device(s) connected
2017-05-31 06:06:16:541 - info: [debug] [ADB] Running 'D:\SoftWare\SDK\platform-tools\adb.exe' with args: ["-P",5037,"-s","022TAS7N51009853","shell","dumpsys","window","windows"]
2017-05-31 06:06:16:622 - info: [debug] [MJSONWP] Responding to client with driver.getCurrentActivity() result: ".activity.member.LoginActivity"
2017-05-31 06:06:16:624 - info: [HTTP] <-- GET /wd/hub/session/941ec32a-a036-4282-967c-a88df1201eb3/appium/device/current_activity 200 117 ms - 104 
2017-05-31 06:06:17:632 - info: [HTTP] --> GET /wd/hub/session/941ec32a-a036-4282-967c-a88df1201eb3/appium/device/current_activity {}
2017-05-31 06:06:17:633 - info: [debug] [MJSONWP] Calling AppiumDriver.getCurrentActivity() with args: ["941ec32a-a036-4282-967c-a88df1201eb3"]
2017-05-31 06:06:17:635 - info: [debug] [ADB] Getting focused package and activity
2017-05-31 06:06:17:635 - info: [debug] [ADB] Getting connected devices...
2017-05-31 06:06:17:678 - info: [debug] [ADB] 1 device(s) connected
2017-05-31 06:06:17:679 - info: [debug] [ADB] Running 'D:\SoftWare\SDK\platform-tools\adb.exe' with args: ["-P",5037,"-s","022TAS7N51009853","shell","dumpsys","window","windows"]
2017-05-31 06:06:17:757 - info: [debug] [MJSONWP] Responding to client with driver.getCurrentActivity() result: ".activity.member.LoginActivity"
2017-05-31 06:06:17:761 - info: [HTTP] <-- GET /wd/hub/session/941ec32a-a036-4282-967c-a88df1201eb3/appium/device/current_activity 200 128 ms - 104 
2017-05-31 06:06:18:770 - info: [HTTP] --> GET /wd/hub/session/941ec32a-a036-4282-967c-a88df1201eb3/appium/device/current_activity {}
2017-05-31 06:06:18:771 - info: [debug] [MJSONWP] Calling AppiumDriver.getCurrentActivity() with args: ["941ec32a-a036-4282-967c-a88df1201eb3"]
2017-05-31 06:06:18:772 - info: [debug] [ADB] Getting focused package and activity
2017-05-31 06:06:18:772 - info: [debug] [ADB] Getting connected devices...
2017-05-31 06:06:18:815 - info: [debug] [ADB] 1 device(s) connected
2017-05-31 06:06:18:816 - info: [debug] [ADB] Running 'D:\SoftWare\SDK\platform-tools\adb.exe' with args: ["-P",5037,"-s","022TAS7N51009853","shell","dumpsys","window","windows"]
2017-05-31 06:06:19:054 - info: [debug] [MJSONWP] Responding to client with driver.getCurrentActivity() result: ".activity.member.LoginActivity"
2017-05-31 06:06:19:057 - info: [HTTP] <-- GET /wd/hub/session/941ec32a-a036-4282-967c-a88df1201eb3/appium/device/current_activity 200 286 ms - 104 
2017-05-31 06:06:20:063 - info: [HTTP] --> GET /wd/hub/session/941ec32a-a036-4282-967c-a88df1201eb3/appium/device/current_activity {}
2017-05-31 06:06:20:064 - info: [debug] [MJSONWP] Calling AppiumDriver.getCurrentActivity() with args: ["941ec32a-a036-4282-967c-a88df1201eb3"]
2017-05-31 06:06:20:067 - info: [debug] [ADB] Getting focused package and activity
2017-05-31 06:06:20:067 - info: [debug] [ADB] Getting connected devices...
2017-05-31 06:06:20:109 - info: [debug] [ADB] 1 device(s) connected
2017-05-31 06:06:20:110 - info: [debug] [ADB] Running 'D:\SoftWare\SDK\platform-tools\adb.exe' with args: ["-P",5037,"-s","022TAS7N51009853","shell","dumpsys","window","windows"]
2017-05-31 06:06:20:194 - info: [debug] [MJSONWP] Responding to client with driver.getCurrentActivity() result: ".activity.member.LoginActivity"
2017-05-31 06:06:20:195 - info: [HTTP] <-- GET /wd/hub/session/941ec32a-a036-4282-967c-a88df1201eb3/appium/device/current_activity 200 131 ms - 104 
2017-05-31 06:06:21:248 - info: [HTTP] --> GET /wd/hub/session/941ec32a-a036-4282-967c-a88df1201eb3/appium/device/current_activity {}
2017-05-31 06:06:21:249 - info: [debug] [MJSONWP] Calling AppiumDriver.getCurrentActivity() with args: ["941ec32a-a036-4282-967c-a88df1201eb3"]
2017-05-31 06:06:21:249 - info: [debug] [ADB] Getting focused package and activity
2017-05-31 06:06:21:250 - info: [debug] [ADB] Getting connected devices...
2017-05-31 06:06:21:275 - info: [debug] [ADB] 1 device(s) connected
2017-05-31 06:06:21:276 - info: [debug] [ADB] Running 'D:\SoftWare\SDK\platform-tools\adb.exe' with args: ["-P",5037,"-s","022TAS7N51009853","shell","dumpsys","window","windows"]
2017-05-31 06:06:21:378 - info: [debug] [MJSONWP] Responding to client with driver.getCurrentActivity() result: ".activity.member.LoginActivity"
2017-05-31 06:06:21:379 - info: [HTTP] <-- GET /wd/hub/session/941ec32a-a036-4282-967c-a88df1201eb3/appium/device/current_activity 200 130 ms - 104 
2017-05-31 06:06:22:383 - info: [HTTP] --> GET /wd/hub/session/941ec32a-a036-4282-967c-a88df1201eb3/appium/device/current_activity {}
2017-05-31 06:06:22:385 - info: [debug] [MJSONWP] Calling AppiumDriver.getCurrentActivity() with args: ["941ec32a-a036-4282-967c-a88df1201eb3"]
2017-05-31 06:06:22:386 - info: [debug] [ADB] Getting focused package and activity
2017-05-31 06:06:22:387 - info: [debug] [ADB] Getting connected devices...
2017-05-31 06:06:22:427 - info: [debug] [ADB] 1 device(s) connected
2017-05-31 06:06:22:427 - info: [debug] [ADB] Running 'D:\SoftWare\SDK\platform-tools\adb.exe' with args: ["-P",5037,"-s","022TAS7N51009853","shell","dumpsys","window","windows"]
2017-05-31 06:06:22:524 - info: [debug] [MJSONWP] Responding to client with driver.getCurrentActivity() result: ".activity.member.LoginActivity"
2017-05-31 06:06:22:525 - info: [HTTP] <-- GET /wd/hub/session/941ec32a-a036-4282-967c-a88df1201eb3/appium/device/current_activity 200 142 ms - 104 
2017-05-31 06:06:23:529 - info: [HTTP] --> GET /wd/hub/session/941ec32a-a036-4282-967c-a88df1201eb3/appium/device/current_activity {}
2017-05-31 06:06:23:530 - info: [debug] [MJSONWP] Calling AppiumDriver.getCurrentActivity() with args: ["941ec32a-a036-4282-967c-a88df1201eb3"]
2017-05-31 06:06:23:533 - info: [debug] [ADB] Getting focused package and activity
2017-05-31 06:06:23:533 - info: [debug] [ADB] Getting connected devices...
2017-05-31 06:06:23:586 - info: [debug] [ADB] 1 device(s) connected
2017-05-31 06:06:23:587 - info: [debug] [ADB] Running 'D:\SoftWare\SDK\platform-tools\adb.exe' with args: ["-P",5037,"-s","022TAS7N51009853","shell","dumpsys","window","windows"]
2017-05-31 06:06:23:692 - info: [debug] [MJSONWP] Responding to client with driver.getCurrentActivity() result: ".activity.member.LoginActivity"
2017-05-31 06:06:23:694 - info: [HTTP] <-- GET /wd/hub/session/941ec32a-a036-4282-967c-a88df1201eb3/appium/device/current_activity 200 164 ms - 104 
2017-05-31 06:06:24:698 - info: [HTTP] --> GET /wd/hub/session/941ec32a-a036-4282-967c-a88df1201eb3/appium/device/current_activity {}
2017-05-31 06:06:24:699 - info: [debug] [MJSONWP] Calling AppiumDriver.getCurrentActivity() with args: ["941ec32a-a036-4282-967c-a88df1201eb3"]
2017-05-31 06:06:24:701 - info: [debug] [ADB] Getting focused package and activity
2017-05-31 06:06:24:702 - info: [debug] [ADB] Getting connected devices...
2017-05-31 06:06:24:750 - info: [debug] [ADB] 1 device(s) connected
2017-05-31 06:06:24:750 - info: [debug] [ADB] Running 'D:\SoftWare\SDK\platform-tools\adb.exe' with args: ["-P",5037,"-s","022TAS7N51009853","shell","dumpsys","window","windows"]
2017-05-31 06:06:24:818 - info: [debug] [MJSONWP] Responding to client with driver.getCurrentActivity() result: ".activity.member.LoginActivity"
2017-05-31 06:06:24:818 - info: [HTTP] <-- GET /wd/hub/session/941ec32a-a036-4282-967c-a88df1201eb3/appium/device/current_activity 200 120 ms - 104 
2017-05-31 06:06:25:824 - info: [HTTP] --> GET /wd/hub/session/941ec32a-a036-4282-967c-a88df1201eb3/appium/device/current_activity {}
2017-05-31 06:06:25:825 - info: [debug] [MJSONWP] Calling AppiumDriver.getCurrentActivity() with args: ["941ec32a-a036-4282-967c-a88df1201eb3"]
2017-05-31 06:06:25:826 - info: [debug] [ADB] Getting focused package and activity
2017-05-31 06:06:25:827 - info: [debug] [ADB] Getting connected devices...
2017-05-31 06:06:25:868 - info: [debug] [ADB] 1 device(s) connected
2017-05-31 06:06:25:869 - info: [debug] [ADB] Running 'D:\SoftWare\SDK\platform-tools\adb.exe' with args: ["-P",5037,"-s","022TAS7N51009853","shell","dumpsys","window","windows"]
2017-05-31 06:06:25:955 - info: [debug] [MJSONWP] Responding to client with driver.getCurrentActivity() result: ".activity.member.LoginActivity"
2017-05-31 06:06:25:956 - info: [HTTP] <-- GET /wd/hub/session/941ec32a-a036-4282-967c-a88df1201eb3/appium/device/current_activity 200 132 ms - 104 
2017-05-31 06:06:26:964 - info: [HTTP] --> GET /wd/hub/session/941ec32a-a036-4282-967c-a88df1201eb3/appium/device/current_activity {}
2017-05-31 06:06:26:965 - info: [debug] [MJSONWP] Calling AppiumDriver.getCurrentActivity() with args: ["941ec32a-a036-4282-967c-a88df1201eb3"]
2017-05-31 06:06:26:966 - info: [debug] [ADB] Getting focused package and activity
2017-05-31 06:06:26:967 - info: [debug] [ADB] Getting connected devices...
2017-05-31 06:06:27:006 - info: [debug] [ADB] 1 device(s) connected
2017-05-31 06:06:27:007 - info: [debug] [ADB] Running 'D:\SoftWare\SDK\platform-tools\adb.exe' with args: ["-P",5037,"-s","022TAS7N51009853","shell","dumpsys","window","windows"]
2017-05-31 06:06:27:078 - info: [debug] [MJSONWP] Responding to client with driver.getCurrentActivity() result: ".activity.member.LoginActivity"
2017-05-31 06:06:27:079 - info: [HTTP] <-- GET /wd/hub/session/941ec32a-a036-4282-967c-a88df1201eb3/appium/device/current_activity 200 115 ms - 104 
2017-05-31 06:06:28:083 - info: [HTTP] --> GET /wd/hub/session/941ec32a-a036-4282-967c-a88df1201eb3/appium/device/current_activity {}
2017-05-31 06:06:28:084 - info: [debug] [MJSONWP] Calling AppiumDriver.getCurrentActivity() with args: ["941ec32a-a036-4282-967c-a88df1201eb3"]
2017-05-31 06:06:28:088 - info: [debug] [ADB] Getting focused package and activity
2017-05-31 06:06:28:089 - info: [debug] [ADB] Getting connected devices...
2017-05-31 06:06:28:128 - info: [debug] [ADB] 1 device(s) connected
2017-05-31 06:06:28:128 - info: [debug] [ADB] Running 'D:\SoftWare\SDK\platform-tools\adb.exe' with args: ["-P",5037,"-s","022TAS7N51009853","shell","dumpsys","window","windows"]
2017-05-31 06:06:28:370 - info: [debug] [MJSONWP] Responding to client with driver.getCurrentActivity() result: ".activity.member.LoginActivity"
2017-05-31 06:06:28:372 - info: [HTTP] <-- GET /wd/hub/session/941ec32a-a036-4282-967c-a88df1201eb3/appium/device/current_activity 200 288 ms - 104 
2017-05-31 06:06:29:377 - info: [HTTP] --> GET /wd/hub/session/941ec32a-a036-4282-967c-a88df1201eb3/appium/device/current_activity {}
2017-05-31 06:06:29:378 - info: [debug] [MJSONWP] Calling AppiumDriver.getCurrentActivity() with args: ["941ec32a-a036-4282-967c-a88df1201eb3"]
2017-05-31 06:06:29:379 - info: [debug] [ADB] Getting focused package and activity
2017-05-31 06:06:29:380 - info: [debug] [ADB] Getting connected devices...
2017-05-31 06:06:29:432 - info: [debug] [ADB] 1 device(s) connected
2017-05-31 06:06:29:433 - info: [debug] [ADB] Running 'D:\SoftWare\SDK\platform-tools\adb.exe' with args: ["-P",5037,"-s","022TAS7N51009853","shell","dumpsys","window","windows"]
2017-05-31 06:06:29:537 - info: [debug] [MJSONWP] Responding to client with driver.getCurrentActivity() result: ".activity.member.LoginActivity"
2017-05-31 06:06:29:540 - info: [HTTP] <-- GET /wd/hub/session/941ec32a-a036-4282-967c-a88df1201eb3/appium/device/current_activity 200 163 ms - 104 
2017-05-31 06:06:30:546 - info: [HTTP] --> GET /wd/hub/session/941ec32a-a036-4282-967c-a88df1201eb3/appium/device/current_activity {}
2017-05-31 06:06:30:547 - info: [debug] [MJSONWP] Calling AppiumDriver.getCurrentActivity() with args: ["941ec32a-a036-4282-967c-a88df1201eb3"]
2017-05-31 06:06:30:548 - info: [debug] [ADB] Getting focused package and activity
2017-05-31 06:06:30:549 - info: [debug] [ADB] Getting connected devices...
2017-05-31 06:06:30:589 - info: [debug] [ADB] 1 device(s) connected
2017-05-31 06:06:30:590 - info: [debug] [ADB] Running 'D:\SoftWare\SDK\platform-tools\adb.exe' with args: ["-P",5037,"-s","022TAS7N51009853","shell","dumpsys","window","windows"]
2017-05-31 06:06:30:662 - info: [debug] [MJSONWP] Responding to client with driver.getCurrentActivity() result: ".activity.member.LoginActivity"
2017-05-31 06:06:30:664 - info: [HTTP] <-- GET /wd/hub/session/941ec32a-a036-4282-967c-a88df1201eb3/appium/device/current_activity 200 117 ms - 104 
2017-05-31 06:06:31:667 - info: [HTTP] --> GET /wd/hub/session/941ec32a-a036-4282-967c-a88df1201eb3/appium/device/current_activity {}
2017-05-31 06:06:31:668 - info: [debug] [MJSONWP] Calling AppiumDriver.getCurrentActivity() with args: ["941ec32a-a036-4282-967c-a88df1201eb3"]
2017-05-31 06:06:31:669 - info: [debug] [ADB] Getting focused package and activity
2017-05-31 06:06:31:670 - info: [debug] [ADB] Getting connected devices...
2017-05-31 06:06:31:716 - info: [debug] [ADB] 1 device(s) connected
2017-05-31 06:06:31:749 - info: [debug] [ADB] Running 'D:\SoftWare\SDK\platform-tools\adb.exe' with args: ["-P",5037,"-s","022TAS7N51009853","shell","dumpsys","window","windows"]
2017-05-31 06:06:31:841 - info: [debug] [MJSONWP] Responding to client with driver.getCurrentActivity() result: ".activity.member.LoginActivity"
2017-05-31 06:06:31:843 - info: [HTTP] <-- GET /wd/hub/session/941ec32a-a036-4282-967c-a88df1201eb3/appium/device/current_activity 200 175 ms - 104 
2017-05-31 06:06:32:851 - info: [HTTP] --> GET /wd/hub/session/941ec32a-a036-4282-967c-a88df1201eb3/appium/device/current_activity {}
2017-05-31 06:06:32:852 - info: [debug] [MJSONWP] Calling AppiumDriver.getCurrentActivity() with args: ["941ec32a-a036-4282-967c-a88df1201eb3"]
2017-05-31 06:06:32:855 - info: [debug] [ADB] Getting focused package and activity
2017-05-31 06:06:32:857 - info: [debug] [ADB] Getting connected devices...
2017-05-31 06:06:32:889 - info: [debug] [ADB] 1 device(s) connected
2017-05-31 06:06:32:890 - info: [debug] [ADB] Running 'D:\SoftWare\SDK\platform-tools\adb.exe' with args: ["-P",5037,"-s","022TAS7N51009853","shell","dumpsys","window","windows"]
2017-05-31 06:06:32:980 - info: [debug] [MJSONWP] Responding to client with driver.getCurrentActivity() result: ".activity.member.LoginActivity"
2017-05-31 06:06:32:981 - info: [HTTP] <-- GET /wd/hub/session/941ec32a-a036-4282-967c-a88df1201eb3/appium/device/current_activity 200 130 ms - 104 
2017-05-31 06:06:32:995 - info: [HTTP] --> POST /wd/hub/session/941ec32a-a036-4282-967c-a88df1201eb3/appium/app/close {}
2017-05-31 06:06:32:997 - info: [debug] [MJSONWP] Calling AppiumDriver.closeApp() with args: ["941ec32a-a036-4282-967c-a88df1201eb3"]
2017-05-31 06:06:32:998 - info: [debug] [ADB] Getting connected devices...
2017-05-31 06:06:33:027 - info: [debug] [ADB] 1 device(s) connected
2017-05-31 06:06:33:029 - info: [debug] [ADB] Running 'D:\SoftWare\SDK\platform-tools\adb.exe' with args: ["-P",5037,"-s","022TAS7N51009853","shell","am","force-stop","com.play.android"]
2017-05-31 06:06:34:033 - info: [debug] [MJSONWP] Responding to client with driver.closeApp() result: null
2017-05-31 06:06:34:036 - info: [HTTP] <-- POST /wd/hub/session/941ec32a-a036-4282-967c-a88df1201eb3/appium/app/close 200 1039 ms - 76 
