2017-05-31 08:59:21:921 - info: [Appium] Welcome to Appium v1.6.5
2017-05-31 08:59:21:921 - info: [Appium] Non-default server args:
2017-05-31 08:59:21:936 - info: [Appium]   address: 127.0.0.1
2017-05-31 08:59:21:936 - info: [Appium]   log: D:\workSpace\EclipseProjects\AppiumForEclipse\log\1496221155660.log
2017-05-31 08:59:21:984 - info: [Appium] Appium REST http interface listener started on 127.0.0.1:4723
2017-05-31 08:59:22:593 - info: [HTTP] --> GET /wd/hub/status {}
2017-05-31 08:59:22:609 - info: [debug] [MJSONWP] Calling AppiumDriver.getStatus() with args: []
2017-05-31 08:59:22:656 - info: [debug] [MJSONWP] Responding to client with driver.getStatus() result: {"build":{"version":"1.6.5","revision":null}}
2017-05-31 08:59:22:656 - info: [HTTP] <-- GET /wd/hub/status 200 61 ms - 83 
2017-05-31 08:59:22:671 - info: [HTTP] --> GET /wd/hub/status {}
2017-05-31 08:59:22:671 - info: [debug] [MJSONWP] Calling AppiumDriver.getStatus() with args: []
2017-05-31 08:59:22:703 - info: [debug] [MJSONWP] Responding to client with driver.getStatus() result: {"build":{"version":"1.6.5","revision":null}}
2017-05-31 08:59:22:703 - info: [HTTP] <-- GET /wd/hub/status 200 39 ms - 83 
2017-05-31 08:59:23:311 - info: [HTTP] --> POST /wd/hub/session {"desiredCapabilities":{"appPackage":"com.play.android","appActivity":"com.play.android.activity.SplashActivity","app":"D:\\workSpace\\EclipseProjects\\AppiumForEclipse\\apps\\play.apk","noSign":"True","browserName":"","unicodeKeyboard":"True","platformName":"Android","deviceName":"022TAS7N51009853","resetKeyboard":"True"}}
2017-05-31 08:59:23:311 - info: [debug] [MJSONWP] Calling AppiumDriver.createSession() with args: [{"appPackage":"com.play.android","appActivity":"com.play.android.activity.SplashActivity","app":"D:\\workSpace\\EclipseProjects\\AppiumForEclipse\\apps\\play.apk","noSign":"True","browserName":"","unicodeKeyboard":"True","platformName":"Android","deviceName":"022TAS7N51009853","resetKeyboard":"True"},null,null]
2017-05-31 08:59:23:311 - info: [debug] [BaseDriver] Event 'newSessionRequested' logged at 1496221163311 (16:59:23 GMT+0800 (中国标准时间))
2017-05-31 08:59:23:311 - info: [Appium] Creating new AndroidDriver (v1.20.0) session
2017-05-31 08:59:23:311 - info: [Appium] Capabilities:
2017-05-31 08:59:23:327 - info: [Appium]   appPackage: 'com.play.android'
2017-05-31 08:59:23:327 - info: [Appium]   appActivity: 'com.play.android.activity.SplashActivity'
2017-05-31 08:59:23:327 - info: [Appium]   app: 'D:\\workSpace\\EclipseProjects\\AppiumForEclipse\\apps\\play.apk'
2017-05-31 08:59:23:327 - info: [Appium]   noSign: 'True'
2017-05-31 08:59:23:327 - info: [Appium]   browserName: ''
2017-05-31 08:59:23:327 - info: [Appium]   unicodeKeyboard: 'True'
2017-05-31 08:59:23:327 - info: [Appium]   platformName: 'Android'
2017-05-31 08:59:23:327 - info: [Appium]   deviceName: '022TAS7N51009853'
2017-05-31 08:59:23:327 - info: [Appium]   resetKeyboard: 'True'
2017-05-31 08:59:23:327 - info: [debug] [AndroidDriver] AndroidDriver version: 1.20.0
2017-05-31 08:59:23:327 - warn: [BaseDriver] Capability 'unicodeKeyboard' changed from string to boolean. This may cause unexpected behavior
2017-05-31 08:59:23:327 - warn: [BaseDriver] Capability 'resetKeyboard' changed from string to boolean. This may cause unexpected behavior
2017-05-31 08:59:23:327 - warn: [BaseDriver] Capability 'noSign' changed from string to boolean. This may cause unexpected behavior
2017-05-31 08:59:23:342 - info: [BaseDriver] Session created with session id: ca5024f7-6160-418d-b4bb-59a089b4e49f
2017-05-31 08:59:23:342 - info: [debug] [AndroidDriver] Getting Java version
2017-05-31 08:59:23:487 - info: [AndroidDriver] Java version is: 1.8.0_121
2017-05-31 08:59:23:487 - info: [ADB] Checking whether adb is present
2017-05-31 08:59:23:487 - info: [ADB] Using adb.exe from D:\SoftWare\SDK\platform-tools\adb.exe
2017-05-31 08:59:23:487 - info: [AndroidDriver] Retrieving device list
2017-05-31 08:59:23:487 - info: [debug] [ADB] Trying to find a connected android device
2017-05-31 08:59:23:487 - info: [debug] [ADB] Getting connected devices...
2017-05-31 08:59:23:520 - info: [debug] [ADB] 1 device(s) connected
2017-05-31 08:59:23:520 - info: [AndroidDriver] Using device: 85GBBMA2353T
2017-05-31 08:59:23:520 - info: [ADB] Checking whether adb is present
2017-05-31 08:59:23:520 - info: [ADB] Using adb.exe from D:\SoftWare\SDK\platform-tools\adb.exe
2017-05-31 08:59:23:520 - info: [debug] [ADB] Setting device id to 85GBBMA2353T
2017-05-31 08:59:23:520 - info: [BaseDriver] Using local app 'D:\workSpace\EclipseProjects\AppiumForEclipse\apps\play.apk'
2017-05-31 08:59:23:520 - info: [debug] [AndroidDriver] Checking whether app is actually present
2017-05-31 08:59:23:520 - info: [AndroidDriver] Starting Android session
2017-05-31 08:59:23:535 - info: [debug] [ADB] Running 'D:\SoftWare\SDK\platform-tools\adb.exe' with args: ["-P",5037,"-s","85GBBMA2353T","wait-for-device"]
2017-05-31 08:59:23:551 - info: [debug] [ADB] Getting connected devices...
2017-05-31 08:59:23:582 - info: [debug] [ADB] 1 device(s) connected
2017-05-31 08:59:23:582 - info: [debug] [ADB] Running 'D:\SoftWare\SDK\platform-tools\adb.exe' with args: ["-P",5037,"-s","85GBBMA2353T","shell","echo","ping"]
2017-05-31 08:59:23:613 - info: [debug] [Logcat] Starting logcat capture
2017-05-31 08:59:23:660 - info: [debug] [AndroidDriver] Enabling Unicode keyboard support
2017-05-31 08:59:23:660 - info: [debug] [AndroidDriver] Pushing unicode ime to device...
2017-05-31 08:59:23:660 - info: [debug] [ADB] Running 'D:\SoftWare\SDK\platform-tools\adb.exe' with args: ["-P",5037,"-s","85GBBMA2353T","install","D:\\MyProgram\\nodejs\\node_modules\\appium\\node_modules\\appium-android-ime\\bin\\UnicodeIME-debug.apk"]
2017-05-31 08:59:24:799 - info: [debug] [ADB] Getting connected devices...
2017-05-31 08:59:24:831 - info: [debug] [ADB] 1 device(s) connected
2017-05-31 08:59:24:831 - info: [debug] [ADB] Running 'D:\SoftWare\SDK\platform-tools\adb.exe' with args: ["-P",5037,"-s","85GBBMA2353T","shell","settings","get","secure","default_input_method"]
2017-05-31 08:59:25:580 - info: [debug] [AndroidDriver] Unsetting previous IME com.iflytek.inputmethod/.FlyIME
2017-05-31 08:59:25:580 - info: [debug] [AndroidDriver] Setting IME to 'io.appium.android.ime/.UnicodeIME'
2017-05-31 08:59:25:596 - info: [debug] [ADB] Getting connected devices...
2017-05-31 08:59:25:627 - info: [debug] [ADB] 1 device(s) connected
2017-05-31 08:59:25:627 - info: [debug] [ADB] Running 'D:\SoftWare\SDK\platform-tools\adb.exe' with args: ["-P",5037,"-s","85GBBMA2353T","shell","ime","enable","io.appium.android.ime/.UnicodeIME"]
2017-05-31 08:59:26:346 - info: [debug] [ADB] Getting connected devices...
2017-05-31 08:59:26:394 - info: [debug] [ADB] 1 device(s) connected
2017-05-31 08:59:26:394 - info: [debug] [ADB] Running 'D:\SoftWare\SDK\platform-tools\adb.exe' with args: ["-P",5037,"-s","85GBBMA2353T","shell","ime","set","io.appium.android.ime/.UnicodeIME"]
2017-05-31 08:59:27:176 - info: [debug] [AndroidDriver] Pushing settings apk to device...
2017-05-31 08:59:27:176 - info: [debug] [ADB] Getting install status for io.appium.settings
2017-05-31 08:59:27:176 - info: [debug] [ADB] Getting connected devices...
2017-05-31 08:59:27:207 - info: [debug] [ADB] 1 device(s) connected
2017-05-31 08:59:27:223 - info: [debug] [ADB] Running 'D:\SoftWare\SDK\platform-tools\adb.exe' with args: ["-P",5037,"-s","85GBBMA2353T","shell","pm","list","packages","io.appium.settings"]
2017-05-31 08:59:28:072 - info: [debug] [ADB] App is not installed
2017-05-31 08:59:28:072 - info: [debug] [ADB] Running 'D:\SoftWare\SDK\platform-tools\adb.exe' with args: ["-P",5037,"-s","85GBBMA2353T","install","D:\\MyProgram\\nodejs\\node_modules\\appium\\node_modules\\io.appium.settings\\app\\build\\outputs\\apk\\settings_apk-debug.apk"]
2017-05-31 08:59:28:840 - info: [debug] [ADB] Getting connected devices...
2017-05-31 08:59:28:871 - info: [debug] [ADB] 1 device(s) connected
2017-05-31 08:59:28:871 - info: [debug] [ADB] Running 'D:\SoftWare\SDK\platform-tools\adb.exe' with args: ["-P",5037,"-s","85GBBMA2353T","shell","getprop","ro.build.version.sdk"]
2017-05-31 08:59:28:902 - info: [debug] [ADB] Device API level: 22
2017-05-31 08:59:28:902 - info: [debug] [ADB] Getting connected devices...
2017-05-31 08:59:28:933 - info: [debug] [ADB] 1 device(s) connected
2017-05-31 08:59:28:933 - info: [debug] [ADB] Running 'D:\SoftWare\SDK\platform-tools\adb.exe' with args: ["-P",5037,"-s","85GBBMA2353T","shell","dumpsys","package","io.appium.settings"]
2017-05-31 08:59:28:980 - info: [debug] [AndroidDriver] Pushing unlock helper app to device...
2017-05-31 08:59:28:980 - info: [debug] [ADB] Running 'D:\SoftWare\SDK\platform-tools\adb.exe' with args: ["-P",5037,"-s","85GBBMA2353T","install","D:\\MyProgram\\nodejs\\node_modules\\appium\\node_modules\\appium-unlock\\bin\\unlock_apk-debug.apk"]
2017-05-31 08:59:29:823 - info: [debug] [ADB] Device API level: 22
2017-05-31 08:59:29:823 - info: [debug] [ADB] Getting connected devices...
2017-05-31 08:59:29:855 - info: [debug] [ADB] 1 device(s) connected
2017-05-31 08:59:29:855 - info: [debug] [ADB] Running 'D:\SoftWare\SDK\platform-tools\adb.exe' with args: ["-P",5037,"-s","85GBBMA2353T","shell","settings","put","secure","mock_location","1"]
2017-05-31 08:59:30:572 - info: [ADB] Getting device platform version
2017-05-31 08:59:30:572 - info: [debug] [ADB] Getting connected devices...
2017-05-31 08:59:30:619 - info: [debug] [ADB] 1 device(s) connected
2017-05-31 08:59:30:619 - info: [debug] [ADB] Running 'D:\SoftWare\SDK\platform-tools\adb.exe' with args: ["-P",5037,"-s","85GBBMA2353T","shell","getprop","ro.build.version.release"]
2017-05-31 08:59:30:666 - info: [debug] [ADB] Getting connected devices...
2017-05-31 08:59:30:682 - info: [debug] [ADB] 1 device(s) connected
2017-05-31 08:59:30:682 - info: [debug] [ADB] Running 'D:\SoftWare\SDK\platform-tools\adb.exe' with args: ["-P",5037,"-s","85GBBMA2353T","shell","wm","size"]
2017-05-31 08:59:31:399 - info: [debug] [ADB] Getting connected devices...
2017-05-31 08:59:31:431 - info: [debug] [ADB] 1 device(s) connected
2017-05-31 08:59:31:431 - info: [debug] [ADB] Running 'D:\SoftWare\SDK\platform-tools\adb.exe' with args: ["-P",5037,"-s","85GBBMA2353T","shell","getprop","ro.product.model"]
2017-05-31 08:59:31:463 - info: [debug] [ADB] Current device property 'ro.product.model': MX5
2017-05-31 08:59:31:463 - info: [debug] [ADB] Getting connected devices...
2017-05-31 08:59:31:494 - info: [debug] [ADB] 1 device(s) connected
2017-05-31 08:59:31:494 - info: [debug] [ADB] Running 'D:\SoftWare\SDK\platform-tools\adb.exe' with args: ["-P",5037,"-s","85GBBMA2353T","shell","getprop","ro.product.manufacturer"]
2017-05-31 08:59:31:526 - info: [debug] [ADB] Current device property 'ro.product.manufacturer': Meizu
2017-05-31 08:59:31:682 - info: [AndroidDriver] Remote apk path is /data/local/tmp/c5cb22fdd9b4ba7448447108c0ba77c0.apk
2017-05-31 08:59:31:682 - info: [debug] [ADB] Getting connected devices...
2017-05-31 08:59:31:698 - info: [debug] [ADB] 1 device(s) connected
2017-05-31 08:59:31:698 - info: [debug] [ADB] Running 'D:\SoftWare\SDK\platform-tools\adb.exe' with args: ["-P",5037,"-s","85GBBMA2353T","shell","ls","/data/local/tmp/c5cb22fdd9b4ba7448447108c0ba77c0.apk"]
2017-05-31 08:59:31:744 - info: [debug] [AndroidDriver] Checking if app is installed
2017-05-31 08:59:31:744 - info: [debug] [ADB] Getting install status for com.play.android
2017-05-31 08:59:31:744 - info: [debug] [ADB] Getting connected devices...
2017-05-31 08:59:31:760 - info: [debug] [ADB] 1 device(s) connected
2017-05-31 08:59:31:760 - info: [debug] [ADB] Running 'D:\SoftWare\SDK\platform-tools\adb.exe' with args: ["-P",5037,"-s","85GBBMA2353T","shell","pm","list","packages","com.play.android"]
2017-05-31 08:59:32:212 - info: [debug] [ADB] App is not installed
2017-05-31 08:59:32:212 - info: [AndroidDriver] Apk is not yet installed
2017-05-31 08:59:32:212 - info: [AndroidDriver] installing apk from remote
2017-05-31 08:59:32:212 - info: [debug] [ADB] Getting connected devices...
2017-05-31 08:59:32:259 - info: [debug] [ADB] 1 device(s) connected
2017-05-31 08:59:32:259 - info: [debug] [ADB] Running 'D:\SoftWare\SDK\platform-tools\adb.exe' with args: ["-P",5037,"-s","85GBBMA2353T","shell","mkdir","-p","/data/local/tmp"]
2017-05-31 08:59:32:290 - info: [AndroidDriver] Clearing out any existing remote apks with the same hash
2017-05-31 08:59:32:290 - info: [debug] [AndroidDriver] Removing any old apks
2017-05-31 08:59:32:290 - info: [debug] [AndroidDriver] Except ["c5cb22fdd9b4ba7448447108c0ba77c0"]
2017-05-31 08:59:32:290 - info: [debug] [ADB] Getting connected devices...
2017-05-31 08:59:32:322 - info: [debug] [ADB] 1 device(s) connected
2017-05-31 08:59:32:322 - info: [debug] [ADB] Running 'D:\SoftWare\SDK\platform-tools\adb.exe' with args: ["-P",5037,"-s","85GBBMA2353T","shell","ls","/data/local/tmp/*.apk"]
2017-05-31 08:59:32:368 - info: [AndroidDriver] Will remove /data/local/tmp/42e2f15827830994ee5f75a4ff734348.apk
2017-05-31 08:59:32:368 - info: [debug] [ADB] Getting connected devices...
2017-05-31 08:59:32:384 - info: [debug] [ADB] 1 device(s) connected
2017-05-31 08:59:32:384 - info: [debug] [ADB] Running 'D:\SoftWare\SDK\platform-tools\adb.exe' with args: ["-P",5037,"-s","85GBBMA2353T","shell","rm","-f","/data/local/tmp/42e2f15827830994ee5f75a4ff734348.apk"]
2017-05-31 08:59:32:431 - info: [AndroidDriver] Pushing com.play.android to device. Will wait up to 90000 milliseconds before aborting
2017-05-31 08:59:32:431 - info: [debug] [ADB] Running 'D:\SoftWare\SDK\platform-tools\adb.exe' with args: ["-P",5037,"-s","85GBBMA2353T","push","D:\\workSpace\\EclipseProjects\\AppiumForEclipse\\apps\\play.apk","/data/local/tmp/c5cb22fdd9b4ba7448447108c0ba77c0.apk"]
2017-05-31 08:59:36:708 - info: [debug] [ADB] Uninstalling com.play.android
2017-05-31 08:59:36:708 - info: [debug] [ADB] Getting connected devices...
2017-05-31 08:59:36:724 - info: [debug] [ADB] 1 device(s) connected
2017-05-31 08:59:36:724 - info: [debug] [ADB] Running 'D:\SoftWare\SDK\platform-tools\adb.exe' with args: ["-P",5037,"-s","85GBBMA2353T","shell","am","force-stop","com.play.android"]
2017-05-31 08:59:37:349 - info: [debug] [ADB] Running 'D:\SoftWare\SDK\platform-tools\adb.exe' with args: ["-P",5037,"-s","85GBBMA2353T","uninstall","com.play.android"]
2017-05-31 08:59:38:722 - info: [ADB] App was uninstalled
2017-05-31 08:59:38:722 - info: [debug] [ADB] Getting connected devices...
2017-05-31 08:59:38:754 - info: [debug] [ADB] 1 device(s) connected
2017-05-31 08:59:38:754 - info: [debug] [ADB] Running 'D:\SoftWare\SDK\platform-tools\adb.exe' with args: ["-P",5037,"-s","85GBBMA2353T","shell","pm","install","-r","/data/local/tmp/c5cb22fdd9b4ba7448447108c0ba77c0.apk"]
2017-05-31 08:59:58:806 - info: [debug] [AndroidDriver] Extracting strings from apk D:\workSpace\EclipseProjects\AppiumForEclipse\apps\play.apk null C:\Users\ADMINI~1\AppData\Local\Temp\com.play.android
2017-05-31 08:59:58:815 - info: [debug] [ADB] Extracting strings for language: default
2017-05-31 08:59:58:816 - info: [debug] [ADB] Device API level: 22
2017-05-31 08:59:58:817 - info: [debug] [ADB] Getting connected devices...
2017-05-31 08:59:58:842 - info: [debug] [ADB] 1 device(s) connected
2017-05-31 08:59:58:843 - info: [debug] [ADB] Running 'D:\SoftWare\SDK\platform-tools\adb.exe' with args: ["-P",5037,"-s","85GBBMA2353T","shell","getprop","persist.sys.language"]
2017-05-31 08:59:58:878 - info: [debug] [ADB] Current device property 'persist.sys.language': zh
2017-05-31 09:00:00:016 - info: [debug] [ADB] Reading strings from converted strings.json
2017-05-31 09:00:00:020 - info: [debug] [ADB] Running 'D:\SoftWare\SDK\platform-tools\adb.exe' with args: ["-P",5037,"-s","85GBBMA2353T","push","C:\\Users\\ADMINI~1\\AppData\\Local\\Temp\\com.play.android\\strings.json","/data/local/tmp"]
2017-05-31 09:00:00:052 - info: [debug] [AndroidBootstrap] Watching for bootstrap disconnect
2017-05-31 09:00:00:055 - info: [debug] [ADB] Forwarding system: 4724 to device: 4724
2017-05-31 09:00:00:056 - info: [debug] [ADB] Running 'D:\SoftWare\SDK\platform-tools\adb.exe' with args: ["-P",5037,"-s","85GBBMA2353T","forward","tcp:4724","tcp:4724"]
2017-05-31 09:00:00:064 - info: [debug] [UiAutomator] Starting UiAutomator
2017-05-31 09:00:00:064 - info: [debug] [UiAutomator] Moving to state 'starting'
2017-05-31 09:00:00:065 - info: [debug] [UiAutomator] Parsing uiautomator jar
2017-05-31 09:00:00:065 - info: [debug] [UiAutomator] Found jar name: 'AppiumBootstrap.jar'
2017-05-31 09:00:00:066 - info: [debug] [ADB] Running 'D:\SoftWare\SDK\platform-tools\adb.exe' with args: ["-P",5037,"-s","85GBBMA2353T","push","D:\\MyProgram\\nodejs\\node_modules\\appium\\node_modules\\appium-android-bootstrap\\bootstrap\\bin\\AppiumBootstrap.jar","/data/local/tmp/"]
2017-05-31 09:00:00:103 - info: [debug] [ADB] Attempting to kill all uiautomator processes
2017-05-31 09:00:00:104 - info: [debug] [ADB] Getting all processes with uiautomator
2017-05-31 09:00:00:104 - info: [debug] [ADB] Getting connected devices...
2017-05-31 09:00:00:128 - info: [debug] [ADB] 1 device(s) connected
2017-05-31 09:00:00:129 - info: [debug] [ADB] Running 'D:\SoftWare\SDK\platform-tools\adb.exe' with args: ["-P",5037,"-s","85GBBMA2353T","shell","ps"]
2017-05-31 09:00:00:209 - info: [ADB] No uiautomator process found to kill, continuing...
2017-05-31 09:00:00:210 - info: [debug] [UiAutomator] Starting UIAutomator
2017-05-31 09:00:00:210 - info: [debug] [ADB] Creating ADB subprocess with args: ["-P",5037,"-s","85GBBMA2353T","shell","uiautomator","runtest","AppiumBootstrap.jar","-c","io.appium.android.bootstrap.Bootstrap","-e","pkg","com.play.android","-e","disableAndroidWatchers",false,"-e","acceptSslCerts",false]
2017-05-31 09:00:01:731 - info: [debug] [UiAutomator] Moving to state 'online'
2017-05-31 09:00:01:736 - info: [AndroidBootstrap] Android bootstrap socket is now connected
2017-05-31 09:00:01:737 - info: [debug] [ADB] Getting connected devices...
2017-05-31 09:00:01:746 - info: [AndroidBootstrap] [BOOTSTRAP LOG] [debug] json loading complete.
2017-05-31 09:00:01:746 - info: [AndroidBootstrap] [BOOTSTRAP LOG] [debug] Registered crash watchers.
2017-05-31 09:00:01:748 - info: [AndroidBootstrap] [BOOTSTRAP LOG] [debug] Client connected
2017-05-31 09:00:01:763 - info: [debug] [ADB] 1 device(s) connected
2017-05-31 09:00:01:763 - info: [debug] [ADB] Running 'D:\SoftWare\SDK\platform-tools\adb.exe' with args: ["-P",5037,"-s","85GBBMA2353T","shell","dumpsys","window"]
2017-05-31 09:00:01:805 - info: [AndroidDriver] Screen already unlocked, doing nothing
2017-05-31 09:00:01:807 - info: [debug] [ADB] Device API level: 22
2017-05-31 09:00:01:807 - info: [debug] [ADB] Getting connected devices...
2017-05-31 09:00:01:832 - info: [debug] [ADB] 1 device(s) connected
2017-05-31 09:00:01:833 - info: [debug] [ADB] Running 'D:\SoftWare\SDK\platform-tools\adb.exe' with args: ["-P",5037,"-s","85GBBMA2353T","shell","am","start","-W","-n","com.play.android/com.play.android.activity.SplashActivity","-S","-a","android.intent.action.MAIN","-c","android.intent.category.LAUNCHER","-f","0x10200000"]
2017-05-31 09:00:02:737 - info: [debug] [ADB] We tried to start an activity that doesn't exist, retrying with . prepended to activity
2017-05-31 09:00:02:739 - info: [debug] [ADB] Device API level: 22
2017-05-31 09:00:02:739 - info: [debug] [ADB] Getting connected devices...
2017-05-31 09:00:02:769 - info: [debug] [ADB] 1 device(s) connected
2017-05-31 09:00:02:770 - info: [debug] [ADB] Running 'D:\SoftWare\SDK\platform-tools\adb.exe' with args: ["-P",5037,"-s","85GBBMA2353T","shell","am","start","-W","-n","com.play.android/.com.play.android.activity.SplashActivity","-S","-a","android.intent.action.MAIN","-c","android.intent.category.LAUNCHER","-f","0x10200000"]
2017-05-31 09:00:03:718 - error: [ADB] Error: Activity used to start app doesn't exist or cannot be launched! Make sure it exists and is a launchable activity
    at Object.wrappedLogger.errorAndThrow (../../lib/logging.js:63:13)
    at ADB.callee$0$0$ (../../../lib/tools/apk-utils.js:67:13)
    at tryCatch (D:\MyProgram\nodejs\node_modules\appium\node_modules\babel-runtime\regenerator\runtime.js:67:40)
    at GeneratorFunctionPrototype.invoke [as _invoke] (D:\MyProgram\nodejs\node_modules\appium\node_modules\babel-runtime\regenerator\runtime.js:315:22)
    at GeneratorFunctionPrototype.prototype.(anonymous function) [as next] (D:\MyProgram\nodejs\node_modules\appium\node_modules\babel-runtime\regenerator\runtime.js:100:21)
    at GeneratorFunctionPrototype.invoke (D:\MyProgram\nodejs\node_modules\appium\node_modules\babel-runtime\regenerator\runtime.js:136:37)
    at process._tickCallback (internal/process/next_tick.js:109:7)
 Error: Activity used to start app doesn't exist or cannot be launched! Make sure it exists and is a launchable activity
    at Object.wrappedLogger.errorAndThrow (../../lib/logging.js:63:13)
    at ADB.callee$0$0$ (../../../lib/tools/apk-utils.js:67:13)
    at tryCatch (D:\MyProgram\nodejs\node_modules\appium\node_modules\babel-runtime\regenerator\runtime.js:67:40)
    at GeneratorFunctionPrototype.invoke [as _invoke] (D:\MyProgram\nodejs\node_modules\appium\node_modules\babel-runtime\regenerator\runtime.js:315:22)
    at GeneratorFunctionPrototype.prototype.(anonymous function) [as next] (D:\MyProgram\nodejs\node_modules\appium\node_modules\babel-runtime\regenerator\runtime.js:100:21)
    at GeneratorFunctionPrototype.invoke (D:\MyProgram\nodejs\node_modules\appium\node_modules\babel-runtime\regenerator\runtime.js:136:37)
    at process._tickCallback (internal/process/next_tick.js:109:7)
2017-05-31 09:00:03:720 - error: [ADB] Error: Error occured while starting App. Original error: Activity used to start app doesn't exist or cannot be launched! Make sure it exists and is a launchable activity
    at Object.wrappedLogger.errorAndThrow (../../lib/logging.js:63:13)
    at ADB.callee$0$0$ (../../../lib/tools/apk-utils.js:79:9)
    at tryCatch (D:\MyProgram\nodejs\node_modules\appium\node_modules\babel-runtime\regenerator\runtime.js:67:40)
    at GeneratorFunctionPrototype.invoke [as _invoke] (D:\MyProgram\nodejs\node_modules\appium\node_modules\babel-runtime\regenerator\runtime.js:315:22)
    at GeneratorFunctionPrototype.prototype.(anonymous function) [as next] (D:\MyProgram\nodejs\node_modules\appium\node_modules\babel-runtime\regenerator\runtime.js:100:21)
    at GeneratorFunctionPrototype.invoke (D:\MyProgram\nodejs\node_modules\appium\node_modules\babel-runtime\regenerator\runtime.js:136:37)
    at process._tickCallback (internal/process/next_tick.js:109:7)
 Error: Error occured while starting App. Original error: Activity used to start app doesn't exist or cannot be launched! Make sure it exists and is a launchable activity
    at Object.wrappedLogger.errorAndThrow (../../lib/logging.js:63:13)
    at ADB.callee$0$0$ (../../../lib/tools/apk-utils.js:79:9)
    at tryCatch (D:\MyProgram\nodejs\node_modules\appium\node_modules\babel-runtime\regenerator\runtime.js:67:40)
    at GeneratorFunctionPrototype.invoke [as _invoke] (D:\MyProgram\nodejs\node_modules\appium\node_modules\babel-runtime\regenerator\runtime.js:315:22)
    at GeneratorFunctionPrototype.prototype.(anonymous function) [as next] (D:\MyProgram\nodejs\node_modules\appium\node_modules\babel-runtime\regenerator\runtime.js:100:21)
    at GeneratorFunctionPrototype.invoke (D:\MyProgram\nodejs\node_modules\appium\node_modules\babel-runtime\regenerator\runtime.js:136:37)
    at process._tickCallback (internal/process/next_tick.js:109:7)
2017-05-31 09:00:03:722 - info: [debug] [AndroidDriver] Shutting down Android driver
2017-05-31 09:00:03:724 - info: [debug] [AndroidDriver] Resetting IME to com.iflytek.inputmethod/.FlyIME
2017-05-31 09:00:03:725 - info: [debug] [ADB] Getting connected devices...
2017-05-31 09:00:03:752 - info: [debug] [ADB] 1 device(s) connected
2017-05-31 09:00:03:752 - info: [debug] [ADB] Running 'D:\SoftWare\SDK\platform-tools\adb.exe' with args: ["-P",5037,"-s","85GBBMA2353T","shell","ime","set","com.iflytek.inputmethod/.FlyIME"]
2017-05-31 09:00:04:454 - info: [debug] [ADB] Getting connected devices...
2017-05-31 09:00:04:491 - info: [debug] [ADB] 1 device(s) connected
2017-05-31 09:00:04:491 - info: [debug] [ADB] Running 'D:\SoftWare\SDK\platform-tools\adb.exe' with args: ["-P",5037,"-s","85GBBMA2353T","shell","am","force-stop","com.play.android"]
2017-05-31 09:00:05:196 - info: [debug] [ADB] Pressing the HOME button
2017-05-31 09:00:05:197 - info: [debug] [ADB] Getting connected devices...
2017-05-31 09:00:05:234 - info: [debug] [ADB] 1 device(s) connected
2017-05-31 09:00:05:235 - info: [debug] [ADB] Running 'D:\SoftWare\SDK\platform-tools\adb.exe' with args: ["-P",5037,"-s","85GBBMA2353T","shell","input","keyevent",3]
2017-05-31 09:00:05:861 - info: [debug] [AndroidBootstrap] Sending command to android: {"cmd":"shutdown"}
2017-05-31 09:00:05:866 - info: [AndroidBootstrap] [BOOTSTRAP LOG] [debug] Got data from client: {"cmd":"shutdown"}
2017-05-31 09:00:05:868 - info: [AndroidBootstrap] [BOOTSTRAP LOG] [debug] Got command of type SHUTDOWN
2017-05-31 09:00:05:869 - info: [AndroidBootstrap] [BOOTSTRAP LOG] [debug] Returning result: {"status":0,"value":"OK, shutting down"}
2017-05-31 09:00:05:872 - info: [debug] [AndroidBootstrap] Received command result from bootstrap
2017-05-31 09:00:05:875 - info: [debug] [UiAutomator] Shutting down UiAutomator
2017-05-31 09:00:05:875 - info: [debug] [UiAutomator] Moving to state 'stopping'
2017-05-31 09:00:05:880 - info: [debug] [AndroidBootstrap] [UIAUTO STDOUT] [CDS]close[4724]
2017-05-31 09:00:05:880 - info: [AndroidBootstrap] [BOOTSTRAP LOG] [debug] Closed client connection
2017-05-31 09:00:05:880 - info: [debug] [AndroidBootstrap] [UIAUTO STDOUT] INSTRUMENTATION_STATUS: numtests=1
2017-05-31 09:00:05:881 - info: [debug] [AndroidBootstrap] [UIAUTO STDOUT] INSTRUMENTATION_STATUS: stream=.
2017-05-31 09:00:05:881 - info: [debug] [AndroidBootstrap] [UIAUTO STDOUT] INSTRUMENTATION_STATUS: id=UiAutomatorTestRunner
2017-05-31 09:00:05:881 - info: [debug] [AndroidBootstrap] [UIAUTO STDOUT] INSTRUMENTATION_STATUS: test=testRunServer
2017-05-31 09:00:05:882 - info: [debug] [AndroidBootstrap] [UIAUTO STDOUT] INSTRUMENTATION_STATUS: class=io.appium.android.bootstrap.Bootstrap
2017-05-31 09:00:05:882 - info: [debug] [AndroidBootstrap] [UIAUTO STDOUT] INSTRUMENTATION_STATUS: current=1
2017-05-31 09:00:05:882 - info: [debug] [AndroidBootstrap] [UIAUTO STDOUT] INSTRUMENTATION_STATUS_CODE: 0
2017-05-31 09:00:05:886 - info: [debug] [UiAutomator] UiAutomator shut down normally
2017-05-31 09:00:05:886 - info: [debug] [UiAutomator] Moving to state 'stopped'
2017-05-31 09:00:05:887 - info: [debug] [ADB] Attempting to kill all uiautomator processes
2017-05-31 09:00:05:887 - info: [debug] [ADB] Getting all processes with uiautomator
2017-05-31 09:00:05:888 - info: [debug] [ADB] Getting connected devices...
2017-05-31 09:00:05:916 - info: [debug] [ADB] 1 device(s) connected
2017-05-31 09:00:05:917 - info: [debug] [ADB] Running 'D:\SoftWare\SDK\platform-tools\adb.exe' with args: ["-P",5037,"-s","85GBBMA2353T","shell","ps"]
2017-05-31 09:00:05:990 - info: [ADB] No uiautomator process found to kill, continuing...
2017-05-31 09:00:05:990 - info: [debug] [UiAutomator] Moving to state 'stopped'
2017-05-31 09:00:05:991 - info: [debug] [Logcat] Stopping logcat capture
2017-05-31 09:00:05:997 - info: [debug] [ADB] Getting connected devices...
2017-05-31 09:00:06:019 - info: [debug] [ADB] 1 device(s) connected
2017-05-31 09:00:06:020 - info: [debug] [ADB] Running 'D:\SoftWare\SDK\platform-tools\adb.exe' with args: ["-P",5037,"-s","85GBBMA2353T","shell","am","force-stop","io.appium.unlock"]
2017-05-31 09:00:06:636 - info: [debug] [AndroidDriver] Not cleaning generated files. Add `clearSystemFiles` capability if wanted.
2017-05-31 09:00:06:639 - error: [MJSONWP] Encountered internal error running command: Error: Error occured while starting App. Original error: Activity used to start app doesn't exist or cannot be launched! Make sure it exists and is a launchable activity
    at Object.wrappedLogger.errorAndThrow (../../lib/logging.js:63:13)
    at ADB.callee$0$0$ (../../../lib/tools/apk-utils.js:79:9)
    at tryCatch (D:\MyProgram\nodejs\node_modules\appium\node_modules\babel-runtime\regenerator\runtime.js:67:40)
    at GeneratorFunctionPrototype.invoke [as _invoke] (D:\MyProgram\nodejs\node_modules\appium\node_modules\babel-runtime\regenerator\runtime.js:315:22)
    at GeneratorFunctionPrototype.prototype.(anonymous function) [as next] (D:\MyProgram\nodejs\node_modules\appium\node_modules\babel-runtime\regenerator\runtime.js:100:21)
    at GeneratorFunctionPrototype.invoke (D:\MyProgram\nodejs\node_modules\appium\node_modules\babel-runtime\regenerator\runtime.js:136:37)
    at process._tickCallback (internal/process/next_tick.js:109:7)
2017-05-31 09:00:06:644 - info: [HTTP] <-- POST /wd/hub/session 500 43321 ms - 299 
