2017-05-31 09:40:01:099 - info: [Appium] Welcome to Appium v1.6.5
2017-05-31 09:40:01:103 - info: [Appium] Non-default server args:
2017-05-31 09:40:01:103 - info: [Appium]   address: 127.0.0.1
2017-05-31 09:40:01:104 - info: [Appium]   log: D:\workSpace\EclipseProjects\AppiumForEclipse\log\1496223594950.log
2017-05-31 09:40:01:169 - info: [Appium] Appium REST http interface listener started on 127.0.0.1:4723
2017-05-31 09:40:01:201 - info: [HTTP] --> GET /wd/hub/status {}
2017-05-31 09:40:01:204 - info: [debug] [MJSONWP] Calling AppiumDriver.getStatus() with args: []
2017-05-31 09:40:01:247 - info: [debug] [MJSONWP] Responding to client with driver.getStatus() result: {"build":{"version":"1.6.5","revision":null}}
2017-05-31 09:40:01:254 - info: [HTTP] <-- GET /wd/hub/status 200 50 ms - 83 
2017-05-31 09:40:01:257 - info: [HTTP] --> GET /wd/hub/status {}
2017-05-31 09:40:01:257 - info: [debug] [MJSONWP] Calling AppiumDriver.getStatus() with args: []
2017-05-31 09:40:01:294 - info: [debug] [MJSONWP] Responding to client with driver.getStatus() result: {"build":{"version":"1.6.5","revision":null}}
2017-05-31 09:40:01:296 - info: [HTTP] <-- GET /wd/hub/status 200 38 ms - 83 
2017-05-31 09:40:01:927 - info: [HTTP] --> POST /wd/hub/session {"desiredCapabilities":{"app":"D:\\workSpace\\EclipseProjects\\AppiumForEclipse\\apps\\play.apk","noSign":"True","browserName":"","unicodeKeyboard":"True","platformName":"Android","deviceName":"022TAS7N51009853","resetKeyboard":"True"}}
2017-05-31 09:40:01:928 - info: [debug] [MJSONWP] Calling AppiumDriver.createSession() with args: [{"app":"D:\\workSpace\\EclipseProjects\\AppiumForEclipse\\apps\\play.apk","noSign":"True","browserName":"","unicodeKeyboard":"True","platformName":"Android","deviceName":"022TAS7N51009853","resetKeyboard":"True"},null,null]
2017-05-31 09:40:01:928 - info: [debug] [BaseDriver] Event 'newSessionRequested' logged at 1496223601928 (17:40:01 GMT+0800 (中国标准时间))
2017-05-31 09:40:01:931 - info: [Appium] Creating new AndroidDriver (v1.20.0) session
2017-05-31 09:40:01:931 - info: [Appium] Capabilities:
2017-05-31 09:40:01:934 - info: [Appium]   app: 'D:\\workSpace\\EclipseProjects\\AppiumForEclipse\\apps\\play.apk'
2017-05-31 09:40:01:934 - info: [Appium]   noSign: 'True'
2017-05-31 09:40:01:934 - info: [Appium]   browserName: ''
2017-05-31 09:40:01:935 - info: [Appium]   unicodeKeyboard: 'True'
2017-05-31 09:40:01:935 - info: [Appium]   platformName: 'Android'
2017-05-31 09:40:01:935 - info: [Appium]   deviceName: '022TAS7N51009853'
2017-05-31 09:40:01:935 - info: [Appium]   resetKeyboard: 'True'
2017-05-31 09:40:01:938 - info: [debug] [AndroidDriver] AndroidDriver version: 1.20.0
2017-05-31 09:40:01:943 - warn: [BaseDriver] Capability 'unicodeKeyboard' changed from string to boolean. This may cause unexpected behavior
2017-05-31 09:40:01:943 - warn: [BaseDriver] Capability 'resetKeyboard' changed from string to boolean. This may cause unexpected behavior
2017-05-31 09:40:01:944 - warn: [BaseDriver] Capability 'noSign' changed from string to boolean. This may cause unexpected behavior
2017-05-31 09:40:01:953 - info: [BaseDriver] Session created with session id: a44bbc5b-9f69-4a2a-8030-d98d4848617d
2017-05-31 09:40:01:956 - info: [debug] [AndroidDriver] Getting Java version
2017-05-31 09:40:02:068 - info: [AndroidDriver] Java version is: 1.8.0_121
2017-05-31 09:40:02:072 - info: [ADB] Checking whether adb is present
2017-05-31 09:40:02:075 - info: [ADB] Using adb.exe from D:\SoftWare\SDK\platform-tools\adb.exe
2017-05-31 09:40:02:075 - info: [AndroidDriver] Retrieving device list
2017-05-31 09:40:02:076 - info: [debug] [ADB] Trying to find a connected android device
2017-05-31 09:40:02:077 - info: [debug] [ADB] Getting connected devices...
2017-05-31 09:40:02:099 - info: [debug] [ADB] 1 device(s) connected
2017-05-31 09:40:02:100 - info: [AndroidDriver] Using device: 85GBBMA2353T
2017-05-31 09:40:02:101 - info: [ADB] Checking whether adb is present
2017-05-31 09:40:02:103 - info: [ADB] Using adb.exe from D:\SoftWare\SDK\platform-tools\adb.exe
2017-05-31 09:40:02:103 - info: [debug] [ADB] Setting device id to 85GBBMA2353T
2017-05-31 09:40:02:104 - info: [BaseDriver] Using local app 'D:\workSpace\EclipseProjects\AppiumForEclipse\apps\play.apk'
2017-05-31 09:40:02:105 - info: [debug] [AndroidDriver] Checking whether app is actually present
2017-05-31 09:40:02:106 - info: [AndroidDriver] Starting Android session
2017-05-31 09:40:02:110 - info: [debug] [ADB] Running 'D:\SoftWare\SDK\platform-tools\adb.exe' with args: ["-P",5037,"-s","85GBBMA2353T","wait-for-device"]
2017-05-31 09:40:02:136 - info: [debug] [ADB] Getting connected devices...
2017-05-31 09:40:02:162 - info: [debug] [ADB] 1 device(s) connected
2017-05-31 09:40:02:163 - info: [debug] [ADB] Running 'D:\SoftWare\SDK\platform-tools\adb.exe' with args: ["-P",5037,"-s","85GBBMA2353T","shell","echo","ping"]
2017-05-31 09:40:02:204 - info: [debug] [Logcat] Starting logcat capture
2017-05-31 09:40:02:247 - info: [debug] [AndroidDriver] Enabling Unicode keyboard support
2017-05-31 09:40:02:248 - info: [debug] [AndroidDriver] Pushing unicode ime to device...
2017-05-31 09:40:02:248 - info: [debug] [ADB] Running 'D:\SoftWare\SDK\platform-tools\adb.exe' with args: ["-P",5037,"-s","85GBBMA2353T","install","D:\\MyProgram\\nodejs\\node_modules\\appium\\node_modules\\appium-android-ime\\bin\\UnicodeIME-debug.apk"]
2017-05-31 09:40:03:075 - info: [debug] [ADB] Getting connected devices...
2017-05-31 09:40:03:120 - info: [debug] [ADB] 1 device(s) connected
2017-05-31 09:40:03:120 - info: [debug] [ADB] Running 'D:\SoftWare\SDK\platform-tools\adb.exe' with args: ["-P",5037,"-s","85GBBMA2353T","shell","settings","get","secure","default_input_method"]
2017-05-31 09:40:03:904 - info: [debug] [AndroidDriver] Unsetting previous IME com.iflytek.inputmethod/.FlyIME
2017-05-31 09:40:03:905 - info: [debug] [AndroidDriver] Setting IME to 'io.appium.android.ime/.UnicodeIME'
2017-05-31 09:40:03:908 - info: [debug] [ADB] Getting connected devices...
2017-05-31 09:40:03:939 - info: [debug] [ADB] 1 device(s) connected
2017-05-31 09:40:03:940 - info: [debug] [ADB] Running 'D:\SoftWare\SDK\platform-tools\adb.exe' with args: ["-P",5037,"-s","85GBBMA2353T","shell","ime","enable","io.appium.android.ime/.UnicodeIME"]
2017-05-31 09:40:04:649 - info: [debug] [ADB] Getting connected devices...
2017-05-31 09:40:04:687 - info: [debug] [ADB] 1 device(s) connected
2017-05-31 09:40:04:688 - info: [debug] [ADB] Running 'D:\SoftWare\SDK\platform-tools\adb.exe' with args: ["-P",5037,"-s","85GBBMA2353T","shell","ime","set","io.appium.android.ime/.UnicodeIME"]
2017-05-31 09:40:05:436 - info: [debug] [AndroidDriver] Pushing settings apk to device...
2017-05-31 09:40:05:441 - info: [debug] [ADB] Getting install status for io.appium.settings
2017-05-31 09:40:05:441 - info: [debug] [ADB] Getting connected devices...
2017-05-31 09:40:05:475 - info: [debug] [ADB] 1 device(s) connected
2017-05-31 09:40:05:475 - info: [debug] [ADB] Running 'D:\SoftWare\SDK\platform-tools\adb.exe' with args: ["-P",5037,"-s","85GBBMA2353T","shell","pm","list","packages","io.appium.settings"]
2017-05-31 09:40:05:989 - info: [debug] [ADB] App is not installed
2017-05-31 09:40:05:990 - info: [debug] [ADB] Running 'D:\SoftWare\SDK\platform-tools\adb.exe' with args: ["-P",5037,"-s","85GBBMA2353T","install","D:\\MyProgram\\nodejs\\node_modules\\appium\\node_modules\\io.appium.settings\\app\\build\\outputs\\apk\\settings_apk-debug.apk"]
2017-05-31 09:40:06:753 - info: [debug] [ADB] Getting connected devices...
2017-05-31 09:40:06:792 - info: [debug] [ADB] 1 device(s) connected
2017-05-31 09:40:06:792 - info: [debug] [ADB] Running 'D:\SoftWare\SDK\platform-tools\adb.exe' with args: ["-P",5037,"-s","85GBBMA2353T","shell","getprop","ro.build.version.sdk"]
2017-05-31 09:40:06:850 - info: [debug] [ADB] Device API level: 22
2017-05-31 09:40:06:850 - info: [debug] [ADB] Getting connected devices...
2017-05-31 09:40:06:874 - info: [debug] [ADB] 1 device(s) connected
2017-05-31 09:40:06:874 - info: [debug] [ADB] Running 'D:\SoftWare\SDK\platform-tools\adb.exe' with args: ["-P",5037,"-s","85GBBMA2353T","shell","dumpsys","package","io.appium.settings"]
2017-05-31 09:40:06:946 - info: [debug] [AndroidDriver] Pushing unlock helper app to device...
2017-05-31 09:40:06:947 - info: [debug] [ADB] Running 'D:\SoftWare\SDK\platform-tools\adb.exe' with args: ["-P",5037,"-s","85GBBMA2353T","install","D:\\MyProgram\\nodejs\\node_modules\\appium\\node_modules\\appium-unlock\\bin\\unlock_apk-debug.apk"]
2017-05-31 09:40:07:739 - info: [debug] [ADB] Device API level: 22
2017-05-31 09:40:07:740 - info: [debug] [ADB] Getting connected devices...
2017-05-31 09:40:07:779 - info: [debug] [ADB] 1 device(s) connected
2017-05-31 09:40:07:779 - info: [debug] [ADB] Running 'D:\SoftWare\SDK\platform-tools\adb.exe' with args: ["-P",5037,"-s","85GBBMA2353T","shell","settings","put","secure","mock_location","1"]
2017-05-31 09:40:08:513 - info: [ADB] Getting device platform version
2017-05-31 09:40:08:514 - info: [debug] [ADB] Getting connected devices...
2017-05-31 09:40:08:557 - info: [debug] [ADB] 1 device(s) connected
2017-05-31 09:40:08:557 - info: [debug] [ADB] Running 'D:\SoftWare\SDK\platform-tools\adb.exe' with args: ["-P",5037,"-s","85GBBMA2353T","shell","getprop","ro.build.version.release"]
2017-05-31 09:40:08:616 - info: [debug] [ADB] Getting connected devices...
2017-05-31 09:40:08:639 - info: [debug] [ADB] 1 device(s) connected
2017-05-31 09:40:08:640 - info: [debug] [ADB] Running 'D:\SoftWare\SDK\platform-tools\adb.exe' with args: ["-P",5037,"-s","85GBBMA2353T","shell","wm","size"]
2017-05-31 09:40:09:351 - info: [debug] [ADB] Getting connected devices...
2017-05-31 09:40:09:396 - info: [debug] [ADB] 1 device(s) connected
2017-05-31 09:40:09:396 - info: [debug] [ADB] Running 'D:\SoftWare\SDK\platform-tools\adb.exe' with args: ["-P",5037,"-s","85GBBMA2353T","shell","getprop","ro.product.model"]
2017-05-31 09:40:09:453 - info: [debug] [ADB] Current device property 'ro.product.model': MX5
2017-05-31 09:40:09:453 - info: [debug] [ADB] Getting connected devices...
2017-05-31 09:40:09:477 - info: [debug] [ADB] 1 device(s) connected
2017-05-31 09:40:09:477 - info: [debug] [ADB] Running 'D:\SoftWare\SDK\platform-tools\adb.exe' with args: ["-P",5037,"-s","85GBBMA2353T","shell","getprop","ro.product.manufacturer"]
2017-05-31 09:40:09:531 - info: [debug] [ADB] Current device property 'ro.product.manufacturer': Meizu
2017-05-31 09:40:09:532 - info: [debug] [AndroidDriver] Parsing package and activity from app manifest
2017-05-31 09:40:09:532 - info: [ADB] Checking whether aapt is present
2017-05-31 09:40:09:536 - info: [ADB] Using aapt.exe from D:\SoftWare\SDK\build-tools\24.0.3\aapt.exe
2017-05-31 09:40:09:537 - info: [ADB] Extracting package and launch activity from manifest
2017-05-31 09:40:09:561 - info: [debug] [ADB] badging package: com.play.android
2017-05-31 09:40:09:562 - info: [debug] [ADB] badging act: com.play.android.activity.SplashActivity
2017-05-31 09:40:09:562 - info: [debug] [AndroidDriver] Parsed package and activity are: com.play.android/com.play.android.activity.SplashActivity
2017-05-31 09:40:09:694 - info: [AndroidDriver] Remote apk path is /data/local/tmp/42e2f15827830994ee5f75a4ff734348.apk
2017-05-31 09:40:09:695 - info: [debug] [ADB] Getting connected devices...
2017-05-31 09:40:09:720 - info: [debug] [ADB] 1 device(s) connected
2017-05-31 09:40:09:720 - info: [debug] [ADB] Running 'D:\SoftWare\SDK\platform-tools\adb.exe' with args: ["-P",5037,"-s","85GBBMA2353T","shell","ls","/data/local/tmp/42e2f15827830994ee5f75a4ff734348.apk"]
2017-05-31 09:40:09:773 - info: [debug] [AndroidDriver] Checking if app is installed
2017-05-31 09:40:09:774 - info: [debug] [ADB] Getting install status for com.play.android
2017-05-31 09:40:09:774 - info: [debug] [ADB] Getting connected devices...
2017-05-31 09:40:09:798 - info: [debug] [ADB] 1 device(s) connected
2017-05-31 09:40:09:799 - info: [debug] [ADB] Running 'D:\SoftWare\SDK\platform-tools\adb.exe' with args: ["-P",5037,"-s","85GBBMA2353T","shell","pm","list","packages","com.play.android"]
2017-05-31 09:40:10:314 - info: [debug] [ADB] App is installed
2017-05-31 09:40:10:315 - info: [AndroidDriver] Apk is already on remote and installed, resetting
2017-05-31 09:40:10:316 - info: [debug] [AndroidDriver] Running fast reset (stop and clear)
2017-05-31 09:40:10:318 - info: [debug] [ADB] Getting connected devices...
2017-05-31 09:40:10:357 - info: [debug] [ADB] 1 device(s) connected
2017-05-31 09:40:10:358 - info: [debug] [ADB] Running 'D:\SoftWare\SDK\platform-tools\adb.exe' with args: ["-P",5037,"-s","85GBBMA2353T","shell","am","force-stop","com.play.android"]
2017-05-31 09:40:11:108 - info: [debug] [ADB] Getting connected devices...
2017-05-31 09:40:11:145 - info: [debug] [ADB] 1 device(s) connected
2017-05-31 09:40:11:145 - info: [debug] [ADB] Running 'D:\SoftWare\SDK\platform-tools\adb.exe' with args: ["-P",5037,"-s","85GBBMA2353T","shell","pm","clear","com.play.android"]
2017-05-31 09:40:11:766 - info: [debug] [AndroidDriver] Extracting strings from apk D:\workSpace\EclipseProjects\AppiumForEclipse\apps\play.apk null C:\Users\ADMINI~1\AppData\Local\Temp\com.play.android
2017-05-31 09:40:11:767 - info: [debug] [ADB] Extracting strings for language: default
2017-05-31 09:40:11:769 - info: [debug] [ADB] Device API level: 22
2017-05-31 09:40:11:770 - info: [debug] [ADB] Getting connected devices...
2017-05-31 09:40:11:816 - info: [debug] [ADB] 1 device(s) connected
2017-05-31 09:40:11:817 - info: [debug] [ADB] Running 'D:\SoftWare\SDK\platform-tools\adb.exe' with args: ["-P",5037,"-s","85GBBMA2353T","shell","getprop","persist.sys.language"]
2017-05-31 09:40:11:866 - info: [debug] [ADB] Current device property 'persist.sys.language': zh
2017-05-31 09:40:13:021 - info: [debug] [ADB] Reading strings from converted strings.json
2017-05-31 09:40:13:025 - info: [debug] [ADB] Running 'D:\SoftWare\SDK\platform-tools\adb.exe' with args: ["-P",5037,"-s","85GBBMA2353T","push","C:\\Users\\ADMINI~1\\AppData\\Local\\Temp\\com.play.android\\strings.json","/data/local/tmp"]
2017-05-31 09:40:13:062 - info: [debug] [AndroidBootstrap] Watching for bootstrap disconnect
2017-05-31 09:40:13:064 - info: [debug] [ADB] Forwarding system: 4724 to device: 4724
2017-05-31 09:40:13:064 - info: [debug] [ADB] Running 'D:\SoftWare\SDK\platform-tools\adb.exe' with args: ["-P",5037,"-s","85GBBMA2353T","forward","tcp:4724","tcp:4724"]
2017-05-31 09:40:13:073 - info: [debug] [UiAutomator] Starting UiAutomator
2017-05-31 09:40:13:073 - info: [debug] [UiAutomator] Moving to state 'starting'
2017-05-31 09:40:13:073 - info: [debug] [UiAutomator] Parsing uiautomator jar
2017-05-31 09:40:13:074 - info: [debug] [UiAutomator] Found jar name: 'AppiumBootstrap.jar'
2017-05-31 09:40:13:074 - info: [debug] [ADB] Running 'D:\SoftWare\SDK\platform-tools\adb.exe' with args: ["-P",5037,"-s","85GBBMA2353T","push","D:\\MyProgram\\nodejs\\node_modules\\appium\\node_modules\\appium-android-bootstrap\\bootstrap\\bin\\AppiumBootstrap.jar","/data/local/tmp/"]
2017-05-31 09:40:13:116 - info: [debug] [ADB] Attempting to kill all uiautomator processes
2017-05-31 09:40:13:117 - info: [debug] [ADB] Getting all processes with uiautomator
2017-05-31 09:40:13:117 - info: [debug] [ADB] Getting connected devices...
2017-05-31 09:40:13:142 - info: [debug] [ADB] 1 device(s) connected
2017-05-31 09:40:13:143 - info: [debug] [ADB] Running 'D:\SoftWare\SDK\platform-tools\adb.exe' with args: ["-P",5037,"-s","85GBBMA2353T","shell","ps"]
2017-05-31 09:40:13:315 - info: [ADB] No uiautomator process found to kill, continuing...
2017-05-31 09:40:13:316 - info: [debug] [UiAutomator] Starting UIAutomator
2017-05-31 09:40:13:316 - info: [debug] [ADB] Creating ADB subprocess with args: ["-P",5037,"-s","85GBBMA2353T","shell","uiautomator","runtest","AppiumBootstrap.jar","-c","io.appium.android.bootstrap.Bootstrap","-e","pkg","com.play.android","-e","disableAndroidWatchers",false,"-e","acceptSslCerts",false]
2017-05-31 09:40:13:971 - info: [debug] [UiAutomator] Moving to state 'online'
2017-05-31 09:40:13:979 - info: [AndroidBootstrap] [BOOTSTRAP LOG] [debug] json loading complete.
2017-05-31 09:40:13:982 - info: [AndroidBootstrap] Android bootstrap socket is now connected
2017-05-31 09:40:13:985 - info: [debug] [ADB] Getting connected devices...
2017-05-31 09:40:14:003 - info: [AndroidBootstrap] [BOOTSTRAP LOG] [debug] Registered crash watchers.
2017-05-31 09:40:14:004 - info: [AndroidBootstrap] [BOOTSTRAP LOG] [debug] Client connected
2017-05-31 09:40:14:023 - info: [debug] [ADB] 1 device(s) connected
2017-05-31 09:40:14:024 - info: [debug] [ADB] Running 'D:\SoftWare\SDK\platform-tools\adb.exe' with args: ["-P",5037,"-s","85GBBMA2353T","shell","dumpsys","window"]
2017-05-31 09:40:14:104 - info: [AndroidDriver] Screen already unlocked, doing nothing
2017-05-31 09:40:14:108 - info: [debug] [ADB] Device API level: 22
2017-05-31 09:40:14:109 - info: [debug] [ADB] Getting connected devices...
2017-05-31 09:40:14:142 - info: [debug] [ADB] 1 device(s) connected
2017-05-31 09:40:14:142 - info: [debug] [ADB] Running 'D:\SoftWare\SDK\platform-tools\adb.exe' with args: ["-P",5037,"-s","85GBBMA2353T","shell","am","start","-W","-n","com.play.android/com.play.android.activity.SplashActivity","-S","-a","android.intent.action.MAIN","-c","android.intent.category.LAUNCHER","-f","0x10200000"]
2017-05-31 09:40:15:729 - info: [debug] [ADB] Waiting for activity matching pkg: 'com.play.android' and activity: 'com.play.android.activity.SplashActivity' to be focused
2017-05-31 09:40:15:729 - info: [debug] [ADB] Possible activities, to be checked: com.play.android.activity.SplashActivity, com.play.android.com.play.android.activity.SplashActivity
2017-05-31 09:40:15:729 - info: [debug] [ADB] Getting focused package and activity
2017-05-31 09:40:15:729 - info: [debug] [ADB] Getting connected devices...
2017-05-31 09:40:15:761 - info: [debug] [ADB] 1 device(s) connected
2017-05-31 09:40:15:761 - info: [debug] [ADB] Running 'D:\SoftWare\SDK\platform-tools\adb.exe' with args: ["-P",5037,"-s","85GBBMA2353T","shell","dumpsys","window","windows"]
2017-05-31 09:40:15:808 - info: [debug] [ADB] Found package: 'com.play.android' and fully qualified activity name : 'com.play.android.activity.SplashActivity'
2017-05-31 09:40:15:808 - info: [Appium] New AndroidDriver session created successfully, session a44bbc5b-9f69-4a2a-8030-d98d4848617d added to master session list
2017-05-31 09:40:15:808 - info: [debug] [BaseDriver] Event 'newSessionStarted' logged at 1496223615808 (17:40:15 GMT+0800 (中国标准时间))
2017-05-31 09:40:15:808 - info: [debug] [MJSONWP] Responding to client with driver.createSession() result: {"platform":"LINUX","webStorageEnabled":false,"takesScreenshot":true,"javascriptEnabled":true,"databaseEnabled":false,"networkConnectionEnabled":true,"locationContextEnabled":false,"warnings":{},"desired":{"app":"D:\\workSpace\\EclipseProjects\\AppiumForEclipse\\apps\\play.apk","noSign":true,"browserName":"","unicodeKeyboard":true,"platformName":"Android","deviceName":"022TAS7N51009853","resetKeyboard":true},"app":"D:\\workSpace\\EclipseProjects\\AppiumForEclipse\\apps\\play.apk","noSign":true,"browserName":"","unicodeKeyboard":true,"platformName":"Android","deviceName":"85GBBMA2353T","resetKeyboard":true,"deviceUDID":"85GBBMA2353T","platformVersion":"5.1","deviceScreenSize":"1080x1920","deviceModel":"MX5","deviceManufacturer":"Meizu","appPackage":"com.play.android","appWaitPackage":"com.play.android","appActivity":"com.play.android.activity.SplashActivity","appWaitActivity":"com.play.android.activity.SplashActivity"}
2017-05-31 09:40:15:808 - info: [HTTP] <-- POST /wd/hub/session 200 13888 ms - 1003 
2017-05-31 09:40:17:711 - info: [HTTP] --> POST /wd/hub/session/a44bbc5b-9f69-4a2a-8030-d98d4848617d/timeouts {"type":"implicit","ms":20000}
2017-05-31 09:40:17:711 - info: [debug] [MJSONWP] Calling AppiumDriver.timeouts() with args: ["implicit",20000,"a44bbc5b-9f69-4a2a-8030-d98d4848617d"]
2017-05-31 09:40:17:711 - info: [debug] [BaseDriver] Set implicit wait to 20000ms
2017-05-31 09:40:17:711 - info: [debug] [MJSONWP] Responding to client with driver.timeouts() result: null
2017-05-31 09:40:17:711 - info: [HTTP] <-- POST /wd/hub/session/a44bbc5b-9f69-4a2a-8030-d98d4848617d/timeouts 200 7 ms - 76 
2017-05-31 09:40:18:024 - info: [HTTP] --> POST /wd/hub/session/a44bbc5b-9f69-4a2a-8030-d98d4848617d/timeouts {"type":"implicit","ms":20000}
2017-05-31 09:40:18:024 - info: [debug] [MJSONWP] Calling AppiumDriver.timeouts() with args: ["implicit",20000,"a44bbc5b-9f69-4a2a-8030-d98d4848617d"]
2017-05-31 09:40:18:024 - info: [debug] [BaseDriver] Set implicit wait to 20000ms
2017-05-31 09:40:18:024 - info: [debug] [MJSONWP] Responding to client with driver.timeouts() result: null
2017-05-31 09:40:18:024 - info: [HTTP] <-- POST /wd/hub/session/a44bbc5b-9f69-4a2a-8030-d98d4848617d/timeouts 200 4 ms - 76 
2017-05-31 09:40:18:102 - info: [HTTP] --> POST /wd/hub/session/a44bbc5b-9f69-4a2a-8030-d98d4848617d/timeouts {"type":"implicit","ms":0}
2017-05-31 09:40:18:102 - info: [debug] [MJSONWP] Calling AppiumDriver.timeouts() with args: ["implicit",0,"a44bbc5b-9f69-4a2a-8030-d98d4848617d"]
2017-05-31 09:40:18:102 - info: [debug] [BaseDriver] Set implicit wait to 0ms
2017-05-31 09:40:18:102 - info: [debug] [MJSONWP] Responding to client with driver.timeouts() result: null
2017-05-31 09:40:18:102 - info: [HTTP] <-- POST /wd/hub/session/a44bbc5b-9f69-4a2a-8030-d98d4848617d/timeouts 200 2 ms - 76 
2017-05-31 09:40:18:134 - info: [HTTP] --> GET /wd/hub/session/a44bbc5b-9f69-4a2a-8030-d98d4848617d/context {}
2017-05-31 09:40:18:134 - info: [debug] [MJSONWP] Calling AppiumDriver.getCurrentContext() with args: ["a44bbc5b-9f69-4a2a-8030-d98d4848617d"]
2017-05-31 09:40:18:134 - info: [debug] [MJSONWP] Responding to client with driver.getCurrentContext() result: "NATIVE_APP"
2017-05-31 09:40:18:134 - info: [HTTP] <-- GET /wd/hub/session/a44bbc5b-9f69-4a2a-8030-d98d4848617d/context 200 6 ms - 84 
2017-05-31 09:40:18:149 - info: [HTTP] --> POST /wd/hub/session/a44bbc5b-9f69-4a2a-8030-d98d4848617d/elements {"using":"id","value":"com.play.android:id/sdv_image"}
2017-05-31 09:40:18:149 - info: [debug] [MJSONWP] Calling AppiumDriver.findElements() with args: ["id","com.play.android:id/sdv_image","a44bbc5b-9f69-4a2a-8030-d98d4848617d"]
2017-05-31 09:40:18:149 - info: [debug] [BaseDriver] Valid locator strategies for this request: xpath, id, class name, accessibility id, -android uiautomator
2017-05-31 09:40:18:149 - info: [debug] [BaseDriver] Valid locator strategies for this request: xpath, id, class name, accessibility id, -android uiautomator
2017-05-31 09:40:18:149 - info: [debug] [BaseDriver] Waiting up to 0 ms for condition
2017-05-31 09:40:18:149 - info: [debug] [AndroidBootstrap] Sending command to android: {"cmd":"action","action":"find","params":{"strategy":"id","selector":"com.play.android:id/sdv_image","context":"","multiple":true}}
2017-05-31 09:40:18:165 - info: [AndroidBootstrap] [BOOTSTRAP LOG] [debug] Got data from client: {"cmd":"action","action":"find","params":{"strategy":"id","selector":"com.play.android:id/sdv_image","context":"","multiple":true}}
2017-05-31 09:40:18:165 - info: [AndroidBootstrap] [BOOTSTRAP LOG] [debug] Got command of type ACTION
2017-05-31 09:40:18:165 - info: [AndroidBootstrap] [BOOTSTRAP LOG] [debug] Got command action: find
2017-05-31 09:40:18:165 - info: [AndroidBootstrap] [BOOTSTRAP LOG] [debug] Finding 'com.play.android:id/sdv_image' using 'ID' with the contextId: '' multiple: true
2017-05-31 09:40:18:165 - info: [AndroidBootstrap] [BOOTSTRAP LOG] [debug] Using: UiSelector[RESOURCE_ID=com.play.android:id/sdv_image]
2017-05-31 09:40:18:165 - info: [AndroidBootstrap] [BOOTSTRAP LOG] [debug] getElements selector:UiSelector[RESOURCE_ID=com.play.android:id/sdv_image]
2017-05-31 09:40:18:165 - info: [AndroidBootstrap] [BOOTSTRAP LOG] [debug] Element[] is null: (0)
2017-05-31 09:40:18:165 - info: [AndroidBootstrap] [BOOTSTRAP LOG] [debug] getElements tmp selector:UiSelector[INSTANCE=0, RESOURCE_ID=com.play.android:id/sdv_image]
2017-05-31 09:40:18:180 - info: [AndroidBootstrap] [BOOTSTRAP LOG] [debug] Failed to locate element. Clearing Accessibility cache and retrying.
2017-05-31 09:40:18:180 - info: [AndroidBootstrap] [BOOTSTRAP LOG] [debug] Finding 'com.play.android:id/sdv_image' using 'ID' with the contextId: '' multiple: true
2017-05-31 09:40:18:180 - info: [AndroidBootstrap] [BOOTSTRAP LOG] [debug] Using: UiSelector[RESOURCE_ID=com.play.android:id/sdv_image]
2017-05-31 09:40:18:180 - info: [AndroidBootstrap] [BOOTSTRAP LOG] [debug] getElements selector:UiSelector[RESOURCE_ID=com.play.android:id/sdv_image]
2017-05-31 09:40:18:180 - info: [AndroidBootstrap] [BOOTSTRAP LOG] [debug] Element[] is null: (0)
2017-05-31 09:40:18:180 - info: [AndroidBootstrap] [BOOTSTRAP LOG] [debug] getElements tmp selector:UiSelector[INSTANCE=0, RESOURCE_ID=com.play.android:id/sdv_image]
2017-05-31 09:40:18:212 - info: [AndroidBootstrap] [BOOTSTRAP LOG] [debug] Returning result: {"status":0,"value":[]}
2017-05-31 09:40:18:212 - info: [debug] [AndroidBootstrap] Received command result from bootstrap
2017-05-31 09:40:18:212 - info: [debug] [MJSONWP] Responding to client with driver.findElements() result: []
2017-05-31 09:40:18:212 - info: [HTTP] <-- POST /wd/hub/session/a44bbc5b-9f69-4a2a-8030-d98d4848617d/elements 200 69 ms - 74 
2017-05-31 09:40:18:742 - info: [HTTP] --> GET /wd/hub/session/a44bbc5b-9f69-4a2a-8030-d98d4848617d/context {}
2017-05-31 09:40:18:742 - info: [debug] [MJSONWP] Calling AppiumDriver.getCurrentContext() with args: ["a44bbc5b-9f69-4a2a-8030-d98d4848617d"]
2017-05-31 09:40:18:742 - info: [debug] [MJSONWP] Responding to client with driver.getCurrentContext() result: "NATIVE_APP"
2017-05-31 09:40:18:742 - info: [HTTP] <-- GET /wd/hub/session/a44bbc5b-9f69-4a2a-8030-d98d4848617d/context 200 6 ms - 84 
2017-05-31 09:40:18:758 - info: [HTTP] --> POST /wd/hub/session/a44bbc5b-9f69-4a2a-8030-d98d4848617d/elements {"using":"id","value":"com.play.android:id/sdv_image"}
2017-05-31 09:40:18:758 - info: [debug] [MJSONWP] Calling AppiumDriver.findElements() with args: ["id","com.play.android:id/sdv_image","a44bbc5b-9f69-4a2a-8030-d98d4848617d"]
2017-05-31 09:40:18:758 - info: [debug] [BaseDriver] Valid locator strategies for this request: xpath, id, class name, accessibility id, -android uiautomator
2017-05-31 09:40:18:758 - info: [debug] [BaseDriver] Valid locator strategies for this request: xpath, id, class name, accessibility id, -android uiautomator
2017-05-31 09:40:18:758 - info: [debug] [BaseDriver] Waiting up to 0 ms for condition
2017-05-31 09:40:18:758 - info: [debug] [AndroidBootstrap] Sending command to android: {"cmd":"action","action":"find","params":{"strategy":"id","selector":"com.play.android:id/sdv_image","context":"","multiple":true}}
2017-05-31 09:40:18:758 - info: [AndroidBootstrap] [BOOTSTRAP LOG] [debug] Got data from client: {"cmd":"action","action":"find","params":{"strategy":"id","selector":"com.play.android:id/sdv_image","context":"","multiple":true}}
2017-05-31 09:40:18:758 - info: [AndroidBootstrap] [BOOTSTRAP LOG] [debug] Got command of type ACTION
2017-05-31 09:40:18:758 - info: [AndroidBootstrap] [BOOTSTRAP LOG] [debug] Got command action: find
2017-05-31 09:40:18:773 - info: [AndroidBootstrap] [BOOTSTRAP LOG] [debug] Finding 'com.play.android:id/sdv_image' using 'ID' with the contextId: '' multiple: true
2017-05-31 09:40:18:773 - info: [AndroidBootstrap] [BOOTSTRAP LOG] [debug] Using: UiSelector[RESOURCE_ID=com.play.android:id/sdv_image]
2017-05-31 09:40:18:773 - info: [AndroidBootstrap] [BOOTSTRAP LOG] [debug] getElements selector:UiSelector[RESOURCE_ID=com.play.android:id/sdv_image]
2017-05-31 09:40:18:774 - info: [AndroidBootstrap] [BOOTSTRAP LOG] [debug] Element[] is null: (0)
2017-05-31 09:40:18:774 - info: [AndroidBootstrap] [BOOTSTRAP LOG] [debug] getElements tmp selector:UiSelector[INSTANCE=0, RESOURCE_ID=com.play.android:id/sdv_image]
2017-05-31 09:40:19:430 - info: [AndroidBootstrap] [BOOTSTRAP LOG] [debug] Element[] is null: (1)
2017-05-31 09:40:19:430 - info: [AndroidBootstrap] [BOOTSTRAP LOG] [debug] getElements tmp selector:UiSelector[INSTANCE=1, RESOURCE_ID=com.play.android:id/sdv_image]
2017-05-31 09:40:19:477 - info: [AndroidBootstrap] [BOOTSTRAP LOG] [debug] Element[] is null: (2)
2017-05-31 09:40:19:477 - info: [AndroidBootstrap] [BOOTSTRAP LOG] [debug] getElements tmp selector:UiSelector[INSTANCE=2, RESOURCE_ID=com.play.android:id/sdv_image]
2017-05-31 09:40:19:555 - info: [AndroidBootstrap] [BOOTSTRAP LOG] [debug] Returning result: {"status":0,"value":[{"ELEMENT":"1"},{"ELEMENT":"2"}]}
2017-05-31 09:40:19:555 - info: [debug] [AndroidBootstrap] Received command result from bootstrap
2017-05-31 09:40:19:571 - info: [debug] [MJSONWP] Responding to client with driver.findElements() result: [{"ELEMENT":"1"},{"ELEMENT":"2"}]
2017-05-31 09:40:19:571 - info: [HTTP] <-- POST /wd/hub/session/a44bbc5b-9f69-4a2a-8030-d98d4848617d/elements 200 810 ms - 105 
2017-05-31 09:40:19:883 - info: [HTTP] --> POST /wd/hub/session/a44bbc5b-9f69-4a2a-8030-d98d4848617d/timeouts {"type":"implicit","ms":5000}
2017-05-31 09:40:19:883 - info: [debug] [MJSONWP] Calling AppiumDriver.timeouts() with args: ["implicit",5000,"a44bbc5b-9f69-4a2a-8030-d98d4848617d"]
2017-05-31 09:40:19:883 - info: [debug] [BaseDriver] Set implicit wait to 5000ms
2017-05-31 09:40:19:883 - info: [debug] [MJSONWP] Responding to client with driver.timeouts() result: null
2017-05-31 09:40:19:883 - info: [HTTP] <-- POST /wd/hub/session/a44bbc5b-9f69-4a2a-8030-d98d4848617d/timeouts 200 4 ms - 76 
2017-05-31 09:40:19:915 - info: [HTTP] --> POST /wd/hub/session/a44bbc5b-9f69-4a2a-8030-d98d4848617d/element/1/click {"id":"1"}
2017-05-31 09:40:19:915 - info: [debug] [MJSONWP] Calling AppiumDriver.click() with args: ["1","a44bbc5b-9f69-4a2a-8030-d98d4848617d"]
2017-05-31 09:40:19:915 - info: [debug] [AndroidBootstrap] Sending command to android: {"cmd":"action","action":"element:click","params":{"elementId":"1"}}
2017-05-31 09:40:19:915 - info: [AndroidBootstrap] [BOOTSTRAP LOG] [debug] Got data from client: {"cmd":"action","action":"element:click","params":{"elementId":"1"}}
2017-05-31 09:40:19:915 - info: [AndroidBootstrap] [BOOTSTRAP LOG] [debug] Got command of type ACTION
2017-05-31 09:40:19:915 - info: [AndroidBootstrap] [BOOTSTRAP LOG] [debug] Got command action: click
2017-05-31 09:40:20:289 - info: [debug] [AndroidBootstrap] Received command result from bootstrap
2017-05-31 09:40:20:289 - info: [debug] [MJSONWP] Responding to client with driver.click() result: true
2017-05-31 09:40:20:289 - info: [HTTP] <-- POST /wd/hub/session/a44bbc5b-9f69-4a2a-8030-d98d4848617d/element/1/click 200 381 ms - 76 
2017-05-31 09:40:20:289 - info: [AndroidBootstrap] [BOOTSTRAP LOG] [debug] Returning result: {"status":0,"value":true}
2017-05-31 09:40:20:305 - info: [HTTP] --> POST /wd/hub/session/a44bbc5b-9f69-4a2a-8030-d98d4848617d/elements {"using":"id","value":"com.meizu.media.gallery:id/thumbnail_item_content"}
2017-05-31 09:40:20:305 - info: [debug] [MJSONWP] Calling AppiumDriver.findElements() with args: ["id","com.meizu.media.gallery:id/thumbnail_item_content","a44bbc5b-9f69-4a2a-8030-d98d4848617d"]
2017-05-31 09:40:20:305 - info: [debug] [BaseDriver] Valid locator strategies for this request: xpath, id, class name, accessibility id, -android uiautomator
2017-05-31 09:40:20:305 - info: [debug] [BaseDriver] Valid locator strategies for this request: xpath, id, class name, accessibility id, -android uiautomator
2017-05-31 09:40:20:305 - info: [debug] [BaseDriver] Waiting up to 5000 ms for condition
2017-05-31 09:40:20:305 - info: [debug] [AndroidBootstrap] Sending command to android: {"cmd":"action","action":"find","params":{"strategy":"id","selector":"com.meizu.media.gallery:id/thumbnail_item_content","context":"","multiple":true}}
2017-05-31 09:40:20:305 - info: [AndroidBootstrap] [BOOTSTRAP LOG] [debug] Got data from client: {"cmd":"action","action":"find","params":{"strategy":"id","selector":"com.meizu.media.gallery:id/thumbnail_item_content","context":"","multiple":true}}
2017-05-31 09:40:20:305 - info: [AndroidBootstrap] [BOOTSTRAP LOG] [debug] Got command of type ACTION
2017-05-31 09:40:20:305 - info: [AndroidBootstrap] [BOOTSTRAP LOG] [debug] Got command action: find
2017-05-31 09:40:20:305 - info: [AndroidBootstrap] [BOOTSTRAP LOG] [debug] Finding 'com.meizu.media.gallery:id/thumbnail_item_content' using 'ID' with the contextId: '' multiple: true
2017-05-31 09:40:20:305 - info: [AndroidBootstrap] [BOOTSTRAP LOG] [debug] Using: UiSelector[RESOURCE_ID=com.meizu.media.gallery:id/thumbnail_item_content]
2017-05-31 09:40:20:305 - info: [AndroidBootstrap] [BOOTSTRAP LOG] [debug] getElements selector:UiSelector[RESOURCE_ID=com.meizu.media.gallery:id/thumbnail_item_content]
2017-05-31 09:40:20:305 - info: [AndroidBootstrap] [BOOTSTRAP LOG] [debug] Element[] is null: (0)
2017-05-31 09:40:20:305 - info: [AndroidBootstrap] [BOOTSTRAP LOG] [debug] getElements tmp selector:UiSelector[INSTANCE=0, RESOURCE_ID=com.meizu.media.gallery:id/thumbnail_item_content]
2017-05-31 09:40:20:835 - info: [AndroidBootstrap] [BOOTSTRAP LOG] [debug] Failed to locate element. Clearing Accessibility cache and retrying.
2017-05-31 09:40:20:835 - info: [AndroidBootstrap] [BOOTSTRAP LOG] [debug] Finding 'com.meizu.media.gallery:id/thumbnail_item_content' using 'ID' with the contextId: '' multiple: true
2017-05-31 09:40:20:835 - info: [AndroidBootstrap] [BOOTSTRAP LOG] [debug] Using: UiSelector[RESOURCE_ID=com.meizu.media.gallery:id/thumbnail_item_content]
2017-05-31 09:40:20:835 - info: [AndroidBootstrap] [BOOTSTRAP LOG] [debug] getElements selector:UiSelector[RESOURCE_ID=com.meizu.media.gallery:id/thumbnail_item_content]
2017-05-31 09:40:20:835 - info: [AndroidBootstrap] [BOOTSTRAP LOG] [debug] Element[] is null: (0)
2017-05-31 09:40:20:835 - info: [AndroidBootstrap] [BOOTSTRAP LOG] [debug] getElements tmp selector:UiSelector[INSTANCE=0, RESOURCE_ID=com.meizu.media.gallery:id/thumbnail_item_content]
2017-05-31 09:40:20:867 - info: [AndroidBootstrap] [BOOTSTRAP LOG] [debug] Returning result: {"status":0,"value":[]}
2017-05-31 09:40:20:867 - info: [debug] [AndroidBootstrap] Received command result from bootstrap
2017-05-31 09:40:20:867 - info: [debug] [BaseDriver] Waited for 562 ms so far
2017-05-31 09:40:21:366 - info: [debug] [AndroidBootstrap] Sending command to android: {"cmd":"action","action":"find","params":{"strategy":"id","selector":"com.meizu.media.gallery:id/thumbnail_item_content","context":"","multiple":true}}
2017-05-31 09:40:21:366 - info: [AndroidBootstrap] [BOOTSTRAP LOG] [debug] Got data from client: {"cmd":"action","action":"find","params":{"strategy":"id","selector":"com.meizu.media.gallery:id/thumbnail_item_content","context":"","multiple":true}}
2017-05-31 09:40:21:366 - info: [AndroidBootstrap] [BOOTSTRAP LOG] [debug] Got command of type ACTION
2017-05-31 09:40:21:366 - info: [AndroidBootstrap] [BOOTSTRAP LOG] [debug] Got command action: find
2017-05-31 09:40:21:381 - info: [AndroidBootstrap] [BOOTSTRAP LOG] [debug] Finding 'com.meizu.media.gallery:id/thumbnail_item_content' using 'ID' with the contextId: '' multiple: true
2017-05-31 09:40:21:381 - info: [AndroidBootstrap] [BOOTSTRAP LOG] [debug] Using: UiSelector[RESOURCE_ID=com.meizu.media.gallery:id/thumbnail_item_content]
2017-05-31 09:40:21:381 - info: [AndroidBootstrap] [BOOTSTRAP LOG] [debug] getElements selector:UiSelector[RESOURCE_ID=com.meizu.media.gallery:id/thumbnail_item_content]
2017-05-31 09:40:21:381 - info: [AndroidBootstrap] [BOOTSTRAP LOG] [debug] Element[] is null: (0)
2017-05-31 09:40:21:381 - info: [AndroidBootstrap] [BOOTSTRAP LOG] [debug] getElements tmp selector:UiSelector[INSTANCE=0, RESOURCE_ID=com.meizu.media.gallery:id/thumbnail_item_content]
2017-05-31 09:40:21:398 - info: [AndroidBootstrap] [BOOTSTRAP LOG] [debug] Failed to locate element. Clearing Accessibility cache and retrying.
2017-05-31 09:40:21:398 - info: [AndroidBootstrap] [BOOTSTRAP LOG] [debug] Finding 'com.meizu.media.gallery:id/thumbnail_item_content' using 'ID' with the contextId: '' multiple: true
2017-05-31 09:40:21:398 - info: [AndroidBootstrap] [BOOTSTRAP LOG] [debug] Using: UiSelector[RESOURCE_ID=com.meizu.media.gallery:id/thumbnail_item_content]
2017-05-31 09:40:21:398 - info: [AndroidBootstrap] [BOOTSTRAP LOG] [debug] getElements selector:UiSelector[RESOURCE_ID=com.meizu.media.gallery:id/thumbnail_item_content]
2017-05-31 09:40:21:398 - info: [AndroidBootstrap] [BOOTSTRAP LOG] [debug] Element[] is null: (0)
2017-05-31 09:40:21:398 - info: [AndroidBootstrap] [BOOTSTRAP LOG] [debug] getElements tmp selector:UiSelector[INSTANCE=0, RESOURCE_ID=com.meizu.media.gallery:id/thumbnail_item_content]
2017-05-31 09:40:21:523 - info: [AndroidBootstrap] [BOOTSTRAP LOG] [debug] Returning result: {"status":0,"value":[]}
2017-05-31 09:40:21:523 - info: [debug] [AndroidBootstrap] Received command result from bootstrap
2017-05-31 09:40:21:523 - info: [debug] [BaseDriver] Waited for 1218 ms so far
2017-05-31 09:40:22:038 - info: [debug] [AndroidBootstrap] Sending command to android: {"cmd":"action","action":"find","params":{"strategy":"id","selector":"com.meizu.media.gallery:id/thumbnail_item_content","context":"","multiple":true}}
2017-05-31 09:40:22:038 - info: [AndroidBootstrap] [BOOTSTRAP LOG] [debug] Got data from client: {"cmd":"action","action":"find","params":{"strategy":"id","selector":"com.meizu.media.gallery:id/thumbnail_item_content","context":"","multiple":true}}
2017-05-31 09:40:22:038 - info: [AndroidBootstrap] [BOOTSTRAP LOG] [debug] Got command of type ACTION
2017-05-31 09:40:22:038 - info: [AndroidBootstrap] [BOOTSTRAP LOG] [debug] Got command action: find
2017-05-31 09:40:22:038 - info: [AndroidBootstrap] [BOOTSTRAP LOG] [debug] Finding 'com.meizu.media.gallery:id/thumbnail_item_content' using 'ID' with the contextId: '' multiple: true
2017-05-31 09:40:22:038 - info: [AndroidBootstrap] [BOOTSTRAP LOG] [debug] Using: UiSelector[RESOURCE_ID=com.meizu.media.gallery:id/thumbnail_item_content]
2017-05-31 09:40:22:053 - info: [AndroidBootstrap] [BOOTSTRAP LOG] [debug] getElements selector:UiSelector[RESOURCE_ID=com.meizu.media.gallery:id/thumbnail_item_content]
2017-05-31 09:40:22:053 - info: [AndroidBootstrap] [BOOTSTRAP LOG] [debug] Element[] is null: (0)
2017-05-31 09:40:22:053 - info: [AndroidBootstrap] [BOOTSTRAP LOG] [debug] getElements tmp selector:UiSelector[INSTANCE=0, RESOURCE_ID=com.meizu.media.gallery:id/thumbnail_item_content]
2017-05-31 09:40:22:053 - info: [AndroidBootstrap] [BOOTSTRAP LOG] [debug] Failed to locate element. Clearing Accessibility cache and retrying.
2017-05-31 09:40:22:053 - info: [AndroidBootstrap] [BOOTSTRAP LOG] [debug] Finding 'com.meizu.media.gallery:id/thumbnail_item_content' using 'ID' with the contextId: '' multiple: true
2017-05-31 09:40:22:053 - info: [AndroidBootstrap] [BOOTSTRAP LOG] [debug] Using: UiSelector[RESOURCE_ID=com.meizu.media.gallery:id/thumbnail_item_content]
2017-05-31 09:40:22:053 - info: [AndroidBootstrap] [BOOTSTRAP LOG] [debug] getElements selector:UiSelector[RESOURCE_ID=com.meizu.media.gallery:id/thumbnail_item_content]
2017-05-31 09:40:22:053 - info: [AndroidBootstrap] [BOOTSTRAP LOG] [debug] Element[] is null: (0)
2017-05-31 09:40:22:053 - info: [AndroidBootstrap] [BOOTSTRAP LOG] [debug] getElements tmp selector:UiSelector[INSTANCE=0, RESOURCE_ID=com.meizu.media.gallery:id/thumbnail_item_content]
2017-05-31 09:40:22:069 - info: [AndroidBootstrap] [BOOTSTRAP LOG] [debug] Returning result: {"status":0,"value":[]}
2017-05-31 09:40:22:069 - info: [debug] [AndroidBootstrap] Received command result from bootstrap
2017-05-31 09:40:22:069 - info: [debug] [BaseDriver] Waited for 1764 ms so far
2017-05-31 09:40:22:585 - info: [debug] [AndroidBootstrap] Sending command to android: {"cmd":"action","action":"find","params":{"strategy":"id","selector":"com.meizu.media.gallery:id/thumbnail_item_content","context":"","multiple":true}}
2017-05-31 09:40:22:585 - info: [AndroidBootstrap] [BOOTSTRAP LOG] [debug] Got data from client: {"cmd":"action","action":"find","params":{"strategy":"id","selector":"com.meizu.media.gallery:id/thumbnail_item_content","context":"","multiple":true}}
2017-05-31 09:40:22:585 - info: [AndroidBootstrap] [BOOTSTRAP LOG] [debug] Got command of type ACTION
2017-05-31 09:40:22:585 - info: [AndroidBootstrap] [BOOTSTRAP LOG] [debug] Got command action: find
2017-05-31 09:40:22:585 - info: [AndroidBootstrap] [BOOTSTRAP LOG] [debug] Finding 'com.meizu.media.gallery:id/thumbnail_item_content' using 'ID' with the contextId: '' multiple: true
2017-05-31 09:40:22:585 - info: [AndroidBootstrap] [BOOTSTRAP LOG] [debug] Using: UiSelector[RESOURCE_ID=com.meizu.media.gallery:id/thumbnail_item_content]
2017-05-31 09:40:22:585 - info: [AndroidBootstrap] [BOOTSTRAP LOG] [debug] getElements selector:UiSelector[RESOURCE_ID=com.meizu.media.gallery:id/thumbnail_item_content]
2017-05-31 09:40:22:585 - info: [AndroidBootstrap] [BOOTSTRAP LOG] [debug] Element[] is null: (0)
2017-05-31 09:40:22:585 - info: [AndroidBootstrap] [BOOTSTRAP LOG] [debug] getElements tmp selector:UiSelector[INSTANCE=0, RESOURCE_ID=com.meizu.media.gallery:id/thumbnail_item_content]
2017-05-31 09:40:22:600 - info: [AndroidBootstrap] [BOOTSTRAP LOG] [debug] Failed to locate element. Clearing Accessibility cache and retrying.
2017-05-31 09:40:22:616 - info: [AndroidBootstrap] [BOOTSTRAP LOG] [debug] Finding 'com.meizu.media.gallery:id/thumbnail_item_content' using 'ID' with the contextId: '' multiple: true
2017-05-31 09:40:22:617 - info: [AndroidBootstrap] [BOOTSTRAP LOG] [debug] Using: UiSelector[RESOURCE_ID=com.meizu.media.gallery:id/thumbnail_item_content]
2017-05-31 09:40:22:617 - info: [AndroidBootstrap] [BOOTSTRAP LOG] [debug] getElements selector:UiSelector[RESOURCE_ID=com.meizu.media.gallery:id/thumbnail_item_content]
2017-05-31 09:40:22:617 - info: [AndroidBootstrap] [BOOTSTRAP LOG] [debug] Element[] is null: (0)
2017-05-31 09:40:22:617 - info: [AndroidBootstrap] [BOOTSTRAP LOG] [debug] getElements tmp selector:UiSelector[INSTANCE=0, RESOURCE_ID=com.meizu.media.gallery:id/thumbnail_item_content]
2017-05-31 09:40:22:632 - info: [AndroidBootstrap] [BOOTSTRAP LOG] [debug] Returning result: {"status":0,"value":[]}
2017-05-31 09:40:22:632 - info: [debug] [AndroidBootstrap] Received command result from bootstrap
2017-05-31 09:40:22:632 - info: [debug] [BaseDriver] Waited for 2327 ms so far
2017-05-31 09:40:23:132 - info: [debug] [AndroidBootstrap] Sending command to android: {"cmd":"action","action":"find","params":{"strategy":"id","selector":"com.meizu.media.gallery:id/thumbnail_item_content","context":"","multiple":true}}
2017-05-31 09:40:23:132 - info: [AndroidBootstrap] [BOOTSTRAP LOG] [debug] Got data from client: {"cmd":"action","action":"find","params":{"strategy":"id","selector":"com.meizu.media.gallery:id/thumbnail_item_content","context":"","multiple":true}}
2017-05-31 09:40:23:132 - info: [AndroidBootstrap] [BOOTSTRAP LOG] [debug] Got command of type ACTION
2017-05-31 09:40:23:132 - info: [AndroidBootstrap] [BOOTSTRAP LOG] [debug] Got command action: find
2017-05-31 09:40:23:132 - info: [AndroidBootstrap] [BOOTSTRAP LOG] [debug] Finding 'com.meizu.media.gallery:id/thumbnail_item_content' using 'ID' with the contextId: '' multiple: true
2017-05-31 09:40:23:132 - info: [AndroidBootstrap] [BOOTSTRAP LOG] [debug] Using: UiSelector[RESOURCE_ID=com.meizu.media.gallery:id/thumbnail_item_content]
2017-05-31 09:40:23:132 - info: [AndroidBootstrap] [BOOTSTRAP LOG] [debug] getElements selector:UiSelector[RESOURCE_ID=com.meizu.media.gallery:id/thumbnail_item_content]
2017-05-31 09:40:23:132 - info: [AndroidBootstrap] [BOOTSTRAP LOG] [debug] Element[] is null: (0)
2017-05-31 09:40:23:132 - info: [AndroidBootstrap] [BOOTSTRAP LOG] [debug] getElements tmp selector:UiSelector[INSTANCE=0, RESOURCE_ID=com.meizu.media.gallery:id/thumbnail_item_content]
2017-05-31 09:40:23:225 - info: [AndroidBootstrap] [BOOTSTRAP LOG] [debug] Failed to locate element. Clearing Accessibility cache and retrying.
2017-05-31 09:40:23:241 - info: [AndroidBootstrap] [BOOTSTRAP LOG] [debug] Finding 'com.meizu.media.gallery:id/thumbnail_item_content' using 'ID' with the contextId: '' multiple: true
2017-05-31 09:40:23:241 - info: [AndroidBootstrap] [BOOTSTRAP LOG] [debug] Using: UiSelector[RESOURCE_ID=com.meizu.media.gallery:id/thumbnail_item_content]
2017-05-31 09:40:23:241 - info: [AndroidBootstrap] [BOOTSTRAP LOG] [debug] getElements selector:UiSelector[RESOURCE_ID=com.meizu.media.gallery:id/thumbnail_item_content]
2017-05-31 09:40:23:241 - info: [AndroidBootstrap] [BOOTSTRAP LOG] [debug] Element[] is null: (0)
2017-05-31 09:40:23:241 - info: [AndroidBootstrap] [BOOTSTRAP LOG] [debug] getElements tmp selector:UiSelector[INSTANCE=0, RESOURCE_ID=com.meizu.media.gallery:id/thumbnail_item_content]
2017-05-31 09:40:23:256 - info: [AndroidBootstrap] [BOOTSTRAP LOG] [debug] Returning result: {"status":0,"value":[]}
2017-05-31 09:40:23:256 - info: [debug] [AndroidBootstrap] Received command result from bootstrap
2017-05-31 09:40:23:256 - info: [debug] [BaseDriver] Waited for 2951 ms so far
2017-05-31 09:40:23:756 - info: [debug] [AndroidBootstrap] Sending command to android: {"cmd":"action","action":"find","params":{"strategy":"id","selector":"com.meizu.media.gallery:id/thumbnail_item_content","context":"","multiple":true}}
2017-05-31 09:40:23:756 - info: [AndroidBootstrap] [BOOTSTRAP LOG] [debug] Got data from client: {"cmd":"action","action":"find","params":{"strategy":"id","selector":"com.meizu.media.gallery:id/thumbnail_item_content","context":"","multiple":true}}
2017-05-31 09:40:23:756 - info: [AndroidBootstrap] [BOOTSTRAP LOG] [debug] Got command of type ACTION
2017-05-31 09:40:23:771 - info: [AndroidBootstrap] [BOOTSTRAP LOG] [debug] Got command action: find
2017-05-31 09:40:23:771 - info: [AndroidBootstrap] [BOOTSTRAP LOG] [debug] Finding 'com.meizu.media.gallery:id/thumbnail_item_content' using 'ID' with the contextId: '' multiple: true
2017-05-31 09:40:23:771 - info: [AndroidBootstrap] [BOOTSTRAP LOG] [debug] Using: UiSelector[RESOURCE_ID=com.meizu.media.gallery:id/thumbnail_item_content]
2017-05-31 09:40:23:771 - info: [AndroidBootstrap] [BOOTSTRAP LOG] [debug] getElements selector:UiSelector[RESOURCE_ID=com.meizu.media.gallery:id/thumbnail_item_content]
2017-05-31 09:40:23:771 - info: [AndroidBootstrap] [BOOTSTRAP LOG] [debug] Element[] is null: (0)
2017-05-31 09:40:23:771 - info: [AndroidBootstrap] [BOOTSTRAP LOG] [debug] getElements tmp selector:UiSelector[INSTANCE=0, RESOURCE_ID=com.meizu.media.gallery:id/thumbnail_item_content]
2017-05-31 09:40:23:788 - info: [AndroidBootstrap] [BOOTSTRAP LOG] [debug] Failed to locate element. Clearing Accessibility cache and retrying.
2017-05-31 09:40:23:788 - info: [AndroidBootstrap] [BOOTSTRAP LOG] [debug] Finding 'com.meizu.media.gallery:id/thumbnail_item_content' using 'ID' with the contextId: '' multiple: true
2017-05-31 09:40:23:788 - info: [AndroidBootstrap] [BOOTSTRAP LOG] [debug] Using: UiSelector[RESOURCE_ID=com.meizu.media.gallery:id/thumbnail_item_content]
2017-05-31 09:40:23:788 - info: [AndroidBootstrap] [BOOTSTRAP LOG] [debug] getElements selector:UiSelector[RESOURCE_ID=com.meizu.media.gallery:id/thumbnail_item_content]
2017-05-31 09:40:23:788 - info: [AndroidBootstrap] [BOOTSTRAP LOG] [debug] Element[] is null: (0)
2017-05-31 09:40:23:788 - info: [AndroidBootstrap] [BOOTSTRAP LOG] [debug] getElements tmp selector:UiSelector[INSTANCE=0, RESOURCE_ID=com.meizu.media.gallery:id/thumbnail_item_content]
2017-05-31 09:40:23:803 - info: [AndroidBootstrap] [BOOTSTRAP LOG] [debug] Returning result: {"status":0,"value":[]}
2017-05-31 09:40:23:803 - info: [debug] [AndroidBootstrap] Received command result from bootstrap
2017-05-31 09:40:23:803 - info: [debug] [BaseDriver] Waited for 3498 ms so far
2017-05-31 09:40:24:303 - info: [debug] [AndroidBootstrap] Sending command to android: {"cmd":"action","action":"find","params":{"strategy":"id","selector":"com.meizu.media.gallery:id/thumbnail_item_content","context":"","multiple":true}}
2017-05-31 09:40:24:318 - info: [AndroidBootstrap] [BOOTSTRAP LOG] [debug] Got data from client: {"cmd":"action","action":"find","params":{"strategy":"id","selector":"com.meizu.media.gallery:id/thumbnail_item_content","context":"","multiple":true}}
2017-05-31 09:40:24:318 - info: [AndroidBootstrap] [BOOTSTRAP LOG] [debug] Got command of type ACTION
2017-05-31 09:40:24:318 - info: [AndroidBootstrap] [BOOTSTRAP LOG] [debug] Got command action: find
2017-05-31 09:40:24:318 - info: [AndroidBootstrap] [BOOTSTRAP LOG] [debug] Finding 'com.meizu.media.gallery:id/thumbnail_item_content' using 'ID' with the contextId: '' multiple: true
2017-05-31 09:40:24:318 - info: [AndroidBootstrap] [BOOTSTRAP LOG] [debug] Using: UiSelector[RESOURCE_ID=com.meizu.media.gallery:id/thumbnail_item_content]
2017-05-31 09:40:24:318 - info: [AndroidBootstrap] [BOOTSTRAP LOG] [debug] getElements selector:UiSelector[RESOURCE_ID=com.meizu.media.gallery:id/thumbnail_item_content]
2017-05-31 09:40:24:318 - info: [AndroidBootstrap] [BOOTSTRAP LOG] [debug] Element[] is null: (0)
2017-05-31 09:40:24:318 - info: [AndroidBootstrap] [BOOTSTRAP LOG] [debug] getElements tmp selector:UiSelector[INSTANCE=0, RESOURCE_ID=com.meizu.media.gallery:id/thumbnail_item_content]
2017-05-31 09:40:24:443 - info: [AndroidBootstrap] [BOOTSTRAP LOG] [debug] Failed to locate element. Clearing Accessibility cache and retrying.
2017-05-31 09:40:24:443 - info: [AndroidBootstrap] [BOOTSTRAP LOG] [debug] Finding 'com.meizu.media.gallery:id/thumbnail_item_content' using 'ID' with the contextId: '' multiple: true
2017-05-31 09:40:24:443 - info: [AndroidBootstrap] [BOOTSTRAP LOG] [debug] Using: UiSelector[RESOURCE_ID=com.meizu.media.gallery:id/thumbnail_item_content]
2017-05-31 09:40:24:443 - info: [AndroidBootstrap] [BOOTSTRAP LOG] [debug] getElements selector:UiSelector[RESOURCE_ID=com.meizu.media.gallery:id/thumbnail_item_content]
2017-05-31 09:40:24:443 - info: [AndroidBootstrap] [BOOTSTRAP LOG] [debug] Element[] is null: (0)
2017-05-31 09:40:24:443 - info: [AndroidBootstrap] [BOOTSTRAP LOG] [debug] getElements tmp selector:UiSelector[INSTANCE=0, RESOURCE_ID=com.meizu.media.gallery:id/thumbnail_item_content]
2017-05-31 09:40:24:474 - info: [AndroidBootstrap] [BOOTSTRAP LOG] [debug] Returning result: {"status":0,"value":[]}
2017-05-31 09:40:24:474 - info: [debug] [AndroidBootstrap] Received command result from bootstrap
2017-05-31 09:40:24:474 - info: [debug] [BaseDriver] Waited for 4169 ms so far
2017-05-31 09:40:24:973 - info: [debug] [AndroidBootstrap] Sending command to android: {"cmd":"action","action":"find","params":{"strategy":"id","selector":"com.meizu.media.gallery:id/thumbnail_item_content","context":"","multiple":true}}
2017-05-31 09:40:24:973 - info: [AndroidBootstrap] [BOOTSTRAP LOG] [debug] Got data from client: {"cmd":"action","action":"find","params":{"strategy":"id","selector":"com.meizu.media.gallery:id/thumbnail_item_content","context":"","multiple":true}}
2017-05-31 09:40:24:973 - info: [AndroidBootstrap] [BOOTSTRAP LOG] [debug] Got command of type ACTION
2017-05-31 09:40:24:973 - info: [AndroidBootstrap] [BOOTSTRAP LOG] [debug] Got command action: find
2017-05-31 09:40:24:973 - info: [AndroidBootstrap] [BOOTSTRAP LOG] [debug] Finding 'com.meizu.media.gallery:id/thumbnail_item_content' using 'ID' with the contextId: '' multiple: true
2017-05-31 09:40:24:973 - info: [AndroidBootstrap] [BOOTSTRAP LOG] [debug] Using: UiSelector[RESOURCE_ID=com.meizu.media.gallery:id/thumbnail_item_content]
2017-05-31 09:40:24:989 - info: [AndroidBootstrap] [BOOTSTRAP LOG] [debug] getElements selector:UiSelector[RESOURCE_ID=com.meizu.media.gallery:id/thumbnail_item_content]
2017-05-31 09:40:24:989 - info: [AndroidBootstrap] [BOOTSTRAP LOG] [debug] Element[] is null: (0)
2017-05-31 09:40:24:989 - info: [AndroidBootstrap] [BOOTSTRAP LOG] [debug] getElements tmp selector:UiSelector[INSTANCE=0, RESOURCE_ID=com.meizu.media.gallery:id/thumbnail_item_content]
2017-05-31 09:40:24:989 - info: [AndroidBootstrap] [BOOTSTRAP LOG] [debug] Failed to locate element. Clearing Accessibility cache and retrying.
2017-05-31 09:40:24:989 - info: [AndroidBootstrap] [BOOTSTRAP LOG] [debug] Finding 'com.meizu.media.gallery:id/thumbnail_item_content' using 'ID' with the contextId: '' multiple: true
2017-05-31 09:40:24:989 - info: [AndroidBootstrap] [BOOTSTRAP LOG] [debug] Using: UiSelector[RESOURCE_ID=com.meizu.media.gallery:id/thumbnail_item_content]
2017-05-31 09:40:24:989 - info: [AndroidBootstrap] [BOOTSTRAP LOG] [debug] getElements selector:UiSelector[RESOURCE_ID=com.meizu.media.gallery:id/thumbnail_item_content]
2017-05-31 09:40:25:005 - info: [AndroidBootstrap] [BOOTSTRAP LOG] [debug] Element[] is null: (0)
2017-05-31 09:40:25:005 - info: [AndroidBootstrap] [BOOTSTRAP LOG] [debug] getElements tmp selector:UiSelector[INSTANCE=0, RESOURCE_ID=com.meizu.media.gallery:id/thumbnail_item_content]
2017-05-31 09:40:25:106 - info: [AndroidBootstrap] [BOOTSTRAP LOG] [debug] Returning result: {"status":0,"value":[]}
2017-05-31 09:40:25:122 - info: [debug] [AndroidBootstrap] Received command result from bootstrap
2017-05-31 09:40:25:122 - info: [debug] [BaseDriver] Waited for 4817 ms so far
2017-05-31 09:40:25:621 - info: [debug] [AndroidBootstrap] Sending command to android: {"cmd":"action","action":"find","params":{"strategy":"id","selector":"com.meizu.media.gallery:id/thumbnail_item_content","context":"","multiple":true}}
2017-05-31 09:40:25:637 - info: [AndroidBootstrap] [BOOTSTRAP LOG] [debug] Got data from client: {"cmd":"action","action":"find","params":{"strategy":"id","selector":"com.meizu.media.gallery:id/thumbnail_item_content","context":"","multiple":true}}
2017-05-31 09:40:25:637 - info: [AndroidBootstrap] [BOOTSTRAP LOG] [debug] Got command of type ACTION
2017-05-31 09:40:25:637 - info: [AndroidBootstrap] [BOOTSTRAP LOG] [debug] Got command action: find
2017-05-31 09:40:25:637 - info: [AndroidBootstrap] [BOOTSTRAP LOG] [debug] Finding 'com.meizu.media.gallery:id/thumbnail_item_content' using 'ID' with the contextId: '' multiple: true
2017-05-31 09:40:25:637 - info: [AndroidBootstrap] [BOOTSTRAP LOG] [debug] Using: UiSelector[RESOURCE_ID=com.meizu.media.gallery:id/thumbnail_item_content]
2017-05-31 09:40:25:637 - info: [AndroidBootstrap] [BOOTSTRAP LOG] [debug] getElements selector:UiSelector[RESOURCE_ID=com.meizu.media.gallery:id/thumbnail_item_content]
2017-05-31 09:40:25:637 - info: [AndroidBootstrap] [BOOTSTRAP LOG] [debug] Element[] is null: (0)
2017-05-31 09:40:25:637 - info: [AndroidBootstrap] [BOOTSTRAP LOG] [debug] getElements tmp selector:UiSelector[INSTANCE=0, RESOURCE_ID=com.meizu.media.gallery:id/thumbnail_item_content]
2017-05-31 09:40:25:652 - info: [AndroidBootstrap] [BOOTSTRAP LOG] [debug] Failed to locate element. Clearing Accessibility cache and retrying.
2017-05-31 09:40:25:652 - info: [AndroidBootstrap] [BOOTSTRAP LOG] [debug] Finding 'com.meizu.media.gallery:id/thumbnail_item_content' using 'ID' with the contextId: '' multiple: true
2017-05-31 09:40:25:652 - info: [AndroidBootstrap] [BOOTSTRAP LOG] [debug] Using: UiSelector[RESOURCE_ID=com.meizu.media.gallery:id/thumbnail_item_content]
2017-05-31 09:40:25:652 - info: [AndroidBootstrap] [BOOTSTRAP LOG] [debug] getElements selector:UiSelector[RESOURCE_ID=com.meizu.media.gallery:id/thumbnail_item_content]
2017-05-31 09:40:25:652 - info: [AndroidBootstrap] [BOOTSTRAP LOG] [debug] Element[] is null: (0)
2017-05-31 09:40:25:652 - info: [AndroidBootstrap] [BOOTSTRAP LOG] [debug] getElements tmp selector:UiSelector[INSTANCE=0, RESOURCE_ID=com.meizu.media.gallery:id/thumbnail_item_content]
2017-05-31 09:40:25:761 - info: [AndroidBootstrap] [BOOTSTRAP LOG] [debug] Returning result: {"status":0,"value":[]}
2017-05-31 09:40:25:777 - info: [debug] [AndroidBootstrap] Received command result from bootstrap
2017-05-31 09:40:25:777 - info: [debug] [MJSONWP] Responding to client with driver.findElements() result: []
2017-05-31 09:40:25:777 - info: [HTTP] <-- POST /wd/hub/session/a44bbc5b-9f69-4a2a-8030-d98d4848617d/elements 200 5475 ms - 74 
2017-05-31 09:40:25:808 - info: [HTTP] --> POST /wd/hub/session/a44bbc5b-9f69-4a2a-8030-d98d4848617d/appium/app/close {}
2017-05-31 09:40:25:808 - info: [debug] [MJSONWP] Calling AppiumDriver.closeApp() with args: ["a44bbc5b-9f69-4a2a-8030-d98d4848617d"]
2017-05-31 09:40:25:808 - info: [debug] [ADB] Getting connected devices...
2017-05-31 09:40:25:840 - info: [debug] [ADB] 1 device(s) connected
2017-05-31 09:40:25:840 - info: [debug] [ADB] Running 'D:\SoftWare\SDK\platform-tools\adb.exe' with args: ["-P",5037,"-s","85GBBMA2353T","shell","am","force-stop","com.play.android"]
2017-05-31 09:40:26:620 - info: [debug] [MJSONWP] Responding to client with driver.closeApp() result: null
2017-05-31 09:40:26:636 - info: [HTTP] <-- POST /wd/hub/session/a44bbc5b-9f69-4a2a-8030-d98d4848617d/appium/app/close 200 822 ms - 76 
