2017-05-31 09:00:51:526 - info: [Appium] Welcome to Appium v1.6.5
2017-05-31 09:00:51:526 - info: [Appium] Non-default server args:
2017-05-31 09:00:51:526 - info: [Appium]   address: 127.0.0.1
2017-05-31 09:00:51:526 - info: [Appium]   log: D:\workSpace\EclipseProjects\AppiumForEclipse\log\1496221245229.log
2017-05-31 09:00:51:605 - info: [Appium] Appium REST http interface listener started on 127.0.0.1:4723
2017-05-31 09:00:52:431 - info: [HTTP] --> GET /wd/hub/status {}
2017-05-31 09:00:52:431 - info: [debug] [MJSONWP] Calling AppiumDriver.getStatus() with args: []
2017-05-31 09:00:52:478 - info: [debug] [MJSONWP] Responding to client with driver.getStatus() result: {"build":{"version":"1.6.5","revision":null}}
2017-05-31 09:00:52:478 - info: [HTTP] <-- GET /wd/hub/status 200 50 ms - 83 
2017-05-31 09:00:52:478 - info: [HTTP] --> GET /wd/hub/status {}
2017-05-31 09:00:52:478 - info: [debug] [MJSONWP] Calling AppiumDriver.getStatus() with args: []
2017-05-31 09:00:52:525 - info: [debug] [MJSONWP] Responding to client with driver.getStatus() result: {"build":{"version":"1.6.5","revision":null}}
2017-05-31 09:00:52:525 - info: [HTTP] <-- GET /wd/hub/status 200 45 ms - 83 
2017-05-31 09:00:53:149 - info: [HTTP] --> POST /wd/hub/session {"desiredCapabilities":{"appPackage":"com.play.android","appActivity":"com.play.android.activity.SplashActivity","app":"D:\\workSpace\\EclipseProjects\\AppiumForEclipse\\apps\\play.apk","noSign":"True","browserName":"","unicodeKeyboard":"True","platformName":"Android","deviceName":"022TAS7N51009853","resetKeyboard":"True"}}
2017-05-31 09:00:53:149 - info: [debug] [MJSONWP] Calling AppiumDriver.createSession() with args: [{"appPackage":"com.play.android","appActivity":"com.play.android.activity.SplashActivity","app":"D:\\workSpace\\EclipseProjects\\AppiumForEclipse\\apps\\play.apk","noSign":"True","browserName":"","unicodeKeyboard":"True","platformName":"Android","deviceName":"022TAS7N51009853","resetKeyboard":"True"},null,null]
2017-05-31 09:00:53:149 - info: [debug] [BaseDriver] Event 'newSessionRequested' logged at 1496221253149 (17:00:53 GMT+0800 (中国标准时间))
2017-05-31 09:00:53:165 - info: [Appium] Creating new AndroidDriver (v1.20.0) session
2017-05-31 09:00:53:165 - info: [Appium] Capabilities:
2017-05-31 09:00:53:165 - info: [Appium]   appPackage: 'com.play.android'
2017-05-31 09:00:53:165 - info: [Appium]   appActivity: 'com.play.android.activity.SplashActivity'
2017-05-31 09:00:53:165 - info: [Appium]   app: 'D:\\workSpace\\EclipseProjects\\AppiumForEclipse\\apps\\play.apk'
2017-05-31 09:00:53:165 - info: [Appium]   noSign: 'True'
2017-05-31 09:00:53:165 - info: [Appium]   browserName: ''
2017-05-31 09:00:53:165 - info: [Appium]   unicodeKeyboard: 'True'
2017-05-31 09:00:53:165 - info: [Appium]   platformName: 'Android'
2017-05-31 09:00:53:165 - info: [Appium]   deviceName: '022TAS7N51009853'
2017-05-31 09:00:53:165 - info: [Appium]   resetKeyboard: 'True'
2017-05-31 09:00:53:165 - info: [debug] [AndroidDriver] AndroidDriver version: 1.20.0
2017-05-31 09:00:53:165 - warn: [BaseDriver] Capability 'unicodeKeyboard' changed from string to boolean. This may cause unexpected behavior
2017-05-31 09:00:53:165 - warn: [BaseDriver] Capability 'resetKeyboard' changed from string to boolean. This may cause unexpected behavior
2017-05-31 09:00:53:165 - warn: [BaseDriver] Capability 'noSign' changed from string to boolean. This may cause unexpected behavior
2017-05-31 09:00:53:181 - info: [BaseDriver] Session created with session id: 41c17f94-fa21-4c34-91ff-fb09099b9bcd
2017-05-31 09:00:53:181 - info: [debug] [AndroidDriver] Getting Java version
2017-05-31 09:00:53:293 - info: [AndroidDriver] Java version is: 1.8.0_121
2017-05-31 09:00:53:309 - info: [ADB] Checking whether adb is present
2017-05-31 09:00:53:309 - info: [ADB] Using adb.exe from D:\SoftWare\SDK\platform-tools\adb.exe
2017-05-31 09:00:53:309 - info: [AndroidDriver] Retrieving device list
2017-05-31 09:00:53:309 - info: [debug] [ADB] Trying to find a connected android device
2017-05-31 09:00:53:309 - info: [debug] [ADB] Getting connected devices...
2017-05-31 09:00:53:340 - info: [debug] [ADB] 1 device(s) connected
2017-05-31 09:00:53:340 - info: [AndroidDriver] Using device: 85GBBMA2353T
2017-05-31 09:00:53:340 - info: [ADB] Checking whether adb is present
2017-05-31 09:00:53:340 - info: [ADB] Using adb.exe from D:\SoftWare\SDK\platform-tools\adb.exe
2017-05-31 09:00:53:340 - info: [debug] [ADB] Setting device id to 85GBBMA2353T
2017-05-31 09:00:53:340 - info: [BaseDriver] Using local app 'D:\workSpace\EclipseProjects\AppiumForEclipse\apps\play.apk'
2017-05-31 09:00:53:340 - info: [debug] [AndroidDriver] Checking whether app is actually present
2017-05-31 09:00:53:340 - info: [AndroidDriver] Starting Android session
2017-05-31 09:00:53:340 - info: [debug] [ADB] Running 'D:\SoftWare\SDK\platform-tools\adb.exe' with args: ["-P",5037,"-s","85GBBMA2353T","wait-for-device"]
2017-05-31 09:00:53:371 - info: [debug] [ADB] Getting connected devices...
2017-05-31 09:00:53:403 - info: [debug] [ADB] 1 device(s) connected
2017-05-31 09:00:53:403 - info: [debug] [ADB] Running 'D:\SoftWare\SDK\platform-tools\adb.exe' with args: ["-P",5037,"-s","85GBBMA2353T","shell","echo","ping"]
2017-05-31 09:00:53:434 - info: [debug] [Logcat] Starting logcat capture
2017-05-31 09:00:53:481 - info: [debug] [AndroidDriver] Enabling Unicode keyboard support
2017-05-31 09:00:53:481 - info: [debug] [AndroidDriver] Pushing unicode ime to device...
2017-05-31 09:00:53:481 - info: [debug] [ADB] Running 'D:\SoftWare\SDK\platform-tools\adb.exe' with args: ["-P",5037,"-s","85GBBMA2353T","install","D:\\MyProgram\\nodejs\\node_modules\\appium\\node_modules\\appium-android-ime\\bin\\UnicodeIME-debug.apk"]
2017-05-31 09:00:54:401 - info: [debug] [ADB] Getting connected devices...
2017-05-31 09:00:54:433 - info: [debug] [ADB] 1 device(s) connected
2017-05-31 09:00:54:433 - info: [debug] [ADB] Running 'D:\SoftWare\SDK\platform-tools\adb.exe' with args: ["-P",5037,"-s","85GBBMA2353T","shell","settings","get","secure","default_input_method"]
2017-05-31 09:00:55:135 - info: [debug] [AndroidDriver] Unsetting previous IME com.iflytek.inputmethod/.FlyIME
2017-05-31 09:00:55:135 - info: [debug] [AndroidDriver] Setting IME to 'io.appium.android.ime/.UnicodeIME'
2017-05-31 09:00:55:151 - info: [debug] [ADB] Getting connected devices...
2017-05-31 09:00:55:182 - info: [debug] [ADB] 1 device(s) connected
2017-05-31 09:00:55:182 - info: [debug] [ADB] Running 'D:\SoftWare\SDK\platform-tools\adb.exe' with args: ["-P",5037,"-s","85GBBMA2353T","shell","ime","enable","io.appium.android.ime/.UnicodeIME"]
2017-05-31 09:00:55:853 - info: [debug] [ADB] Getting connected devices...
2017-05-31 09:00:55:901 - info: [debug] [ADB] 1 device(s) connected
2017-05-31 09:00:55:901 - info: [debug] [ADB] Running 'D:\SoftWare\SDK\platform-tools\adb.exe' with args: ["-P",5037,"-s","85GBBMA2353T","shell","ime","set","io.appium.android.ime/.UnicodeIME"]
2017-05-31 09:00:56:631 - info: [debug] [AndroidDriver] Pushing settings apk to device...
2017-05-31 09:00:56:634 - info: [debug] [ADB] Getting install status for io.appium.settings
2017-05-31 09:00:56:634 - info: [debug] [ADB] Getting connected devices...
2017-05-31 09:00:56:676 - info: [debug] [ADB] 1 device(s) connected
2017-05-31 09:00:56:677 - info: [debug] [ADB] Running 'D:\SoftWare\SDK\platform-tools\adb.exe' with args: ["-P",5037,"-s","85GBBMA2353T","shell","pm","list","packages","io.appium.settings"]
2017-05-31 09:00:57:190 - info: [debug] [ADB] App is not installed
2017-05-31 09:00:57:191 - info: [debug] [ADB] Running 'D:\SoftWare\SDK\platform-tools\adb.exe' with args: ["-P",5037,"-s","85GBBMA2353T","install","D:\\MyProgram\\nodejs\\node_modules\\appium\\node_modules\\io.appium.settings\\app\\build\\outputs\\apk\\settings_apk-debug.apk"]
2017-05-31 09:00:58:052 - info: [debug] [ADB] Getting connected devices...
2017-05-31 09:00:58:087 - info: [debug] [ADB] 1 device(s) connected
2017-05-31 09:00:58:087 - info: [debug] [ADB] Running 'D:\SoftWare\SDK\platform-tools\adb.exe' with args: ["-P",5037,"-s","85GBBMA2353T","shell","getprop","ro.build.version.sdk"]
2017-05-31 09:00:58:143 - info: [debug] [ADB] Device API level: 22
2017-05-31 09:00:58:143 - info: [debug] [ADB] Getting connected devices...
2017-05-31 09:00:58:170 - info: [debug] [ADB] 1 device(s) connected
2017-05-31 09:00:58:170 - info: [debug] [ADB] Running 'D:\SoftWare\SDK\platform-tools\adb.exe' with args: ["-P",5037,"-s","85GBBMA2353T","shell","dumpsys","package","io.appium.settings"]
2017-05-31 09:00:58:241 - info: [debug] [AndroidDriver] Pushing unlock helper app to device...
2017-05-31 09:00:58:242 - info: [debug] [ADB] Running 'D:\SoftWare\SDK\platform-tools\adb.exe' with args: ["-P",5037,"-s","85GBBMA2353T","install","D:\\MyProgram\\nodejs\\node_modules\\appium\\node_modules\\appium-unlock\\bin\\unlock_apk-debug.apk"]
2017-05-31 09:00:58:996 - info: [debug] [ADB] Device API level: 22
2017-05-31 09:00:58:997 - info: [debug] [ADB] Getting connected devices...
2017-05-31 09:00:59:042 - info: [debug] [ADB] 1 device(s) connected
2017-05-31 09:00:59:042 - info: [debug] [ADB] Running 'D:\SoftWare\SDK\platform-tools\adb.exe' with args: ["-P",5037,"-s","85GBBMA2353T","shell","settings","put","secure","mock_location","1"]
2017-05-31 09:00:59:885 - info: [ADB] Getting device platform version
2017-05-31 09:00:59:885 - info: [debug] [ADB] Getting connected devices...
2017-05-31 09:00:59:925 - info: [debug] [ADB] 1 device(s) connected
2017-05-31 09:00:59:925 - info: [debug] [ADB] Running 'D:\SoftWare\SDK\platform-tools\adb.exe' with args: ["-P",5037,"-s","85GBBMA2353T","shell","getprop","ro.build.version.release"]
2017-05-31 09:00:59:983 - info: [debug] [ADB] Getting connected devices...
2017-05-31 09:01:00:009 - info: [debug] [ADB] 1 device(s) connected
2017-05-31 09:01:00:010 - info: [debug] [ADB] Running 'D:\SoftWare\SDK\platform-tools\adb.exe' with args: ["-P",5037,"-s","85GBBMA2353T","shell","wm","size"]
2017-05-31 09:01:00:706 - info: [debug] [ADB] Getting connected devices...
2017-05-31 09:01:00:756 - info: [debug] [ADB] 1 device(s) connected
2017-05-31 09:01:00:757 - info: [debug] [ADB] Running 'D:\SoftWare\SDK\platform-tools\adb.exe' with args: ["-P",5037,"-s","85GBBMA2353T","shell","getprop","ro.product.model"]
2017-05-31 09:01:00:816 - info: [debug] [ADB] Current device property 'ro.product.model': MX5
2017-05-31 09:01:00:817 - info: [debug] [ADB] Getting connected devices...
2017-05-31 09:01:00:844 - info: [debug] [ADB] 1 device(s) connected
2017-05-31 09:01:00:845 - info: [debug] [ADB] Running 'D:\SoftWare\SDK\platform-tools\adb.exe' with args: ["-P",5037,"-s","85GBBMA2353T","shell","getprop","ro.product.manufacturer"]
2017-05-31 09:01:00:900 - info: [debug] [ADB] Current device property 'ro.product.manufacturer': Meizu
2017-05-31 09:01:01:036 - info: [AndroidDriver] Remote apk path is /data/local/tmp/c5cb22fdd9b4ba7448447108c0ba77c0.apk
2017-05-31 09:01:01:037 - info: [debug] [ADB] Getting connected devices...
2017-05-31 09:01:01:060 - info: [debug] [ADB] 1 device(s) connected
2017-05-31 09:01:01:060 - info: [debug] [ADB] Running 'D:\SoftWare\SDK\platform-tools\adb.exe' with args: ["-P",5037,"-s","85GBBMA2353T","shell","ls","/data/local/tmp/c5cb22fdd9b4ba7448447108c0ba77c0.apk"]
2017-05-31 09:01:01:114 - info: [debug] [AndroidDriver] Checking if app is installed
2017-05-31 09:01:01:114 - info: [debug] [ADB] Getting install status for com.play.android
2017-05-31 09:01:01:114 - info: [debug] [ADB] Getting connected devices...
2017-05-31 09:01:01:138 - info: [debug] [ADB] 1 device(s) connected
2017-05-31 09:01:01:138 - info: [debug] [ADB] Running 'D:\SoftWare\SDK\platform-tools\adb.exe' with args: ["-P",5037,"-s","85GBBMA2353T","shell","pm","list","packages","com.play.android"]
2017-05-31 09:01:01:651 - info: [debug] [ADB] App is not installed
2017-05-31 09:01:01:651 - info: [AndroidDriver] Apk is not yet installed
2017-05-31 09:01:01:651 - info: [AndroidDriver] installing apk from remote
2017-05-31 09:01:01:652 - info: [debug] [ADB] Getting connected devices...
2017-05-31 09:01:01:689 - info: [debug] [ADB] 1 device(s) connected
2017-05-31 09:01:01:689 - info: [debug] [ADB] Running 'D:\SoftWare\SDK\platform-tools\adb.exe' with args: ["-P",5037,"-s","85GBBMA2353T","shell","mkdir","-p","/data/local/tmp"]
2017-05-31 09:01:01:750 - info: [AndroidDriver] Clearing out any existing remote apks with the same hash
2017-05-31 09:01:01:752 - info: [debug] [AndroidDriver] Removing any old apks
2017-05-31 09:01:01:753 - info: [debug] [AndroidDriver] Except ["c5cb22fdd9b4ba7448447108c0ba77c0"]
2017-05-31 09:01:01:753 - info: [debug] [ADB] Getting connected devices...
2017-05-31 09:01:01:780 - info: [debug] [ADB] 1 device(s) connected
2017-05-31 09:01:01:781 - info: [debug] [ADB] Running 'D:\SoftWare\SDK\platform-tools\adb.exe' with args: ["-P",5037,"-s","85GBBMA2353T","shell","ls","/data/local/tmp/*.apk"]
2017-05-31 09:01:01:853 - info: [debug] [ADB] Uninstalling com.play.android
2017-05-31 09:01:01:853 - info: [debug] [ADB] Getting connected devices...
2017-05-31 09:01:01:881 - info: [debug] [ADB] 1 device(s) connected
2017-05-31 09:01:01:882 - info: [debug] [ADB] Running 'D:\SoftWare\SDK\platform-tools\adb.exe' with args: ["-P",5037,"-s","85GBBMA2353T","shell","am","force-stop","com.play.android"]
2017-05-31 09:01:02:636 - info: [debug] [ADB] Running 'D:\SoftWare\SDK\platform-tools\adb.exe' with args: ["-P",5037,"-s","85GBBMA2353T","uninstall","com.play.android"]
2017-05-31 09:01:03:392 - info: [ADB] App was not uninstalled, maybe it wasn't on device?
2017-05-31 09:01:03:393 - info: [debug] [ADB] Getting connected devices...
2017-05-31 09:01:03:429 - info: [debug] [ADB] 1 device(s) connected
2017-05-31 09:01:03:429 - info: [debug] [ADB] Running 'D:\SoftWare\SDK\platform-tools\adb.exe' with args: ["-P",5037,"-s","85GBBMA2353T","shell","pm","install","-r","/data/local/tmp/c5cb22fdd9b4ba7448447108c0ba77c0.apk"]
2017-05-31 09:01:21:936 - info: [debug] [AndroidDriver] Extracting strings from apk D:\workSpace\EclipseProjects\AppiumForEclipse\apps\play.apk null C:\Users\ADMINI~1\AppData\Local\Temp\com.play.android
2017-05-31 09:01:21:936 - info: [debug] [ADB] Extracting strings for language: default
2017-05-31 09:01:21:952 - info: [debug] [ADB] Device API level: 22
2017-05-31 09:01:21:952 - info: [debug] [ADB] Getting connected devices...
2017-05-31 09:01:21:969 - info: [debug] [ADB] 1 device(s) connected
2017-05-31 09:01:21:969 - info: [debug] [ADB] Running 'D:\SoftWare\SDK\platform-tools\adb.exe' with args: ["-P",5037,"-s","85GBBMA2353T","shell","getprop","persist.sys.language"]
2017-05-31 09:01:22:015 - info: [debug] [ADB] Current device property 'persist.sys.language': zh
2017-05-31 09:01:23:204 - info: [debug] [ADB] Reading strings from converted strings.json
2017-05-31 09:01:23:204 - info: [debug] [ADB] Running 'D:\SoftWare\SDK\platform-tools\adb.exe' with args: ["-P",5037,"-s","85GBBMA2353T","push","C:\\Users\\ADMINI~1\\AppData\\Local\\Temp\\com.play.android\\strings.json","/data/local/tmp"]
2017-05-31 09:01:23:252 - info: [debug] [AndroidBootstrap] Watching for bootstrap disconnect
2017-05-31 09:01:23:252 - info: [debug] [ADB] Forwarding system: 4724 to device: 4724
2017-05-31 09:01:23:252 - info: [debug] [ADB] Running 'D:\SoftWare\SDK\platform-tools\adb.exe' with args: ["-P",5037,"-s","85GBBMA2353T","forward","tcp:4724","tcp:4724"]
2017-05-31 09:01:23:252 - info: [debug] [UiAutomator] Starting UiAutomator
2017-05-31 09:01:23:252 - info: [debug] [UiAutomator] Moving to state 'starting'
2017-05-31 09:01:23:252 - info: [debug] [UiAutomator] Parsing uiautomator jar
2017-05-31 09:01:23:252 - info: [debug] [UiAutomator] Found jar name: 'AppiumBootstrap.jar'
2017-05-31 09:01:23:267 - info: [debug] [ADB] Running 'D:\SoftWare\SDK\platform-tools\adb.exe' with args: ["-P",5037,"-s","85GBBMA2353T","push","D:\\MyProgram\\nodejs\\node_modules\\appium\\node_modules\\appium-android-bootstrap\\bootstrap\\bin\\AppiumBootstrap.jar","/data/local/tmp/"]
2017-05-31 09:01:23:314 - info: [debug] [ADB] Attempting to kill all uiautomator processes
2017-05-31 09:01:23:314 - info: [debug] [ADB] Getting all processes with uiautomator
2017-05-31 09:01:23:314 - info: [debug] [ADB] Getting connected devices...
2017-05-31 09:01:23:330 - info: [debug] [ADB] 1 device(s) connected
2017-05-31 09:01:23:330 - info: [debug] [ADB] Running 'D:\SoftWare\SDK\platform-tools\adb.exe' with args: ["-P",5037,"-s","85GBBMA2353T","shell","ps"]
2017-05-31 09:01:23:486 - info: [ADB] No uiautomator process found to kill, continuing...
2017-05-31 09:01:23:486 - info: [debug] [UiAutomator] Starting UIAutomator
2017-05-31 09:01:23:486 - info: [debug] [ADB] Creating ADB subprocess with args: ["-P",5037,"-s","85GBBMA2353T","shell","uiautomator","runtest","AppiumBootstrap.jar","-c","io.appium.android.bootstrap.Bootstrap","-e","pkg","com.play.android","-e","disableAndroidWatchers",false,"-e","acceptSslCerts",false]
2017-05-31 09:01:24:063 - info: [debug] [UiAutomator] Moving to state 'online'
2017-05-31 09:01:24:079 - info: [AndroidBootstrap] [BOOTSTRAP LOG] [debug] json loading complete.
2017-05-31 09:01:24:079 - info: [AndroidBootstrap] [BOOTSTRAP LOG] [debug] Registered crash watchers.
2017-05-31 09:01:24:079 - info: [AndroidBootstrap] Android bootstrap socket is now connected
2017-05-31 09:01:24:079 - info: [debug] [ADB] Getting connected devices...
2017-05-31 09:01:24:094 - info: [AndroidBootstrap] [BOOTSTRAP LOG] [debug] Client connected
2017-05-31 09:01:24:125 - info: [debug] [ADB] 1 device(s) connected
2017-05-31 09:01:24:125 - info: [debug] [ADB] Running 'D:\SoftWare\SDK\platform-tools\adb.exe' with args: ["-P",5037,"-s","85GBBMA2353T","shell","dumpsys","window"]
2017-05-31 09:01:24:172 - info: [AndroidDriver] Screen already unlocked, doing nothing
2017-05-31 09:01:24:172 - info: [debug] [ADB] Device API level: 22
2017-05-31 09:01:24:172 - info: [debug] [ADB] Getting connected devices...
2017-05-31 09:01:24:204 - info: [debug] [ADB] 1 device(s) connected
2017-05-31 09:01:24:204 - info: [debug] [ADB] Running 'D:\SoftWare\SDK\platform-tools\adb.exe' with args: ["-P",5037,"-s","85GBBMA2353T","shell","am","start","-W","-n","com.play.android/com.play.android.activity.SplashActivity","-S","-a","android.intent.action.MAIN","-c","android.intent.category.LAUNCHER","-f","0x10200000"]
2017-05-31 09:01:25:219 - info: [debug] [ADB] We tried to start an activity that doesn't exist, retrying with . prepended to activity
2017-05-31 09:01:25:219 - info: [debug] [ADB] Device API level: 22
2017-05-31 09:01:25:219 - info: [debug] [ADB] Getting connected devices...
2017-05-31 09:01:25:251 - info: [debug] [ADB] 1 device(s) connected
2017-05-31 09:01:25:252 - info: [debug] [ADB] Running 'D:\SoftWare\SDK\platform-tools\adb.exe' with args: ["-P",5037,"-s","85GBBMA2353T","shell","am","start","-W","-n","com.play.android/.com.play.android.activity.SplashActivity","-S","-a","android.intent.action.MAIN","-c","android.intent.category.LAUNCHER","-f","0x10200000"]
2017-05-31 09:01:26:203 - error: [ADB] Error: Activity used to start app doesn't exist or cannot be launched! Make sure it exists and is a launchable activity
    at Object.wrappedLogger.errorAndThrow (../../lib/logging.js:63:13)
    at ADB.callee$0$0$ (../../../lib/tools/apk-utils.js:67:13)
    at tryCatch (D:\MyProgram\nodejs\node_modules\appium\node_modules\babel-runtime\regenerator\runtime.js:67:40)
    at GeneratorFunctionPrototype.invoke [as _invoke] (D:\MyProgram\nodejs\node_modules\appium\node_modules\babel-runtime\regenerator\runtime.js:315:22)
    at GeneratorFunctionPrototype.prototype.(anonymous function) [as next] (D:\MyProgram\nodejs\node_modules\appium\node_modules\babel-runtime\regenerator\runtime.js:100:21)
    at GeneratorFunctionPrototype.invoke (D:\MyProgram\nodejs\node_modules\appium\node_modules\babel-runtime\regenerator\runtime.js:136:37)
    at process._tickCallback (internal/process/next_tick.js:109:7)
 Error: Activity used to start app doesn't exist or cannot be launched! Make sure it exists and is a launchable activity
    at Object.wrappedLogger.errorAndThrow (../../lib/logging.js:63:13)
    at ADB.callee$0$0$ (../../../lib/tools/apk-utils.js:67:13)
    at tryCatch (D:\MyProgram\nodejs\node_modules\appium\node_modules\babel-runtime\regenerator\runtime.js:67:40)
    at GeneratorFunctionPrototype.invoke [as _invoke] (D:\MyProgram\nodejs\node_modules\appium\node_modules\babel-runtime\regenerator\runtime.js:315:22)
    at GeneratorFunctionPrototype.prototype.(anonymous function) [as next] (D:\MyProgram\nodejs\node_modules\appium\node_modules\babel-runtime\regenerator\runtime.js:100:21)
    at GeneratorFunctionPrototype.invoke (D:\MyProgram\nodejs\node_modules\appium\node_modules\babel-runtime\regenerator\runtime.js:136:37)
    at process._tickCallback (internal/process/next_tick.js:109:7)
2017-05-31 09:01:26:203 - error: [ADB] Error: Error occured while starting App. Original error: Activity used to start app doesn't exist or cannot be launched! Make sure it exists and is a launchable activity
    at Object.wrappedLogger.errorAndThrow (../../lib/logging.js:63:13)
    at ADB.callee$0$0$ (../../../lib/tools/apk-utils.js:79:9)
    at tryCatch (D:\MyProgram\nodejs\node_modules\appium\node_modules\babel-runtime\regenerator\runtime.js:67:40)
    at GeneratorFunctionPrototype.invoke [as _invoke] (D:\MyProgram\nodejs\node_modules\appium\node_modules\babel-runtime\regenerator\runtime.js:315:22)
    at GeneratorFunctionPrototype.prototype.(anonymous function) [as next] (D:\MyProgram\nodejs\node_modules\appium\node_modules\babel-runtime\regenerator\runtime.js:100:21)
    at GeneratorFunctionPrototype.invoke (D:\MyProgram\nodejs\node_modules\appium\node_modules\babel-runtime\regenerator\runtime.js:136:37)
    at process._tickCallback (internal/process/next_tick.js:109:7)
 Error: Error occured while starting App. Original error: Activity used to start app doesn't exist or cannot be launched! Make sure it exists and is a launchable activity
    at Object.wrappedLogger.errorAndThrow (../../lib/logging.js:63:13)
    at ADB.callee$0$0$ (../../../lib/tools/apk-utils.js:79:9)
    at tryCatch (D:\MyProgram\nodejs\node_modules\appium\node_modules\babel-runtime\regenerator\runtime.js:67:40)
    at GeneratorFunctionPrototype.invoke [as _invoke] (D:\MyProgram\nodejs\node_modules\appium\node_modules\babel-runtime\regenerator\runtime.js:315:22)
    at GeneratorFunctionPrototype.prototype.(anonymous function) [as next] (D:\MyProgram\nodejs\node_modules\appium\node_modules\babel-runtime\regenerator\runtime.js:100:21)
    at GeneratorFunctionPrototype.invoke (D:\MyProgram\nodejs\node_modules\appium\node_modules\babel-runtime\regenerator\runtime.js:136:37)
    at process._tickCallback (internal/process/next_tick.js:109:7)
2017-05-31 09:01:26:203 - info: [debug] [AndroidDriver] Shutting down Android driver
2017-05-31 09:01:26:203 - info: [debug] [AndroidDriver] Resetting IME to com.iflytek.inputmethod/.FlyIME
2017-05-31 09:01:26:203 - info: [debug] [ADB] Getting connected devices...
2017-05-31 09:01:26:234 - info: [debug] [ADB] 1 device(s) connected
2017-05-31 09:01:26:234 - info: [debug] [ADB] Running 'D:\SoftWare\SDK\platform-tools\adb.exe' with args: ["-P",5037,"-s","85GBBMA2353T","shell","ime","set","com.iflytek.inputmethod/.FlyIME"]
2017-05-31 09:01:26:922 - info: [debug] [ADB] Getting connected devices...
2017-05-31 09:01:26:953 - info: [debug] [ADB] 1 device(s) connected
2017-05-31 09:01:26:953 - info: [debug] [ADB] Running 'D:\SoftWare\SDK\platform-tools\adb.exe' with args: ["-P",5037,"-s","85GBBMA2353T","shell","am","force-stop","com.play.android"]
2017-05-31 09:01:27:656 - info: [debug] [ADB] Pressing the HOME button
2017-05-31 09:01:27:656 - info: [debug] [ADB] Getting connected devices...
2017-05-31 09:01:27:688 - info: [debug] [ADB] 1 device(s) connected
2017-05-31 09:01:27:688 - info: [debug] [ADB] Running 'D:\SoftWare\SDK\platform-tools\adb.exe' with args: ["-P",5037,"-s","85GBBMA2353T","shell","input","keyevent",3]
2017-05-31 09:01:28:391 - info: [debug] [AndroidBootstrap] Sending command to android: {"cmd":"shutdown"}
2017-05-31 09:01:28:391 - info: [AndroidBootstrap] [BOOTSTRAP LOG] [debug] Got data from client: {"cmd":"shutdown"}
2017-05-31 09:01:28:391 - info: [AndroidBootstrap] [BOOTSTRAP LOG] [debug] Got command of type SHUTDOWN
2017-05-31 09:01:28:391 - info: [AndroidBootstrap] [BOOTSTRAP LOG] [debug] Returning result: {"status":0,"value":"OK, shutting down"}
2017-05-31 09:01:28:391 - info: [debug] [AndroidBootstrap] Received command result from bootstrap
2017-05-31 09:01:28:407 - info: [debug] [UiAutomator] Shutting down UiAutomator
2017-05-31 09:01:28:407 - info: [debug] [UiAutomator] Moving to state 'stopping'
2017-05-31 09:01:28:407 - info: [debug] [AndroidBootstrap] [UIAUTO STDOUT] [CDS]close[4724]
2017-05-31 09:01:28:407 - info: [AndroidBootstrap] [BOOTSTRAP LOG] [debug] Closed client connection
2017-05-31 09:01:28:407 - info: [debug] [AndroidBootstrap] [UIAUTO STDOUT] INSTRUMENTATION_STATUS: numtests=1
2017-05-31 09:01:28:407 - info: [debug] [AndroidBootstrap] [UIAUTO STDOUT] INSTRUMENTATION_STATUS: stream=.
2017-05-31 09:01:28:407 - info: [debug] [AndroidBootstrap] [UIAUTO STDOUT] INSTRUMENTATION_STATUS: id=UiAutomatorTestRunner
2017-05-31 09:01:28:407 - info: [debug] [UiAutomator] UiAutomator shut down normally
2017-05-31 09:01:28:407 - info: [debug] [UiAutomator] Moving to state 'stopped'
2017-05-31 09:01:28:407 - info: [debug] [ADB] Attempting to kill all uiautomator processes
2017-05-31 09:01:28:407 - info: [debug] [ADB] Getting all processes with uiautomator
2017-05-31 09:01:28:407 - info: [debug] [ADB] Getting connected devices...
2017-05-31 09:01:28:438 - info: [debug] [ADB] 1 device(s) connected
2017-05-31 09:01:28:438 - info: [debug] [ADB] Running 'D:\SoftWare\SDK\platform-tools\adb.exe' with args: ["-P",5037,"-s","85GBBMA2353T","shell","ps"]
2017-05-31 09:01:28:500 - info: [ADB] No uiautomator process found to kill, continuing...
2017-05-31 09:01:28:500 - info: [debug] [UiAutomator] Moving to state 'stopped'
2017-05-31 09:01:28:500 - info: [debug] [Logcat] Stopping logcat capture
2017-05-31 09:01:28:500 - info: [debug] [ADB] Getting connected devices...
2017-05-31 09:01:28:532 - info: [debug] [ADB] 1 device(s) connected
2017-05-31 09:01:28:532 - info: [debug] [ADB] Running 'D:\SoftWare\SDK\platform-tools\adb.exe' with args: ["-P",5037,"-s","85GBBMA2353T","shell","am","force-stop","io.appium.unlock"]
2017-05-31 09:01:29:171 - info: [debug] [AndroidDriver] Not cleaning generated files. Add `clearSystemFiles` capability if wanted.
2017-05-31 09:01:29:171 - error: [MJSONWP] Encountered internal error running command: Error: Error occured while starting App. Original error: Activity used to start app doesn't exist or cannot be launched! Make sure it exists and is a launchable activity
    at Object.wrappedLogger.errorAndThrow (../../lib/logging.js:63:13)
    at ADB.callee$0$0$ (../../../lib/tools/apk-utils.js:79:9)
    at tryCatch (D:\MyProgram\nodejs\node_modules\appium\node_modules\babel-runtime\regenerator\runtime.js:67:40)
    at GeneratorFunctionPrototype.invoke [as _invoke] (D:\MyProgram\nodejs\node_modules\appium\node_modules\babel-runtime\regenerator\runtime.js:315:22)
    at GeneratorFunctionPrototype.prototype.(anonymous function) [as next] (D:\MyProgram\nodejs\node_modules\appium\node_modules\babel-runtime\regenerator\runtime.js:100:21)
    at GeneratorFunctionPrototype.invoke (D:\MyProgram\nodejs\node_modules\appium\node_modules\babel-runtime\regenerator\runtime.js:136:37)
    at process._tickCallback (internal/process/next_tick.js:109:7)
2017-05-31 09:01:29:171 - info: [HTTP] <-- POST /wd/hub/session 500 36019 ms - 299 
