2017-05-31 08:03:35:435 - info: [Appium] Welcome to Appium v1.6.5
2017-05-31 08:03:35:435 - info: [Appium] Non-default server args:
2017-05-31 08:03:35:435 - info: [Appium]   address: 127.0.0.1
2017-05-31 08:03:35:435 - info: [Appium]   log: D:\workSpace\EclipseProjects\AppiumForEclipse\log\1496217809381.log
2017-05-31 08:03:35:498 - info: [Appium] Appium REST http interface listener started on 127.0.0.1:4723
2017-05-31 08:03:36:075 - info: [HTTP] --> GET /wd/hub/status {}
2017-05-31 08:03:36:091 - info: [debug] [MJSONWP] Calling AppiumDriver.getStatus() with args: []
2017-05-31 08:03:36:122 - info: [debug] [MJSONWP] Responding to client with driver.getStatus() result: {"build":{"version":"1.6.5","revision":null}}
2017-05-31 08:03:36:138 - info: [HTTP] <-- GET /wd/hub/status 200 49 ms - 83 
2017-05-31 08:03:36:138 - info: [HTTP] --> GET /wd/hub/status {}
2017-05-31 08:03:36:138 - info: [debug] [MJSONWP] Calling AppiumDriver.getStatus() with args: []
2017-05-31 08:03:36:185 - info: [debug] [MJSONWP] Responding to client with driver.getStatus() result: {"build":{"version":"1.6.5","revision":null}}
2017-05-31 08:03:36:185 - info: [HTTP] <-- GET /wd/hub/status 200 43 ms - 83 
2017-05-31 08:03:36:809 - info: [HTTP] --> POST /wd/hub/session {"desiredCapabilities":{"appPackage":"com.play.android","appActivity":"com.play.android.activity.SplashActivity","app":"D:\\workSpace\\EclipseProjects\\AppiumForEclipse\\apps\\play.apk","noSign":"True","unicodeKeyboard":"True","platformName":"Android","deviceName":"022TAS7N51009853","resetKeyboard":"True"}}
2017-05-31 08:03:36:809 - info: [debug] [MJSONWP] Calling AppiumDriver.createSession() with args: [{"appPackage":"com.play.android","appActivity":"com.play.android.activity.SplashActivity","app":"D:\\workSpace\\EclipseProjects\\AppiumForEclipse\\apps\\play.apk","noSign":"True","unicodeKeyboard":"True","platformName":"Android","deviceName":"022TAS7N51009853","resetKeyboard":"True"},null,null]
2017-05-31 08:03:36:809 - info: [debug] [BaseDriver] Event 'newSessionRequested' logged at 1496217816809 (16:03:36 GMT+0800 (中国标准时间))
2017-05-31 08:03:36:809 - info: [Appium] Creating new AndroidDriver (v1.20.0) session
2017-05-31 08:03:36:809 - info: [Appium] Capabilities:
2017-05-31 08:03:36:809 - info: [Appium]   appPackage: 'com.play.android'
2017-05-31 08:03:36:809 - info: [Appium]   appActivity: 'com.play.android.activity.SplashActivity'
2017-05-31 08:03:36:809 - info: [Appium]   app: 'D:\\workSpace\\EclipseProjects\\AppiumForEclipse\\apps\\play.apk'
2017-05-31 08:03:36:809 - info: [Appium]   noSign: 'True'
2017-05-31 08:03:36:809 - info: [Appium]   unicodeKeyboard: 'True'
2017-05-31 08:03:36:809 - info: [Appium]   platformName: 'Android'
2017-05-31 08:03:36:809 - info: [Appium]   deviceName: '022TAS7N51009853'
2017-05-31 08:03:36:809 - info: [Appium]   resetKeyboard: 'True'
2017-05-31 08:03:36:809 - info: [debug] [AndroidDriver] AndroidDriver version: 1.20.0
2017-05-31 08:03:36:824 - warn: [BaseDriver] Capability 'unicodeKeyboard' changed from string to boolean. This may cause unexpected behavior
2017-05-31 08:03:36:824 - warn: [BaseDriver] Capability 'resetKeyboard' changed from string to boolean. This may cause unexpected behavior
2017-05-31 08:03:36:824 - warn: [BaseDriver] Capability 'noSign' changed from string to boolean. This may cause unexpected behavior
2017-05-31 08:03:36:824 - info: [BaseDriver] Session created with session id: 7327d7a7-5470-485b-bcdb-5fcd2e80dfd8
2017-05-31 08:03:36:840 - info: [debug] [AndroidDriver] Getting Java version
2017-05-31 08:03:36:969 - info: [AndroidDriver] Java version is: 1.8.0_121
2017-05-31 08:03:36:969 - info: [ADB] Checking whether adb is present
2017-05-31 08:03:36:969 - info: [ADB] Using adb.exe from D:\SoftWare\SDK\platform-tools\adb.exe
2017-05-31 08:03:36:969 - info: [AndroidDriver] Retrieving device list
2017-05-31 08:03:36:969 - info: [debug] [ADB] Trying to find a connected android device
2017-05-31 08:03:36:969 - info: [debug] [ADB] Getting connected devices...
2017-05-31 08:03:37:000 - info: [debug] [ADB] 1 device(s) connected
2017-05-31 08:03:37:000 - info: [AndroidDriver] Using device: 85GBBMA2353T
2017-05-31 08:03:37:000 - info: [ADB] Checking whether adb is present
2017-05-31 08:03:37:000 - info: [ADB] Using adb.exe from D:\SoftWare\SDK\platform-tools\adb.exe
2017-05-31 08:03:37:000 - info: [debug] [ADB] Setting device id to 85GBBMA2353T
2017-05-31 08:03:37:000 - info: [BaseDriver] Using local app 'D:\workSpace\EclipseProjects\AppiumForEclipse\apps\play.apk'
2017-05-31 08:03:37:000 - info: [debug] [AndroidDriver] Checking whether app is actually present
2017-05-31 08:03:37:000 - info: [AndroidDriver] Starting Android session
2017-05-31 08:03:37:015 - info: [debug] [ADB] Running 'D:\SoftWare\SDK\platform-tools\adb.exe' with args: ["-P",5037,"-s","85GBBMA2353T","wait-for-device"]
2017-05-31 08:03:37:047 - info: [debug] [ADB] Getting connected devices...
2017-05-31 08:03:37:062 - info: [debug] [ADB] 1 device(s) connected
2017-05-31 08:03:37:062 - info: [debug] [ADB] Running 'D:\SoftWare\SDK\platform-tools\adb.exe' with args: ["-P",5037,"-s","85GBBMA2353T","shell","echo","ping"]
2017-05-31 08:03:37:109 - info: [debug] [Logcat] Starting logcat capture
2017-05-31 08:03:37:140 - info: [debug] [AndroidDriver] Enabling Unicode keyboard support
2017-05-31 08:03:37:140 - info: [debug] [AndroidDriver] Pushing unicode ime to device...
2017-05-31 08:03:37:140 - info: [debug] [ADB] Running 'D:\SoftWare\SDK\platform-tools\adb.exe' with args: ["-P",5037,"-s","85GBBMA2353T","install","D:\\MyProgram\\nodejs\\node_modules\\appium\\node_modules\\appium-android-ime\\bin\\UnicodeIME-debug.apk"]
2017-05-31 08:03:38:094 - info: [debug] [ADB] Getting connected devices...
2017-05-31 08:03:38:126 - info: [debug] [ADB] 1 device(s) connected
2017-05-31 08:03:38:126 - info: [debug] [ADB] Running 'D:\SoftWare\SDK\platform-tools\adb.exe' with args: ["-P",5037,"-s","85GBBMA2353T","shell","settings","get","secure","default_input_method"]
2017-05-31 08:03:38:968 - info: [debug] [AndroidDriver] Unsetting previous IME com.iflytek.inputmethod/.FlyIME
2017-05-31 08:03:38:968 - info: [debug] [AndroidDriver] Setting IME to 'io.appium.android.ime/.UnicodeIME'
2017-05-31 08:03:38:968 - info: [debug] [ADB] Getting connected devices...
2017-05-31 08:03:39:015 - info: [debug] [ADB] 1 device(s) connected
2017-05-31 08:03:39:015 - info: [debug] [ADB] Running 'D:\SoftWare\SDK\platform-tools\adb.exe' with args: ["-P",5037,"-s","85GBBMA2353T","shell","ime","enable","io.appium.android.ime/.UnicodeIME"]
2017-05-31 08:03:39:748 - info: [debug] [ADB] Getting connected devices...
2017-05-31 08:03:39:781 - info: [debug] [ADB] 1 device(s) connected
2017-05-31 08:03:39:796 - info: [debug] [ADB] Running 'D:\SoftWare\SDK\platform-tools\adb.exe' with args: ["-P",5037,"-s","85GBBMA2353T","shell","ime","set","io.appium.android.ime/.UnicodeIME"]
2017-05-31 08:03:40:516 - info: [debug] [AndroidDriver] Pushing settings apk to device...
2017-05-31 08:03:40:516 - info: [debug] [ADB] Getting install status for io.appium.settings
2017-05-31 08:03:40:516 - info: [debug] [ADB] Getting connected devices...
2017-05-31 08:03:40:563 - info: [debug] [ADB] 1 device(s) connected
2017-05-31 08:03:40:563 - info: [debug] [ADB] Running 'D:\SoftWare\SDK\platform-tools\adb.exe' with args: ["-P",5037,"-s","85GBBMA2353T","shell","pm","list","packages","io.appium.settings"]
2017-05-31 08:03:41:062 - info: [debug] [ADB] App is not installed
2017-05-31 08:03:41:062 - info: [debug] [ADB] Running 'D:\SoftWare\SDK\platform-tools\adb.exe' with args: ["-P",5037,"-s","85GBBMA2353T","install","D:\\MyProgram\\nodejs\\node_modules\\appium\\node_modules\\io.appium.settings\\app\\build\\outputs\\apk\\settings_apk-debug.apk"]
2017-05-31 08:03:41:923 - info: [debug] [ADB] Getting connected devices...
2017-05-31 08:03:41:970 - info: [debug] [ADB] 1 device(s) connected
2017-05-31 08:03:41:970 - info: [debug] [ADB] Running 'D:\SoftWare\SDK\platform-tools\adb.exe' with args: ["-P",5037,"-s","85GBBMA2353T","shell","getprop","ro.build.version.sdk"]
2017-05-31 08:03:42:016 - info: [debug] [ADB] Device API level: 22
2017-05-31 08:03:42:016 - info: [debug] [ADB] Getting connected devices...
2017-05-31 08:03:42:048 - info: [debug] [ADB] 1 device(s) connected
2017-05-31 08:03:42:048 - info: [debug] [ADB] Running 'D:\SoftWare\SDK\platform-tools\adb.exe' with args: ["-P",5037,"-s","85GBBMA2353T","shell","dumpsys","package","io.appium.settings"]
2017-05-31 08:03:42:126 - info: [debug] [AndroidDriver] Pushing unlock helper app to device...
2017-05-31 08:03:42:126 - info: [debug] [ADB] Running 'D:\SoftWare\SDK\platform-tools\adb.exe' with args: ["-P",5037,"-s","85GBBMA2353T","install","D:\\MyProgram\\nodejs\\node_modules\\appium\\node_modules\\appium-unlock\\bin\\unlock_apk-debug.apk"]
2017-05-31 08:03:43:172 - info: [debug] [ADB] Device API level: 22
2017-05-31 08:03:43:172 - info: [debug] [ADB] Getting connected devices...
2017-05-31 08:03:43:204 - info: [debug] [ADB] 1 device(s) connected
2017-05-31 08:03:43:204 - info: [debug] [ADB] Running 'D:\SoftWare\SDK\platform-tools\adb.exe' with args: ["-P",5037,"-s","85GBBMA2353T","shell","settings","put","secure","mock_location","1"]
2017-05-31 08:03:43:953 - info: [ADB] Getting device platform version
2017-05-31 08:03:43:968 - info: [debug] [ADB] Getting connected devices...
2017-05-31 08:03:44:000 - info: [debug] [ADB] 1 device(s) connected
2017-05-31 08:03:44:000 - info: [debug] [ADB] Running 'D:\SoftWare\SDK\platform-tools\adb.exe' with args: ["-P",5037,"-s","85GBBMA2353T","shell","getprop","ro.build.version.release"]
2017-05-31 08:03:44:062 - info: [debug] [ADB] Getting connected devices...
2017-05-31 08:03:44:109 - info: [debug] [ADB] 1 device(s) connected
2017-05-31 08:03:44:109 - info: [debug] [ADB] Running 'D:\SoftWare\SDK\platform-tools\adb.exe' with args: ["-P",5037,"-s","85GBBMA2353T","shell","wm","size"]
2017-05-31 08:03:44:858 - info: [debug] [ADB] Getting connected devices...
2017-05-31 08:03:44:905 - info: [debug] [ADB] 1 device(s) connected
2017-05-31 08:03:44:905 - info: [debug] [ADB] Running 'D:\SoftWare\SDK\platform-tools\adb.exe' with args: ["-P",5037,"-s","85GBBMA2353T","shell","getprop","ro.product.model"]
2017-05-31 08:03:44:968 - info: [debug] [ADB] Current device property 'ro.product.model': MX5
2017-05-31 08:03:44:968 - info: [debug] [ADB] Getting connected devices...
2017-05-31 08:03:44:999 - info: [debug] [ADB] 1 device(s) connected
2017-05-31 08:03:45:015 - info: [debug] [ADB] Running 'D:\SoftWare\SDK\platform-tools\adb.exe' with args: ["-P",5037,"-s","85GBBMA2353T","shell","getprop","ro.product.manufacturer"]
2017-05-31 08:03:45:061 - info: [debug] [ADB] Current device property 'ro.product.manufacturer': Meizu
2017-05-31 08:03:45:204 - info: [AndroidDriver] Remote apk path is /data/local/tmp/42e2f15827830994ee5f75a4ff734348.apk
2017-05-31 08:03:45:204 - info: [debug] [ADB] Getting connected devices...
2017-05-31 08:03:45:235 - info: [debug] [ADB] 1 device(s) connected
2017-05-31 08:03:45:235 - info: [debug] [ADB] Running 'D:\SoftWare\SDK\platform-tools\adb.exe' with args: ["-P",5037,"-s","85GBBMA2353T","shell","ls","/data/local/tmp/42e2f15827830994ee5f75a4ff734348.apk"]
2017-05-31 08:03:45:282 - info: [debug] [AndroidDriver] Checking if app is installed
2017-05-31 08:03:45:282 - info: [debug] [ADB] Getting install status for com.play.android
2017-05-31 08:03:45:282 - info: [debug] [ADB] Getting connected devices...
2017-05-31 08:03:45:313 - info: [debug] [ADB] 1 device(s) connected
2017-05-31 08:03:45:313 - info: [debug] [ADB] Running 'D:\SoftWare\SDK\platform-tools\adb.exe' with args: ["-P",5037,"-s","85GBBMA2353T","shell","pm","list","packages","com.play.android"]
2017-05-31 08:03:45:890 - info: [debug] [ADB] App is not installed
2017-05-31 08:03:45:890 - info: [AndroidDriver] Apk is not yet installed
2017-05-31 08:03:45:890 - info: [AndroidDriver] installing apk from remote
2017-05-31 08:03:45:890 - info: [debug] [ADB] Getting connected devices...
2017-05-31 08:03:45:906 - info: [debug] [ADB] 1 device(s) connected
2017-05-31 08:03:45:906 - info: [debug] [ADB] Running 'D:\SoftWare\SDK\platform-tools\adb.exe' with args: ["-P",5037,"-s","85GBBMA2353T","shell","mkdir","-p","/data/local/tmp"]
2017-05-31 08:03:45:954 - info: [AndroidDriver] Clearing out any existing remote apks with the same hash
2017-05-31 08:03:45:954 - info: [debug] [AndroidDriver] Removing any old apks
2017-05-31 08:03:45:954 - info: [debug] [AndroidDriver] Except ["42e2f15827830994ee5f75a4ff734348"]
2017-05-31 08:03:45:969 - info: [debug] [ADB] Getting connected devices...
2017-05-31 08:03:45:985 - info: [debug] [ADB] 1 device(s) connected
2017-05-31 08:03:45:985 - info: [debug] [ADB] Running 'D:\SoftWare\SDK\platform-tools\adb.exe' with args: ["-P",5037,"-s","85GBBMA2353T","shell","ls","/data/local/tmp/*.apk"]
2017-05-31 08:03:46:047 - info: [debug] [ADB] Uninstalling com.play.android
2017-05-31 08:03:46:047 - info: [debug] [ADB] Getting connected devices...
2017-05-31 08:03:46:063 - info: [debug] [ADB] 1 device(s) connected
2017-05-31 08:03:46:078 - info: [debug] [ADB] Running 'D:\SoftWare\SDK\platform-tools\adb.exe' with args: ["-P",5037,"-s","85GBBMA2353T","shell","am","force-stop","com.play.android"]
2017-05-31 08:03:46:812 - info: [debug] [ADB] Running 'D:\SoftWare\SDK\platform-tools\adb.exe' with args: ["-P",5037,"-s","85GBBMA2353T","uninstall","com.play.android"]
2017-05-31 08:03:47:857 - info: [ADB] App was uninstalled
2017-05-31 08:03:47:872 - info: [debug] [ADB] Getting connected devices...
2017-05-31 08:03:47:905 - info: [debug] [ADB] 1 device(s) connected
2017-05-31 08:03:47:905 - info: [debug] [ADB] Running 'D:\SoftWare\SDK\platform-tools\adb.exe' with args: ["-P",5037,"-s","85GBBMA2353T","shell","pm","install","-r","/data/local/tmp/42e2f15827830994ee5f75a4ff734348.apk"]
2017-05-31 08:04:10:098 - info: [debug] [AndroidDriver] Extracting strings from apk D:\workSpace\EclipseProjects\AppiumForEclipse\apps\play.apk null C:\Users\ADMINI~1\AppData\Local\Temp\com.play.android
2017-05-31 08:04:10:102 - info: [debug] [ADB] Extracting strings for language: default
2017-05-31 08:04:10:104 - info: [debug] [ADB] Device API level: 22
2017-05-31 08:04:10:105 - info: [debug] [ADB] Getting connected devices...
2017-05-31 08:04:10:149 - info: [debug] [ADB] 1 device(s) connected
2017-05-31 08:04:10:150 - info: [debug] [ADB] Running 'D:\SoftWare\SDK\platform-tools\adb.exe' with args: ["-P",5037,"-s","85GBBMA2353T","shell","getprop","persist.sys.language"]
2017-05-31 08:04:10:190 - info: [debug] [ADB] Current device property 'persist.sys.language': zh
2017-05-31 08:04:11:364 - info: [debug] [ADB] Reading strings from converted strings.json
2017-05-31 08:04:11:369 - info: [debug] [ADB] Running 'D:\SoftWare\SDK\platform-tools\adb.exe' with args: ["-P",5037,"-s","85GBBMA2353T","push","C:\\Users\\ADMINI~1\\AppData\\Local\\Temp\\com.play.android\\strings.json","/data/local/tmp"]
2017-05-31 08:04:11:401 - info: [debug] [AndroidBootstrap] Watching for bootstrap disconnect
2017-05-31 08:04:11:403 - info: [debug] [ADB] Forwarding system: 4724 to device: 4724
2017-05-31 08:04:11:404 - info: [debug] [ADB] Running 'D:\SoftWare\SDK\platform-tools\adb.exe' with args: ["-P",5037,"-s","85GBBMA2353T","forward","tcp:4724","tcp:4724"]
2017-05-31 08:04:11:413 - info: [debug] [UiAutomator] Starting UiAutomator
2017-05-31 08:04:11:414 - info: [debug] [UiAutomator] Moving to state 'starting'
2017-05-31 08:04:11:415 - info: [debug] [UiAutomator] Parsing uiautomator jar
2017-05-31 08:04:11:415 - info: [debug] [UiAutomator] Found jar name: 'AppiumBootstrap.jar'
2017-05-31 08:04:11:416 - info: [debug] [ADB] Running 'D:\SoftWare\SDK\platform-tools\adb.exe' with args: ["-P",5037,"-s","85GBBMA2353T","push","D:\\MyProgram\\nodejs\\node_modules\\appium\\node_modules\\appium-android-bootstrap\\bootstrap\\bin\\AppiumBootstrap.jar","/data/local/tmp/"]
2017-05-31 08:04:11:451 - info: [debug] [ADB] Attempting to kill all uiautomator processes
2017-05-31 08:04:11:452 - info: [debug] [ADB] Getting all processes with uiautomator
2017-05-31 08:04:11:452 - info: [debug] [ADB] Getting connected devices...
2017-05-31 08:04:11:475 - info: [debug] [ADB] 1 device(s) connected
2017-05-31 08:04:11:476 - info: [debug] [ADB] Running 'D:\SoftWare\SDK\platform-tools\adb.exe' with args: ["-P",5037,"-s","85GBBMA2353T","shell","ps"]
2017-05-31 08:04:11:541 - info: [ADB] No uiautomator process found to kill, continuing...
2017-05-31 08:04:11:542 - info: [debug] [UiAutomator] Starting UIAutomator
2017-05-31 08:04:11:542 - info: [debug] [ADB] Creating ADB subprocess with args: ["-P",5037,"-s","85GBBMA2353T","shell","uiautomator","runtest","AppiumBootstrap.jar","-c","io.appium.android.bootstrap.Bootstrap","-e","pkg","com.play.android","-e","disableAndroidWatchers",false,"-e","acceptSslCerts",false]
2017-05-31 08:04:12:559 - info: [debug] [UiAutomator] Moving to state 'online'
2017-05-31 08:04:12:564 - info: [AndroidBootstrap] Android bootstrap socket is now connected
2017-05-31 08:04:12:566 - info: [debug] [ADB] Getting connected devices...
2017-05-31 08:04:12:577 - info: [AndroidBootstrap] [BOOTSTRAP LOG] [debug] json loading complete.
2017-05-31 08:04:12:577 - info: [AndroidBootstrap] [BOOTSTRAP LOG] [debug] Registered crash watchers.
2017-05-31 08:04:12:577 - info: [AndroidBootstrap] [BOOTSTRAP LOG] [debug] Client connected
2017-05-31 08:04:12:593 - info: [debug] [ADB] 1 device(s) connected
2017-05-31 08:04:12:593 - info: [debug] [ADB] Running 'D:\SoftWare\SDK\platform-tools\adb.exe' with args: ["-P",5037,"-s","85GBBMA2353T","shell","dumpsys","window"]
2017-05-31 08:04:12:650 - info: [AndroidDriver] Screen already unlocked, doing nothing
2017-05-31 08:04:12:652 - info: [debug] [ADB] Device API level: 22
2017-05-31 08:04:12:653 - info: [debug] [ADB] Getting connected devices...
2017-05-31 08:04:12:679 - info: [debug] [ADB] 1 device(s) connected
2017-05-31 08:04:12:679 - info: [debug] [ADB] Running 'D:\SoftWare\SDK\platform-tools\adb.exe' with args: ["-P",5037,"-s","85GBBMA2353T","shell","am","start","-W","-n","com.play.android/com.play.android.activity.SplashActivity","-S","-a","android.intent.action.MAIN","-c","android.intent.category.LAUNCHER","-f","0x10200000"]
2017-05-31 08:04:14:545 - info: [Appium] New AndroidDriver session created successfully, session 7327d7a7-5470-485b-bcdb-5fcd2e80dfd8 added to master session list
2017-05-31 08:04:14:547 - info: [debug] [BaseDriver] Event 'newSessionStarted' logged at 1496217854546 (16:04:14 GMT+0800 (中国标准时间))
2017-05-31 08:04:14:548 - info: [debug] [MJSONWP] Responding to client with driver.createSession() result: {"platform":"LINUX","webStorageEnabled":false,"takesScreenshot":true,"javascriptEnabled":true,"databaseEnabled":false,"networkConnectionEnabled":true,"locationContextEnabled":false,"warnings":{},"desired":{"appPackage":"com.play.android","appActivity":"com.play.android.activity.SplashActivity","app":"D:\\workSpace\\EclipseProjects\\AppiumForEclipse\\apps\\play.apk","noSign":true,"unicodeKeyboard":true,"platformName":"Android","deviceName":"022TAS7N51009853","resetKeyboard":true},"appPackage":"com.play.android","appActivity":"com.play.android.activity.SplashActivity","app":"D:\\workSpace\\EclipseProjects\\AppiumForEclipse\\apps\\play.apk","noSign":true,"unicodeKeyboard":true,"platformName":"Android","deviceName":"85GBBMA2353T","resetKeyboard":true,"deviceUDID":"85GBBMA2353T","platformVersion":"5.1","deviceScreenSize":"1080x1920","deviceModel":"MX5","deviceManufacturer":"Meizu"}
2017-05-31 08:04:14:553 - info: [HTTP] <-- POST /wd/hub/session 200 37736 ms - 961 
2017-05-31 08:04:16:471 - info: [HTTP] --> POST /wd/hub/session/7327d7a7-5470-485b-bcdb-5fcd2e80dfd8/timeouts {"type":"implicit","ms":20000}
2017-05-31 08:04:16:473 - info: [debug] [MJSONWP] Calling AppiumDriver.timeouts() with args: ["implicit",20000,"7327d7a7-5470-485b-bcdb-5fcd2e80dfd8"]
2017-05-31 08:04:16:475 - info: [debug] [BaseDriver] Set implicit wait to 20000ms
2017-05-31 08:04:16:477 - info: [debug] [MJSONWP] Responding to client with driver.timeouts() result: null
2017-05-31 08:04:16:478 - info: [HTTP] <-- POST /wd/hub/session/7327d7a7-5470-485b-bcdb-5fcd2e80dfd8/timeouts 200 6 ms - 76 
2017-05-31 08:04:16:808 - info: [HTTP] --> POST /wd/hub/session/7327d7a7-5470-485b-bcdb-5fcd2e80dfd8/timeouts {"type":"implicit","ms":20000}
2017-05-31 08:04:16:808 - info: [debug] [MJSONWP] Calling AppiumDriver.timeouts() with args: ["implicit",20000,"7327d7a7-5470-485b-bcdb-5fcd2e80dfd8"]
2017-05-31 08:04:16:808 - info: [debug] [BaseDriver] Set implicit wait to 20000ms
2017-05-31 08:04:16:808 - info: [debug] [MJSONWP] Responding to client with driver.timeouts() result: null
2017-05-31 08:04:16:808 - info: [HTTP] <-- POST /wd/hub/session/7327d7a7-5470-485b-bcdb-5fcd2e80dfd8/timeouts 200 4 ms - 76 
2017-05-31 08:04:16:839 - info: [HTTP] --> GET /wd/hub/session/7327d7a7-5470-485b-bcdb-5fcd2e80dfd8/appium/device/current_activity {}
2017-05-31 08:04:16:839 - info: [debug] [MJSONWP] Calling AppiumDriver.getCurrentActivity() with args: ["7327d7a7-5470-485b-bcdb-5fcd2e80dfd8"]
2017-05-31 08:04:16:839 - info: [debug] [ADB] Getting focused package and activity
2017-05-31 08:04:16:839 - info: [debug] [ADB] Getting connected devices...
2017-05-31 08:04:16:871 - info: [debug] [ADB] 1 device(s) connected
2017-05-31 08:04:16:871 - info: [debug] [ADB] Running 'D:\SoftWare\SDK\platform-tools\adb.exe' with args: ["-P",5037,"-s","85GBBMA2353T","shell","dumpsys","window","windows"]
2017-05-31 08:04:16:964 - info: [debug] [MJSONWP] Responding to client with driver.getCurrentActivity() result: ".activity.main.HomeActivity"
2017-05-31 08:04:16:964 - info: [HTTP] <-- GET /wd/hub/session/7327d7a7-5470-485b-bcdb-5fcd2e80dfd8/appium/device/current_activity 200 125 ms - 101 
2017-05-31 08:04:17:011 - info: [HTTP] --> POST /wd/hub/session/7327d7a7-5470-485b-bcdb-5fcd2e80dfd8/timeouts {"type":"implicit","ms":0}
2017-05-31 08:04:17:011 - info: [debug] [MJSONWP] Calling AppiumDriver.timeouts() with args: ["implicit",0,"7327d7a7-5470-485b-bcdb-5fcd2e80dfd8"]
2017-05-31 08:04:17:011 - info: [debug] [BaseDriver] Set implicit wait to 0ms
2017-05-31 08:04:17:011 - info: [debug] [MJSONWP] Responding to client with driver.timeouts() result: null
2017-05-31 08:04:17:011 - info: [HTTP] <-- POST /wd/hub/session/7327d7a7-5470-485b-bcdb-5fcd2e80dfd8/timeouts 200 6 ms - 76 
2017-05-31 08:04:17:073 - info: [HTTP] --> GET /wd/hub/session/7327d7a7-5470-485b-bcdb-5fcd2e80dfd8/context {}
2017-05-31 08:04:17:073 - info: [debug] [MJSONWP] Calling AppiumDriver.getCurrentContext() with args: ["7327d7a7-5470-485b-bcdb-5fcd2e80dfd8"]
2017-05-31 08:04:17:073 - info: [debug] [MJSONWP] Responding to client with driver.getCurrentContext() result: "NATIVE_APP"
2017-05-31 08:04:17:073 - info: [HTTP] <-- GET /wd/hub/session/7327d7a7-5470-485b-bcdb-5fcd2e80dfd8/context 200 8 ms - 84 
2017-05-31 08:04:17:089 - info: [HTTP] --> POST /wd/hub/session/7327d7a7-5470-485b-bcdb-5fcd2e80dfd8/elements {"using":"id","value":"com.play.android:id/sdv_image"}
2017-05-31 08:04:17:089 - info: [debug] [MJSONWP] Calling AppiumDriver.findElements() with args: ["id","com.play.android:id/sdv_image","7327d7a7-5470-485b-bcdb-5fcd2e80dfd8"]
2017-05-31 08:04:17:089 - info: [debug] [BaseDriver] Valid locator strategies for this request: xpath, id, class name, accessibility id, -android uiautomator
2017-05-31 08:04:17:089 - info: [debug] [BaseDriver] Valid locator strategies for this request: xpath, id, class name, accessibility id, -android uiautomator
2017-05-31 08:04:17:089 - info: [debug] [BaseDriver] Waiting up to 0 ms for condition
2017-05-31 08:04:17:089 - info: [debug] [AndroidBootstrap] Sending command to android: {"cmd":"action","action":"find","params":{"strategy":"id","selector":"com.play.android:id/sdv_image","context":"","multiple":true}}
2017-05-31 08:04:17:105 - info: [AndroidBootstrap] [BOOTSTRAP LOG] [debug] Got data from client: {"cmd":"action","action":"find","params":{"strategy":"id","selector":"com.play.android:id/sdv_image","context":"","multiple":true}}
2017-05-31 08:04:17:105 - info: [AndroidBootstrap] [BOOTSTRAP LOG] [debug] Got command of type ACTION
2017-05-31 08:04:17:105 - info: [AndroidBootstrap] [BOOTSTRAP LOG] [debug] Got command action: find
2017-05-31 08:04:17:105 - info: [AndroidBootstrap] [BOOTSTRAP LOG] [debug] Finding 'com.play.android:id/sdv_image' using 'ID' with the contextId: '' multiple: true
2017-05-31 08:04:17:105 - info: [AndroidBootstrap] [BOOTSTRAP LOG] [debug] Using: UiSelector[RESOURCE_ID=com.play.android:id/sdv_image]
2017-05-31 08:04:17:105 - info: [AndroidBootstrap] [BOOTSTRAP LOG] [debug] getElements selector:UiSelector[RESOURCE_ID=com.play.android:id/sdv_image]
2017-05-31 08:04:17:105 - info: [AndroidBootstrap] [BOOTSTRAP LOG] [debug] Element[] is null: (0)
2017-05-31 08:04:17:105 - info: [AndroidBootstrap] [BOOTSTRAP LOG] [debug] getElements tmp selector:UiSelector[INSTANCE=0, RESOURCE_ID=com.play.android:id/sdv_image]
2017-05-31 08:04:17:183 - info: [AndroidBootstrap] [BOOTSTRAP LOG] [debug] Element[] is null: (1)
2017-05-31 08:04:17:183 - info: [AndroidBootstrap] [BOOTSTRAP LOG] [debug] getElements tmp selector:UiSelector[INSTANCE=1, RESOURCE_ID=com.play.android:id/sdv_image]
2017-05-31 08:04:17:198 - info: [AndroidBootstrap] [BOOTSTRAP LOG] [debug] Element[] is null: (2)
2017-05-31 08:04:17:214 - info: [AndroidBootstrap] [BOOTSTRAP LOG] [debug] getElements tmp selector:UiSelector[INSTANCE=2, RESOURCE_ID=com.play.android:id/sdv_image]
2017-05-31 08:04:17:245 - info: [AndroidBootstrap] [BOOTSTRAP LOG] [debug] Returning result: {"status":0,"value":[{"ELEMENT":"1"},{"ELEMENT":"2"}]}
2017-05-31 08:04:17:245 - info: [debug] [AndroidBootstrap] Received command result from bootstrap
2017-05-31 08:04:17:245 - info: [debug] [MJSONWP] Responding to client with driver.findElements() result: [{"ELEMENT":"1"},{"ELEMENT":"2"}]
2017-05-31 08:04:17:261 - info: [HTTP] <-- POST /wd/hub/session/7327d7a7-5470-485b-bcdb-5fcd2e80dfd8/elements 200 169 ms - 105 
2017-05-31 08:04:17:604 - info: [HTTP] --> POST /wd/hub/session/7327d7a7-5470-485b-bcdb-5fcd2e80dfd8/timeouts {"type":"implicit","ms":5000}
2017-05-31 08:04:17:604 - info: [debug] [MJSONWP] Calling AppiumDriver.timeouts() with args: ["implicit",5000,"7327d7a7-5470-485b-bcdb-5fcd2e80dfd8"]
2017-05-31 08:04:17:604 - info: [debug] [BaseDriver] Set implicit wait to 5000ms
2017-05-31 08:04:17:604 - info: [debug] [MJSONWP] Responding to client with driver.timeouts() result: null
2017-05-31 08:04:17:604 - info: [HTTP] <-- POST /wd/hub/session/7327d7a7-5470-485b-bcdb-5fcd2e80dfd8/timeouts 200 3 ms - 76 
2017-05-31 08:04:17:651 - info: [HTTP] --> POST /wd/hub/session/7327d7a7-5470-485b-bcdb-5fcd2e80dfd8/timeouts {"type":"implicit","ms":0}
2017-05-31 08:04:17:651 - info: [debug] [MJSONWP] Calling AppiumDriver.timeouts() with args: ["implicit",0,"7327d7a7-5470-485b-bcdb-5fcd2e80dfd8"]
2017-05-31 08:04:17:651 - info: [debug] [BaseDriver] Set implicit wait to 0ms
2017-05-31 08:04:17:651 - info: [debug] [MJSONWP] Responding to client with driver.timeouts() result: null
2017-05-31 08:04:17:651 - info: [HTTP] <-- POST /wd/hub/session/7327d7a7-5470-485b-bcdb-5fcd2e80dfd8/timeouts 200 4 ms - 76 
2017-05-31 08:04:17:666 - info: [HTTP] --> GET /wd/hub/session/7327d7a7-5470-485b-bcdb-5fcd2e80dfd8/context {}
2017-05-31 08:04:17:666 - info: [debug] [MJSONWP] Calling AppiumDriver.getCurrentContext() with args: ["7327d7a7-5470-485b-bcdb-5fcd2e80dfd8"]
2017-05-31 08:04:17:666 - info: [debug] [MJSONWP] Responding to client with driver.getCurrentContext() result: "NATIVE_APP"
2017-05-31 08:04:17:666 - info: [HTTP] <-- GET /wd/hub/session/7327d7a7-5470-485b-bcdb-5fcd2e80dfd8/context 200 4 ms - 84 
2017-05-31 08:04:17:682 - info: [HTTP] --> POST /wd/hub/session/7327d7a7-5470-485b-bcdb-5fcd2e80dfd8/elements {"using":"id","value":"com.play.android:id/sdv_image"}
2017-05-31 08:04:17:682 - info: [debug] [MJSONWP] Calling AppiumDriver.findElements() with args: ["id","com.play.android:id/sdv_image","7327d7a7-5470-485b-bcdb-5fcd2e80dfd8"]
2017-05-31 08:04:17:682 - info: [debug] [BaseDriver] Valid locator strategies for this request: xpath, id, class name, accessibility id, -android uiautomator
2017-05-31 08:04:17:682 - info: [debug] [BaseDriver] Valid locator strategies for this request: xpath, id, class name, accessibility id, -android uiautomator
2017-05-31 08:04:17:682 - info: [debug] [BaseDriver] Waiting up to 0 ms for condition
2017-05-31 08:04:17:682 - info: [debug] [AndroidBootstrap] Sending command to android: {"cmd":"action","action":"find","params":{"strategy":"id","selector":"com.play.android:id/sdv_image","context":"","multiple":true}}
2017-05-31 08:04:17:682 - info: [AndroidBootstrap] [BOOTSTRAP LOG] [debug] Got data from client: {"cmd":"action","action":"find","params":{"strategy":"id","selector":"com.play.android:id/sdv_image","context":"","multiple":true}}
2017-05-31 08:04:17:682 - info: [AndroidBootstrap] [BOOTSTRAP LOG] [debug] Got command of type ACTION
2017-05-31 08:04:17:682 - info: [AndroidBootstrap] [BOOTSTRAP LOG] [debug] Got command action: find
2017-05-31 08:04:17:682 - info: [AndroidBootstrap] [BOOTSTRAP LOG] [debug] Finding 'com.play.android:id/sdv_image' using 'ID' with the contextId: '' multiple: true
2017-05-31 08:04:17:682 - info: [AndroidBootstrap] [BOOTSTRAP LOG] [debug] Using: UiSelector[RESOURCE_ID=com.play.android:id/sdv_image]
2017-05-31 08:04:17:682 - info: [AndroidBootstrap] [BOOTSTRAP LOG] [debug] getElements selector:UiSelector[RESOURCE_ID=com.play.android:id/sdv_image]
2017-05-31 08:04:17:682 - info: [AndroidBootstrap] [BOOTSTRAP LOG] [debug] Element[] is null: (0)
2017-05-31 08:04:17:682 - info: [AndroidBootstrap] [BOOTSTRAP LOG] [debug] getElements tmp selector:UiSelector[INSTANCE=0, RESOURCE_ID=com.play.android:id/sdv_image]
2017-05-31 08:04:17:697 - info: [AndroidBootstrap] [BOOTSTRAP LOG] [debug] Element[] is null: (1)
2017-05-31 08:04:17:697 - info: [AndroidBootstrap] [BOOTSTRAP LOG] [debug] getElements tmp selector:UiSelector[INSTANCE=1, RESOURCE_ID=com.play.android:id/sdv_image]
2017-05-31 08:04:17:713 - info: [AndroidBootstrap] [BOOTSTRAP LOG] [debug] Element[] is null: (2)
2017-05-31 08:04:17:713 - info: [AndroidBootstrap] [BOOTSTRAP LOG] [debug] getElements tmp selector:UiSelector[INSTANCE=2, RESOURCE_ID=com.play.android:id/sdv_image]
2017-05-31 08:04:17:745 - info: [AndroidBootstrap] [BOOTSTRAP LOG] [debug] Returning result: {"status":0,"value":[{"ELEMENT":"3"},{"ELEMENT":"4"}]}
2017-05-31 08:04:17:745 - info: [debug] [AndroidBootstrap] Received command result from bootstrap
2017-05-31 08:04:17:745 - info: [debug] [MJSONWP] Responding to client with driver.findElements() result: [{"ELEMENT":"3"},{"ELEMENT":"4"}]
2017-05-31 08:04:17:745 - info: [HTTP] <-- POST /wd/hub/session/7327d7a7-5470-485b-bcdb-5fcd2e80dfd8/elements 200 65 ms - 105 
2017-05-31 08:04:17:995 - info: [HTTP] --> POST /wd/hub/session/7327d7a7-5470-485b-bcdb-5fcd2e80dfd8/timeouts {"type":"implicit","ms":5000}
2017-05-31 08:04:17:995 - info: [debug] [MJSONWP] Calling AppiumDriver.timeouts() with args: ["implicit",5000,"7327d7a7-5470-485b-bcdb-5fcd2e80dfd8"]
2017-05-31 08:04:17:995 - info: [debug] [BaseDriver] Set implicit wait to 5000ms
2017-05-31 08:04:17:995 - info: [debug] [MJSONWP] Responding to client with driver.timeouts() result: null
2017-05-31 08:04:17:995 - info: [HTTP] <-- POST /wd/hub/session/7327d7a7-5470-485b-bcdb-5fcd2e80dfd8/timeouts 200 5 ms - 76 
2017-05-31 08:04:18:026 - info: [HTTP] --> POST /wd/hub/session/7327d7a7-5470-485b-bcdb-5fcd2e80dfd8/element/4/click {"id":"4"}
2017-05-31 08:04:18:026 - info: [debug] [MJSONWP] Calling AppiumDriver.click() with args: ["4","7327d7a7-5470-485b-bcdb-5fcd2e80dfd8"]
2017-05-31 08:04:18:026 - info: [debug] [AndroidBootstrap] Sending command to android: {"cmd":"action","action":"element:click","params":{"elementId":"4"}}
2017-05-31 08:04:18:026 - info: [AndroidBootstrap] [BOOTSTRAP LOG] [debug] Got data from client: {"cmd":"action","action":"element:click","params":{"elementId":"4"}}
2017-05-31 08:04:18:042 - info: [AndroidBootstrap] [BOOTSTRAP LOG] [debug] Got command of type ACTION
2017-05-31 08:04:18:042 - info: [AndroidBootstrap] [BOOTSTRAP LOG] [debug] Got command action: click
2017-05-31 08:04:18:182 - info: [AndroidBootstrap] [BOOTSTRAP LOG] [debug] Returning result: {"status":0,"value":true}
2017-05-31 08:04:18:182 - info: [debug] [AndroidBootstrap] Received command result from bootstrap
2017-05-31 08:04:18:198 - info: [debug] [MJSONWP] Responding to client with driver.click() result: true
2017-05-31 08:04:18:198 - info: [HTTP] <-- POST /wd/hub/session/7327d7a7-5470-485b-bcdb-5fcd2e80dfd8/element/4/click 200 170 ms - 76 
2017-05-31 08:04:18:213 - info: [HTTP] --> GET /wd/hub/session/7327d7a7-5470-485b-bcdb-5fcd2e80dfd8/appium/device/current_activity {}
2017-05-31 08:04:18:213 - info: [debug] [MJSONWP] Calling AppiumDriver.getCurrentActivity() with args: ["7327d7a7-5470-485b-bcdb-5fcd2e80dfd8"]
2017-05-31 08:04:18:213 - info: [debug] [ADB] Getting focused package and activity
2017-05-31 08:04:18:213 - info: [debug] [ADB] Getting connected devices...
2017-05-31 08:04:18:244 - info: [debug] [ADB] 1 device(s) connected
2017-05-31 08:04:18:244 - info: [debug] [ADB] Running 'D:\SoftWare\SDK\platform-tools\adb.exe' with args: ["-P",5037,"-s","85GBBMA2353T","shell","dumpsys","window","windows"]
2017-05-31 08:04:18:307 - info: [debug] [MJSONWP] Responding to client with driver.getCurrentActivity() result: ".activity.product.ProductClassifitionActivity"
2017-05-31 08:04:18:307 - info: [HTTP] <-- GET /wd/hub/session/7327d7a7-5470-485b-bcdb-5fcd2e80dfd8/appium/device/current_activity 200 106 ms - 119 
2017-05-31 08:04:18:338 - info: [HTTP] --> GET /wd/hub/session/7327d7a7-5470-485b-bcdb-5fcd2e80dfd8/contexts {}
2017-05-31 08:04:18:338 - info: [debug] [MJSONWP] Calling AppiumDriver.getContexts() with args: ["7327d7a7-5470-485b-bcdb-5fcd2e80dfd8"]
2017-05-31 08:04:18:338 - info: [debug] [AndroidDriver] Getting a list of available webviews
2017-05-31 08:04:18:338 - info: [debug] [ADB] Getting connected devices...
2017-05-31 08:04:18:385 - info: [debug] [ADB] 1 device(s) connected
2017-05-31 08:04:18:385 - info: [debug] [ADB] Running 'D:\SoftWare\SDK\platform-tools\adb.exe' with args: ["-P",5037,"-s","85GBBMA2353T","shell","cat","/proc/net/unix"]
2017-05-31 08:04:18:432 - info: [debug] [AndroidDriver] Found webviews: []
2017-05-31 08:04:18:432 - info: [debug] [AndroidDriver] Available contexts: ["NATIVE_APP"]
2017-05-31 08:04:18:432 - info: [debug] [MJSONWP] Responding to client with driver.getContexts() result: ["NATIVE_APP"]
2017-05-31 08:04:18:432 - info: [HTTP] <-- GET /wd/hub/session/7327d7a7-5470-485b-bcdb-5fcd2e80dfd8/contexts 200 95 ms - 86 
2017-05-31 08:04:18:447 - info: [HTTP] --> GET /wd/hub/session/7327d7a7-5470-485b-bcdb-5fcd2e80dfd8/source {}
2017-05-31 08:04:18:447 - info: [debug] [MJSONWP] Calling AppiumDriver.getPageSource() with args: ["7327d7a7-5470-485b-bcdb-5fcd2e80dfd8"]
2017-05-31 08:04:18:447 - info: [debug] [AndroidBootstrap] Sending command to android: {"cmd":"action","action":"source","params":{}}
2017-05-31 08:04:18:447 - info: [AndroidBootstrap] [BOOTSTRAP LOG] [debug] Got data from client: {"cmd":"action","action":"source","params":{}}
2017-05-31 08:04:18:447 - info: [AndroidBootstrap] [BOOTSTRAP LOG] [debug] Got command of type ACTION
2017-05-31 08:04:18:447 - info: [AndroidBootstrap] [BOOTSTRAP LOG] [debug] Got command action: source
2017-05-31 08:04:19:728 - info: [debug] [AndroidBootstrap] [UIAUTO STDOUT] [APPIUM-UIAUTO] [debug] Returning result: {"status":0,"value":"<?xml version=\"1.0\" encoding=\"UTF-8\"?><hierarchy rotation=\"0\"><android.widget.FrameLayout index=\"0\" text=\"\" class=\"android.widget.FrameLayout\" package=\"com.play.android\" content-desc=\"\" checkable=\"false\" checked=\"false\" clickable=\"false\" enabled=\"true\" focusable=\"false\" focused=\"false\" scrollable=\"false\" long-clickable=\"false\" password=\"false\" selected=\"false\" bounds=\"[0,0][1080,1920]\" resource-id=\"\" instance=\"0\"><android.widget.LinearLayout index=\"0\" text=\"\" class=\"android.widget.LinearLayout\" package=\"com.play.android\" content-desc=\"\" checkable=\"false\" checked=\"false\" clickable=\"false\" enabled=\"true\" focusable=\"false\" focused=\"false\" scrollable=\"false\" long-clickable=\"false\" password=\"false\" selected=\"false\" bounds=\"[0,0][1080,1920]\" resource-id=\"\" instance=\"0\"><android.widget.FrameLayout index=\"0\" text=\"\" class=\"android.widget.FrameLayout\" package=\"com.play.android\" content-desc=\"\" checkable=\"false\" checked=\"false\" clickable=\"false\" enabled=\"true\" focusable=\"false\" focused=\"false\" scrollable=\"false\" long-clickable=\"false\" password=\"false\" selected=\"false\" bounds=\"[0,66][1080,1920]\" resource-id=\"\" instance=\"1\"><android.widget.LinearLayout index=\"0\" text=\"\" class=\"android.widget.LinearLayout\" package=\"com.play.android\" content-desc=\"\" checkable=\"false\" checked=\"false\" clickable=\"false\" enabled=\"true\" focusable=\"false\" focused=\"false\" scrollable=\"false\" long-clickable=\"false\" password=\"false\" selected=\"false\" bounds=\"[0,66][1080,1920]\" resource-id=\"com.play.android:id\/action_bar_root\" instance=\"1\"><android.widget.FrameLayout index=\"0\" text=\"\" class=\"android.widget.FrameLayout\" package=\"com.play.android\" content-desc=\"\" checkable=\"false\" checked=\"false\" clickable=\"false\" enabled=\"true\" focusable=\"false\" focused=\"false\" scrollable=\"false\" long-clickable=\"false\" password=\"false\" selected=\"false\" bounds=\"[0,66][1080,1920]\" resource-id=\"android:id\/content\" instance=\"2\"><android.widget.RelativeLayout index=\"0\" text=\"\" class=\"android.widget.RelativeLayout\" package=\"com.play.android\" content-desc=\"\" checkable=\"false\" checked=\"false\" clickable=\"false\" enabled=\"true\" focusable=\"false\" focused=\"false\" scrollable=\"false\" long-clickable=\"false\" password=\"false\" selected=\"false\" bounds=\"[0,66][1080,1920]\" resource-id=\"com.play.android:id\/activity_home\" instance=\"0\"><android.widget.LinearLayout index=\"0\" text=\"\" class=\"android.widget.LinearLayout\" package=\"com.play.android\" content-desc=\"\" checkable=\"false\" checked=\"false\" clickable=\"false\" enabled=\"true\" focusable=\"false\" focused=\"false\" scrollable=\"false\" long-clickable=\"false\" password=\"false\" selected=\"false\" bounds=\"[0,66][1080,1920]\" resource-id=\"\" instance=\"2\"><android.widget.RelativeLayout index=\"0\" text=\"\" class=\"android.widget.RelativeLayout\" package=\"com.play.android\" content-desc=\"\" checkable=\"false\" checked=\"false\" clickable=\"false\" enabled=\"true\" focusable=\"false\" focused=\"false\" scrollable=\"false\" long-clickable=\"false\" password=\"false\" selected=\"false\" bounds=\"[0,66][1080,1785]\" resource-id=\"\" instance=\"1\"><android.widget.RelativeLayout index=\"0\" text=\"\" class=\"android.widget.RelativeLayout\" package=\"com.play.android\" content-desc=\"\" checkable=\"false\" checked=\"false\" clickable=\"false\" enabled=\"true\" focusable=\"false\" focused=\"false\" scrollable=\"false\" long-clickable=\"false\" password=\"false\" selected=\"false\" bounds=\"[0,66][1080,1785]\" resource-id=\"com.play.android:id\/rl_fragment\" instance=\"2\"><android.widget.LinearLayout index=\"0\" text=\"\" class=\"android.widget.LinearLayout\" package=\"com.play.android\" content-desc=\"\" checkable=\"false\" checked=\"false\" clickable=\"false\" enabled=\"true\" focusable=\"false\" focused=\"false\" scrollable=\"false\" long-clickable=\"false\"
2017-05-31 08:04:19:728 - info: [debug] [AndroidBootstrap] [UIAUTO STDOUT]  password=\"false\" selected=\"false\" bounds=\"[0,66][1080,1785]\" resource-id=\"\" instance=\"3\"><android.view.View index=\"0\" text=\"\" class=\"android.view.View\" package=\"com.play.android\" content-desc=\"\" checkable=\"false\" checked=\"false\" clickable=\"false\" enabled=\"true\" focusable=\"false\" focused=\"false\" scrollable=\"false\" long-clickable=\"false\" password=\"false\" selected=\"false\" bounds=\"[0,66][1080,1785]\" resource-id=\"com.play.android:id\/srf_category\" instance=\"0\"><android.support.v7.widget.RecyclerView index=\"0\" text=\"\" class=\"android.support.v7.widget.RecyclerView\" package=\"com.play.android\" content-desc=\"\" checkable=\"false\" checked=\"false\" clickable=\"false\" enabled=\"true\" focusable=\"true\" focused=\"true\" scrollable=\"true\" long-clickable=\"false\" password=\"false\" selected=\"false\" bounds=\"[0,66][1080,1785]\" resource-id=\"com.play.android:id\/rcv_categories\" instance=\"0\"><android.widget.LinearLayout index=\"0\" text=\"\" class=\"android.widget.LinearLayout\" package=\"com.play.android\" content-desc=\"\" checkable=\"false\" checked=\"false\" clickable=\"false\" enabled=\"true\" focusable=\"false\" focused=\"false\" scrollable=\"false\" long-clickable=\"false\" password=\"false\" selected=\"false\" bounds=\"[0,66][1080,786]\" resource-id=\"\" instance=\"4\"><android.widget.LinearLayout index=\"0\" text=\"\" class=\"android.widget.LinearLayout\" package=\"com.play.android\" content-desc=\"\" checkable=\"false\" checked=\"false\" clickable=\"false\" enabled=\"true\" focusable=\"false\" focused=\"false\" scrollable=\"false\" long-clickable=\"false\" password=\"false\" selected=\"false\" bounds=\"[0,66][1080,786]\" resource-id=\"com.play.android:id\/cb_banner\" instance=\"5\"><android.widget.LinearLayout index=\"0\" text=\"\" class=\"android.widget.LinearLayout\" package=\"com.play.android\" content-desc=\"\" checkable=\"false\" checked=\"false\" clickable=\"false\" enabled=\"true\" focusable=\"false\" focused=\"false\" scrollable=\"false\" long-clickable=\"false\" password=\"false\" selected=\"false\" bounds=\"[0,66][1080,786]\" resource-id=\"\" instance=\"6\"><android.widget.RelativeLayout index=\"0\" text=\"\" class=\"android.widget.RelativeLayout\" package=\"com.play.android\" content-desc=\"\" checkable=\"false\" checked=\"false\" clickable=\"false\" enabled=\"true\" focusable=\"false\" focused=\"false\" scrollable=\"false\" long-clickable=\"false\" password=\"false\" selected=\"false\" bounds=\"[0,66][1080,786]\" resource-id=\"\" instance=\"3\"><android.support.v4.view.ViewPager index=\"0\" text=\"\" class=\"android.support.v4.view.ViewPager\" package=\"com.play.android\" content-desc=\"\" checkable=\"false\" checked=\"false\" clickable=\"false\" enabled=\"true\" focusable=\"true\" focused=\"false\" scrollable=\"true\" long-clickable=\"false\" password=\"false\" selected=\"false\" bounds=\"[0,66][1080,786]\" resource-id=\"com.play.android:id\/cbLoopViewPager\" instance=\"0\"><android.widget.ImageView NAF=\"true\" index=\"1\" text=\"\" class=\"android.widget.ImageView\" package=\"com.play.android\" content-desc=\"\" checkable=\"false\" checked=\"false\" clickable=\"true\" enabled=\"true\" focusable=\"false\" focused=\"false\" scrollable=\"false\" long-clickable=\"false\" password=\"false\" selected=\"false\" bounds=\"[0,66][1080,786]\" resource-id=\"\" instance=\"0\"\/><\/android.support.v4.view.ViewPager><android.widget.LinearLayout index=\"1\" text=\"\" class=\"android.widget.LinearLayout\" package=\"com.play.android\" content-desc=\"\" checkable=\"false\" checked=\"false\" clickable=\"false\" enabled=\"true\" focusable=\"false\" focused=\"false\" scrollable=\"false\" long-clickable=\"false\" password=\"false\" selected=\"false\" bounds=\"[524,735][555,756]\" resource-id=\"com.play.android:id\/loPageTurningPoint\" instance=\"7\"><android.widget.ImageView index=\"0\" text=\"\" class=\"android.widget.ImageView\" package=\"com.play.android\" content-desc=\"\" checkable=\"false\" checked=\"false\" clickable=\"false\" enabled=\"true\" focusable=\"false\"
2017-05-31 08:04:19:776 - info: [debug] [AndroidBootstrap] Received command result from bootstrap
2017-05-31 08:04:19:776 - info: [debug] [AndroidBootstrap] Stream still not complete, waiting
2017-05-31 08:04:19:776 - info: [debug] [AndroidBootstrap] [UIAUTO STDOUT]  focused=\"false\" scrollable=\"false\" long-clickable=\"false\" password=\"false\" selected=\"false\" bounds=\"[524,735][555,756]\" resource-id=\"\" instance=\"1\"\/><\/android.widget.LinearLayout><\/android.widget.RelativeLayout><\/android.widget.LinearLayout><\/android.widget.LinearLayout><\/android.widget.LinearLayout><android.widget.RelativeLayout index=\"1\" text=\"\" class=\"android.widget.RelativeLayout\" package=\"com.play.android\" content-desc=\"\" checkable=\"false\" checked=\"false\" clickable=\"false\" enabled=\"true\" focusable=\"false\" focused=\"false\" scrollable=\"false\" long-clickable=\"false\" password=\"false\" selected=\"false\" bounds=\"[0,786][1080,1434]\" resource-id=\"\" instance=\"4\"><android.widget.ImageView NAF=\"true\" index=\"0\" text=\"\" class=\"android.widget.ImageView\" package=\"com.play.android\" content-desc=\"\" checkable=\"false\" checked=\"false\" clickable=\"true\" enabled=\"true\" focusable=\"false\" focused=\"false\" scrollable=\"false\" long-clickable=\"false\" password=\"false\" selected=\"false\" bounds=\"[0,786][1080,1434]\" resource-id=\"com.play.android:id\/sdv_image\" instance=\"2\"\/><\/android.widget.RelativeLayout><android.widget.RelativeLayout index=\"2\" text=\"\" class=\"android.widget.RelativeLayout\" package=\"com.play.android\" content-desc=\"\" checkable=\"false\" checked=\"false\" clickable=\"false\" enabled=\"true\" focusable=\"false\" focused=\"false\" scrollable=\"false\" long-clickable=\"false\" password=\"false\" selected=\"false\" bounds=\"[0,1434][1080,1785]\" resource-id=\"\" instance=\"5\"><android.widget.ImageView NAF=\"true\" index=\"0\" text=\"\" class=\"android.widget.ImageView\" package=\"com.play.android\" content-desc=\"\" checkable=\"false\" checked=\"false\" clickable=\"true\" enabled=\"true\" focusable=\"false\" focused=\"false\" scrollable=\"false\" long-clickable=\"false\" password=\"false\" selected=\"false\" bounds=\"[0,1434][1080,1785]\" resource-id=\"com.play.android:id\/sdv_image\" instance=\"3\"\/><\/android.widget.RelativeLayout><\/android.support.v7.widget.RecyclerView><\/android.view.View><\/android.widget.LinearLayout><\/android.widget.RelativeLayout><android.widget.TextView index=\"1\" text=\"您当前正在使用Wifi\" class=\"android.widget.TextView\" package=\"com.play.android\" content-desc=\"\" checkable=\"false\" checked=\"false\" clickable=\"false\" enabled=\"true\" focusable=\"false\" focused=\"false\" scrollable=\"false\" long-clickable=\"false\" password=\"false\" selected=\"false\" bounds=\"[292,1658][788,1755]\" resource-id=\"com.play.android:id\/tv_connect_state\" instance=\"0\"\/><\/android.widget.RelativeLayout><android.widget.LinearLayout index=\"1\" text=\"\" class=\"android.widget.LinearLayout\" package=\"com.play.android\" content-desc=\"\" checkable=\"false\" checked=\"false\" clickable=\"false\" enabled=\"true\" focusable=\"false\" focused=\"false\" scrollable=\"false\" long-clickable=\"false\" password=\"false\" selected=\"false\" bounds=\"[0,1785][1080,1920]\" resource-id=\"\" instance=\"8\"><android.widget.LinearLayout index=\"0\" text=\"\" class=\"android.widget.LinearLayout\" package=\"com.play.android\" content-desc=\"\" checkable=\"false\" checked=\"false\" clickable=\"false\" enabled=\"true\" focusable=\"false\" focused=\"false\" scrollable=\"false\" long-clickable=\"false\" password=\"false\" selected=\"false\" bounds=\"[0,1785][1080,1920]\" resource-id=\"\" instance=\"9\"><android.view.View index=\"0\" text=\"\" class=\"android.view.View\" package=\"com.play.android\" content-desc=\"\" checkable=\"false\" checked=\"false\" clickable=\"false\" enabled=\"true\" focusable=\"false\" focused=\"false\" scrollable=\"false\" long-clickable=\"false\" password=\"false\" selected=\"false\" bounds=\"[0,1785][108,1920]\" resource-id=\"\" instance=\"1\"\/><android.view.View index=\"1\" text=\"\" class=\"android.view.View\" package=\"com.play.android\" content-desc=\"\" checkable=\"false\" checked=\"false\" clickable=\"true\" enabled=\"true\" focusable=\"false\" focused=\"false\" scrollable=\"false\" long-clic
2017-05-31 08:04:19:776 - info: [debug] [AndroidBootstrap] [UIAUTO STDOUT] kable=\"false\" password=\"false\" selected=\"false\" bounds=\"[108,1785][396,1920]\" resource-id=\"com.play.android:id\/btn_diy\" instance=\"2\"><android.widget.TextView index=\"0\" text=\"定 制\" class=\"android.widget.TextView\" package=\"com.play.android\" content-desc=\"\" checkable=\"false\" checked=\"false\" clickable=\"false\" enabled=\"true\" focusable=\"false\" focused=\"false\" scrollable=\"false\" long-clickable=\"false\" password=\"false\" selected=\"false\" bounds=\"[218,1880][286,1915]\" resource-id=\"\" instance=\"1\"\/><android.widget.ImageView index=\"1\" text=\"\" class=\"android.widget.ImageView\" package=\"com.play.android\" content-desc=\"\" checkable=\"false\" checked=\"false\" clickable=\"false\" enabled=\"true\" focusable=\"false\" focused=\"false\" scrollable=\"false\" long-clickable=\"false\" password=\"false\" selected=\"false\" bounds=\"[225,1785][279,1907]\" resource-id=\"\" instance=\"4\"\/><\/android.view.View><android.widget.RelativeLayout index=\"2\" text=\"\" class=\"android.widget.RelativeLayout\" package=\"com.play.android\" content-desc=\"\" checkable=\"false\" checked=\"false\" clickable=\"false\" enabled=\"true\" focusable=\"false\" focused=\"false\" scrollable=\"false\" long-clickable=\"false\" password=\"false\" selected=\"false\" bounds=\"[396,1785][684,1920]\" resource-id=\"\" instance=\"6\"><android.widget.ImageView index=\"0\" text=\"\" class=\"android.widget.ImageView\" package=\"com.play.android\" content-desc=\"\" checkable=\"false\" checked=\"false\" clickable=\"false\" enabled=\"true\" focusable=\"false\" focused=\"false\" scrollable=\"false\" long-clickable=\"false\" password=\"false\" selected=\"false\" bounds=\"[450,1785][630,1920]\" resource-id=\"\" instance=\"5\"\/><\/android.widget.RelativeLayout><android.view.View index=\"3\" text=\"\" class=\"android.view.View\" package=\"com.play.android\" content-desc=\"\" checkable=\"false\" checked=\"false\" clickable=\"true\" enabled=\"true\" focusable=\"false\" focused=\"false\" scrollable=\"false\" long-clickable=\"false\" password=\"false\" selected=\"false\" bounds=\"[684,1785][972,1920]\" resource-id=\"com.play.android:id\/btn_profile\" instance=\"3\"><android.widget.TextView index=\"0\" text=\"我 的\" class=\"android.widget.TextView\" package=\"com.play.android\" content-desc=\"\" checkable=\"false\" checked=\"false\" clickable=\"false\" enabled=\"true\" focusable=\"false\" focused=\"false\" scrollable=\"false\" long-clickable=\"false\" password=\"false\" selected=\"false\" bounds=\"[794,1880][862,1915]\" resource-id=\"\" instance=\"2\"\/><android.widget.ImageView index=\"1\" text=\"\" class=\"android.widget.ImageView\" package=\"com.play.android\" content-desc=\"\" checkable=\"false\" checked=\"false\" clickable=\"false\" enabled=\"true\" focusable=\"false\" focused=\"false\" scrollable=\"false\" long-clickable=\"false\" password=\"false\" selected=\"false\" bounds=\"[801,1785][855,1907]\" resource-id=\"\" instance=\"6\"\/><\/android.view.View><android.view.View index=\"4\" text=\"\" class=\"android.view.View\" package=\"com.play.android\" content-desc=\"\" checkable=\"false\" checked=\"false\" clickable=\"false\" enabled=\"true\" focusable=\"false\" focused=\"false\" scrollable=\"false\" long-clickable=\"false\" password=\"false\" selected=\"false\" bounds=\"[972,1785][1080,1920]\" resource-id=\"\" instance=\"4\"\/><\/android.widget.LinearLayout><\/android.widget.LinearLayout><\/android.widget.LinearLayout><android.widget.ImageView NAF=\"true\" index=\"1\" text=\"\" class=\"android.widget.ImageView\" package=\"com.play.android\" content-desc=\"\" checkable=\"false\" checked=\"false\" clickable=\"true\" enabled=\"true\" focusable=\"false\" focused=\"false\" scrollable=\"false\" long-clickable=\"false\" password=\"false\" selected=\"false\" bounds=\"[450,1740][630,1920]\" resource-id=\"com.play.android:id\/btn_cart\" instance=\"7\"\/><\/android.widget.RelativeLayout><\/android.widget.FrameLayout><\/android.widget.LinearLayout><\/android.widget.FrameLayout><\/android.widget.LinearLayout><android.view.View index=\"1\
2017-05-31 08:04:19:776 - info: [debug] [AndroidBootstrap] Received command result from bootstrap
2017-05-31 08:04:19:776 - info: [debug] [AndroidBootstrap] Stream still not complete, waiting
2017-05-31 08:04:19:776 - info: [debug] [AndroidBootstrap] [UIAUTO STDOUT] " text=\"\" class=\"android.view.View\" package=\"com.play.android\" content-desc=\"\" checkable=\"false\" checked=\"false\" clickable=\"false\" enabled=\"true\" focusable=\"false\" focused=\"false\" scrollable=\"false\" long-clickable=\"false\" password=\"false\" selected=\"false\" bounds=\"[0,0][1080,70]\" resource-id=\"android:id\/statusBarBackground\" instance=\"5\"\/><\/android.widget.FrameLayout><\/hierarchy>"}[/APPIUM-UIAUTO]
2017-05-31 08:04:19:776 - info: [debug] [AndroidBootstrap] Received command result from bootstrap
2017-05-31 08:04:19:776 - info: [debug] [AndroidBootstrap] Stream still not complete, waiting
2017-05-31 08:04:19:776 - info: [debug] [AndroidBootstrap] Received command result from bootstrap
2017-05-31 08:04:19:776 - info: [debug] [AndroidBootstrap] Stream still not complete, waiting
2017-05-31 08:04:19:776 - info: [debug] [AndroidBootstrap] Received command result from bootstrap
2017-05-31 08:04:19:776 - info: [debug] [MJSONWP] Responding to client with driver.getPageSource() result: "<?xml version=\"1.0\" encoding=\"UTF-8\"?><hierarchy rotation=\"0\"><android.widget.FrameLayout index=\"0\" text=\"\" class=\"android.widget.FrameLayout\" package=\"com.play.android\" content-desc=\"\" checkable=\"false\" checked=\"false\" clickable=\"false\" enabled=\"true\" focusable=\"false\" focused=\"false\" scrollable=\"false\" long-clickable=\"false\" password=\"false\" selected=\"false\" bounds=\"[0,0][1080,1920]\" resource-id=\"\" instance=\"0\"><android.widget.LinearLayout index=\"0\" text=\"\" class=\"android.widget.LinearLayout\" package=\"com.play.android\" content-desc=\"\" checkable=\"false\" checked=\"false\" clickable=\"false\" enabled=\"true\" focusable=\"false\" focused=\"false\" scrollable=\"false\" long-clickable=\"false\" password=\"false\" selected=\"false\" bounds=\"[0,0][1080,1920]\" resource-id=\"\" instance=\"0\"><android.widget.FrameLayout index=\"0\" text=\"\" class=\"android.widget.FrameLayout\" package=\"com.play.android\" content-desc=\"\" checkable=\"false\" checked=\"fals...
2017-05-31 08:04:19:776 - info: [HTTP] <-- GET /wd/hub/session/7327d7a7-5470-485b-bcdb-5fcd2e80dfd8/source 200 1339 ms - 16757 
2017-05-31 08:04:19:823 - info: [HTTP] --> POST /wd/hub/session/7327d7a7-5470-485b-bcdb-5fcd2e80dfd8/timeouts {"type":"implicit","ms":0}
2017-05-31 08:04:19:823 - info: [debug] [MJSONWP] Calling AppiumDriver.timeouts() with args: ["implicit",0,"7327d7a7-5470-485b-bcdb-5fcd2e80dfd8"]
2017-05-31 08:04:19:823 - info: [debug] [BaseDriver] Set implicit wait to 0ms
2017-05-31 08:04:19:823 - info: [debug] [MJSONWP] Responding to client with driver.timeouts() result: null
2017-05-31 08:04:19:823 - info: [HTTP] <-- POST /wd/hub/session/7327d7a7-5470-485b-bcdb-5fcd2e80dfd8/timeouts 200 3 ms - 76 
2017-05-31 08:04:19:839 - info: [HTTP] --> GET /wd/hub/session/7327d7a7-5470-485b-bcdb-5fcd2e80dfd8/context {}
2017-05-31 08:04:19:839 - info: [debug] [MJSONWP] Calling AppiumDriver.getCurrentContext() with args: ["7327d7a7-5470-485b-bcdb-5fcd2e80dfd8"]
2017-05-31 08:04:19:839 - info: [debug] [MJSONWP] Responding to client with driver.getCurrentContext() result: "NATIVE_APP"
2017-05-31 08:04:19:839 - info: [HTTP] <-- GET /wd/hub/session/7327d7a7-5470-485b-bcdb-5fcd2e80dfd8/context 200 2 ms - 84 
2017-05-31 08:04:19:854 - info: [HTTP] --> POST /wd/hub/session/7327d7a7-5470-485b-bcdb-5fcd2e80dfd8/elements {"using":"xpath","value":"//*[@id='pageWrap']/section/div/ul/li[1]/a/img"}
2017-05-31 08:04:19:854 - info: [debug] [MJSONWP] Calling AppiumDriver.findElements() with args: ["xpath","//*[@id='pageWrap']/section/div/ul/li[1]/a/img","7327d7a7-5470-485b-bcdb-5fcd2e80dfd8"]
2017-05-31 08:04:19:854 - info: [debug] [BaseDriver] Valid locator strategies for this request: xpath, id, class name, accessibility id, -android uiautomator
2017-05-31 08:04:19:854 - info: [debug] [BaseDriver] Valid locator strategies for this request: xpath, id, class name, accessibility id, -android uiautomator
2017-05-31 08:04:19:854 - info: [debug] [BaseDriver] Waiting up to 0 ms for condition
2017-05-31 08:04:19:854 - info: [debug] [AndroidBootstrap] Sending command to android: {"cmd":"action","action":"find","params":{"strategy":"xpath","selector":"//*[@id='pageWrap']/section/div/ul/li[1]/a/img","context":"","multiple":true}}
2017-05-31 08:04:19:870 - info: [AndroidBootstrap] [BOOTSTRAP LOG] [debug] Got data from client: {"cmd":"action","action":"find","params":{"strategy":"xpath","selector":"//*[@id='pageWrap']/section/div/ul/li[1]/a/img","context":"","multiple":true}}
2017-05-31 08:04:19:870 - info: [AndroidBootstrap] [BOOTSTRAP LOG] [debug] Got command of type ACTION
2017-05-31 08:04:19:870 - info: [AndroidBootstrap] [BOOTSTRAP LOG] [debug] Got command action: find
2017-05-31 08:04:19:870 - info: [AndroidBootstrap] [BOOTSTRAP LOG] [debug] Finding '//*[@id='pageWrap']/section/div/ul/li[1]/a/img' using 'XPATH' with the contextId: '' multiple: true
2017-05-31 08:04:20:026 - info: [AndroidBootstrap] [BOOTSTRAP LOG] [debug] Failed to locate element. Clearing Accessibility cache and retrying.
2017-05-31 08:04:20:026 - info: [AndroidBootstrap] [BOOTSTRAP LOG] [debug] Finding '//*[@id='pageWrap']/section/div/ul/li[1]/a/img' using 'XPATH' with the contextId: '' multiple: true
2017-05-31 08:04:20:119 - info: [AndroidBootstrap] [BOOTSTRAP LOG] [debug] Returning result: {"status":0,"value":[]}
2017-05-31 08:04:20:119 - info: [debug] [AndroidBootstrap] Received command result from bootstrap
2017-05-31 08:04:20:119 - info: [debug] [MJSONWP] Responding to client with driver.findElements() result: []
2017-05-31 08:04:20:119 - info: [HTTP] <-- POST /wd/hub/session/7327d7a7-5470-485b-bcdb-5fcd2e80dfd8/elements 200 271 ms - 74 
2017-05-31 08:04:20:650 - info: [HTTP] --> GET /wd/hub/session/7327d7a7-5470-485b-bcdb-5fcd2e80dfd8/context {}
2017-05-31 08:04:20:650 - info: [debug] [MJSONWP] Calling AppiumDriver.getCurrentContext() with args: ["7327d7a7-5470-485b-bcdb-5fcd2e80dfd8"]
2017-05-31 08:04:20:650 - info: [debug] [MJSONWP] Responding to client with driver.getCurrentContext() result: "NATIVE_APP"
2017-05-31 08:04:20:650 - info: [HTTP] <-- GET /wd/hub/session/7327d7a7-5470-485b-bcdb-5fcd2e80dfd8/context 200 6 ms - 84 
2017-05-31 08:04:20:665 - info: [HTTP] --> POST /wd/hub/session/7327d7a7-5470-485b-bcdb-5fcd2e80dfd8/elements {"using":"xpath","value":"//*[@id='pageWrap']/section/div/ul/li[1]/a/img"}
2017-05-31 08:04:20:665 - info: [debug] [MJSONWP] Calling AppiumDriver.findElements() with args: ["xpath","//*[@id='pageWrap']/section/div/ul/li[1]/a/img","7327d7a7-5470-485b-bcdb-5fcd2e80dfd8"]
2017-05-31 08:04:20:665 - info: [debug] [BaseDriver] Valid locator strategies for this request: xpath, id, class name, accessibility id, -android uiautomator
2017-05-31 08:04:20:665 - info: [debug] [BaseDriver] Valid locator strategies for this request: xpath, id, class name, accessibility id, -android uiautomator
2017-05-31 08:04:20:665 - info: [debug] [BaseDriver] Waiting up to 0 ms for condition
2017-05-31 08:04:20:665 - info: [debug] [AndroidBootstrap] Sending command to android: {"cmd":"action","action":"find","params":{"strategy":"xpath","selector":"//*[@id='pageWrap']/section/div/ul/li[1]/a/img","context":"","multiple":true}}
2017-05-31 08:04:20:665 - info: [AndroidBootstrap] [BOOTSTRAP LOG] [debug] Got data from client: {"cmd":"action","action":"find","params":{"strategy":"xpath","selector":"//*[@id='pageWrap']/section/div/ul/li[1]/a/img","context":"","multiple":true}}
2017-05-31 08:04:20:665 - info: [AndroidBootstrap] [BOOTSTRAP LOG] [debug] Got command of type ACTION
2017-05-31 08:04:20:665 - info: [AndroidBootstrap] [BOOTSTRAP LOG] [debug] Got command action: find
2017-05-31 08:04:20:665 - info: [AndroidBootstrap] [BOOTSTRAP LOG] [debug] Finding '//*[@id='pageWrap']/section/div/ul/li[1]/a/img' using 'XPATH' with the contextId: '' multiple: true
2017-05-31 08:04:20:743 - info: [AndroidBootstrap] [BOOTSTRAP LOG] [debug] Failed to locate element. Clearing Accessibility cache and retrying.
2017-05-31 08:04:20:743 - info: [AndroidBootstrap] [BOOTSTRAP LOG] [debug] Finding '//*[@id='pageWrap']/section/div/ul/li[1]/a/img' using 'XPATH' with the contextId: '' multiple: true
2017-05-31 08:04:20:791 - info: [AndroidBootstrap] [BOOTSTRAP LOG] [debug] Returning result: {"status":0,"value":[]}
2017-05-31 08:04:20:791 - info: [debug] [AndroidBootstrap] Received command result from bootstrap
2017-05-31 08:04:20:791 - info: [debug] [MJSONWP] Responding to client with driver.findElements() result: []
2017-05-31 08:04:20:791 - info: [HTTP] <-- POST /wd/hub/session/7327d7a7-5470-485b-bcdb-5fcd2e80dfd8/elements 200 127 ms - 74 
2017-05-31 08:04:21:322 - info: [HTTP] --> GET /wd/hub/session/7327d7a7-5470-485b-bcdb-5fcd2e80dfd8/context {}
2017-05-31 08:04:21:322 - info: [debug] [MJSONWP] Calling AppiumDriver.getCurrentContext() with args: ["7327d7a7-5470-485b-bcdb-5fcd2e80dfd8"]
2017-05-31 08:04:21:322 - info: [debug] [MJSONWP] Responding to client with driver.getCurrentContext() result: "NATIVE_APP"
2017-05-31 08:04:21:337 - info: [HTTP] <-- GET /wd/hub/session/7327d7a7-5470-485b-bcdb-5fcd2e80dfd8/context 200 16 ms - 84 
2017-05-31 08:04:21:353 - info: [HTTP] --> POST /wd/hub/session/7327d7a7-5470-485b-bcdb-5fcd2e80dfd8/elements {"using":"xpath","value":"//*[@id='pageWrap']/section/div/ul/li[1]/a/img"}
2017-05-31 08:04:21:353 - info: [debug] [MJSONWP] Calling AppiumDriver.findElements() with args: ["xpath","//*[@id='pageWrap']/section/div/ul/li[1]/a/img","7327d7a7-5470-485b-bcdb-5fcd2e80dfd8"]
2017-05-31 08:04:21:353 - info: [debug] [BaseDriver] Valid locator strategies for this request: xpath, id, class name, accessibility id, -android uiautomator
2017-05-31 08:04:21:353 - info: [debug] [BaseDriver] Valid locator strategies for this request: xpath, id, class name, accessibility id, -android uiautomator
2017-05-31 08:04:21:353 - info: [debug] [BaseDriver] Waiting up to 0 ms for condition
2017-05-31 08:04:21:353 - info: [debug] [AndroidBootstrap] Sending command to android: {"cmd":"action","action":"find","params":{"strategy":"xpath","selector":"//*[@id='pageWrap']/section/div/ul/li[1]/a/img","context":"","multiple":true}}
2017-05-31 08:04:21:353 - info: [AndroidBootstrap] [BOOTSTRAP LOG] [debug] Got data from client: {"cmd":"action","action":"find","params":{"strategy":"xpath","selector":"//*[@id='pageWrap']/section/div/ul/li[1]/a/img","context":"","multiple":true}}
2017-05-31 08:04:21:353 - info: [AndroidBootstrap] [BOOTSTRAP LOG] [debug] Got command of type ACTION
2017-05-31 08:04:21:353 - info: [AndroidBootstrap] [BOOTSTRAP LOG] [debug] Got command action: find
2017-05-31 08:04:21:353 - info: [AndroidBootstrap] [BOOTSTRAP LOG] [debug] Finding '//*[@id='pageWrap']/section/div/ul/li[1]/a/img' using 'XPATH' with the contextId: '' multiple: true
2017-05-31 08:04:21:493 - info: [AndroidBootstrap] [BOOTSTRAP LOG] [debug] Failed to locate element. Clearing Accessibility cache and retrying.
2017-05-31 08:04:21:509 - info: [AndroidBootstrap] [BOOTSTRAP LOG] [debug] Finding '//*[@id='pageWrap']/section/div/ul/li[1]/a/img' using 'XPATH' with the contextId: '' multiple: true
2017-05-31 08:04:21:619 - info: [AndroidBootstrap] [BOOTSTRAP LOG] [debug] Returning result: {"status":0,"value":[]}
2017-05-31 08:04:21:619 - info: [debug] [AndroidBootstrap] Received command result from bootstrap
2017-05-31 08:04:21:619 - info: [debug] [MJSONWP] Responding to client with driver.findElements() result: []
2017-05-31 08:04:21:619 - info: [HTTP] <-- POST /wd/hub/session/7327d7a7-5470-485b-bcdb-5fcd2e80dfd8/elements 200 271 ms - 74 
2017-05-31 08:04:22:149 - info: [HTTP] --> GET /wd/hub/session/7327d7a7-5470-485b-bcdb-5fcd2e80dfd8/context {}
2017-05-31 08:04:22:149 - info: [debug] [MJSONWP] Calling AppiumDriver.getCurrentContext() with args: ["7327d7a7-5470-485b-bcdb-5fcd2e80dfd8"]
2017-05-31 08:04:22:149 - info: [debug] [MJSONWP] Responding to client with driver.getCurrentContext() result: "NATIVE_APP"
2017-05-31 08:04:22:149 - info: [HTTP] <-- GET /wd/hub/session/7327d7a7-5470-485b-bcdb-5fcd2e80dfd8/context 200 4 ms - 84 
2017-05-31 08:04:22:165 - info: [HTTP] --> POST /wd/hub/session/7327d7a7-5470-485b-bcdb-5fcd2e80dfd8/elements {"using":"xpath","value":"//*[@id='pageWrap']/section/div/ul/li[1]/a/img"}
2017-05-31 08:04:22:165 - info: [debug] [MJSONWP] Calling AppiumDriver.findElements() with args: ["xpath","//*[@id='pageWrap']/section/div/ul/li[1]/a/img","7327d7a7-5470-485b-bcdb-5fcd2e80dfd8"]
2017-05-31 08:04:22:165 - info: [debug] [BaseDriver] Valid locator strategies for this request: xpath, id, class name, accessibility id, -android uiautomator
2017-05-31 08:04:22:165 - info: [debug] [BaseDriver] Valid locator strategies for this request: xpath, id, class name, accessibility id, -android uiautomator
2017-05-31 08:04:22:165 - info: [debug] [BaseDriver] Waiting up to 0 ms for condition
2017-05-31 08:04:22:165 - info: [debug] [AndroidBootstrap] Sending command to android: {"cmd":"action","action":"find","params":{"strategy":"xpath","selector":"//*[@id='pageWrap']/section/div/ul/li[1]/a/img","context":"","multiple":true}}
2017-05-31 08:04:22:165 - info: [AndroidBootstrap] [BOOTSTRAP LOG] [debug] Got data from client: {"cmd":"action","action":"find","params":{"strategy":"xpath","selector":"//*[@id='pageWrap']/section/div/ul/li[1]/a/img","context":"","multiple":true}}
2017-05-31 08:04:22:165 - info: [AndroidBootstrap] [BOOTSTRAP LOG] [debug] Got command of type ACTION
2017-05-31 08:04:22:165 - info: [AndroidBootstrap] [BOOTSTRAP LOG] [debug] Got command action: find
2017-05-31 08:04:22:165 - info: [AndroidBootstrap] [BOOTSTRAP LOG] [debug] Finding '//*[@id='pageWrap']/section/div/ul/li[1]/a/img' using 'XPATH' with the contextId: '' multiple: true
2017-05-31 08:04:22:228 - info: [AndroidBootstrap] [BOOTSTRAP LOG] [debug] Failed to locate element. Clearing Accessibility cache and retrying.
2017-05-31 08:04:22:228 - info: [AndroidBootstrap] [BOOTSTRAP LOG] [debug] Finding '//*[@id='pageWrap']/section/div/ul/li[1]/a/img' using 'XPATH' with the contextId: '' multiple: true
2017-05-31 08:04:22:291 - info: [AndroidBootstrap] [BOOTSTRAP LOG] [debug] Returning result: {"status":0,"value":[]}
2017-05-31 08:04:22:306 - info: [debug] [AndroidBootstrap] Received command result from bootstrap
2017-05-31 08:04:22:306 - info: [debug] [MJSONWP] Responding to client with driver.findElements() result: []
2017-05-31 08:04:22:306 - info: [HTTP] <-- POST /wd/hub/session/7327d7a7-5470-485b-bcdb-5fcd2e80dfd8/elements 200 152 ms - 74 
2017-05-31 08:04:22:839 - info: [HTTP] --> GET /wd/hub/session/7327d7a7-5470-485b-bcdb-5fcd2e80dfd8/context {}
2017-05-31 08:04:22:839 - info: [debug] [MJSONWP] Calling AppiumDriver.getCurrentContext() with args: ["7327d7a7-5470-485b-bcdb-5fcd2e80dfd8"]
2017-05-31 08:04:22:839 - info: [debug] [MJSONWP] Responding to client with driver.getCurrentContext() result: "NATIVE_APP"
2017-05-31 08:04:22:839 - info: [HTTP] <-- GET /wd/hub/session/7327d7a7-5470-485b-bcdb-5fcd2e80dfd8/context 200 6 ms - 84 
2017-05-31 08:04:22:854 - info: [HTTP] --> POST /wd/hub/session/7327d7a7-5470-485b-bcdb-5fcd2e80dfd8/elements {"using":"xpath","value":"//*[@id='pageWrap']/section/div/ul/li[1]/a/img"}
2017-05-31 08:04:22:854 - info: [debug] [MJSONWP] Calling AppiumDriver.findElements() with args: ["xpath","//*[@id='pageWrap']/section/div/ul/li[1]/a/img","7327d7a7-5470-485b-bcdb-5fcd2e80dfd8"]
2017-05-31 08:04:22:854 - info: [debug] [BaseDriver] Valid locator strategies for this request: xpath, id, class name, accessibility id, -android uiautomator
2017-05-31 08:04:22:854 - info: [debug] [BaseDriver] Valid locator strategies for this request: xpath, id, class name, accessibility id, -android uiautomator
2017-05-31 08:04:22:854 - info: [debug] [BaseDriver] Waiting up to 0 ms for condition
2017-05-31 08:04:22:854 - info: [debug] [AndroidBootstrap] Sending command to android: {"cmd":"action","action":"find","params":{"strategy":"xpath","selector":"//*[@id='pageWrap']/section/div/ul/li[1]/a/img","context":"","multiple":true}}
2017-05-31 08:04:22:854 - info: [AndroidBootstrap] [BOOTSTRAP LOG] [debug] Got data from client: {"cmd":"action","action":"find","params":{"strategy":"xpath","selector":"//*[@id='pageWrap']/section/div/ul/li[1]/a/img","context":"","multiple":true}}
2017-05-31 08:04:22:854 - info: [AndroidBootstrap] [BOOTSTRAP LOG] [debug] Got command of type ACTION
2017-05-31 08:04:22:854 - info: [AndroidBootstrap] [BOOTSTRAP LOG] [debug] Got command action: find
2017-05-31 08:04:22:854 - info: [AndroidBootstrap] [BOOTSTRAP LOG] [debug] Finding '//*[@id='pageWrap']/section/div/ul/li[1]/a/img' using 'XPATH' with the contextId: '' multiple: true
2017-05-31 08:04:22:917 - info: [AndroidBootstrap] [BOOTSTRAP LOG] [debug] Failed to locate element. Clearing Accessibility cache and retrying.
2017-05-31 08:04:22:917 - info: [AndroidBootstrap] [BOOTSTRAP LOG] [debug] Finding '//*[@id='pageWrap']/section/div/ul/li[1]/a/img' using 'XPATH' with the contextId: '' multiple: true
2017-05-31 08:04:22:979 - info: [AndroidBootstrap] [BOOTSTRAP LOG] [debug] Returning result: {"status":0,"value":[]}
2017-05-31 08:04:22:979 - info: [debug] [AndroidBootstrap] Received command result from bootstrap
2017-05-31 08:04:22:979 - info: [debug] [MJSONWP] Responding to client with driver.findElements() result: []
2017-05-31 08:04:22:979 - info: [HTTP] <-- POST /wd/hub/session/7327d7a7-5470-485b-bcdb-5fcd2e80dfd8/elements 200 127 ms - 74 
2017-05-31 08:04:23:510 - info: [HTTP] --> GET /wd/hub/session/7327d7a7-5470-485b-bcdb-5fcd2e80dfd8/context {}
2017-05-31 08:04:23:510 - info: [debug] [MJSONWP] Calling AppiumDriver.getCurrentContext() with args: ["7327d7a7-5470-485b-bcdb-5fcd2e80dfd8"]
2017-05-31 08:04:23:510 - info: [debug] [MJSONWP] Responding to client with driver.getCurrentContext() result: "NATIVE_APP"
2017-05-31 08:04:23:510 - info: [HTTP] <-- GET /wd/hub/session/7327d7a7-5470-485b-bcdb-5fcd2e80dfd8/context 200 4 ms - 84 
2017-05-31 08:04:23:525 - info: [HTTP] --> POST /wd/hub/session/7327d7a7-5470-485b-bcdb-5fcd2e80dfd8/elements {"using":"xpath","value":"//*[@id='pageWrap']/section/div/ul/li[1]/a/img"}
2017-05-31 08:04:23:525 - info: [debug] [MJSONWP] Calling AppiumDriver.findElements() with args: ["xpath","//*[@id='pageWrap']/section/div/ul/li[1]/a/img","7327d7a7-5470-485b-bcdb-5fcd2e80dfd8"]
2017-05-31 08:04:23:525 - info: [debug] [BaseDriver] Valid locator strategies for this request: xpath, id, class name, accessibility id, -android uiautomator
2017-05-31 08:04:23:525 - info: [debug] [BaseDriver] Valid locator strategies for this request: xpath, id, class name, accessibility id, -android uiautomator
2017-05-31 08:04:23:525 - info: [debug] [BaseDriver] Waiting up to 0 ms for condition
2017-05-31 08:04:23:525 - info: [debug] [AndroidBootstrap] Sending command to android: {"cmd":"action","action":"find","params":{"strategy":"xpath","selector":"//*[@id='pageWrap']/section/div/ul/li[1]/a/img","context":"","multiple":true}}
2017-05-31 08:04:23:525 - info: [AndroidBootstrap] [BOOTSTRAP LOG] [debug] Got data from client: {"cmd":"action","action":"find","params":{"strategy":"xpath","selector":"//*[@id='pageWrap']/section/div/ul/li[1]/a/img","context":"","multiple":true}}
2017-05-31 08:04:23:525 - info: [AndroidBootstrap] [BOOTSTRAP LOG] [debug] Got command of type ACTION
2017-05-31 08:04:23:525 - info: [AndroidBootstrap] [BOOTSTRAP LOG] [debug] Got command action: find
2017-05-31 08:04:23:525 - info: [AndroidBootstrap] [BOOTSTRAP LOG] [debug] Finding '//*[@id='pageWrap']/section/div/ul/li[1]/a/img' using 'XPATH' with the contextId: '' multiple: true
2017-05-31 08:04:23:604 - info: [AndroidBootstrap] [BOOTSTRAP LOG] [debug] Failed to locate element. Clearing Accessibility cache and retrying.
2017-05-31 08:04:23:604 - info: [AndroidBootstrap] [BOOTSTRAP LOG] [debug] Finding '//*[@id='pageWrap']/section/div/ul/li[1]/a/img' using 'XPATH' with the contextId: '' multiple: true
2017-05-31 08:04:23:667 - info: [AndroidBootstrap] [BOOTSTRAP LOG] [debug] Returning result: {"status":0,"value":[]}
2017-05-31 08:04:23:667 - info: [debug] [AndroidBootstrap] Received command result from bootstrap
2017-05-31 08:04:23:667 - info: [debug] [MJSONWP] Responding to client with driver.findElements() result: []
2017-05-31 08:04:23:667 - info: [HTTP] <-- POST /wd/hub/session/7327d7a7-5470-485b-bcdb-5fcd2e80dfd8/elements 200 146 ms - 74 
2017-05-31 08:04:24:197 - info: [HTTP] --> GET /wd/hub/session/7327d7a7-5470-485b-bcdb-5fcd2e80dfd8/context {}
2017-05-31 08:04:24:197 - info: [debug] [MJSONWP] Calling AppiumDriver.getCurrentContext() with args: ["7327d7a7-5470-485b-bcdb-5fcd2e80dfd8"]
2017-05-31 08:04:24:197 - info: [debug] [MJSONWP] Responding to client with driver.getCurrentContext() result: "NATIVE_APP"
2017-05-31 08:04:24:197 - info: [HTTP] <-- GET /wd/hub/session/7327d7a7-5470-485b-bcdb-5fcd2e80dfd8/context 200 6 ms - 84 
2017-05-31 08:04:24:213 - info: [HTTP] --> POST /wd/hub/session/7327d7a7-5470-485b-bcdb-5fcd2e80dfd8/elements {"using":"xpath","value":"//*[@id='pageWrap']/section/div/ul/li[1]/a/img"}
2017-05-31 08:04:24:213 - info: [debug] [MJSONWP] Calling AppiumDriver.findElements() with args: ["xpath","//*[@id='pageWrap']/section/div/ul/li[1]/a/img","7327d7a7-5470-485b-bcdb-5fcd2e80dfd8"]
2017-05-31 08:04:24:213 - info: [debug] [BaseDriver] Valid locator strategies for this request: xpath, id, class name, accessibility id, -android uiautomator
2017-05-31 08:04:24:213 - info: [debug] [BaseDriver] Valid locator strategies for this request: xpath, id, class name, accessibility id, -android uiautomator
2017-05-31 08:04:24:213 - info: [debug] [BaseDriver] Waiting up to 0 ms for condition
2017-05-31 08:04:24:213 - info: [debug] [AndroidBootstrap] Sending command to android: {"cmd":"action","action":"find","params":{"strategy":"xpath","selector":"//*[@id='pageWrap']/section/div/ul/li[1]/a/img","context":"","multiple":true}}
2017-05-31 08:04:24:213 - info: [AndroidBootstrap] [BOOTSTRAP LOG] [debug] Got data from client: {"cmd":"action","action":"find","params":{"strategy":"xpath","selector":"//*[@id='pageWrap']/section/div/ul/li[1]/a/img","context":"","multiple":true}}
2017-05-31 08:04:24:213 - info: [AndroidBootstrap] [BOOTSTRAP LOG] [debug] Got command of type ACTION
2017-05-31 08:04:24:213 - info: [AndroidBootstrap] [BOOTSTRAP LOG] [debug] Got command action: find
2017-05-31 08:04:24:213 - info: [AndroidBootstrap] [BOOTSTRAP LOG] [debug] Finding '//*[@id='pageWrap']/section/div/ul/li[1]/a/img' using 'XPATH' with the contextId: '' multiple: true
2017-05-31 08:04:24:275 - info: [AndroidBootstrap] [BOOTSTRAP LOG] [debug] Failed to locate element. Clearing Accessibility cache and retrying.
2017-05-31 08:04:24:275 - info: [AndroidBootstrap] [BOOTSTRAP LOG] [debug] Finding '//*[@id='pageWrap']/section/div/ul/li[1]/a/img' using 'XPATH' with the contextId: '' multiple: true
2017-05-31 08:04:24:337 - info: [AndroidBootstrap] [BOOTSTRAP LOG] [debug] Returning result: {"status":0,"value":[]}
2017-05-31 08:04:24:337 - info: [debug] [AndroidBootstrap] Received command result from bootstrap
2017-05-31 08:04:24:353 - info: [debug] [MJSONWP] Responding to client with driver.findElements() result: []
2017-05-31 08:04:24:353 - info: [HTTP] <-- POST /wd/hub/session/7327d7a7-5470-485b-bcdb-5fcd2e80dfd8/elements 200 139 ms - 74 
2017-05-31 08:04:24:883 - info: [HTTP] --> GET /wd/hub/session/7327d7a7-5470-485b-bcdb-5fcd2e80dfd8/context {}
2017-05-31 08:04:24:883 - info: [debug] [MJSONWP] Calling AppiumDriver.getCurrentContext() with args: ["7327d7a7-5470-485b-bcdb-5fcd2e80dfd8"]
2017-05-31 08:04:24:883 - info: [debug] [MJSONWP] Responding to client with driver.getCurrentContext() result: "NATIVE_APP"
2017-05-31 08:04:24:899 - info: [HTTP] <-- GET /wd/hub/session/7327d7a7-5470-485b-bcdb-5fcd2e80dfd8/context 200 9 ms - 84 
2017-05-31 08:04:24:916 - info: [HTTP] --> POST /wd/hub/session/7327d7a7-5470-485b-bcdb-5fcd2e80dfd8/elements {"using":"xpath","value":"//*[@id='pageWrap']/section/div/ul/li[1]/a/img"}
2017-05-31 08:04:24:916 - info: [debug] [MJSONWP] Calling AppiumDriver.findElements() with args: ["xpath","//*[@id='pageWrap']/section/div/ul/li[1]/a/img","7327d7a7-5470-485b-bcdb-5fcd2e80dfd8"]
2017-05-31 08:04:24:916 - info: [debug] [BaseDriver] Valid locator strategies for this request: xpath, id, class name, accessibility id, -android uiautomator
2017-05-31 08:04:24:916 - info: [debug] [BaseDriver] Valid locator strategies for this request: xpath, id, class name, accessibility id, -android uiautomator
2017-05-31 08:04:24:916 - info: [debug] [BaseDriver] Waiting up to 0 ms for condition
2017-05-31 08:04:24:916 - info: [debug] [AndroidBootstrap] Sending command to android: {"cmd":"action","action":"find","params":{"strategy":"xpath","selector":"//*[@id='pageWrap']/section/div/ul/li[1]/a/img","context":"","multiple":true}}
2017-05-31 08:04:24:931 - info: [AndroidBootstrap] [BOOTSTRAP LOG] [debug] Got data from client: {"cmd":"action","action":"find","params":{"strategy":"xpath","selector":"//*[@id='pageWrap']/section/div/ul/li[1]/a/img","context":"","multiple":true}}
2017-05-31 08:04:24:931 - info: [AndroidBootstrap] [BOOTSTRAP LOG] [debug] Got command of type ACTION
2017-05-31 08:04:24:931 - info: [AndroidBootstrap] [BOOTSTRAP LOG] [debug] Got command action: find
2017-05-31 08:04:24:931 - info: [AndroidBootstrap] [BOOTSTRAP LOG] [debug] Finding '//*[@id='pageWrap']/section/div/ul/li[1]/a/img' using 'XPATH' with the contextId: '' multiple: true
2017-05-31 08:04:24:994 - info: [AndroidBootstrap] [BOOTSTRAP LOG] [debug] Failed to locate element. Clearing Accessibility cache and retrying.
2017-05-31 08:04:24:994 - info: [AndroidBootstrap] [BOOTSTRAP LOG] [debug] Finding '//*[@id='pageWrap']/section/div/ul/li[1]/a/img' using 'XPATH' with the contextId: '' multiple: true
2017-05-31 08:04:25:040 - info: [AndroidBootstrap] [BOOTSTRAP LOG] [debug] Returning result: {"status":0,"value":[]}
2017-05-31 08:04:25:040 - info: [debug] [AndroidBootstrap] Received command result from bootstrap
2017-05-31 08:04:25:040 - info: [debug] [MJSONWP] Responding to client with driver.findElements() result: []
2017-05-31 08:04:25:040 - info: [HTTP] <-- POST /wd/hub/session/7327d7a7-5470-485b-bcdb-5fcd2e80dfd8/elements 200 137 ms - 74 
2017-05-31 08:04:25:103 - info: [HTTP] --> POST /wd/hub/session/7327d7a7-5470-485b-bcdb-5fcd2e80dfd8/timeouts {"type":"implicit","ms":5000}
2017-05-31 08:04:25:103 - info: [debug] [MJSONWP] Calling AppiumDriver.timeouts() with args: ["implicit",5000,"7327d7a7-5470-485b-bcdb-5fcd2e80dfd8"]
2017-05-31 08:04:25:103 - info: [debug] [BaseDriver] Set implicit wait to 5000ms
2017-05-31 08:04:25:103 - info: [debug] [MJSONWP] Responding to client with driver.timeouts() result: null
2017-05-31 08:04:25:103 - info: [HTTP] <-- POST /wd/hub/session/7327d7a7-5470-485b-bcdb-5fcd2e80dfd8/timeouts 200 2 ms - 76 
2017-05-31 08:04:25:134 - info: [HTTP] --> POST /wd/hub/session/7327d7a7-5470-485b-bcdb-5fcd2e80dfd8/appium/app/close {}
2017-05-31 08:04:25:134 - info: [debug] [MJSONWP] Calling AppiumDriver.closeApp() with args: ["7327d7a7-5470-485b-bcdb-5fcd2e80dfd8"]
2017-05-31 08:04:25:134 - info: [debug] [ADB] Getting connected devices...
2017-05-31 08:04:25:198 - info: [debug] [ADB] 1 device(s) connected
2017-05-31 08:04:25:198 - info: [debug] [ADB] Running 'D:\SoftWare\SDK\platform-tools\adb.exe' with args: ["-P",5037,"-s","85GBBMA2353T","shell","am","force-stop","com.play.android"]
2017-05-31 08:04:26:462 - info: [debug] [MJSONWP] Responding to client with driver.closeApp() result: null
2017-05-31 08:04:26:462 - info: [HTTP] <-- POST /wd/hub/session/7327d7a7-5470-485b-bcdb-5fcd2e80dfd8/appium/app/close 200 1322 ms - 76 
