2017-05-31 09:06:07:520 - info: [Appium] Welcome to Appium v1.6.5
2017-05-31 09:06:07:523 - info: [Appium] Non-default server args:
2017-05-31 09:06:07:524 - info: [Appium]   address: 127.0.0.1
2017-05-31 09:06:07:524 - info: [Appium]   log: D:\workSpace\EclipseProjects\AppiumForEclipse\log\1496221561235.log
2017-05-31 09:06:07:591 - info: [Appium] Appium REST http interface listener started on 127.0.0.1:4723
2017-05-31 09:06:08:327 - info: [HTTP] --> GET /wd/hub/status {}
2017-05-31 09:06:08:332 - info: [debug] [MJSONWP] Calling AppiumDriver.getStatus() with args: []
2017-05-31 09:06:08:382 - info: [debug] [MJSONWP] Responding to client with driver.getStatus() result: {"build":{"version":"1.6.5","revision":null}}
2017-05-31 09:06:08:388 - info: [HTTP] <-- GET /wd/hub/status 200 58 ms - 83 
2017-05-31 09:06:08:392 - info: [HTTP] --> GET /wd/hub/status {}
2017-05-31 09:06:08:392 - info: [debug] [MJSONWP] Calling AppiumDriver.getStatus() with args: []
2017-05-31 09:06:08:433 - info: [debug] [MJSONWP] Responding to client with driver.getStatus() result: {"build":{"version":"1.6.5","revision":null}}
2017-05-31 09:06:08:435 - info: [HTTP] <-- GET /wd/hub/status 200 42 ms - 83 
2017-05-31 09:06:09:071 - info: [HTTP] --> POST /wd/hub/session {"desiredCapabilities":{"app":"D:\\workSpace\\EclipseProjects\\AppiumForEclipse\\apps\\play.apk","noSign":"True","browserName":"","unicodeKeyboard":"True","platformName":"Android","deviceName":"022TAS7N51009853","resetKeyboard":"True"}}
2017-05-31 09:06:09:072 - info: [debug] [MJSONWP] Calling AppiumDriver.createSession() with args: [{"app":"D:\\workSpace\\EclipseProjects\\AppiumForEclipse\\apps\\play.apk","noSign":"True","browserName":"","unicodeKeyboard":"True","platformName":"Android","deviceName":"022TAS7N51009853","resetKeyboard":"True"},null,null]
2017-05-31 09:06:09:072 - info: [debug] [BaseDriver] Event 'newSessionRequested' logged at 1496221569072 (17:06:09 GMT+0800 (中国标准时间))
2017-05-31 09:06:09:075 - info: [Appium] Creating new AndroidDriver (v1.20.0) session
2017-05-31 09:06:09:075 - info: [Appium] Capabilities:
2017-05-31 09:06:09:079 - info: [Appium]   app: 'D:\\workSpace\\EclipseProjects\\AppiumForEclipse\\apps\\play.apk'
2017-05-31 09:06:09:079 - info: [Appium]   noSign: 'True'
2017-05-31 09:06:09:079 - info: [Appium]   browserName: ''
2017-05-31 09:06:09:080 - info: [Appium]   unicodeKeyboard: 'True'
2017-05-31 09:06:09:080 - info: [Appium]   platformName: 'Android'
2017-05-31 09:06:09:080 - info: [Appium]   deviceName: '022TAS7N51009853'
2017-05-31 09:06:09:080 - info: [Appium]   resetKeyboard: 'True'
2017-05-31 09:06:09:083 - info: [debug] [AndroidDriver] AndroidDriver version: 1.20.0
2017-05-31 09:06:09:088 - warn: [BaseDriver] Capability 'unicodeKeyboard' changed from string to boolean. This may cause unexpected behavior
2017-05-31 09:06:09:088 - warn: [BaseDriver] Capability 'resetKeyboard' changed from string to boolean. This may cause unexpected behavior
2017-05-31 09:06:09:088 - warn: [BaseDriver] Capability 'noSign' changed from string to boolean. This may cause unexpected behavior
2017-05-31 09:06:09:099 - info: [BaseDriver] Session created with session id: 5caaed22-b555-4c1b-9fc3-5649e8e85791
2017-05-31 09:06:09:102 - info: [debug] [AndroidDriver] Getting Java version
2017-05-31 09:06:09:211 - info: [AndroidDriver] Java version is: 1.8.0_121
2017-05-31 09:06:09:217 - info: [ADB] Checking whether adb is present
2017-05-31 09:06:09:221 - info: [ADB] Using adb.exe from D:\SoftWare\SDK\platform-tools\adb.exe
2017-05-31 09:06:09:221 - info: [AndroidDriver] Retrieving device list
2017-05-31 09:06:09:222 - info: [debug] [ADB] Trying to find a connected android device
2017-05-31 09:06:09:223 - info: [debug] [ADB] Getting connected devices...
2017-05-31 09:06:09:247 - info: [debug] [ADB] 1 device(s) connected
2017-05-31 09:06:09:248 - info: [AndroidDriver] Using device: 85GBBMA2353T
2017-05-31 09:06:09:249 - info: [ADB] Checking whether adb is present
2017-05-31 09:06:09:251 - info: [ADB] Using adb.exe from D:\SoftWare\SDK\platform-tools\adb.exe
2017-05-31 09:06:09:252 - info: [debug] [ADB] Setting device id to 85GBBMA2353T
2017-05-31 09:06:09:253 - info: [BaseDriver] Using local app 'D:\workSpace\EclipseProjects\AppiumForEclipse\apps\play.apk'
2017-05-31 09:06:09:254 - info: [debug] [AndroidDriver] Checking whether app is actually present
2017-05-31 09:06:09:255 - info: [AndroidDriver] Starting Android session
2017-05-31 09:06:09:258 - info: [debug] [ADB] Running 'D:\SoftWare\SDK\platform-tools\adb.exe' with args: ["-P",5037,"-s","85GBBMA2353T","wait-for-device"]
2017-05-31 09:06:09:285 - info: [debug] [ADB] Getting connected devices...
2017-05-31 09:06:09:308 - info: [debug] [ADB] 1 device(s) connected
2017-05-31 09:06:09:309 - info: [debug] [ADB] Running 'D:\SoftWare\SDK\platform-tools\adb.exe' with args: ["-P",5037,"-s","85GBBMA2353T","shell","echo","ping"]
2017-05-31 09:06:09:349 - info: [debug] [Logcat] Starting logcat capture
2017-05-31 09:06:09:391 - info: [debug] [AndroidDriver] Enabling Unicode keyboard support
2017-05-31 09:06:09:392 - info: [debug] [AndroidDriver] Pushing unicode ime to device...
2017-05-31 09:06:09:393 - info: [debug] [ADB] Running 'D:\SoftWare\SDK\platform-tools\adb.exe' with args: ["-P",5037,"-s","85GBBMA2353T","install","D:\\MyProgram\\nodejs\\node_modules\\appium\\node_modules\\appium-android-ime\\bin\\UnicodeIME-debug.apk"]
2017-05-31 09:06:10:770 - info: [debug] [ADB] Getting connected devices...
2017-05-31 09:06:10:805 - info: [debug] [ADB] 1 device(s) connected
2017-05-31 09:06:10:806 - info: [debug] [ADB] Running 'D:\SoftWare\SDK\platform-tools\adb.exe' with args: ["-P",5037,"-s","85GBBMA2353T","shell","settings","get","secure","default_input_method"]
2017-05-31 09:06:11:581 - info: [debug] [AndroidDriver] Unsetting previous IME com.iflytek.inputmethod/.FlyIME
2017-05-31 09:06:11:582 - info: [debug] [AndroidDriver] Setting IME to 'io.appium.android.ime/.UnicodeIME'
2017-05-31 09:06:11:583 - info: [debug] [ADB] Getting connected devices...
2017-05-31 09:06:11:620 - info: [debug] [ADB] 1 device(s) connected
2017-05-31 09:06:11:620 - info: [debug] [ADB] Running 'D:\SoftWare\SDK\platform-tools\adb.exe' with args: ["-P",5037,"-s","85GBBMA2353T","shell","ime","enable","io.appium.android.ime/.UnicodeIME"]
2017-05-31 09:06:12:394 - info: [debug] [ADB] Getting connected devices...
2017-05-31 09:06:12:429 - info: [debug] [ADB] 1 device(s) connected
2017-05-31 09:06:12:430 - info: [debug] [ADB] Running 'D:\SoftWare\SDK\platform-tools\adb.exe' with args: ["-P",5037,"-s","85GBBMA2353T","shell","ime","set","io.appium.android.ime/.UnicodeIME"]
2017-05-31 09:06:13:192 - info: [debug] [AndroidDriver] Pushing settings apk to device...
2017-05-31 09:06:13:196 - info: [debug] [ADB] Getting install status for io.appium.settings
2017-05-31 09:06:13:197 - info: [debug] [ADB] Getting connected devices...
2017-05-31 09:06:13:237 - info: [debug] [ADB] 1 device(s) connected
2017-05-31 09:06:13:237 - info: [debug] [ADB] Running 'D:\SoftWare\SDK\platform-tools\adb.exe' with args: ["-P",5037,"-s","85GBBMA2353T","shell","pm","list","packages","io.appium.settings"]
2017-05-31 09:06:13:843 - info: [debug] [ADB] App is not installed
2017-05-31 09:06:13:844 - info: [debug] [ADB] Running 'D:\SoftWare\SDK\platform-tools\adb.exe' with args: ["-P",5037,"-s","85GBBMA2353T","install","D:\\MyProgram\\nodejs\\node_modules\\appium\\node_modules\\io.appium.settings\\app\\build\\outputs\\apk\\settings_apk-debug.apk"]
2017-05-31 09:06:14:636 - info: [debug] [ADB] Getting connected devices...
2017-05-31 09:06:14:679 - info: [debug] [ADB] 1 device(s) connected
2017-05-31 09:06:14:680 - info: [debug] [ADB] Running 'D:\SoftWare\SDK\platform-tools\adb.exe' with args: ["-P",5037,"-s","85GBBMA2353T","shell","getprop","ro.build.version.sdk"]
2017-05-31 09:06:14:733 - info: [debug] [ADB] Device API level: 22
2017-05-31 09:06:14:734 - info: [debug] [ADB] Getting connected devices...
2017-05-31 09:06:14:758 - info: [debug] [ADB] 1 device(s) connected
2017-05-31 09:06:14:759 - info: [debug] [ADB] Running 'D:\SoftWare\SDK\platform-tools\adb.exe' with args: ["-P",5037,"-s","85GBBMA2353T","shell","dumpsys","package","io.appium.settings"]
2017-05-31 09:06:14:836 - info: [debug] [AndroidDriver] Pushing unlock helper app to device...
2017-05-31 09:06:14:838 - info: [debug] [ADB] Running 'D:\SoftWare\SDK\platform-tools\adb.exe' with args: ["-P",5037,"-s","85GBBMA2353T","install","D:\\MyProgram\\nodejs\\node_modules\\appium\\node_modules\\appium-unlock\\bin\\unlock_apk-debug.apk"]
2017-05-31 09:06:15:613 - info: [debug] [ADB] Device API level: 22
2017-05-31 09:06:15:613 - info: [debug] [ADB] Getting connected devices...
2017-05-31 09:06:15:660 - info: [debug] [ADB] 1 device(s) connected
2017-05-31 09:06:15:660 - info: [debug] [ADB] Running 'D:\SoftWare\SDK\platform-tools\adb.exe' with args: ["-P",5037,"-s","85GBBMA2353T","shell","settings","put","secure","mock_location","1"]
2017-05-31 09:06:16:487 - info: [ADB] Getting device platform version
2017-05-31 09:06:16:487 - info: [debug] [ADB] Getting connected devices...
2017-05-31 09:06:16:534 - info: [debug] [ADB] 1 device(s) connected
2017-05-31 09:06:16:534 - info: [debug] [ADB] Running 'D:\SoftWare\SDK\platform-tools\adb.exe' with args: ["-P",5037,"-s","85GBBMA2353T","shell","getprop","ro.build.version.release"]
2017-05-31 09:06:16:581 - info: [debug] [ADB] Getting connected devices...
2017-05-31 09:06:16:596 - info: [debug] [ADB] 1 device(s) connected
2017-05-31 09:06:16:596 - info: [debug] [ADB] Running 'D:\SoftWare\SDK\platform-tools\adb.exe' with args: ["-P",5037,"-s","85GBBMA2353T","shell","wm","size"]
2017-05-31 09:06:17:379 - info: [debug] [ADB] Getting connected devices...
2017-05-31 09:06:17:427 - info: [debug] [ADB] 1 device(s) connected
2017-05-31 09:06:17:427 - info: [debug] [ADB] Running 'D:\SoftWare\SDK\platform-tools\adb.exe' with args: ["-P",5037,"-s","85GBBMA2353T","shell","getprop","ro.product.model"]
2017-05-31 09:06:17:458 - info: [debug] [ADB] Current device property 'ro.product.model': MX5
2017-05-31 09:06:17:458 - info: [debug] [ADB] Getting connected devices...
2017-05-31 09:06:17:490 - info: [debug] [ADB] 1 device(s) connected
2017-05-31 09:06:17:490 - info: [debug] [ADB] Running 'D:\SoftWare\SDK\platform-tools\adb.exe' with args: ["-P",5037,"-s","85GBBMA2353T","shell","getprop","ro.product.manufacturer"]
2017-05-31 09:06:17:521 - info: [debug] [ADB] Current device property 'ro.product.manufacturer': Meizu
2017-05-31 09:06:17:521 - info: [debug] [AndroidDriver] Parsing package and activity from app manifest
2017-05-31 09:06:17:521 - info: [ADB] Checking whether aapt is present
2017-05-31 09:06:17:536 - info: [ADB] Using aapt.exe from D:\SoftWare\SDK\build-tools\24.0.3\aapt.exe
2017-05-31 09:06:17:536 - info: [ADB] Extracting package and launch activity from manifest
2017-05-31 09:06:17:552 - info: [debug] [ADB] badging package: com.play.android
2017-05-31 09:06:17:552 - info: [debug] [ADB] badging act: com.play.android.activity.SplashActivity
2017-05-31 09:06:17:552 - info: [debug] [AndroidDriver] Parsed package and activity are: com.play.android/com.play.android.activity.SplashActivity
2017-05-31 09:06:17:692 - info: [AndroidDriver] Remote apk path is /data/local/tmp/42e2f15827830994ee5f75a4ff734348.apk
2017-05-31 09:06:17:692 - info: [debug] [ADB] Getting connected devices...
2017-05-31 09:06:17:724 - info: [debug] [ADB] 1 device(s) connected
2017-05-31 09:06:17:724 - info: [debug] [ADB] Running 'D:\SoftWare\SDK\platform-tools\adb.exe' with args: ["-P",5037,"-s","85GBBMA2353T","shell","ls","/data/local/tmp/42e2f15827830994ee5f75a4ff734348.apk"]
2017-05-31 09:06:17:755 - info: [debug] [AndroidDriver] Checking if app is installed
2017-05-31 09:06:17:755 - info: [debug] [ADB] Getting install status for com.play.android
2017-05-31 09:06:17:755 - info: [debug] [ADB] Getting connected devices...
2017-05-31 09:06:17:786 - info: [debug] [ADB] 1 device(s) connected
2017-05-31 09:06:17:786 - info: [debug] [ADB] Running 'D:\SoftWare\SDK\platform-tools\adb.exe' with args: ["-P",5037,"-s","85GBBMA2353T","shell","pm","list","packages","com.play.android"]
2017-05-31 09:06:18:301 - info: [debug] [ADB] App is not installed
2017-05-31 09:06:18:301 - info: [AndroidDriver] Apk is not yet installed
2017-05-31 09:06:18:301 - info: [AndroidDriver] installing apk from remote
2017-05-31 09:06:18:301 - info: [debug] [ADB] Getting connected devices...
2017-05-31 09:06:18:348 - info: [debug] [ADB] 1 device(s) connected
2017-05-31 09:06:18:348 - info: [debug] [ADB] Running 'D:\SoftWare\SDK\platform-tools\adb.exe' with args: ["-P",5037,"-s","85GBBMA2353T","shell","mkdir","-p","/data/local/tmp"]
2017-05-31 09:06:18:379 - info: [AndroidDriver] Clearing out any existing remote apks with the same hash
2017-05-31 09:06:18:379 - info: [debug] [AndroidDriver] Removing any old apks
2017-05-31 09:06:18:379 - info: [debug] [AndroidDriver] Except ["42e2f15827830994ee5f75a4ff734348"]
2017-05-31 09:06:18:379 - info: [debug] [ADB] Getting connected devices...
2017-05-31 09:06:18:410 - info: [debug] [ADB] 1 device(s) connected
2017-05-31 09:06:18:410 - info: [debug] [ADB] Running 'D:\SoftWare\SDK\platform-tools\adb.exe' with args: ["-P",5037,"-s","85GBBMA2353T","shell","ls","/data/local/tmp/*.apk"]
2017-05-31 09:06:18:458 - info: [AndroidDriver] Will remove /data/local/tmp/c5cb22fdd9b4ba7448447108c0ba77c0.apk
2017-05-31 09:06:18:458 - info: [debug] [ADB] Getting connected devices...
2017-05-31 09:06:18:489 - info: [debug] [ADB] 1 device(s) connected
2017-05-31 09:06:18:489 - info: [debug] [ADB] Running 'D:\SoftWare\SDK\platform-tools\adb.exe' with args: ["-P",5037,"-s","85GBBMA2353T","shell","rm","-f","/data/local/tmp/c5cb22fdd9b4ba7448447108c0ba77c0.apk"]
2017-05-31 09:06:18:551 - info: [AndroidDriver] Pushing com.play.android to device. Will wait up to 90000 milliseconds before aborting
2017-05-31 09:06:18:568 - info: [debug] [ADB] Running 'D:\SoftWare\SDK\platform-tools\adb.exe' with args: ["-P",5037,"-s","85GBBMA2353T","push","D:\\workSpace\\EclipseProjects\\AppiumForEclipse\\apps\\play.apk","/data/local/tmp/42e2f15827830994ee5f75a4ff734348.apk"]
2017-05-31 09:06:23:251 - info: [debug] [ADB] Uninstalling com.play.android
2017-05-31 09:06:23:251 - info: [debug] [ADB] Getting connected devices...
2017-05-31 09:06:23:283 - info: [debug] [ADB] 1 device(s) connected
2017-05-31 09:06:23:283 - info: [debug] [ADB] Running 'D:\SoftWare\SDK\platform-tools\adb.exe' with args: ["-P",5037,"-s","85GBBMA2353T","shell","am","force-stop","com.play.android"]
2017-05-31 09:06:23:987 - info: [debug] [ADB] Running 'D:\SoftWare\SDK\platform-tools\adb.exe' with args: ["-P",5037,"-s","85GBBMA2353T","uninstall","com.play.android"]
2017-05-31 09:06:24:736 - info: [ADB] App was not uninstalled, maybe it wasn't on device?
2017-05-31 09:06:24:736 - info: [debug] [ADB] Getting connected devices...
2017-05-31 09:06:24:784 - info: [debug] [ADB] 1 device(s) connected
2017-05-31 09:06:24:784 - info: [debug] [ADB] Running 'D:\SoftWare\SDK\platform-tools\adb.exe' with args: ["-P",5037,"-s","85GBBMA2353T","shell","pm","install","-r","/data/local/tmp/42e2f15827830994ee5f75a4ff734348.apk"]
2017-05-31 09:06:45:208 - info: [debug] [AndroidDriver] Extracting strings from apk D:\workSpace\EclipseProjects\AppiumForEclipse\apps\play.apk null C:\Users\ADMINI~1\AppData\Local\Temp\com.play.android
2017-05-31 09:06:45:208 - info: [debug] [ADB] Extracting strings for language: default
2017-05-31 09:06:45:208 - info: [debug] [ADB] Device API level: 22
2017-05-31 09:06:45:208 - info: [debug] [ADB] Getting connected devices...
2017-05-31 09:06:45:240 - info: [debug] [ADB] 1 device(s) connected
2017-05-31 09:06:45:240 - info: [debug] [ADB] Running 'D:\SoftWare\SDK\platform-tools\adb.exe' with args: ["-P",5037,"-s","85GBBMA2353T","shell","getprop","persist.sys.language"]
2017-05-31 09:06:45:287 - info: [debug] [ADB] Current device property 'persist.sys.language': zh
2017-05-31 09:06:46:460 - info: [debug] [ADB] Reading strings from converted strings.json
2017-05-31 09:06:46:460 - info: [debug] [ADB] Running 'D:\SoftWare\SDK\platform-tools\adb.exe' with args: ["-P",5037,"-s","85GBBMA2353T","push","C:\\Users\\ADMINI~1\\AppData\\Local\\Temp\\com.play.android\\strings.json","/data/local/tmp"]
2017-05-31 09:06:46:492 - info: [debug] [AndroidBootstrap] Watching for bootstrap disconnect
2017-05-31 09:06:46:492 - info: [debug] [ADB] Forwarding system: 4724 to device: 4724
2017-05-31 09:06:46:492 - info: [debug] [ADB] Running 'D:\SoftWare\SDK\platform-tools\adb.exe' with args: ["-P",5037,"-s","85GBBMA2353T","forward","tcp:4724","tcp:4724"]
2017-05-31 09:06:46:507 - info: [debug] [UiAutomator] Starting UiAutomator
2017-05-31 09:06:46:507 - info: [debug] [UiAutomator] Moving to state 'starting'
2017-05-31 09:06:46:507 - info: [debug] [UiAutomator] Parsing uiautomator jar
2017-05-31 09:06:46:507 - info: [debug] [UiAutomator] Found jar name: 'AppiumBootstrap.jar'
2017-05-31 09:06:46:507 - info: [debug] [ADB] Running 'D:\SoftWare\SDK\platform-tools\adb.exe' with args: ["-P",5037,"-s","85GBBMA2353T","push","D:\\MyProgram\\nodejs\\node_modules\\appium\\node_modules\\appium-android-bootstrap\\bootstrap\\bin\\AppiumBootstrap.jar","/data/local/tmp/"]
2017-05-31 09:06:46:539 - info: [debug] [ADB] Attempting to kill all uiautomator processes
2017-05-31 09:06:46:539 - info: [debug] [ADB] Getting all processes with uiautomator
2017-05-31 09:06:46:539 - info: [debug] [ADB] Getting connected devices...
2017-05-31 09:06:46:570 - info: [debug] [ADB] 1 device(s) connected
2017-05-31 09:06:46:570 - info: [debug] [ADB] Running 'D:\SoftWare\SDK\platform-tools\adb.exe' with args: ["-P",5037,"-s","85GBBMA2353T","shell","ps"]
2017-05-31 09:06:46:632 - info: [ADB] No uiautomator process found to kill, continuing...
2017-05-31 09:06:46:632 - info: [debug] [UiAutomator] Starting UIAutomator
2017-05-31 09:06:46:632 - info: [debug] [ADB] Creating ADB subprocess with args: ["-P",5037,"-s","85GBBMA2353T","shell","uiautomator","runtest","AppiumBootstrap.jar","-c","io.appium.android.bootstrap.Bootstrap","-e","pkg","com.play.android","-e","disableAndroidWatchers",false,"-e","acceptSslCerts",false]
2017-05-31 09:06:47:147 - info: [debug] [UiAutomator] Moving to state 'online'
2017-05-31 09:06:47:163 - info: [AndroidBootstrap] [BOOTSTRAP LOG] [debug] json loading complete.
2017-05-31 09:06:47:163 - info: [AndroidBootstrap] [BOOTSTRAP LOG] [debug] Registered crash watchers.
2017-05-31 09:06:47:163 - info: [AndroidBootstrap] Android bootstrap socket is now connected
2017-05-31 09:06:47:163 - info: [debug] [ADB] Getting connected devices...
2017-05-31 09:06:47:178 - info: [AndroidBootstrap] [BOOTSTRAP LOG] [debug] Client connected
2017-05-31 09:06:47:194 - info: [debug] [ADB] 1 device(s) connected
2017-05-31 09:06:47:209 - info: [debug] [ADB] Running 'D:\SoftWare\SDK\platform-tools\adb.exe' with args: ["-P",5037,"-s","85GBBMA2353T","shell","dumpsys","window"]
2017-05-31 09:06:47:256 - info: [AndroidDriver] Screen already unlocked, doing nothing
2017-05-31 09:06:47:256 - info: [debug] [ADB] Device API level: 22
2017-05-31 09:06:47:256 - info: [debug] [ADB] Getting connected devices...
2017-05-31 09:06:47:287 - info: [debug] [ADB] 1 device(s) connected
2017-05-31 09:06:47:287 - info: [debug] [ADB] Running 'D:\SoftWare\SDK\platform-tools\adb.exe' with args: ["-P",5037,"-s","85GBBMA2353T","shell","am","start","-W","-n","com.play.android/com.play.android.activity.SplashActivity","-S","-a","android.intent.action.MAIN","-c","android.intent.category.LAUNCHER","-f","0x10200000"]
2017-05-31 09:06:48:957 - info: [debug] [ADB] Waiting for activity matching pkg: 'com.play.android' and activity: 'com.play.android.activity.SplashActivity' to be focused
2017-05-31 09:06:48:957 - info: [debug] [ADB] Possible activities, to be checked: com.play.android.activity.SplashActivity, com.play.android.com.play.android.activity.SplashActivity
2017-05-31 09:06:48:957 - info: [debug] [ADB] Getting focused package and activity
2017-05-31 09:06:48:957 - info: [debug] [ADB] Getting connected devices...
2017-05-31 09:06:48:972 - info: [debug] [ADB] 1 device(s) connected
2017-05-31 09:06:48:972 - info: [debug] [ADB] Running 'D:\SoftWare\SDK\platform-tools\adb.exe' with args: ["-P",5037,"-s","85GBBMA2353T","shell","dumpsys","window","windows"]
2017-05-31 09:06:49:036 - info: [debug] [ADB] Found package: 'com.play.android' and fully qualified activity name : 'com.play.android.activity.SplashActivity'
2017-05-31 09:06:49:036 - info: [Appium] New AndroidDriver session created successfully, session 5caaed22-b555-4c1b-9fc3-5649e8e85791 added to master session list
2017-05-31 09:06:49:036 - info: [debug] [BaseDriver] Event 'newSessionStarted' logged at 1496221609036 (17:06:49 GMT+0800 (中国标准时间))
2017-05-31 09:06:49:036 - info: [debug] [MJSONWP] Responding to client with driver.createSession() result: {"platform":"LINUX","webStorageEnabled":false,"takesScreenshot":true,"javascriptEnabled":true,"databaseEnabled":false,"networkConnectionEnabled":true,"locationContextEnabled":false,"warnings":{},"desired":{"app":"D:\\workSpace\\EclipseProjects\\AppiumForEclipse\\apps\\play.apk","noSign":true,"browserName":"","unicodeKeyboard":true,"platformName":"Android","deviceName":"022TAS7N51009853","resetKeyboard":true},"app":"D:\\workSpace\\EclipseProjects\\AppiumForEclipse\\apps\\play.apk","noSign":true,"browserName":"","unicodeKeyboard":true,"platformName":"Android","deviceName":"85GBBMA2353T","resetKeyboard":true,"deviceUDID":"85GBBMA2353T","platformVersion":"5.1","deviceScreenSize":"1080x1920","deviceModel":"MX5","deviceManufacturer":"Meizu","appPackage":"com.play.android","appWaitPackage":"com.play.android","appActivity":"com.play.android.activity.SplashActivity","appWaitActivity":"com.play.android.activity.SplashActivity"}
2017-05-31 09:06:49:036 - info: [HTTP] <-- POST /wd/hub/session 200 39971 ms - 1003 
2017-05-31 09:06:50:905 - info: [HTTP] --> POST /wd/hub/session/5caaed22-b555-4c1b-9fc3-5649e8e85791/timeouts {"type":"implicit","ms":20000}
2017-05-31 09:06:50:905 - info: [debug] [MJSONWP] Calling AppiumDriver.timeouts() with args: ["implicit",20000,"5caaed22-b555-4c1b-9fc3-5649e8e85791"]
2017-05-31 09:06:50:905 - info: [debug] [BaseDriver] Set implicit wait to 20000ms
2017-05-31 09:06:50:905 - info: [debug] [MJSONWP] Responding to client with driver.timeouts() result: null
2017-05-31 09:06:50:905 - info: [HTTP] <-- POST /wd/hub/session/5caaed22-b555-4c1b-9fc3-5649e8e85791/timeouts 200 7 ms - 76 
2017-05-31 09:06:51:206 - info: [HTTP] --> POST /wd/hub/session/5caaed22-b555-4c1b-9fc3-5649e8e85791/timeouts {"type":"implicit","ms":20000}
2017-05-31 09:06:51:206 - info: [debug] [MJSONWP] Calling AppiumDriver.timeouts() with args: ["implicit",20000,"5caaed22-b555-4c1b-9fc3-5649e8e85791"]
2017-05-31 09:06:51:206 - info: [debug] [BaseDriver] Set implicit wait to 20000ms
2017-05-31 09:06:51:206 - info: [debug] [MJSONWP] Responding to client with driver.timeouts() result: null
2017-05-31 09:06:51:206 - info: [HTTP] <-- POST /wd/hub/session/5caaed22-b555-4c1b-9fc3-5649e8e85791/timeouts 200 4 ms - 76 
2017-05-31 09:06:51:238 - info: [HTTP] --> GET /wd/hub/session/5caaed22-b555-4c1b-9fc3-5649e8e85791/appium/device/current_activity {}
2017-05-31 09:06:51:238 - info: [debug] [MJSONWP] Calling AppiumDriver.getCurrentActivity() with args: ["5caaed22-b555-4c1b-9fc3-5649e8e85791"]
2017-05-31 09:06:51:238 - info: [debug] [ADB] Getting focused package and activity
2017-05-31 09:06:51:238 - info: [debug] [ADB] Getting connected devices...
2017-05-31 09:06:51:269 - info: [debug] [ADB] 1 device(s) connected
2017-05-31 09:06:51:269 - info: [debug] [ADB] Running 'D:\SoftWare\SDK\platform-tools\adb.exe' with args: ["-P",5037,"-s","85GBBMA2353T","shell","dumpsys","window","windows"]
2017-05-31 09:06:51:347 - info: [debug] [MJSONWP] Responding to client with driver.getCurrentActivity() result: ".activity.main.HomeActivity"
2017-05-31 09:06:51:347 - info: [HTTP] <-- GET /wd/hub/session/5caaed22-b555-4c1b-9fc3-5649e8e85791/appium/device/current_activity 200 111 ms - 101 
2017-05-31 09:06:51:425 - info: [HTTP] --> POST /wd/hub/session/5caaed22-b555-4c1b-9fc3-5649e8e85791/timeouts {"type":"implicit","ms":0}
2017-05-31 09:06:51:425 - info: [debug] [MJSONWP] Calling AppiumDriver.timeouts() with args: ["implicit",0,"5caaed22-b555-4c1b-9fc3-5649e8e85791"]
2017-05-31 09:06:51:425 - info: [debug] [BaseDriver] Set implicit wait to 0ms
2017-05-31 09:06:51:425 - info: [debug] [MJSONWP] Responding to client with driver.timeouts() result: null
2017-05-31 09:06:51:425 - info: [HTTP] <-- POST /wd/hub/session/5caaed22-b555-4c1b-9fc3-5649e8e85791/timeouts 200 4 ms - 76 
2017-05-31 09:06:51:472 - info: [HTTP] --> GET /wd/hub/session/5caaed22-b555-4c1b-9fc3-5649e8e85791/context {}
2017-05-31 09:06:51:472 - info: [debug] [MJSONWP] Calling AppiumDriver.getCurrentContext() with args: ["5caaed22-b555-4c1b-9fc3-5649e8e85791"]
2017-05-31 09:06:51:472 - info: [debug] [MJSONWP] Responding to client with driver.getCurrentContext() result: "NATIVE_APP"
2017-05-31 09:06:51:472 - info: [HTTP] <-- GET /wd/hub/session/5caaed22-b555-4c1b-9fc3-5649e8e85791/context 200 4 ms - 84 
2017-05-31 09:06:51:487 - info: [HTTP] --> POST /wd/hub/session/5caaed22-b555-4c1b-9fc3-5649e8e85791/elements {"using":"id","value":"com.play.android:id/sdv_image"}
2017-05-31 09:06:51:487 - info: [debug] [MJSONWP] Calling AppiumDriver.findElements() with args: ["id","com.play.android:id/sdv_image","5caaed22-b555-4c1b-9fc3-5649e8e85791"]
2017-05-31 09:06:51:487 - info: [debug] [BaseDriver] Valid locator strategies for this request: xpath, id, class name, accessibility id, -android uiautomator
2017-05-31 09:06:51:487 - info: [debug] [BaseDriver] Valid locator strategies for this request: xpath, id, class name, accessibility id, -android uiautomator
2017-05-31 09:06:51:487 - info: [debug] [BaseDriver] Waiting up to 0 ms for condition
2017-05-31 09:06:51:487 - info: [debug] [AndroidBootstrap] Sending command to android: {"cmd":"action","action":"find","params":{"strategy":"id","selector":"com.play.android:id/sdv_image","context":"","multiple":true}}
2017-05-31 09:06:51:487 - info: [AndroidBootstrap] [BOOTSTRAP LOG] [debug] Got data from client: {"cmd":"action","action":"find","params":{"strategy":"id","selector":"com.play.android:id/sdv_image","context":"","multiple":true}}
2017-05-31 09:06:51:503 - info: [AndroidBootstrap] [BOOTSTRAP LOG] [debug] Got command of type ACTION
2017-05-31 09:06:51:503 - info: [AndroidBootstrap] [BOOTSTRAP LOG] [debug] Got command action: find
2017-05-31 09:06:51:503 - info: [AndroidBootstrap] [BOOTSTRAP LOG] [debug] Finding 'com.play.android:id/sdv_image' using 'ID' with the contextId: '' multiple: true
2017-05-31 09:06:51:503 - info: [AndroidBootstrap] [BOOTSTRAP LOG] [debug] Using: UiSelector[RESOURCE_ID=com.play.android:id/sdv_image]
2017-05-31 09:06:51:503 - info: [AndroidBootstrap] [BOOTSTRAP LOG] [debug] getElements selector:UiSelector[RESOURCE_ID=com.play.android:id/sdv_image]
2017-05-31 09:06:51:503 - info: [AndroidBootstrap] [BOOTSTRAP LOG] [debug] Element[] is null: (0)
2017-05-31 09:06:51:503 - info: [AndroidBootstrap] [BOOTSTRAP LOG] [debug] getElements tmp selector:UiSelector[INSTANCE=0, RESOURCE_ID=com.play.android:id/sdv_image]
2017-05-31 09:06:51:518 - info: [AndroidBootstrap] [BOOTSTRAP LOG] [debug] Element[] is null: (1)
2017-05-31 09:06:51:518 - info: [AndroidBootstrap] [BOOTSTRAP LOG] [debug] getElements tmp selector:UiSelector[INSTANCE=1, RESOURCE_ID=com.play.android:id/sdv_image]
2017-05-31 09:06:51:550 - info: [AndroidBootstrap] [BOOTSTRAP LOG] [debug] Element[] is null: (2)
2017-05-31 09:06:51:550 - info: [AndroidBootstrap] [BOOTSTRAP LOG] [debug] getElements tmp selector:UiSelector[INSTANCE=2, RESOURCE_ID=com.play.android:id/sdv_image]
2017-05-31 09:06:51:581 - info: [AndroidBootstrap] [BOOTSTRAP LOG] [debug] Returning result: {"status":0,"value":[{"ELEMENT":"1"},{"ELEMENT":"2"}]}
2017-05-31 09:06:51:581 - info: [debug] [AndroidBootstrap] Received command result from bootstrap
2017-05-31 09:06:51:596 - info: [debug] [MJSONWP] Responding to client with driver.findElements() result: [{"ELEMENT":"1"},{"ELEMENT":"2"}]
2017-05-31 09:06:51:596 - info: [HTTP] <-- POST /wd/hub/session/5caaed22-b555-4c1b-9fc3-5649e8e85791/elements 200 108 ms - 105 
2017-05-31 09:06:51:971 - info: [HTTP] --> POST /wd/hub/session/5caaed22-b555-4c1b-9fc3-5649e8e85791/timeouts {"type":"implicit","ms":5000}
2017-05-31 09:06:51:971 - info: [debug] [MJSONWP] Calling AppiumDriver.timeouts() with args: ["implicit",5000,"5caaed22-b555-4c1b-9fc3-5649e8e85791"]
2017-05-31 09:06:51:971 - info: [debug] [BaseDriver] Set implicit wait to 5000ms
2017-05-31 09:06:51:971 - info: [debug] [MJSONWP] Responding to client with driver.timeouts() result: null
2017-05-31 09:06:51:971 - info: [HTTP] <-- POST /wd/hub/session/5caaed22-b555-4c1b-9fc3-5649e8e85791/timeouts 200 5 ms - 76 
2017-05-31 09:06:52:034 - info: [HTTP] --> POST /wd/hub/session/5caaed22-b555-4c1b-9fc3-5649e8e85791/timeouts {"type":"implicit","ms":0}
2017-05-31 09:06:52:034 - info: [debug] [MJSONWP] Calling AppiumDriver.timeouts() with args: ["implicit",0,"5caaed22-b555-4c1b-9fc3-5649e8e85791"]
2017-05-31 09:06:52:034 - info: [debug] [BaseDriver] Set implicit wait to 0ms
2017-05-31 09:06:52:034 - info: [debug] [MJSONWP] Responding to client with driver.timeouts() result: null
2017-05-31 09:06:52:034 - info: [HTTP] <-- POST /wd/hub/session/5caaed22-b555-4c1b-9fc3-5649e8e85791/timeouts 200 9 ms - 76 
2017-05-31 09:06:52:065 - info: [HTTP] --> GET /wd/hub/session/5caaed22-b555-4c1b-9fc3-5649e8e85791/context {}
2017-05-31 09:06:52:065 - info: [debug] [MJSONWP] Calling AppiumDriver.getCurrentContext() with args: ["5caaed22-b555-4c1b-9fc3-5649e8e85791"]
2017-05-31 09:06:52:065 - info: [debug] [MJSONWP] Responding to client with driver.getCurrentContext() result: "NATIVE_APP"
2017-05-31 09:06:52:065 - info: [HTTP] <-- GET /wd/hub/session/5caaed22-b555-4c1b-9fc3-5649e8e85791/context 200 4 ms - 84 
2017-05-31 09:06:52:081 - info: [HTTP] --> POST /wd/hub/session/5caaed22-b555-4c1b-9fc3-5649e8e85791/elements {"using":"id","value":"com.play.android:id/sdv_image"}
2017-05-31 09:06:52:081 - info: [debug] [MJSONWP] Calling AppiumDriver.findElements() with args: ["id","com.play.android:id/sdv_image","5caaed22-b555-4c1b-9fc3-5649e8e85791"]
2017-05-31 09:06:52:081 - info: [debug] [BaseDriver] Valid locator strategies for this request: xpath, id, class name, accessibility id, -android uiautomator
2017-05-31 09:06:52:081 - info: [debug] [BaseDriver] Valid locator strategies for this request: xpath, id, class name, accessibility id, -android uiautomator
2017-05-31 09:06:52:081 - info: [debug] [BaseDriver] Waiting up to 0 ms for condition
2017-05-31 09:06:52:081 - info: [debug] [AndroidBootstrap] Sending command to android: {"cmd":"action","action":"find","params":{"strategy":"id","selector":"com.play.android:id/sdv_image","context":"","multiple":true}}
2017-05-31 09:06:52:081 - info: [AndroidBootstrap] [BOOTSTRAP LOG] [debug] Got data from client: {"cmd":"action","action":"find","params":{"strategy":"id","selector":"com.play.android:id/sdv_image","context":"","multiple":true}}
2017-05-31 09:06:52:081 - info: [AndroidBootstrap] [BOOTSTRAP LOG] [debug] Got command of type ACTION
2017-05-31 09:06:52:081 - info: [AndroidBootstrap] [BOOTSTRAP LOG] [debug] Got command action: find
2017-05-31 09:06:52:081 - info: [AndroidBootstrap] [BOOTSTRAP LOG] [debug] Finding 'com.play.android:id/sdv_image' using 'ID' with the contextId: '' multiple: true
2017-05-31 09:06:52:081 - info: [AndroidBootstrap] [BOOTSTRAP LOG] [debug] Using: UiSelector[RESOURCE_ID=com.play.android:id/sdv_image]
2017-05-31 09:06:52:081 - info: [AndroidBootstrap] [BOOTSTRAP LOG] [debug] getElements selector:UiSelector[RESOURCE_ID=com.play.android:id/sdv_image]
2017-05-31 09:06:52:081 - info: [AndroidBootstrap] [BOOTSTRAP LOG] [debug] Element[] is null: (0)
2017-05-31 09:06:52:097 - info: [AndroidBootstrap] [BOOTSTRAP LOG] [debug] getElements tmp selector:UiSelector[INSTANCE=0, RESOURCE_ID=com.play.android:id/sdv_image]
2017-05-31 09:06:52:112 - info: [AndroidBootstrap] [BOOTSTRAP LOG] [debug] Element[] is null: (1)
2017-05-31 09:06:52:112 - info: [AndroidBootstrap] [BOOTSTRAP LOG] [debug] getElements tmp selector:UiSelector[INSTANCE=1, RESOURCE_ID=com.play.android:id/sdv_image]
2017-05-31 09:06:52:128 - info: [AndroidBootstrap] [BOOTSTRAP LOG] [debug] Element[] is null: (2)
2017-05-31 09:06:52:128 - info: [AndroidBootstrap] [BOOTSTRAP LOG] [debug] getElements tmp selector:UiSelector[INSTANCE=2, RESOURCE_ID=com.play.android:id/sdv_image]
2017-05-31 09:06:52:206 - info: [AndroidBootstrap] [BOOTSTRAP LOG] [debug] Returning result: {"status":0,"value":[{"ELEMENT":"3"},{"ELEMENT":"4"}]}
2017-05-31 09:06:52:206 - info: [debug] [AndroidBootstrap] Received command result from bootstrap
2017-05-31 09:06:52:206 - info: [debug] [MJSONWP] Responding to client with driver.findElements() result: [{"ELEMENT":"3"},{"ELEMENT":"4"}]
2017-05-31 09:06:52:206 - info: [HTTP] <-- POST /wd/hub/session/5caaed22-b555-4c1b-9fc3-5649e8e85791/elements 200 130 ms - 105 
2017-05-31 09:06:52:455 - info: [HTTP] --> POST /wd/hub/session/5caaed22-b555-4c1b-9fc3-5649e8e85791/timeouts {"type":"implicit","ms":5000}
2017-05-31 09:06:52:455 - info: [debug] [MJSONWP] Calling AppiumDriver.timeouts() with args: ["implicit",5000,"5caaed22-b555-4c1b-9fc3-5649e8e85791"]
2017-05-31 09:06:52:455 - info: [debug] [BaseDriver] Set implicit wait to 5000ms
2017-05-31 09:06:52:455 - info: [debug] [MJSONWP] Responding to client with driver.timeouts() result: null
2017-05-31 09:06:52:455 - info: [HTTP] <-- POST /wd/hub/session/5caaed22-b555-4c1b-9fc3-5649e8e85791/timeouts 200 4 ms - 76 
2017-05-31 09:06:52:487 - info: [HTTP] --> POST /wd/hub/session/5caaed22-b555-4c1b-9fc3-5649e8e85791/element/4/click {"id":"4"}
2017-05-31 09:06:52:487 - info: [debug] [MJSONWP] Calling AppiumDriver.click() with args: ["4","5caaed22-b555-4c1b-9fc3-5649e8e85791"]
2017-05-31 09:06:52:487 - info: [debug] [AndroidBootstrap] Sending command to android: {"cmd":"action","action":"element:click","params":{"elementId":"4"}}
2017-05-31 09:06:52:487 - info: [AndroidBootstrap] [BOOTSTRAP LOG] [debug] Got data from client: {"cmd":"action","action":"element:click","params":{"elementId":"4"}}
2017-05-31 09:06:52:487 - info: [AndroidBootstrap] [BOOTSTRAP LOG] [debug] Got command of type ACTION
2017-05-31 09:06:52:487 - info: [AndroidBootstrap] [BOOTSTRAP LOG] [debug] Got command action: click
2017-05-31 09:06:52:658 - info: [AndroidBootstrap] [BOOTSTRAP LOG] [debug] Returning result: {"status":0,"value":true}
2017-05-31 09:06:52:658 - info: [debug] [AndroidBootstrap] Received command result from bootstrap
2017-05-31 09:06:52:658 - info: [debug] [MJSONWP] Responding to client with driver.click() result: true
2017-05-31 09:06:52:658 - info: [HTTP] <-- POST /wd/hub/session/5caaed22-b555-4c1b-9fc3-5649e8e85791/element/4/click 200 176 ms - 76 
2017-05-31 09:06:52:674 - info: [HTTP] --> GET /wd/hub/session/5caaed22-b555-4c1b-9fc3-5649e8e85791/appium/device/current_activity {}
2017-05-31 09:06:52:674 - info: [debug] [MJSONWP] Calling AppiumDriver.getCurrentActivity() with args: ["5caaed22-b555-4c1b-9fc3-5649e8e85791"]
2017-05-31 09:06:52:674 - info: [debug] [ADB] Getting focused package and activity
2017-05-31 09:06:52:674 - info: [debug] [ADB] Getting connected devices...
2017-05-31 09:06:52:705 - info: [debug] [ADB] 1 device(s) connected
2017-05-31 09:06:52:705 - info: [debug] [ADB] Running 'D:\SoftWare\SDK\platform-tools\adb.exe' with args: ["-P",5037,"-s","85GBBMA2353T","shell","dumpsys","window","windows"]
2017-05-31 09:06:52:752 - info: [debug] [MJSONWP] Responding to client with driver.getCurrentActivity() result: ".activity.product.ProductClassifitionActivity"
2017-05-31 09:06:52:752 - info: [HTTP] <-- GET /wd/hub/session/5caaed22-b555-4c1b-9fc3-5649e8e85791/appium/device/current_activity 200 87 ms - 119 
2017-05-31 09:06:52:767 - info: [HTTP] --> GET /wd/hub/session/5caaed22-b555-4c1b-9fc3-5649e8e85791/contexts {}
2017-05-31 09:06:52:767 - info: [debug] [MJSONWP] Calling AppiumDriver.getContexts() with args: ["5caaed22-b555-4c1b-9fc3-5649e8e85791"]
2017-05-31 09:06:52:767 - info: [debug] [AndroidDriver] Getting a list of available webviews
2017-05-31 09:06:52:767 - info: [debug] [ADB] Getting connected devices...
2017-05-31 09:06:52:799 - info: [debug] [ADB] 1 device(s) connected
2017-05-31 09:06:52:799 - info: [debug] [ADB] Running 'D:\SoftWare\SDK\platform-tools\adb.exe' with args: ["-P",5037,"-s","85GBBMA2353T","shell","cat","/proc/net/unix"]
2017-05-31 09:06:52:845 - info: [debug] [AndroidDriver] Found webviews: []
2017-05-31 09:06:52:845 - info: [debug] [AndroidDriver] Available contexts: ["NATIVE_APP"]
2017-05-31 09:06:52:845 - info: [debug] [MJSONWP] Responding to client with driver.getContexts() result: ["NATIVE_APP"]
2017-05-31 09:06:52:845 - info: [HTTP] <-- GET /wd/hub/session/5caaed22-b555-4c1b-9fc3-5649e8e85791/contexts 200 91 ms - 86 
2017-05-31 09:06:52:877 - info: [HTTP] --> GET /wd/hub/session/5caaed22-b555-4c1b-9fc3-5649e8e85791/source {}
2017-05-31 09:06:52:877 - info: [debug] [MJSONWP] Calling AppiumDriver.getPageSource() with args: ["5caaed22-b555-4c1b-9fc3-5649e8e85791"]
2017-05-31 09:06:52:877 - info: [debug] [AndroidBootstrap] Sending command to android: {"cmd":"action","action":"source","params":{}}
2017-05-31 09:06:52:877 - info: [AndroidBootstrap] [BOOTSTRAP LOG] [debug] Got data from client: {"cmd":"action","action":"source","params":{}}
2017-05-31 09:06:52:877 - info: [AndroidBootstrap] [BOOTSTRAP LOG] [debug] Got command of type ACTION
2017-05-31 09:06:52:877 - info: [AndroidBootstrap] [BOOTSTRAP LOG] [debug] Got command action: source
2017-05-31 09:06:53:298 - info: [debug] [AndroidBootstrap] [UIAUTO STDOUT] [APPIUM-UIAUTO] [debug] Returning result: {"status":0,"value":"<?xml version=\"1.0\" encoding=\"UTF-8\"?><hierarchy rotation=\"0\"><android.widget.FrameLayout index=\"0\" text=\"\" class=\"android.widget.FrameLayout\" package=\"com.play.android\" content-desc=\"\" checkable=\"false\" checked=\"false\" clickable=\"false\" enabled=\"true\" focusable=\"false\" focused=\"false\" scrollable=\"false\" long-clickable=\"false\" password=\"false\" selected=\"false\" bounds=\"[0,0][1080,1920]\" resource-id=\"\" instance=\"0\"><android.widget.LinearLayout index=\"0\" text=\"\" class=\"android.widget.LinearLayout\" package=\"com.play.android\" content-desc=\"\" checkable=\"false\" checked=\"false\" clickable=\"false\" enabled=\"true\" focusable=\"false\" focused=\"false\" scrollable=\"false\" long-clickable=\"false\" password=\"false\" selected=\"false\" bounds=\"[0,0][1080,1920]\" resource-id=\"\" instance=\"0\"><android.widget.FrameLayout index=\"0\" text=\"\" class=\"android.widget.FrameLayout\" package=\"com.play.android\" content-desc=\"\" checkable=\"false\" checked=\"false\" clickable=\"false\" enabled=\"true\" focusable=\"false\" focused=\"false\" scrollable=\"false\" long-clickable=\"false\" password=\"false\" selected=\"false\" bounds=\"[0,66][1080,1920]\" resource-id=\"\" instance=\"1\"><android.widget.LinearLayout index=\"0\" text=\"\" class=\"android.widget.LinearLayout\" package=\"com.play.android\" content-desc=\"\" checkable=\"false\" checked=\"false\" clickable=\"false\" enabled=\"true\" focusable=\"false\" focused=\"false\" scrollable=\"false\" long-clickable=\"false\" password=\"false\" selected=\"false\" bounds=\"[0,66][1080,1920]\" resource-id=\"com.play.android:id\/action_bar_root\" instance=\"1\"><android.widget.FrameLayout index=\"0\" text=\"\" class=\"android.widget.FrameLayout\" package=\"com.play.android\" content-desc=\"\" checkable=\"false\" checked=\"false\" clickable=\"false\" enabled=\"true\" focusable=\"false\" focused=\"false\" scrollable=\"false\" long-clickable=\"false\" password=\"false\" selected=\"false\" bounds=\"[0,66][1080,1920]\" resource-id=\"android:id\/content\" instance=\"2\"><android.widget.RelativeLayout index=\"0\" text=\"\" class=\"android.widget.RelativeLayout\" package=\"com.play.android\" content-desc=\"\" checkable=\"false\" checked=\"false\" clickable=\"false\" enabled=\"true\" focusable=\"false\" focused=\"false\" scrollable=\"false\" long-clickable=\"false\" password=\"false\" selected=\"false\" bounds=\"[0,66][1080,1920]\" resource-id=\"com.play.android:id\/activity_home\" instance=\"0\"><android.widget.LinearLayout index=\"0\" text=\"\" class=\"android.widget.LinearLayout\" package=\"com.play.android\" content-desc=\"\" checkable=\"false\" checked=\"false\" clickable=\"false\" enabled=\"true\" focusable=\"false\" focused=\"false\" scrollable=\"false\" long-clickable=\"false\" password=\"false\" selected=\"false\" bounds=\"[0,66][1080,1920]\" resource-id=\"\" instance=\"2\"><android.widget.RelativeLayout index=\"0\" text=\"\" class=\"android.widget.RelativeLayout\" package=\"com.play.android\" content-desc=\"\" checkable=\"false\" checked=\"false\" clickable=\"false\" enabled=\"true\" focusable=\"false\" focused=\"false\" scrollable=\"false\" long-clickable=\"false\" password=\"false\" selected=\"false\" bounds=\"[0,66][1080,1785]\" resource-id=\"\" instance=\"1\"><android.widget.RelativeLayout index=\"0\" text=\"\" class=\"android.widget.RelativeLayout\" package=\"com.play.android\" content-desc=\"\" checkable=\"false\" checked=\"false\" clickable=\"false\" enabled=\"true\" focusable=\"false\" focused=\"false\" scrollable=\"false\" long-clickable=\"false\" password=\"false\" selected=\"false\" bounds=\"[0,66][1080,1785]\" resource-id=\"com.play.android:id\/rl_fragment\" instance=\"2\"><android.widget.LinearLayout index=\"0\" text=\"\" class=\"android.widget.LinearLayout\" package=\"com.play.android\" content-desc=\"\" checkable=\"false\" checked=\"false\" clickable=\"false\" enabled=\"true\" focusable=\"false\" focused=\"false\" scrollable=\"false\" long-clickable=\"false\"
2017-05-31 09:06:53:298 - info: [debug] [AndroidBootstrap] [UIAUTO STDOUT]  password=\"false\" selected=\"false\" bounds=\"[0,66][1080,1785]\" resource-id=\"\" instance=\"3\"><android.view.View index=\"0\" text=\"\" class=\"android.view.View\" package=\"com.play.android\" content-desc=\"\" checkable=\"false\" checked=\"false\" clickable=\"false\" enabled=\"true\" focusable=\"false\" focused=\"false\" scrollable=\"false\" long-clickable=\"false\" password=\"false\" selected=\"false\" bounds=\"[0,66][1080,1785]\" resource-id=\"com.play.android:id\/srf_category\" instance=\"0\"><android.support.v7.widget.RecyclerView index=\"0\" text=\"\" class=\"android.support.v7.widget.RecyclerView\" package=\"com.play.android\" content-desc=\"\" checkable=\"false\" checked=\"false\" clickable=\"false\" enabled=\"true\" focusable=\"true\" focused=\"true\" scrollable=\"true\" long-clickable=\"false\" password=\"false\" selected=\"false\" bounds=\"[0,66][1080,1785]\" resource-id=\"com.play.android:id\/rcv_categories\" instance=\"0\"><android.widget.LinearLayout index=\"0\" text=\"\" class=\"android.widget.LinearLayout\" package=\"com.play.android\" content-desc=\"\" checkable=\"false\" checked=\"false\" clickable=\"false\" enabled=\"true\" focusable=\"false\" focused=\"false\" scrollable=\"false\" long-clickable=\"false\" password=\"false\" selected=\"false\" bounds=\"[0,66][1080,786]\" resource-id=\"\" instance=\"4\"><android.widget.LinearLayout index=\"0\" text=\"\" class=\"android.widget.LinearLayout\" package=\"com.play.android\" content-desc=\"\" checkable=\"false\" checked=\"false\" clickable=\"false\" enabled=\"true\" focusable=\"false\" focused=\"false\" scrollable=\"false\" long-clickable=\"false\" password=\"false\" selected=\"false\" bounds=\"[0,66][1080,786]\" resource-id=\"com.play.android:id\/cb_banner\" instance=\"5\"><android.widget.LinearLayout index=\"0\" text=\"\" class=\"android.widget.LinearLayout\" package=\"com.play.android\" content-desc=\"\" checkable=\"false\" checked=\"false\" clickable=\"false\" enabled=\"true\" focusable=\"false\" focused=\"false\" scrollable=\"false\" long-clickable=\"false\" password=\"false\" selected=\"false\" bounds=\"[0,66][1080,786]\" resource-id=\"\" instance=\"6\"><android.widget.RelativeLayout index=\"0\" text=\"\" class=\"android.widget.RelativeLayout\" package=\"com.play.android\" content-desc=\"\" checkable=\"false\" checked=\"false\" clickable=\"false\" enabled=\"true\" focusable=\"false\" focused=\"false\" scrollable=\"false\" long-clickable=\"false\" password=\"false\" selected=\"false\" bounds=\"[0,66][1080,786]\" resource-id=\"\" instance=\"3\"><android.support.v4.view.ViewPager index=\"0\" text=\"\" class=\"android.support.v4.view.ViewPager\" package=\"com.play.android\" content-desc=\"\" checkable=\"false\" checked=\"false\" clickable=\"false\" enabled=\"true\" focusable=\"true\" focused=\"false\" scrollable=\"true\" long-clickable=\"false\" password=\"false\" selected=\"false\" bounds=\"[0,66][1080,786]\" resource-id=\"com.play.android:id\/cbLoopViewPager\" instance=\"0\"><android.widget.ImageView NAF=\"true\" index=\"1\" text=\"\" class=\"android.widget.ImageView\" package=\"com.play.android\" content-desc=\"\" checkable=\"false\" checked=\"false\" clickable=\"true\" enabled=\"true\" focusable=\"false\" focused=\"false\" scrollable=\"false\" long-clickable=\"false\" password=\"false\" selected=\"false\" bounds=\"[0,66][1080,786]\" resource-id=\"\" instance=\"0\"\/><\/android.support.v4.view.ViewPager><android.widget.LinearLayout index=\"1\" text=\"\" class=\"android.widget.LinearLayout\" package=\"com.play.android\" content-desc=\"\" checkable=\"false\" checked=\"false\" clickable=\"false\" enabled=\"true\" focusable=\"false\" focused=\"false\" scrollable=\"false\" long-clickable=\"false\" password=\"false\" selected=\"false\" bounds=\"[524,735][555,756]\" resource-id=\"com.play.android:id\/loPageTurningPoint\" instance=\"7\"><android.widget.ImageView index=\"0\" text=\"\" class=\"android.widget.ImageView\" package=\"com.play.android\" content-desc=\"\" checkable=\"false\" checked=\"false\" clickable=\"false\" enabled=\"true\" focusable=\"false\"
2017-05-31 09:06:53:313 - info: [debug] [AndroidBootstrap] Received command result from bootstrap
2017-05-31 09:06:53:313 - info: [debug] [AndroidBootstrap] Stream still not complete, waiting
2017-05-31 09:06:53:329 - info: [debug] [AndroidBootstrap] [UIAUTO STDOUT]  focused=\"false\" scrollable=\"false\" long-clickable=\"false\" password=\"false\" selected=\"false\" bounds=\"[524,735][555,756]\" resource-id=\"\" instance=\"1\"\/><\/android.widget.LinearLayout><\/android.widget.RelativeLayout><\/android.widget.LinearLayout><\/android.widget.LinearLayout><\/android.widget.LinearLayout><android.widget.RelativeLayout index=\"1\" text=\"\" class=\"android.widget.RelativeLayout\" package=\"com.play.android\" content-desc=\"\" checkable=\"false\" checked=\"false\" clickable=\"false\" enabled=\"true\" focusable=\"false\" focused=\"false\" scrollable=\"false\" long-clickable=\"false\" password=\"false\" selected=\"false\" bounds=\"[0,786][1080,1434]\" resource-id=\"\" instance=\"4\"><android.widget.ImageView NAF=\"true\" index=\"0\" text=\"\" class=\"android.widget.ImageView\" package=\"com.play.android\" content-desc=\"\" checkable=\"false\" checked=\"false\" clickable=\"true\" enabled=\"true\" focusable=\"false\" focused=\"false\" scrollable=\"false\" long-clickable=\"false\" password=\"false\" selected=\"false\" bounds=\"[0,786][1080,1434]\" resource-id=\"com.play.android:id\/sdv_image\" instance=\"2\"\/><\/android.widget.RelativeLayout><android.widget.RelativeLayout index=\"2\" text=\"\" class=\"android.widget.RelativeLayout\" package=\"com.play.android\" content-desc=\"\" checkable=\"false\" checked=\"false\" clickable=\"false\" enabled=\"true\" focusable=\"false\" focused=\"false\" scrollable=\"false\" long-clickable=\"false\" password=\"false\" selected=\"false\" bounds=\"[0,1434][1080,1785]\" resource-id=\"\" instance=\"5\"><android.widget.ImageView NAF=\"true\" index=\"0\" text=\"\" class=\"android.widget.ImageView\" package=\"com.play.android\" content-desc=\"\" checkable=\"false\" checked=\"false\" clickable=\"true\" enabled=\"true\" focusable=\"false\" focused=\"false\" scrollable=\"false\" long-clickable=\"false\" password=\"false\" selected=\"false\" bounds=\"[0,1434][1080,1785]\" resource-id=\"com.play.android:id\/sdv_image\" instance=\"3\"\/><\/android.widget.RelativeLayout><\/android.support.v7.widget.RecyclerView><\/android.view.View><\/android.widget.LinearLayout><\/android.widget.RelativeLayout><android.widget.TextView index=\"1\" text=\"您当前正在使用Wifi\" class=\"android.widget.TextView\" package=\"com.play.android\" content-desc=\"\" checkable=\"false\" checked=\"false\" clickable=\"false\" enabled=\"true\" focusable=\"false\" focused=\"false\" scrollable=\"false\" long-clickable=\"false\" password=\"false\" selected=\"false\" bounds=\"[292,1658][788,1755]\" resource-id=\"com.play.android:id\/tv_connect_state\" instance=\"0\"\/><\/android.widget.RelativeLayout><android.widget.LinearLayout index=\"1\" text=\"\" class=\"android.widget.LinearLayout\" package=\"com.play.android\" content-desc=\"\" checkable=\"false\" checked=\"false\" clickable=\"false\" enabled=\"true\" focusable=\"false\" focused=\"false\" scrollable=\"false\" long-clickable=\"false\" password=\"false\" selected=\"false\" bounds=\"[0,1785][1080,1920]\" resource-id=\"\" instance=\"8\"><android.widget.LinearLayout index=\"0\" text=\"\" class=\"android.widget.LinearLayout\" package=\"com.play.android\" content-desc=\"\" checkable=\"false\" checked=\"false\" clickable=\"false\" enabled=\"true\" focusable=\"false\" focused=\"false\" scrollable=\"false\" long-clickable=\"false\" password=\"false\" selected=\"false\" bounds=\"[0,1785][1080,1920]\" resource-id=\"\" instance=\"9\"><android.view.View index=\"0\" text=\"\" class=\"android.view.View\" package=\"com.play.android\" content-desc=\"\" checkable=\"false\" checked=\"false\" clickable=\"false\" enabled=\"true\" focusable=\"false\" focused=\"false\" scrollable=\"false\" long-clickable=\"false\" password=\"false\" selected=\"false\" bounds=\"[0,1785][108,1920]\" resource-id=\"\" instance=\"1\"\/><android.view.View index=\"1\" text=\"\" class=\"android.view.View\" package=\"com.play.android\" content-desc=\"\" checkable=\"false\" checked=\"false\" clickable=\"true\" enabled=\"true\" focusable=\"false\" focused=\"false\" scrollable=\"false\" long-clic
2017-05-31 09:06:53:329 - info: [debug] [AndroidBootstrap] Received command result from bootstrap
2017-05-31 09:06:53:329 - info: [debug] [AndroidBootstrap] [UIAUTO STDOUT] kable=\"false\" password=\"false\" selected=\"false\" bounds=\"[108,1785][396,1920]\" resource-id=\"com.play.android:id\/btn_diy\" instance=\"2\"><android.widget.TextView index=\"0\" text=\"定 制\" class=\"android.widget.TextView\" package=\"com.play.android\" content-desc=\"\" checkable=\"false\" checked=\"false\" clickable=\"false\" enabled=\"true\" focusable=\"false\" focused=\"false\" scrollable=\"false\" long-clickable=\"false\" password=\"false\" selected=\"false\" bounds=\"[218,1880][286,1915]\" resource-id=\"\" instance=\"1\"\/><android.widget.ImageView index=\"1\" text=\"\" class=\"android.widget.ImageView\" package=\"com.play.android\" content-desc=\"\" checkable=\"false\" checked=\"false\" clickable=\"false\" enabled=\"true\" focusable=\"false\" focused=\"false\" scrollable=\"false\" long-clickable=\"false\" password=\"false\" selected=\"false\" bounds=\"[225,1785][279,1907]\" resource-id=\"\" instance=\"4\"\/><\/android.view.View><android.widget.RelativeLayout index=\"2\" text=\"\" class=\"android.widget.RelativeLayout\" package=\"com.play.android\" content-desc=\"\" checkable=\"false\" checked=\"false\" clickable=\"false\" enabled=\"true\" focusable=\"false\" focused=\"false\" scrollable=\"false\" long-clickable=\"false\" password=\"false\" selected=\"false\" bounds=\"[396,1785][684,1920]\" resource-id=\"\" instance=\"6\"><android.widget.ImageView index=\"0\" text=\"\" class=\"android.widget.ImageView\" package=\"com.play.android\" content-desc=\"\" checkable=\"false\" checked=\"false\" clickable=\"false\" enabled=\"true\" focusable=\"false\" focused=\"false\" scrollable=\"false\" long-clickable=\"false\" password=\"false\" selected=\"false\" bounds=\"[450,1785][630,1920]\" resource-id=\"\" instance=\"5\"\/><\/android.widget.RelativeLayout><android.view.View index=\"3\" text=\"\" class=\"android.view.View\" package=\"com.play.android\" content-desc=\"\" checkable=\"false\" checked=\"false\" clickable=\"true\" enabled=\"true\" focusable=\"false\" focused=\"false\" scrollable=\"false\" long-clickable=\"false\" password=\"false\" selected=\"false\" bounds=\"[684,1785][972,1920]\" resource-id=\"com.play.android:id\/btn_profile\" instance=\"3\"><android.widget.TextView index=\"0\" text=\"我 的\" class=\"android.widget.TextView\" package=\"com.play.android\" content-desc=\"\" checkable=\"false\" checked=\"false\" clickable=\"false\" enabled=\"true\" focusable=\"false\" focused=\"false\" scrollable=\"false\" long-clickable=\"false\" password=\"false\" selected=\"false\" bounds=\"[794,1880][862,1915]\" resource-id=\"\" instance=\"2\"\/><android.widget.ImageView index=\"1\" text=\"\" class=\"android.widget.ImageView\" package=\"com.play.android\" content-desc=\"\" checkable=\"false\" checked=\"false\" clickable=\"false\" enabled=\"true\" focusable=\"false\" focused=\"false\" scrollable=\"false\" long-clickable=\"false\" password=\"false\" selected=\"false\" bounds=\"[801,1785][855,1907]\" resource-id=\"\" instance=\"6\"\/><\/android.view.View><android.view.View index=\"4\" text=\"\" class=\"android.view.View\" package=\"com.play.android\" content-desc=\"\" checkable=\"false\" checked=\"false\" clickable=\"false\" enabled=\"true\" focusable=\"false\" focused=\"false\" scrollable=\"false\" long-clickable=\"false\" password=\"false\" selected=\"false\" bounds=\"[972,1785][1080,1920]\" resource-id=\"\" instance=\"4\"\/><\/android.widget.LinearLayout><\/android.widget.LinearLayout><\/android.widget.LinearLayout><android.widget.ImageView NAF=\"true\" index=\"1\" text=\"\" class=\"android.widget.ImageView\" package=\"com.play.android\" content-desc=\"\" checkable=\"false\" checked=\"false\" clickable=\"true\" enabled=\"true\" focusable=\"false\" focused=\"false\" scrollable=\"false\" long-clickable=\"false\" password=\"false\" selected=\"false\" bounds=\"[450,1740][630,1920]\" resource-id=\"com.play.android:id\/btn_cart\" instance=\"7\"\/><\/android.widget.RelativeLayout><\/android.widget.FrameLayout><\/android.widget.LinearLayout><\/android.widget.FrameLayout><\/android.widget.LinearLayout><android.view.View index=\"1\" text=\"\" class=\"android.view.View\" package=\"com.play.android\" content-desc=\"\" checkable=\"false\" checked=\"false\" clickable=\"false\" enabled=\"true\" focusable=\"false\" focused=\"false\" scrollable=\"false\" long-clickable=\"false\" password=\"false\" selected=\"false\" bounds=\"[0,0][1080,70]\" resource-id=\"android:id\/statusBarBackground\" instance=\"5\"\/><\/android.widget.FrameLayout><\/hierarchy>"}[/APPIUM-UIAUTO]
2017-05-31 09:06:53:329 - info: [debug] [MJSONWP] Responding to client with driver.getPageSource() result: "<?xml version=\"1.0\" encoding=\"UTF-8\"?><hierarchy rotation=\"0\"><android.widget.FrameLayout index=\"0\" text=\"\" class=\"android.widget.FrameLayout\" package=\"com.play.android\" content-desc=\"\" checkable=\"false\" checked=\"false\" clickable=\"false\" enabled=\"true\" focusable=\"false\" focused=\"false\" scrollable=\"false\" long-clickable=\"false\" password=\"false\" selected=\"false\" bounds=\"[0,0][1080,1920]\" resource-id=\"\" instance=\"0\"><android.widget.LinearLayout index=\"0\" text=\"\" class=\"android.widget.LinearLayout\" package=\"com.play.android\" content-desc=\"\" checkable=\"false\" checked=\"false\" clickable=\"false\" enabled=\"true\" focusable=\"false\" focused=\"false\" scrollable=\"false\" long-clickable=\"false\" password=\"false\" selected=\"false\" bounds=\"[0,0][1080,1920]\" resource-id=\"\" instance=\"0\"><android.widget.FrameLayout index=\"0\" text=\"\" class=\"android.widget.FrameLayout\" package=\"com.play.android\" content-desc=\"\" checkable=\"false\" checked=\"fals...
2017-05-31 09:06:53:329 - info: [HTTP] <-- GET /wd/hub/session/5caaed22-b555-4c1b-9fc3-5649e8e85791/source 200 458 ms - 16757 
2017-05-31 09:06:53:392 - info: [HTTP] --> POST /wd/hub/session/5caaed22-b555-4c1b-9fc3-5649e8e85791/timeouts {"type":"implicit","ms":0}
2017-05-31 09:06:53:392 - info: [debug] [MJSONWP] Calling AppiumDriver.timeouts() with args: ["implicit",0,"5caaed22-b555-4c1b-9fc3-5649e8e85791"]
2017-05-31 09:06:53:392 - info: [debug] [BaseDriver] Set implicit wait to 0ms
2017-05-31 09:06:53:392 - info: [debug] [MJSONWP] Responding to client with driver.timeouts() result: null
2017-05-31 09:06:53:392 - info: [HTTP] <-- POST /wd/hub/session/5caaed22-b555-4c1b-9fc3-5649e8e85791/timeouts 200 4 ms - 76 
2017-05-31 09:06:53:408 - info: [HTTP] --> GET /wd/hub/session/5caaed22-b555-4c1b-9fc3-5649e8e85791/context {}
2017-05-31 09:06:53:408 - info: [debug] [MJSONWP] Calling AppiumDriver.getCurrentContext() with args: ["5caaed22-b555-4c1b-9fc3-5649e8e85791"]
2017-05-31 09:06:53:408 - info: [debug] [MJSONWP] Responding to client with driver.getCurrentContext() result: "NATIVE_APP"
2017-05-31 09:06:53:408 - info: [HTTP] <-- GET /wd/hub/session/5caaed22-b555-4c1b-9fc3-5649e8e85791/context 200 3 ms - 84 
2017-05-31 09:06:53:439 - info: [HTTP] --> POST /wd/hub/session/5caaed22-b555-4c1b-9fc3-5649e8e85791/elements {"using":"xpath","value":"//*[@id='pageWrap']/section/div/ul/li[1]/a/img"}
2017-05-31 09:06:53:439 - info: [debug] [MJSONWP] Calling AppiumDriver.findElements() with args: ["xpath","//*[@id='pageWrap']/section/div/ul/li[1]/a/img","5caaed22-b555-4c1b-9fc3-5649e8e85791"]
2017-05-31 09:06:53:439 - info: [debug] [BaseDriver] Valid locator strategies for this request: xpath, id, class name, accessibility id, -android uiautomator
2017-05-31 09:06:53:439 - info: [debug] [BaseDriver] Valid locator strategies for this request: xpath, id, class name, accessibility id, -android uiautomator
2017-05-31 09:06:53:439 - info: [debug] [BaseDriver] Waiting up to 0 ms for condition
2017-05-31 09:06:53:439 - info: [debug] [AndroidBootstrap] Sending command to android: {"cmd":"action","action":"find","params":{"strategy":"xpath","selector":"//*[@id='pageWrap']/section/div/ul/li[1]/a/img","context":"","multiple":true}}
2017-05-31 09:06:53:439 - info: [AndroidBootstrap] [BOOTSTRAP LOG] [debug] Got data from client: {"cmd":"action","action":"find","params":{"strategy":"xpath","selector":"//*[@id='pageWrap']/section/div/ul/li[1]/a/img","context":"","multiple":true}}
2017-05-31 09:06:53:439 - info: [AndroidBootstrap] [BOOTSTRAP LOG] [debug] Got command of type ACTION
2017-05-31 09:06:53:439 - info: [AndroidBootstrap] [BOOTSTRAP LOG] [debug] Got command action: find
2017-05-31 09:06:53:439 - info: [AndroidBootstrap] [BOOTSTRAP LOG] [debug] Finding '//*[@id='pageWrap']/section/div/ul/li[1]/a/img' using 'XPATH' with the contextId: '' multiple: true
2017-05-31 09:06:53:533 - info: [AndroidBootstrap] [BOOTSTRAP LOG] [debug] Failed to locate element. Clearing Accessibility cache and retrying.
2017-05-31 09:06:53:533 - info: [AndroidBootstrap] [BOOTSTRAP LOG] [debug] Finding '//*[@id='pageWrap']/section/div/ul/li[1]/a/img' using 'XPATH' with the contextId: '' multiple: true
2017-05-31 09:06:53:595 - info: [AndroidBootstrap] [BOOTSTRAP LOG] [debug] Returning result: {"status":0,"value":[]}
2017-05-31 09:06:53:595 - info: [debug] [AndroidBootstrap] Received command result from bootstrap
2017-05-31 09:06:53:611 - info: [debug] [MJSONWP] Responding to client with driver.findElements() result: []
2017-05-31 09:06:53:611 - info: [HTTP] <-- POST /wd/hub/session/5caaed22-b555-4c1b-9fc3-5649e8e85791/elements 200 178 ms - 74 
2017-05-31 09:06:54:141 - info: [HTTP] --> GET /wd/hub/session/5caaed22-b555-4c1b-9fc3-5649e8e85791/context {}
2017-05-31 09:06:54:141 - info: [debug] [MJSONWP] Calling AppiumDriver.getCurrentContext() with args: ["5caaed22-b555-4c1b-9fc3-5649e8e85791"]
2017-05-31 09:06:54:141 - info: [debug] [MJSONWP] Responding to client with driver.getCurrentContext() result: "NATIVE_APP"
2017-05-31 09:06:54:141 - info: [HTTP] <-- GET /wd/hub/session/5caaed22-b555-4c1b-9fc3-5649e8e85791/context 200 2 ms - 84 
2017-05-31 09:06:54:157 - info: [HTTP] --> POST /wd/hub/session/5caaed22-b555-4c1b-9fc3-5649e8e85791/elements {"using":"xpath","value":"//*[@id='pageWrap']/section/div/ul/li[1]/a/img"}
2017-05-31 09:06:54:157 - info: [debug] [MJSONWP] Calling AppiumDriver.findElements() with args: ["xpath","//*[@id='pageWrap']/section/div/ul/li[1]/a/img","5caaed22-b555-4c1b-9fc3-5649e8e85791"]
2017-05-31 09:06:54:157 - info: [debug] [BaseDriver] Valid locator strategies for this request: xpath, id, class name, accessibility id, -android uiautomator
2017-05-31 09:06:54:157 - info: [debug] [BaseDriver] Valid locator strategies for this request: xpath, id, class name, accessibility id, -android uiautomator
2017-05-31 09:06:54:157 - info: [debug] [BaseDriver] Waiting up to 0 ms for condition
2017-05-31 09:06:54:157 - info: [debug] [AndroidBootstrap] Sending command to android: {"cmd":"action","action":"find","params":{"strategy":"xpath","selector":"//*[@id='pageWrap']/section/div/ul/li[1]/a/img","context":"","multiple":true}}
2017-05-31 09:06:54:157 - info: [AndroidBootstrap] [BOOTSTRAP LOG] [debug] Got data from client: {"cmd":"action","action":"find","params":{"strategy":"xpath","selector":"//*[@id='pageWrap']/section/div/ul/li[1]/a/img","context":"","multiple":true}}
2017-05-31 09:06:54:157 - info: [AndroidBootstrap] [BOOTSTRAP LOG] [debug] Got command of type ACTION
2017-05-31 09:06:54:157 - info: [AndroidBootstrap] [BOOTSTRAP LOG] [debug] Got command action: find
2017-05-31 09:06:54:157 - info: [AndroidBootstrap] [BOOTSTRAP LOG] [debug] Finding '//*[@id='pageWrap']/section/div/ul/li[1]/a/img' using 'XPATH' with the contextId: '' multiple: true
2017-05-31 09:06:54:219 - info: [AndroidBootstrap] [BOOTSTRAP LOG] [debug] Failed to locate element. Clearing Accessibility cache and retrying.
2017-05-31 09:06:54:219 - info: [AndroidBootstrap] [BOOTSTRAP LOG] [debug] Finding '//*[@id='pageWrap']/section/div/ul/li[1]/a/img' using 'XPATH' with the contextId: '' multiple: true
2017-05-31 09:06:54:266 - info: [AndroidBootstrap] [BOOTSTRAP LOG] [debug] Returning result: {"status":0,"value":[]}
2017-05-31 09:06:54:266 - info: [debug] [AndroidBootstrap] Received command result from bootstrap
2017-05-31 09:06:54:266 - info: [debug] [MJSONWP] Responding to client with driver.findElements() result: []
2017-05-31 09:06:54:266 - info: [HTTP] <-- POST /wd/hub/session/5caaed22-b555-4c1b-9fc3-5649e8e85791/elements 200 123 ms - 74 
2017-05-31 09:06:54:812 - info: [HTTP] --> GET /wd/hub/session/5caaed22-b555-4c1b-9fc3-5649e8e85791/context {}
2017-05-31 09:06:54:812 - info: [debug] [MJSONWP] Calling AppiumDriver.getCurrentContext() with args: ["5caaed22-b555-4c1b-9fc3-5649e8e85791"]
2017-05-31 09:06:54:812 - info: [debug] [MJSONWP] Responding to client with driver.getCurrentContext() result: "NATIVE_APP"
2017-05-31 09:06:54:812 - info: [HTTP] <-- GET /wd/hub/session/5caaed22-b555-4c1b-9fc3-5649e8e85791/context 200 4 ms - 84 
2017-05-31 09:06:54:828 - info: [HTTP] --> POST /wd/hub/session/5caaed22-b555-4c1b-9fc3-5649e8e85791/elements {"using":"xpath","value":"//*[@id='pageWrap']/section/div/ul/li[1]/a/img"}
2017-05-31 09:06:54:828 - info: [debug] [MJSONWP] Calling AppiumDriver.findElements() with args: ["xpath","//*[@id='pageWrap']/section/div/ul/li[1]/a/img","5caaed22-b555-4c1b-9fc3-5649e8e85791"]
2017-05-31 09:06:54:828 - info: [debug] [BaseDriver] Valid locator strategies for this request: xpath, id, class name, accessibility id, -android uiautomator
2017-05-31 09:06:54:828 - info: [debug] [BaseDriver] Valid locator strategies for this request: xpath, id, class name, accessibility id, -android uiautomator
2017-05-31 09:06:54:828 - info: [debug] [BaseDriver] Waiting up to 0 ms for condition
2017-05-31 09:06:54:828 - info: [debug] [AndroidBootstrap] Sending command to android: {"cmd":"action","action":"find","params":{"strategy":"xpath","selector":"//*[@id='pageWrap']/section/div/ul/li[1]/a/img","context":"","multiple":true}}
2017-05-31 09:06:54:828 - info: [AndroidBootstrap] [BOOTSTRAP LOG] [debug] Got data from client: {"cmd":"action","action":"find","params":{"strategy":"xpath","selector":"//*[@id='pageWrap']/section/div/ul/li[1]/a/img","context":"","multiple":true}}
2017-05-31 09:06:54:828 - info: [AndroidBootstrap] [BOOTSTRAP LOG] [debug] Got command of type ACTION
2017-05-31 09:06:54:828 - info: [AndroidBootstrap] [BOOTSTRAP LOG] [debug] Got command action: find
2017-05-31 09:06:54:828 - info: [AndroidBootstrap] [BOOTSTRAP LOG] [debug] Finding '//*[@id='pageWrap']/section/div/ul/li[1]/a/img' using 'XPATH' with the contextId: '' multiple: true
2017-05-31 09:06:54:875 - info: [AndroidBootstrap] [BOOTSTRAP LOG] [debug] Failed to locate element. Clearing Accessibility cache and retrying.
2017-05-31 09:06:54:891 - info: [AndroidBootstrap] [BOOTSTRAP LOG] [debug] Finding '//*[@id='pageWrap']/section/div/ul/li[1]/a/img' using 'XPATH' with the contextId: '' multiple: true
2017-05-31 09:06:54:953 - info: [AndroidBootstrap] [BOOTSTRAP LOG] [debug] Returning result: {"status":0,"value":[]}
2017-05-31 09:06:54:953 - info: [debug] [AndroidBootstrap] Received command result from bootstrap
2017-05-31 09:06:54:953 - info: [debug] [MJSONWP] Responding to client with driver.findElements() result: []
2017-05-31 09:06:54:953 - info: [HTTP] <-- POST /wd/hub/session/5caaed22-b555-4c1b-9fc3-5649e8e85791/elements 200 137 ms - 74 
2017-05-31 09:06:55:469 - info: [HTTP] --> GET /wd/hub/session/5caaed22-b555-4c1b-9fc3-5649e8e85791/context {}
2017-05-31 09:06:55:469 - info: [debug] [MJSONWP] Calling AppiumDriver.getCurrentContext() with args: ["5caaed22-b555-4c1b-9fc3-5649e8e85791"]
2017-05-31 09:06:55:469 - info: [debug] [MJSONWP] Responding to client with driver.getCurrentContext() result: "NATIVE_APP"
2017-05-31 09:06:55:469 - info: [HTTP] <-- GET /wd/hub/session/5caaed22-b555-4c1b-9fc3-5649e8e85791/context 200 2 ms - 84 
2017-05-31 09:06:55:485 - info: [HTTP] --> POST /wd/hub/session/5caaed22-b555-4c1b-9fc3-5649e8e85791/elements {"using":"xpath","value":"//*[@id='pageWrap']/section/div/ul/li[1]/a/img"}
2017-05-31 09:06:55:485 - info: [debug] [MJSONWP] Calling AppiumDriver.findElements() with args: ["xpath","//*[@id='pageWrap']/section/div/ul/li[1]/a/img","5caaed22-b555-4c1b-9fc3-5649e8e85791"]
2017-05-31 09:06:55:485 - info: [debug] [BaseDriver] Valid locator strategies for this request: xpath, id, class name, accessibility id, -android uiautomator
2017-05-31 09:06:55:485 - info: [debug] [BaseDriver] Valid locator strategies for this request: xpath, id, class name, accessibility id, -android uiautomator
2017-05-31 09:06:55:485 - info: [debug] [BaseDriver] Waiting up to 0 ms for condition
2017-05-31 09:06:55:485 - info: [debug] [AndroidBootstrap] Sending command to android: {"cmd":"action","action":"find","params":{"strategy":"xpath","selector":"//*[@id='pageWrap']/section/div/ul/li[1]/a/img","context":"","multiple":true}}
2017-05-31 09:06:55:485 - info: [AndroidBootstrap] [BOOTSTRAP LOG] [debug] Got data from client: {"cmd":"action","action":"find","params":{"strategy":"xpath","selector":"//*[@id='pageWrap']/section/div/ul/li[1]/a/img","context":"","multiple":true}}
2017-05-31 09:06:55:485 - info: [AndroidBootstrap] [BOOTSTRAP LOG] [debug] Got command of type ACTION
2017-05-31 09:06:55:485 - info: [AndroidBootstrap] [BOOTSTRAP LOG] [debug] Got command action: find
2017-05-31 09:06:55:485 - info: [AndroidBootstrap] [BOOTSTRAP LOG] [debug] Finding '//*[@id='pageWrap']/section/div/ul/li[1]/a/img' using 'XPATH' with the contextId: '' multiple: true
2017-05-31 09:06:55:534 - info: [AndroidBootstrap] [BOOTSTRAP LOG] [debug] Failed to locate element. Clearing Accessibility cache and retrying.
2017-05-31 09:06:55:549 - info: [AndroidBootstrap] [BOOTSTRAP LOG] [debug] Finding '//*[@id='pageWrap']/section/div/ul/li[1]/a/img' using 'XPATH' with the contextId: '' multiple: true
2017-05-31 09:06:55:612 - info: [AndroidBootstrap] [BOOTSTRAP LOG] [debug] Returning result: {"status":0,"value":[]}
2017-05-31 09:06:55:612 - info: [debug] [AndroidBootstrap] Received command result from bootstrap
2017-05-31 09:06:55:612 - info: [debug] [MJSONWP] Responding to client with driver.findElements() result: []
2017-05-31 09:06:55:612 - info: [HTTP] <-- POST /wd/hub/session/5caaed22-b555-4c1b-9fc3-5649e8e85791/elements 200 131 ms - 74 
2017-05-31 09:06:56:127 - info: [HTTP] --> GET /wd/hub/session/5caaed22-b555-4c1b-9fc3-5649e8e85791/context {}
2017-05-31 09:06:56:127 - info: [debug] [MJSONWP] Calling AppiumDriver.getCurrentContext() with args: ["5caaed22-b555-4c1b-9fc3-5649e8e85791"]
2017-05-31 09:06:56:127 - info: [debug] [MJSONWP] Responding to client with driver.getCurrentContext() result: "NATIVE_APP"
2017-05-31 09:06:56:127 - info: [HTTP] <-- GET /wd/hub/session/5caaed22-b555-4c1b-9fc3-5649e8e85791/context 200 6 ms - 84 
2017-05-31 09:06:56:143 - info: [HTTP] --> POST /wd/hub/session/5caaed22-b555-4c1b-9fc3-5649e8e85791/elements {"using":"xpath","value":"//*[@id='pageWrap']/section/div/ul/li[1]/a/img"}
2017-05-31 09:06:56:143 - info: [debug] [MJSONWP] Calling AppiumDriver.findElements() with args: ["xpath","//*[@id='pageWrap']/section/div/ul/li[1]/a/img","5caaed22-b555-4c1b-9fc3-5649e8e85791"]
2017-05-31 09:06:56:143 - info: [debug] [BaseDriver] Valid locator strategies for this request: xpath, id, class name, accessibility id, -android uiautomator
2017-05-31 09:06:56:143 - info: [debug] [BaseDriver] Valid locator strategies for this request: xpath, id, class name, accessibility id, -android uiautomator
2017-05-31 09:06:56:143 - info: [debug] [BaseDriver] Waiting up to 0 ms for condition
2017-05-31 09:06:56:143 - info: [debug] [AndroidBootstrap] Sending command to android: {"cmd":"action","action":"find","params":{"strategy":"xpath","selector":"//*[@id='pageWrap']/section/div/ul/li[1]/a/img","context":"","multiple":true}}
2017-05-31 09:06:56:159 - info: [AndroidBootstrap] [BOOTSTRAP LOG] [debug] Got data from client: {"cmd":"action","action":"find","params":{"strategy":"xpath","selector":"//*[@id='pageWrap']/section/div/ul/li[1]/a/img","context":"","multiple":true}}
2017-05-31 09:06:56:159 - info: [AndroidBootstrap] [BOOTSTRAP LOG] [debug] Got command of type ACTION
2017-05-31 09:06:56:159 - info: [AndroidBootstrap] [BOOTSTRAP LOG] [debug] Got command action: find
2017-05-31 09:06:56:159 - info: [AndroidBootstrap] [BOOTSTRAP LOG] [debug] Finding '//*[@id='pageWrap']/section/div/ul/li[1]/a/img' using 'XPATH' with the contextId: '' multiple: true
2017-05-31 09:06:56:222 - info: [AndroidBootstrap] [BOOTSTRAP LOG] [debug] Failed to locate element. Clearing Accessibility cache and retrying.
2017-05-31 09:06:56:222 - info: [AndroidBootstrap] [BOOTSTRAP LOG] [debug] Finding '//*[@id='pageWrap']/section/div/ul/li[1]/a/img' using 'XPATH' with the contextId: '' multiple: true
2017-05-31 09:06:56:269 - info: [AndroidBootstrap] [BOOTSTRAP LOG] [debug] Returning result: {"status":0,"value":[]}
2017-05-31 09:06:56:269 - info: [debug] [AndroidBootstrap] Received command result from bootstrap
2017-05-31 09:06:56:269 - info: [debug] [MJSONWP] Responding to client with driver.findElements() result: []
2017-05-31 09:06:56:269 - info: [HTTP] <-- POST /wd/hub/session/5caaed22-b555-4c1b-9fc3-5649e8e85791/elements 200 134 ms - 74 
2017-05-31 09:06:56:793 - info: [HTTP] --> GET /wd/hub/session/5caaed22-b555-4c1b-9fc3-5649e8e85791/context {}
2017-05-31 09:06:56:794 - info: [debug] [MJSONWP] Calling AppiumDriver.getCurrentContext() with args: ["5caaed22-b555-4c1b-9fc3-5649e8e85791"]
2017-05-31 09:06:56:795 - info: [debug] [MJSONWP] Responding to client with driver.getCurrentContext() result: "NATIVE_APP"
2017-05-31 09:06:56:797 - info: [HTTP] <-- GET /wd/hub/session/5caaed22-b555-4c1b-9fc3-5649e8e85791/context 200 4 ms - 84 
2017-05-31 09:06:56:803 - info: [HTTP] --> POST /wd/hub/session/5caaed22-b555-4c1b-9fc3-5649e8e85791/elements {"using":"xpath","value":"//*[@id='pageWrap']/section/div/ul/li[1]/a/img"}
2017-05-31 09:06:56:804 - info: [debug] [MJSONWP] Calling AppiumDriver.findElements() with args: ["xpath","//*[@id='pageWrap']/section/div/ul/li[1]/a/img","5caaed22-b555-4c1b-9fc3-5649e8e85791"]
2017-05-31 09:06:56:806 - info: [debug] [BaseDriver] Valid locator strategies for this request: xpath, id, class name, accessibility id, -android uiautomator
2017-05-31 09:06:56:807 - info: [debug] [BaseDriver] Valid locator strategies for this request: xpath, id, class name, accessibility id, -android uiautomator
2017-05-31 09:06:56:807 - info: [debug] [BaseDriver] Waiting up to 0 ms for condition
2017-05-31 09:06:56:809 - info: [debug] [AndroidBootstrap] Sending command to android: {"cmd":"action","action":"find","params":{"strategy":"xpath","selector":"//*[@id='pageWrap']/section/div/ul/li[1]/a/img","context":"","multiple":true}}
2017-05-31 09:06:56:818 - info: [AndroidBootstrap] [BOOTSTRAP LOG] [debug] Got data from client: {"cmd":"action","action":"find","params":{"strategy":"xpath","selector":"//*[@id='pageWrap']/section/div/ul/li[1]/a/img","context":"","multiple":true}}
2017-05-31 09:06:56:819 - info: [AndroidBootstrap] [BOOTSTRAP LOG] [debug] Got command of type ACTION
2017-05-31 09:06:56:819 - info: [AndroidBootstrap] [BOOTSTRAP LOG] [debug] Got command action: find
2017-05-31 09:06:56:819 - info: [AndroidBootstrap] [BOOTSTRAP LOG] [debug] Finding '//*[@id='pageWrap']/section/div/ul/li[1]/a/img' using 'XPATH' with the contextId: '' multiple: true
2017-05-31 09:06:56:874 - info: [AndroidBootstrap] [BOOTSTRAP LOG] [debug] Failed to locate element. Clearing Accessibility cache and retrying.
2017-05-31 09:06:56:875 - info: [AndroidBootstrap] [BOOTSTRAP LOG] [debug] Finding '//*[@id='pageWrap']/section/div/ul/li[1]/a/img' using 'XPATH' with the contextId: '' multiple: true
2017-05-31 09:06:56:936 - info: [AndroidBootstrap] [BOOTSTRAP LOG] [debug] Returning result: {"status":0,"value":[]}
2017-05-31 09:06:56:937 - info: [debug] [AndroidBootstrap] Received command result from bootstrap
2017-05-31 09:06:56:940 - info: [debug] [MJSONWP] Responding to client with driver.findElements() result: []
2017-05-31 09:06:56:942 - info: [HTTP] <-- POST /wd/hub/session/5caaed22-b555-4c1b-9fc3-5649e8e85791/elements 200 138 ms - 74 
2017-05-31 09:06:57:447 - info: [HTTP] --> GET /wd/hub/session/5caaed22-b555-4c1b-9fc3-5649e8e85791/context {}
2017-05-31 09:06:57:447 - info: [debug] [MJSONWP] Calling AppiumDriver.getCurrentContext() with args: ["5caaed22-b555-4c1b-9fc3-5649e8e85791"]
2017-05-31 09:06:57:449 - info: [debug] [MJSONWP] Responding to client with driver.getCurrentContext() result: "NATIVE_APP"
2017-05-31 09:06:57:453 - info: [HTTP] <-- GET /wd/hub/session/5caaed22-b555-4c1b-9fc3-5649e8e85791/context 200 3 ms - 84 
2017-05-31 09:06:57:459 - info: [HTTP] --> POST /wd/hub/session/5caaed22-b555-4c1b-9fc3-5649e8e85791/elements {"using":"xpath","value":"//*[@id='pageWrap']/section/div/ul/li[1]/a/img"}
2017-05-31 09:06:57:462 - info: [debug] [MJSONWP] Calling AppiumDriver.findElements() with args: ["xpath","//*[@id='pageWrap']/section/div/ul/li[1]/a/img","5caaed22-b555-4c1b-9fc3-5649e8e85791"]
2017-05-31 09:06:57:463 - info: [debug] [BaseDriver] Valid locator strategies for this request: xpath, id, class name, accessibility id, -android uiautomator
2017-05-31 09:06:57:464 - info: [debug] [BaseDriver] Valid locator strategies for this request: xpath, id, class name, accessibility id, -android uiautomator
2017-05-31 09:06:57:464 - info: [debug] [BaseDriver] Waiting up to 0 ms for condition
2017-05-31 09:06:57:465 - info: [debug] [AndroidBootstrap] Sending command to android: {"cmd":"action","action":"find","params":{"strategy":"xpath","selector":"//*[@id='pageWrap']/section/div/ul/li[1]/a/img","context":"","multiple":true}}
2017-05-31 09:06:57:475 - info: [AndroidBootstrap] [BOOTSTRAP LOG] [debug] Got data from client: {"cmd":"action","action":"find","params":{"strategy":"xpath","selector":"//*[@id='pageWrap']/section/div/ul/li[1]/a/img","context":"","multiple":true}}
2017-05-31 09:06:57:475 - info: [AndroidBootstrap] [BOOTSTRAP LOG] [debug] Got command of type ACTION
2017-05-31 09:06:57:475 - info: [AndroidBootstrap] [BOOTSTRAP LOG] [debug] Got command action: find
2017-05-31 09:06:57:475 - info: [AndroidBootstrap] [BOOTSTRAP LOG] [debug] Finding '//*[@id='pageWrap']/section/div/ul/li[1]/a/img' using 'XPATH' with the contextId: '' multiple: true
2017-05-31 09:06:57:534 - info: [AndroidBootstrap] [BOOTSTRAP LOG] [debug] Failed to locate element. Clearing Accessibility cache and retrying.
2017-05-31 09:06:57:535 - info: [AndroidBootstrap] [BOOTSTRAP LOG] [debug] Finding '//*[@id='pageWrap']/section/div/ul/li[1]/a/img' using 'XPATH' with the contextId: '' multiple: true
2017-05-31 09:06:57:598 - info: [AndroidBootstrap] [BOOTSTRAP LOG] [debug] Returning result: {"status":0,"value":[]}
2017-05-31 09:06:57:599 - info: [debug] [AndroidBootstrap] Received command result from bootstrap
2017-05-31 09:06:57:600 - info: [debug] [MJSONWP] Responding to client with driver.findElements() result: []
2017-05-31 09:06:57:601 - info: [HTTP] <-- POST /wd/hub/session/5caaed22-b555-4c1b-9fc3-5649e8e85791/elements 200 142 ms - 74 
2017-05-31 09:06:58:108 - info: [HTTP] --> GET /wd/hub/session/5caaed22-b555-4c1b-9fc3-5649e8e85791/context {}
2017-05-31 09:06:58:108 - info: [debug] [MJSONWP] Calling AppiumDriver.getCurrentContext() with args: ["5caaed22-b555-4c1b-9fc3-5649e8e85791"]
2017-05-31 09:06:58:110 - info: [debug] [MJSONWP] Responding to client with driver.getCurrentContext() result: "NATIVE_APP"
2017-05-31 09:06:58:113 - info: [HTTP] <-- GET /wd/hub/session/5caaed22-b555-4c1b-9fc3-5649e8e85791/context 200 3 ms - 84 
2017-05-31 09:06:58:115 - info: [HTTP] --> POST /wd/hub/session/5caaed22-b555-4c1b-9fc3-5649e8e85791/elements {"using":"xpath","value":"//*[@id='pageWrap']/section/div/ul/li[1]/a/img"}
2017-05-31 09:06:58:116 - info: [debug] [MJSONWP] Calling AppiumDriver.findElements() with args: ["xpath","//*[@id='pageWrap']/section/div/ul/li[1]/a/img","5caaed22-b555-4c1b-9fc3-5649e8e85791"]
2017-05-31 09:06:58:117 - info: [debug] [BaseDriver] Valid locator strategies for this request: xpath, id, class name, accessibility id, -android uiautomator
2017-05-31 09:06:58:117 - info: [debug] [BaseDriver] Valid locator strategies for this request: xpath, id, class name, accessibility id, -android uiautomator
2017-05-31 09:06:58:117 - info: [debug] [BaseDriver] Waiting up to 0 ms for condition
2017-05-31 09:06:58:118 - info: [debug] [AndroidBootstrap] Sending command to android: {"cmd":"action","action":"find","params":{"strategy":"xpath","selector":"//*[@id='pageWrap']/section/div/ul/li[1]/a/img","context":"","multiple":true}}
2017-05-31 09:06:58:124 - info: [AndroidBootstrap] [BOOTSTRAP LOG] [debug] Got data from client: {"cmd":"action","action":"find","params":{"strategy":"xpath","selector":"//*[@id='pageWrap']/section/div/ul/li[1]/a/img","context":"","multiple":true}}
2017-05-31 09:06:58:124 - info: [AndroidBootstrap] [BOOTSTRAP LOG] [debug] Got command of type ACTION
2017-05-31 09:06:58:124 - info: [AndroidBootstrap] [BOOTSTRAP LOG] [debug] Got command action: find
2017-05-31 09:06:58:125 - info: [AndroidBootstrap] [BOOTSTRAP LOG] [debug] Finding '//*[@id='pageWrap']/section/div/ul/li[1]/a/img' using 'XPATH' with the contextId: '' multiple: true
2017-05-31 09:06:58:228 - info: [AndroidBootstrap] [BOOTSTRAP LOG] [debug] Failed to locate element. Clearing Accessibility cache and retrying.
2017-05-31 09:06:58:228 - info: [AndroidBootstrap] [BOOTSTRAP LOG] [debug] Finding '//*[@id='pageWrap']/section/div/ul/li[1]/a/img' using 'XPATH' with the contextId: '' multiple: true
2017-05-31 09:06:58:273 - info: [AndroidBootstrap] [BOOTSTRAP LOG] [debug] Returning result: {"status":0,"value":[]}
2017-05-31 09:06:58:274 - info: [debug] [AndroidBootstrap] Received command result from bootstrap
2017-05-31 09:06:58:276 - info: [debug] [MJSONWP] Responding to client with driver.findElements() result: []
2017-05-31 09:06:58:281 - info: [HTTP] <-- POST /wd/hub/session/5caaed22-b555-4c1b-9fc3-5649e8e85791/elements 200 161 ms - 74 
2017-05-31 09:06:58:798 - info: [HTTP] --> GET /wd/hub/session/5caaed22-b555-4c1b-9fc3-5649e8e85791/context {}
2017-05-31 09:06:58:799 - info: [debug] [MJSONWP] Calling AppiumDriver.getCurrentContext() with args: ["5caaed22-b555-4c1b-9fc3-5649e8e85791"]
2017-05-31 09:06:58:801 - info: [debug] [MJSONWP] Responding to client with driver.getCurrentContext() result: "NATIVE_APP"
2017-05-31 09:06:58:802 - info: [HTTP] <-- GET /wd/hub/session/5caaed22-b555-4c1b-9fc3-5649e8e85791/context 200 4 ms - 84 
2017-05-31 09:06:58:810 - info: [HTTP] --> POST /wd/hub/session/5caaed22-b555-4c1b-9fc3-5649e8e85791/elements {"using":"xpath","value":"//*[@id='pageWrap']/section/div/ul/li[1]/a/img"}
2017-05-31 09:06:58:811 - info: [debug] [MJSONWP] Calling AppiumDriver.findElements() with args: ["xpath","//*[@id='pageWrap']/section/div/ul/li[1]/a/img","5caaed22-b555-4c1b-9fc3-5649e8e85791"]
2017-05-31 09:06:58:812 - info: [debug] [BaseDriver] Valid locator strategies for this request: xpath, id, class name, accessibility id, -android uiautomator
2017-05-31 09:06:58:812 - info: [debug] [BaseDriver] Valid locator strategies for this request: xpath, id, class name, accessibility id, -android uiautomator
2017-05-31 09:06:58:813 - info: [debug] [BaseDriver] Waiting up to 0 ms for condition
2017-05-31 09:06:58:814 - info: [debug] [AndroidBootstrap] Sending command to android: {"cmd":"action","action":"find","params":{"strategy":"xpath","selector":"//*[@id='pageWrap']/section/div/ul/li[1]/a/img","context":"","multiple":true}}
2017-05-31 09:06:58:828 - info: [AndroidBootstrap] [BOOTSTRAP LOG] [debug] Got data from client: {"cmd":"action","action":"find","params":{"strategy":"xpath","selector":"//*[@id='pageWrap']/section/div/ul/li[1]/a/img","context":"","multiple":true}}
2017-05-31 09:06:58:828 - info: [AndroidBootstrap] [BOOTSTRAP LOG] [debug] Got command of type ACTION
2017-05-31 09:06:58:829 - info: [AndroidBootstrap] [BOOTSTRAP LOG] [debug] Got command action: find
2017-05-31 09:06:58:829 - info: [AndroidBootstrap] [BOOTSTRAP LOG] [debug] Finding '//*[@id='pageWrap']/section/div/ul/li[1]/a/img' using 'XPATH' with the contextId: '' multiple: true
2017-05-31 09:06:58:900 - info: [AndroidBootstrap] [BOOTSTRAP LOG] [debug] Failed to locate element. Clearing Accessibility cache and retrying.
2017-05-31 09:06:58:901 - info: [AndroidBootstrap] [BOOTSTRAP LOG] [debug] Finding '//*[@id='pageWrap']/section/div/ul/li[1]/a/img' using 'XPATH' with the contextId: '' multiple: true
2017-05-31 09:06:58:962 - info: [AndroidBootstrap] [BOOTSTRAP LOG] [debug] Returning result: {"status":0,"value":[]}
2017-05-31 09:06:58:963 - info: [debug] [AndroidBootstrap] Received command result from bootstrap
2017-05-31 09:06:58:965 - info: [debug] [MJSONWP] Responding to client with driver.findElements() result: []
2017-05-31 09:06:58:967 - info: [HTTP] <-- POST /wd/hub/session/5caaed22-b555-4c1b-9fc3-5649e8e85791/elements 200 156 ms - 74 
2017-05-31 09:06:59:026 - info: [HTTP] --> POST /wd/hub/session/5caaed22-b555-4c1b-9fc3-5649e8e85791/timeouts {"type":"implicit","ms":5000}
2017-05-31 09:06:59:027 - info: [debug] [MJSONWP] Calling AppiumDriver.timeouts() with args: ["implicit",5000,"5caaed22-b555-4c1b-9fc3-5649e8e85791"]
2017-05-31 09:06:59:028 - info: [debug] [BaseDriver] Set implicit wait to 5000ms
2017-05-31 09:06:59:031 - info: [debug] [MJSONWP] Responding to client with driver.timeouts() result: null
2017-05-31 09:06:59:032 - info: [HTTP] <-- POST /wd/hub/session/5caaed22-b555-4c1b-9fc3-5649e8e85791/timeouts 200 6 ms - 76 
2017-05-31 09:06:59:055 - info: [HTTP] --> POST /wd/hub/session/5caaed22-b555-4c1b-9fc3-5649e8e85791/appium/app/close {}
2017-05-31 09:06:59:056 - info: [debug] [MJSONWP] Calling AppiumDriver.closeApp() with args: ["5caaed22-b555-4c1b-9fc3-5649e8e85791"]
2017-05-31 09:06:59:058 - info: [debug] [ADB] Getting connected devices...
2017-05-31 09:06:59:113 - info: [debug] [ADB] 1 device(s) connected
2017-05-31 09:06:59:113 - info: [debug] [ADB] Running 'D:\SoftWare\SDK\platform-tools\adb.exe' with args: ["-P",5037,"-s","85GBBMA2353T","shell","am","force-stop","com.play.android"]
2017-05-31 09:06:59:894 - info: [debug] [MJSONWP] Responding to client with driver.closeApp() result: null
2017-05-31 09:06:59:896 - info: [HTTP] <-- POST /wd/hub/session/5caaed22-b555-4c1b-9fc3-5649e8e85791/appium/app/close 200 840 ms - 76 
