2017-05-31 07:14:36:103 - info: [Appium] Welcome to Appium v1.6.5
2017-05-31 07:14:36:118 - info: [Appium] Non-default server args:
2017-05-31 07:14:36:118 - info: [Appium]   address: 127.0.0.1
2017-05-31 07:14:36:118 - info: [Appium]   log: D:\workSpace\EclipseProjects\AppiumForEclipse\log\1496214869858.log
2017-05-31 07:14:36:182 - info: [Appium] Appium REST http interface listener started on 127.0.0.1:4723
2017-05-31 07:14:36:650 - info: [HTTP] --> GET /wd/hub/status {}
2017-05-31 07:14:36:665 - info: [debug] [MJSONWP] Calling AppiumDriver.getStatus() with args: []
2017-05-31 07:14:36:712 - info: [debug] [MJSONWP] Responding to client with driver.getStatus() result: {"build":{"version":"1.6.5","revision":null}}
2017-05-31 07:14:36:712 - info: [HTTP] <-- GET /wd/hub/status 200 62 ms - 83 
2017-05-31 07:14:36:728 - info: [HTTP] --> GET /wd/hub/status {}
2017-05-31 07:14:36:728 - info: [debug] [MJSONWP] Calling AppiumDriver.getStatus() with args: []
2017-05-31 07:14:36:774 - info: [debug] [MJSONWP] Responding to client with driver.getStatus() result: {"build":{"version":"1.6.5","revision":null}}
2017-05-31 07:14:36:774 - info: [HTTP] <-- GET /wd/hub/status 200 45 ms - 83 
2017-05-31 07:14:37:392 - info: [HTTP] --> POST /wd/hub/session {"desiredCapabilities":{"appPackage":"com.play.android","appActivity":"com.play.android.activity.SplashActivity","app":"D:\\workSpace\\EclipseProjects\\AppiumForEclipse\\apps\\play.apk","noSign":"True","unicodeKeyboard":"True","platformName":"Android","deviceName":"022TAS7N51009853","resetKeyboard":"True"}}
2017-05-31 07:14:37:392 - info: [debug] [MJSONWP] Calling AppiumDriver.createSession() with args: [{"appPackage":"com.play.android","appActivity":"com.play.android.activity.SplashActivity","app":"D:\\workSpace\\EclipseProjects\\AppiumForEclipse\\apps\\play.apk","noSign":"True","unicodeKeyboard":"True","platformName":"Android","deviceName":"022TAS7N51009853","resetKeyboard":"True"},null,null]
2017-05-31 07:14:37:392 - info: [debug] [BaseDriver] Event 'newSessionRequested' logged at 1496214877392 (15:14:37 GMT+0800 (中国标准时间))
2017-05-31 07:14:37:392 - info: [Appium] Creating new AndroidDriver (v1.20.0) session
2017-05-31 07:14:37:392 - info: [Appium] Capabilities:
2017-05-31 07:14:37:407 - info: [Appium]   appPackage: 'com.play.android'
2017-05-31 07:14:37:407 - info: [Appium]   appActivity: 'com.play.android.activity.SplashActivity'
2017-05-31 07:14:37:407 - info: [Appium]   app: 'D:\\workSpace\\EclipseProjects\\AppiumForEclipse\\apps\\play.apk'
2017-05-31 07:14:37:407 - info: [Appium]   noSign: 'True'
2017-05-31 07:14:37:407 - info: [Appium]   unicodeKeyboard: 'True'
2017-05-31 07:14:37:407 - info: [Appium]   platformName: 'Android'
2017-05-31 07:14:37:407 - info: [Appium]   deviceName: '022TAS7N51009853'
2017-05-31 07:14:37:407 - info: [Appium]   resetKeyboard: 'True'
2017-05-31 07:14:37:407 - info: [debug] [AndroidDriver] AndroidDriver version: 1.20.0
2017-05-31 07:14:37:407 - warn: [BaseDriver] Capability 'unicodeKeyboard' changed from string to boolean. This may cause unexpected behavior
2017-05-31 07:14:37:407 - warn: [BaseDriver] Capability 'resetKeyboard' changed from string to boolean. This may cause unexpected behavior
2017-05-31 07:14:37:407 - warn: [BaseDriver] Capability 'noSign' changed from string to boolean. This may cause unexpected behavior
2017-05-31 07:14:37:423 - info: [BaseDriver] Session created with session id: ec05e307-68f9-4b5d-8cd9-c9c2b2e1ec84
2017-05-31 07:14:37:423 - info: [debug] [AndroidDriver] Getting Java version
2017-05-31 07:14:37:552 - info: [AndroidDriver] Java version is: 1.8.0_121
2017-05-31 07:14:37:567 - info: [ADB] Checking whether adb is present
2017-05-31 07:14:37:567 - info: [ADB] Using adb.exe from D:\SoftWare\SDK\platform-tools\adb.exe
2017-05-31 07:14:37:567 - info: [AndroidDriver] Retrieving device list
2017-05-31 07:14:37:567 - info: [debug] [ADB] Trying to find a connected android device
2017-05-31 07:14:37:567 - info: [debug] [ADB] Getting connected devices...
2017-05-31 07:14:37:583 - info: [debug] [ADB] 1 device(s) connected
2017-05-31 07:14:37:599 - info: [AndroidDriver] Using device: 022TAS7N51009853
2017-05-31 07:14:37:599 - info: [ADB] Checking whether adb is present
2017-05-31 07:14:37:599 - info: [ADB] Using adb.exe from D:\SoftWare\SDK\platform-tools\adb.exe
2017-05-31 07:14:37:599 - info: [debug] [ADB] Setting device id to 022TAS7N51009853
2017-05-31 07:14:37:599 - info: [BaseDriver] Using local app 'D:\workSpace\EclipseProjects\AppiumForEclipse\apps\play.apk'
2017-05-31 07:14:37:599 - info: [debug] [AndroidDriver] Checking whether app is actually present
2017-05-31 07:14:37:599 - info: [AndroidDriver] Starting Android session
2017-05-31 07:14:37:599 - info: [debug] [ADB] Running 'D:\SoftWare\SDK\platform-tools\adb.exe' with args: ["-P",5037,"-s","022TAS7N51009853","wait-for-device"]
2017-05-31 07:14:37:630 - info: [debug] [ADB] Getting connected devices...
2017-05-31 07:14:37:645 - info: [debug] [ADB] 1 device(s) connected
2017-05-31 07:14:37:661 - info: [debug] [ADB] Running 'D:\SoftWare\SDK\platform-tools\adb.exe' with args: ["-P",5037,"-s","022TAS7N51009853","shell","echo","ping"]
2017-05-31 07:14:37:692 - info: [debug] [Logcat] Starting logcat capture
2017-05-31 07:14:37:739 - info: [debug] [AndroidDriver] Enabling Unicode keyboard support
2017-05-31 07:14:37:739 - info: [debug] [AndroidDriver] Pushing unicode ime to device...
2017-05-31 07:14:37:739 - info: [debug] [ADB] Running 'D:\SoftWare\SDK\platform-tools\adb.exe' with args: ["-P",5037,"-s","022TAS7N51009853","install","D:\\MyProgram\\nodejs\\node_modules\\appium\\node_modules\\appium-android-ime\\bin\\UnicodeIME-debug.apk"]
2017-05-31 07:14:38:991 - info: [debug] [ADB] Getting connected devices...
2017-05-31 07:14:39:023 - info: [debug] [ADB] 1 device(s) connected
2017-05-31 07:14:39:023 - info: [debug] [ADB] Running 'D:\SoftWare\SDK\platform-tools\adb.exe' with args: ["-P",5037,"-s","022TAS7N51009853","shell","settings","get","secure","default_input_method"]
2017-05-31 07:14:39:946 - info: [debug] [AndroidDriver] Unsetting previous IME io.appium.android.ime/.UnicodeIME
2017-05-31 07:14:39:946 - info: [debug] [AndroidDriver] Setting IME to 'io.appium.android.ime/.UnicodeIME'
2017-05-31 07:14:39:946 - info: [debug] [ADB] Getting connected devices...
2017-05-31 07:14:39:992 - info: [debug] [ADB] 1 device(s) connected
2017-05-31 07:14:39:992 - info: [debug] [ADB] Running 'D:\SoftWare\SDK\platform-tools\adb.exe' with args: ["-P",5037,"-s","022TAS7N51009853","shell","ime","enable","io.appium.android.ime/.UnicodeIME"]
2017-05-31 07:14:40:930 - info: [debug] [ADB] Getting connected devices...
2017-05-31 07:14:40:962 - info: [debug] [ADB] 1 device(s) connected
2017-05-31 07:14:40:962 - info: [debug] [ADB] Running 'D:\SoftWare\SDK\platform-tools\adb.exe' with args: ["-P",5037,"-s","022TAS7N51009853","shell","ime","set","io.appium.android.ime/.UnicodeIME"]
2017-05-31 07:14:41:826 - info: [debug] [AndroidDriver] Pushing settings apk to device...
2017-05-31 07:14:41:826 - info: [debug] [ADB] Getting install status for io.appium.settings
2017-05-31 07:14:41:826 - info: [debug] [ADB] Getting connected devices...
2017-05-31 07:14:41:858 - info: [debug] [ADB] 1 device(s) connected
2017-05-31 07:14:41:858 - info: [debug] [ADB] Running 'D:\SoftWare\SDK\platform-tools\adb.exe' with args: ["-P",5037,"-s","022TAS7N51009853","shell","pm","list","packages","io.appium.settings"]
2017-05-31 07:14:42:731 - info: [debug] [ADB] App is installed
2017-05-31 07:14:42:731 - info: [debug] [ADB] Getting package info for io.appium.settings
2017-05-31 07:14:42:731 - info: [debug] [ADB] Getting connected devices...
2017-05-31 07:14:42:763 - info: [ADB] Checking whether aapt is present
2017-05-31 07:14:42:778 - info: [ADB] Using aapt.exe from D:\SoftWare\SDK\build-tools\24.0.3\aapt.exe
2017-05-31 07:14:42:794 - info: [debug] [ADB] 1 device(s) connected
2017-05-31 07:14:42:794 - info: [debug] [ADB] Running 'D:\SoftWare\SDK\platform-tools\adb.exe' with args: ["-P",5037,"-s","022TAS7N51009853","shell","dumpsys","package","io.appium.settings"]
2017-05-31 07:14:42:794 - warn: [ADB] Cannot read version codes of D:\MyProgram\nodejs\node_modules\appium\node_modules\io.appium.settings\app\build\outputs\apk\settings_apk-debug.apk and/or io.appium.settings. Assuming correct app version is already installed
2017-05-31 07:14:42:794 - info: [debug] [ADB] Getting connected devices...
2017-05-31 07:14:42:825 - info: [debug] [ADB] 1 device(s) connected
2017-05-31 07:14:42:825 - info: [debug] [ADB] Running 'D:\SoftWare\SDK\platform-tools\adb.exe' with args: ["-P",5037,"-s","022TAS7N51009853","shell","getprop","ro.build.version.sdk"]
2017-05-31 07:14:42:872 - info: [debug] [ADB] Device API level: 19
2017-05-31 07:14:42:872 - info: [debug] [ADB] Getting connected devices...
2017-05-31 07:14:42:887 - info: [debug] [ADB] 1 device(s) connected
2017-05-31 07:14:42:903 - info: [debug] [ADB] Running 'D:\SoftWare\SDK\platform-tools\adb.exe' with args: ["-P",5037,"-s","022TAS7N51009853","shell","dumpsys","package","io.appium.settings"]
2017-05-31 07:14:42:951 - info: [debug] [AndroidDriver] Pushing unlock helper app to device...
2017-05-31 07:14:42:951 - info: [debug] [ADB] Running 'D:\SoftWare\SDK\platform-tools\adb.exe' with args: ["-P",5037,"-s","022TAS7N51009853","install","D:\\MyProgram\\nodejs\\node_modules\\appium\\node_modules\\appium-unlock\\bin\\unlock_apk-debug.apk"]
2017-05-31 07:14:44:044 - info: [debug] [ADB] Device API level: 19
2017-05-31 07:14:44:044 - info: [debug] [ADB] Getting connected devices...
2017-05-31 07:14:44:092 - info: [debug] [ADB] 1 device(s) connected
2017-05-31 07:14:44:092 - info: [debug] [ADB] Running 'D:\SoftWare\SDK\platform-tools\adb.exe' with args: ["-P",5037,"-s","022TAS7N51009853","shell","settings","put","secure","mock_location","1"]
2017-05-31 07:14:45:123 - info: [ADB] Getting device platform version
2017-05-31 07:14:45:123 - info: [debug] [ADB] Getting connected devices...
2017-05-31 07:14:45:171 - info: [debug] [ADB] 1 device(s) connected
2017-05-31 07:14:45:171 - info: [debug] [ADB] Running 'D:\SoftWare\SDK\platform-tools\adb.exe' with args: ["-P",5037,"-s","022TAS7N51009853","shell","getprop","ro.build.version.release"]
2017-05-31 07:14:45:233 - info: [debug] [ADB] Getting connected devices...
2017-05-31 07:14:45:265 - info: [debug] [ADB] 1 device(s) connected
2017-05-31 07:14:45:265 - info: [debug] [ADB] Running 'D:\SoftWare\SDK\platform-tools\adb.exe' with args: ["-P",5037,"-s","022TAS7N51009853","shell","wm","size"]
2017-05-31 07:14:46:294 - info: [debug] [ADB] Getting connected devices...
2017-05-31 07:14:46:342 - info: [debug] [ADB] 1 device(s) connected
2017-05-31 07:14:46:342 - info: [debug] [ADB] Running 'D:\SoftWare\SDK\platform-tools\adb.exe' with args: ["-P",5037,"-s","022TAS7N51009853","shell","getprop","ro.product.model"]
2017-05-31 07:14:46:373 - info: [debug] [ADB] Current device property 'ro.product.model': HUAWEI P6 S-U06
2017-05-31 07:14:46:373 - info: [debug] [ADB] Getting connected devices...
2017-05-31 07:14:46:404 - info: [debug] [ADB] 1 device(s) connected
2017-05-31 07:14:46:404 - info: [debug] [ADB] Running 'D:\SoftWare\SDK\platform-tools\adb.exe' with args: ["-P",5037,"-s","022TAS7N51009853","shell","getprop","ro.product.manufacturer"]
2017-05-31 07:14:46:467 - info: [debug] [ADB] Current device property 'ro.product.manufacturer': HUAWEI
2017-05-31 07:14:46:592 - info: [AndroidDriver] Remote apk path is /data/local/tmp/42e2f15827830994ee5f75a4ff734348.apk
2017-05-31 07:14:46:592 - info: [debug] [ADB] Getting connected devices...
2017-05-31 07:14:46:623 - info: [debug] [ADB] 1 device(s) connected
2017-05-31 07:14:46:623 - info: [debug] [ADB] Running 'D:\SoftWare\SDK\platform-tools\adb.exe' with args: ["-P",5037,"-s","022TAS7N51009853","shell","ls","/data/local/tmp/42e2f15827830994ee5f75a4ff734348.apk"]
2017-05-31 07:14:46:654 - info: [debug] [AndroidDriver] Checking if app is installed
2017-05-31 07:14:46:654 - info: [debug] [ADB] Getting install status for com.play.android
2017-05-31 07:14:46:654 - info: [debug] [ADB] Getting connected devices...
2017-05-31 07:14:46:685 - info: [debug] [ADB] 1 device(s) connected
2017-05-31 07:14:46:685 - info: [debug] [ADB] Running 'D:\SoftWare\SDK\platform-tools\adb.exe' with args: ["-P",5037,"-s","022TAS7N51009853","shell","pm","list","packages","com.play.android"]
2017-05-31 07:14:47:547 - info: [debug] [ADB] App is installed
2017-05-31 07:14:47:547 - info: [AndroidDriver] Apk is already on remote and installed, resetting
2017-05-31 07:14:47:547 - info: [debug] [AndroidDriver] Running fast reset (stop and clear)
2017-05-31 07:14:47:547 - info: [debug] [ADB] Getting connected devices...
2017-05-31 07:14:47:579 - info: [debug] [ADB] 1 device(s) connected
2017-05-31 07:14:47:579 - info: [debug] [ADB] Running 'D:\SoftWare\SDK\platform-tools\adb.exe' with args: ["-P",5037,"-s","022TAS7N51009853","shell","am","force-stop","com.play.android"]
2017-05-31 07:14:48:426 - info: [debug] [ADB] Getting connected devices...
2017-05-31 07:14:48:457 - info: [debug] [ADB] 1 device(s) connected
2017-05-31 07:14:48:473 - info: [debug] [ADB] Running 'D:\SoftWare\SDK\platform-tools\adb.exe' with args: ["-P",5037,"-s","022TAS7N51009853","shell","pm","clear","com.play.android"]
2017-05-31 07:14:49:471 - info: [debug] [AndroidDriver] Extracting strings from apk D:\workSpace\EclipseProjects\AppiumForEclipse\apps\play.apk null C:\Users\ADMINI~1\AppData\Local\Temp\com.play.android
2017-05-31 07:14:49:471 - info: [debug] [ADB] Extracting strings for language: default
2017-05-31 07:14:49:471 - info: [debug] [ADB] Device API level: 19
2017-05-31 07:14:49:471 - info: [debug] [ADB] Getting connected devices...
2017-05-31 07:14:49:503 - info: [debug] [ADB] 1 device(s) connected
2017-05-31 07:14:49:503 - info: [debug] [ADB] Running 'D:\SoftWare\SDK\platform-tools\adb.exe' with args: ["-P",5037,"-s","022TAS7N51009853","shell","getprop","persist.sys.language"]
2017-05-31 07:14:49:550 - info: [debug] [ADB] Current device property 'persist.sys.language': zh
2017-05-31 07:14:50:683 - info: [debug] [ADB] Reading strings from converted strings.json
2017-05-31 07:14:50:699 - info: [debug] [ADB] Running 'D:\SoftWare\SDK\platform-tools\adb.exe' with args: ["-P",5037,"-s","022TAS7N51009853","push","C:\\Users\\ADMINI~1\\AppData\\Local\\Temp\\com.play.android\\strings.json","/data/local/tmp"]
2017-05-31 07:14:50:731 - info: [debug] [AndroidBootstrap] Watching for bootstrap disconnect
2017-05-31 07:14:50:731 - info: [debug] [ADB] Forwarding system: 4724 to device: 4724
2017-05-31 07:14:50:731 - info: [debug] [ADB] Running 'D:\SoftWare\SDK\platform-tools\adb.exe' with args: ["-P",5037,"-s","022TAS7N51009853","forward","tcp:4724","tcp:4724"]
2017-05-31 07:14:50:747 - info: [debug] [UiAutomator] Starting UiAutomator
2017-05-31 07:14:50:747 - info: [debug] [UiAutomator] Moving to state 'starting'
2017-05-31 07:14:50:747 - info: [debug] [UiAutomator] Parsing uiautomator jar
2017-05-31 07:14:50:747 - info: [debug] [UiAutomator] Found jar name: 'AppiumBootstrap.jar'
2017-05-31 07:14:50:747 - info: [debug] [ADB] Running 'D:\SoftWare\SDK\platform-tools\adb.exe' with args: ["-P",5037,"-s","022TAS7N51009853","push","D:\\MyProgram\\nodejs\\node_modules\\appium\\node_modules\\appium-android-bootstrap\\bootstrap\\bin\\AppiumBootstrap.jar","/data/local/tmp/"]
2017-05-31 07:14:50:809 - info: [debug] [ADB] Attempting to kill all uiautomator processes
2017-05-31 07:14:50:809 - info: [debug] [ADB] Getting all processes with uiautomator
2017-05-31 07:14:50:825 - info: [debug] [ADB] Getting connected devices...
2017-05-31 07:14:50:840 - info: [debug] [ADB] 1 device(s) connected
2017-05-31 07:14:50:840 - info: [debug] [ADB] Running 'D:\SoftWare\SDK\platform-tools\adb.exe' with args: ["-P",5037,"-s","022TAS7N51009853","shell","ps"]
2017-05-31 07:14:50:965 - info: [ADB] No uiautomator process found to kill, continuing...
2017-05-31 07:14:50:965 - info: [debug] [UiAutomator] Starting UIAutomator
2017-05-31 07:14:50:965 - info: [debug] [ADB] Creating ADB subprocess with args: ["-P",5037,"-s","022TAS7N51009853","shell","uiautomator","runtest","AppiumBootstrap.jar","-c","io.appium.android.bootstrap.Bootstrap","-e","pkg","com.play.android","-e","disableAndroidWatchers",false,"-e","acceptSslCerts",false]
2017-05-31 07:14:51:854 - info: [debug] [UiAutomator] Moving to state 'online'
2017-05-31 07:14:51:870 - info: [AndroidBootstrap] Android bootstrap socket is now connected
2017-05-31 07:14:51:870 - info: [debug] [ADB] Getting connected devices...
2017-05-31 07:14:51:902 - info: [AndroidBootstrap] [BOOTSTRAP LOG] [debug] json loading complete.
2017-05-31 07:14:51:902 - info: [debug] [ADB] 1 device(s) connected
2017-05-31 07:14:51:902 - info: [debug] [ADB] Running 'D:\SoftWare\SDK\platform-tools\adb.exe' with args: ["-P",5037,"-s","022TAS7N51009853","shell","dumpsys","window"]
2017-05-31 07:14:51:902 - info: [AndroidBootstrap] [BOOTSTRAP LOG] [debug] Registered crash watchers.
2017-05-31 07:14:51:918 - info: [AndroidBootstrap] [BOOTSTRAP LOG] [debug] Client connected
2017-05-31 07:14:51:964 - info: [AndroidDriver] Screen already unlocked, doing nothing
2017-05-31 07:14:51:964 - info: [debug] [ADB] Device API level: 19
2017-05-31 07:14:51:964 - info: [debug] [ADB] Getting connected devices...
2017-05-31 07:14:51:996 - info: [debug] [ADB] 1 device(s) connected
2017-05-31 07:14:51:996 - info: [debug] [ADB] Running 'D:\SoftWare\SDK\platform-tools\adb.exe' with args: ["-P",5037,"-s","022TAS7N51009853","shell","am","start","-W","-n","com.play.android/com.play.android.activity.SplashActivity","-S","-a","android.intent.action.MAIN","-c","android.intent.category.LAUNCHER","-f","0x10200000"]
2017-05-31 07:15:00:721 - info: [Appium] New AndroidDriver session created successfully, session ec05e307-68f9-4b5d-8cd9-c9c2b2e1ec84 added to master session list
2017-05-31 07:15:00:722 - info: [debug] [BaseDriver] Event 'newSessionStarted' logged at 1496214900722 (15:15:00 GMT+0800 (中国标准时间))
2017-05-31 07:15:00:723 - info: [debug] [MJSONWP] Responding to client with driver.createSession() result: {"platform":"LINUX","webStorageEnabled":false,"takesScreenshot":true,"javascriptEnabled":true,"databaseEnabled":false,"networkConnectionEnabled":true,"locationContextEnabled":false,"warnings":{},"desired":{"appPackage":"com.play.android","appActivity":"com.play.android.activity.SplashActivity","app":"D:\\workSpace\\EclipseProjects\\AppiumForEclipse\\apps\\play.apk","noSign":true,"unicodeKeyboard":true,"platformName":"Android","deviceName":"022TAS7N51009853","resetKeyboard":true},"appPackage":"com.play.android","appActivity":"com.play.android.activity.SplashActivity","app":"D:\\workSpace\\EclipseProjects\\AppiumForEclipse\\apps\\play.apk","noSign":true,"unicodeKeyboard":true,"platformName":"Android","deviceName":"022TAS7N51009853","resetKeyboard":true,"deviceUDID":"022TAS7N51009853","platformVersion":"4.4.2","deviceScreenSize":"720x1280","deviceModel":"HUAWEI P6 S-U06","deviceManufacturer":"HUAWEI"}
2017-05-31 07:15:00:727 - info: [HTTP] <-- POST /wd/hub/session 200 23322 ms - 983 
2017-05-31 07:15:02:640 - info: [HTTP] --> POST /wd/hub/session/ec05e307-68f9-4b5d-8cd9-c9c2b2e1ec84/timeouts {"type":"implicit","ms":20000}
2017-05-31 07:15:02:642 - info: [debug] [MJSONWP] Calling AppiumDriver.timeouts() with args: ["implicit",20000,"ec05e307-68f9-4b5d-8cd9-c9c2b2e1ec84"]
2017-05-31 07:15:02:644 - info: [debug] [BaseDriver] Set implicit wait to 20000ms
2017-05-31 07:15:02:645 - info: [debug] [MJSONWP] Responding to client with driver.timeouts() result: null
2017-05-31 07:15:02:646 - info: [HTTP] <-- POST /wd/hub/session/ec05e307-68f9-4b5d-8cd9-c9c2b2e1ec84/timeouts 200 5 ms - 76 
2017-05-31 07:15:02:925 - info: [HTTP] --> POST /wd/hub/session/ec05e307-68f9-4b5d-8cd9-c9c2b2e1ec84/timeouts {"type":"implicit","ms":20000}
2017-05-31 07:15:02:926 - info: [debug] [MJSONWP] Calling AppiumDriver.timeouts() with args: ["implicit",20000,"ec05e307-68f9-4b5d-8cd9-c9c2b2e1ec84"]
2017-05-31 07:15:02:927 - info: [debug] [BaseDriver] Set implicit wait to 20000ms
2017-05-31 07:15:02:928 - info: [debug] [MJSONWP] Responding to client with driver.timeouts() result: null
2017-05-31 07:15:02:930 - info: [HTTP] <-- POST /wd/hub/session/ec05e307-68f9-4b5d-8cd9-c9c2b2e1ec84/timeouts 200 4 ms - 76 
2017-05-31 07:15:02:958 - info: [HTTP] --> GET /wd/hub/session/ec05e307-68f9-4b5d-8cd9-c9c2b2e1ec84/appium/device/current_activity {}
2017-05-31 07:15:02:960 - info: [debug] [MJSONWP] Calling AppiumDriver.getCurrentActivity() with args: ["ec05e307-68f9-4b5d-8cd9-c9c2b2e1ec84"]
2017-05-31 07:15:02:962 - info: [debug] [ADB] Getting focused package and activity
2017-05-31 07:15:02:962 - info: [debug] [ADB] Getting connected devices...
2017-05-31 07:15:02:994 - info: [debug] [ADB] 1 device(s) connected
2017-05-31 07:15:02:995 - info: [debug] [ADB] Running 'D:\SoftWare\SDK\platform-tools\adb.exe' with args: ["-P",5037,"-s","022TAS7N51009853","shell","dumpsys","window","windows"]
2017-05-31 07:15:03:068 - info: [debug] [MJSONWP] Responding to client with driver.getCurrentActivity() result: ".activity.main.HomeActivity"
2017-05-31 07:15:03:069 - info: [HTTP] <-- GET /wd/hub/session/ec05e307-68f9-4b5d-8cd9-c9c2b2e1ec84/appium/device/current_activity 200 111 ms - 101 
2017-05-31 07:15:03:095 - info: [HTTP] --> POST /wd/hub/session/ec05e307-68f9-4b5d-8cd9-c9c2b2e1ec84/appium/app/close {}
2017-05-31 07:15:03:096 - info: [debug] [MJSONWP] Calling AppiumDriver.closeApp() with args: ["ec05e307-68f9-4b5d-8cd9-c9c2b2e1ec84"]
2017-05-31 07:15:03:098 - info: [debug] [ADB] Getting connected devices...
2017-05-31 07:15:03:147 - info: [debug] [ADB] 1 device(s) connected
2017-05-31 07:15:03:148 - info: [debug] [ADB] Running 'D:\SoftWare\SDK\platform-tools\adb.exe' with args: ["-P",5037,"-s","022TAS7N51009853","shell","am","force-stop","com.play.android"]
2017-05-31 07:15:04:203 - info: [debug] [MJSONWP] Responding to client with driver.closeApp() result: null
2017-05-31 07:15:04:205 - info: [HTTP] <-- POST /wd/hub/session/ec05e307-68f9-4b5d-8cd9-c9c2b2e1ec84/appium/app/close 200 1109 ms - 76 
