2017-05-31 08:43:29:657 - info: [Appium] Welcome to Appium v1.6.5
2017-05-31 08:43:29:657 - info: [Appium] Non-default server args:
2017-05-31 08:43:29:657 - info: [Appium]   address: 127.0.0.1
2017-05-31 08:43:29:657 - info: [Appium]   log: D:\workSpace\EclipseProjects\AppiumForEclipse\log\1496220203510.log
2017-05-31 08:43:29:720 - info: [Appium] Appium REST http interface listener started on 127.0.0.1:4723
2017-05-31 08:43:30:329 - info: [HTTP] --> GET /wd/hub/status {}
2017-05-31 08:43:30:329 - info: [debug] [MJSONWP] Calling AppiumDriver.getStatus() with args: []
2017-05-31 08:43:30:376 - info: [debug] [MJSONWP] Responding to client with driver.getStatus() result: {"build":{"version":"1.6.5","revision":null}}
2017-05-31 08:43:30:376 - info: [HTTP] <-- GET /wd/hub/status 200 50 ms - 83 
2017-05-31 08:43:30:376 - info: [HTTP] --> GET /wd/hub/status {}
2017-05-31 08:43:30:376 - info: [debug] [MJSONWP] Calling AppiumDriver.getStatus() with args: []
2017-05-31 08:43:30:422 - info: [debug] [MJSONWP] Responding to client with driver.getStatus() result: {"build":{"version":"1.6.5","revision":null}}
2017-05-31 08:43:30:422 - info: [HTTP] <-- GET /wd/hub/status 200 42 ms - 83 
2017-05-31 08:43:31:046 - info: [HTTP] --> POST /wd/hub/session {"desiredCapabilities":{"appPackage":"com.play.android","appActivity":"com.play.android.activity.SplashActivity","app":"D:\\workSpace\\EclipseProjects\\AppiumForEclipse\\apps\\play.apk","noSign":"True","browserName":"","unicodeKeyboard":"True","autoWebview":true,"platformName":"Android","deviceName":"022TAS7N51009853","resetKeyboard":"True"}}
2017-05-31 08:43:31:046 - info: [debug] [MJSONWP] Calling AppiumDriver.createSession() with args: [{"appPackage":"com.play.android","appActivity":"com.play.android.activity.SplashActivity","app":"D:\\workSpace\\EclipseProjects\\AppiumForEclipse\\apps\\play.apk","noSign":"True","browserName":"","unicodeKeyboard":"True","autoWebview":true,"platformName":"Android","deviceName":"022TAS7N51009853","resetKeyboard":"True"},null,null]
2017-05-31 08:43:31:046 - info: [debug] [BaseDriver] Event 'newSessionRequested' logged at 1496220211046 (16:43:31 GMT+0800 (中国标准时间))
2017-05-31 08:43:31:062 - info: [Appium] Creating new AndroidDriver (v1.20.0) session
2017-05-31 08:43:31:062 - info: [Appium] Capabilities:
2017-05-31 08:43:31:062 - info: [Appium]   appPackage: 'com.play.android'
2017-05-31 08:43:31:062 - info: [Appium]   appActivity: 'com.play.android.activity.SplashActivity'
2017-05-31 08:43:31:062 - info: [Appium]   app: 'D:\\workSpace\\EclipseProjects\\AppiumForEclipse\\apps\\play.apk'
2017-05-31 08:43:31:062 - info: [Appium]   noSign: 'True'
2017-05-31 08:43:31:062 - info: [Appium]   browserName: ''
2017-05-31 08:43:31:062 - info: [Appium]   unicodeKeyboard: 'True'
2017-05-31 08:43:31:062 - info: [Appium]   autoWebview: true
2017-05-31 08:43:31:062 - info: [Appium]   platformName: 'Android'
2017-05-31 08:43:31:062 - info: [Appium]   deviceName: '022TAS7N51009853'
2017-05-31 08:43:31:062 - info: [Appium]   resetKeyboard: 'True'
2017-05-31 08:43:31:062 - info: [debug] [AndroidDriver] AndroidDriver version: 1.20.0
2017-05-31 08:43:31:062 - warn: [BaseDriver] Capability 'unicodeKeyboard' changed from string to boolean. This may cause unexpected behavior
2017-05-31 08:43:31:062 - warn: [BaseDriver] Capability 'resetKeyboard' changed from string to boolean. This may cause unexpected behavior
2017-05-31 08:43:31:062 - warn: [BaseDriver] Capability 'noSign' changed from string to boolean. This may cause unexpected behavior
2017-05-31 08:43:31:078 - info: [BaseDriver] Session created with session id: 726b21f2-80ad-42d0-b961-3a941f392501
2017-05-31 08:43:31:078 - info: [debug] [AndroidDriver] Getting Java version
2017-05-31 08:43:31:206 - info: [AndroidDriver] Java version is: 1.8.0_121
2017-05-31 08:43:31:222 - info: [ADB] Checking whether adb is present
2017-05-31 08:43:31:222 - info: [ADB] Using adb.exe from D:\SoftWare\SDK\platform-tools\adb.exe
2017-05-31 08:43:31:222 - info: [AndroidDriver] Retrieving device list
2017-05-31 08:43:31:222 - info: [debug] [ADB] Trying to find a connected android device
2017-05-31 08:43:31:222 - info: [debug] [ADB] Getting connected devices...
2017-05-31 08:43:31:253 - info: [debug] [ADB] 1 device(s) connected
2017-05-31 08:43:31:253 - info: [AndroidDriver] Using device: 022TAS7N51009853
2017-05-31 08:43:31:253 - info: [ADB] Checking whether adb is present
2017-05-31 08:43:31:253 - info: [ADB] Using adb.exe from D:\SoftWare\SDK\platform-tools\adb.exe
2017-05-31 08:43:31:253 - info: [debug] [ADB] Setting device id to 022TAS7N51009853
2017-05-31 08:43:31:253 - info: [BaseDriver] Using local app 'D:\workSpace\EclipseProjects\AppiumForEclipse\apps\play.apk'
2017-05-31 08:43:31:253 - info: [debug] [AndroidDriver] Checking whether app is actually present
2017-05-31 08:43:31:253 - info: [AndroidDriver] Starting Android session
2017-05-31 08:43:31:269 - info: [debug] [ADB] Running 'D:\SoftWare\SDK\platform-tools\adb.exe' with args: ["-P",5037,"-s","022TAS7N51009853","wait-for-device"]
2017-05-31 08:43:31:284 - info: [debug] [ADB] Getting connected devices...
2017-05-31 08:43:31:316 - info: [debug] [ADB] 1 device(s) connected
2017-05-31 08:43:31:316 - info: [debug] [ADB] Running 'D:\SoftWare\SDK\platform-tools\adb.exe' with args: ["-P",5037,"-s","022TAS7N51009853","shell","echo","ping"]
2017-05-31 08:43:31:347 - info: [debug] [Logcat] Starting logcat capture
2017-05-31 08:43:31:409 - info: [debug] [AndroidDriver] Enabling Unicode keyboard support
2017-05-31 08:43:31:409 - info: [debug] [AndroidDriver] Pushing unicode ime to device...
2017-05-31 08:43:31:409 - info: [debug] [ADB] Running 'D:\SoftWare\SDK\platform-tools\adb.exe' with args: ["-P",5037,"-s","022TAS7N51009853","install","D:\\MyProgram\\nodejs\\node_modules\\appium\\node_modules\\appium-android-ime\\bin\\UnicodeIME-debug.apk"]
2017-05-31 08:43:32:408 - info: [debug] [ADB] Getting connected devices...
2017-05-31 08:43:32:440 - info: [debug] [ADB] 1 device(s) connected
2017-05-31 08:43:32:440 - info: [debug] [ADB] Running 'D:\SoftWare\SDK\platform-tools\adb.exe' with args: ["-P",5037,"-s","022TAS7N51009853","shell","settings","get","secure","default_input_method"]
2017-05-31 08:43:33:439 - info: [debug] [AndroidDriver] Unsetting previous IME io.appium.android.ime/.UnicodeIME
2017-05-31 08:43:33:439 - info: [debug] [AndroidDriver] Setting IME to 'io.appium.android.ime/.UnicodeIME'
2017-05-31 08:43:33:439 - info: [debug] [ADB] Getting connected devices...
2017-05-31 08:43:33:487 - info: [debug] [ADB] 1 device(s) connected
2017-05-31 08:43:33:487 - info: [debug] [ADB] Running 'D:\SoftWare\SDK\platform-tools\adb.exe' with args: ["-P",5037,"-s","022TAS7N51009853","shell","ime","enable","io.appium.android.ime/.UnicodeIME"]
2017-05-31 08:43:34:315 - info: [debug] [ADB] Getting connected devices...
2017-05-31 08:43:34:346 - info: [debug] [ADB] 1 device(s) connected
2017-05-31 08:43:34:362 - info: [debug] [ADB] Running 'D:\SoftWare\SDK\platform-tools\adb.exe' with args: ["-P",5037,"-s","022TAS7N51009853","shell","ime","set","io.appium.android.ime/.UnicodeIME"]
2017-05-31 08:43:35:188 - info: [debug] [AndroidDriver] Pushing settings apk to device...
2017-05-31 08:43:35:188 - info: [debug] [ADB] Getting install status for io.appium.settings
2017-05-31 08:43:35:204 - info: [debug] [ADB] Getting connected devices...
2017-05-31 08:43:35:236 - info: [debug] [ADB] 1 device(s) connected
2017-05-31 08:43:35:236 - info: [debug] [ADB] Running 'D:\SoftWare\SDK\platform-tools\adb.exe' with args: ["-P",5037,"-s","022TAS7N51009853","shell","pm","list","packages","io.appium.settings"]
2017-05-31 08:43:36:142 - info: [debug] [ADB] App is installed
2017-05-31 08:43:36:142 - info: [debug] [ADB] Getting package info for io.appium.settings
2017-05-31 08:43:36:142 - info: [debug] [ADB] Getting connected devices...
2017-05-31 08:43:36:173 - info: [ADB] Checking whether aapt is present
2017-05-31 08:43:36:173 - info: [ADB] Using aapt.exe from D:\SoftWare\SDK\build-tools\24.0.3\aapt.exe
2017-05-31 08:43:36:189 - info: [debug] [ADB] 1 device(s) connected
2017-05-31 08:43:36:189 - info: [debug] [ADB] Running 'D:\SoftWare\SDK\platform-tools\adb.exe' with args: ["-P",5037,"-s","022TAS7N51009853","shell","dumpsys","package","io.appium.settings"]
2017-05-31 08:43:36:204 - warn: [ADB] Cannot read version codes of D:\MyProgram\nodejs\node_modules\appium\node_modules\io.appium.settings\app\build\outputs\apk\settings_apk-debug.apk and/or io.appium.settings. Assuming correct app version is already installed
2017-05-31 08:43:36:204 - info: [debug] [ADB] Getting connected devices...
2017-05-31 08:43:36:237 - info: [debug] [ADB] 1 device(s) connected
2017-05-31 08:43:36:237 - info: [debug] [ADB] Running 'D:\SoftWare\SDK\platform-tools\adb.exe' with args: ["-P",5037,"-s","022TAS7N51009853","shell","getprop","ro.build.version.sdk"]
2017-05-31 08:43:36:268 - info: [debug] [ADB] Device API level: 19
2017-05-31 08:43:36:268 - info: [debug] [ADB] Getting connected devices...
2017-05-31 08:43:36:299 - info: [debug] [ADB] 1 device(s) connected
2017-05-31 08:43:36:299 - info: [debug] [ADB] Running 'D:\SoftWare\SDK\platform-tools\adb.exe' with args: ["-P",5037,"-s","022TAS7N51009853","shell","dumpsys","package","io.appium.settings"]
2017-05-31 08:43:36:377 - info: [debug] [AndroidDriver] Pushing unlock helper app to device...
2017-05-31 08:43:36:377 - info: [debug] [ADB] Running 'D:\SoftWare\SDK\platform-tools\adb.exe' with args: ["-P",5037,"-s","022TAS7N51009853","install","D:\\MyProgram\\nodejs\\node_modules\\appium\\node_modules\\appium-unlock\\bin\\unlock_apk-debug.apk"]
2017-05-31 08:43:37:394 - info: [debug] [ADB] Device API level: 19
2017-05-31 08:43:37:410 - info: [debug] [ADB] Getting connected devices...
2017-05-31 08:43:37:442 - info: [debug] [ADB] 1 device(s) connected
2017-05-31 08:43:37:442 - info: [debug] [ADB] Running 'D:\SoftWare\SDK\platform-tools\adb.exe' with args: ["-P",5037,"-s","022TAS7N51009853","shell","settings","put","secure","mock_location","1"]
2017-05-31 08:43:38:442 - info: [ADB] Getting device platform version
2017-05-31 08:43:38:442 - info: [debug] [ADB] Getting connected devices...
2017-05-31 08:43:38:490 - info: [debug] [ADB] 1 device(s) connected
2017-05-31 08:43:38:490 - info: [debug] [ADB] Running 'D:\SoftWare\SDK\platform-tools\adb.exe' with args: ["-P",5037,"-s","022TAS7N51009853","shell","getprop","ro.build.version.release"]
2017-05-31 08:43:38:552 - info: [debug] [ADB] Getting connected devices...
2017-05-31 08:43:38:584 - info: [debug] [ADB] 1 device(s) connected
2017-05-31 08:43:38:584 - info: [debug] [ADB] Running 'D:\SoftWare\SDK\platform-tools\adb.exe' with args: ["-P",5037,"-s","022TAS7N51009853","shell","wm","size"]
2017-05-31 08:43:39:629 - info: [debug] [ADB] Getting connected devices...
2017-05-31 08:43:39:677 - info: [debug] [ADB] 1 device(s) connected
2017-05-31 08:43:39:677 - info: [debug] [ADB] Running 'D:\SoftWare\SDK\platform-tools\adb.exe' with args: ["-P",5037,"-s","022TAS7N51009853","shell","getprop","ro.product.model"]
2017-05-31 08:43:39:723 - info: [debug] [ADB] Current device property 'ro.product.model': HUAWEI P6 S-U06
2017-05-31 08:43:39:723 - info: [debug] [ADB] Getting connected devices...
2017-05-31 08:43:39:739 - info: [debug] [ADB] 1 device(s) connected
2017-05-31 08:43:39:739 - info: [debug] [ADB] Running 'D:\SoftWare\SDK\platform-tools\adb.exe' with args: ["-P",5037,"-s","022TAS7N51009853","shell","getprop","ro.product.manufacturer"]
2017-05-31 08:43:39:817 - info: [debug] [ADB] Current device property 'ro.product.manufacturer': HUAWEI
2017-05-31 08:43:39:958 - info: [AndroidDriver] Remote apk path is /data/local/tmp/42e2f15827830994ee5f75a4ff734348.apk
2017-05-31 08:43:39:958 - info: [debug] [ADB] Getting connected devices...
2017-05-31 08:43:39:974 - info: [debug] [ADB] 1 device(s) connected
2017-05-31 08:43:39:974 - info: [debug] [ADB] Running 'D:\SoftWare\SDK\platform-tools\adb.exe' with args: ["-P",5037,"-s","022TAS7N51009853","shell","ls","/data/local/tmp/42e2f15827830994ee5f75a4ff734348.apk"]
2017-05-31 08:43:40:036 - info: [debug] [AndroidDriver] Checking if app is installed
2017-05-31 08:43:40:036 - info: [debug] [ADB] Getting install status for com.play.android
2017-05-31 08:43:40:036 - info: [debug] [ADB] Getting connected devices...
2017-05-31 08:43:40:052 - info: [debug] [ADB] 1 device(s) connected
2017-05-31 08:43:40:052 - info: [debug] [ADB] Running 'D:\SoftWare\SDK\platform-tools\adb.exe' with args: ["-P",5037,"-s","022TAS7N51009853","shell","pm","list","packages","com.play.android"]
2017-05-31 08:43:41:007 - info: [debug] [ADB] App is installed
2017-05-31 08:43:41:007 - info: [AndroidDriver] Apk is already on remote and installed, resetting
2017-05-31 08:43:41:007 - info: [debug] [AndroidDriver] Running fast reset (stop and clear)
2017-05-31 08:43:41:007 - info: [debug] [ADB] Getting connected devices...
2017-05-31 08:43:41:054 - info: [debug] [ADB] 1 device(s) connected
2017-05-31 08:43:41:054 - info: [debug] [ADB] Running 'D:\SoftWare\SDK\platform-tools\adb.exe' with args: ["-P",5037,"-s","022TAS7N51009853","shell","am","force-stop","com.play.android"]
2017-05-31 08:43:41:882 - info: [debug] [ADB] Getting connected devices...
2017-05-31 08:43:41:913 - info: [debug] [ADB] 1 device(s) connected
2017-05-31 08:43:41:913 - info: [debug] [ADB] Running 'D:\SoftWare\SDK\platform-tools\adb.exe' with args: ["-P",5037,"-s","022TAS7N51009853","shell","pm","clear","com.play.android"]
2017-05-31 08:43:42:771 - info: [debug] [AndroidDriver] Extracting strings from apk D:\workSpace\EclipseProjects\AppiumForEclipse\apps\play.apk null C:\Users\ADMINI~1\AppData\Local\Temp\com.play.android
2017-05-31 08:43:42:771 - info: [debug] [ADB] Extracting strings for language: default
2017-05-31 08:43:42:787 - info: [debug] [ADB] Device API level: 19
2017-05-31 08:43:42:787 - info: [debug] [ADB] Getting connected devices...
2017-05-31 08:43:42:819 - info: [debug] [ADB] 1 device(s) connected
2017-05-31 08:43:42:819 - info: [debug] [ADB] Running 'D:\SoftWare\SDK\platform-tools\adb.exe' with args: ["-P",5037,"-s","022TAS7N51009853","shell","getprop","persist.sys.language"]
2017-05-31 08:43:42:866 - info: [debug] [ADB] Current device property 'persist.sys.language': zh
2017-05-31 08:43:44:008 - info: [debug] [ADB] Reading strings from converted strings.json
2017-05-31 08:43:44:008 - info: [debug] [ADB] Running 'D:\SoftWare\SDK\platform-tools\adb.exe' with args: ["-P",5037,"-s","022TAS7N51009853","push","C:\\Users\\ADMINI~1\\AppData\\Local\\Temp\\com.play.android\\strings.json","/data/local/tmp"]
2017-05-31 08:43:44:040 - info: [debug] [AndroidBootstrap] Watching for bootstrap disconnect
2017-05-31 08:43:44:040 - info: [debug] [ADB] Forwarding system: 4724 to device: 4724
2017-05-31 08:43:44:040 - info: [debug] [ADB] Running 'D:\SoftWare\SDK\platform-tools\adb.exe' with args: ["-P",5037,"-s","022TAS7N51009853","forward","tcp:4724","tcp:4724"]
2017-05-31 08:43:44:056 - info: [debug] [UiAutomator] Starting UiAutomator
2017-05-31 08:43:44:056 - info: [debug] [UiAutomator] Moving to state 'starting'
2017-05-31 08:43:44:056 - info: [debug] [UiAutomator] Parsing uiautomator jar
2017-05-31 08:43:44:056 - info: [debug] [UiAutomator] Found jar name: 'AppiumBootstrap.jar'
2017-05-31 08:43:44:056 - info: [debug] [ADB] Running 'D:\SoftWare\SDK\platform-tools\adb.exe' with args: ["-P",5037,"-s","022TAS7N51009853","push","D:\\MyProgram\\nodejs\\node_modules\\appium\\node_modules\\appium-android-bootstrap\\bootstrap\\bin\\AppiumBootstrap.jar","/data/local/tmp/"]
2017-05-31 08:43:44:087 - info: [debug] [ADB] Attempting to kill all uiautomator processes
2017-05-31 08:43:44:087 - info: [debug] [ADB] Getting all processes with uiautomator
2017-05-31 08:43:44:087 - info: [debug] [ADB] Getting connected devices...
2017-05-31 08:43:44:118 - info: [debug] [ADB] 1 device(s) connected
2017-05-31 08:43:44:118 - info: [debug] [ADB] Running 'D:\SoftWare\SDK\platform-tools\adb.exe' with args: ["-P",5037,"-s","022TAS7N51009853","shell","ps"]
2017-05-31 08:43:44:274 - info: [ADB] No uiautomator process found to kill, continuing...
2017-05-31 08:43:44:274 - info: [debug] [UiAutomator] Starting UIAutomator
2017-05-31 08:43:44:274 - info: [debug] [ADB] Creating ADB subprocess with args: ["-P",5037,"-s","022TAS7N51009853","shell","uiautomator","runtest","AppiumBootstrap.jar","-c","io.appium.android.bootstrap.Bootstrap","-e","pkg","com.play.android","-e","disableAndroidWatchers",false,"-e","acceptSslCerts",false]
2017-05-31 08:43:45:149 - info: [debug] [UiAutomator] Moving to state 'online'
2017-05-31 08:43:45:164 - info: [AndroidBootstrap] Android bootstrap socket is now connected
2017-05-31 08:43:45:164 - info: [debug] [ADB] Getting connected devices...
2017-05-31 08:43:45:196 - info: [AndroidBootstrap] [BOOTSTRAP LOG] [debug] json loading complete.
2017-05-31 08:43:45:196 - info: [AndroidBootstrap] [BOOTSTRAP LOG] [debug] Registered crash watchers.
2017-05-31 08:43:45:196 - info: [AndroidBootstrap] [BOOTSTRAP LOG] [debug] Client connected
2017-05-31 08:43:45:212 - info: [debug] [ADB] 1 device(s) connected
2017-05-31 08:43:45:212 - info: [debug] [ADB] Running 'D:\SoftWare\SDK\platform-tools\adb.exe' with args: ["-P",5037,"-s","022TAS7N51009853","shell","dumpsys","window"]
2017-05-31 08:43:45:259 - info: [AndroidDriver] Screen already unlocked, doing nothing
2017-05-31 08:43:45:274 - info: [debug] [ADB] Device API level: 19
2017-05-31 08:43:45:274 - info: [debug] [ADB] Getting connected devices...
2017-05-31 08:43:45:290 - info: [debug] [ADB] 1 device(s) connected
2017-05-31 08:43:45:290 - info: [debug] [ADB] Running 'D:\SoftWare\SDK\platform-tools\adb.exe' with args: ["-P",5037,"-s","022TAS7N51009853","shell","am","start","-W","-n","com.play.android/com.play.android.activity.SplashActivity","-S","-a","android.intent.action.MAIN","-c","android.intent.category.LAUNCHER","-f","0x10200000"]
2017-05-31 08:43:54:110 - info: [AndroidDriver] Setting auto webview to context 'WEBVIEW_com.play.android' with timeout 2000ms
2017-05-31 08:43:54:110 - info: [debug] [AndroidDriver] Getting a list of available webviews
2017-05-31 08:43:54:110 - info: [debug] [ADB] Getting connected devices...
2017-05-31 08:43:54:142 - info: [debug] [ADB] 1 device(s) connected
2017-05-31 08:43:54:142 - info: [debug] [ADB] Running 'D:\SoftWare\SDK\platform-tools\adb.exe' with args: ["-P",5037,"-s","022TAS7N51009853","shell","cat","/proc/net/unix"]
2017-05-31 08:43:54:189 - info: [debug] [AndroidDriver] Found webviews: []
2017-05-31 08:43:54:189 - info: [debug] [AndroidDriver] Available contexts: ["NATIVE_APP"]
2017-05-31 08:43:54:719 - info: [debug] [AndroidDriver] Getting a list of available webviews
2017-05-31 08:43:54:719 - info: [debug] [ADB] Getting connected devices...
2017-05-31 08:43:54:750 - info: [debug] [ADB] 1 device(s) connected
2017-05-31 08:43:54:750 - info: [debug] [ADB] Running 'D:\SoftWare\SDK\platform-tools\adb.exe' with args: ["-P",5037,"-s","022TAS7N51009853","shell","cat","/proc/net/unix"]
2017-05-31 08:43:54:797 - info: [debug] [AndroidDriver] Found webviews: []
2017-05-31 08:43:54:797 - info: [debug] [AndroidDriver] Available contexts: ["NATIVE_APP"]
2017-05-31 08:43:55:306 - info: [debug] [AndroidDriver] Getting a list of available webviews
2017-05-31 08:43:55:306 - info: [debug] [ADB] Getting connected devices...
2017-05-31 08:43:55:354 - info: [debug] [ADB] 1 device(s) connected
2017-05-31 08:43:55:354 - info: [debug] [ADB] Running 'D:\SoftWare\SDK\platform-tools\adb.exe' with args: ["-P",5037,"-s","022TAS7N51009853","shell","cat","/proc/net/unix"]
2017-05-31 08:43:55:385 - info: [debug] [AndroidDriver] Found webviews: []
2017-05-31 08:43:55:385 - info: [debug] [AndroidDriver] Available contexts: ["NATIVE_APP"]
2017-05-31 08:43:55:901 - info: [debug] [AndroidDriver] Getting a list of available webviews
2017-05-31 08:43:55:901 - info: [debug] [ADB] Getting connected devices...
2017-05-31 08:43:55:948 - info: [debug] [ADB] 1 device(s) connected
2017-05-31 08:43:55:948 - info: [debug] [ADB] Running 'D:\SoftWare\SDK\platform-tools\adb.exe' with args: ["-P",5037,"-s","022TAS7N51009853","shell","cat","/proc/net/unix"]
2017-05-31 08:43:55:995 - info: [debug] [AndroidDriver] Found webviews: []
2017-05-31 08:43:55:995 - info: [debug] [AndroidDriver] Available contexts: ["NATIVE_APP"]
2017-05-31 08:43:56:504 - info: [debug] [AndroidDriver] Shutting down Android driver
2017-05-31 08:43:56:506 - info: [debug] [AndroidDriver] Resetting IME to io.appium.android.ime/.UnicodeIME
2017-05-31 08:43:56:507 - info: [debug] [ADB] Getting connected devices...
2017-05-31 08:43:56:552 - info: [debug] [ADB] 1 device(s) connected
2017-05-31 08:43:56:553 - info: [debug] [ADB] Running 'D:\SoftWare\SDK\platform-tools\adb.exe' with args: ["-P",5037,"-s","022TAS7N51009853","shell","ime","set","io.appium.android.ime/.UnicodeIME"]
2017-05-31 08:43:57:492 - info: [debug] [ADB] Getting connected devices...
2017-05-31 08:43:57:525 - info: [debug] [ADB] 1 device(s) connected
2017-05-31 08:43:57:526 - info: [debug] [ADB] Running 'D:\SoftWare\SDK\platform-tools\adb.exe' with args: ["-P",5037,"-s","022TAS7N51009853","shell","am","force-stop","com.play.android"]
2017-05-31 08:43:58:464 - info: [debug] [ADB] Pressing the HOME button
2017-05-31 08:43:58:466 - info: [debug] [ADB] Getting connected devices...
2017-05-31 08:43:58:506 - info: [debug] [ADB] 1 device(s) connected
2017-05-31 08:43:58:507 - info: [debug] [ADB] Running 'D:\SoftWare\SDK\platform-tools\adb.exe' with args: ["-P",5037,"-s","022TAS7N51009853","shell","input","keyevent",3]
2017-05-31 08:43:59:362 - info: [debug] [AndroidBootstrap] Sending command to android: {"cmd":"shutdown"}
2017-05-31 08:43:59:367 - info: [AndroidBootstrap] [BOOTSTRAP LOG] [debug] Got data from client: {"cmd":"shutdown"}
2017-05-31 08:43:59:369 - info: [AndroidBootstrap] [BOOTSTRAP LOG] [debug] Got command of type SHUTDOWN
2017-05-31 08:43:59:370 - info: [AndroidBootstrap] [BOOTSTRAP LOG] [debug] Returning result: {"value":"OK, shutting down","status":0}
2017-05-31 08:43:59:372 - info: [debug] [AndroidBootstrap] Received command result from bootstrap
2017-05-31 08:43:59:374 - info: [debug] [UiAutomator] Shutting down UiAutomator
2017-05-31 08:43:59:375 - info: [debug] [UiAutomator] Moving to state 'stopping'
2017-05-31 08:43:59:381 - info: [AndroidBootstrap] [BOOTSTRAP LOG] [debug] Closed client connection
2017-05-31 08:43:59:381 - info: [debug] [AndroidBootstrap] [UIAUTO STDOUT] INSTRUMENTATION_STATUS: numtests=1
2017-05-31 08:43:59:382 - info: [debug] [AndroidBootstrap] [UIAUTO STDOUT] INSTRUMENTATION_STATUS: stream=.
2017-05-31 08:43:59:382 - info: [debug] [AndroidBootstrap] [UIAUTO STDOUT] INSTRUMENTATION_STATUS: id=UiAutomatorTestRunner
2017-05-31 08:43:59:383 - info: [debug] [AndroidBootstrap] [UIAUTO STDOUT] INSTRUMENTATION_STATUS: test=testRunServer
2017-05-31 08:43:59:384 - info: [debug] [AndroidBootstrap] [UIAUTO STDOUT] INSTRUMENTATION_STATUS: class=io.appium.android.bootstrap.Bootstrap
2017-05-31 08:43:59:385 - info: [debug] [AndroidBootstrap] [UIAUTO STDOUT] INSTRUMENTATION_STATUS: current=1
2017-05-31 08:43:59:385 - info: [debug] [AndroidBootstrap] [UIAUTO STDOUT] INSTRUMENTATION_STATUS_CODE: 0
2017-05-31 08:43:59:393 - info: [debug] [UiAutomator] UiAutomator shut down normally
2017-05-31 08:43:59:393 - info: [debug] [UiAutomator] Moving to state 'stopped'
2017-05-31 08:43:59:394 - info: [debug] [ADB] Attempting to kill all uiautomator processes
2017-05-31 08:43:59:394 - info: [debug] [ADB] Getting all processes with uiautomator
2017-05-31 08:43:59:394 - info: [debug] [ADB] Getting connected devices...
2017-05-31 08:43:59:419 - info: [debug] [ADB] 1 device(s) connected
2017-05-31 08:43:59:419 - info: [debug] [ADB] Running 'D:\SoftWare\SDK\platform-tools\adb.exe' with args: ["-P",5037,"-s","022TAS7N51009853","shell","ps"]
2017-05-31 08:43:59:604 - info: [ADB] No uiautomator process found to kill, continuing...
2017-05-31 08:43:59:604 - info: [debug] [UiAutomator] Moving to state 'stopped'
2017-05-31 08:43:59:605 - info: [debug] [Logcat] Stopping logcat capture
2017-05-31 08:43:59:612 - info: [debug] [ADB] Getting connected devices...
2017-05-31 08:43:59:640 - info: [debug] [ADB] 1 device(s) connected
2017-05-31 08:43:59:641 - info: [debug] [ADB] Running 'D:\SoftWare\SDK\platform-tools\adb.exe' with args: ["-P",5037,"-s","022TAS7N51009853","shell","am","force-stop","io.appium.unlock"]
2017-05-31 08:44:00:488 - info: [debug] [AndroidDriver] Not cleaning generated files. Add `clearSystemFiles` capability if wanted.
2017-05-31 08:44:00:496 - info: [HTTP] <-- POST /wd/hub/session 500 29433 ms - 75 
