2017-05-31 06:43:40:351 - info: [Appium] Welcome to Appium v1.6.5
2017-05-31 06:43:40:351 - info: [Appium] Non-default server args:
2017-05-31 06:43:40:367 - info: [Appium]   address: 127.0.0.1
2017-05-31 06:43:40:367 - info: [Appium]   log: D:\workSpace\EclipseProjects\AppiumForEclipse\log\1496213013841.log
2017-05-31 06:43:40:446 - info: [Appium] Appium REST http interface listener started on 127.0.0.1:4723
2017-05-31 06:43:40:805 - info: [HTTP] --> GET /wd/hub/status {}
2017-05-31 06:43:40:820 - info: [debug] [MJSONWP] Calling AppiumDriver.getStatus() with args: []
2017-05-31 06:43:40:867 - info: [debug] [MJSONWP] Responding to client with driver.getStatus() result: {"build":{"version":"1.6.5","revision":null}}
2017-05-31 06:43:40:883 - info: [HTTP] <-- GET /wd/hub/status 200 60 ms - 83 
2017-05-31 06:43:40:883 - info: [HTTP] --> GET /wd/hub/status {}
2017-05-31 06:43:40:883 - info: [debug] [MJSONWP] Calling AppiumDriver.getStatus() with args: []
2017-05-31 06:43:40:930 - info: [debug] [MJSONWP] Responding to client with driver.getStatus() result: {"build":{"version":"1.6.5","revision":null}}
2017-05-31 06:43:40:930 - info: [HTTP] <-- GET /wd/hub/status 200 46 ms - 83 
2017-05-31 06:43:41:756 - info: [HTTP] --> POST /wd/hub/session {"desiredCapabilities":{"appPackage":"com.play.android","appActivity":"com.play.android.activity.SplashActivity","app":"D:\\workSpace\\EclipseProjects\\AppiumForEclipse\\apps\\play.apk","noSign":"True","unicodeKeyboard":"True","platformName":"Android","deviceName":"022TAS7N51009853","resetKeyboard":"True"}}
2017-05-31 06:43:41:772 - info: [debug] [MJSONWP] Calling AppiumDriver.createSession() with args: [{"appPackage":"com.play.android","appActivity":"com.play.android.activity.SplashActivity","app":"D:\\workSpace\\EclipseProjects\\AppiumForEclipse\\apps\\play.apk","noSign":"True","unicodeKeyboard":"True","platformName":"Android","deviceName":"022TAS7N51009853","resetKeyboard":"True"},null,null]
2017-05-31 06:43:41:772 - info: [debug] [BaseDriver] Event 'newSessionRequested' logged at 1496213021772 (14:43:41 GMT+0800 (中国标准时间))
2017-05-31 06:43:41:772 - info: [Appium] Creating new AndroidDriver (v1.20.0) session
2017-05-31 06:43:41:772 - info: [Appium] Capabilities:
2017-05-31 06:43:41:772 - info: [Appium]   appPackage: 'com.play.android'
2017-05-31 06:43:41:772 - info: [Appium]   appActivity: 'com.play.android.activity.SplashActivity'
2017-05-31 06:43:41:772 - info: [Appium]   app: 'D:\\workSpace\\EclipseProjects\\AppiumForEclipse\\apps\\play.apk'
2017-05-31 06:43:41:772 - info: [Appium]   noSign: 'True'
2017-05-31 06:43:41:772 - info: [Appium]   unicodeKeyboard: 'True'
2017-05-31 06:43:41:772 - info: [Appium]   platformName: 'Android'
2017-05-31 06:43:41:772 - info: [Appium]   deviceName: '022TAS7N51009853'
2017-05-31 06:43:41:772 - info: [Appium]   resetKeyboard: 'True'
2017-05-31 06:43:41:772 - info: [debug] [AndroidDriver] AndroidDriver version: 1.20.0
2017-05-31 06:43:41:788 - warn: [BaseDriver] Capability 'unicodeKeyboard' changed from string to boolean. This may cause unexpected behavior
2017-05-31 06:43:41:788 - warn: [BaseDriver] Capability 'resetKeyboard' changed from string to boolean. This may cause unexpected behavior
2017-05-31 06:43:41:788 - warn: [BaseDriver] Capability 'noSign' changed from string to boolean. This may cause unexpected behavior
2017-05-31 06:43:41:788 - info: [BaseDriver] Session created with session id: ccd27b8a-e4e2-4980-818a-4897d79b8a18
2017-05-31 06:43:41:803 - info: [debug] [AndroidDriver] Getting Java version
2017-05-31 06:43:41:916 - info: [AndroidDriver] Java version is: 1.8.0_121
2017-05-31 06:43:41:916 - info: [ADB] Checking whether adb is present
2017-05-31 06:43:41:916 - info: [ADB] Using adb.exe from D:\SoftWare\SDK\platform-tools\adb.exe
2017-05-31 06:43:41:916 - info: [AndroidDriver] Retrieving device list
2017-05-31 06:43:41:916 - info: [debug] [ADB] Trying to find a connected android device
2017-05-31 06:43:41:916 - info: [debug] [ADB] Getting connected devices...
2017-05-31 06:43:41:948 - info: [debug] [ADB] 1 device(s) connected
2017-05-31 06:43:41:948 - info: [AndroidDriver] Using device: 022TAS7N51009853
2017-05-31 06:43:41:948 - info: [ADB] Checking whether adb is present
2017-05-31 06:43:41:948 - info: [ADB] Using adb.exe from D:\SoftWare\SDK\platform-tools\adb.exe
2017-05-31 06:43:41:948 - info: [debug] [ADB] Setting device id to 022TAS7N51009853
2017-05-31 06:43:41:948 - info: [BaseDriver] Using local app 'D:\workSpace\EclipseProjects\AppiumForEclipse\apps\play.apk'
2017-05-31 06:43:41:948 - info: [debug] [AndroidDriver] Checking whether app is actually present
2017-05-31 06:43:41:963 - info: [AndroidDriver] Starting Android session
2017-05-31 06:43:41:963 - info: [debug] [ADB] Running 'D:\SoftWare\SDK\platform-tools\adb.exe' with args: ["-P",5037,"-s","022TAS7N51009853","wait-for-device"]
2017-05-31 06:43:41:994 - info: [debug] [ADB] Getting connected devices...
2017-05-31 06:43:42:010 - info: [debug] [ADB] 1 device(s) connected
2017-05-31 06:43:42:010 - info: [debug] [ADB] Running 'D:\SoftWare\SDK\platform-tools\adb.exe' with args: ["-P",5037,"-s","022TAS7N51009853","shell","echo","ping"]
2017-05-31 06:43:42:057 - info: [debug] [Logcat] Starting logcat capture
2017-05-31 06:43:42:104 - info: [debug] [AndroidDriver] Enabling Unicode keyboard support
2017-05-31 06:43:42:104 - info: [debug] [AndroidDriver] Pushing unicode ime to device...
2017-05-31 06:43:42:104 - info: [debug] [ADB] Running 'D:\SoftWare\SDK\platform-tools\adb.exe' with args: ["-P",5037,"-s","022TAS7N51009853","install","D:\\MyProgram\\nodejs\\node_modules\\appium\\node_modules\\appium-android-ime\\bin\\UnicodeIME-debug.apk"]
2017-05-31 06:43:43:696 - info: [debug] [ADB] Getting connected devices...
2017-05-31 06:43:43:744 - info: [debug] [ADB] 1 device(s) connected
2017-05-31 06:43:43:744 - info: [debug] [ADB] Running 'D:\SoftWare\SDK\platform-tools\adb.exe' with args: ["-P",5037,"-s","022TAS7N51009853","shell","settings","get","secure","default_input_method"]
2017-05-31 06:43:44:633 - info: [debug] [AndroidDriver] Unsetting previous IME io.appium.android.ime/.UnicodeIME
2017-05-31 06:43:44:633 - info: [debug] [AndroidDriver] Setting IME to 'io.appium.android.ime/.UnicodeIME'
2017-05-31 06:43:44:633 - info: [debug] [ADB] Getting connected devices...
2017-05-31 06:43:44:664 - info: [debug] [ADB] 1 device(s) connected
2017-05-31 06:43:44:664 - info: [debug] [ADB] Running 'D:\SoftWare\SDK\platform-tools\adb.exe' with args: ["-P",5037,"-s","022TAS7N51009853","shell","ime","enable","io.appium.android.ime/.UnicodeIME"]
2017-05-31 06:43:45:539 - info: [debug] [ADB] Getting connected devices...
2017-05-31 06:43:45:571 - info: [debug] [ADB] 1 device(s) connected
2017-05-31 06:43:45:571 - info: [debug] [ADB] Running 'D:\SoftWare\SDK\platform-tools\adb.exe' with args: ["-P",5037,"-s","022TAS7N51009853","shell","ime","set","io.appium.android.ime/.UnicodeIME"]
2017-05-31 06:43:46:560 - info: [debug] [AndroidDriver] Pushing settings apk to device...
2017-05-31 06:43:46:564 - info: [debug] [ADB] Getting install status for io.appium.settings
2017-05-31 06:43:46:564 - info: [debug] [ADB] Getting connected devices...
2017-05-31 06:43:46:600 - info: [debug] [ADB] 1 device(s) connected
2017-05-31 06:43:46:600 - info: [debug] [ADB] Running 'D:\SoftWare\SDK\platform-tools\adb.exe' with args: ["-P",5037,"-s","022TAS7N51009853","shell","pm","list","packages","io.appium.settings"]
2017-05-31 06:43:47:667 - info: [debug] [ADB] App is installed
2017-05-31 06:43:47:669 - info: [debug] [ADB] Getting package info for io.appium.settings
2017-05-31 06:43:47:670 - info: [debug] [ADB] Getting connected devices...
2017-05-31 06:43:47:702 - info: [ADB] Checking whether aapt is present
2017-05-31 06:43:47:708 - info: [ADB] Using aapt.exe from D:\SoftWare\SDK\build-tools\24.0.3\aapt.exe
2017-05-31 06:43:47:732 - info: [debug] [ADB] 1 device(s) connected
2017-05-31 06:43:47:733 - info: [debug] [ADB] Running 'D:\SoftWare\SDK\platform-tools\adb.exe' with args: ["-P",5037,"-s","022TAS7N51009853","shell","dumpsys","package","io.appium.settings"]
2017-05-31 06:43:47:754 - warn: [ADB] Cannot read version codes of D:\MyProgram\nodejs\node_modules\appium\node_modules\io.appium.settings\app\build\outputs\apk\settings_apk-debug.apk and/or io.appium.settings. Assuming correct app version is already installed
2017-05-31 06:43:47:756 - info: [debug] [ADB] Getting connected devices...
2017-05-31 06:43:47:792 - info: [debug] [ADB] 1 device(s) connected
2017-05-31 06:43:47:795 - info: [debug] [ADB] Running 'D:\SoftWare\SDK\platform-tools\adb.exe' with args: ["-P",5037,"-s","022TAS7N51009853","shell","getprop","ro.build.version.sdk"]
2017-05-31 06:43:47:839 - info: [debug] [ADB] Device API level: 19
2017-05-31 06:43:47:840 - info: [debug] [ADB] Getting connected devices...
2017-05-31 06:43:47:867 - info: [debug] [ADB] 1 device(s) connected
2017-05-31 06:43:47:868 - info: [debug] [ADB] Running 'D:\SoftWare\SDK\platform-tools\adb.exe' with args: ["-P",5037,"-s","022TAS7N51009853","shell","dumpsys","package","io.appium.settings"]
2017-05-31 06:43:47:942 - info: [debug] [AndroidDriver] Pushing unlock helper app to device...
2017-05-31 06:43:47:944 - info: [debug] [ADB] Running 'D:\SoftWare\SDK\platform-tools\adb.exe' with args: ["-P",5037,"-s","022TAS7N51009853","install","D:\\MyProgram\\nodejs\\node_modules\\appium\\node_modules\\appium-unlock\\bin\\unlock_apk-debug.apk"]
2017-05-31 06:43:49:034 - info: [debug] [ADB] Device API level: 19
2017-05-31 06:43:49:034 - info: [debug] [ADB] Getting connected devices...
2017-05-31 06:43:49:077 - info: [debug] [ADB] 1 device(s) connected
2017-05-31 06:43:49:077 - info: [debug] [ADB] Running 'D:\SoftWare\SDK\platform-tools\adb.exe' with args: ["-P",5037,"-s","022TAS7N51009853","shell","settings","put","secure","mock_location","1"]
2017-05-31 06:43:49:956 - info: [ADB] Getting device platform version
2017-05-31 06:43:49:956 - info: [debug] [ADB] Getting connected devices...
2017-05-31 06:43:49:988 - info: [debug] [ADB] 1 device(s) connected
2017-05-31 06:43:49:988 - info: [debug] [ADB] Running 'D:\SoftWare\SDK\platform-tools\adb.exe' with args: ["-P",5037,"-s","022TAS7N51009853","shell","getprop","ro.build.version.release"]
2017-05-31 06:43:50:034 - info: [debug] [ADB] Getting connected devices...
2017-05-31 06:43:50:073 - info: [debug] [ADB] 1 device(s) connected
2017-05-31 06:43:50:073 - info: [debug] [ADB] Running 'D:\SoftWare\SDK\platform-tools\adb.exe' with args: ["-P",5037,"-s","022TAS7N51009853","shell","wm","size"]
2017-05-31 06:43:51:136 - info: [debug] [ADB] Getting connected devices...
2017-05-31 06:43:51:166 - info: [debug] [ADB] 1 device(s) connected
2017-05-31 06:43:51:166 - info: [debug] [ADB] Running 'D:\SoftWare\SDK\platform-tools\adb.exe' with args: ["-P",5037,"-s","022TAS7N51009853","shell","getprop","ro.product.model"]
2017-05-31 06:43:51:254 - info: [debug] [ADB] Current device property 'ro.product.model': HUAWEI P6 S-U06
2017-05-31 06:43:51:255 - info: [debug] [ADB] Getting connected devices...
2017-05-31 06:43:51:290 - info: [debug] [ADB] 1 device(s) connected
2017-05-31 06:43:51:291 - info: [debug] [ADB] Running 'D:\SoftWare\SDK\platform-tools\adb.exe' with args: ["-P",5037,"-s","022TAS7N51009853","shell","getprop","ro.product.manufacturer"]
2017-05-31 06:43:51:378 - info: [debug] [ADB] Current device property 'ro.product.manufacturer': HUAWEI
2017-05-31 06:43:51:562 - info: [AndroidDriver] Remote apk path is /data/local/tmp/42e2f15827830994ee5f75a4ff734348.apk
2017-05-31 06:43:51:564 - info: [debug] [ADB] Getting connected devices...
2017-05-31 06:43:51:595 - info: [debug] [ADB] 1 device(s) connected
2017-05-31 06:43:51:595 - info: [debug] [ADB] Running 'D:\SoftWare\SDK\platform-tools\adb.exe' with args: ["-P",5037,"-s","022TAS7N51009853","shell","ls","/data/local/tmp/42e2f15827830994ee5f75a4ff734348.apk"]
2017-05-31 06:43:51:670 - info: [debug] [AndroidDriver] Checking if app is installed
2017-05-31 06:43:51:670 - info: [debug] [ADB] Getting install status for com.play.android
2017-05-31 06:43:51:671 - info: [debug] [ADB] Getting connected devices...
2017-05-31 06:43:51:706 - info: [debug] [ADB] 1 device(s) connected
2017-05-31 06:43:51:707 - info: [debug] [ADB] Running 'D:\SoftWare\SDK\platform-tools\adb.exe' with args: ["-P",5037,"-s","022TAS7N51009853","shell","pm","list","packages","com.play.android"]
2017-05-31 06:43:52:806 - info: [debug] [ADB] App is installed
2017-05-31 06:43:52:807 - info: [AndroidDriver] Apk is already on remote and installed, resetting
2017-05-31 06:43:52:809 - info: [debug] [AndroidDriver] Running fast reset (stop and clear)
2017-05-31 06:43:52:811 - info: [debug] [ADB] Getting connected devices...
2017-05-31 06:43:52:844 - info: [debug] [ADB] 1 device(s) connected
2017-05-31 06:43:52:844 - info: [debug] [ADB] Running 'D:\SoftWare\SDK\platform-tools\adb.exe' with args: ["-P",5037,"-s","022TAS7N51009853","shell","am","force-stop","com.play.android"]
2017-05-31 06:43:53:709 - info: [debug] [ADB] Getting connected devices...
2017-05-31 06:43:53:741 - info: [debug] [ADB] 1 device(s) connected
2017-05-31 06:43:53:742 - info: [debug] [ADB] Running 'D:\SoftWare\SDK\platform-tools\adb.exe' with args: ["-P",5037,"-s","022TAS7N51009853","shell","pm","clear","com.play.android"]
2017-05-31 06:43:54:556 - info: [debug] [AndroidDriver] Extracting strings from apk D:\workSpace\EclipseProjects\AppiumForEclipse\apps\play.apk null C:\Users\ADMINI~1\AppData\Local\Temp\com.play.android
2017-05-31 06:43:54:557 - info: [debug] [ADB] Extracting strings for language: default
2017-05-31 06:43:54:557 - info: [debug] [ADB] Device API level: 19
2017-05-31 06:43:54:558 - info: [debug] [ADB] Getting connected devices...
2017-05-31 06:43:54:586 - info: [debug] [ADB] 1 device(s) connected
2017-05-31 06:43:54:587 - info: [debug] [ADB] Running 'D:\SoftWare\SDK\platform-tools\adb.exe' with args: ["-P",5037,"-s","022TAS7N51009853","shell","getprop","persist.sys.language"]
2017-05-31 06:43:54:623 - info: [debug] [ADB] Current device property 'persist.sys.language': zh
2017-05-31 06:43:55:751 - info: [debug] [ADB] Reading strings from converted strings.json
2017-05-31 06:43:55:755 - info: [debug] [ADB] Running 'D:\SoftWare\SDK\platform-tools\adb.exe' with args: ["-P",5037,"-s","022TAS7N51009853","push","C:\\Users\\ADMINI~1\\AppData\\Local\\Temp\\com.play.android\\strings.json","/data/local/tmp"]
2017-05-31 06:43:55:800 - info: [debug] [AndroidBootstrap] Watching for bootstrap disconnect
2017-05-31 06:43:55:802 - info: [debug] [ADB] Forwarding system: 4724 to device: 4724
2017-05-31 06:43:55:802 - info: [debug] [ADB] Running 'D:\SoftWare\SDK\platform-tools\adb.exe' with args: ["-P",5037,"-s","022TAS7N51009853","forward","tcp:4724","tcp:4724"]
2017-05-31 06:43:55:810 - info: [debug] [UiAutomator] Starting UiAutomator
2017-05-31 06:43:55:811 - info: [debug] [UiAutomator] Moving to state 'starting'
2017-05-31 06:43:55:811 - info: [debug] [UiAutomator] Parsing uiautomator jar
2017-05-31 06:43:55:811 - info: [debug] [UiAutomator] Found jar name: 'AppiumBootstrap.jar'
2017-05-31 06:43:55:812 - info: [debug] [ADB] Running 'D:\SoftWare\SDK\platform-tools\adb.exe' with args: ["-P",5037,"-s","022TAS7N51009853","push","D:\\MyProgram\\nodejs\\node_modules\\appium\\node_modules\\appium-android-bootstrap\\bootstrap\\bin\\AppiumBootstrap.jar","/data/local/tmp/"]
2017-05-31 06:43:55:861 - info: [debug] [ADB] Attempting to kill all uiautomator processes
2017-05-31 06:43:55:862 - info: [debug] [ADB] Getting all processes with uiautomator
2017-05-31 06:43:55:862 - info: [debug] [ADB] Getting connected devices...
2017-05-31 06:43:55:885 - info: [debug] [ADB] 1 device(s) connected
2017-05-31 06:43:55:885 - info: [debug] [ADB] Running 'D:\SoftWare\SDK\platform-tools\adb.exe' with args: ["-P",5037,"-s","022TAS7N51009853","shell","ps"]
2017-05-31 06:43:56:006 - info: [ADB] No uiautomator process found to kill, continuing...
2017-05-31 06:43:56:006 - info: [debug] [UiAutomator] Starting UIAutomator
2017-05-31 06:43:56:006 - info: [debug] [ADB] Creating ADB subprocess with args: ["-P",5037,"-s","022TAS7N51009853","shell","uiautomator","runtest","AppiumBootstrap.jar","-c","io.appium.android.bootstrap.Bootstrap","-e","pkg","com.play.android","-e","disableAndroidWatchers",false,"-e","acceptSslCerts",false]
2017-05-31 06:43:56:907 - info: [debug] [UiAutomator] Moving to state 'online'
2017-05-31 06:43:56:918 - info: [AndroidBootstrap] Android bootstrap socket is now connected
2017-05-31 06:43:56:920 - info: [debug] [ADB] Getting connected devices...
2017-05-31 06:43:56:941 - info: [AndroidBootstrap] [BOOTSTRAP LOG] [debug] json loading complete.
2017-05-31 06:43:56:943 - info: [AndroidBootstrap] [BOOTSTRAP LOG] [debug] Registered crash watchers.
2017-05-31 06:43:56:944 - info: [AndroidBootstrap] [BOOTSTRAP LOG] [debug] Client connected
2017-05-31 06:43:56:957 - info: [debug] [ADB] 1 device(s) connected
2017-05-31 06:43:56:957 - info: [debug] [ADB] Running 'D:\SoftWare\SDK\platform-tools\adb.exe' with args: ["-P",5037,"-s","022TAS7N51009853","shell","dumpsys","window"]
2017-05-31 06:43:57:017 - info: [AndroidDriver] Screen already unlocked, doing nothing
2017-05-31 06:43:57:019 - info: [debug] [ADB] Device API level: 19
2017-05-31 06:43:57:020 - info: [debug] [ADB] Getting connected devices...
2017-05-31 06:43:57:043 - info: [debug] [ADB] 1 device(s) connected
2017-05-31 06:43:57:043 - info: [debug] [ADB] Running 'D:\SoftWare\SDK\platform-tools\adb.exe' with args: ["-P",5037,"-s","022TAS7N51009853","shell","am","start","-W","-n","com.play.android/com.play.android.activity.SplashActivity","-S","-a","android.intent.action.MAIN","-c","android.intent.category.LAUNCHER","-f","0x10200000"]
2017-05-31 06:44:05:572 - info: [Appium] New AndroidDriver session created successfully, session ccd27b8a-e4e2-4980-818a-4897d79b8a18 added to master session list
2017-05-31 06:44:05:573 - info: [debug] [BaseDriver] Event 'newSessionStarted' logged at 1496213045573 (14:44:05 GMT+0800 (中国标准时间))
2017-05-31 06:44:05:573 - info: [debug] [MJSONWP] Responding to client with driver.createSession() result: {"platform":"LINUX","webStorageEnabled":false,"takesScreenshot":true,"javascriptEnabled":true,"databaseEnabled":false,"networkConnectionEnabled":true,"locationContextEnabled":false,"warnings":{},"desired":{"appPackage":"com.play.android","appActivity":"com.play.android.activity.SplashActivity","app":"D:\\workSpace\\EclipseProjects\\AppiumForEclipse\\apps\\play.apk","noSign":true,"unicodeKeyboard":true,"platformName":"Android","deviceName":"022TAS7N51009853","resetKeyboard":true},"appPackage":"com.play.android","appActivity":"com.play.android.activity.SplashActivity","app":"D:\\workSpace\\EclipseProjects\\AppiumForEclipse\\apps\\play.apk","noSign":true,"unicodeKeyboard":true,"platformName":"Android","deviceName":"022TAS7N51009853","resetKeyboard":true,"deviceUDID":"022TAS7N51009853","platformVersion":"4.4.2","deviceScreenSize":"720x1280","deviceModel":"HUAWEI P6 S-U06","deviceManufacturer":"HUAWEI"}
2017-05-31 06:44:05:575 - info: [HTTP] <-- POST /wd/hub/session 200 23803 ms - 983 
2017-05-31 06:44:07:743 - info: [HTTP] --> POST /wd/hub/session/ccd27b8a-e4e2-4980-818a-4897d79b8a18/timeouts {"type":"implicit","ms":20000}
2017-05-31 06:44:07:746 - info: [debug] [MJSONWP] Calling AppiumDriver.timeouts() with args: ["implicit",20000,"ccd27b8a-e4e2-4980-818a-4897d79b8a18"]
2017-05-31 06:44:07:747 - info: [debug] [BaseDriver] Set implicit wait to 20000ms
2017-05-31 06:44:07:749 - info: [debug] [MJSONWP] Responding to client with driver.timeouts() result: null
2017-05-31 06:44:07:750 - info: [HTTP] <-- POST /wd/hub/session/ccd27b8a-e4e2-4980-818a-4897d79b8a18/timeouts 200 7 ms - 76 
2017-05-31 06:44:08:048 - info: [HTTP] --> POST /wd/hub/session/ccd27b8a-e4e2-4980-818a-4897d79b8a18/timeouts {"type":"implicit","ms":0}
2017-05-31 06:44:08:049 - info: [debug] [MJSONWP] Calling AppiumDriver.timeouts() with args: ["implicit",0,"ccd27b8a-e4e2-4980-818a-4897d79b8a18"]
2017-05-31 06:44:08:050 - info: [debug] [BaseDriver] Set implicit wait to 0ms
2017-05-31 06:44:08:051 - info: [debug] [MJSONWP] Responding to client with driver.timeouts() result: null
2017-05-31 06:44:08:052 - info: [HTTP] <-- POST /wd/hub/session/ccd27b8a-e4e2-4980-818a-4897d79b8a18/timeouts 200 3 ms - 76 
2017-05-31 06:44:08:078 - info: [HTTP] --> GET /wd/hub/session/ccd27b8a-e4e2-4980-818a-4897d79b8a18/context {}
2017-05-31 06:44:08:081 - info: [debug] [MJSONWP] Calling AppiumDriver.getCurrentContext() with args: ["ccd27b8a-e4e2-4980-818a-4897d79b8a18"]
2017-05-31 06:44:08:083 - info: [debug] [MJSONWP] Responding to client with driver.getCurrentContext() result: "NATIVE_APP"
2017-05-31 06:44:08:084 - info: [HTTP] <-- GET /wd/hub/session/ccd27b8a-e4e2-4980-818a-4897d79b8a18/context 200 5 ms - 84 
2017-05-31 06:44:08:088 - info: [HTTP] --> POST /wd/hub/session/ccd27b8a-e4e2-4980-818a-4897d79b8a18/elements {"using":"id","value":"com.play.android:id/btn_profile"}
2017-05-31 06:44:08:088 - info: [debug] [MJSONWP] Calling AppiumDriver.findElements() with args: ["id","com.play.android:id/btn_profile","ccd27b8a-e4e2-4980-818a-4897d79b8a18"]
2017-05-31 06:44:08:090 - info: [debug] [BaseDriver] Valid locator strategies for this request: xpath, id, class name, accessibility id, -android uiautomator
2017-05-31 06:44:08:091 - info: [debug] [BaseDriver] Valid locator strategies for this request: xpath, id, class name, accessibility id, -android uiautomator
2017-05-31 06:44:08:092 - info: [debug] [BaseDriver] Waiting up to 0 ms for condition
2017-05-31 06:44:08:096 - info: [debug] [AndroidBootstrap] Sending command to android: {"cmd":"action","action":"find","params":{"strategy":"id","selector":"com.play.android:id/btn_profile","context":"","multiple":true}}
2017-05-31 06:44:08:104 - info: [AndroidBootstrap] [BOOTSTRAP LOG] [debug] Got data from client: {"cmd":"action","action":"find","params":{"strategy":"id","selector":"com.play.android:id/btn_profile","context":"","multiple":true}}
2017-05-31 06:44:08:105 - info: [AndroidBootstrap] [BOOTSTRAP LOG] [debug] Got command of type ACTION
2017-05-31 06:44:08:105 - info: [AndroidBootstrap] [BOOTSTRAP LOG] [debug] Got command action: find
2017-05-31 06:44:08:110 - info: [AndroidBootstrap] [BOOTSTRAP LOG] [debug] Finding 'com.play.android:id/btn_profile' using 'ID' with the contextId: '' multiple: true
2017-05-31 06:44:08:110 - info: [AndroidBootstrap] [BOOTSTRAP LOG] [debug] Using: UiSelector[RESOURCE_ID=com.play.android:id/btn_profile]
2017-05-31 06:44:08:110 - info: [AndroidBootstrap] [BOOTSTRAP LOG] [debug] getElements selector:UiSelector[RESOURCE_ID=com.play.android:id/btn_profile]
2017-05-31 06:44:08:111 - info: [AndroidBootstrap] [BOOTSTRAP LOG] [debug] Element[] is null: (0)
2017-05-31 06:44:08:111 - info: [AndroidBootstrap] [BOOTSTRAP LOG] [debug] getElements tmp selector:UiSelector[INSTANCE=0, RESOURCE_ID=com.play.android:id/btn_profile]
2017-05-31 06:44:08:251 - info: [AndroidBootstrap] [BOOTSTRAP LOG] [debug] Element[] is null: (1)
2017-05-31 06:44:08:253 - info: [AndroidBootstrap] [BOOTSTRAP LOG] [debug] getElements tmp selector:UiSelector[INSTANCE=1, RESOURCE_ID=com.play.android:id/btn_profile]
2017-05-31 06:44:08:453 - info: [debug] [AndroidBootstrap] Received command result from bootstrap
2017-05-31 06:44:08:455 - info: [debug] [MJSONWP] Responding to client with driver.findElements() result: [{"ELEMENT":"1"}]
2017-05-31 06:44:08:456 - info: [HTTP] <-- POST /wd/hub/session/ccd27b8a-e4e2-4980-818a-4897d79b8a18/elements 200 368 ms - 89 
2017-05-31 06:44:08:457 - info: [AndroidBootstrap] [BOOTSTRAP LOG] [debug] Returning result: {"value":[{"ELEMENT":"1"}],"status":0}
2017-05-31 06:44:08:964 - info: [HTTP] --> POST /wd/hub/session/ccd27b8a-e4e2-4980-818a-4897d79b8a18/timeouts {"type":"implicit","ms":5000}
2017-05-31 06:44:08:964 - info: [debug] [MJSONWP] Calling AppiumDriver.timeouts() with args: ["implicit",5000,"ccd27b8a-e4e2-4980-818a-4897d79b8a18"]
2017-05-31 06:44:08:965 - info: [debug] [BaseDriver] Set implicit wait to 5000ms
2017-05-31 06:44:08:967 - info: [debug] [MJSONWP] Responding to client with driver.timeouts() result: null
2017-05-31 06:44:08:968 - info: [HTTP] <-- POST /wd/hub/session/ccd27b8a-e4e2-4980-818a-4897d79b8a18/timeouts 200 5 ms - 76 
2017-05-31 06:44:08:987 - info: [HTTP] --> POST /wd/hub/session/ccd27b8a-e4e2-4980-818a-4897d79b8a18/element/1/click {"id":"1"}
2017-05-31 06:44:08:988 - info: [debug] [MJSONWP] Calling AppiumDriver.click() with args: ["1","ccd27b8a-e4e2-4980-818a-4897d79b8a18"]
2017-05-31 06:44:08:990 - info: [debug] [AndroidBootstrap] Sending command to android: {"cmd":"action","action":"element:click","params":{"elementId":"1"}}
2017-05-31 06:44:08:994 - info: [AndroidBootstrap] [BOOTSTRAP LOG] [debug] Got data from client: {"cmd":"action","action":"element:click","params":{"elementId":"1"}}
2017-05-31 06:44:08:994 - info: [AndroidBootstrap] [BOOTSTRAP LOG] [debug] Got command of type ACTION
2017-05-31 06:44:08:995 - info: [AndroidBootstrap] [BOOTSTRAP LOG] [debug] Got command action: click
2017-05-31 06:44:09:585 - info: [AndroidBootstrap] [BOOTSTRAP LOG] [debug] Returning result: {"value":true,"status":0}
2017-05-31 06:44:09:586 - info: [debug] [AndroidBootstrap] Received command result from bootstrap
2017-05-31 06:44:09:587 - info: [debug] [MJSONWP] Responding to client with driver.click() result: true
2017-05-31 06:44:09:588 - info: [HTTP] <-- POST /wd/hub/session/ccd27b8a-e4e2-4980-818a-4897d79b8a18/element/1/click 200 601 ms - 76 
2017-05-31 06:44:09:604 - info: [HTTP] --> GET /wd/hub/session/ccd27b8a-e4e2-4980-818a-4897d79b8a18/appium/device/current_activity {}
2017-05-31 06:44:09:606 - info: [debug] [MJSONWP] Calling AppiumDriver.getCurrentActivity() with args: ["ccd27b8a-e4e2-4980-818a-4897d79b8a18"]
2017-05-31 06:44:09:608 - info: [debug] [ADB] Getting focused package and activity
2017-05-31 06:44:09:608 - info: [debug] [ADB] Getting connected devices...
2017-05-31 06:44:09:701 - info: [debug] [ADB] 1 device(s) connected
2017-05-31 06:44:09:701 - info: [debug] [ADB] Running 'D:\SoftWare\SDK\platform-tools\adb.exe' with args: ["-P",5037,"-s","022TAS7N51009853","shell","dumpsys","window","windows"]
2017-05-31 06:44:09:806 - info: [debug] [MJSONWP] Responding to client with driver.getCurrentActivity() result: ".activity.member.LoginActivity"
2017-05-31 06:44:09:807 - info: [HTTP] <-- GET /wd/hub/session/ccd27b8a-e4e2-4980-818a-4897d79b8a18/appium/device/current_activity 200 202 ms - 104 
2017-05-31 06:44:09:855 - info: [HTTP] --> POST /wd/hub/session/ccd27b8a-e4e2-4980-818a-4897d79b8a18/timeouts {"type":"implicit","ms":0}
2017-05-31 06:44:09:856 - info: [debug] [MJSONWP] Calling AppiumDriver.timeouts() with args: ["implicit",0,"ccd27b8a-e4e2-4980-818a-4897d79b8a18"]
2017-05-31 06:44:09:857 - info: [debug] [BaseDriver] Set implicit wait to 0ms
2017-05-31 06:44:09:858 - info: [debug] [MJSONWP] Responding to client with driver.timeouts() result: null
2017-05-31 06:44:09:860 - info: [HTTP] <-- POST /wd/hub/session/ccd27b8a-e4e2-4980-818a-4897d79b8a18/timeouts 200 3 ms - 76 
2017-05-31 06:44:09:864 - info: [HTTP] --> GET /wd/hub/session/ccd27b8a-e4e2-4980-818a-4897d79b8a18/context {}
2017-05-31 06:44:09:864 - info: [debug] [MJSONWP] Calling AppiumDriver.getCurrentContext() with args: ["ccd27b8a-e4e2-4980-818a-4897d79b8a18"]
2017-05-31 06:44:09:866 - info: [debug] [MJSONWP] Responding to client with driver.getCurrentContext() result: "NATIVE_APP"
2017-05-31 06:44:09:868 - info: [HTTP] <-- GET /wd/hub/session/ccd27b8a-e4e2-4980-818a-4897d79b8a18/context 200 4 ms - 84 
2017-05-31 06:44:09:873 - info: [HTTP] --> POST /wd/hub/session/ccd27b8a-e4e2-4980-818a-4897d79b8a18/elements {"using":"id","value":"com.play.android:id/tv_account"}
2017-05-31 06:44:09:874 - info: [debug] [MJSONWP] Calling AppiumDriver.findElements() with args: ["id","com.play.android:id/tv_account","ccd27b8a-e4e2-4980-818a-4897d79b8a18"]
2017-05-31 06:44:09:875 - info: [debug] [BaseDriver] Valid locator strategies for this request: xpath, id, class name, accessibility id, -android uiautomator
2017-05-31 06:44:09:876 - info: [debug] [BaseDriver] Valid locator strategies for this request: xpath, id, class name, accessibility id, -android uiautomator
2017-05-31 06:44:09:876 - info: [debug] [BaseDriver] Waiting up to 0 ms for condition
2017-05-31 06:44:09:877 - info: [debug] [AndroidBootstrap] Sending command to android: {"cmd":"action","action":"find","params":{"strategy":"id","selector":"com.play.android:id/tv_account","context":"","multiple":true}}
2017-05-31 06:44:09:893 - info: [AndroidBootstrap] [BOOTSTRAP LOG] [debug] Got data from client: {"cmd":"action","action":"find","params":{"strategy":"id","selector":"com.play.android:id/tv_account","context":"","multiple":true}}
2017-05-31 06:44:09:893 - info: [AndroidBootstrap] [BOOTSTRAP LOG] [debug] Got command of type ACTION
2017-05-31 06:44:09:893 - info: [AndroidBootstrap] [BOOTSTRAP LOG] [debug] Got command action: find
2017-05-31 06:44:09:893 - info: [AndroidBootstrap] [BOOTSTRAP LOG] [debug] Finding 'com.play.android:id/tv_account' using 'ID' with the contextId: '' multiple: true
2017-05-31 06:44:09:894 - info: [AndroidBootstrap] [BOOTSTRAP LOG] [debug] Using: UiSelector[RESOURCE_ID=com.play.android:id/tv_account]
2017-05-31 06:44:09:894 - info: [AndroidBootstrap] [BOOTSTRAP LOG] [debug] getElements selector:UiSelector[RESOURCE_ID=com.play.android:id/tv_account]
2017-05-31 06:44:09:894 - info: [AndroidBootstrap] [BOOTSTRAP LOG] [debug] Element[] is null: (0)
2017-05-31 06:44:09:894 - info: [AndroidBootstrap] [BOOTSTRAP LOG] [debug] getElements tmp selector:UiSelector[INSTANCE=0, RESOURCE_ID=com.play.android:id/tv_account]
2017-05-31 06:44:10:194 - info: [AndroidBootstrap] [BOOTSTRAP LOG] [debug] Element[] is null: (1)
2017-05-31 06:44:10:197 - info: [AndroidBootstrap] [BOOTSTRAP LOG] [debug] getElements tmp selector:UiSelector[INSTANCE=1, RESOURCE_ID=com.play.android:id/tv_account]
2017-05-31 06:44:10:821 - info: [AndroidBootstrap] [BOOTSTRAP LOG] [debug] Returning result: {"value":[{"ELEMENT":"2"}],"status":0}
2017-05-31 06:44:10:822 - info: [debug] [AndroidBootstrap] Received command result from bootstrap
2017-05-31 06:44:10:823 - info: [debug] [MJSONWP] Responding to client with driver.findElements() result: [{"ELEMENT":"2"}]
2017-05-31 06:44:10:824 - info: [HTTP] <-- POST /wd/hub/session/ccd27b8a-e4e2-4980-818a-4897d79b8a18/elements 200 950 ms - 89 
2017-05-31 06:44:10:932 - info: [HTTP] --> POST /wd/hub/session/ccd27b8a-e4e2-4980-818a-4897d79b8a18/timeouts {"type":"implicit","ms":5000}
2017-05-31 06:44:10:932 - info: [debug] [MJSONWP] Calling AppiumDriver.timeouts() with args: ["implicit",5000,"ccd27b8a-e4e2-4980-818a-4897d79b8a18"]
2017-05-31 06:44:10:934 - info: [debug] [BaseDriver] Set implicit wait to 5000ms
2017-05-31 06:44:10:935 - info: [debug] [MJSONWP] Responding to client with driver.timeouts() result: null
2017-05-31 06:44:10:936 - info: [HTTP] <-- POST /wd/hub/session/ccd27b8a-e4e2-4980-818a-4897d79b8a18/timeouts 200 4 ms - 76 
2017-05-31 06:44:10:943 - info: [HTTP] --> POST /wd/hub/session/ccd27b8a-e4e2-4980-818a-4897d79b8a18/element/2/click {"id":"2"}
2017-05-31 06:44:10:943 - info: [debug] [MJSONWP] Calling AppiumDriver.click() with args: ["2","ccd27b8a-e4e2-4980-818a-4897d79b8a18"]
2017-05-31 06:44:10:945 - info: [debug] [AndroidBootstrap] Sending command to android: {"cmd":"action","action":"element:click","params":{"elementId":"2"}}
2017-05-31 06:44:10:949 - info: [AndroidBootstrap] [BOOTSTRAP LOG] [debug] Got data from client: {"cmd":"action","action":"element:click","params":{"elementId":"2"}}
2017-05-31 06:44:10:950 - info: [AndroidBootstrap] [BOOTSTRAP LOG] [debug] Got command of type ACTION
2017-05-31 06:44:10:953 - info: [AndroidBootstrap] [BOOTSTRAP LOG] [debug] Got command action: click
2017-05-31 06:44:11:155 - info: [AndroidBootstrap] [BOOTSTRAP LOG] [debug] Returning result: {"value":true,"status":0}
2017-05-31 06:44:11:155 - info: [debug] [AndroidBootstrap] Received command result from bootstrap
2017-05-31 06:44:11:156 - info: [debug] [MJSONWP] Responding to client with driver.click() result: true
2017-05-31 06:44:11:157 - info: [HTTP] <-- POST /wd/hub/session/ccd27b8a-e4e2-4980-818a-4897d79b8a18/element/2/click 200 214 ms - 76 
2017-05-31 06:44:11:217 - info: [HTTP] --> POST /wd/hub/session/ccd27b8a-e4e2-4980-818a-4897d79b8a18/timeouts {"type":"implicit","ms":0}
2017-05-31 06:44:11:217 - info: [debug] [MJSONWP] Calling AppiumDriver.timeouts() with args: ["implicit",0,"ccd27b8a-e4e2-4980-818a-4897d79b8a18"]
2017-05-31 06:44:11:218 - info: [debug] [BaseDriver] Set implicit wait to 0ms
2017-05-31 06:44:11:218 - info: [debug] [MJSONWP] Responding to client with driver.timeouts() result: null
2017-05-31 06:44:11:219 - info: [HTTP] <-- POST /wd/hub/session/ccd27b8a-e4e2-4980-818a-4897d79b8a18/timeouts 200 2 ms - 76 
2017-05-31 06:44:11:244 - info: [HTTP] --> GET /wd/hub/session/ccd27b8a-e4e2-4980-818a-4897d79b8a18/context {}
2017-05-31 06:44:11:245 - info: [debug] [MJSONWP] Calling AppiumDriver.getCurrentContext() with args: ["ccd27b8a-e4e2-4980-818a-4897d79b8a18"]
2017-05-31 06:44:11:246 - info: [debug] [MJSONWP] Responding to client with driver.getCurrentContext() result: "NATIVE_APP"
2017-05-31 06:44:11:246 - info: [HTTP] <-- GET /wd/hub/session/ccd27b8a-e4e2-4980-818a-4897d79b8a18/context 200 2 ms - 84 
2017-05-31 06:44:11:255 - info: [HTTP] --> POST /wd/hub/session/ccd27b8a-e4e2-4980-818a-4897d79b8a18/elements {"using":"id","value":"com.play.android:id/et_account"}
2017-05-31 06:44:11:256 - info: [debug] [MJSONWP] Calling AppiumDriver.findElements() with args: ["id","com.play.android:id/et_account","ccd27b8a-e4e2-4980-818a-4897d79b8a18"]
2017-05-31 06:44:11:256 - info: [debug] [BaseDriver] Valid locator strategies for this request: xpath, id, class name, accessibility id, -android uiautomator
2017-05-31 06:44:11:256 - info: [debug] [BaseDriver] Valid locator strategies for this request: xpath, id, class name, accessibility id, -android uiautomator
2017-05-31 06:44:11:256 - info: [debug] [BaseDriver] Waiting up to 0 ms for condition
2017-05-31 06:44:11:257 - info: [debug] [AndroidBootstrap] Sending command to android: {"cmd":"action","action":"find","params":{"strategy":"id","selector":"com.play.android:id/et_account","context":"","multiple":true}}
2017-05-31 06:44:11:266 - info: [AndroidBootstrap] [BOOTSTRAP LOG] [debug] Got data from client: {"cmd":"action","action":"find","params":{"strategy":"id","selector":"com.play.android:id/et_account","context":"","multiple":true}}
2017-05-31 06:44:11:266 - info: [AndroidBootstrap] [BOOTSTRAP LOG] [debug] Got command of type ACTION
2017-05-31 06:44:11:266 - info: [AndroidBootstrap] [BOOTSTRAP LOG] [debug] Got command action: find
2017-05-31 06:44:11:266 - info: [AndroidBootstrap] [BOOTSTRAP LOG] [debug] Finding 'com.play.android:id/et_account' using 'ID' with the contextId: '' multiple: true
2017-05-31 06:44:11:267 - info: [AndroidBootstrap] [BOOTSTRAP LOG] [debug] Using: UiSelector[RESOURCE_ID=com.play.android:id/et_account]
2017-05-31 06:44:11:267 - info: [AndroidBootstrap] [BOOTSTRAP LOG] [debug] getElements selector:UiSelector[RESOURCE_ID=com.play.android:id/et_account]
2017-05-31 06:44:11:267 - info: [AndroidBootstrap] [BOOTSTRAP LOG] [debug] Element[] is null: (0)
2017-05-31 06:44:11:268 - info: [AndroidBootstrap] [BOOTSTRAP LOG] [debug] getElements tmp selector:UiSelector[INSTANCE=0, RESOURCE_ID=com.play.android:id/et_account]
2017-05-31 06:44:11:904 - info: [AndroidBootstrap] [BOOTSTRAP LOG] [debug] Element[] is null: (1)
2017-05-31 06:44:11:905 - info: [AndroidBootstrap] [BOOTSTRAP LOG] [debug] getElements tmp selector:UiSelector[INSTANCE=1, RESOURCE_ID=com.play.android:id/et_account]
2017-05-31 06:44:12:451 - info: [AndroidBootstrap] [BOOTSTRAP LOG] [debug] Returning result: {"value":[{"ELEMENT":"3"}],"status":0}
2017-05-31 06:44:12:452 - info: [debug] [AndroidBootstrap] Received command result from bootstrap
2017-05-31 06:44:12:453 - info: [debug] [MJSONWP] Responding to client with driver.findElements() result: [{"ELEMENT":"3"}]
2017-05-31 06:44:12:453 - info: [HTTP] <-- POST /wd/hub/session/ccd27b8a-e4e2-4980-818a-4897d79b8a18/elements 200 1198 ms - 89 
2017-05-31 06:44:12:556 - info: [HTTP] --> POST /wd/hub/session/ccd27b8a-e4e2-4980-818a-4897d79b8a18/timeouts {"type":"implicit","ms":5000}
2017-05-31 06:44:12:557 - info: [debug] [MJSONWP] Calling AppiumDriver.timeouts() with args: ["implicit",5000,"ccd27b8a-e4e2-4980-818a-4897d79b8a18"]
2017-05-31 06:44:12:557 - info: [debug] [BaseDriver] Set implicit wait to 5000ms
2017-05-31 06:44:12:558 - info: [debug] [MJSONWP] Responding to client with driver.timeouts() result: null
2017-05-31 06:44:12:558 - info: [HTTP] <-- POST /wd/hub/session/ccd27b8a-e4e2-4980-818a-4897d79b8a18/timeouts 200 2 ms - 76 
2017-05-31 06:44:12:567 - info: [HTTP] --> POST /wd/hub/session/ccd27b8a-e4e2-4980-818a-4897d79b8a18/element/3/value {"id":"3","value":["18521035133"]}
2017-05-31 06:44:12:568 - info: [debug] [MJSONWP] Calling AppiumDriver.setValue() with args: [["18521035133"],"3","ccd27b8a-e4e2-4980-818a-4897d79b8a18"]
2017-05-31 06:44:12:569 - info: [debug] [AndroidBootstrap] Sending command to android: {"cmd":"action","action":"element:setText","params":{"elementId":"3","text":"18521035133","replace":false,"unicodeKeyboard":true}}
2017-05-31 06:44:12:602 - info: [AndroidBootstrap] [BOOTSTRAP LOG] [debug] Got data from client: {"cmd":"action","action":"element:setText","params":{"elementId":"3","text":"18521035133","replace":false,"unicodeKeyboard":true}}
2017-05-31 06:44:12:602 - info: [AndroidBootstrap] [BOOTSTRAP LOG] [debug] Got command of type ACTION
2017-05-31 06:44:12:602 - info: [AndroidBootstrap] [BOOTSTRAP LOG] [debug] Got command action: setText
2017-05-31 06:44:12:603 - info: [AndroidBootstrap] [BOOTSTRAP LOG] [debug] Using element passed in: 3
2017-05-31 06:44:12:615 - info: [AndroidBootstrap] [BOOTSTRAP LOG] [debug] Attempting to clear using UiObject.clearText().
2017-05-31 06:44:15:480 - info: [AndroidBootstrap] [BOOTSTRAP LOG] [debug] Text remains after clearing, but it appears to be hint text.
2017-05-31 06:44:15:524 - info: [AndroidBootstrap] [BOOTSTRAP LOG] [debug] Text not cleared. Assuming remainder is hint text.
2017-05-31 06:44:15:524 - info: [AndroidBootstrap] [BOOTSTRAP LOG] [debug] Sending plain text to element: 18521035133
2017-05-31 06:44:18:184 - info: [AndroidBootstrap] [BOOTSTRAP LOG] [debug] Returning result: {"value":true,"status":0}
2017-05-31 06:44:18:185 - info: [debug] [AndroidBootstrap] Received command result from bootstrap
2017-05-31 06:44:18:187 - info: [debug] [MJSONWP] Responding to client with driver.setValue() result: true
2017-05-31 06:44:18:188 - info: [HTTP] <-- POST /wd/hub/session/ccd27b8a-e4e2-4980-818a-4897d79b8a18/element/3/value 200 5619 ms - 76 
2017-05-31 06:44:18:239 - info: [HTTP] --> POST /wd/hub/session/ccd27b8a-e4e2-4980-818a-4897d79b8a18/timeouts {"type":"implicit","ms":0}
2017-05-31 06:44:18:240 - info: [debug] [MJSONWP] Calling AppiumDriver.timeouts() with args: ["implicit",0,"ccd27b8a-e4e2-4980-818a-4897d79b8a18"]
2017-05-31 06:44:18:241 - info: [debug] [BaseDriver] Set implicit wait to 0ms
2017-05-31 06:44:18:242 - info: [debug] [MJSONWP] Responding to client with driver.timeouts() result: null
2017-05-31 06:44:18:250 - info: [HTTP] <-- POST /wd/hub/session/ccd27b8a-e4e2-4980-818a-4897d79b8a18/timeouts 200 10 ms - 76 
2017-05-31 06:44:18:255 - info: [HTTP] --> GET /wd/hub/session/ccd27b8a-e4e2-4980-818a-4897d79b8a18/context {}
2017-05-31 06:44:18:255 - info: [debug] [MJSONWP] Calling AppiumDriver.getCurrentContext() with args: ["ccd27b8a-e4e2-4980-818a-4897d79b8a18"]
2017-05-31 06:44:18:256 - info: [debug] [MJSONWP] Responding to client with driver.getCurrentContext() result: "NATIVE_APP"
2017-05-31 06:44:18:257 - info: [HTTP] <-- GET /wd/hub/session/ccd27b8a-e4e2-4980-818a-4897d79b8a18/context 200 2 ms - 84 
2017-05-31 06:44:18:263 - info: [HTTP] --> POST /wd/hub/session/ccd27b8a-e4e2-4980-818a-4897d79b8a18/elements {"using":"id","value":"com.play.android:id/et_password"}
2017-05-31 06:44:18:264 - info: [debug] [MJSONWP] Calling AppiumDriver.findElements() with args: ["id","com.play.android:id/et_password","ccd27b8a-e4e2-4980-818a-4897d79b8a18"]
2017-05-31 06:44:18:266 - info: [debug] [BaseDriver] Valid locator strategies for this request: xpath, id, class name, accessibility id, -android uiautomator
2017-05-31 06:44:18:266 - info: [debug] [BaseDriver] Valid locator strategies for this request: xpath, id, class name, accessibility id, -android uiautomator
2017-05-31 06:44:18:266 - info: [debug] [BaseDriver] Waiting up to 0 ms for condition
2017-05-31 06:44:18:267 - info: [debug] [AndroidBootstrap] Sending command to android: {"cmd":"action","action":"find","params":{"strategy":"id","selector":"com.play.android:id/et_password","context":"","multiple":true}}
2017-05-31 06:44:18:273 - info: [AndroidBootstrap] [BOOTSTRAP LOG] [debug] Got data from client: {"cmd":"action","action":"find","params":{"strategy":"id","selector":"com.play.android:id/et_password","context":"","multiple":true}}
2017-05-31 06:44:18:274 - info: [AndroidBootstrap] [BOOTSTRAP LOG] [debug] Got command of type ACTION
2017-05-31 06:44:18:274 - info: [AndroidBootstrap] [BOOTSTRAP LOG] [debug] Got command action: find
2017-05-31 06:44:18:274 - info: [AndroidBootstrap] [BOOTSTRAP LOG] [debug] Finding 'com.play.android:id/et_password' using 'ID' with the contextId: '' multiple: true
2017-05-31 06:44:18:274 - info: [AndroidBootstrap] [BOOTSTRAP LOG] [debug] Using: UiSelector[RESOURCE_ID=com.play.android:id/et_password]
2017-05-31 06:44:18:274 - info: [AndroidBootstrap] [BOOTSTRAP LOG] [debug] getElements selector:UiSelector[RESOURCE_ID=com.play.android:id/et_password]
2017-05-31 06:44:18:274 - info: [AndroidBootstrap] [BOOTSTRAP LOG] [debug] Element[] is null: (0)
2017-05-31 06:44:18:275 - info: [AndroidBootstrap] [BOOTSTRAP LOG] [debug] getElements tmp selector:UiSelector[INSTANCE=0, RESOURCE_ID=com.play.android:id/et_password]
2017-05-31 06:44:18:746 - info: [AndroidBootstrap] [BOOTSTRAP LOG] [debug] Element[] is null: (1)
2017-05-31 06:44:18:749 - info: [AndroidBootstrap] [BOOTSTRAP LOG] [debug] getElements tmp selector:UiSelector[INSTANCE=1, RESOURCE_ID=com.play.android:id/et_password]
2017-05-31 06:44:18:791 - info: [AndroidBootstrap] [BOOTSTRAP LOG] [debug] Returning result: {"value":[{"ELEMENT":"4"}],"status":0}
2017-05-31 06:44:18:792 - info: [debug] [AndroidBootstrap] Received command result from bootstrap
2017-05-31 06:44:18:795 - info: [debug] [MJSONWP] Responding to client with driver.findElements() result: [{"ELEMENT":"4"}]
2017-05-31 06:44:18:796 - info: [HTTP] <-- POST /wd/hub/session/ccd27b8a-e4e2-4980-818a-4897d79b8a18/elements 200 533 ms - 89 
2017-05-31 06:44:18:912 - info: [HTTP] --> POST /wd/hub/session/ccd27b8a-e4e2-4980-818a-4897d79b8a18/timeouts {"type":"implicit","ms":5000}
2017-05-31 06:44:18:913 - info: [debug] [MJSONWP] Calling AppiumDriver.timeouts() with args: ["implicit",5000,"ccd27b8a-e4e2-4980-818a-4897d79b8a18"]
2017-05-31 06:44:18:914 - info: [debug] [BaseDriver] Set implicit wait to 5000ms
2017-05-31 06:44:18:915 - info: [debug] [MJSONWP] Responding to client with driver.timeouts() result: null
2017-05-31 06:44:18:916 - info: [HTTP] <-- POST /wd/hub/session/ccd27b8a-e4e2-4980-818a-4897d79b8a18/timeouts 200 4 ms - 76 
2017-05-31 06:44:18:931 - info: [HTTP] --> POST /wd/hub/session/ccd27b8a-e4e2-4980-818a-4897d79b8a18/element/4/value {"id":"4","value":["111111"]}
2017-05-31 06:44:18:932 - info: [debug] [MJSONWP] Calling AppiumDriver.setValue() with args: [["111111"],"4","ccd27b8a-e4e2-4980-818a-4897d79b8a18"]
2017-05-31 06:44:18:933 - info: [debug] [AndroidBootstrap] Sending command to android: {"cmd":"action","action":"element:setText","params":{"elementId":"4","text":"111111","replace":false,"unicodeKeyboard":true}}
2017-05-31 06:44:18:943 - info: [AndroidBootstrap] [BOOTSTRAP LOG] [debug] Got data from client: {"cmd":"action","action":"element:setText","params":{"elementId":"4","text":"111111","replace":false,"unicodeKeyboard":true}}
2017-05-31 06:44:18:944 - info: [AndroidBootstrap] [BOOTSTRAP LOG] [debug] Got command of type ACTION
2017-05-31 06:44:18:944 - info: [AndroidBootstrap] [BOOTSTRAP LOG] [debug] Got command action: setText
2017-05-31 06:44:18:944 - info: [AndroidBootstrap] [BOOTSTRAP LOG] [debug] Using element passed in: 4
2017-05-31 06:44:19:055 - info: [AndroidBootstrap] [BOOTSTRAP LOG] [debug] Attempting to clear using UiObject.clearText().
2017-05-31 06:44:21:565 - info: [AndroidBootstrap] [BOOTSTRAP LOG] [debug] Sending plain text to element: 111111
2017-05-31 06:44:24:104 - info: [AndroidBootstrap] [BOOTSTRAP LOG] [debug] Returning result: {"value":true,"status":0}
2017-05-31 06:44:24:105 - info: [debug] [AndroidBootstrap] Received command result from bootstrap
2017-05-31 06:44:24:107 - info: [debug] [MJSONWP] Responding to client with driver.setValue() result: true
2017-05-31 06:44:24:109 - info: [HTTP] <-- POST /wd/hub/session/ccd27b8a-e4e2-4980-818a-4897d79b8a18/element/4/value 200 5178 ms - 76 
2017-05-31 06:44:24:156 - info: [HTTP] --> POST /wd/hub/session/ccd27b8a-e4e2-4980-818a-4897d79b8a18/timeouts {"type":"implicit","ms":0}
2017-05-31 06:44:24:157 - info: [debug] [MJSONWP] Calling AppiumDriver.timeouts() with args: ["implicit",0,"ccd27b8a-e4e2-4980-818a-4897d79b8a18"]
2017-05-31 06:44:24:158 - info: [debug] [BaseDriver] Set implicit wait to 0ms
2017-05-31 06:44:24:159 - info: [debug] [MJSONWP] Responding to client with driver.timeouts() result: null
2017-05-31 06:44:24:160 - info: [HTTP] <-- POST /wd/hub/session/ccd27b8a-e4e2-4980-818a-4897d79b8a18/timeouts 200 3 ms - 76 
2017-05-31 06:44:24:170 - info: [HTTP] --> GET /wd/hub/session/ccd27b8a-e4e2-4980-818a-4897d79b8a18/context {}
2017-05-31 06:44:24:170 - info: [debug] [MJSONWP] Calling AppiumDriver.getCurrentContext() with args: ["ccd27b8a-e4e2-4980-818a-4897d79b8a18"]
2017-05-31 06:44:24:172 - info: [debug] [MJSONWP] Responding to client with driver.getCurrentContext() result: "NATIVE_APP"
2017-05-31 06:44:24:172 - info: [HTTP] <-- GET /wd/hub/session/ccd27b8a-e4e2-4980-818a-4897d79b8a18/context 200 2 ms - 84 
2017-05-31 06:44:24:186 - info: [HTTP] --> POST /wd/hub/session/ccd27b8a-e4e2-4980-818a-4897d79b8a18/elements {"using":"id","value":"com.play.android:id/btn_login"}
2017-05-31 06:44:24:186 - info: [debug] [MJSONWP] Calling AppiumDriver.findElements() with args: ["id","com.play.android:id/btn_login","ccd27b8a-e4e2-4980-818a-4897d79b8a18"]
2017-05-31 06:44:24:187 - info: [debug] [BaseDriver] Valid locator strategies for this request: xpath, id, class name, accessibility id, -android uiautomator
2017-05-31 06:44:24:188 - info: [debug] [BaseDriver] Valid locator strategies for this request: xpath, id, class name, accessibility id, -android uiautomator
2017-05-31 06:44:24:188 - info: [debug] [BaseDriver] Waiting up to 0 ms for condition
2017-05-31 06:44:24:189 - info: [debug] [AndroidBootstrap] Sending command to android: {"cmd":"action","action":"find","params":{"strategy":"id","selector":"com.play.android:id/btn_login","context":"","multiple":true}}
2017-05-31 06:44:24:207 - info: [AndroidBootstrap] [BOOTSTRAP LOG] [debug] Got data from client: {"cmd":"action","action":"find","params":{"strategy":"id","selector":"com.play.android:id/btn_login","context":"","multiple":true}}
2017-05-31 06:44:24:207 - info: [AndroidBootstrap] [BOOTSTRAP LOG] [debug] Got command of type ACTION
2017-05-31 06:44:24:207 - info: [AndroidBootstrap] [BOOTSTRAP LOG] [debug] Got command action: find
2017-05-31 06:44:24:208 - info: [AndroidBootstrap] [BOOTSTRAP LOG] [debug] Finding 'com.play.android:id/btn_login' using 'ID' with the contextId: '' multiple: true
2017-05-31 06:44:24:208 - info: [AndroidBootstrap] [BOOTSTRAP LOG] [debug] Using: UiSelector[RESOURCE_ID=com.play.android:id/btn_login]
2017-05-31 06:44:24:208 - info: [AndroidBootstrap] [BOOTSTRAP LOG] [debug] getElements selector:UiSelector[RESOURCE_ID=com.play.android:id/btn_login]
2017-05-31 06:44:24:208 - info: [AndroidBootstrap] [BOOTSTRAP LOG] [debug] Element[] is null: (0)
2017-05-31 06:44:24:208 - info: [AndroidBootstrap] [BOOTSTRAP LOG] [debug] getElements tmp selector:UiSelector[INSTANCE=0, RESOURCE_ID=com.play.android:id/btn_login]
2017-05-31 06:44:24:661 - info: [AndroidBootstrap] [BOOTSTRAP LOG] [debug] Element[] is null: (1)
2017-05-31 06:44:24:662 - info: [AndroidBootstrap] [BOOTSTRAP LOG] [debug] getElements tmp selector:UiSelector[INSTANCE=1, RESOURCE_ID=com.play.android:id/btn_login]
2017-05-31 06:44:24:887 - info: [AndroidBootstrap] [BOOTSTRAP LOG] [debug] Returning result: {"value":[{"ELEMENT":"5"}],"status":0}
2017-05-31 06:44:24:888 - info: [debug] [AndroidBootstrap] Received command result from bootstrap
2017-05-31 06:44:24:890 - info: [debug] [MJSONWP] Responding to client with driver.findElements() result: [{"ELEMENT":"5"}]
2017-05-31 06:44:24:891 - info: [HTTP] <-- POST /wd/hub/session/ccd27b8a-e4e2-4980-818a-4897d79b8a18/elements 200 705 ms - 89 
2017-05-31 06:44:25:000 - info: [HTTP] --> POST /wd/hub/session/ccd27b8a-e4e2-4980-818a-4897d79b8a18/timeouts {"type":"implicit","ms":5000}
2017-05-31 06:44:25:000 - info: [debug] [MJSONWP] Calling AppiumDriver.timeouts() with args: ["implicit",5000,"ccd27b8a-e4e2-4980-818a-4897d79b8a18"]
2017-05-31 06:44:25:002 - info: [debug] [BaseDriver] Set implicit wait to 5000ms
2017-05-31 06:44:25:003 - info: [debug] [MJSONWP] Responding to client with driver.timeouts() result: null
2017-05-31 06:44:25:004 - info: [HTTP] <-- POST /wd/hub/session/ccd27b8a-e4e2-4980-818a-4897d79b8a18/timeouts 200 4 ms - 76 
2017-05-31 06:44:25:020 - info: [HTTP] --> POST /wd/hub/session/ccd27b8a-e4e2-4980-818a-4897d79b8a18/element/5/click {"id":"5"}
2017-05-31 06:44:25:020 - info: [debug] [MJSONWP] Calling AppiumDriver.click() with args: ["5","ccd27b8a-e4e2-4980-818a-4897d79b8a18"]
2017-05-31 06:44:25:021 - info: [debug] [AndroidBootstrap] Sending command to android: {"cmd":"action","action":"element:click","params":{"elementId":"5"}}
2017-05-31 06:44:25:032 - info: [AndroidBootstrap] [BOOTSTRAP LOG] [debug] Got data from client: {"cmd":"action","action":"element:click","params":{"elementId":"5"}}
2017-05-31 06:44:25:032 - info: [AndroidBootstrap] [BOOTSTRAP LOG] [debug] Got command of type ACTION
2017-05-31 06:44:25:032 - info: [AndroidBootstrap] [BOOTSTRAP LOG] [debug] Got command action: click
2017-05-31 06:44:25:244 - info: [AndroidBootstrap] [BOOTSTRAP LOG] [debug] Returning result: {"value":true,"status":0}
2017-05-31 06:44:25:245 - info: [debug] [AndroidBootstrap] Received command result from bootstrap
2017-05-31 06:44:25:246 - info: [debug] [MJSONWP] Responding to client with driver.click() result: true
2017-05-31 06:44:25:247 - info: [HTTP] <-- POST /wd/hub/session/ccd27b8a-e4e2-4980-818a-4897d79b8a18/element/5/click 200 227 ms - 76 
2017-05-31 06:44:25:252 - info: [HTTP] --> GET /wd/hub/session/ccd27b8a-e4e2-4980-818a-4897d79b8a18/appium/device/current_activity {}
2017-05-31 06:44:25:253 - info: [debug] [MJSONWP] Calling AppiumDriver.getCurrentActivity() with args: ["ccd27b8a-e4e2-4980-818a-4897d79b8a18"]
2017-05-31 06:44:25:254 - info: [debug] [ADB] Getting focused package and activity
2017-05-31 06:44:25:254 - info: [debug] [ADB] Getting connected devices...
2017-05-31 06:44:25:312 - info: [debug] [ADB] 1 device(s) connected
2017-05-31 06:44:25:313 - info: [debug] [ADB] Running 'D:\SoftWare\SDK\platform-tools\adb.exe' with args: ["-P",5037,"-s","022TAS7N51009853","shell","dumpsys","window","windows"]
2017-05-31 06:44:25:395 - info: [debug] [MJSONWP] Responding to client with driver.getCurrentActivity() result: ".activity.member.LoginActivity"
2017-05-31 06:44:25:396 - info: [HTTP] <-- GET /wd/hub/session/ccd27b8a-e4e2-4980-818a-4897d79b8a18/appium/device/current_activity 200 143 ms - 104 
2017-05-31 06:44:26:400 - info: [HTTP] --> GET /wd/hub/session/ccd27b8a-e4e2-4980-818a-4897d79b8a18/appium/device/current_activity {}
2017-05-31 06:44:26:401 - info: [debug] [MJSONWP] Calling AppiumDriver.getCurrentActivity() with args: ["ccd27b8a-e4e2-4980-818a-4897d79b8a18"]
2017-05-31 06:44:26:408 - info: [debug] [ADB] Getting focused package and activity
2017-05-31 06:44:26:409 - info: [debug] [ADB] Getting connected devices...
2017-05-31 06:44:26:446 - info: [debug] [ADB] 1 device(s) connected
2017-05-31 06:44:26:447 - info: [debug] [ADB] Running 'D:\SoftWare\SDK\platform-tools\adb.exe' with args: ["-P",5037,"-s","022TAS7N51009853","shell","dumpsys","window","windows"]
2017-05-31 06:44:26:500 - info: [debug] [MJSONWP] Responding to client with driver.getCurrentActivity() result: ".activity.main.HomeActivity"
2017-05-31 06:44:26:501 - info: [HTTP] <-- GET /wd/hub/session/ccd27b8a-e4e2-4980-818a-4897d79b8a18/appium/device/current_activity 200 101 ms - 101 
2017-05-31 06:44:26:509 - info: [HTTP] --> POST /wd/hub/session/ccd27b8a-e4e2-4980-818a-4897d79b8a18/appium/app/close {}
2017-05-31 06:44:26:510 - info: [debug] [MJSONWP] Calling AppiumDriver.closeApp() with args: ["ccd27b8a-e4e2-4980-818a-4897d79b8a18"]
2017-05-31 06:44:26:511 - info: [debug] [ADB] Getting connected devices...
2017-05-31 06:44:26:537 - info: [debug] [ADB] 1 device(s) connected
2017-05-31 06:44:26:538 - info: [debug] [ADB] Running 'D:\SoftWare\SDK\platform-tools\adb.exe' with args: ["-P",5037,"-s","022TAS7N51009853","shell","am","force-stop","com.play.android"]
2017-05-31 06:44:27:463 - info: [debug] [MJSONWP] Responding to client with driver.closeApp() result: null
2017-05-31 06:44:27:465 - info: [HTTP] <-- POST /wd/hub/session/ccd27b8a-e4e2-4980-818a-4897d79b8a18/appium/app/close 200 955 ms - 76 
