2017-05-31 10:38:07:181 - info: [Appium] Welcome to Appium v1.6.5
2017-05-31 10:38:07:184 - info: [Appium] Non-default server args:
2017-05-31 10:38:07:185 - info: [Appium]   address: 127.0.0.1
2017-05-31 10:38:07:185 - info: [Appium]   log: D:\workSpace\EclipseProjects\AppiumForEclipse\log\1496227080988.log
2017-05-31 10:38:07:253 - info: [Appium] Appium REST http interface listener started on 127.0.0.1:4723
2017-05-31 10:38:08:090 - info: [HTTP] --> GET /wd/hub/status {}
2017-05-31 10:38:08:093 - info: [debug] [MJSONWP] Calling AppiumDriver.getStatus() with args: []
2017-05-31 10:38:08:144 - info: [debug] [MJSONWP] Responding to client with driver.getStatus() result: {"build":{"version":"1.6.5","revision":null}}
2017-05-31 10:38:08:150 - info: [HTTP] <-- GET /wd/hub/status 200 58 ms - 83 
2017-05-31 10:38:08:154 - info: [HTTP] --> GET /wd/hub/status {}
2017-05-31 10:38:08:155 - info: [debug] [MJSONWP] Calling AppiumDriver.getStatus() with args: []
2017-05-31 10:38:08:194 - info: [debug] [MJSONWP] Responding to client with driver.getStatus() result: {"build":{"version":"1.6.5","revision":null}}
2017-05-31 10:38:08:196 - info: [HTTP] <-- GET /wd/hub/status 200 41 ms - 83 
2017-05-31 10:38:08:819 - info: [HTTP] --> POST /wd/hub/session {"desiredCapabilities":{"app":"D:\\workSpace\\EclipseProjects\\AppiumForEclipse\\apps\\play.apk","noSign":"True","browserName":"","unicodeKeyboard":"True","platformName":"Android","deviceName":"022TAS7N51009853","resetKeyboard":"True"}}
2017-05-31 10:38:08:820 - info: [debug] [MJSONWP] Calling AppiumDriver.createSession() with args: [{"app":"D:\\workSpace\\EclipseProjects\\AppiumForEclipse\\apps\\play.apk","noSign":"True","browserName":"","unicodeKeyboard":"True","platformName":"Android","deviceName":"022TAS7N51009853","resetKeyboard":"True"},null,null]
2017-05-31 10:38:08:821 - info: [debug] [BaseDriver] Event 'newSessionRequested' logged at 1496227088820 (18:38:08 GMT+0800 (中国标准时间))
2017-05-31 10:38:08:823 - info: [Appium] Creating new AndroidDriver (v1.20.0) session
2017-05-31 10:38:08:824 - info: [Appium] Capabilities:
2017-05-31 10:38:08:827 - info: [Appium]   app: 'D:\\workSpace\\EclipseProjects\\AppiumForEclipse\\apps\\play.apk'
2017-05-31 10:38:08:827 - info: [Appium]   noSign: 'True'
2017-05-31 10:38:08:828 - info: [Appium]   browserName: ''
2017-05-31 10:38:08:828 - info: [Appium]   unicodeKeyboard: 'True'
2017-05-31 10:38:08:828 - info: [Appium]   platformName: 'Android'
2017-05-31 10:38:08:829 - info: [Appium]   deviceName: '022TAS7N51009853'
2017-05-31 10:38:08:829 - info: [Appium]   resetKeyboard: 'True'
2017-05-31 10:38:08:832 - info: [debug] [AndroidDriver] AndroidDriver version: 1.20.0
2017-05-31 10:38:08:836 - warn: [BaseDriver] Capability 'unicodeKeyboard' changed from string to boolean. This may cause unexpected behavior
2017-05-31 10:38:08:837 - warn: [BaseDriver] Capability 'resetKeyboard' changed from string to boolean. This may cause unexpected behavior
2017-05-31 10:38:08:837 - warn: [BaseDriver] Capability 'noSign' changed from string to boolean. This may cause unexpected behavior
2017-05-31 10:38:08:848 - info: [BaseDriver] Session created with session id: 32cdd1cf-359e-45ef-b2ab-2ab5eca58e27
2017-05-31 10:38:08:850 - info: [debug] [AndroidDriver] Getting Java version
2017-05-31 10:38:08:960 - info: [AndroidDriver] Java version is: 1.8.0_121
2017-05-31 10:38:08:965 - info: [ADB] Checking whether adb is present
2017-05-31 10:38:08:968 - info: [ADB] Using adb.exe from D:\SoftWare\SDK\platform-tools\adb.exe
2017-05-31 10:38:08:968 - info: [AndroidDriver] Retrieving device list
2017-05-31 10:38:08:969 - info: [debug] [ADB] Trying to find a connected android device
2017-05-31 10:38:08:970 - info: [debug] [ADB] Getting connected devices...
2017-05-31 10:38:08:993 - info: [debug] [ADB] 1 device(s) connected
2017-05-31 10:38:08:994 - info: [AndroidDriver] Using device: 85GBBMA2353T
2017-05-31 10:38:08:995 - info: [ADB] Checking whether adb is present
2017-05-31 10:38:08:997 - info: [ADB] Using adb.exe from D:\SoftWare\SDK\platform-tools\adb.exe
2017-05-31 10:38:08:998 - info: [debug] [ADB] Setting device id to 85GBBMA2353T
2017-05-31 10:38:08:999 - info: [BaseDriver] Using local app 'D:\workSpace\EclipseProjects\AppiumForEclipse\apps\play.apk'
2017-05-31 10:38:09:000 - info: [debug] [AndroidDriver] Checking whether app is actually present
2017-05-31 10:38:09:001 - info: [AndroidDriver] Starting Android session
2017-05-31 10:38:09:005 - info: [debug] [ADB] Running 'D:\SoftWare\SDK\platform-tools\adb.exe' with args: ["-P",5037,"-s","85GBBMA2353T","wait-for-device"]
2017-05-31 10:38:09:032 - info: [debug] [ADB] Getting connected devices...
2017-05-31 10:38:09:058 - info: [debug] [ADB] 1 device(s) connected
2017-05-31 10:38:09:058 - info: [debug] [ADB] Running 'D:\SoftWare\SDK\platform-tools\adb.exe' with args: ["-P",5037,"-s","85GBBMA2353T","shell","echo","ping"]
2017-05-31 10:38:09:099 - info: [debug] [Logcat] Starting logcat capture
2017-05-31 10:38:09:143 - info: [debug] [AndroidDriver] Enabling Unicode keyboard support
2017-05-31 10:38:09:143 - info: [debug] [AndroidDriver] Pushing unicode ime to device...
2017-05-31 10:38:09:144 - info: [debug] [ADB] Running 'D:\SoftWare\SDK\platform-tools\adb.exe' with args: ["-P",5037,"-s","85GBBMA2353T","install","D:\\MyProgram\\nodejs\\node_modules\\appium\\node_modules\\appium-android-ime\\bin\\UnicodeIME-debug.apk"]
2017-05-31 10:38:09:975 - info: [debug] [ADB] Getting connected devices...
2017-05-31 10:38:10:020 - info: [debug] [ADB] 1 device(s) connected
2017-05-31 10:38:10:021 - info: [debug] [ADB] Running 'D:\SoftWare\SDK\platform-tools\adb.exe' with args: ["-P",5037,"-s","85GBBMA2353T","shell","settings","get","secure","default_input_method"]
2017-05-31 10:38:10:756 - info: [debug] [AndroidDriver] Unsetting previous IME com.iflytek.inputmethod/.FlyIME
2017-05-31 10:38:10:757 - info: [debug] [AndroidDriver] Setting IME to 'io.appium.android.ime/.UnicodeIME'
2017-05-31 10:38:10:758 - info: [debug] [ADB] Getting connected devices...
2017-05-31 10:38:10:802 - info: [debug] [ADB] 1 device(s) connected
2017-05-31 10:38:10:802 - info: [debug] [ADB] Running 'D:\SoftWare\SDK\platform-tools\adb.exe' with args: ["-P",5037,"-s","85GBBMA2353T","shell","ime","enable","io.appium.android.ime/.UnicodeIME"]
2017-05-31 10:38:11:542 - info: [debug] [ADB] Getting connected devices...
2017-05-31 10:38:11:587 - info: [debug] [ADB] 1 device(s) connected
2017-05-31 10:38:11:587 - info: [debug] [ADB] Running 'D:\SoftWare\SDK\platform-tools\adb.exe' with args: ["-P",5037,"-s","85GBBMA2353T","shell","ime","set","io.appium.android.ime/.UnicodeIME"]
2017-05-31 10:38:12:283 - info: [debug] [AndroidDriver] Pushing settings apk to device...
2017-05-31 10:38:12:287 - info: [debug] [ADB] Getting install status for io.appium.settings
2017-05-31 10:38:12:289 - info: [debug] [ADB] Getting connected devices...
2017-05-31 10:38:12:324 - info: [debug] [ADB] 1 device(s) connected
2017-05-31 10:38:12:325 - info: [debug] [ADB] Running 'D:\SoftWare\SDK\platform-tools\adb.exe' with args: ["-P",5037,"-s","85GBBMA2353T","shell","pm","list","packages","io.appium.settings"]
2017-05-31 10:38:12:827 - info: [debug] [ADB] App is not installed
2017-05-31 10:38:12:828 - info: [debug] [ADB] Running 'D:\SoftWare\SDK\platform-tools\adb.exe' with args: ["-P",5037,"-s","85GBBMA2353T","install","D:\\MyProgram\\nodejs\\node_modules\\appium\\node_modules\\io.appium.settings\\app\\build\\outputs\\apk\\settings_apk-debug.apk"]
2017-05-31 10:38:13:601 - info: [debug] [ADB] Getting connected devices...
2017-05-31 10:38:13:634 - info: [debug] [ADB] 1 device(s) connected
2017-05-31 10:38:13:635 - info: [debug] [ADB] Running 'D:\SoftWare\SDK\platform-tools\adb.exe' with args: ["-P",5037,"-s","85GBBMA2353T","shell","getprop","ro.build.version.sdk"]
2017-05-31 10:38:13:695 - info: [debug] [ADB] Device API level: 22
2017-05-31 10:38:13:695 - info: [debug] [ADB] Getting connected devices...
2017-05-31 10:38:13:719 - info: [debug] [ADB] 1 device(s) connected
2017-05-31 10:38:13:719 - info: [debug] [ADB] Running 'D:\SoftWare\SDK\platform-tools\adb.exe' with args: ["-P",5037,"-s","85GBBMA2353T","shell","dumpsys","package","io.appium.settings"]
2017-05-31 10:38:13:793 - info: [debug] [AndroidDriver] Pushing unlock helper app to device...
2017-05-31 10:38:13:795 - info: [debug] [ADB] Running 'D:\SoftWare\SDK\platform-tools\adb.exe' with args: ["-P",5037,"-s","85GBBMA2353T","install","D:\\MyProgram\\nodejs\\node_modules\\appium\\node_modules\\appium-unlock\\bin\\unlock_apk-debug.apk"]
2017-05-31 10:38:14:528 - info: [debug] [ADB] Device API level: 22
2017-05-31 10:38:14:529 - info: [debug] [ADB] Getting connected devices...
2017-05-31 10:38:14:568 - info: [debug] [ADB] 1 device(s) connected
2017-05-31 10:38:14:568 - info: [debug] [ADB] Running 'D:\SoftWare\SDK\platform-tools\adb.exe' with args: ["-P",5037,"-s","85GBBMA2353T","shell","settings","put","secure","mock_location","1"]
2017-05-31 10:38:15:325 - info: [ADB] Getting device platform version
2017-05-31 10:38:15:325 - info: [debug] [ADB] Getting connected devices...
2017-05-31 10:38:15:365 - info: [debug] [ADB] 1 device(s) connected
2017-05-31 10:38:15:365 - info: [debug] [ADB] Running 'D:\SoftWare\SDK\platform-tools\adb.exe' with args: ["-P",5037,"-s","85GBBMA2353T","shell","getprop","ro.build.version.release"]
2017-05-31 10:38:15:439 - info: [debug] [ADB] Getting connected devices...
2017-05-31 10:38:15:474 - info: [debug] [ADB] 1 device(s) connected
2017-05-31 10:38:15:475 - info: [debug] [ADB] Running 'D:\SoftWare\SDK\platform-tools\adb.exe' with args: ["-P",5037,"-s","85GBBMA2353T","shell","wm","size"]
2017-05-31 10:38:16:149 - info: [debug] [ADB] Getting connected devices...
2017-05-31 10:38:16:197 - info: [debug] [ADB] 1 device(s) connected
2017-05-31 10:38:16:197 - info: [debug] [ADB] Running 'D:\SoftWare\SDK\platform-tools\adb.exe' with args: ["-P",5037,"-s","85GBBMA2353T","shell","getprop","ro.product.model"]
2017-05-31 10:38:16:244 - info: [debug] [ADB] Current device property 'ro.product.model': MX5
2017-05-31 10:38:16:244 - info: [debug] [ADB] Getting connected devices...
2017-05-31 10:38:16:275 - info: [debug] [ADB] 1 device(s) connected
2017-05-31 10:38:16:275 - info: [debug] [ADB] Running 'D:\SoftWare\SDK\platform-tools\adb.exe' with args: ["-P",5037,"-s","85GBBMA2353T","shell","getprop","ro.product.manufacturer"]
2017-05-31 10:38:16:322 - info: [debug] [ADB] Current device property 'ro.product.manufacturer': Meizu
2017-05-31 10:38:16:322 - info: [debug] [AndroidDriver] Parsing package and activity from app manifest
2017-05-31 10:38:16:322 - info: [ADB] Checking whether aapt is present
2017-05-31 10:38:16:337 - info: [ADB] Using aapt.exe from D:\SoftWare\SDK\build-tools\24.0.3\aapt.exe
2017-05-31 10:38:16:337 - info: [ADB] Extracting package and launch activity from manifest
2017-05-31 10:38:16:353 - info: [debug] [ADB] badging package: com.play.android
2017-05-31 10:38:16:353 - info: [debug] [ADB] badging act: com.play.android.activity.SplashActivity
2017-05-31 10:38:16:353 - info: [debug] [AndroidDriver] Parsed package and activity are: com.play.android/com.play.android.activity.SplashActivity
2017-05-31 10:38:16:493 - info: [AndroidDriver] Remote apk path is /data/local/tmp/42e2f15827830994ee5f75a4ff734348.apk
2017-05-31 10:38:16:493 - info: [debug] [ADB] Getting connected devices...
2017-05-31 10:38:16:509 - info: [debug] [ADB] 1 device(s) connected
2017-05-31 10:38:16:509 - info: [debug] [ADB] Running 'D:\SoftWare\SDK\platform-tools\adb.exe' with args: ["-P",5037,"-s","85GBBMA2353T","shell","ls","/data/local/tmp/42e2f15827830994ee5f75a4ff734348.apk"]
2017-05-31 10:38:16:571 - info: [debug] [AndroidDriver] Checking if app is installed
2017-05-31 10:38:16:571 - info: [debug] [ADB] Getting install status for com.play.android
2017-05-31 10:38:16:571 - info: [debug] [ADB] Getting connected devices...
2017-05-31 10:38:16:603 - info: [debug] [ADB] 1 device(s) connected
2017-05-31 10:38:16:603 - info: [debug] [ADB] Running 'D:\SoftWare\SDK\platform-tools\adb.exe' with args: ["-P",5037,"-s","85GBBMA2353T","shell","pm","list","packages","com.play.android"]
2017-05-31 10:38:17:164 - info: [debug] [ADB] App is not installed
2017-05-31 10:38:17:164 - info: [AndroidDriver] Apk is not yet installed
2017-05-31 10:38:17:164 - info: [AndroidDriver] installing apk from remote
2017-05-31 10:38:17:180 - info: [debug] [ADB] Getting connected devices...
2017-05-31 10:38:17:196 - info: [debug] [ADB] 1 device(s) connected
2017-05-31 10:38:17:196 - info: [debug] [ADB] Running 'D:\SoftWare\SDK\platform-tools\adb.exe' with args: ["-P",5037,"-s","85GBBMA2353T","shell","mkdir","-p","/data/local/tmp"]
2017-05-31 10:38:17:259 - info: [AndroidDriver] Clearing out any existing remote apks with the same hash
2017-05-31 10:38:17:259 - info: [debug] [AndroidDriver] Removing any old apks
2017-05-31 10:38:17:259 - info: [debug] [AndroidDriver] Except ["42e2f15827830994ee5f75a4ff734348"]
2017-05-31 10:38:17:259 - info: [debug] [ADB] Getting connected devices...
2017-05-31 10:38:17:290 - info: [debug] [ADB] 1 device(s) connected
2017-05-31 10:38:17:290 - info: [debug] [ADB] Running 'D:\SoftWare\SDK\platform-tools\adb.exe' with args: ["-P",5037,"-s","85GBBMA2353T","shell","ls","/data/local/tmp/*.apk"]
2017-05-31 10:38:17:352 - info: [debug] [ADB] Uninstalling com.play.android
2017-05-31 10:38:17:352 - info: [debug] [ADB] Getting connected devices...
2017-05-31 10:38:17:368 - info: [debug] [ADB] 1 device(s) connected
2017-05-31 10:38:17:368 - info: [debug] [ADB] Running 'D:\SoftWare\SDK\platform-tools\adb.exe' with args: ["-P",5037,"-s","85GBBMA2353T","shell","am","force-stop","com.play.android"]
2017-05-31 10:38:18:196 - info: [debug] [ADB] Running 'D:\SoftWare\SDK\platform-tools\adb.exe' with args: ["-P",5037,"-s","85GBBMA2353T","uninstall","com.play.android"]
2017-05-31 10:38:19:104 - info: [ADB] App was uninstalled
2017-05-31 10:38:19:104 - info: [debug] [ADB] Getting connected devices...
2017-05-31 10:38:19:135 - info: [debug] [ADB] 1 device(s) connected
2017-05-31 10:38:19:135 - info: [debug] [ADB] Running 'D:\SoftWare\SDK\platform-tools\adb.exe' with args: ["-P",5037,"-s","85GBBMA2353T","shell","pm","install","-r","/data/local/tmp/42e2f15827830994ee5f75a4ff734348.apk"]
2017-05-31 10:38:41:051 - info: [debug] [AndroidDriver] Extracting strings from apk D:\workSpace\EclipseProjects\AppiumForEclipse\apps\play.apk null C:\Users\ADMINI~1\AppData\Local\Temp\com.play.android
2017-05-31 10:38:41:051 - info: [debug] [ADB] Extracting strings for language: default
2017-05-31 10:38:41:051 - info: [debug] [ADB] Device API level: 22
2017-05-31 10:38:41:051 - info: [debug] [ADB] Getting connected devices...
2017-05-31 10:38:41:083 - info: [debug] [ADB] 1 device(s) connected
2017-05-31 10:38:41:083 - info: [debug] [ADB] Running 'D:\SoftWare\SDK\platform-tools\adb.exe' with args: ["-P",5037,"-s","85GBBMA2353T","shell","getprop","persist.sys.language"]
2017-05-31 10:38:41:115 - info: [debug] [ADB] Current device property 'persist.sys.language': zh
2017-05-31 10:38:42:320 - info: [debug] [ADB] Reading strings from converted strings.json
2017-05-31 10:38:42:320 - info: [debug] [ADB] Running 'D:\SoftWare\SDK\platform-tools\adb.exe' with args: ["-P",5037,"-s","85GBBMA2353T","push","C:\\Users\\ADMINI~1\\AppData\\Local\\Temp\\com.play.android\\strings.json","/data/local/tmp"]
2017-05-31 10:38:42:368 - info: [debug] [AndroidBootstrap] Watching for bootstrap disconnect
2017-05-31 10:38:42:368 - info: [debug] [ADB] Forwarding system: 4724 to device: 4724
2017-05-31 10:38:42:368 - info: [debug] [ADB] Running 'D:\SoftWare\SDK\platform-tools\adb.exe' with args: ["-P",5037,"-s","85GBBMA2353T","forward","tcp:4724","tcp:4724"]
2017-05-31 10:38:42:368 - info: [debug] [UiAutomator] Starting UiAutomator
2017-05-31 10:38:42:368 - info: [debug] [UiAutomator] Moving to state 'starting'
2017-05-31 10:38:42:368 - info: [debug] [UiAutomator] Parsing uiautomator jar
2017-05-31 10:38:42:368 - info: [debug] [UiAutomator] Found jar name: 'AppiumBootstrap.jar'
2017-05-31 10:38:42:383 - info: [debug] [ADB] Running 'D:\SoftWare\SDK\platform-tools\adb.exe' with args: ["-P",5037,"-s","85GBBMA2353T","push","D:\\MyProgram\\nodejs\\node_modules\\appium\\node_modules\\appium-android-bootstrap\\bootstrap\\bin\\AppiumBootstrap.jar","/data/local/tmp/"]
2017-05-31 10:38:42:414 - info: [debug] [ADB] Attempting to kill all uiautomator processes
2017-05-31 10:38:42:430 - info: [debug] [ADB] Getting all processes with uiautomator
2017-05-31 10:38:42:430 - info: [debug] [ADB] Getting connected devices...
2017-05-31 10:38:42:446 - info: [debug] [ADB] 1 device(s) connected
2017-05-31 10:38:42:446 - info: [debug] [ADB] Running 'D:\SoftWare\SDK\platform-tools\adb.exe' with args: ["-P",5037,"-s","85GBBMA2353T","shell","ps"]
2017-05-31 10:38:42:539 - info: [ADB] No uiautomator process found to kill, continuing...
2017-05-31 10:38:42:539 - info: [debug] [UiAutomator] Starting UIAutomator
2017-05-31 10:38:42:539 - info: [debug] [ADB] Creating ADB subprocess with args: ["-P",5037,"-s","85GBBMA2353T","shell","uiautomator","runtest","AppiumBootstrap.jar","-c","io.appium.android.bootstrap.Bootstrap","-e","pkg","com.play.android","-e","disableAndroidWatchers",false,"-e","acceptSslCerts",false]
2017-05-31 10:38:43:040 - info: [debug] [UiAutomator] Moving to state 'online'
2017-05-31 10:38:43:056 - info: [AndroidBootstrap] [BOOTSTRAP LOG] [debug] json loading complete.
2017-05-31 10:38:43:056 - info: [AndroidBootstrap] [BOOTSTRAP LOG] [debug] Registered crash watchers.
2017-05-31 10:38:43:056 - info: [AndroidBootstrap] Android bootstrap socket is now connected
2017-05-31 10:38:43:072 - info: [debug] [ADB] Getting connected devices...
2017-05-31 10:38:43:072 - info: [AndroidBootstrap] [BOOTSTRAP LOG] [debug] Client connected
2017-05-31 10:38:43:103 - info: [debug] [ADB] 1 device(s) connected
2017-05-31 10:38:43:103 - info: [debug] [ADB] Running 'D:\SoftWare\SDK\platform-tools\adb.exe' with args: ["-P",5037,"-s","85GBBMA2353T","shell","dumpsys","window"]
2017-05-31 10:38:43:150 - info: [AndroidDriver] Screen already unlocked, doing nothing
2017-05-31 10:38:43:150 - info: [debug] [ADB] Device API level: 22
2017-05-31 10:38:43:150 - info: [debug] [ADB] Getting connected devices...
2017-05-31 10:38:43:181 - info: [debug] [ADB] 1 device(s) connected
2017-05-31 10:38:43:181 - info: [debug] [ADB] Running 'D:\SoftWare\SDK\platform-tools\adb.exe' with args: ["-P",5037,"-s","85GBBMA2353T","shell","am","start","-W","-n","com.play.android/com.play.android.activity.SplashActivity","-S","-a","android.intent.action.MAIN","-c","android.intent.category.LAUNCHER","-f","0x10200000"]
2017-05-31 10:38:45:474 - info: [debug] [ADB] Waiting for activity matching pkg: 'com.play.android' and activity: 'com.play.android.activity.SplashActivity' to be focused
2017-05-31 10:38:45:474 - info: [debug] [ADB] Possible activities, to be checked: com.play.android.activity.SplashActivity, com.play.android.com.play.android.activity.SplashActivity
2017-05-31 10:38:45:490 - info: [debug] [ADB] Getting focused package and activity
2017-05-31 10:38:45:490 - info: [debug] [ADB] Getting connected devices...
2017-05-31 10:38:45:522 - info: [debug] [ADB] 1 device(s) connected
2017-05-31 10:38:45:522 - info: [debug] [ADB] Running 'D:\SoftWare\SDK\platform-tools\adb.exe' with args: ["-P",5037,"-s","85GBBMA2353T","shell","dumpsys","window","windows"]
2017-05-31 10:38:45:600 - info: [debug] [ADB] Found package: 'com.play.android' and fully qualified activity name : 'com.play.android.activity.main.HomeActivity'
2017-05-31 10:38:45:600 - info: [debug] [ADB] Incorrect package and activity. Retrying.
2017-05-31 10:38:46:365 - info: [debug] [ADB] Getting focused package and activity
2017-05-31 10:38:46:365 - info: [debug] [ADB] Getting connected devices...
2017-05-31 10:38:46:412 - info: [debug] [ADB] 1 device(s) connected
2017-05-31 10:38:46:412 - info: [debug] [ADB] Running 'D:\SoftWare\SDK\platform-tools\adb.exe' with args: ["-P",5037,"-s","85GBBMA2353T","shell","dumpsys","window","windows"]
2017-05-31 10:38:46:506 - info: [debug] [ADB] Found package: 'com.play.android' and fully qualified activity name : 'com.play.android.activity.main.HomeActivity'
2017-05-31 10:38:46:506 - info: [debug] [ADB] Incorrect package and activity. Retrying.
2017-05-31 10:38:47:263 - info: [debug] [ADB] Getting focused package and activity
2017-05-31 10:38:47:263 - info: [debug] [ADB] Getting connected devices...
2017-05-31 10:38:47:310 - info: [debug] [ADB] 1 device(s) connected
2017-05-31 10:38:47:310 - info: [debug] [ADB] Running 'D:\SoftWare\SDK\platform-tools\adb.exe' with args: ["-P",5037,"-s","85GBBMA2353T","shell","dumpsys","window","windows"]
2017-05-31 10:38:47:373 - info: [debug] [ADB] Found package: 'com.play.android' and fully qualified activity name : 'com.play.android.activity.main.HomeActivity'
2017-05-31 10:38:47:373 - info: [debug] [ADB] Incorrect package and activity. Retrying.
2017-05-31 10:38:48:123 - info: [debug] [ADB] Getting focused package and activity
2017-05-31 10:38:48:123 - info: [debug] [ADB] Getting connected devices...
2017-05-31 10:38:48:171 - info: [debug] [ADB] 1 device(s) connected
2017-05-31 10:38:48:171 - info: [debug] [ADB] Running 'D:\SoftWare\SDK\platform-tools\adb.exe' with args: ["-P",5037,"-s","85GBBMA2353T","shell","dumpsys","window","windows"]
2017-05-31 10:38:48:218 - info: [debug] [ADB] Found package: 'com.play.android' and fully qualified activity name : 'com.play.android.activity.main.HomeActivity'
2017-05-31 10:38:48:218 - info: [debug] [ADB] Incorrect package and activity. Retrying.
2017-05-31 10:38:48:980 - info: [debug] [ADB] Getting focused package and activity
2017-05-31 10:38:48:980 - info: [debug] [ADB] Getting connected devices...
2017-05-31 10:38:49:011 - info: [debug] [ADB] 1 device(s) connected
2017-05-31 10:38:49:011 - info: [debug] [ADB] Running 'D:\SoftWare\SDK\platform-tools\adb.exe' with args: ["-P",5037,"-s","85GBBMA2353T","shell","dumpsys","window","windows"]
2017-05-31 10:38:49:073 - info: [debug] [ADB] Found package: 'com.play.android' and fully qualified activity name : 'com.play.android.activity.main.HomeActivity'
2017-05-31 10:38:49:073 - info: [debug] [ADB] Incorrect package and activity. Retrying.
2017-05-31 10:38:49:838 - info: [debug] [ADB] Getting focused package and activity
2017-05-31 10:38:49:838 - info: [debug] [ADB] Getting connected devices...
2017-05-31 10:38:49:886 - info: [debug] [ADB] 1 device(s) connected
2017-05-31 10:38:49:886 - info: [debug] [ADB] Running 'D:\SoftWare\SDK\platform-tools\adb.exe' with args: ["-P",5037,"-s","85GBBMA2353T","shell","dumpsys","window","windows"]
2017-05-31 10:38:49:964 - info: [debug] [ADB] Found package: 'com.play.android' and fully qualified activity name : 'com.play.android.activity.main.HomeActivity'
2017-05-31 10:38:49:964 - info: [debug] [ADB] Incorrect package and activity. Retrying.
2017-05-31 10:38:50:712 - info: [debug] [ADB] Getting focused package and activity
2017-05-31 10:38:50:712 - info: [debug] [ADB] Getting connected devices...
2017-05-31 10:38:50:760 - info: [debug] [ADB] 1 device(s) connected
2017-05-31 10:38:50:760 - info: [debug] [ADB] Running 'D:\SoftWare\SDK\platform-tools\adb.exe' with args: ["-P",5037,"-s","85GBBMA2353T","shell","dumpsys","window","windows"]
2017-05-31 10:38:50:823 - info: [debug] [ADB] Found package: 'com.play.android' and fully qualified activity name : 'com.play.android.activity.main.HomeActivity'
2017-05-31 10:38:50:823 - info: [debug] [ADB] Incorrect package and activity. Retrying.
2017-05-31 10:38:51:587 - info: [debug] [ADB] Getting focused package and activity
2017-05-31 10:38:51:587 - info: [debug] [ADB] Getting connected devices...
2017-05-31 10:38:51:635 - info: [debug] [ADB] 1 device(s) connected
2017-05-31 10:38:51:635 - info: [debug] [ADB] Running 'D:\SoftWare\SDK\platform-tools\adb.exe' with args: ["-P",5037,"-s","85GBBMA2353T","shell","dumpsys","window","windows"]
2017-05-31 10:38:51:682 - info: [debug] [ADB] Found package: 'com.play.android' and fully qualified activity name : 'com.play.android.activity.main.HomeActivity'
2017-05-31 10:38:51:682 - info: [debug] [ADB] Incorrect package and activity. Retrying.
2017-05-31 10:38:52:431 - info: [debug] [ADB] Getting focused package and activity
2017-05-31 10:38:52:431 - info: [debug] [ADB] Getting connected devices...
2017-05-31 10:38:52:478 - info: [debug] [ADB] 1 device(s) connected
2017-05-31 10:38:52:478 - info: [debug] [ADB] Running 'D:\SoftWare\SDK\platform-tools\adb.exe' with args: ["-P",5037,"-s","85GBBMA2353T","shell","dumpsys","window","windows"]
2017-05-31 10:38:52:541 - info: [debug] [ADB] Found package: 'com.play.android' and fully qualified activity name : 'com.play.android.activity.main.HomeActivity'
2017-05-31 10:38:52:541 - info: [debug] [ADB] Incorrect package and activity. Retrying.
2017-05-31 10:38:53:289 - info: [debug] [ADB] Getting focused package and activity
2017-05-31 10:38:53:289 - info: [debug] [ADB] Getting connected devices...
2017-05-31 10:38:53:337 - info: [debug] [ADB] 1 device(s) connected
2017-05-31 10:38:53:337 - info: [debug] [ADB] Running 'D:\SoftWare\SDK\platform-tools\adb.exe' with args: ["-P",5037,"-s","85GBBMA2353T","shell","dumpsys","window","windows"]
2017-05-31 10:38:53:400 - info: [debug] [ADB] Found package: 'com.play.android' and fully qualified activity name : 'com.play.android.activity.main.HomeActivity'
2017-05-31 10:38:53:400 - info: [debug] [ADB] Incorrect package and activity. Retrying.
2017-05-31 10:38:54:150 - info: [debug] [ADB] Getting focused package and activity
2017-05-31 10:38:54:150 - info: [debug] [ADB] Getting connected devices...
2017-05-31 10:38:54:196 - info: [debug] [ADB] 1 device(s) connected
2017-05-31 10:38:54:196 - info: [debug] [ADB] Running 'D:\SoftWare\SDK\platform-tools\adb.exe' with args: ["-P",5037,"-s","85GBBMA2353T","shell","dumpsys","window","windows"]
2017-05-31 10:38:54:259 - info: [debug] [ADB] Found package: 'com.play.android' and fully qualified activity name : 'com.play.android.activity.main.HomeActivity'
2017-05-31 10:38:54:259 - info: [debug] [ADB] Incorrect package and activity. Retrying.
2017-05-31 10:38:55:009 - info: [debug] [ADB] Getting focused package and activity
2017-05-31 10:38:55:009 - info: [debug] [ADB] Getting connected devices...
2017-05-31 10:38:55:041 - info: [debug] [ADB] 1 device(s) connected
2017-05-31 10:38:55:056 - info: [debug] [ADB] Running 'D:\SoftWare\SDK\platform-tools\adb.exe' with args: ["-P",5037,"-s","85GBBMA2353T","shell","dumpsys","window","windows"]
2017-05-31 10:38:55:119 - info: [debug] [ADB] Found package: 'com.play.android' and fully qualified activity name : 'com.play.android.activity.main.HomeActivity'
2017-05-31 10:38:55:119 - info: [debug] [ADB] Incorrect package and activity. Retrying.
2017-05-31 10:38:55:868 - info: [debug] [ADB] Getting focused package and activity
2017-05-31 10:38:55:868 - info: [debug] [ADB] Getting connected devices...
2017-05-31 10:38:55:914 - info: [debug] [ADB] 1 device(s) connected
2017-05-31 10:38:55:914 - info: [debug] [ADB] Running 'D:\SoftWare\SDK\platform-tools\adb.exe' with args: ["-P",5037,"-s","85GBBMA2353T","shell","dumpsys","window","windows"]
2017-05-31 10:38:55:977 - info: [debug] [ADB] Found package: 'com.play.android' and fully qualified activity name : 'com.play.android.activity.main.HomeActivity'
2017-05-31 10:38:55:977 - info: [debug] [ADB] Incorrect package and activity. Retrying.
2017-05-31 10:38:56:741 - info: [debug] [ADB] Getting focused package and activity
2017-05-31 10:38:56:741 - info: [debug] [ADB] Getting connected devices...
2017-05-31 10:38:56:789 - info: [debug] [ADB] 1 device(s) connected
2017-05-31 10:38:56:789 - info: [debug] [ADB] Running 'D:\SoftWare\SDK\platform-tools\adb.exe' with args: ["-P",5037,"-s","85GBBMA2353T","shell","dumpsys","window","windows"]
2017-05-31 10:38:56:851 - info: [debug] [ADB] Found package: 'com.play.android' and fully qualified activity name : 'com.play.android.activity.main.HomeActivity'
2017-05-31 10:38:56:851 - info: [debug] [ADB] Incorrect package and activity. Retrying.
2017-05-31 10:38:57:617 - info: [debug] [ADB] Getting focused package and activity
2017-05-31 10:38:57:617 - info: [debug] [ADB] Getting connected devices...
2017-05-31 10:38:57:664 - info: [debug] [ADB] 1 device(s) connected
2017-05-31 10:38:57:664 - info: [debug] [ADB] Running 'D:\SoftWare\SDK\platform-tools\adb.exe' with args: ["-P",5037,"-s","85GBBMA2353T","shell","dumpsys","window","windows"]
2017-05-31 10:38:57:761 - info: [debug] [ADB] Found package: 'com.play.android' and fully qualified activity name : 'com.play.android.activity.main.HomeActivity'
2017-05-31 10:38:57:761 - info: [debug] [ADB] Incorrect package and activity. Retrying.
2017-05-31 10:38:58:513 - info: [debug] [ADB] Getting focused package and activity
2017-05-31 10:38:58:514 - info: [debug] [ADB] Getting connected devices...
2017-05-31 10:38:58:564 - info: [debug] [ADB] 1 device(s) connected
2017-05-31 10:38:58:565 - info: [debug] [ADB] Running 'D:\SoftWare\SDK\platform-tools\adb.exe' with args: ["-P",5037,"-s","85GBBMA2353T","shell","dumpsys","window","windows"]
2017-05-31 10:38:58:628 - info: [debug] [ADB] Found package: 'com.play.android' and fully qualified activity name : 'com.play.android.activity.main.HomeActivity'
2017-05-31 10:38:58:628 - info: [debug] [ADB] Incorrect package and activity. Retrying.
2017-05-31 10:38:59:379 - info: [debug] [ADB] Getting focused package and activity
2017-05-31 10:38:59:379 - info: [debug] [ADB] Getting connected devices...
2017-05-31 10:38:59:427 - info: [debug] [ADB] 1 device(s) connected
2017-05-31 10:38:59:428 - info: [debug] [ADB] Running 'D:\SoftWare\SDK\platform-tools\adb.exe' with args: ["-P",5037,"-s","85GBBMA2353T","shell","dumpsys","window","windows"]
2017-05-31 10:38:59:491 - info: [debug] [ADB] Found package: 'com.play.android' and fully qualified activity name : 'com.play.android.activity.main.HomeActivity'
2017-05-31 10:38:59:491 - info: [debug] [ADB] Incorrect package and activity. Retrying.
2017-05-31 10:39:00:241 - info: [debug] [ADB] Getting focused package and activity
2017-05-31 10:39:00:242 - info: [debug] [ADB] Getting connected devices...
2017-05-31 10:39:00:276 - info: [debug] [ADB] 1 device(s) connected
2017-05-31 10:39:00:277 - info: [debug] [ADB] Running 'D:\SoftWare\SDK\platform-tools\adb.exe' with args: ["-P",5037,"-s","85GBBMA2353T","shell","dumpsys","window","windows"]
2017-05-31 10:39:00:337 - info: [debug] [ADB] Found package: 'com.play.android' and fully qualified activity name : 'com.play.android.activity.main.HomeActivity'
2017-05-31 10:39:00:337 - info: [debug] [ADB] Incorrect package and activity. Retrying.
2017-05-31 10:39:01:089 - info: [debug] [ADB] Getting focused package and activity
2017-05-31 10:39:01:089 - info: [debug] [ADB] Getting connected devices...
2017-05-31 10:39:01:128 - info: [debug] [ADB] 1 device(s) connected
2017-05-31 10:39:01:129 - info: [debug] [ADB] Running 'D:\SoftWare\SDK\platform-tools\adb.exe' with args: ["-P",5037,"-s","85GBBMA2353T","shell","dumpsys","window","windows"]
2017-05-31 10:39:01:186 - info: [debug] [ADB] Found package: 'com.play.android' and fully qualified activity name : 'com.play.android.activity.main.HomeActivity'
2017-05-31 10:39:01:187 - info: [debug] [ADB] Incorrect package and activity. Retrying.
2017-05-31 10:39:01:937 - info: [debug] [ADB] Getting focused package and activity
2017-05-31 10:39:01:939 - info: [debug] [ADB] Getting connected devices...
2017-05-31 10:39:01:984 - info: [debug] [ADB] 1 device(s) connected
2017-05-31 10:39:01:985 - info: [debug] [ADB] Running 'D:\SoftWare\SDK\platform-tools\adb.exe' with args: ["-P",5037,"-s","85GBBMA2353T","shell","dumpsys","window","windows"]
2017-05-31 10:39:02:041 - info: [debug] [ADB] Found package: 'com.play.android' and fully qualified activity name : 'com.play.android.activity.main.HomeActivity'
2017-05-31 10:39:02:041 - info: [debug] [ADB] Incorrect package and activity. Retrying.
2017-05-31 10:39:02:792 - info: [debug] [ADB] Getting focused package and activity
2017-05-31 10:39:02:792 - info: [debug] [ADB] Getting connected devices...
2017-05-31 10:39:02:837 - info: [debug] [ADB] 1 device(s) connected
2017-05-31 10:39:02:838 - info: [debug] [ADB] Running 'D:\SoftWare\SDK\platform-tools\adb.exe' with args: ["-P",5037,"-s","85GBBMA2353T","shell","dumpsys","window","windows"]
2017-05-31 10:39:02:987 - info: [debug] [ADB] Found package: 'com.play.android' and fully qualified activity name : 'com.play.android.activity.main.HomeActivity'
2017-05-31 10:39:02:988 - info: [debug] [ADB] Incorrect package and activity. Retrying.
2017-05-31 10:39:03:739 - info: [debug] [ADB] Getting focused package and activity
2017-05-31 10:39:03:739 - info: [debug] [ADB] Getting connected devices...
2017-05-31 10:39:03:772 - info: [debug] [ADB] 1 device(s) connected
2017-05-31 10:39:03:772 - info: [debug] [ADB] Running 'D:\SoftWare\SDK\platform-tools\adb.exe' with args: ["-P",5037,"-s","85GBBMA2353T","shell","dumpsys","window","windows"]
2017-05-31 10:39:03:832 - info: [debug] [ADB] Found package: 'com.play.android' and fully qualified activity name : 'com.play.android.activity.main.HomeActivity'
2017-05-31 10:39:03:832 - info: [debug] [ADB] Incorrect package and activity. Retrying.
2017-05-31 10:39:04:584 - info: [debug] [ADB] Getting focused package and activity
2017-05-31 10:39:04:584 - info: [debug] [ADB] Getting connected devices...
2017-05-31 10:39:04:623 - info: [debug] [ADB] 1 device(s) connected
2017-05-31 10:39:04:624 - info: [debug] [ADB] Running 'D:\SoftWare\SDK\platform-tools\adb.exe' with args: ["-P",5037,"-s","85GBBMA2353T","shell","dumpsys","window","windows"]
2017-05-31 10:39:04:683 - info: [debug] [ADB] Found package: 'com.play.android' and fully qualified activity name : 'com.play.android.activity.main.HomeActivity'
2017-05-31 10:39:04:683 - info: [debug] [ADB] Incorrect package and activity. Retrying.
2017-05-31 10:39:05:435 - info: [debug] [ADB] Getting focused package and activity
2017-05-31 10:39:05:436 - info: [debug] [ADB] Getting connected devices...
2017-05-31 10:39:05:475 - info: [debug] [ADB] 1 device(s) connected
2017-05-31 10:39:05:476 - info: [debug] [ADB] Running 'D:\SoftWare\SDK\platform-tools\adb.exe' with args: ["-P",5037,"-s","85GBBMA2353T","shell","dumpsys","window","windows"]
2017-05-31 10:39:05:538 - info: [debug] [ADB] Found package: 'com.play.android' and fully qualified activity name : 'com.play.android.activity.main.HomeActivity'
2017-05-31 10:39:05:538 - info: [debug] [ADB] Incorrect package and activity. Retrying.
2017-05-31 10:39:06:340 - error: [ADB] Error: com.play.android.activity.SplashActivity or com.play.android.com.play.android.activity.SplashActivity never started
    at Object.wrappedLogger.errorAndThrow (../../lib/logging.js:63:13)
    at ADB.callee$0$0$ (../../../lib/tools/apk-utils.js:153:7)
    at tryCatch (D:\MyProgram\nodejs\node_modules\appium\node_modules\babel-runtime\regenerator\runtime.js:67:40)
    at GeneratorFunctionPrototype.invoke [as _invoke] (D:\MyProgram\nodejs\node_modules\appium\node_modules\babel-runtime\regenerator\runtime.js:315:22)
    at GeneratorFunctionPrototype.prototype.(anonymous function) [as next] (D:\MyProgram\nodejs\node_modules\appium\node_modules\babel-runtime\regenerator\runtime.js:100:21)
    at GeneratorFunctionPrototype.invoke (D:\MyProgram\nodejs\node_modules\appium\node_modules\babel-runtime\regenerator\runtime.js:136:37)
 Error: com.play.android.activity.SplashActivity or com.play.android.com.play.android.activity.SplashActivity never started
    at Object.wrappedLogger.errorAndThrow (../../lib/logging.js:63:13)
    at ADB.callee$0$0$ (../../../lib/tools/apk-utils.js:153:7)
    at tryCatch (D:\MyProgram\nodejs\node_modules\appium\node_modules\babel-runtime\regenerator\runtime.js:67:40)
    at GeneratorFunctionPrototype.invoke [as _invoke] (D:\MyProgram\nodejs\node_modules\appium\node_modules\babel-runtime\regenerator\runtime.js:315:22)
    at GeneratorFunctionPrototype.prototype.(anonymous function) [as next] (D:\MyProgram\nodejs\node_modules\appium\node_modules\babel-runtime\regenerator\runtime.js:100:21)
    at GeneratorFunctionPrototype.invoke (D:\MyProgram\nodejs\node_modules\appium\node_modules\babel-runtime\regenerator\runtime.js:136:37)
2017-05-31 10:39:06:344 - error: [ADB] Error: Error occured while starting App. Original error: com.play.android.activity.SplashActivity or com.play.android.com.play.android.activity.SplashActivity never started
    at Object.wrappedLogger.errorAndThrow (../../lib/logging.js:63:13)
    at ADB.callee$0$0$ (../../../lib/tools/apk-utils.js:79:9)
    at tryCatch (D:\MyProgram\nodejs\node_modules\appium\node_modules\babel-runtime\regenerator\runtime.js:67:40)
    at GeneratorFunctionPrototype.invoke [as _invoke] (D:\MyProgram\nodejs\node_modules\appium\node_modules\babel-runtime\regenerator\runtime.js:315:22)
    at GeneratorFunctionPrototype.prototype.(anonymous function) [as throw] (D:\MyProgram\nodejs\node_modules\appium\node_modules\babel-runtime\regenerator\runtime.js:100:21)
    at GeneratorFunctionPrototype.invoke (D:\MyProgram\nodejs\node_modules\appium\node_modules\babel-runtime\regenerator\runtime.js:136:37)
 Error: Error occured while starting App. Original error: com.play.android.activity.SplashActivity or com.play.android.com.play.android.activity.SplashActivity never started
    at Object.wrappedLogger.errorAndThrow (../../lib/logging.js:63:13)
    at ADB.callee$0$0$ (../../../lib/tools/apk-utils.js:79:9)
    at tryCatch (D:\MyProgram\nodejs\node_modules\appium\node_modules\babel-runtime\regenerator\runtime.js:67:40)
    at GeneratorFunctionPrototype.invoke [as _invoke] (D:\MyProgram\nodejs\node_modules\appium\node_modules\babel-runtime\regenerator\runtime.js:315:22)
    at GeneratorFunctionPrototype.prototype.(anonymous function) [as throw] (D:\MyProgram\nodejs\node_modules\appium\node_modules\babel-runtime\regenerator\runtime.js:100:21)
    at GeneratorFunctionPrototype.invoke (D:\MyProgram\nodejs\node_modules\appium\node_modules\babel-runtime\regenerator\runtime.js:136:37)
2017-05-31 10:39:06:345 - info: [debug] [AndroidDriver] Shutting down Android driver
2017-05-31 10:39:06:347 - info: [debug] [AndroidDriver] Resetting IME to com.iflytek.inputmethod/.FlyIME
2017-05-31 10:39:06:347 - info: [debug] [ADB] Getting connected devices...
2017-05-31 10:39:06:374 - info: [debug] [ADB] 1 device(s) connected
2017-05-31 10:39:06:375 - info: [debug] [ADB] Running 'D:\SoftWare\SDK\platform-tools\adb.exe' with args: ["-P",5037,"-s","85GBBMA2353T","shell","ime","set","com.iflytek.inputmethod/.FlyIME"]
2017-05-31 10:39:07:230 - info: [debug] [ADB] Getting connected devices...
2017-05-31 10:39:07:271 - info: [debug] [ADB] 1 device(s) connected
2017-05-31 10:39:07:271 - info: [debug] [ADB] Running 'D:\SoftWare\SDK\platform-tools\adb.exe' with args: ["-P",5037,"-s","85GBBMA2353T","shell","am","force-stop","com.play.android"]
2017-05-31 10:39:08:134 - info: [debug] [ADB] Pressing the HOME button
2017-05-31 10:39:08:135 - info: [debug] [ADB] Getting connected devices...
2017-05-31 10:39:08:169 - info: [debug] [ADB] 1 device(s) connected
2017-05-31 10:39:08:170 - info: [debug] [ADB] Running 'D:\SoftWare\SDK\platform-tools\adb.exe' with args: ["-P",5037,"-s","85GBBMA2353T","shell","input","keyevent",3]
2017-05-31 10:39:09:022 - info: [debug] [AndroidBootstrap] Sending command to android: {"cmd":"shutdown"}
2017-05-31 10:39:09:029 - info: [AndroidBootstrap] [BOOTSTRAP LOG] [debug] Got data from client: {"cmd":"shutdown"}
2017-05-31 10:39:09:030 - info: [AndroidBootstrap] [BOOTSTRAP LOG] [debug] Got command of type SHUTDOWN
2017-05-31 10:39:09:034 - info: [AndroidBootstrap] [BOOTSTRAP LOG] [debug] Returning result: {"status":0,"value":"OK, shutting down"}
2017-05-31 10:39:09:034 - info: [debug] [AndroidBootstrap] [UIAUTO STDOUT] [CDS]close[4724]
2017-05-31 10:39:09:034 - info: [AndroidBootstrap] [BOOTSTRAP LOG] [debug] Closed client connection
2017-05-31 10:39:09:035 - info: [debug] [AndroidBootstrap] [UIAUTO STDOUT] INSTRUMENTATION_STATUS: numtests=1
2017-05-31 10:39:09:035 - info: [debug] [AndroidBootstrap] [UIAUTO STDOUT] INSTRUMENTATION_STATUS: stream=.
2017-05-31 10:39:09:036 - info: [debug] [AndroidBootstrap] [UIAUTO STDOUT] INSTRUMENTATION_STATUS: id=UiAutomatorTestRunner
2017-05-31 10:39:09:036 - info: [debug] [AndroidBootstrap] [UIAUTO STDOUT] INSTRUMENTATION_STATUS: test=testRunServer
2017-05-31 10:39:09:037 - info: [debug] [AndroidBootstrap] [UIAUTO STDOUT] INSTRUMENTATION_STATUS: class=io.appium.android.bootstrap.Bootstrap
2017-05-31 10:39:09:037 - info: [debug] [AndroidBootstrap] [UIAUTO STDOUT] INSTRUMENTATION_STATUS: current=1
2017-05-31 10:39:09:038 - info: [debug] [AndroidBootstrap] [UIAUTO STDOUT] INSTRUMENTATION_STATUS_CODE: 0
2017-05-31 10:39:09:040 - info: [debug] [AndroidBootstrap] Received command result from bootstrap
2017-05-31 10:39:09:042 - info: [debug] [UiAutomator] Shutting down UiAutomator
2017-05-31 10:39:09:043 - info: [debug] [UiAutomator] Moving to state 'stopping'
2017-05-31 10:39:09:047 - info: [debug] [AndroidBootstrap] [UIAUTO STDOUT] INSTRUMENTATION_STATUS: stream=
2017-05-31 10:39:09:047 - info: [debug] [AndroidBootstrap] [UIAUTO STDOUT] Test results for WatcherResultPrinter=.
2017-05-31 10:39:09:048 - info: [debug] [AndroidBootstrap] [UIAUTO STDOUT] Time: 26.044
2017-05-31 10:39:09:048 - info: [debug] [AndroidBootstrap] [UIAUTO STDOUT] OK (1 test)
2017-05-31 10:39:09:049 - info: [debug] [AndroidBootstrap] [UIAUTO STDOUT] INSTRUMENTATION_STATUS_CODE: -1
2017-05-31 10:39:09:056 - info: [debug] [UiAutomator] UiAutomator shut down normally
2017-05-31 10:39:09:056 - info: [debug] [UiAutomator] Moving to state 'stopped'
2017-05-31 10:39:09:057 - info: [debug] [ADB] Attempting to kill all uiautomator processes
2017-05-31 10:39:09:058 - info: [debug] [ADB] Getting all processes with uiautomator
2017-05-31 10:39:09:058 - info: [debug] [ADB] Getting connected devices...
2017-05-31 10:39:09:087 - info: [debug] [ADB] 1 device(s) connected
2017-05-31 10:39:09:088 - info: [debug] [ADB] Running 'D:\SoftWare\SDK\platform-tools\adb.exe' with args: ["-P",5037,"-s","85GBBMA2353T","shell","ps"]
2017-05-31 10:39:09:167 - info: [ADB] No uiautomator process found to kill, continuing...
2017-05-31 10:39:09:167 - info: [debug] [UiAutomator] Moving to state 'stopped'
2017-05-31 10:39:09:168 - info: [debug] [Logcat] Stopping logcat capture
2017-05-31 10:39:09:173 - info: [debug] [ADB] Getting connected devices...
2017-05-31 10:39:09:196 - info: [debug] [ADB] 1 device(s) connected
2017-05-31 10:39:09:196 - info: [debug] [ADB] Running 'D:\SoftWare\SDK\platform-tools\adb.exe' with args: ["-P",5037,"-s","85GBBMA2353T","shell","am","force-stop","io.appium.unlock"]
2017-05-31 10:39:09:800 - info: [debug] [AndroidDriver] Not cleaning generated files. Add `clearSystemFiles` capability if wanted.
2017-05-31 10:39:09:802 - error: [MJSONWP] Encountered internal error running command: Error: Error occured while starting App. Original error: com.play.android.activity.SplashActivity or com.play.android.com.play.android.activity.SplashActivity never started
    at Object.wrappedLogger.errorAndThrow (../../lib/logging.js:63:13)
    at ADB.callee$0$0$ (../../../lib/tools/apk-utils.js:79:9)
    at tryCatch (D:\MyProgram\nodejs\node_modules\appium\node_modules\babel-runtime\regenerator\runtime.js:67:40)
    at GeneratorFunctionPrototype.invoke [as _invoke] (D:\MyProgram\nodejs\node_modules\appium\node_modules\babel-runtime\regenerator\runtime.js:315:22)
    at GeneratorFunctionPrototype.prototype.(anonymous function) [as throw] (D:\MyProgram\nodejs\node_modules\appium\node_modules\babel-runtime\regenerator\runtime.js:100:21)
    at GeneratorFunctionPrototype.invoke (D:\MyProgram\nodejs\node_modules\appium\node_modules\babel-runtime\regenerator\runtime.js:136:37)
2017-05-31 10:39:09:808 - info: [HTTP] <-- POST /wd/hub/session 500 60983 ms - 302 
