2017-06-01 06:56:31:103 - info: [Appium] Welcome to Appium v1.6.5
2017-06-01 06:56:31:106 - info: [Appium] Non-default server args:
2017-06-01 06:56:31:107 - info: [Appium]   address: 127.0.0.1
2017-06-01 06:56:31:107 - info: [Appium]   log: D:\workSpace\EclipseProjects\AppiumForEclipse\log\1496300185011.log
2017-06-01 06:56:31:181 - info: [Appium] Appium REST http interface listener started on 127.0.0.1:4723
2017-06-01 06:56:31:227 - info: [HTTP] --> GET /wd/hub/status {}
2017-06-01 06:56:31:230 - info: [debug] [MJSONWP] Calling AppiumDriver.getStatus() with args: []
2017-06-01 06:56:31:272 - info: [debug] [MJSONWP] Responding to client with driver.getStatus() result: {"build":{"version":"1.6.5","revision":null}}
2017-06-01 06:56:31:280 - info: [HTTP] <-- GET /wd/hub/status 200 49 ms - 83 
2017-06-01 06:56:31:283 - info: [HTTP] --> GET /wd/hub/status {}
2017-06-01 06:56:31:284 - info: [debug] [MJSONWP] Calling AppiumDriver.getStatus() with args: []
2017-06-01 06:56:31:322 - info: [debug] [MJSONWP] Responding to client with driver.getStatus() result: {"build":{"version":"1.6.5","revision":null}}
2017-06-01 06:56:31:324 - info: [HTTP] <-- GET /wd/hub/status 200 40 ms - 83 
2017-06-01 06:56:31:952 - info: [HTTP] --> POST /wd/hub/session {"desiredCapabilities":{"appPackage":"com.play.android","appActivity":"com.play.android.activity.SplashActivity","app":"D:\\workSpace\\EclipseProjects\\AppiumForEclipse\\apps\\play-debug.apk","noSign":"True","browserName":"","unicodeKeyboard":"True","platformName":"Android","deviceName":"85GBBMA2353T","resetKeyboard":"True"}}
2017-06-01 06:56:31:952 - info: [debug] [MJSONWP] Calling AppiumDriver.createSession() with args: [{"appPackage":"com.play.android","appActivity":"com.play.android.activity.SplashActivity","app":"D:\\workSpace\\EclipseProjects\\AppiumForEclipse\\apps\\play-debug.apk","noSign":"True","browserName":"","unicodeKeyboard":"True","platformName":"Android","deviceName":"85GBBMA2353T","resetKeyboard":"True"},null,null]
2017-06-01 06:56:31:952 - info: [debug] [BaseDriver] Event 'newSessionRequested' logged at 1496300191952 (14:56:31 GMT+0800 (中国标准时间))
2017-06-01 06:56:31:952 - info: [Appium] Creating new AndroidDriver (v1.20.0) session
2017-06-01 06:56:31:952 - info: [Appium] Capabilities:
2017-06-01 06:56:31:952 - info: [Appium]   appPackage: 'com.play.android'
2017-06-01 06:56:31:952 - info: [Appium]   appActivity: 'com.play.android.activity.SplashActivity'
2017-06-01 06:56:31:952 - info: [Appium]   app: 'D:\\workSpace\\EclipseProjects\\AppiumForEclipse\\apps\\play-debug.apk'
2017-06-01 06:56:31:952 - info: [Appium]   noSign: 'True'
2017-06-01 06:56:31:952 - info: [Appium]   browserName: ''
2017-06-01 06:56:31:952 - info: [Appium]   unicodeKeyboard: 'True'
2017-06-01 06:56:31:952 - info: [Appium]   platformName: 'Android'
2017-06-01 06:56:31:952 - info: [Appium]   deviceName: '85GBBMA2353T'
2017-06-01 06:56:31:952 - info: [Appium]   resetKeyboard: 'True'
2017-06-01 06:56:31:952 - info: [debug] [AndroidDriver] AndroidDriver version: 1.20.0
2017-06-01 06:56:31:967 - warn: [BaseDriver] Capability 'unicodeKeyboard' changed from string to boolean. This may cause unexpected behavior
2017-06-01 06:56:31:967 - warn: [BaseDriver] Capability 'resetKeyboard' changed from string to boolean. This may cause unexpected behavior
2017-06-01 06:56:31:967 - warn: [BaseDriver] Capability 'noSign' changed from string to boolean. This may cause unexpected behavior
2017-06-01 06:56:31:967 - info: [BaseDriver] Session created with session id: 8d58003b-1484-4faf-bd87-ed6c46fe8dc6
2017-06-01 06:56:31:967 - info: [debug] [AndroidDriver] Getting Java version
2017-06-01 06:56:32:097 - info: [AndroidDriver] Java version is: 1.8.0_121
2017-06-01 06:56:32:097 - info: [ADB] Checking whether adb is present
2017-06-01 06:56:32:097 - info: [ADB] Using adb.exe from D:\SoftWare\SDK\platform-tools\adb.exe
2017-06-01 06:56:32:097 - info: [AndroidDriver] Retrieving device list
2017-06-01 06:56:32:097 - info: [debug] [ADB] Trying to find a connected android device
2017-06-01 06:56:32:113 - info: [debug] [ADB] Getting connected devices...
2017-06-01 06:56:32:128 - info: [debug] [ADB] 0 device(s) connected
2017-06-01 06:56:32:128 - info: [debug] [ADB] Could not find devices, restarting adb server...
2017-06-01 06:56:32:128 - info: [debug] [ADB] Restarting adb
2017-06-01 06:56:32:364 - info: [debug] [ADB] Getting connected devices...
2017-06-01 06:56:36:483 - info: [debug] [ADB] 0 device(s) connected
2017-06-01 06:56:36:483 - info: [debug] [ADB] Could not find devices, restarting adb server...
2017-06-01 06:56:36:483 - info: [debug] [ADB] Restarting adb
2017-06-01 06:56:36:749 - info: [debug] [ADB] Getting connected devices...
2017-06-01 06:56:40:840 - info: [debug] [ADB] 0 device(s) connected
2017-06-01 06:56:40:840 - info: [debug] [ADB] Could not find devices, restarting adb server...
2017-06-01 06:56:40:840 - info: [debug] [ADB] Restarting adb
2017-06-01 06:56:41:106 - info: [debug] [ADB] Getting connected devices...
2017-06-01 06:56:45:178 - info: [debug] [ADB] 0 device(s) connected
2017-06-01 06:56:45:178 - info: [debug] [ADB] Could not find devices, restarting adb server...
2017-06-01 06:56:45:194 - info: [debug] [ADB] Restarting adb
2017-06-01 06:56:45:444 - info: [debug] [ADB] Getting connected devices...
2017-06-01 06:56:49:564 - info: [debug] [ADB] 0 device(s) connected
2017-06-01 06:56:49:564 - info: [debug] [ADB] Could not find devices, restarting adb server...
2017-06-01 06:56:49:579 - info: [debug] [ADB] Restarting adb
2017-06-01 06:56:49:815 - info: [debug] [ADB] Getting connected devices...
2017-06-01 06:56:53:923 - info: [debug] [ADB] 0 device(s) connected
2017-06-01 06:56:53:923 - info: [debug] [ADB] Could not find devices, restarting adb server...
2017-06-01 06:56:53:923 - info: [debug] [ADB] Restarting adb
2017-06-01 06:56:54:189 - info: [debug] [ADB] Could not find devices, restarting adb server...
2017-06-01 06:56:54:189 - info: [debug] [ADB] Restarting adb
2017-06-01 06:56:55:470 - info: [debug] [ADB] Could not find devices, restarting adb server...
2017-06-01 06:56:55:470 - info: [debug] [ADB] Restarting adb
2017-06-01 06:56:56:753 - info: [debug] [ADB] Could not find devices, restarting adb server...
2017-06-01 06:56:56:753 - info: [debug] [ADB] Restarting adb
2017-06-01 06:56:58:017 - info: [debug] [ADB] Could not find devices, restarting adb server...
2017-06-01 06:56:58:017 - info: [debug] [ADB] Restarting adb
2017-06-01 06:56:59:299 - info: [debug] [ADB] Could not find devices, restarting adb server...
2017-06-01 06:56:59:299 - info: [debug] [ADB] Restarting adb
2017-06-01 06:57:00:563 - info: [debug] [ADB] Could not find devices, restarting adb server...
2017-06-01 06:57:00:563 - info: [debug] [ADB] Restarting adb
2017-06-01 06:57:01:344 - info: [debug] [AndroidDriver] Shutting down Android driver
2017-06-01 06:57:01:344 - info: [debug] [AndroidDriver] Called deleteSession but bootstrap wasn't active
2017-06-01 06:57:01:391 - error: [MJSONWP] Encountered internal error running command: Error: Could not find a connected Android device.
    at ADB.getDevices$ (../../../lib/tools/system-calls.js:132:13)
    at tryCatch (D:\MyProgram\nodejs\node_modules\appium\node_modules\babel-runtime\regenerator\runtime.js:67:40)
    at GeneratorFunctionPrototype.invoke [as _invoke] (D:\MyProgram\nodejs\node_modules\appium\node_modules\babel-runtime\regenerator\runtime.js:315:22)
    at GeneratorFunctionPrototype.prototype.(anonymous function) [as next] (D:\MyProgram\nodejs\node_modules\appium\node_modules\babel-runtime\regenerator\runtime.js:100:21)
    at invoke (D:\MyProgram\nodejs\node_modules\appium\node_modules\babel-runtime\regenerator\runtime.js:136:37)
    at enqueueResult (D:\MyProgram\nodejs\node_modules\appium\node_modules\babel-runtime\regenerator\runtime.js:185:17)
    at Promise.F (D:\MyProgram\nodejs\node_modules\appium\node_modules\core-js\library\modules\$.export.js:30:36)
    at AsyncIterator.enqueue (D:\MyProgram\nodejs\node_modules\appium\node_modules\babel-runtime\regenerator\runtime.js:184:12)
    at AsyncIterator.prototype.(anonymous function) [as next] (D:\MyProgram\nodejs\node_modules\appium\node_modules\babel-runtime\regenerator\runtime.js:100:21)
    at Object.runtime.async (D:\MyProgram\nodejs\node_modules\appium\node_modules\babel-runtime\regenerator\runtime.js:209:12)
    at getDevices (../../../lib/tools/system-calls.js:135:18)
    at ADB.getDevices$ (../../../lib/tools/system-calls.js:149:20)
    at tryCatch (D:\MyProgram\nodejs\node_modules\appium\node_modules\babel-runtime\regenerator\runtime.js:67:40)
    at GeneratorFunctionPrototype.invoke [as _invoke] (D:\MyProgram\nodejs\node_modules\appium\node_modules\babel-runtime\regenerator\runtime.js:315:22)
    at GeneratorFunctionPrototype.prototype.(anonymous function) [as next] (D:\MyProgram\nodejs\node_modules\appium\node_modules\babel-runtime\regenerator\runtime.js:100:21)
    at GeneratorFunctionPrototype.invoke (D:\MyProgram\nodejs\node_modules\appium\node_modules\babel-runtime\regenerator\runtime.js:136:37)
2017-06-01 06:57:01:406 - info: [HTTP] <-- POST /wd/hub/session 500 29445 ms - 179 
