2017-05-31 07:15:54:274 - info: [Appium] Welcome to Appium v1.6.5
2017-05-31 07:15:54:274 - info: [Appium] Non-default server args:
2017-05-31 07:15:54:274 - info: [Appium]   address: 127.0.0.1
2017-05-31 07:15:54:274 - info: [Appium]   log: D:\workSpace\EclipseProjects\AppiumForEclipse\log\1496214948168.log
2017-05-31 07:15:54:338 - info: [Appium] Appium REST http interface listener started on 127.0.0.1:4723
2017-05-31 07:15:54:978 - info: [HTTP] --> GET /wd/hub/status {}
2017-05-31 07:15:54:978 - info: [debug] [MJSONWP] Calling AppiumDriver.getStatus() with args: []
2017-05-31 07:15:55:036 - info: [debug] [MJSONWP] Responding to client with driver.getStatus() result: {"build":{"version":"1.6.5","revision":null}}
2017-05-31 07:15:55:042 - info: [HTTP] <-- GET /wd/hub/status 200 61 ms - 83 
2017-05-31 07:15:55:048 - info: [HTTP] --> GET /wd/hub/status {}
2017-05-31 07:15:55:048 - info: [debug] [MJSONWP] Calling AppiumDriver.getStatus() with args: []
2017-05-31 07:15:55:087 - info: [debug] [MJSONWP] Responding to client with driver.getStatus() result: {"build":{"version":"1.6.5","revision":null}}
2017-05-31 07:15:55:089 - info: [HTTP] <-- GET /wd/hub/status 200 41 ms - 83 
2017-05-31 07:15:55:707 - info: [HTTP] --> POST /wd/hub/session {"desiredCapabilities":{"appPackage":"com.play.android","appActivity":"com.play.android.activity.SplashActivity","app":"D:\\workSpace\\EclipseProjects\\AppiumForEclipse\\apps\\play.apk","noSign":"True","unicodeKeyboard":"True","platformName":"Android","deviceName":"022TAS7N51009853","resetKeyboard":"True"}}
2017-05-31 07:15:55:708 - info: [debug] [MJSONWP] Calling AppiumDriver.createSession() with args: [{"appPackage":"com.play.android","appActivity":"com.play.android.activity.SplashActivity","app":"D:\\workSpace\\EclipseProjects\\AppiumForEclipse\\apps\\play.apk","noSign":"True","unicodeKeyboard":"True","platformName":"Android","deviceName":"022TAS7N51009853","resetKeyboard":"True"},null,null]
2017-05-31 07:15:55:708 - info: [debug] [BaseDriver] Event 'newSessionRequested' logged at 1496214955708 (15:15:55 GMT+0800 (中国标准时间))
2017-05-31 07:15:55:711 - info: [Appium] Creating new AndroidDriver (v1.20.0) session
2017-05-31 07:15:55:711 - info: [Appium] Capabilities:
2017-05-31 07:15:55:714 - info: [Appium]   appPackage: 'com.play.android'
2017-05-31 07:15:55:714 - info: [Appium]   appActivity: 'com.play.android.activity.SplashActivity'
2017-05-31 07:15:55:714 - info: [Appium]   app: 'D:\\workSpace\\EclipseProjects\\AppiumForEclipse\\apps\\play.apk'
2017-05-31 07:15:55:714 - info: [Appium]   noSign: 'True'
2017-05-31 07:15:55:715 - info: [Appium]   unicodeKeyboard: 'True'
2017-05-31 07:15:55:715 - info: [Appium]   platformName: 'Android'
2017-05-31 07:15:55:715 - info: [Appium]   deviceName: '022TAS7N51009853'
2017-05-31 07:15:55:715 - info: [Appium]   resetKeyboard: 'True'
2017-05-31 07:15:55:717 - info: [debug] [AndroidDriver] AndroidDriver version: 1.20.0
2017-05-31 07:15:55:723 - warn: [BaseDriver] Capability 'unicodeKeyboard' changed from string to boolean. This may cause unexpected behavior
2017-05-31 07:15:55:723 - warn: [BaseDriver] Capability 'resetKeyboard' changed from string to boolean. This may cause unexpected behavior
2017-05-31 07:15:55:723 - warn: [BaseDriver] Capability 'noSign' changed from string to boolean. This may cause unexpected behavior
2017-05-31 07:15:55:734 - info: [BaseDriver] Session created with session id: d30cba38-dfa9-49c7-84cd-4b19bacf07f9
2017-05-31 07:15:55:738 - info: [debug] [AndroidDriver] Getting Java version
2017-05-31 07:15:55:848 - info: [AndroidDriver] Java version is: 1.8.0_121
2017-05-31 07:15:55:853 - info: [ADB] Checking whether adb is present
2017-05-31 07:15:55:855 - info: [ADB] Using adb.exe from D:\SoftWare\SDK\platform-tools\adb.exe
2017-05-31 07:15:55:856 - info: [AndroidDriver] Retrieving device list
2017-05-31 07:15:55:857 - info: [debug] [ADB] Trying to find a connected android device
2017-05-31 07:15:55:858 - info: [debug] [ADB] Getting connected devices...
2017-05-31 07:15:55:881 - info: [debug] [ADB] 1 device(s) connected
2017-05-31 07:15:55:881 - info: [AndroidDriver] Using device: 022TAS7N51009853
2017-05-31 07:15:55:882 - info: [ADB] Checking whether adb is present
2017-05-31 07:15:55:886 - info: [ADB] Using adb.exe from D:\SoftWare\SDK\platform-tools\adb.exe
2017-05-31 07:15:55:886 - info: [debug] [ADB] Setting device id to 022TAS7N51009853
2017-05-31 07:15:55:887 - info: [BaseDriver] Using local app 'D:\workSpace\EclipseProjects\AppiumForEclipse\apps\play.apk'
2017-05-31 07:15:55:888 - info: [debug] [AndroidDriver] Checking whether app is actually present
2017-05-31 07:15:55:889 - info: [AndroidDriver] Starting Android session
2017-05-31 07:15:55:893 - info: [debug] [ADB] Running 'D:\SoftWare\SDK\platform-tools\adb.exe' with args: ["-P",5037,"-s","022TAS7N51009853","wait-for-device"]
2017-05-31 07:15:55:920 - info: [debug] [ADB] Getting connected devices...
2017-05-31 07:15:55:946 - info: [debug] [ADB] 1 device(s) connected
2017-05-31 07:15:55:946 - info: [debug] [ADB] Running 'D:\SoftWare\SDK\platform-tools\adb.exe' with args: ["-P",5037,"-s","022TAS7N51009853","shell","echo","ping"]
2017-05-31 07:15:55:987 - info: [debug] [Logcat] Starting logcat capture
2017-05-31 07:15:56:022 - info: [debug] [AndroidDriver] Enabling Unicode keyboard support
2017-05-31 07:15:56:023 - info: [debug] [AndroidDriver] Pushing unicode ime to device...
2017-05-31 07:15:56:023 - info: [debug] [ADB] Running 'D:\SoftWare\SDK\platform-tools\adb.exe' with args: ["-P",5037,"-s","022TAS7N51009853","install","D:\\MyProgram\\nodejs\\node_modules\\appium\\node_modules\\appium-android-ime\\bin\\UnicodeIME-debug.apk"]
2017-05-31 07:15:57:348 - info: [debug] [ADB] Getting connected devices...
2017-05-31 07:15:57:394 - info: [debug] [ADB] 1 device(s) connected
2017-05-31 07:15:57:395 - info: [debug] [ADB] Running 'D:\SoftWare\SDK\platform-tools\adb.exe' with args: ["-P",5037,"-s","022TAS7N51009853","shell","settings","get","secure","default_input_method"]
2017-05-31 07:15:58:416 - info: [debug] [AndroidDriver] Unsetting previous IME io.appium.android.ime/.UnicodeIME
2017-05-31 07:15:58:417 - info: [debug] [AndroidDriver] Setting IME to 'io.appium.android.ime/.UnicodeIME'
2017-05-31 07:15:58:417 - info: [debug] [ADB] Getting connected devices...
2017-05-31 07:15:58:442 - info: [debug] [ADB] 1 device(s) connected
2017-05-31 07:15:58:443 - info: [debug] [ADB] Running 'D:\SoftWare\SDK\platform-tools\adb.exe' with args: ["-P",5037,"-s","022TAS7N51009853","shell","ime","enable","io.appium.android.ime/.UnicodeIME"]
2017-05-31 07:15:59:233 - info: [debug] [ADB] Getting connected devices...
2017-05-31 07:15:59:272 - info: [debug] [ADB] 1 device(s) connected
2017-05-31 07:15:59:273 - info: [debug] [ADB] Running 'D:\SoftWare\SDK\platform-tools\adb.exe' with args: ["-P",5037,"-s","022TAS7N51009853","shell","ime","set","io.appium.android.ime/.UnicodeIME"]
2017-05-31 07:16:00:299 - info: [debug] [AndroidDriver] Pushing settings apk to device...
2017-05-31 07:16:00:302 - info: [debug] [ADB] Getting install status for io.appium.settings
2017-05-31 07:16:00:304 - info: [debug] [ADB] Getting connected devices...
2017-05-31 07:16:00:342 - info: [debug] [ADB] 1 device(s) connected
2017-05-31 07:16:00:343 - info: [debug] [ADB] Running 'D:\SoftWare\SDK\platform-tools\adb.exe' with args: ["-P",5037,"-s","022TAS7N51009853","shell","pm","list","packages","io.appium.settings"]
2017-05-31 07:16:01:218 - info: [debug] [ADB] App is installed
2017-05-31 07:16:01:221 - info: [debug] [ADB] Getting package info for io.appium.settings
2017-05-31 07:16:01:221 - info: [debug] [ADB] Getting connected devices...
2017-05-31 07:16:01:251 - info: [ADB] Checking whether aapt is present
2017-05-31 07:16:01:256 - info: [ADB] Using aapt.exe from D:\SoftWare\SDK\build-tools\24.0.3\aapt.exe
2017-05-31 07:16:01:269 - info: [debug] [ADB] 1 device(s) connected
2017-05-31 07:16:01:270 - info: [debug] [ADB] Running 'D:\SoftWare\SDK\platform-tools\adb.exe' with args: ["-P",5037,"-s","022TAS7N51009853","shell","dumpsys","package","io.appium.settings"]
2017-05-31 07:16:01:280 - warn: [ADB] Cannot read version codes of D:\MyProgram\nodejs\node_modules\appium\node_modules\io.appium.settings\app\build\outputs\apk\settings_apk-debug.apk and/or io.appium.settings. Assuming correct app version is already installed
2017-05-31 07:16:01:282 - info: [debug] [ADB] Getting connected devices...
2017-05-31 07:16:01:308 - info: [debug] [ADB] 1 device(s) connected
2017-05-31 07:16:01:310 - info: [debug] [ADB] Running 'D:\SoftWare\SDK\platform-tools\adb.exe' with args: ["-P",5037,"-s","022TAS7N51009853","shell","getprop","ro.build.version.sdk"]
2017-05-31 07:16:01:349 - info: [debug] [ADB] Device API level: 19
2017-05-31 07:16:01:349 - info: [debug] [ADB] Getting connected devices...
2017-05-31 07:16:01:373 - info: [debug] [ADB] 1 device(s) connected
2017-05-31 07:16:01:373 - info: [debug] [ADB] Running 'D:\SoftWare\SDK\platform-tools\adb.exe' with args: ["-P",5037,"-s","022TAS7N51009853","shell","dumpsys","package","io.appium.settings"]
2017-05-31 07:16:01:460 - info: [debug] [AndroidDriver] Pushing unlock helper app to device...
2017-05-31 07:16:01:461 - info: [debug] [ADB] Running 'D:\SoftWare\SDK\platform-tools\adb.exe' with args: ["-P",5037,"-s","022TAS7N51009853","install","D:\\MyProgram\\nodejs\\node_modules\\appium\\node_modules\\appium-unlock\\bin\\unlock_apk-debug.apk"]
2017-05-31 07:16:02:730 - info: [debug] [ADB] Device API level: 19
2017-05-31 07:16:02:733 - info: [debug] [ADB] Getting connected devices...
2017-05-31 07:16:02:771 - info: [debug] [ADB] 1 device(s) connected
2017-05-31 07:16:02:771 - info: [debug] [ADB] Running 'D:\SoftWare\SDK\platform-tools\adb.exe' with args: ["-P",5037,"-s","022TAS7N51009853","shell","settings","put","secure","mock_location","1"]
2017-05-31 07:16:03:756 - info: [ADB] Getting device platform version
2017-05-31 07:16:03:757 - info: [debug] [ADB] Getting connected devices...
2017-05-31 07:16:03:791 - info: [debug] [ADB] 1 device(s) connected
2017-05-31 07:16:03:792 - info: [debug] [ADB] Running 'D:\SoftWare\SDK\platform-tools\adb.exe' with args: ["-P",5037,"-s","022TAS7N51009853","shell","getprop","ro.build.version.release"]
2017-05-31 07:16:03:836 - info: [debug] [ADB] Getting connected devices...
2017-05-31 07:16:03:860 - info: [debug] [ADB] 1 device(s) connected
2017-05-31 07:16:03:861 - info: [debug] [ADB] Running 'D:\SoftWare\SDK\platform-tools\adb.exe' with args: ["-P",5037,"-s","022TAS7N51009853","shell","wm","size"]
2017-05-31 07:16:04:738 - info: [debug] [ADB] Getting connected devices...
2017-05-31 07:16:04:778 - info: [debug] [ADB] 1 device(s) connected
2017-05-31 07:16:04:779 - info: [debug] [ADB] Running 'D:\SoftWare\SDK\platform-tools\adb.exe' with args: ["-P",5037,"-s","022TAS7N51009853","shell","getprop","ro.product.model"]
2017-05-31 07:16:04:821 - info: [debug] [ADB] Current device property 'ro.product.model': HUAWEI P6 S-U06
2017-05-31 07:16:04:822 - info: [debug] [ADB] Getting connected devices...
2017-05-31 07:16:04:848 - info: [debug] [ADB] 1 device(s) connected
2017-05-31 07:16:04:848 - info: [debug] [ADB] Running 'D:\SoftWare\SDK\platform-tools\adb.exe' with args: ["-P",5037,"-s","022TAS7N51009853","shell","getprop","ro.product.manufacturer"]
2017-05-31 07:16:04:906 - info: [debug] [ADB] Current device property 'ro.product.manufacturer': HUAWEI
2017-05-31 07:16:05:040 - info: [AndroidDriver] Remote apk path is /data/local/tmp/42e2f15827830994ee5f75a4ff734348.apk
2017-05-31 07:16:05:041 - info: [debug] [ADB] Getting connected devices...
2017-05-31 07:16:05:065 - info: [debug] [ADB] 1 device(s) connected
2017-05-31 07:16:05:065 - info: [debug] [ADB] Running 'D:\SoftWare\SDK\platform-tools\adb.exe' with args: ["-P",5037,"-s","022TAS7N51009853","shell","ls","/data/local/tmp/42e2f15827830994ee5f75a4ff734348.apk"]
2017-05-31 07:16:05:120 - info: [debug] [AndroidDriver] Checking if app is installed
2017-05-31 07:16:05:120 - info: [debug] [ADB] Getting install status for com.play.android
2017-05-31 07:16:05:121 - info: [debug] [ADB] Getting connected devices...
2017-05-31 07:16:05:144 - info: [debug] [ADB] 1 device(s) connected
2017-05-31 07:16:05:144 - info: [debug] [ADB] Running 'D:\SoftWare\SDK\platform-tools\adb.exe' with args: ["-P",5037,"-s","022TAS7N51009853","shell","pm","list","packages","com.play.android"]
2017-05-31 07:16:06:148 - info: [debug] [ADB] App is installed
2017-05-31 07:16:06:149 - info: [AndroidDriver] Apk is already on remote and installed, resetting
2017-05-31 07:16:06:151 - info: [debug] [AndroidDriver] Running fast reset (stop and clear)
2017-05-31 07:16:06:153 - info: [debug] [ADB] Getting connected devices...
2017-05-31 07:16:06:188 - info: [debug] [ADB] 1 device(s) connected
2017-05-31 07:16:06:189 - info: [debug] [ADB] Running 'D:\SoftWare\SDK\platform-tools\adb.exe' with args: ["-P",5037,"-s","022TAS7N51009853","shell","am","force-stop","com.play.android"]
2017-05-31 07:16:07:233 - info: [debug] [ADB] Getting connected devices...
2017-05-31 07:16:07:268 - info: [debug] [ADB] 1 device(s) connected
2017-05-31 07:16:07:269 - info: [debug] [ADB] Running 'D:\SoftWare\SDK\platform-tools\adb.exe' with args: ["-P",5037,"-s","022TAS7N51009853","shell","pm","clear","com.play.android"]
2017-05-31 07:16:08:324 - info: [debug] [AndroidDriver] Extracting strings from apk D:\workSpace\EclipseProjects\AppiumForEclipse\apps\play.apk null C:\Users\ADMINI~1\AppData\Local\Temp\com.play.android
2017-05-31 07:16:08:327 - info: [debug] [ADB] Extracting strings for language: default
2017-05-31 07:16:08:328 - info: [debug] [ADB] Device API level: 19
2017-05-31 07:16:08:329 - info: [debug] [ADB] Getting connected devices...
2017-05-31 07:16:08:377 - info: [debug] [ADB] 1 device(s) connected
2017-05-31 07:16:08:378 - info: [debug] [ADB] Running 'D:\SoftWare\SDK\platform-tools\adb.exe' with args: ["-P",5037,"-s","022TAS7N51009853","shell","getprop","persist.sys.language"]
2017-05-31 07:16:08:419 - info: [debug] [ADB] Current device property 'persist.sys.language': zh
2017-05-31 07:16:09:539 - info: [debug] [ADB] Reading strings from converted strings.json
2017-05-31 07:16:09:543 - info: [debug] [ADB] Running 'D:\SoftWare\SDK\platform-tools\adb.exe' with args: ["-P",5037,"-s","022TAS7N51009853","push","C:\\Users\\ADMINI~1\\AppData\\Local\\Temp\\com.play.android\\strings.json","/data/local/tmp"]
2017-05-31 07:16:09:588 - info: [debug] [AndroidBootstrap] Watching for bootstrap disconnect
2017-05-31 07:16:09:590 - info: [debug] [ADB] Forwarding system: 4724 to device: 4724
2017-05-31 07:16:09:591 - info: [debug] [ADB] Running 'D:\SoftWare\SDK\platform-tools\adb.exe' with args: ["-P",5037,"-s","022TAS7N51009853","forward","tcp:4724","tcp:4724"]
2017-05-31 07:16:09:599 - info: [debug] [UiAutomator] Starting UiAutomator
2017-05-31 07:16:09:599 - info: [debug] [UiAutomator] Moving to state 'starting'
2017-05-31 07:16:09:600 - info: [debug] [UiAutomator] Parsing uiautomator jar
2017-05-31 07:16:09:600 - info: [debug] [UiAutomator] Found jar name: 'AppiumBootstrap.jar'
2017-05-31 07:16:09:600 - info: [debug] [ADB] Running 'D:\SoftWare\SDK\platform-tools\adb.exe' with args: ["-P",5037,"-s","022TAS7N51009853","push","D:\\MyProgram\\nodejs\\node_modules\\appium\\node_modules\\appium-android-bootstrap\\bootstrap\\bin\\AppiumBootstrap.jar","/data/local/tmp/"]
2017-05-31 07:16:09:649 - info: [debug] [ADB] Attempting to kill all uiautomator processes
2017-05-31 07:16:09:650 - info: [debug] [ADB] Getting all processes with uiautomator
2017-05-31 07:16:09:650 - info: [debug] [ADB] Getting connected devices...
2017-05-31 07:16:09:675 - info: [debug] [ADB] 1 device(s) connected
2017-05-31 07:16:09:675 - info: [debug] [ADB] Running 'D:\SoftWare\SDK\platform-tools\adb.exe' with args: ["-P",5037,"-s","022TAS7N51009853","shell","ps"]
2017-05-31 07:16:09:849 - info: [ADB] No uiautomator process found to kill, continuing...
2017-05-31 07:16:09:849 - info: [debug] [UiAutomator] Starting UIAutomator
2017-05-31 07:16:09:850 - info: [debug] [ADB] Creating ADB subprocess with args: ["-P",5037,"-s","022TAS7N51009853","shell","uiautomator","runtest","AppiumBootstrap.jar","-c","io.appium.android.bootstrap.Bootstrap","-e","pkg","com.play.android","-e","disableAndroidWatchers",false,"-e","acceptSslCerts",false]
2017-05-31 07:16:10:738 - info: [debug] [UiAutomator] Moving to state 'online'
2017-05-31 07:16:10:748 - info: [AndroidBootstrap] Android bootstrap socket is now connected
2017-05-31 07:16:10:751 - info: [debug] [ADB] Getting connected devices...
2017-05-31 07:16:10:769 - info: [AndroidBootstrap] [BOOTSTRAP LOG] [debug] json loading complete.
2017-05-31 07:16:10:770 - info: [AndroidBootstrap] [BOOTSTRAP LOG] [debug] Registered crash watchers.
2017-05-31 07:16:10:772 - info: [AndroidBootstrap] [BOOTSTRAP LOG] [debug] Client connected
2017-05-31 07:16:10:792 - info: [debug] [ADB] 1 device(s) connected
2017-05-31 07:16:10:793 - info: [debug] [ADB] Running 'D:\SoftWare\SDK\platform-tools\adb.exe' with args: ["-P",5037,"-s","022TAS7N51009853","shell","dumpsys","window"]
2017-05-31 07:16:10:871 - info: [AndroidDriver] Screen already unlocked, doing nothing
2017-05-31 07:16:10:874 - info: [debug] [ADB] Device API level: 19
2017-05-31 07:16:10:874 - info: [debug] [ADB] Getting connected devices...
2017-05-31 07:16:10:906 - info: [debug] [ADB] 1 device(s) connected
2017-05-31 07:16:10:906 - info: [debug] [ADB] Running 'D:\SoftWare\SDK\platform-tools\adb.exe' with args: ["-P",5037,"-s","022TAS7N51009853","shell","am","start","-W","-n","com.play.android/com.play.android.activity.SplashActivity","-S","-a","android.intent.action.MAIN","-c","android.intent.category.LAUNCHER","-f","0x10200000"]
2017-05-31 07:16:19:150 - info: [Appium] New AndroidDriver session created successfully, session d30cba38-dfa9-49c7-84cd-4b19bacf07f9 added to master session list
2017-05-31 07:16:19:166 - info: [debug] [BaseDriver] Event 'newSessionStarted' logged at 1496214979166 (15:16:19 GMT+0800 (中国标准时间))
2017-05-31 07:16:19:166 - info: [debug] [MJSONWP] Responding to client with driver.createSession() result: {"platform":"LINUX","webStorageEnabled":false,"takesScreenshot":true,"javascriptEnabled":true,"databaseEnabled":false,"networkConnectionEnabled":true,"locationContextEnabled":false,"warnings":{},"desired":{"appPackage":"com.play.android","appActivity":"com.play.android.activity.SplashActivity","app":"D:\\workSpace\\EclipseProjects\\AppiumForEclipse\\apps\\play.apk","noSign":true,"unicodeKeyboard":true,"platformName":"Android","deviceName":"022TAS7N51009853","resetKeyboard":true},"appPackage":"com.play.android","appActivity":"com.play.android.activity.SplashActivity","app":"D:\\workSpace\\EclipseProjects\\AppiumForEclipse\\apps\\play.apk","noSign":true,"unicodeKeyboard":true,"platformName":"Android","deviceName":"022TAS7N51009853","resetKeyboard":true,"deviceUDID":"022TAS7N51009853","platformVersion":"4.4.2","deviceScreenSize":"720x1280","deviceModel":"HUAWEI P6 S-U06","deviceManufacturer":"HUAWEI"}
2017-05-31 07:16:19:166 - info: [HTTP] <-- POST /wd/hub/session 200 23462 ms - 983 
2017-05-31 07:16:21:040 - info: [HTTP] --> POST /wd/hub/session/d30cba38-dfa9-49c7-84cd-4b19bacf07f9/timeouts {"type":"implicit","ms":20000}
2017-05-31 07:16:21:040 - info: [debug] [MJSONWP] Calling AppiumDriver.timeouts() with args: ["implicit",20000,"d30cba38-dfa9-49c7-84cd-4b19bacf07f9"]
2017-05-31 07:16:21:040 - info: [debug] [BaseDriver] Set implicit wait to 20000ms
2017-05-31 07:16:21:040 - info: [debug] [MJSONWP] Responding to client with driver.timeouts() result: null
2017-05-31 07:16:21:040 - info: [HTTP] <-- POST /wd/hub/session/d30cba38-dfa9-49c7-84cd-4b19bacf07f9/timeouts 200 4 ms - 76 
2017-05-31 07:16:21:290 - info: [HTTP] --> POST /wd/hub/session/d30cba38-dfa9-49c7-84cd-4b19bacf07f9/timeouts {"type":"implicit","ms":20000}
2017-05-31 07:16:21:290 - info: [debug] [MJSONWP] Calling AppiumDriver.timeouts() with args: ["implicit",20000,"d30cba38-dfa9-49c7-84cd-4b19bacf07f9"]
2017-05-31 07:16:21:290 - info: [debug] [BaseDriver] Set implicit wait to 20000ms
2017-05-31 07:16:21:290 - info: [debug] [MJSONWP] Responding to client with driver.timeouts() result: null
2017-05-31 07:16:21:290 - info: [HTTP] <-- POST /wd/hub/session/d30cba38-dfa9-49c7-84cd-4b19bacf07f9/timeouts 200 3 ms - 76 
2017-05-31 07:16:21:322 - info: [HTTP] --> GET /wd/hub/session/d30cba38-dfa9-49c7-84cd-4b19bacf07f9/appium/device/current_activity {}
2017-05-31 07:16:21:322 - info: [debug] [MJSONWP] Calling AppiumDriver.getCurrentActivity() with args: ["d30cba38-dfa9-49c7-84cd-4b19bacf07f9"]
2017-05-31 07:16:21:322 - info: [debug] [ADB] Getting focused package and activity
2017-05-31 07:16:21:322 - info: [debug] [ADB] Getting connected devices...
2017-05-31 07:16:21:353 - info: [debug] [ADB] 1 device(s) connected
2017-05-31 07:16:21:353 - info: [debug] [ADB] Running 'D:\SoftWare\SDK\platform-tools\adb.exe' with args: ["-P",5037,"-s","022TAS7N51009853","shell","dumpsys","window","windows"]
2017-05-31 07:16:21:446 - info: [debug] [MJSONWP] Responding to client with driver.getCurrentActivity() result: ".activity.main.HomeActivity"
2017-05-31 07:16:21:446 - info: [HTTP] <-- GET /wd/hub/session/d30cba38-dfa9-49c7-84cd-4b19bacf07f9/appium/device/current_activity 200 127 ms - 101 
2017-05-31 07:16:21:509 - info: [HTTP] --> POST /wd/hub/session/d30cba38-dfa9-49c7-84cd-4b19bacf07f9/timeouts {"type":"implicit","ms":0}
2017-05-31 07:16:21:509 - info: [debug] [MJSONWP] Calling AppiumDriver.timeouts() with args: ["implicit",0,"d30cba38-dfa9-49c7-84cd-4b19bacf07f9"]
2017-05-31 07:16:21:509 - info: [debug] [BaseDriver] Set implicit wait to 0ms
2017-05-31 07:16:21:509 - info: [debug] [MJSONWP] Responding to client with driver.timeouts() result: null
2017-05-31 07:16:21:509 - info: [HTTP] <-- POST /wd/hub/session/d30cba38-dfa9-49c7-84cd-4b19bacf07f9/timeouts 200 3 ms - 76 
2017-05-31 07:16:21:540 - info: [HTTP] --> GET /wd/hub/session/d30cba38-dfa9-49c7-84cd-4b19bacf07f9/context {}
2017-05-31 07:16:21:540 - info: [debug] [MJSONWP] Calling AppiumDriver.getCurrentContext() with args: ["d30cba38-dfa9-49c7-84cd-4b19bacf07f9"]
2017-05-31 07:16:21:540 - info: [debug] [MJSONWP] Responding to client with driver.getCurrentContext() result: "NATIVE_APP"
2017-05-31 07:16:21:540 - info: [HTTP] <-- GET /wd/hub/session/d30cba38-dfa9-49c7-84cd-4b19bacf07f9/context 200 3 ms - 84 
2017-05-31 07:16:21:556 - info: [HTTP] --> POST /wd/hub/session/d30cba38-dfa9-49c7-84cd-4b19bacf07f9/elements {"using":"id","value":"com.tude.android:id/sdv_image"}
2017-05-31 07:16:21:556 - info: [debug] [MJSONWP] Calling AppiumDriver.findElements() with args: ["id","com.tude.android:id/sdv_image","d30cba38-dfa9-49c7-84cd-4b19bacf07f9"]
2017-05-31 07:16:21:556 - info: [debug] [BaseDriver] Valid locator strategies for this request: xpath, id, class name, accessibility id, -android uiautomator
2017-05-31 07:16:21:556 - info: [debug] [BaseDriver] Valid locator strategies for this request: xpath, id, class name, accessibility id, -android uiautomator
2017-05-31 07:16:21:556 - info: [debug] [BaseDriver] Waiting up to 0 ms for condition
2017-05-31 07:16:21:556 - info: [debug] [AndroidBootstrap] Sending command to android: {"cmd":"action","action":"find","params":{"strategy":"id","selector":"com.tude.android:id/sdv_image","context":"","multiple":true}}
2017-05-31 07:16:21:571 - info: [AndroidBootstrap] [BOOTSTRAP LOG] [debug] Got data from client: {"cmd":"action","action":"find","params":{"strategy":"id","selector":"com.tude.android:id/sdv_image","context":"","multiple":true}}
2017-05-31 07:16:21:571 - info: [AndroidBootstrap] [BOOTSTRAP LOG] [debug] Got command of type ACTION
2017-05-31 07:16:21:571 - info: [AndroidBootstrap] [BOOTSTRAP LOG] [debug] Got command action: find
2017-05-31 07:16:21:571 - info: [AndroidBootstrap] [BOOTSTRAP LOG] [debug] Finding 'com.tude.android:id/sdv_image' using 'ID' with the contextId: '' multiple: true
2017-05-31 07:16:21:571 - info: [AndroidBootstrap] [BOOTSTRAP LOG] [debug] Using: UiSelector[RESOURCE_ID=com.tude.android:id/sdv_image]
2017-05-31 07:16:21:571 - info: [AndroidBootstrap] [BOOTSTRAP LOG] [debug] getElements selector:UiSelector[RESOURCE_ID=com.tude.android:id/sdv_image]
2017-05-31 07:16:21:571 - info: [AndroidBootstrap] [BOOTSTRAP LOG] [debug] Element[] is null: (0)
2017-05-31 07:16:21:571 - info: [AndroidBootstrap] [BOOTSTRAP LOG] [debug] getElements tmp selector:UiSelector[INSTANCE=0, RESOURCE_ID=com.tude.android:id/sdv_image]
2017-05-31 07:16:26:719 - info: [AndroidBootstrap] [BOOTSTRAP LOG] [debug] Failed to locate element. Clearing Accessibility cache and retrying.
2017-05-31 07:16:26:719 - info: [AndroidBootstrap] [BOOTSTRAP LOG] [debug] Finding 'com.tude.android:id/sdv_image' using 'ID' with the contextId: '' multiple: true
2017-05-31 07:16:26:719 - info: [AndroidBootstrap] [BOOTSTRAP LOG] [debug] Using: UiSelector[RESOURCE_ID=com.tude.android:id/sdv_image]
2017-05-31 07:16:26:719 - info: [AndroidBootstrap] [BOOTSTRAP LOG] [debug] getElements selector:UiSelector[RESOURCE_ID=com.tude.android:id/sdv_image]
2017-05-31 07:16:26:719 - info: [AndroidBootstrap] [BOOTSTRAP LOG] [debug] Element[] is null: (0)
2017-05-31 07:16:26:719 - info: [AndroidBootstrap] [BOOTSTRAP LOG] [debug] getElements tmp selector:UiSelector[INSTANCE=0, RESOURCE_ID=com.tude.android:id/sdv_image]
2017-05-31 07:16:26:735 - info: [AndroidBootstrap] [BOOTSTRAP LOG] [debug] Returning result: {"value":[],"status":0}
2017-05-31 07:16:26:735 - info: [debug] [AndroidBootstrap] Received command result from bootstrap
2017-05-31 07:16:26:735 - info: [debug] [MJSONWP] Responding to client with driver.findElements() result: []
2017-05-31 07:16:26:735 - info: [HTTP] <-- POST /wd/hub/session/d30cba38-dfa9-49c7-84cd-4b19bacf07f9/elements 200 5190 ms - 74 
2017-05-31 07:16:26:814 - info: [HTTP] --> POST /wd/hub/session/d30cba38-dfa9-49c7-84cd-4b19bacf07f9/timeouts {"type":"implicit","ms":5000}
2017-05-31 07:16:26:814 - info: [debug] [MJSONWP] Calling AppiumDriver.timeouts() with args: ["implicit",5000,"d30cba38-dfa9-49c7-84cd-4b19bacf07f9"]
2017-05-31 07:16:26:814 - info: [debug] [BaseDriver] Set implicit wait to 5000ms
2017-05-31 07:16:26:814 - info: [debug] [MJSONWP] Responding to client with driver.timeouts() result: null
2017-05-31 07:16:26:814 - info: [HTTP] <-- POST /wd/hub/session/d30cba38-dfa9-49c7-84cd-4b19bacf07f9/timeouts 200 3 ms - 76 
2017-05-31 07:16:26:907 - info: [HTTP] --> POST /wd/hub/session/d30cba38-dfa9-49c7-84cd-4b19bacf07f9/timeouts {"type":"implicit","ms":0}
2017-05-31 07:16:26:907 - info: [debug] [MJSONWP] Calling AppiumDriver.timeouts() with args: ["implicit",0,"d30cba38-dfa9-49c7-84cd-4b19bacf07f9"]
2017-05-31 07:16:26:907 - info: [debug] [BaseDriver] Set implicit wait to 0ms
2017-05-31 07:16:26:907 - info: [debug] [MJSONWP] Responding to client with driver.timeouts() result: null
2017-05-31 07:16:26:907 - info: [HTTP] <-- POST /wd/hub/session/d30cba38-dfa9-49c7-84cd-4b19bacf07f9/timeouts 200 4 ms - 76 
2017-05-31 07:16:26:923 - info: [HTTP] --> GET /wd/hub/session/d30cba38-dfa9-49c7-84cd-4b19bacf07f9/context {}
2017-05-31 07:16:26:923 - info: [debug] [MJSONWP] Calling AppiumDriver.getCurrentContext() with args: ["d30cba38-dfa9-49c7-84cd-4b19bacf07f9"]
2017-05-31 07:16:26:923 - info: [debug] [MJSONWP] Responding to client with driver.getCurrentContext() result: "NATIVE_APP"
2017-05-31 07:16:26:923 - info: [HTTP] <-- GET /wd/hub/session/d30cba38-dfa9-49c7-84cd-4b19bacf07f9/context 200 6 ms - 84 
2017-05-31 07:16:26:938 - info: [HTTP] --> POST /wd/hub/session/d30cba38-dfa9-49c7-84cd-4b19bacf07f9/elements {"using":"id","value":"com.tude.android:id/sdv_image"}
2017-05-31 07:16:26:938 - info: [debug] [MJSONWP] Calling AppiumDriver.findElements() with args: ["id","com.tude.android:id/sdv_image","d30cba38-dfa9-49c7-84cd-4b19bacf07f9"]
2017-05-31 07:16:26:938 - info: [debug] [BaseDriver] Valid locator strategies for this request: xpath, id, class name, accessibility id, -android uiautomator
2017-05-31 07:16:26:938 - info: [debug] [BaseDriver] Valid locator strategies for this request: xpath, id, class name, accessibility id, -android uiautomator
2017-05-31 07:16:26:938 - info: [debug] [BaseDriver] Waiting up to 0 ms for condition
2017-05-31 07:16:26:938 - info: [debug] [AndroidBootstrap] Sending command to android: {"cmd":"action","action":"find","params":{"strategy":"id","selector":"com.tude.android:id/sdv_image","context":"","multiple":true}}
2017-05-31 07:16:26:954 - info: [AndroidBootstrap] [BOOTSTRAP LOG] [debug] Got data from client: {"cmd":"action","action":"find","params":{"strategy":"id","selector":"com.tude.android:id/sdv_image","context":"","multiple":true}}
2017-05-31 07:16:26:954 - info: [AndroidBootstrap] [BOOTSTRAP LOG] [debug] Got command of type ACTION
2017-05-31 07:16:26:954 - info: [AndroidBootstrap] [BOOTSTRAP LOG] [debug] Got command action: find
2017-05-31 07:16:26:954 - info: [AndroidBootstrap] [BOOTSTRAP LOG] [debug] Finding 'com.tude.android:id/sdv_image' using 'ID' with the contextId: '' multiple: true
2017-05-31 07:16:26:954 - info: [AndroidBootstrap] [BOOTSTRAP LOG] [debug] Using: UiSelector[RESOURCE_ID=com.tude.android:id/sdv_image]
2017-05-31 07:16:26:954 - info: [AndroidBootstrap] [BOOTSTRAP LOG] [debug] getElements selector:UiSelector[RESOURCE_ID=com.tude.android:id/sdv_image]
2017-05-31 07:16:26:954 - info: [AndroidBootstrap] [BOOTSTRAP LOG] [debug] Element[] is null: (0)
2017-05-31 07:16:26:954 - info: [AndroidBootstrap] [BOOTSTRAP LOG] [debug] getElements tmp selector:UiSelector[INSTANCE=0, RESOURCE_ID=com.tude.android:id/sdv_image]
2017-05-31 07:16:26:970 - info: [AndroidBootstrap] [BOOTSTRAP LOG] [debug] Failed to locate element. Clearing Accessibility cache and retrying.
2017-05-31 07:16:26:970 - info: [AndroidBootstrap] [BOOTSTRAP LOG] [debug] Finding 'com.tude.android:id/sdv_image' using 'ID' with the contextId: '' multiple: true
2017-05-31 07:16:26:970 - info: [AndroidBootstrap] [BOOTSTRAP LOG] [debug] Using: UiSelector[RESOURCE_ID=com.tude.android:id/sdv_image]
2017-05-31 07:16:26:970 - info: [AndroidBootstrap] [BOOTSTRAP LOG] [debug] getElements selector:UiSelector[RESOURCE_ID=com.tude.android:id/sdv_image]
2017-05-31 07:16:26:970 - info: [AndroidBootstrap] [BOOTSTRAP LOG] [debug] Element[] is null: (0)
2017-05-31 07:16:26:970 - info: [AndroidBootstrap] [BOOTSTRAP LOG] [debug] getElements tmp selector:UiSelector[INSTANCE=0, RESOURCE_ID=com.tude.android:id/sdv_image]
2017-05-31 07:16:27:094 - info: [AndroidBootstrap] [BOOTSTRAP LOG] [debug] Returning result: {"value":[],"status":0}
2017-05-31 07:16:27:094 - info: [debug] [AndroidBootstrap] Received command result from bootstrap
2017-05-31 07:16:27:094 - info: [debug] [MJSONWP] Responding to client with driver.findElements() result: []
2017-05-31 07:16:27:094 - info: [HTTP] <-- POST /wd/hub/session/d30cba38-dfa9-49c7-84cd-4b19bacf07f9/elements 200 165 ms - 74 
2017-05-31 07:16:27:640 - info: [HTTP] --> GET /wd/hub/session/d30cba38-dfa9-49c7-84cd-4b19bacf07f9/context {}
2017-05-31 07:16:27:640 - info: [debug] [MJSONWP] Calling AppiumDriver.getCurrentContext() with args: ["d30cba38-dfa9-49c7-84cd-4b19bacf07f9"]
2017-05-31 07:16:27:640 - info: [debug] [MJSONWP] Responding to client with driver.getCurrentContext() result: "NATIVE_APP"
2017-05-31 07:16:27:640 - info: [HTTP] <-- GET /wd/hub/session/d30cba38-dfa9-49c7-84cd-4b19bacf07f9/context 200 5 ms - 84 
2017-05-31 07:16:27:656 - info: [HTTP] --> POST /wd/hub/session/d30cba38-dfa9-49c7-84cd-4b19bacf07f9/elements {"using":"id","value":"com.tude.android:id/sdv_image"}
2017-05-31 07:16:27:656 - info: [debug] [MJSONWP] Calling AppiumDriver.findElements() with args: ["id","com.tude.android:id/sdv_image","d30cba38-dfa9-49c7-84cd-4b19bacf07f9"]
2017-05-31 07:16:27:656 - info: [debug] [BaseDriver] Valid locator strategies for this request: xpath, id, class name, accessibility id, -android uiautomator
2017-05-31 07:16:27:656 - info: [debug] [BaseDriver] Valid locator strategies for this request: xpath, id, class name, accessibility id, -android uiautomator
2017-05-31 07:16:27:656 - info: [debug] [BaseDriver] Waiting up to 0 ms for condition
2017-05-31 07:16:27:656 - info: [debug] [AndroidBootstrap] Sending command to android: {"cmd":"action","action":"find","params":{"strategy":"id","selector":"com.tude.android:id/sdv_image","context":"","multiple":true}}
2017-05-31 07:16:27:656 - info: [AndroidBootstrap] [BOOTSTRAP LOG] [debug] Got data from client: {"cmd":"action","action":"find","params":{"strategy":"id","selector":"com.tude.android:id/sdv_image","context":"","multiple":true}}
2017-05-31 07:16:27:656 - info: [AndroidBootstrap] [BOOTSTRAP LOG] [debug] Got command of type ACTION
2017-05-31 07:16:27:656 - info: [AndroidBootstrap] [BOOTSTRAP LOG] [debug] Got command action: find
2017-05-31 07:16:27:656 - info: [AndroidBootstrap] [BOOTSTRAP LOG] [debug] Finding 'com.tude.android:id/sdv_image' using 'ID' with the contextId: '' multiple: true
2017-05-31 07:16:27:672 - info: [AndroidBootstrap] [BOOTSTRAP LOG] [debug] Using: UiSelector[RESOURCE_ID=com.tude.android:id/sdv_image]
2017-05-31 07:16:27:672 - info: [AndroidBootstrap] [BOOTSTRAP LOG] [debug] getElements selector:UiSelector[RESOURCE_ID=com.tude.android:id/sdv_image]
2017-05-31 07:16:27:672 - info: [AndroidBootstrap] [BOOTSTRAP LOG] [debug] Element[] is null: (0)
2017-05-31 07:16:27:672 - info: [AndroidBootstrap] [BOOTSTRAP LOG] [debug] getElements tmp selector:UiSelector[INSTANCE=0, RESOURCE_ID=com.tude.android:id/sdv_image]
2017-05-31 07:16:27:765 - info: [AndroidBootstrap] [BOOTSTRAP LOG] [debug] Failed to locate element. Clearing Accessibility cache and retrying.
2017-05-31 07:16:27:765 - info: [AndroidBootstrap] [BOOTSTRAP LOG] [debug] Finding 'com.tude.android:id/sdv_image' using 'ID' with the contextId: '' multiple: true
2017-05-31 07:16:27:765 - info: [AndroidBootstrap] [BOOTSTRAP LOG] [debug] Using: UiSelector[RESOURCE_ID=com.tude.android:id/sdv_image]
2017-05-31 07:16:27:765 - info: [AndroidBootstrap] [BOOTSTRAP LOG] [debug] getElements selector:UiSelector[RESOURCE_ID=com.tude.android:id/sdv_image]
2017-05-31 07:16:27:765 - info: [AndroidBootstrap] [BOOTSTRAP LOG] [debug] Element[] is null: (0)
2017-05-31 07:16:27:765 - info: [AndroidBootstrap] [BOOTSTRAP LOG] [debug] getElements tmp selector:UiSelector[INSTANCE=0, RESOURCE_ID=com.tude.android:id/sdv_image]
2017-05-31 07:16:27:781 - info: [AndroidBootstrap] [BOOTSTRAP LOG] [debug] Returning result: {"value":[],"status":0}
2017-05-31 07:16:27:781 - info: [debug] [AndroidBootstrap] Received command result from bootstrap
2017-05-31 07:16:27:781 - info: [debug] [MJSONWP] Responding to client with driver.findElements() result: []
2017-05-31 07:16:27:781 - info: [HTTP] <-- POST /wd/hub/session/d30cba38-dfa9-49c7-84cd-4b19bacf07f9/elements 200 138 ms - 74 
2017-05-31 07:16:28:313 - info: [HTTP] --> GET /wd/hub/session/d30cba38-dfa9-49c7-84cd-4b19bacf07f9/context {}
2017-05-31 07:16:28:313 - info: [debug] [MJSONWP] Calling AppiumDriver.getCurrentContext() with args: ["d30cba38-dfa9-49c7-84cd-4b19bacf07f9"]
2017-05-31 07:16:28:313 - info: [debug] [MJSONWP] Responding to client with driver.getCurrentContext() result: "NATIVE_APP"
2017-05-31 07:16:28:313 - info: [HTTP] <-- GET /wd/hub/session/d30cba38-dfa9-49c7-84cd-4b19bacf07f9/context 200 3 ms - 84 
2017-05-31 07:16:28:329 - info: [HTTP] --> POST /wd/hub/session/d30cba38-dfa9-49c7-84cd-4b19bacf07f9/elements {"using":"id","value":"com.tude.android:id/sdv_image"}
2017-05-31 07:16:28:329 - info: [debug] [MJSONWP] Calling AppiumDriver.findElements() with args: ["id","com.tude.android:id/sdv_image","d30cba38-dfa9-49c7-84cd-4b19bacf07f9"]
2017-05-31 07:16:28:329 - info: [debug] [BaseDriver] Valid locator strategies for this request: xpath, id, class name, accessibility id, -android uiautomator
2017-05-31 07:16:28:329 - info: [debug] [BaseDriver] Valid locator strategies for this request: xpath, id, class name, accessibility id, -android uiautomator
2017-05-31 07:16:28:329 - info: [debug] [BaseDriver] Waiting up to 0 ms for condition
2017-05-31 07:16:28:329 - info: [debug] [AndroidBootstrap] Sending command to android: {"cmd":"action","action":"find","params":{"strategy":"id","selector":"com.tude.android:id/sdv_image","context":"","multiple":true}}
2017-05-31 07:16:28:329 - info: [AndroidBootstrap] [BOOTSTRAP LOG] [debug] Got data from client: {"cmd":"action","action":"find","params":{"strategy":"id","selector":"com.tude.android:id/sdv_image","context":"","multiple":true}}
2017-05-31 07:16:28:329 - info: [AndroidBootstrap] [BOOTSTRAP LOG] [debug] Got command of type ACTION
2017-05-31 07:16:28:329 - info: [AndroidBootstrap] [BOOTSTRAP LOG] [debug] Got command action: find
2017-05-31 07:16:28:329 - info: [AndroidBootstrap] [BOOTSTRAP LOG] [debug] Finding 'com.tude.android:id/sdv_image' using 'ID' with the contextId: '' multiple: true
2017-05-31 07:16:28:329 - info: [AndroidBootstrap] [BOOTSTRAP LOG] [debug] Using: UiSelector[RESOURCE_ID=com.tude.android:id/sdv_image]
2017-05-31 07:16:28:329 - info: [AndroidBootstrap] [BOOTSTRAP LOG] [debug] getElements selector:UiSelector[RESOURCE_ID=com.tude.android:id/sdv_image]
2017-05-31 07:16:28:329 - info: [AndroidBootstrap] [BOOTSTRAP LOG] [debug] Element[] is null: (0)
2017-05-31 07:16:28:344 - info: [AndroidBootstrap] [BOOTSTRAP LOG] [debug] getElements tmp selector:UiSelector[INSTANCE=0, RESOURCE_ID=com.tude.android:id/sdv_image]
2017-05-31 07:16:28:344 - info: [AndroidBootstrap] [BOOTSTRAP LOG] [debug] Failed to locate element. Clearing Accessibility cache and retrying.
2017-05-31 07:16:28:344 - info: [AndroidBootstrap] [BOOTSTRAP LOG] [debug] Finding 'com.tude.android:id/sdv_image' using 'ID' with the contextId: '' multiple: true
2017-05-31 07:16:28:344 - info: [AndroidBootstrap] [BOOTSTRAP LOG] [debug] Using: UiSelector[RESOURCE_ID=com.tude.android:id/sdv_image]
2017-05-31 07:16:28:344 - info: [AndroidBootstrap] [BOOTSTRAP LOG] [debug] getElements selector:UiSelector[RESOURCE_ID=com.tude.android:id/sdv_image]
2017-05-31 07:16:28:344 - info: [AndroidBootstrap] [BOOTSTRAP LOG] [debug] Element[] is null: (0)
2017-05-31 07:16:28:344 - info: [AndroidBootstrap] [BOOTSTRAP LOG] [debug] getElements tmp selector:UiSelector[INSTANCE=0, RESOURCE_ID=com.tude.android:id/sdv_image]
2017-05-31 07:16:28:376 - info: [AndroidBootstrap] [BOOTSTRAP LOG] [debug] Returning result: {"value":[],"status":0}
2017-05-31 07:16:28:376 - info: [debug] [AndroidBootstrap] Received command result from bootstrap
2017-05-31 07:16:28:391 - info: [debug] [MJSONWP] Responding to client with driver.findElements() result: []
2017-05-31 07:16:28:391 - info: [HTTP] <-- POST /wd/hub/session/d30cba38-dfa9-49c7-84cd-4b19bacf07f9/elements 200 63 ms - 74 
2017-05-31 07:16:28:922 - info: [HTTP] --> GET /wd/hub/session/d30cba38-dfa9-49c7-84cd-4b19bacf07f9/context {}
2017-05-31 07:16:28:922 - info: [debug] [MJSONWP] Calling AppiumDriver.getCurrentContext() with args: ["d30cba38-dfa9-49c7-84cd-4b19bacf07f9"]
2017-05-31 07:16:28:922 - info: [debug] [MJSONWP] Responding to client with driver.getCurrentContext() result: "NATIVE_APP"
2017-05-31 07:16:28:922 - info: [HTTP] <-- GET /wd/hub/session/d30cba38-dfa9-49c7-84cd-4b19bacf07f9/context 200 3 ms - 84 
2017-05-31 07:16:28:937 - info: [HTTP] --> POST /wd/hub/session/d30cba38-dfa9-49c7-84cd-4b19bacf07f9/elements {"using":"id","value":"com.tude.android:id/sdv_image"}
2017-05-31 07:16:28:937 - info: [debug] [MJSONWP] Calling AppiumDriver.findElements() with args: ["id","com.tude.android:id/sdv_image","d30cba38-dfa9-49c7-84cd-4b19bacf07f9"]
2017-05-31 07:16:28:937 - info: [debug] [BaseDriver] Valid locator strategies for this request: xpath, id, class name, accessibility id, -android uiautomator
2017-05-31 07:16:28:937 - info: [debug] [BaseDriver] Valid locator strategies for this request: xpath, id, class name, accessibility id, -android uiautomator
2017-05-31 07:16:28:937 - info: [debug] [BaseDriver] Waiting up to 0 ms for condition
2017-05-31 07:16:28:937 - info: [debug] [AndroidBootstrap] Sending command to android: {"cmd":"action","action":"find","params":{"strategy":"id","selector":"com.tude.android:id/sdv_image","context":"","multiple":true}}
2017-05-31 07:16:28:937 - info: [AndroidBootstrap] [BOOTSTRAP LOG] [debug] Got data from client: {"cmd":"action","action":"find","params":{"strategy":"id","selector":"com.tude.android:id/sdv_image","context":"","multiple":true}}
2017-05-31 07:16:28:937 - info: [AndroidBootstrap] [BOOTSTRAP LOG] [debug] Got command of type ACTION
2017-05-31 07:16:28:937 - info: [AndroidBootstrap] [BOOTSTRAP LOG] [debug] Got command action: find
2017-05-31 07:16:28:953 - info: [AndroidBootstrap] [BOOTSTRAP LOG] [debug] Finding 'com.tude.android:id/sdv_image' using 'ID' with the contextId: '' multiple: true
2017-05-31 07:16:28:953 - info: [AndroidBootstrap] [BOOTSTRAP LOG] [debug] Using: UiSelector[RESOURCE_ID=com.tude.android:id/sdv_image]
2017-05-31 07:16:28:953 - info: [AndroidBootstrap] [BOOTSTRAP LOG] [debug] getElements selector:UiSelector[RESOURCE_ID=com.tude.android:id/sdv_image]
2017-05-31 07:16:28:954 - info: [AndroidBootstrap] [BOOTSTRAP LOG] [debug] Element[] is null: (0)
2017-05-31 07:16:28:954 - info: [AndroidBootstrap] [BOOTSTRAP LOG] [debug] getElements tmp selector:UiSelector[INSTANCE=0, RESOURCE_ID=com.tude.android:id/sdv_image]
2017-05-31 07:16:28:969 - info: [AndroidBootstrap] [BOOTSTRAP LOG] [debug] Failed to locate element. Clearing Accessibility cache and retrying.
2017-05-31 07:16:28:969 - info: [AndroidBootstrap] [BOOTSTRAP LOG] [debug] Finding 'com.tude.android:id/sdv_image' using 'ID' with the contextId: '' multiple: true
2017-05-31 07:16:28:969 - info: [AndroidBootstrap] [BOOTSTRAP LOG] [debug] Using: UiSelector[RESOURCE_ID=com.tude.android:id/sdv_image]
2017-05-31 07:16:28:969 - info: [AndroidBootstrap] [BOOTSTRAP LOG] [debug] getElements selector:UiSelector[RESOURCE_ID=com.tude.android:id/sdv_image]
2017-05-31 07:16:28:969 - info: [AndroidBootstrap] [BOOTSTRAP LOG] [debug] Element[] is null: (0)
2017-05-31 07:16:28:969 - info: [AndroidBootstrap] [BOOTSTRAP LOG] [debug] getElements tmp selector:UiSelector[INSTANCE=0, RESOURCE_ID=com.tude.android:id/sdv_image]
2017-05-31 07:16:29:001 - info: [AndroidBootstrap] [BOOTSTRAP LOG] [debug] Returning result: {"value":[],"status":0}
2017-05-31 07:16:29:001 - info: [debug] [AndroidBootstrap] Received command result from bootstrap
2017-05-31 07:16:29:001 - info: [debug] [MJSONWP] Responding to client with driver.findElements() result: []
2017-05-31 07:16:29:001 - info: [HTTP] <-- POST /wd/hub/session/d30cba38-dfa9-49c7-84cd-4b19bacf07f9/elements 200 69 ms - 74 
2017-05-31 07:16:29:578 - info: [HTTP] --> GET /wd/hub/session/d30cba38-dfa9-49c7-84cd-4b19bacf07f9/context {}
2017-05-31 07:16:29:578 - info: [debug] [MJSONWP] Calling AppiumDriver.getCurrentContext() with args: ["d30cba38-dfa9-49c7-84cd-4b19bacf07f9"]
2017-05-31 07:16:29:578 - info: [debug] [MJSONWP] Responding to client with driver.getCurrentContext() result: "NATIVE_APP"
2017-05-31 07:16:29:578 - info: [HTTP] <-- GET /wd/hub/session/d30cba38-dfa9-49c7-84cd-4b19bacf07f9/context 200 2 ms - 84 
2017-05-31 07:16:29:593 - info: [HTTP] --> POST /wd/hub/session/d30cba38-dfa9-49c7-84cd-4b19bacf07f9/elements {"using":"id","value":"com.tude.android:id/sdv_image"}
2017-05-31 07:16:29:593 - info: [debug] [MJSONWP] Calling AppiumDriver.findElements() with args: ["id","com.tude.android:id/sdv_image","d30cba38-dfa9-49c7-84cd-4b19bacf07f9"]
2017-05-31 07:16:29:593 - info: [debug] [BaseDriver] Valid locator strategies for this request: xpath, id, class name, accessibility id, -android uiautomator
2017-05-31 07:16:29:593 - info: [debug] [BaseDriver] Valid locator strategies for this request: xpath, id, class name, accessibility id, -android uiautomator
2017-05-31 07:16:29:593 - info: [debug] [BaseDriver] Waiting up to 0 ms for condition
2017-05-31 07:16:29:593 - info: [debug] [AndroidBootstrap] Sending command to android: {"cmd":"action","action":"find","params":{"strategy":"id","selector":"com.tude.android:id/sdv_image","context":"","multiple":true}}
2017-05-31 07:16:29:593 - info: [AndroidBootstrap] [BOOTSTRAP LOG] [debug] Got data from client: {"cmd":"action","action":"find","params":{"strategy":"id","selector":"com.tude.android:id/sdv_image","context":"","multiple":true}}
2017-05-31 07:16:29:593 - info: [AndroidBootstrap] [BOOTSTRAP LOG] [debug] Got command of type ACTION
2017-05-31 07:16:29:593 - info: [AndroidBootstrap] [BOOTSTRAP LOG] [debug] Got command action: find
2017-05-31 07:16:29:593 - info: [AndroidBootstrap] [BOOTSTRAP LOG] [debug] Finding 'com.tude.android:id/sdv_image' using 'ID' with the contextId: '' multiple: true
2017-05-31 07:16:29:609 - info: [AndroidBootstrap] [BOOTSTRAP LOG] [debug] Using: UiSelector[RESOURCE_ID=com.tude.android:id/sdv_image]
2017-05-31 07:16:29:609 - info: [AndroidBootstrap] [BOOTSTRAP LOG] [debug] getElements selector:UiSelector[RESOURCE_ID=com.tude.android:id/sdv_image]
2017-05-31 07:16:29:609 - info: [AndroidBootstrap] [BOOTSTRAP LOG] [debug] Element[] is null: (0)
2017-05-31 07:16:29:609 - info: [AndroidBootstrap] [BOOTSTRAP LOG] [debug] getElements tmp selector:UiSelector[INSTANCE=0, RESOURCE_ID=com.tude.android:id/sdv_image]
2017-05-31 07:16:29:703 - info: [AndroidBootstrap] [BOOTSTRAP LOG] [debug] Failed to locate element. Clearing Accessibility cache and retrying.
2017-05-31 07:16:29:703 - info: [AndroidBootstrap] [BOOTSTRAP LOG] [debug] Finding 'com.tude.android:id/sdv_image' using 'ID' with the contextId: '' multiple: true
2017-05-31 07:16:29:703 - info: [AndroidBootstrap] [BOOTSTRAP LOG] [debug] Using: UiSelector[RESOURCE_ID=com.tude.android:id/sdv_image]
2017-05-31 07:16:29:703 - info: [AndroidBootstrap] [BOOTSTRAP LOG] [debug] getElements selector:UiSelector[RESOURCE_ID=com.tude.android:id/sdv_image]
2017-05-31 07:16:29:703 - info: [AndroidBootstrap] [BOOTSTRAP LOG] [debug] Element[] is null: (0)
2017-05-31 07:16:29:703 - info: [AndroidBootstrap] [BOOTSTRAP LOG] [debug] getElements tmp selector:UiSelector[INSTANCE=0, RESOURCE_ID=com.tude.android:id/sdv_image]
2017-05-31 07:16:29:718 - info: [AndroidBootstrap] [BOOTSTRAP LOG] [debug] Returning result: {"value":[],"status":0}
2017-05-31 07:16:29:749 - info: [debug] [AndroidBootstrap] Received command result from bootstrap
2017-05-31 07:16:29:749 - info: [debug] [MJSONWP] Responding to client with driver.findElements() result: []
2017-05-31 07:16:29:749 - info: [HTTP] <-- POST /wd/hub/session/d30cba38-dfa9-49c7-84cd-4b19bacf07f9/elements 200 157 ms - 74 
2017-05-31 07:16:30:268 - info: [HTTP] --> GET /wd/hub/session/d30cba38-dfa9-49c7-84cd-4b19bacf07f9/context {}
2017-05-31 07:16:30:268 - info: [debug] [MJSONWP] Calling AppiumDriver.getCurrentContext() with args: ["d30cba38-dfa9-49c7-84cd-4b19bacf07f9"]
2017-05-31 07:16:30:268 - info: [debug] [MJSONWP] Responding to client with driver.getCurrentContext() result: "NATIVE_APP"
2017-05-31 07:16:30:268 - info: [HTTP] <-- GET /wd/hub/session/d30cba38-dfa9-49c7-84cd-4b19bacf07f9/context 200 2 ms - 84 
2017-05-31 07:16:30:284 - info: [HTTP] --> POST /wd/hub/session/d30cba38-dfa9-49c7-84cd-4b19bacf07f9/elements {"using":"id","value":"com.tude.android:id/sdv_image"}
2017-05-31 07:16:30:284 - info: [debug] [MJSONWP] Calling AppiumDriver.findElements() with args: ["id","com.tude.android:id/sdv_image","d30cba38-dfa9-49c7-84cd-4b19bacf07f9"]
2017-05-31 07:16:30:284 - info: [debug] [BaseDriver] Valid locator strategies for this request: xpath, id, class name, accessibility id, -android uiautomator
2017-05-31 07:16:30:284 - info: [debug] [BaseDriver] Valid locator strategies for this request: xpath, id, class name, accessibility id, -android uiautomator
2017-05-31 07:16:30:284 - info: [debug] [BaseDriver] Waiting up to 0 ms for condition
2017-05-31 07:16:30:284 - info: [debug] [AndroidBootstrap] Sending command to android: {"cmd":"action","action":"find","params":{"strategy":"id","selector":"com.tude.android:id/sdv_image","context":"","multiple":true}}
2017-05-31 07:16:30:284 - info: [AndroidBootstrap] [BOOTSTRAP LOG] [debug] Got data from client: {"cmd":"action","action":"find","params":{"strategy":"id","selector":"com.tude.android:id/sdv_image","context":"","multiple":true}}
2017-05-31 07:16:30:284 - info: [AndroidBootstrap] [BOOTSTRAP LOG] [debug] Got command of type ACTION
2017-05-31 07:16:30:284 - info: [AndroidBootstrap] [BOOTSTRAP LOG] [debug] Got command action: find
2017-05-31 07:16:30:284 - info: [AndroidBootstrap] [BOOTSTRAP LOG] [debug] Finding 'com.tude.android:id/sdv_image' using 'ID' with the contextId: '' multiple: true
2017-05-31 07:16:30:284 - info: [AndroidBootstrap] [BOOTSTRAP LOG] [debug] Using: UiSelector[RESOURCE_ID=com.tude.android:id/sdv_image]
2017-05-31 07:16:30:284 - info: [AndroidBootstrap] [BOOTSTRAP LOG] [debug] getElements selector:UiSelector[RESOURCE_ID=com.tude.android:id/sdv_image]
2017-05-31 07:16:30:284 - info: [AndroidBootstrap] [BOOTSTRAP LOG] [debug] Element[] is null: (0)
2017-05-31 07:16:30:284 - info: [AndroidBootstrap] [BOOTSTRAP LOG] [debug] getElements tmp selector:UiSelector[INSTANCE=0, RESOURCE_ID=com.tude.android:id/sdv_image]
2017-05-31 07:16:30:300 - info: [AndroidBootstrap] [BOOTSTRAP LOG] [debug] Failed to locate element. Clearing Accessibility cache and retrying.
2017-05-31 07:16:30:300 - info: [AndroidBootstrap] [BOOTSTRAP LOG] [debug] Finding 'com.tude.android:id/sdv_image' using 'ID' with the contextId: '' multiple: true
2017-05-31 07:16:30:300 - info: [AndroidBootstrap] [BOOTSTRAP LOG] [debug] Using: UiSelector[RESOURCE_ID=com.tude.android:id/sdv_image]
2017-05-31 07:16:30:300 - info: [AndroidBootstrap] [BOOTSTRAP LOG] [debug] getElements selector:UiSelector[RESOURCE_ID=com.tude.android:id/sdv_image]
2017-05-31 07:16:30:300 - info: [AndroidBootstrap] [BOOTSTRAP LOG] [debug] Element[] is null: (0)
2017-05-31 07:16:30:316 - info: [AndroidBootstrap] [BOOTSTRAP LOG] [debug] getElements tmp selector:UiSelector[INSTANCE=0, RESOURCE_ID=com.tude.android:id/sdv_image]
2017-05-31 07:16:30:332 - info: [AndroidBootstrap] [BOOTSTRAP LOG] [debug] Returning result: {"value":[],"status":0}
2017-05-31 07:16:30:332 - info: [debug] [AndroidBootstrap] Received command result from bootstrap
2017-05-31 07:16:30:332 - info: [debug] [MJSONWP] Responding to client with driver.findElements() result: []
2017-05-31 07:16:30:332 - info: [HTTP] <-- POST /wd/hub/session/d30cba38-dfa9-49c7-84cd-4b19bacf07f9/elements 200 57 ms - 74 
2017-05-31 07:16:30:848 - info: [HTTP] --> GET /wd/hub/session/d30cba38-dfa9-49c7-84cd-4b19bacf07f9/context {}
2017-05-31 07:16:30:848 - info: [debug] [MJSONWP] Calling AppiumDriver.getCurrentContext() with args: ["d30cba38-dfa9-49c7-84cd-4b19bacf07f9"]
2017-05-31 07:16:30:880 - info: [debug] [MJSONWP] Responding to client with driver.getCurrentContext() result: "NATIVE_APP"
2017-05-31 07:16:30:880 - info: [HTTP] <-- GET /wd/hub/session/d30cba38-dfa9-49c7-84cd-4b19bacf07f9/context 200 35 ms - 84 
2017-05-31 07:16:30:895 - info: [HTTP] --> POST /wd/hub/session/d30cba38-dfa9-49c7-84cd-4b19bacf07f9/elements {"using":"id","value":"com.tude.android:id/sdv_image"}
2017-05-31 07:16:30:895 - info: [debug] [MJSONWP] Calling AppiumDriver.findElements() with args: ["id","com.tude.android:id/sdv_image","d30cba38-dfa9-49c7-84cd-4b19bacf07f9"]
2017-05-31 07:16:30:895 - info: [debug] [BaseDriver] Valid locator strategies for this request: xpath, id, class name, accessibility id, -android uiautomator
2017-05-31 07:16:30:895 - info: [debug] [BaseDriver] Valid locator strategies for this request: xpath, id, class name, accessibility id, -android uiautomator
2017-05-31 07:16:30:895 - info: [debug] [BaseDriver] Waiting up to 0 ms for condition
2017-05-31 07:16:30:895 - info: [debug] [AndroidBootstrap] Sending command to android: {"cmd":"action","action":"find","params":{"strategy":"id","selector":"com.tude.android:id/sdv_image","context":"","multiple":true}}
2017-05-31 07:16:30:895 - info: [AndroidBootstrap] [BOOTSTRAP LOG] [debug] Got data from client: {"cmd":"action","action":"find","params":{"strategy":"id","selector":"com.tude.android:id/sdv_image","context":"","multiple":true}}
2017-05-31 07:16:30:895 - info: [AndroidBootstrap] [BOOTSTRAP LOG] [debug] Got command of type ACTION
2017-05-31 07:16:30:895 - info: [AndroidBootstrap] [BOOTSTRAP LOG] [debug] Got command action: find
2017-05-31 07:16:30:895 - info: [AndroidBootstrap] [BOOTSTRAP LOG] [debug] Finding 'com.tude.android:id/sdv_image' using 'ID' with the contextId: '' multiple: true
2017-05-31 07:16:30:895 - info: [AndroidBootstrap] [BOOTSTRAP LOG] [debug] Using: UiSelector[RESOURCE_ID=com.tude.android:id/sdv_image]
2017-05-31 07:16:30:895 - info: [AndroidBootstrap] [BOOTSTRAP LOG] [debug] getElements selector:UiSelector[RESOURCE_ID=com.tude.android:id/sdv_image]
2017-05-31 07:16:30:895 - info: [AndroidBootstrap] [BOOTSTRAP LOG] [debug] Element[] is null: (0)
2017-05-31 07:16:30:895 - info: [AndroidBootstrap] [BOOTSTRAP LOG] [debug] getElements tmp selector:UiSelector[INSTANCE=0, RESOURCE_ID=com.tude.android:id/sdv_image]
2017-05-31 07:16:30:911 - info: [AndroidBootstrap] [BOOTSTRAP LOG] [debug] Failed to locate element. Clearing Accessibility cache and retrying.
2017-05-31 07:16:30:911 - info: [AndroidBootstrap] [BOOTSTRAP LOG] [debug] Finding 'com.tude.android:id/sdv_image' using 'ID' with the contextId: '' multiple: true
2017-05-31 07:16:30:911 - info: [AndroidBootstrap] [BOOTSTRAP LOG] [debug] Using: UiSelector[RESOURCE_ID=com.tude.android:id/sdv_image]
2017-05-31 07:16:30:911 - info: [AndroidBootstrap] [BOOTSTRAP LOG] [debug] getElements selector:UiSelector[RESOURCE_ID=com.tude.android:id/sdv_image]
2017-05-31 07:16:30:926 - info: [AndroidBootstrap] [BOOTSTRAP LOG] [debug] Element[] is null: (0)
2017-05-31 07:16:30:926 - info: [AndroidBootstrap] [BOOTSTRAP LOG] [debug] getElements tmp selector:UiSelector[INSTANCE=0, RESOURCE_ID=com.tude.android:id/sdv_image]
2017-05-31 07:16:30:942 - info: [AndroidBootstrap] [BOOTSTRAP LOG] [debug] Returning result: {"value":[],"status":0}
2017-05-31 07:16:30:942 - info: [debug] [AndroidBootstrap] Received command result from bootstrap
2017-05-31 07:16:30:942 - info: [debug] [MJSONWP] Responding to client with driver.findElements() result: []
2017-05-31 07:16:30:942 - info: [HTTP] <-- POST /wd/hub/session/d30cba38-dfa9-49c7-84cd-4b19bacf07f9/elements 200 56 ms - 74 
2017-05-31 07:16:31:472 - info: [HTTP] --> GET /wd/hub/session/d30cba38-dfa9-49c7-84cd-4b19bacf07f9/context {}
2017-05-31 07:16:31:472 - info: [debug] [MJSONWP] Calling AppiumDriver.getCurrentContext() with args: ["d30cba38-dfa9-49c7-84cd-4b19bacf07f9"]
2017-05-31 07:16:31:472 - info: [debug] [MJSONWP] Responding to client with driver.getCurrentContext() result: "NATIVE_APP"
2017-05-31 07:16:31:472 - info: [HTTP] <-- GET /wd/hub/session/d30cba38-dfa9-49c7-84cd-4b19bacf07f9/context 200 4 ms - 84 
2017-05-31 07:16:31:488 - info: [HTTP] --> POST /wd/hub/session/d30cba38-dfa9-49c7-84cd-4b19bacf07f9/elements {"using":"id","value":"com.tude.android:id/sdv_image"}
2017-05-31 07:16:31:488 - info: [debug] [MJSONWP] Calling AppiumDriver.findElements() with args: ["id","com.tude.android:id/sdv_image","d30cba38-dfa9-49c7-84cd-4b19bacf07f9"]
2017-05-31 07:16:31:488 - info: [debug] [BaseDriver] Valid locator strategies for this request: xpath, id, class name, accessibility id, -android uiautomator
2017-05-31 07:16:31:488 - info: [debug] [BaseDriver] Valid locator strategies for this request: xpath, id, class name, accessibility id, -android uiautomator
2017-05-31 07:16:31:488 - info: [debug] [BaseDriver] Waiting up to 0 ms for condition
2017-05-31 07:16:31:488 - info: [debug] [AndroidBootstrap] Sending command to android: {"cmd":"action","action":"find","params":{"strategy":"id","selector":"com.tude.android:id/sdv_image","context":"","multiple":true}}
2017-05-31 07:16:31:488 - info: [AndroidBootstrap] [BOOTSTRAP LOG] [debug] Got data from client: {"cmd":"action","action":"find","params":{"strategy":"id","selector":"com.tude.android:id/sdv_image","context":"","multiple":true}}
2017-05-31 07:16:31:488 - info: [AndroidBootstrap] [BOOTSTRAP LOG] [debug] Got command of type ACTION
2017-05-31 07:16:31:488 - info: [AndroidBootstrap] [BOOTSTRAP LOG] [debug] Got command action: find
2017-05-31 07:16:31:488 - info: [AndroidBootstrap] [BOOTSTRAP LOG] [debug] Finding 'com.tude.android:id/sdv_image' using 'ID' with the contextId: '' multiple: true
2017-05-31 07:16:31:488 - info: [AndroidBootstrap] [BOOTSTRAP LOG] [debug] Using: UiSelector[RESOURCE_ID=com.tude.android:id/sdv_image]
2017-05-31 07:16:31:488 - info: [AndroidBootstrap] [BOOTSTRAP LOG] [debug] getElements selector:UiSelector[RESOURCE_ID=com.tude.android:id/sdv_image]
2017-05-31 07:16:31:488 - info: [AndroidBootstrap] [BOOTSTRAP LOG] [debug] Element[] is null: (0)
2017-05-31 07:16:31:488 - info: [AndroidBootstrap] [BOOTSTRAP LOG] [debug] getElements tmp selector:UiSelector[INSTANCE=0, RESOURCE_ID=com.tude.android:id/sdv_image]
2017-05-31 07:16:31:519 - info: [AndroidBootstrap] [BOOTSTRAP LOG] [debug] Failed to locate element. Clearing Accessibility cache and retrying.
2017-05-31 07:16:31:519 - info: [AndroidBootstrap] [BOOTSTRAP LOG] [debug] Finding 'com.tude.android:id/sdv_image' using 'ID' with the contextId: '' multiple: true
2017-05-31 07:16:31:519 - info: [AndroidBootstrap] [BOOTSTRAP LOG] [debug] Using: UiSelector[RESOURCE_ID=com.tude.android:id/sdv_image]
2017-05-31 07:16:31:520 - info: [AndroidBootstrap] [BOOTSTRAP LOG] [debug] getElements selector:UiSelector[RESOURCE_ID=com.tude.android:id/sdv_image]
2017-05-31 07:16:31:520 - info: [AndroidBootstrap] [BOOTSTRAP LOG] [debug] Element[] is null: (0)
2017-05-31 07:16:31:520 - info: [AndroidBootstrap] [BOOTSTRAP LOG] [debug] getElements tmp selector:UiSelector[INSTANCE=0, RESOURCE_ID=com.tude.android:id/sdv_image]
2017-05-31 07:16:31:536 - info: [AndroidBootstrap] [BOOTSTRAP LOG] [debug] Returning result: {"value":[],"status":0}
2017-05-31 07:16:31:536 - info: [debug] [AndroidBootstrap] Received command result from bootstrap
2017-05-31 07:16:31:536 - info: [debug] [MJSONWP] Responding to client with driver.findElements() result: []
2017-05-31 07:16:31:536 - info: [HTTP] <-- POST /wd/hub/session/d30cba38-dfa9-49c7-84cd-4b19bacf07f9/elements 200 54 ms - 74 
2017-05-31 07:16:32:052 - info: [HTTP] --> GET /wd/hub/session/d30cba38-dfa9-49c7-84cd-4b19bacf07f9/context {}
2017-05-31 07:16:32:052 - info: [debug] [MJSONWP] Calling AppiumDriver.getCurrentContext() with args: ["d30cba38-dfa9-49c7-84cd-4b19bacf07f9"]
2017-05-31 07:16:32:052 - info: [debug] [MJSONWP] Responding to client with driver.getCurrentContext() result: "NATIVE_APP"
2017-05-31 07:16:32:052 - info: [HTTP] <-- GET /wd/hub/session/d30cba38-dfa9-49c7-84cd-4b19bacf07f9/context 200 5 ms - 84 
2017-05-31 07:16:32:067 - info: [HTTP] --> POST /wd/hub/session/d30cba38-dfa9-49c7-84cd-4b19bacf07f9/elements {"using":"id","value":"com.tude.android:id/sdv_image"}
2017-05-31 07:16:32:067 - info: [debug] [MJSONWP] Calling AppiumDriver.findElements() with args: ["id","com.tude.android:id/sdv_image","d30cba38-dfa9-49c7-84cd-4b19bacf07f9"]
2017-05-31 07:16:32:067 - info: [debug] [BaseDriver] Valid locator strategies for this request: xpath, id, class name, accessibility id, -android uiautomator
2017-05-31 07:16:32:067 - info: [debug] [BaseDriver] Valid locator strategies for this request: xpath, id, class name, accessibility id, -android uiautomator
2017-05-31 07:16:32:067 - info: [debug] [BaseDriver] Waiting up to 0 ms for condition
2017-05-31 07:16:32:067 - info: [debug] [AndroidBootstrap] Sending command to android: {"cmd":"action","action":"find","params":{"strategy":"id","selector":"com.tude.android:id/sdv_image","context":"","multiple":true}}
2017-05-31 07:16:32:067 - info: [AndroidBootstrap] [BOOTSTRAP LOG] [debug] Got data from client: {"cmd":"action","action":"find","params":{"strategy":"id","selector":"com.tude.android:id/sdv_image","context":"","multiple":true}}
2017-05-31 07:16:32:067 - info: [AndroidBootstrap] [BOOTSTRAP LOG] [debug] Got command of type ACTION
2017-05-31 07:16:32:067 - info: [AndroidBootstrap] [BOOTSTRAP LOG] [debug] Got command action: find
2017-05-31 07:16:32:067 - info: [AndroidBootstrap] [BOOTSTRAP LOG] [debug] Finding 'com.tude.android:id/sdv_image' using 'ID' with the contextId: '' multiple: true
2017-05-31 07:16:32:067 - info: [AndroidBootstrap] [BOOTSTRAP LOG] [debug] Using: UiSelector[RESOURCE_ID=com.tude.android:id/sdv_image]
2017-05-31 07:16:32:067 - info: [AndroidBootstrap] [BOOTSTRAP LOG] [debug] getElements selector:UiSelector[RESOURCE_ID=com.tude.android:id/sdv_image]
2017-05-31 07:16:32:067 - info: [AndroidBootstrap] [BOOTSTRAP LOG] [debug] Element[] is null: (0)
2017-05-31 07:16:32:067 - info: [AndroidBootstrap] [BOOTSTRAP LOG] [debug] getElements tmp selector:UiSelector[INSTANCE=0, RESOURCE_ID=com.tude.android:id/sdv_image]
2017-05-31 07:16:32:083 - info: [AndroidBootstrap] [BOOTSTRAP LOG] [debug] Failed to locate element. Clearing Accessibility cache and retrying.
2017-05-31 07:16:32:083 - info: [AndroidBootstrap] [BOOTSTRAP LOG] [debug] Finding 'com.tude.android:id/sdv_image' using 'ID' with the contextId: '' multiple: true
2017-05-31 07:16:32:083 - info: [AndroidBootstrap] [BOOTSTRAP LOG] [debug] Using: UiSelector[RESOURCE_ID=com.tude.android:id/sdv_image]
2017-05-31 07:16:32:098 - info: [AndroidBootstrap] [BOOTSTRAP LOG] [debug] getElements selector:UiSelector[RESOURCE_ID=com.tude.android:id/sdv_image]
2017-05-31 07:16:32:098 - info: [AndroidBootstrap] [BOOTSTRAP LOG] [debug] Element[] is null: (0)
2017-05-31 07:16:32:098 - info: [AndroidBootstrap] [BOOTSTRAP LOG] [debug] getElements tmp selector:UiSelector[INSTANCE=0, RESOURCE_ID=com.tude.android:id/sdv_image]
2017-05-31 07:16:32:114 - info: [debug] [AndroidBootstrap] Received command result from bootstrap
2017-05-31 07:16:32:114 - info: [debug] [MJSONWP] Responding to client with driver.findElements() result: []
2017-05-31 07:16:32:114 - info: [HTTP] <-- POST /wd/hub/session/d30cba38-dfa9-49c7-84cd-4b19bacf07f9/elements 200 48 ms - 74 
2017-05-31 07:16:32:114 - info: [AndroidBootstrap] [BOOTSTRAP LOG] [debug] Returning result: {"value":[],"status":0}
2017-05-31 07:16:32:239 - info: [HTTP] --> POST /wd/hub/session/d30cba38-dfa9-49c7-84cd-4b19bacf07f9/timeouts {"type":"implicit","ms":5000}
2017-05-31 07:16:32:239 - info: [debug] [MJSONWP] Calling AppiumDriver.timeouts() with args: ["implicit",5000,"d30cba38-dfa9-49c7-84cd-4b19bacf07f9"]
2017-05-31 07:16:32:239 - info: [debug] [BaseDriver] Set implicit wait to 5000ms
2017-05-31 07:16:32:239 - info: [debug] [MJSONWP] Responding to client with driver.timeouts() result: null
2017-05-31 07:16:32:239 - info: [HTTP] <-- POST /wd/hub/session/d30cba38-dfa9-49c7-84cd-4b19bacf07f9/timeouts 200 3 ms - 76 
2017-05-31 07:16:32:271 - info: [HTTP] --> POST /wd/hub/session/d30cba38-dfa9-49c7-84cd-4b19bacf07f9/appium/app/close {}
2017-05-31 07:16:32:271 - info: [debug] [MJSONWP] Calling AppiumDriver.closeApp() with args: ["d30cba38-dfa9-49c7-84cd-4b19bacf07f9"]
2017-05-31 07:16:32:271 - info: [debug] [ADB] Getting connected devices...
2017-05-31 07:16:32:287 - info: [debug] [ADB] 1 device(s) connected
2017-05-31 07:16:32:287 - info: [debug] [ADB] Running 'D:\SoftWare\SDK\platform-tools\adb.exe' with args: ["-P",5037,"-s","022TAS7N51009853","shell","am","force-stop","com.play.android"]
2017-05-31 07:16:33:269 - info: [debug] [MJSONWP] Responding to client with driver.closeApp() result: null
2017-05-31 07:16:33:269 - info: [HTTP] <-- POST /wd/hub/session/d30cba38-dfa9-49c7-84cd-4b19bacf07f9/appium/app/close 200 1004 ms - 76 
