2017-05-31 07:21:35:812 - info: [Appium] Welcome to Appium v1.6.5
2017-05-31 07:21:35:812 - info: [Appium] Non-default server args:
2017-05-31 07:21:35:812 - info: [Appium]   address: 127.0.0.1
2017-05-31 07:21:35:812 - info: [Appium]   log: D:\workSpace\EclipseProjects\AppiumForEclipse\log\1496215289653.log
2017-05-31 07:21:35:875 - info: [Appium] Appium REST http interface listener started on 127.0.0.1:4723
2017-05-31 07:21:36:530 - info: [HTTP] --> GET /wd/hub/status {}
2017-05-31 07:21:36:546 - info: [debug] [MJSONWP] Calling AppiumDriver.getStatus() with args: []
2017-05-31 07:21:36:593 - info: [debug] [MJSONWP] Responding to client with driver.getStatus() result: {"build":{"version":"1.6.5","revision":null}}
2017-05-31 07:21:36:593 - info: [HTTP] <-- GET /wd/hub/status 200 54 ms - 83 
2017-05-31 07:21:36:593 - info: [HTTP] --> GET /wd/hub/status {}
2017-05-31 07:21:36:593 - info: [debug] [MJSONWP] Calling AppiumDriver.getStatus() with args: []
2017-05-31 07:21:36:640 - info: [debug] [MJSONWP] Responding to client with driver.getStatus() result: {"build":{"version":"1.6.5","revision":null}}
2017-05-31 07:21:36:640 - info: [HTTP] <-- GET /wd/hub/status 200 41 ms - 83 
2017-05-31 07:21:37:404 - info: [HTTP] --> POST /wd/hub/session {"desiredCapabilities":{"appPackage":"com.play.android","appActivity":"com.play.android.activity.SplashActivity","app":"D:\\workSpace\\EclipseProjects\\AppiumForEclipse\\apps\\play.apk","noSign":"True","unicodeKeyboard":"True","platformName":"Android","deviceName":"022TAS7N51009853","resetKeyboard":"True"}}
2017-05-31 07:21:37:404 - info: [debug] [MJSONWP] Calling AppiumDriver.createSession() with args: [{"appPackage":"com.play.android","appActivity":"com.play.android.activity.SplashActivity","app":"D:\\workSpace\\EclipseProjects\\AppiumForEclipse\\apps\\play.apk","noSign":"True","unicodeKeyboard":"True","platformName":"Android","deviceName":"022TAS7N51009853","resetKeyboard":"True"},null,null]
2017-05-31 07:21:37:404 - info: [debug] [BaseDriver] Event 'newSessionRequested' logged at 1496215297404 (15:21:37 GMT+0800 (中国标准时间))
2017-05-31 07:21:37:404 - info: [Appium] Creating new AndroidDriver (v1.20.0) session
2017-05-31 07:21:37:404 - info: [Appium] Capabilities:
2017-05-31 07:21:37:404 - info: [Appium]   appPackage: 'com.play.android'
2017-05-31 07:21:37:404 - info: [Appium]   appActivity: 'com.play.android.activity.SplashActivity'
2017-05-31 07:21:37:404 - info: [Appium]   app: 'D:\\workSpace\\EclipseProjects\\AppiumForEclipse\\apps\\play.apk'
2017-05-31 07:21:37:404 - info: [Appium]   noSign: 'True'
2017-05-31 07:21:37:404 - info: [Appium]   unicodeKeyboard: 'True'
2017-05-31 07:21:37:404 - info: [Appium]   platformName: 'Android'
2017-05-31 07:21:37:404 - info: [Appium]   deviceName: '022TAS7N51009853'
2017-05-31 07:21:37:404 - info: [Appium]   resetKeyboard: 'True'
2017-05-31 07:21:37:420 - info: [debug] [AndroidDriver] AndroidDriver version: 1.20.0
2017-05-31 07:21:37:420 - warn: [BaseDriver] Capability 'unicodeKeyboard' changed from string to boolean. This may cause unexpected behavior
2017-05-31 07:21:37:420 - warn: [BaseDriver] Capability 'resetKeyboard' changed from string to boolean. This may cause unexpected behavior
2017-05-31 07:21:37:420 - warn: [BaseDriver] Capability 'noSign' changed from string to boolean. This may cause unexpected behavior
2017-05-31 07:21:37:435 - info: [BaseDriver] Session created with session id: 41845257-c469-454b-a668-15891844bb8b
2017-05-31 07:21:37:435 - info: [debug] [AndroidDriver] Getting Java version
2017-05-31 07:21:37:580 - info: [AndroidDriver] Java version is: 1.8.0_121
2017-05-31 07:21:37:580 - info: [ADB] Checking whether adb is present
2017-05-31 07:21:37:580 - info: [ADB] Using adb.exe from D:\SoftWare\SDK\platform-tools\adb.exe
2017-05-31 07:21:37:580 - info: [AndroidDriver] Retrieving device list
2017-05-31 07:21:37:580 - info: [debug] [ADB] Trying to find a connected android device
2017-05-31 07:21:37:580 - info: [debug] [ADB] Getting connected devices...
2017-05-31 07:21:37:611 - info: [debug] [ADB] 1 device(s) connected
2017-05-31 07:21:37:611 - info: [AndroidDriver] Using device: 022TAS7N51009853
2017-05-31 07:21:37:611 - info: [ADB] Checking whether adb is present
2017-05-31 07:21:37:611 - info: [ADB] Using adb.exe from D:\SoftWare\SDK\platform-tools\adb.exe
2017-05-31 07:21:37:611 - info: [debug] [ADB] Setting device id to 022TAS7N51009853
2017-05-31 07:21:37:611 - info: [BaseDriver] Using local app 'D:\workSpace\EclipseProjects\AppiumForEclipse\apps\play.apk'
2017-05-31 07:21:37:611 - info: [debug] [AndroidDriver] Checking whether app is actually present
2017-05-31 07:21:37:611 - info: [AndroidDriver] Starting Android session
2017-05-31 07:21:37:626 - info: [debug] [ADB] Running 'D:\SoftWare\SDK\platform-tools\adb.exe' with args: ["-P",5037,"-s","022TAS7N51009853","wait-for-device"]
2017-05-31 07:21:37:658 - info: [debug] [ADB] Getting connected devices...
2017-05-31 07:21:37:673 - info: [debug] [ADB] 1 device(s) connected
2017-05-31 07:21:37:673 - info: [debug] [ADB] Running 'D:\SoftWare\SDK\platform-tools\adb.exe' with args: ["-P",5037,"-s","022TAS7N51009853","shell","echo","ping"]
2017-05-31 07:21:37:720 - info: [debug] [Logcat] Starting logcat capture
2017-05-31 07:21:37:767 - info: [debug] [AndroidDriver] Enabling Unicode keyboard support
2017-05-31 07:21:37:767 - info: [debug] [AndroidDriver] Pushing unicode ime to device...
2017-05-31 07:21:37:767 - info: [debug] [ADB] Running 'D:\SoftWare\SDK\platform-tools\adb.exe' with args: ["-P",5037,"-s","022TAS7N51009853","install","D:\\MyProgram\\nodejs\\node_modules\\appium\\node_modules\\appium-android-ime\\bin\\UnicodeIME-debug.apk"]
2017-05-31 07:21:38:984 - info: [debug] [ADB] Getting connected devices...
2017-05-31 07:21:39:015 - info: [debug] [ADB] 1 device(s) connected
2017-05-31 07:21:39:015 - info: [debug] [ADB] Running 'D:\SoftWare\SDK\platform-tools\adb.exe' with args: ["-P",5037,"-s","022TAS7N51009853","shell","settings","get","secure","default_input_method"]
2017-05-31 07:21:39:846 - info: [debug] [AndroidDriver] Unsetting previous IME io.appium.android.ime/.UnicodeIME
2017-05-31 07:21:39:846 - info: [debug] [AndroidDriver] Setting IME to 'io.appium.android.ime/.UnicodeIME'
2017-05-31 07:21:39:846 - info: [debug] [ADB] Getting connected devices...
2017-05-31 07:21:39:892 - info: [debug] [ADB] 1 device(s) connected
2017-05-31 07:21:39:892 - info: [debug] [ADB] Running 'D:\SoftWare\SDK\platform-tools\adb.exe' with args: ["-P",5037,"-s","022TAS7N51009853","shell","ime","enable","io.appium.android.ime/.UnicodeIME"]
2017-05-31 07:21:40:736 - info: [debug] [ADB] Getting connected devices...
2017-05-31 07:21:40:768 - info: [debug] [ADB] 1 device(s) connected
2017-05-31 07:21:40:768 - info: [debug] [ADB] Running 'D:\SoftWare\SDK\platform-tools\adb.exe' with args: ["-P",5037,"-s","022TAS7N51009853","shell","ime","set","io.appium.android.ime/.UnicodeIME"]
2017-05-31 07:21:41:769 - info: [debug] [AndroidDriver] Pushing settings apk to device...
2017-05-31 07:21:41:769 - info: [debug] [ADB] Getting install status for io.appium.settings
2017-05-31 07:21:41:769 - info: [debug] [ADB] Getting connected devices...
2017-05-31 07:21:41:802 - info: [debug] [ADB] 1 device(s) connected
2017-05-31 07:21:41:802 - info: [debug] [ADB] Running 'D:\SoftWare\SDK\platform-tools\adb.exe' with args: ["-P",5037,"-s","022TAS7N51009853","shell","pm","list","packages","io.appium.settings"]
2017-05-31 07:21:42:816 - info: [debug] [ADB] App is installed
2017-05-31 07:21:42:816 - info: [debug] [ADB] Getting package info for io.appium.settings
2017-05-31 07:21:42:816 - info: [debug] [ADB] Getting connected devices...
2017-05-31 07:21:42:848 - info: [ADB] Checking whether aapt is present
2017-05-31 07:21:42:848 - info: [ADB] Using aapt.exe from D:\SoftWare\SDK\build-tools\24.0.3\aapt.exe
2017-05-31 07:21:42:863 - info: [debug] [ADB] 1 device(s) connected
2017-05-31 07:21:42:863 - info: [debug] [ADB] Running 'D:\SoftWare\SDK\platform-tools\adb.exe' with args: ["-P",5037,"-s","022TAS7N51009853","shell","dumpsys","package","io.appium.settings"]
2017-05-31 07:21:42:879 - warn: [ADB] Cannot read version codes of D:\MyProgram\nodejs\node_modules\appium\node_modules\io.appium.settings\app\build\outputs\apk\settings_apk-debug.apk and/or io.appium.settings. Assuming correct app version is already installed
2017-05-31 07:21:42:879 - info: [debug] [ADB] Getting connected devices...
2017-05-31 07:21:42:910 - info: [debug] [ADB] 1 device(s) connected
2017-05-31 07:21:42:910 - info: [debug] [ADB] Running 'D:\SoftWare\SDK\platform-tools\adb.exe' with args: ["-P",5037,"-s","022TAS7N51009853","shell","getprop","ro.build.version.sdk"]
2017-05-31 07:21:42:941 - info: [debug] [ADB] Device API level: 19
2017-05-31 07:21:42:941 - info: [debug] [ADB] Getting connected devices...
2017-05-31 07:21:42:988 - info: [debug] [ADB] 1 device(s) connected
2017-05-31 07:21:42:988 - info: [debug] [ADB] Running 'D:\SoftWare\SDK\platform-tools\adb.exe' with args: ["-P",5037,"-s","022TAS7N51009853","shell","dumpsys","package","io.appium.settings"]
2017-05-31 07:21:43:067 - info: [debug] [AndroidDriver] Pushing unlock helper app to device...
2017-05-31 07:21:43:067 - info: [debug] [ADB] Running 'D:\SoftWare\SDK\platform-tools\adb.exe' with args: ["-P",5037,"-s","022TAS7N51009853","install","D:\\MyProgram\\nodejs\\node_modules\\appium\\node_modules\\appium-unlock\\bin\\unlock_apk-debug.apk"]
2017-05-31 07:21:44:098 - info: [debug] [ADB] Device API level: 19
2017-05-31 07:21:44:098 - info: [debug] [ADB] Getting connected devices...
2017-05-31 07:21:44:146 - info: [debug] [ADB] 1 device(s) connected
2017-05-31 07:21:44:146 - info: [debug] [ADB] Running 'D:\SoftWare\SDK\platform-tools\adb.exe' with args: ["-P",5037,"-s","022TAS7N51009853","shell","settings","put","secure","mock_location","1"]
2017-05-31 07:21:44:975 - info: [ADB] Getting device platform version
2017-05-31 07:21:44:975 - info: [debug] [ADB] Getting connected devices...
2017-05-31 07:21:45:022 - info: [debug] [ADB] 1 device(s) connected
2017-05-31 07:21:45:022 - info: [debug] [ADB] Running 'D:\SoftWare\SDK\platform-tools\adb.exe' with args: ["-P",5037,"-s","022TAS7N51009853","shell","getprop","ro.build.version.release"]
2017-05-31 07:21:45:053 - info: [debug] [ADB] Getting connected devices...
2017-05-31 07:21:45:085 - info: [debug] [ADB] 1 device(s) connected
2017-05-31 07:21:45:085 - info: [debug] [ADB] Running 'D:\SoftWare\SDK\platform-tools\adb.exe' with args: ["-P",5037,"-s","022TAS7N51009853","shell","wm","size"]
2017-05-31 07:21:45:927 - info: [debug] [ADB] Getting connected devices...
2017-05-31 07:21:45:975 - info: [debug] [ADB] 1 device(s) connected
2017-05-31 07:21:45:975 - info: [debug] [ADB] Running 'D:\SoftWare\SDK\platform-tools\adb.exe' with args: ["-P",5037,"-s","022TAS7N51009853","shell","getprop","ro.product.model"]
2017-05-31 07:21:46:022 - info: [debug] [ADB] Current device property 'ro.product.model': HUAWEI P6 S-U06
2017-05-31 07:21:46:022 - info: [debug] [ADB] Getting connected devices...
2017-05-31 07:21:46:037 - info: [debug] [ADB] 1 device(s) connected
2017-05-31 07:21:46:037 - info: [debug] [ADB] Running 'D:\SoftWare\SDK\platform-tools\adb.exe' with args: ["-P",5037,"-s","022TAS7N51009853","shell","getprop","ro.product.manufacturer"]
2017-05-31 07:21:46:100 - info: [debug] [ADB] Current device property 'ro.product.manufacturer': HUAWEI
2017-05-31 07:21:46:224 - info: [AndroidDriver] Remote apk path is /data/local/tmp/42e2f15827830994ee5f75a4ff734348.apk
2017-05-31 07:21:46:224 - info: [debug] [ADB] Getting connected devices...
2017-05-31 07:21:46:256 - info: [debug] [ADB] 1 device(s) connected
2017-05-31 07:21:46:256 - info: [debug] [ADB] Running 'D:\SoftWare\SDK\platform-tools\adb.exe' with args: ["-P",5037,"-s","022TAS7N51009853","shell","ls","/data/local/tmp/42e2f15827830994ee5f75a4ff734348.apk"]
2017-05-31 07:21:46:287 - info: [debug] [AndroidDriver] Checking if app is installed
2017-05-31 07:21:46:287 - info: [debug] [ADB] Getting install status for com.play.android
2017-05-31 07:21:46:287 - info: [debug] [ADB] Getting connected devices...
2017-05-31 07:21:46:318 - info: [debug] [ADB] 1 device(s) connected
2017-05-31 07:21:46:318 - info: [debug] [ADB] Running 'D:\SoftWare\SDK\platform-tools\adb.exe' with args: ["-P",5037,"-s","022TAS7N51009853","shell","pm","list","packages","com.play.android"]
2017-05-31 07:21:47:176 - info: [debug] [ADB] App is installed
2017-05-31 07:21:47:176 - info: [AndroidDriver] Apk is already on remote and installed, resetting
2017-05-31 07:21:47:176 - info: [debug] [AndroidDriver] Running fast reset (stop and clear)
2017-05-31 07:21:47:192 - info: [debug] [ADB] Getting connected devices...
2017-05-31 07:21:47:226 - info: [debug] [ADB] 1 device(s) connected
2017-05-31 07:21:47:226 - info: [debug] [ADB] Running 'D:\SoftWare\SDK\platform-tools\adb.exe' with args: ["-P",5037,"-s","022TAS7N51009853","shell","am","force-stop","com.play.android"]
2017-05-31 07:21:48:162 - info: [debug] [ADB] Getting connected devices...
2017-05-31 07:21:48:209 - info: [debug] [ADB] 1 device(s) connected
2017-05-31 07:21:48:209 - info: [debug] [ADB] Running 'D:\SoftWare\SDK\platform-tools\adb.exe' with args: ["-P",5037,"-s","022TAS7N51009853","shell","pm","clear","com.play.android"]
2017-05-31 07:21:49:083 - info: [debug] [AndroidDriver] Extracting strings from apk D:\workSpace\EclipseProjects\AppiumForEclipse\apps\play.apk null C:\Users\ADMINI~1\AppData\Local\Temp\com.play.android
2017-05-31 07:21:49:083 - info: [debug] [ADB] Extracting strings for language: default
2017-05-31 07:21:49:083 - info: [debug] [ADB] Device API level: 19
2017-05-31 07:21:49:083 - info: [debug] [ADB] Getting connected devices...
2017-05-31 07:21:49:130 - info: [debug] [ADB] 1 device(s) connected
2017-05-31 07:21:49:130 - info: [debug] [ADB] Running 'D:\SoftWare\SDK\platform-tools\adb.exe' with args: ["-P",5037,"-s","022TAS7N51009853","shell","getprop","persist.sys.language"]
2017-05-31 07:21:49:161 - info: [debug] [ADB] Current device property 'persist.sys.language': zh
2017-05-31 07:21:50:305 - info: [debug] [ADB] Reading strings from converted strings.json
2017-05-31 07:21:50:305 - info: [debug] [ADB] Running 'D:\SoftWare\SDK\platform-tools\adb.exe' with args: ["-P",5037,"-s","022TAS7N51009853","push","C:\\Users\\ADMINI~1\\AppData\\Local\\Temp\\com.play.android\\strings.json","/data/local/tmp"]
2017-05-31 07:21:50:353 - info: [debug] [AndroidBootstrap] Watching for bootstrap disconnect
2017-05-31 07:21:50:353 - info: [debug] [ADB] Forwarding system: 4724 to device: 4724
2017-05-31 07:21:50:353 - info: [debug] [ADB] Running 'D:\SoftWare\SDK\platform-tools\adb.exe' with args: ["-P",5037,"-s","022TAS7N51009853","forward","tcp:4724","tcp:4724"]
2017-05-31 07:21:50:368 - info: [debug] [UiAutomator] Starting UiAutomator
2017-05-31 07:21:50:368 - info: [debug] [UiAutomator] Moving to state 'starting'
2017-05-31 07:21:50:368 - info: [debug] [UiAutomator] Parsing uiautomator jar
2017-05-31 07:21:50:368 - info: [debug] [UiAutomator] Found jar name: 'AppiumBootstrap.jar'
2017-05-31 07:21:50:368 - info: [debug] [ADB] Running 'D:\SoftWare\SDK\platform-tools\adb.exe' with args: ["-P",5037,"-s","022TAS7N51009853","push","D:\\MyProgram\\nodejs\\node_modules\\appium\\node_modules\\appium-android-bootstrap\\bootstrap\\bin\\AppiumBootstrap.jar","/data/local/tmp/"]
2017-05-31 07:21:50:415 - info: [debug] [ADB] Attempting to kill all uiautomator processes
2017-05-31 07:21:50:415 - info: [debug] [ADB] Getting all processes with uiautomator
2017-05-31 07:21:50:415 - info: [debug] [ADB] Getting connected devices...
2017-05-31 07:21:50:446 - info: [debug] [ADB] 1 device(s) connected
2017-05-31 07:21:50:446 - info: [debug] [ADB] Running 'D:\SoftWare\SDK\platform-tools\adb.exe' with args: ["-P",5037,"-s","022TAS7N51009853","shell","ps"]
2017-05-31 07:21:50:587 - info: [ADB] No uiautomator process found to kill, continuing...
2017-05-31 07:21:50:587 - info: [debug] [UiAutomator] Starting UIAutomator
2017-05-31 07:21:50:587 - info: [debug] [ADB] Creating ADB subprocess with args: ["-P",5037,"-s","022TAS7N51009853","shell","uiautomator","runtest","AppiumBootstrap.jar","-c","io.appium.android.bootstrap.Bootstrap","-e","pkg","com.play.android","-e","disableAndroidWatchers",false,"-e","acceptSslCerts",false]
2017-05-31 07:21:51:290 - info: [debug] [UiAutomator] Moving to state 'online'
2017-05-31 07:21:51:305 - info: [AndroidBootstrap] Android bootstrap socket is now connected
2017-05-31 07:21:51:305 - info: [debug] [ADB] Getting connected devices...
2017-05-31 07:21:51:338 - info: [AndroidBootstrap] [BOOTSTRAP LOG] [debug] json loading complete.
2017-05-31 07:21:51:338 - info: [AndroidBootstrap] [BOOTSTRAP LOG] [debug] Registered crash watchers.
2017-05-31 07:21:51:338 - info: [AndroidBootstrap] [BOOTSTRAP LOG] [debug] Client connected
2017-05-31 07:21:51:353 - info: [debug] [ADB] 1 device(s) connected
2017-05-31 07:21:51:353 - info: [debug] [ADB] Running 'D:\SoftWare\SDK\platform-tools\adb.exe' with args: ["-P",5037,"-s","022TAS7N51009853","shell","dumpsys","window"]
2017-05-31 07:21:51:400 - info: [AndroidDriver] Screen already unlocked, doing nothing
2017-05-31 07:21:51:400 - info: [debug] [ADB] Device API level: 19
2017-05-31 07:21:51:400 - info: [debug] [ADB] Getting connected devices...
2017-05-31 07:21:51:431 - info: [debug] [ADB] 1 device(s) connected
2017-05-31 07:21:51:431 - info: [debug] [ADB] Running 'D:\SoftWare\SDK\platform-tools\adb.exe' with args: ["-P",5037,"-s","022TAS7N51009853","shell","am","start","-W","-n","com.play.android/com.play.android.activity.SplashActivity","-S","-a","android.intent.action.MAIN","-c","android.intent.category.LAUNCHER","-f","0x10200000"]
2017-05-31 07:21:59:669 - info: [Appium] New AndroidDriver session created successfully, session 41845257-c469-454b-a668-15891844bb8b added to master session list
2017-05-31 07:21:59:671 - info: [debug] [BaseDriver] Event 'newSessionStarted' logged at 1496215319670 (15:21:59 GMT+0800 (中国标准时间))
2017-05-31 07:21:59:671 - info: [debug] [MJSONWP] Responding to client with driver.createSession() result: {"platform":"LINUX","webStorageEnabled":false,"takesScreenshot":true,"javascriptEnabled":true,"databaseEnabled":false,"networkConnectionEnabled":true,"locationContextEnabled":false,"warnings":{},"desired":{"appPackage":"com.play.android","appActivity":"com.play.android.activity.SplashActivity","app":"D:\\workSpace\\EclipseProjects\\AppiumForEclipse\\apps\\play.apk","noSign":true,"unicodeKeyboard":true,"platformName":"Android","deviceName":"022TAS7N51009853","resetKeyboard":true},"appPackage":"com.play.android","appActivity":"com.play.android.activity.SplashActivity","app":"D:\\workSpace\\EclipseProjects\\AppiumForEclipse\\apps\\play.apk","noSign":true,"unicodeKeyboard":true,"platformName":"Android","deviceName":"022TAS7N51009853","resetKeyboard":true,"deviceUDID":"022TAS7N51009853","platformVersion":"4.4.2","deviceScreenSize":"720x1280","deviceModel":"HUAWEI P6 S-U06","deviceManufacturer":"HUAWEI"}
2017-05-31 07:21:59:676 - info: [HTTP] <-- POST /wd/hub/session 200 22265 ms - 983 
2017-05-31 07:22:01:489 - info: [HTTP] --> POST /wd/hub/session/41845257-c469-454b-a668-15891844bb8b/timeouts {"type":"implicit","ms":20000}
2017-05-31 07:22:01:490 - info: [debug] [MJSONWP] Calling AppiumDriver.timeouts() with args: ["implicit",20000,"41845257-c469-454b-a668-15891844bb8b"]
2017-05-31 07:22:01:492 - info: [debug] [BaseDriver] Set implicit wait to 20000ms
2017-05-31 07:22:01:493 - info: [debug] [MJSONWP] Responding to client with driver.timeouts() result: null
2017-05-31 07:22:01:494 - info: [HTTP] <-- POST /wd/hub/session/41845257-c469-454b-a668-15891844bb8b/timeouts 200 5 ms - 76 
2017-05-31 07:22:01:772 - info: [HTTP] --> POST /wd/hub/session/41845257-c469-454b-a668-15891844bb8b/timeouts {"type":"implicit","ms":20000}
2017-05-31 07:22:01:773 - info: [debug] [MJSONWP] Calling AppiumDriver.timeouts() with args: ["implicit",20000,"41845257-c469-454b-a668-15891844bb8b"]
2017-05-31 07:22:01:774 - info: [debug] [BaseDriver] Set implicit wait to 20000ms
2017-05-31 07:22:01:775 - info: [debug] [MJSONWP] Responding to client with driver.timeouts() result: null
2017-05-31 07:22:01:777 - info: [HTTP] <-- POST /wd/hub/session/41845257-c469-454b-a668-15891844bb8b/timeouts 200 4 ms - 76 
2017-05-31 07:22:01:807 - info: [HTTP] --> GET /wd/hub/session/41845257-c469-454b-a668-15891844bb8b/appium/device/current_activity {}
2017-05-31 07:22:01:810 - info: [debug] [MJSONWP] Calling AppiumDriver.getCurrentActivity() with args: ["41845257-c469-454b-a668-15891844bb8b"]
2017-05-31 07:22:01:811 - info: [debug] [ADB] Getting focused package and activity
2017-05-31 07:22:01:812 - info: [debug] [ADB] Getting connected devices...
2017-05-31 07:22:01:848 - info: [debug] [ADB] 1 device(s) connected
2017-05-31 07:22:01:849 - info: [debug] [ADB] Running 'D:\SoftWare\SDK\platform-tools\adb.exe' with args: ["-P",5037,"-s","022TAS7N51009853","shell","dumpsys","window","windows"]
2017-05-31 07:22:01:941 - info: [debug] [MJSONWP] Responding to client with driver.getCurrentActivity() result: ".activity.main.HomeActivity"
2017-05-31 07:22:01:943 - info: [HTTP] <-- GET /wd/hub/session/41845257-c469-454b-a668-15891844bb8b/appium/device/current_activity 200 135 ms - 101 
2017-05-31 07:22:02:005 - info: [HTTP] --> POST /wd/hub/session/41845257-c469-454b-a668-15891844bb8b/timeouts {"type":"implicit","ms":0}
2017-05-31 07:22:02:005 - info: [debug] [MJSONWP] Calling AppiumDriver.timeouts() with args: ["implicit",0,"41845257-c469-454b-a668-15891844bb8b"]
2017-05-31 07:22:02:006 - info: [debug] [BaseDriver] Set implicit wait to 0ms
2017-05-31 07:22:02:007 - info: [debug] [MJSONWP] Responding to client with driver.timeouts() result: null
2017-05-31 07:22:02:014 - info: [HTTP] <-- POST /wd/hub/session/41845257-c469-454b-a668-15891844bb8b/timeouts 200 3 ms - 76 
2017-05-31 07:22:02:036 - info: [HTTP] --> GET /wd/hub/session/41845257-c469-454b-a668-15891844bb8b/context {}
2017-05-31 07:22:02:036 - info: [debug] [MJSONWP] Calling AppiumDriver.getCurrentContext() with args: ["41845257-c469-454b-a668-15891844bb8b"]
2017-05-31 07:22:02:038 - info: [debug] [MJSONWP] Responding to client with driver.getCurrentContext() result: "NATIVE_APP"
2017-05-31 07:22:02:039 - info: [HTTP] <-- GET /wd/hub/session/41845257-c469-454b-a668-15891844bb8b/context 200 3 ms - 84 
2017-05-31 07:22:02:044 - info: [HTTP] --> POST /wd/hub/session/41845257-c469-454b-a668-15891844bb8b/elements {"using":"id","value":"com.play.android:id/sdv_image"}
2017-05-31 07:22:02:045 - info: [debug] [MJSONWP] Calling AppiumDriver.findElements() with args: ["id","com.play.android:id/sdv_image","41845257-c469-454b-a668-15891844bb8b"]
2017-05-31 07:22:02:046 - info: [debug] [BaseDriver] Valid locator strategies for this request: xpath, id, class name, accessibility id, -android uiautomator
2017-05-31 07:22:02:049 - info: [debug] [BaseDriver] Valid locator strategies for this request: xpath, id, class name, accessibility id, -android uiautomator
2017-05-31 07:22:02:050 - info: [debug] [BaseDriver] Waiting up to 0 ms for condition
2017-05-31 07:22:02:055 - info: [debug] [AndroidBootstrap] Sending command to android: {"cmd":"action","action":"find","params":{"strategy":"id","selector":"com.play.android:id/sdv_image","context":"","multiple":true}}
2017-05-31 07:22:02:058 - info: [AndroidBootstrap] [BOOTSTRAP LOG] [debug] Got data from client: {"cmd":"action","action":"find","params":{"strategy":"id","selector":"com.play.android:id/sdv_image","context":"","multiple":true}}
2017-05-31 07:22:02:060 - info: [AndroidBootstrap] [BOOTSTRAP LOG] [debug] Got command of type ACTION
2017-05-31 07:22:02:061 - info: [AndroidBootstrap] [BOOTSTRAP LOG] [debug] Got command action: find
2017-05-31 07:22:02:061 - info: [AndroidBootstrap] [BOOTSTRAP LOG] [debug] Finding 'com.play.android:id/sdv_image' using 'ID' with the contextId: '' multiple: true
2017-05-31 07:22:02:062 - info: [AndroidBootstrap] [BOOTSTRAP LOG] [debug] Using: UiSelector[RESOURCE_ID=com.play.android:id/sdv_image]
2017-05-31 07:22:02:062 - info: [AndroidBootstrap] [BOOTSTRAP LOG] [debug] getElements selector:UiSelector[RESOURCE_ID=com.play.android:id/sdv_image]
2017-05-31 07:22:02:062 - info: [AndroidBootstrap] [BOOTSTRAP LOG] [debug] Element[] is null: (0)
2017-05-31 07:22:02:062 - info: [AndroidBootstrap] [BOOTSTRAP LOG] [debug] getElements tmp selector:UiSelector[INSTANCE=0, RESOURCE_ID=com.play.android:id/sdv_image]
2017-05-31 07:22:02:367 - info: [AndroidBootstrap] [BOOTSTRAP LOG] [debug] Element[] is null: (1)
2017-05-31 07:22:02:368 - info: [AndroidBootstrap] [BOOTSTRAP LOG] [debug] getElements tmp selector:UiSelector[INSTANCE=1, RESOURCE_ID=com.play.android:id/sdv_image]
2017-05-31 07:22:02:410 - info: [AndroidBootstrap] [BOOTSTRAP LOG] [debug] Element[] is null: (2)
2017-05-31 07:22:02:410 - info: [AndroidBootstrap] [BOOTSTRAP LOG] [debug] getElements tmp selector:UiSelector[INSTANCE=2, RESOURCE_ID=com.play.android:id/sdv_image]
2017-05-31 07:22:02:498 - info: [AndroidBootstrap] [BOOTSTRAP LOG] [debug] Returning result: {"value":[{"ELEMENT":"1"},{"ELEMENT":"2"}],"status":0}
2017-05-31 07:22:02:499 - info: [debug] [AndroidBootstrap] Received command result from bootstrap
2017-05-31 07:22:02:500 - info: [debug] [MJSONWP] Responding to client with driver.findElements() result: [{"ELEMENT":"1"},{"ELEMENT":"2"}]
2017-05-31 07:22:02:502 - info: [HTTP] <-- POST /wd/hub/session/41845257-c469-454b-a668-15891844bb8b/elements 200 457 ms - 105 
2017-05-31 07:22:02:821 - info: [HTTP] --> POST /wd/hub/session/41845257-c469-454b-a668-15891844bb8b/timeouts {"type":"implicit","ms":5000}
2017-05-31 07:22:02:822 - info: [debug] [MJSONWP] Calling AppiumDriver.timeouts() with args: ["implicit",5000,"41845257-c469-454b-a668-15891844bb8b"]
2017-05-31 07:22:02:823 - info: [debug] [BaseDriver] Set implicit wait to 5000ms
2017-05-31 07:22:02:825 - info: [debug] [MJSONWP] Responding to client with driver.timeouts() result: null
2017-05-31 07:22:02:826 - info: [HTTP] <-- POST /wd/hub/session/41845257-c469-454b-a668-15891844bb8b/timeouts 200 5 ms - 76 
2017-05-31 07:22:02:870 - info: [HTTP] --> POST /wd/hub/session/41845257-c469-454b-a668-15891844bb8b/timeouts {"type":"implicit","ms":0}
2017-05-31 07:22:02:870 - info: [debug] [MJSONWP] Calling AppiumDriver.timeouts() with args: ["implicit",0,"41845257-c469-454b-a668-15891844bb8b"]
2017-05-31 07:22:02:871 - info: [debug] [BaseDriver] Set implicit wait to 0ms
2017-05-31 07:22:02:873 - info: [debug] [MJSONWP] Responding to client with driver.timeouts() result: null
2017-05-31 07:22:02:874 - info: [HTTP] <-- POST /wd/hub/session/41845257-c469-454b-a668-15891844bb8b/timeouts 200 4 ms - 76 
2017-05-31 07:22:02:878 - info: [HTTP] --> GET /wd/hub/session/41845257-c469-454b-a668-15891844bb8b/context {}
2017-05-31 07:22:02:879 - info: [debug] [MJSONWP] Calling AppiumDriver.getCurrentContext() with args: ["41845257-c469-454b-a668-15891844bb8b"]
2017-05-31 07:22:02:883 - info: [debug] [MJSONWP] Responding to client with driver.getCurrentContext() result: "NATIVE_APP"
2017-05-31 07:22:02:884 - info: [HTTP] <-- GET /wd/hub/session/41845257-c469-454b-a668-15891844bb8b/context 200 6 ms - 84 
2017-05-31 07:22:02:888 - info: [HTTP] --> POST /wd/hub/session/41845257-c469-454b-a668-15891844bb8b/elements {"using":"id","value":"com.play.android:id/sdv_image"}
2017-05-31 07:22:02:889 - info: [debug] [MJSONWP] Calling AppiumDriver.findElements() with args: ["id","com.play.android:id/sdv_image","41845257-c469-454b-a668-15891844bb8b"]
2017-05-31 07:22:02:890 - info: [debug] [BaseDriver] Valid locator strategies for this request: xpath, id, class name, accessibility id, -android uiautomator
2017-05-31 07:22:02:890 - info: [debug] [BaseDriver] Valid locator strategies for this request: xpath, id, class name, accessibility id, -android uiautomator
2017-05-31 07:22:02:890 - info: [debug] [BaseDriver] Waiting up to 0 ms for condition
2017-05-31 07:22:02:891 - info: [debug] [AndroidBootstrap] Sending command to android: {"cmd":"action","action":"find","params":{"strategy":"id","selector":"com.play.android:id/sdv_image","context":"","multiple":true}}
2017-05-31 07:22:02:895 - info: [AndroidBootstrap] [BOOTSTRAP LOG] [debug] Got data from client: {"cmd":"action","action":"find","params":{"strategy":"id","selector":"com.play.android:id/sdv_image","context":"","multiple":true}}
2017-05-31 07:22:02:896 - info: [AndroidBootstrap] [BOOTSTRAP LOG] [debug] Got command of type ACTION
2017-05-31 07:22:02:896 - info: [AndroidBootstrap] [BOOTSTRAP LOG] [debug] Got command action: find
2017-05-31 07:22:02:897 - info: [AndroidBootstrap] [BOOTSTRAP LOG] [debug] Finding 'com.play.android:id/sdv_image' using 'ID' with the contextId: '' multiple: true
2017-05-31 07:22:02:897 - info: [AndroidBootstrap] [BOOTSTRAP LOG] [debug] Using: UiSelector[RESOURCE_ID=com.play.android:id/sdv_image]
2017-05-31 07:22:02:897 - info: [AndroidBootstrap] [BOOTSTRAP LOG] [debug] getElements selector:UiSelector[RESOURCE_ID=com.play.android:id/sdv_image]
2017-05-31 07:22:02:898 - info: [AndroidBootstrap] [BOOTSTRAP LOG] [debug] Element[] is null: (0)
2017-05-31 07:22:02:898 - info: [AndroidBootstrap] [BOOTSTRAP LOG] [debug] getElements tmp selector:UiSelector[INSTANCE=0, RESOURCE_ID=com.play.android:id/sdv_image]
2017-05-31 07:22:02:920 - info: [AndroidBootstrap] [BOOTSTRAP LOG] [debug] Element[] is null: (1)
2017-05-31 07:22:02:921 - info: [AndroidBootstrap] [BOOTSTRAP LOG] [debug] getElements tmp selector:UiSelector[INSTANCE=1, RESOURCE_ID=com.play.android:id/sdv_image]
2017-05-31 07:22:02:955 - info: [AndroidBootstrap] [BOOTSTRAP LOG] [debug] Element[] is null: (2)
2017-05-31 07:22:02:956 - info: [AndroidBootstrap] [BOOTSTRAP LOG] [debug] getElements tmp selector:UiSelector[INSTANCE=2, RESOURCE_ID=com.play.android:id/sdv_image]
2017-05-31 07:22:02:989 - info: [AndroidBootstrap] [BOOTSTRAP LOG] [debug] Returning result: {"value":[{"ELEMENT":"3"},{"ELEMENT":"4"}],"status":0}
2017-05-31 07:22:02:990 - info: [debug] [AndroidBootstrap] Received command result from bootstrap
2017-05-31 07:22:02:992 - info: [debug] [MJSONWP] Responding to client with driver.findElements() result: [{"ELEMENT":"3"},{"ELEMENT":"4"}]
2017-05-31 07:22:02:993 - info: [HTTP] <-- POST /wd/hub/session/41845257-c469-454b-a668-15891844bb8b/elements 200 105 ms - 105 
2017-05-31 07:22:03:229 - info: [HTTP] --> POST /wd/hub/session/41845257-c469-454b-a668-15891844bb8b/timeouts {"type":"implicit","ms":5000}
2017-05-31 07:22:03:230 - info: [debug] [MJSONWP] Calling AppiumDriver.timeouts() with args: ["implicit",5000,"41845257-c469-454b-a668-15891844bb8b"]
2017-05-31 07:22:03:231 - info: [debug] [BaseDriver] Set implicit wait to 5000ms
2017-05-31 07:22:03:232 - info: [debug] [MJSONWP] Responding to client with driver.timeouts() result: null
2017-05-31 07:22:03:233 - info: [HTTP] <-- POST /wd/hub/session/41845257-c469-454b-a668-15891844bb8b/timeouts 200 3 ms - 76 
2017-05-31 07:22:03:264 - info: [HTTP] --> POST /wd/hub/session/41845257-c469-454b-a668-15891844bb8b/element/4/click {"id":"4"}
2017-05-31 07:22:03:265 - info: [debug] [MJSONWP] Calling AppiumDriver.click() with args: ["4","41845257-c469-454b-a668-15891844bb8b"]
2017-05-31 07:22:03:266 - info: [debug] [AndroidBootstrap] Sending command to android: {"cmd":"action","action":"element:click","params":{"elementId":"4"}}
2017-05-31 07:22:03:269 - info: [AndroidBootstrap] [BOOTSTRAP LOG] [debug] Got data from client: {"cmd":"action","action":"element:click","params":{"elementId":"4"}}
2017-05-31 07:22:03:270 - info: [AndroidBootstrap] [BOOTSTRAP LOG] [debug] Got command of type ACTION
2017-05-31 07:22:03:271 - info: [AndroidBootstrap] [BOOTSTRAP LOG] [debug] Got command action: click
2017-05-31 07:22:03:561 - info: [AndroidBootstrap] [BOOTSTRAP LOG] [debug] Returning result: {"value":true,"status":0}
2017-05-31 07:22:03:561 - info: [debug] [AndroidBootstrap] Received command result from bootstrap
2017-05-31 07:22:03:562 - info: [debug] [MJSONWP] Responding to client with driver.click() result: true
2017-05-31 07:22:03:563 - info: [HTTP] <-- POST /wd/hub/session/41845257-c469-454b-a668-15891844bb8b/element/4/click 200 299 ms - 76 
2017-05-31 07:22:03:574 - info: [HTTP] --> GET /wd/hub/session/41845257-c469-454b-a668-15891844bb8b/appium/device/current_activity {}
2017-05-31 07:22:03:575 - info: [debug] [MJSONWP] Calling AppiumDriver.getCurrentActivity() with args: ["41845257-c469-454b-a668-15891844bb8b"]
2017-05-31 07:22:03:576 - info: [debug] [ADB] Getting focused package and activity
2017-05-31 07:22:03:577 - info: [debug] [ADB] Getting connected devices...
2017-05-31 07:22:03:607 - info: [debug] [ADB] 1 device(s) connected
2017-05-31 07:22:03:608 - info: [debug] [ADB] Running 'D:\SoftWare\SDK\platform-tools\adb.exe' with args: ["-P",5037,"-s","022TAS7N51009853","shell","dumpsys","window","windows"]
2017-05-31 07:22:03:674 - info: [debug] [MJSONWP] Responding to client with driver.getCurrentActivity() result: ".activity.product.ProductClassifitionActivity"
2017-05-31 07:22:03:675 - info: [HTTP] <-- GET /wd/hub/session/41845257-c469-454b-a668-15891844bb8b/appium/device/current_activity 200 101 ms - 119 
2017-05-31 07:22:03:687 - info: [HTTP] --> POST /wd/hub/session/41845257-c469-454b-a668-15891844bb8b/appium/app/close {}
2017-05-31 07:22:03:688 - info: [debug] [MJSONWP] Calling AppiumDriver.closeApp() with args: ["41845257-c469-454b-a668-15891844bb8b"]
2017-05-31 07:22:03:690 - info: [debug] [ADB] Getting connected devices...
2017-05-31 07:22:03:726 - info: [debug] [ADB] 1 device(s) connected
2017-05-31 07:22:03:726 - info: [debug] [ADB] Running 'D:\SoftWare\SDK\platform-tools\adb.exe' with args: ["-P",5037,"-s","022TAS7N51009853","shell","am","force-stop","com.play.android"]
2017-05-31 07:22:04:695 - info: [debug] [MJSONWP] Responding to client with driver.closeApp() result: null
2017-05-31 07:22:04:696 - info: [HTTP] <-- POST /wd/hub/session/41845257-c469-454b-a668-15891844bb8b/appium/app/close 200 1009 ms - 76 
