2017-05-31 06:14:33:626 - info: [Appium] Welcome to Appium v1.6.5
2017-05-31 06:14:33:630 - info: [Appium] Non-default server args:
2017-05-31 06:14:33:631 - info: [Appium]   address: 127.0.0.1
2017-05-31 06:14:33:631 - info: [Appium]   log: D:\workSpace\EclipseProjects\AppiumForEclipse\log\1496211267456.log
2017-05-31 06:14:33:697 - info: [Appium] Appium REST http interface listener started on 127.0.0.1:4723
2017-05-31 06:14:34:095 - info: [HTTP] --> GET /wd/hub/status {}
2017-05-31 06:14:34:101 - info: [debug] [MJSONWP] Calling AppiumDriver.getStatus() with args: []
2017-05-31 06:14:34:147 - info: [debug] [MJSONWP] Responding to client with driver.getStatus() result: {"build":{"version":"1.6.5","revision":null}}
2017-05-31 06:14:34:155 - info: [HTTP] <-- GET /wd/hub/status 200 56 ms - 83 
2017-05-31 06:14:34:162 - info: [HTTP] --> GET /wd/hub/status {}
2017-05-31 06:14:34:163 - info: [debug] [MJSONWP] Calling AppiumDriver.getStatus() with args: []
2017-05-31 06:14:34:201 - info: [debug] [MJSONWP] Responding to client with driver.getStatus() result: {"build":{"version":"1.6.5","revision":null}}
2017-05-31 06:14:34:203 - info: [HTTP] <-- GET /wd/hub/status 200 40 ms - 83 
2017-05-31 06:14:34:841 - info: [HTTP] --> POST /wd/hub/session {"desiredCapabilities":{"appPackage":"com.play.android","appActivity":"com.play.android.activity.SplashActivity","app":"D:\\workSpace\\EclipseProjects\\AppiumForEclipse\\apps\\play.apk","noSign":"True","unicodeKeyboard":"True","platformName":"Android","deviceName":"022TAS7N51009853","resetKeyboard":"True"}}
2017-05-31 06:14:34:842 - info: [debug] [MJSONWP] Calling AppiumDriver.createSession() with args: [{"appPackage":"com.play.android","appActivity":"com.play.android.activity.SplashActivity","app":"D:\\workSpace\\EclipseProjects\\AppiumForEclipse\\apps\\play.apk","noSign":"True","unicodeKeyboard":"True","platformName":"Android","deviceName":"022TAS7N51009853","resetKeyboard":"True"},null,null]
2017-05-31 06:14:34:843 - info: [debug] [BaseDriver] Event 'newSessionRequested' logged at 1496211274843 (14:14:34 GMT+0800 (中国标准时间))
2017-05-31 06:14:34:847 - info: [Appium] Creating new AndroidDriver (v1.20.0) session
2017-05-31 06:14:34:847 - info: [Appium] Capabilities:
2017-05-31 06:14:34:851 - info: [Appium]   appPackage: 'com.play.android'
2017-05-31 06:14:34:852 - info: [Appium]   appActivity: 'com.play.android.activity.SplashActivity'
2017-05-31 06:14:34:852 - info: [Appium]   app: 'D:\\workSpace\\EclipseProjects\\AppiumForEclipse\\apps\\play.apk'
2017-05-31 06:14:34:853 - info: [Appium]   noSign: 'True'
2017-05-31 06:14:34:853 - info: [Appium]   unicodeKeyboard: 'True'
2017-05-31 06:14:34:853 - info: [Appium]   platformName: 'Android'
2017-05-31 06:14:34:853 - info: [Appium]   deviceName: '022TAS7N51009853'
2017-05-31 06:14:34:854 - info: [Appium]   resetKeyboard: 'True'
2017-05-31 06:14:34:859 - info: [debug] [AndroidDriver] AndroidDriver version: 1.20.0
2017-05-31 06:14:34:866 - warn: [BaseDriver] Capability 'unicodeKeyboard' changed from string to boolean. This may cause unexpected behavior
2017-05-31 06:14:34:866 - warn: [BaseDriver] Capability 'resetKeyboard' changed from string to boolean. This may cause unexpected behavior
2017-05-31 06:14:34:866 - warn: [BaseDriver] Capability 'noSign' changed from string to boolean. This may cause unexpected behavior
2017-05-31 06:14:34:880 - info: [BaseDriver] Session created with session id: 26a23aec-a6f1-4436-978d-47b6508322e6
2017-05-31 06:14:34:883 - info: [debug] [AndroidDriver] Getting Java version
2017-05-31 06:14:34:993 - info: [AndroidDriver] Java version is: 1.8.0_121
2017-05-31 06:14:34:997 - info: [ADB] Checking whether adb is present
2017-05-31 06:14:35:001 - info: [ADB] Using adb.exe from D:\SoftWare\SDK\platform-tools\adb.exe
2017-05-31 06:14:35:002 - info: [AndroidDriver] Retrieving device list
2017-05-31 06:14:35:003 - info: [debug] [ADB] Trying to find a connected android device
2017-05-31 06:14:35:004 - info: [debug] [ADB] Getting connected devices...
2017-05-31 06:14:35:028 - info: [debug] [ADB] 1 device(s) connected
2017-05-31 06:14:35:028 - info: [AndroidDriver] Using device: 022TAS7N51009853
2017-05-31 06:14:35:030 - info: [ADB] Checking whether adb is present
2017-05-31 06:14:35:033 - info: [ADB] Using adb.exe from D:\SoftWare\SDK\platform-tools\adb.exe
2017-05-31 06:14:35:034 - info: [debug] [ADB] Setting device id to 022TAS7N51009853
2017-05-31 06:14:35:035 - info: [BaseDriver] Using local app 'D:\workSpace\EclipseProjects\AppiumForEclipse\apps\play.apk'
2017-05-31 06:14:35:036 - info: [debug] [AndroidDriver] Checking whether app is actually present
2017-05-31 06:14:35:038 - info: [AndroidDriver] Starting Android session
2017-05-31 06:14:35:043 - info: [debug] [ADB] Running 'D:\SoftWare\SDK\platform-tools\adb.exe' with args: ["-P",5037,"-s","022TAS7N51009853","wait-for-device"]
2017-05-31 06:14:35:071 - info: [debug] [ADB] Getting connected devices...
2017-05-31 06:14:35:094 - info: [debug] [ADB] 1 device(s) connected
2017-05-31 06:14:35:095 - info: [debug] [ADB] Running 'D:\SoftWare\SDK\platform-tools\adb.exe' with args: ["-P",5037,"-s","022TAS7N51009853","shell","echo","ping"]
2017-05-31 06:14:35:126 - info: [debug] [Logcat] Starting logcat capture
2017-05-31 06:14:35:203 - info: [debug] [AndroidDriver] Enabling Unicode keyboard support
2017-05-31 06:14:35:203 - info: [debug] [AndroidDriver] Pushing unicode ime to device...
2017-05-31 06:14:35:204 - info: [debug] [ADB] Running 'D:\SoftWare\SDK\platform-tools\adb.exe' with args: ["-P",5037,"-s","022TAS7N51009853","install","D:\\MyProgram\\nodejs\\node_modules\\appium\\node_modules\\appium-android-ime\\bin\\UnicodeIME-debug.apk"]
2017-05-31 06:14:36:323 - info: [debug] [ADB] Getting connected devices...
2017-05-31 06:14:36:363 - info: [debug] [ADB] 1 device(s) connected
2017-05-31 06:14:36:364 - info: [debug] [ADB] Running 'D:\SoftWare\SDK\platform-tools\adb.exe' with args: ["-P",5037,"-s","022TAS7N51009853","shell","settings","get","secure","default_input_method"]
2017-05-31 06:14:37:403 - info: [debug] [AndroidDriver] Unsetting previous IME io.appium.android.ime/.UnicodeIME
2017-05-31 06:14:37:403 - info: [debug] [AndroidDriver] Setting IME to 'io.appium.android.ime/.UnicodeIME'
2017-05-31 06:14:37:404 - info: [debug] [ADB] Getting connected devices...
2017-05-31 06:14:37:438 - info: [debug] [ADB] 1 device(s) connected
2017-05-31 06:14:37:439 - info: [debug] [ADB] Running 'D:\SoftWare\SDK\platform-tools\adb.exe' with args: ["-P",5037,"-s","022TAS7N51009853","shell","ime","enable","io.appium.android.ime/.UnicodeIME"]
2017-05-31 06:14:38:480 - info: [debug] [ADB] Getting connected devices...
2017-05-31 06:14:38:523 - info: [debug] [ADB] 1 device(s) connected
2017-05-31 06:14:38:524 - info: [debug] [ADB] Running 'D:\SoftWare\SDK\platform-tools\adb.exe' with args: ["-P",5037,"-s","022TAS7N51009853","shell","ime","set","io.appium.android.ime/.UnicodeIME"]
2017-05-31 06:14:39:565 - info: [debug] [AndroidDriver] Pushing settings apk to device...
2017-05-31 06:14:39:567 - info: [debug] [ADB] Getting install status for io.appium.settings
2017-05-31 06:14:39:568 - info: [debug] [ADB] Getting connected devices...
2017-05-31 06:14:39:612 - info: [debug] [ADB] 1 device(s) connected
2017-05-31 06:14:39:613 - info: [debug] [ADB] Running 'D:\SoftWare\SDK\platform-tools\adb.exe' with args: ["-P",5037,"-s","022TAS7N51009853","shell","pm","list","packages","io.appium.settings"]
2017-05-31 06:14:40:467 - info: [debug] [ADB] App is installed
2017-05-31 06:14:40:468 - info: [debug] [ADB] Getting package info for io.appium.settings
2017-05-31 06:14:40:477 - info: [debug] [ADB] Getting connected devices...
2017-05-31 06:14:40:500 - info: [ADB] Checking whether aapt is present
2017-05-31 06:14:40:520 - info: [ADB] Using aapt.exe from D:\SoftWare\SDK\build-tools\24.0.3\aapt.exe
2017-05-31 06:14:40:551 - info: [debug] [ADB] 1 device(s) connected
2017-05-31 06:14:40:552 - info: [debug] [ADB] Running 'D:\SoftWare\SDK\platform-tools\adb.exe' with args: ["-P",5037,"-s","022TAS7N51009853","shell","dumpsys","package","io.appium.settings"]
2017-05-31 06:14:40:591 - warn: [ADB] Cannot read version codes of D:\MyProgram\nodejs\node_modules\appium\node_modules\io.appium.settings\app\build\outputs\apk\settings_apk-debug.apk and/or io.appium.settings. Assuming correct app version is already installed
2017-05-31 06:14:40:594 - info: [debug] [ADB] Getting connected devices...
2017-05-31 06:14:40:623 - info: [debug] [ADB] 1 device(s) connected
2017-05-31 06:14:40:636 - info: [debug] [ADB] Running 'D:\SoftWare\SDK\platform-tools\adb.exe' with args: ["-P",5037,"-s","022TAS7N51009853","shell","getprop","ro.build.version.sdk"]
2017-05-31 06:14:40:678 - info: [debug] [ADB] Device API level: 19
2017-05-31 06:14:40:679 - info: [debug] [ADB] Getting connected devices...
2017-05-31 06:14:40:704 - info: [debug] [ADB] 1 device(s) connected
2017-05-31 06:14:40:704 - info: [debug] [ADB] Running 'D:\SoftWare\SDK\platform-tools\adb.exe' with args: ["-P",5037,"-s","022TAS7N51009853","shell","dumpsys","package","io.appium.settings"]
2017-05-31 06:14:40:770 - info: [debug] [AndroidDriver] Pushing unlock helper app to device...
2017-05-31 06:14:40:772 - info: [debug] [ADB] Running 'D:\SoftWare\SDK\platform-tools\adb.exe' with args: ["-P",5037,"-s","022TAS7N51009853","install","D:\\MyProgram\\nodejs\\node_modules\\appium\\node_modules\\appium-unlock\\bin\\unlock_apk-debug.apk"]
2017-05-31 06:14:41:962 - info: [debug] [ADB] Device API level: 19
2017-05-31 06:14:41:965 - info: [debug] [ADB] Getting connected devices...
2017-05-31 06:14:42:003 - info: [debug] [ADB] 1 device(s) connected
2017-05-31 06:14:42:004 - info: [debug] [ADB] Running 'D:\SoftWare\SDK\platform-tools\adb.exe' with args: ["-P",5037,"-s","022TAS7N51009853","shell","settings","put","secure","mock_location","1"]
2017-05-31 06:14:42:863 - info: [ADB] Getting device platform version
2017-05-31 06:14:42:864 - info: [debug] [ADB] Getting connected devices...
2017-05-31 06:14:42:907 - info: [debug] [ADB] 1 device(s) connected
2017-05-31 06:14:42:907 - info: [debug] [ADB] Running 'D:\SoftWare\SDK\platform-tools\adb.exe' with args: ["-P",5037,"-s","022TAS7N51009853","shell","getprop","ro.build.version.release"]
2017-05-31 06:14:42:954 - info: [debug] [ADB] Getting connected devices...
2017-05-31 06:14:42:977 - info: [debug] [ADB] 1 device(s) connected
2017-05-31 06:14:42:978 - info: [debug] [ADB] Running 'D:\SoftWare\SDK\platform-tools\adb.exe' with args: ["-P",5037,"-s","022TAS7N51009853","shell","wm","size"]
2017-05-31 06:14:43:949 - info: [debug] [ADB] Getting connected devices...
2017-05-31 06:14:43:987 - info: [debug] [ADB] 1 device(s) connected
2017-05-31 06:14:43:987 - info: [debug] [ADB] Running 'D:\SoftWare\SDK\platform-tools\adb.exe' with args: ["-P",5037,"-s","022TAS7N51009853","shell","getprop","ro.product.model"]
2017-05-31 06:14:44:031 - info: [debug] [ADB] Current device property 'ro.product.model': HUAWEI P6 S-U06
2017-05-31 06:14:44:031 - info: [debug] [ADB] Getting connected devices...
2017-05-31 06:14:44:059 - info: [debug] [ADB] 1 device(s) connected
2017-05-31 06:14:44:059 - info: [debug] [ADB] Running 'D:\SoftWare\SDK\platform-tools\adb.exe' with args: ["-P",5037,"-s","022TAS7N51009853","shell","getprop","ro.product.manufacturer"]
2017-05-31 06:14:44:117 - info: [debug] [ADB] Current device property 'ro.product.manufacturer': HUAWEI
2017-05-31 06:14:44:259 - info: [AndroidDriver] Remote apk path is /data/local/tmp/42e2f15827830994ee5f75a4ff734348.apk
2017-05-31 06:14:44:260 - info: [debug] [ADB] Getting connected devices...
2017-05-31 06:14:44:283 - info: [debug] [ADB] 1 device(s) connected
2017-05-31 06:14:44:284 - info: [debug] [ADB] Running 'D:\SoftWare\SDK\platform-tools\adb.exe' with args: ["-P",5037,"-s","022TAS7N51009853","shell","ls","/data/local/tmp/42e2f15827830994ee5f75a4ff734348.apk"]
2017-05-31 06:14:44:338 - info: [debug] [AndroidDriver] Checking if app is installed
2017-05-31 06:14:44:339 - info: [debug] [ADB] Getting install status for com.play.android
2017-05-31 06:14:44:340 - info: [debug] [ADB] Getting connected devices...
2017-05-31 06:14:44:375 - info: [debug] [ADB] 1 device(s) connected
2017-05-31 06:14:44:376 - info: [debug] [ADB] Running 'D:\SoftWare\SDK\platform-tools\adb.exe' with args: ["-P",5037,"-s","022TAS7N51009853","shell","pm","list","packages","com.play.android"]
2017-05-31 06:14:45:375 - info: [debug] [ADB] App is installed
2017-05-31 06:14:45:376 - info: [AndroidDriver] Apk is already on remote and installed, resetting
2017-05-31 06:14:45:378 - info: [debug] [AndroidDriver] Running fast reset (stop and clear)
2017-05-31 06:14:45:379 - info: [debug] [ADB] Getting connected devices...
2017-05-31 06:14:45:418 - info: [debug] [ADB] 1 device(s) connected
2017-05-31 06:14:45:419 - info: [debug] [ADB] Running 'D:\SoftWare\SDK\platform-tools\adb.exe' with args: ["-P",5037,"-s","022TAS7N51009853","shell","am","force-stop","com.play.android"]
2017-05-31 06:14:46:492 - info: [debug] [ADB] Getting connected devices...
2017-05-31 06:14:46:535 - info: [debug] [ADB] 1 device(s) connected
2017-05-31 06:14:46:535 - info: [debug] [ADB] Running 'D:\SoftWare\SDK\platform-tools\adb.exe' with args: ["-P",5037,"-s","022TAS7N51009853","shell","pm","clear","com.play.android"]
2017-05-31 06:14:47:351 - info: [debug] [AndroidDriver] Extracting strings from apk D:\workSpace\EclipseProjects\AppiumForEclipse\apps\play.apk null C:\Users\ADMINI~1\AppData\Local\Temp\com.play.android
2017-05-31 06:14:47:353 - info: [debug] [ADB] Extracting strings for language: default
2017-05-31 06:14:47:354 - info: [debug] [ADB] Device API level: 19
2017-05-31 06:14:47:356 - info: [debug] [ADB] Getting connected devices...
2017-05-31 06:14:47:386 - info: [debug] [ADB] 1 device(s) connected
2017-05-31 06:14:47:386 - info: [debug] [ADB] Running 'D:\SoftWare\SDK\platform-tools\adb.exe' with args: ["-P",5037,"-s","022TAS7N51009853","shell","getprop","persist.sys.language"]
2017-05-31 06:14:47:426 - info: [debug] [ADB] Current device property 'persist.sys.language': zh
2017-05-31 06:14:48:515 - info: [debug] [ADB] Reading strings from converted strings.json
2017-05-31 06:14:48:520 - info: [debug] [ADB] Running 'D:\SoftWare\SDK\platform-tools\adb.exe' with args: ["-P",5037,"-s","022TAS7N51009853","push","C:\\Users\\ADMINI~1\\AppData\\Local\\Temp\\com.play.android\\strings.json","/data/local/tmp"]
2017-05-31 06:14:48:568 - info: [debug] [AndroidBootstrap] Watching for bootstrap disconnect
2017-05-31 06:14:48:570 - info: [debug] [ADB] Forwarding system: 4724 to device: 4724
2017-05-31 06:14:48:571 - info: [debug] [ADB] Running 'D:\SoftWare\SDK\platform-tools\adb.exe' with args: ["-P",5037,"-s","022TAS7N51009853","forward","tcp:4724","tcp:4724"]
2017-05-31 06:14:48:578 - info: [debug] [UiAutomator] Starting UiAutomator
2017-05-31 06:14:48:579 - info: [debug] [UiAutomator] Moving to state 'starting'
2017-05-31 06:14:48:579 - info: [debug] [UiAutomator] Parsing uiautomator jar
2017-05-31 06:14:48:580 - info: [debug] [UiAutomator] Found jar name: 'AppiumBootstrap.jar'
2017-05-31 06:14:48:580 - info: [debug] [ADB] Running 'D:\SoftWare\SDK\platform-tools\adb.exe' with args: ["-P",5037,"-s","022TAS7N51009853","push","D:\\MyProgram\\nodejs\\node_modules\\appium\\node_modules\\appium-android-bootstrap\\bootstrap\\bin\\AppiumBootstrap.jar","/data/local/tmp/"]
2017-05-31 06:14:48:619 - info: [debug] [ADB] Attempting to kill all uiautomator processes
2017-05-31 06:14:48:620 - info: [debug] [ADB] Getting all processes with uiautomator
2017-05-31 06:14:48:620 - info: [debug] [ADB] Getting connected devices...
2017-05-31 06:14:48:643 - info: [debug] [ADB] 1 device(s) connected
2017-05-31 06:14:48:644 - info: [debug] [ADB] Running 'D:\SoftWare\SDK\platform-tools\adb.exe' with args: ["-P",5037,"-s","022TAS7N51009853","shell","ps"]
2017-05-31 06:14:48:791 - info: [ADB] No uiautomator process found to kill, continuing...
2017-05-31 06:14:48:792 - info: [debug] [UiAutomator] Starting UIAutomator
2017-05-31 06:14:48:792 - info: [debug] [ADB] Creating ADB subprocess with args: ["-P",5037,"-s","022TAS7N51009853","shell","uiautomator","runtest","AppiumBootstrap.jar","-c","io.appium.android.bootstrap.Bootstrap","-e","pkg","com.play.android","-e","disableAndroidWatchers",false,"-e","acceptSslCerts",false]
2017-05-31 06:14:49:478 - info: [debug] [UiAutomator] Moving to state 'online'
2017-05-31 06:14:49:493 - info: [AndroidBootstrap] Android bootstrap socket is now connected
2017-05-31 06:14:49:497 - info: [debug] [ADB] Getting connected devices...
2017-05-31 06:14:49:517 - info: [AndroidBootstrap] [BOOTSTRAP LOG] [debug] json loading complete.
2017-05-31 06:14:49:518 - info: [AndroidBootstrap] [BOOTSTRAP LOG] [debug] Registered crash watchers.
2017-05-31 06:14:49:518 - info: [AndroidBootstrap] [BOOTSTRAP LOG] [debug] Client connected
2017-05-31 06:14:49:536 - info: [debug] [ADB] 1 device(s) connected
2017-05-31 06:14:49:537 - info: [debug] [ADB] Running 'D:\SoftWare\SDK\platform-tools\adb.exe' with args: ["-P",5037,"-s","022TAS7N51009853","shell","dumpsys","window"]
2017-05-31 06:14:49:598 - info: [AndroidDriver] Screen already unlocked, doing nothing
2017-05-31 06:14:49:600 - info: [debug] [ADB] Device API level: 19
2017-05-31 06:14:49:600 - info: [debug] [ADB] Getting connected devices...
2017-05-31 06:14:49:623 - info: [debug] [ADB] 1 device(s) connected
2017-05-31 06:14:49:624 - info: [debug] [ADB] Running 'D:\SoftWare\SDK\platform-tools\adb.exe' with args: ["-P",5037,"-s","022TAS7N51009853","shell","am","start","-W","-n","com.play.android/com.play.android.activity.SplashActivity","-S","-a","android.intent.action.MAIN","-c","android.intent.category.LAUNCHER","-f","0x10200000"]
2017-05-31 06:14:57:752 - info: [Appium] New AndroidDriver session created successfully, session 26a23aec-a6f1-4436-978d-47b6508322e6 added to master session list
2017-05-31 06:14:57:754 - info: [debug] [BaseDriver] Event 'newSessionStarted' logged at 1496211297753 (14:14:57 GMT+0800 (中国标准时间))
2017-05-31 06:14:57:754 - info: [debug] [MJSONWP] Responding to client with driver.createSession() result: {"platform":"LINUX","webStorageEnabled":false,"takesScreenshot":true,"javascriptEnabled":true,"databaseEnabled":false,"networkConnectionEnabled":true,"locationContextEnabled":false,"warnings":{},"desired":{"appPackage":"com.play.android","appActivity":"com.play.android.activity.SplashActivity","app":"D:\\workSpace\\EclipseProjects\\AppiumForEclipse\\apps\\play.apk","noSign":true,"unicodeKeyboard":true,"platformName":"Android","deviceName":"022TAS7N51009853","resetKeyboard":true},"appPackage":"com.play.android","appActivity":"com.play.android.activity.SplashActivity","app":"D:\\workSpace\\EclipseProjects\\AppiumForEclipse\\apps\\play.apk","noSign":true,"unicodeKeyboard":true,"platformName":"Android","deviceName":"022TAS7N51009853","resetKeyboard":true,"deviceUDID":"022TAS7N51009853","platformVersion":"4.4.2","deviceScreenSize":"720x1280","deviceModel":"HUAWEI P6 S-U06","deviceManufacturer":"HUAWEI"}
2017-05-31 06:14:57:758 - info: [HTTP] <-- POST /wd/hub/session 200 22915 ms - 983 
2017-05-31 06:14:59:531 - info: [HTTP] --> POST /wd/hub/session/26a23aec-a6f1-4436-978d-47b6508322e6/timeouts {"type":"implicit","ms":20000}
2017-05-31 06:14:59:534 - info: [debug] [MJSONWP] Calling AppiumDriver.timeouts() with args: ["implicit",20000,"26a23aec-a6f1-4436-978d-47b6508322e6"]
2017-05-31 06:14:59:535 - info: [debug] [BaseDriver] Set implicit wait to 20000ms
2017-05-31 06:14:59:537 - info: [debug] [MJSONWP] Responding to client with driver.timeouts() result: null
2017-05-31 06:14:59:538 - info: [HTTP] <-- POST /wd/hub/session/26a23aec-a6f1-4436-978d-47b6508322e6/timeouts 200 7 ms - 76 
2017-05-31 06:14:59:751 - info: [HTTP] --> POST /wd/hub/session/26a23aec-a6f1-4436-978d-47b6508322e6/timeouts {"type":"implicit","ms":0}
2017-05-31 06:14:59:752 - info: [debug] [MJSONWP] Calling AppiumDriver.timeouts() with args: ["implicit",0,"26a23aec-a6f1-4436-978d-47b6508322e6"]
2017-05-31 06:14:59:753 - info: [debug] [BaseDriver] Set implicit wait to 0ms
2017-05-31 06:14:59:754 - info: [debug] [MJSONWP] Responding to client with driver.timeouts() result: null
2017-05-31 06:14:59:755 - info: [HTTP] <-- POST /wd/hub/session/26a23aec-a6f1-4436-978d-47b6508322e6/timeouts 200 3 ms - 76 
2017-05-31 06:14:59:778 - info: [HTTP] --> GET /wd/hub/session/26a23aec-a6f1-4436-978d-47b6508322e6/context {}
2017-05-31 06:14:59:781 - info: [debug] [MJSONWP] Calling AppiumDriver.getCurrentContext() with args: ["26a23aec-a6f1-4436-978d-47b6508322e6"]
2017-05-31 06:14:59:783 - info: [debug] [MJSONWP] Responding to client with driver.getCurrentContext() result: "NATIVE_APP"
2017-05-31 06:14:59:784 - info: [HTTP] <-- GET /wd/hub/session/26a23aec-a6f1-4436-978d-47b6508322e6/context 200 5 ms - 84 
2017-05-31 06:14:59:788 - info: [HTTP] --> POST /wd/hub/session/26a23aec-a6f1-4436-978d-47b6508322e6/elements {"using":"id","value":"com.play.android:id/btn_profile"}
2017-05-31 06:14:59:789 - info: [debug] [MJSONWP] Calling AppiumDriver.findElements() with args: ["id","com.play.android:id/btn_profile","26a23aec-a6f1-4436-978d-47b6508322e6"]
2017-05-31 06:14:59:790 - info: [debug] [BaseDriver] Valid locator strategies for this request: xpath, id, class name, accessibility id, -android uiautomator
2017-05-31 06:14:59:791 - info: [debug] [BaseDriver] Valid locator strategies for this request: xpath, id, class name, accessibility id, -android uiautomator
2017-05-31 06:14:59:792 - info: [debug] [BaseDriver] Waiting up to 0 ms for condition
2017-05-31 06:14:59:796 - info: [debug] [AndroidBootstrap] Sending command to android: {"cmd":"action","action":"find","params":{"strategy":"id","selector":"com.play.android:id/btn_profile","context":"","multiple":true}}
2017-05-31 06:14:59:801 - info: [AndroidBootstrap] [BOOTSTRAP LOG] [debug] Got data from client: {"cmd":"action","action":"find","params":{"strategy":"id","selector":"com.play.android:id/btn_profile","context":"","multiple":true}}
2017-05-31 06:14:59:801 - info: [AndroidBootstrap] [BOOTSTRAP LOG] [debug] Got command of type ACTION
2017-05-31 06:14:59:802 - info: [AndroidBootstrap] [BOOTSTRAP LOG] [debug] Got command action: find
2017-05-31 06:14:59:804 - info: [AndroidBootstrap] [BOOTSTRAP LOG] [debug] Finding 'com.play.android:id/btn_profile' using 'ID' with the contextId: '' multiple: true
2017-05-31 06:14:59:806 - info: [AndroidBootstrap] [BOOTSTRAP LOG] [debug] Using: UiSelector[RESOURCE_ID=com.play.android:id/btn_profile]
2017-05-31 06:14:59:806 - info: [AndroidBootstrap] [BOOTSTRAP LOG] [debug] getElements selector:UiSelector[RESOURCE_ID=com.play.android:id/btn_profile]
2017-05-31 06:14:59:807 - info: [AndroidBootstrap] [BOOTSTRAP LOG] [debug] Element[] is null: (0)
2017-05-31 06:14:59:807 - info: [AndroidBootstrap] [BOOTSTRAP LOG] [debug] getElements tmp selector:UiSelector[INSTANCE=0, RESOURCE_ID=com.play.android:id/btn_profile]
2017-05-31 06:14:59:843 - info: [AndroidBootstrap] [BOOTSTRAP LOG] [debug] Element[] is null: (1)
2017-05-31 06:14:59:844 - info: [AndroidBootstrap] [BOOTSTRAP LOG] [debug] getElements tmp selector:UiSelector[INSTANCE=1, RESOURCE_ID=com.play.android:id/btn_profile]
2017-05-31 06:15:00:506 - info: [AndroidBootstrap] [BOOTSTRAP LOG] [debug] Returning result: {"value":[{"ELEMENT":"1"}],"status":0}
2017-05-31 06:15:00:507 - info: [debug] [AndroidBootstrap] Received command result from bootstrap
2017-05-31 06:15:00:509 - info: [debug] [MJSONWP] Responding to client with driver.findElements() result: [{"ELEMENT":"1"}]
2017-05-31 06:15:00:510 - info: [HTTP] <-- POST /wd/hub/session/26a23aec-a6f1-4436-978d-47b6508322e6/elements 200 722 ms - 89 
2017-05-31 06:15:00:716 - info: [HTTP] --> POST /wd/hub/session/26a23aec-a6f1-4436-978d-47b6508322e6/timeouts {"type":"implicit","ms":5000}
2017-05-31 06:15:00:716 - info: [debug] [MJSONWP] Calling AppiumDriver.timeouts() with args: ["implicit",5000,"26a23aec-a6f1-4436-978d-47b6508322e6"]
2017-05-31 06:15:00:717 - info: [debug] [BaseDriver] Set implicit wait to 5000ms
2017-05-31 06:15:00:718 - info: [debug] [MJSONWP] Responding to client with driver.timeouts() result: null
2017-05-31 06:15:00:719 - info: [HTTP] <-- POST /wd/hub/session/26a23aec-a6f1-4436-978d-47b6508322e6/timeouts 200 4 ms - 76 
2017-05-31 06:15:00:738 - info: [HTTP] --> POST /wd/hub/session/26a23aec-a6f1-4436-978d-47b6508322e6/element/1/click {"id":"1"}
2017-05-31 06:15:00:739 - info: [debug] [MJSONWP] Calling AppiumDriver.click() with args: ["1","26a23aec-a6f1-4436-978d-47b6508322e6"]
2017-05-31 06:15:00:741 - info: [debug] [AndroidBootstrap] Sending command to android: {"cmd":"action","action":"element:click","params":{"elementId":"1"}}
2017-05-31 06:15:00:746 - info: [AndroidBootstrap] [BOOTSTRAP LOG] [debug] Got data from client: {"cmd":"action","action":"element:click","params":{"elementId":"1"}}
2017-05-31 06:15:00:746 - info: [AndroidBootstrap] [BOOTSTRAP LOG] [debug] Got command of type ACTION
2017-05-31 06:15:00:747 - info: [AndroidBootstrap] [BOOTSTRAP LOG] [debug] Got command action: click
2017-05-31 06:15:01:425 - info: [AndroidBootstrap] [BOOTSTRAP LOG] [debug] Returning result: {"value":true,"status":0}
2017-05-31 06:15:01:425 - info: [debug] [AndroidBootstrap] Received command result from bootstrap
2017-05-31 06:15:01:426 - info: [debug] [MJSONWP] Responding to client with driver.click() result: true
2017-05-31 06:15:01:427 - info: [HTTP] <-- POST /wd/hub/session/26a23aec-a6f1-4436-978d-47b6508322e6/element/1/click 200 689 ms - 76 
2017-05-31 06:15:01:441 - info: [HTTP] --> GET /wd/hub/session/26a23aec-a6f1-4436-978d-47b6508322e6/appium/device/current_activity {}
2017-05-31 06:15:01:442 - info: [debug] [MJSONWP] Calling AppiumDriver.getCurrentActivity() with args: ["26a23aec-a6f1-4436-978d-47b6508322e6"]
2017-05-31 06:15:01:444 - info: [debug] [ADB] Getting focused package and activity
2017-05-31 06:15:01:444 - info: [debug] [ADB] Getting connected devices...
2017-05-31 06:15:01:491 - info: [debug] [ADB] 1 device(s) connected
2017-05-31 06:15:01:492 - info: [debug] [ADB] Running 'D:\SoftWare\SDK\platform-tools\adb.exe' with args: ["-P",5037,"-s","022TAS7N51009853","shell","dumpsys","window","windows"]
2017-05-31 06:15:01:564 - info: [debug] [MJSONWP] Responding to client with driver.getCurrentActivity() result: ".activity.member.LoginActivity"
2017-05-31 06:15:01:565 - info: [HTTP] <-- GET /wd/hub/session/26a23aec-a6f1-4436-978d-47b6508322e6/appium/device/current_activity 200 125 ms - 104 
2017-05-31 06:15:01:650 - info: [HTTP] --> POST /wd/hub/session/26a23aec-a6f1-4436-978d-47b6508322e6/timeouts {"type":"implicit","ms":0}
2017-05-31 06:15:01:651 - info: [debug] [MJSONWP] Calling AppiumDriver.timeouts() with args: ["implicit",0,"26a23aec-a6f1-4436-978d-47b6508322e6"]
2017-05-31 06:15:01:652 - info: [debug] [BaseDriver] Set implicit wait to 0ms
2017-05-31 06:15:01:653 - info: [debug] [MJSONWP] Responding to client with driver.timeouts() result: null
2017-05-31 06:15:01:654 - info: [HTTP] <-- POST /wd/hub/session/26a23aec-a6f1-4436-978d-47b6508322e6/timeouts 200 4 ms - 76 
2017-05-31 06:15:01:666 - info: [HTTP] --> GET /wd/hub/session/26a23aec-a6f1-4436-978d-47b6508322e6/context {}
2017-05-31 06:15:01:667 - info: [debug] [MJSONWP] Calling AppiumDriver.getCurrentContext() with args: ["26a23aec-a6f1-4436-978d-47b6508322e6"]
2017-05-31 06:15:01:670 - info: [debug] [MJSONWP] Responding to client with driver.getCurrentContext() result: "NATIVE_APP"
2017-05-31 06:15:01:671 - info: [HTTP] <-- GET /wd/hub/session/26a23aec-a6f1-4436-978d-47b6508322e6/context 200 5 ms - 84 
2017-05-31 06:15:01:688 - info: [HTTP] --> POST /wd/hub/session/26a23aec-a6f1-4436-978d-47b6508322e6/elements {"using":"id","value":"com.play.android:id/tv_account"}
2017-05-31 06:15:01:688 - info: [debug] [MJSONWP] Calling AppiumDriver.findElements() with args: ["id","com.play.android:id/tv_account","26a23aec-a6f1-4436-978d-47b6508322e6"]
2017-05-31 06:15:01:689 - info: [debug] [BaseDriver] Valid locator strategies for this request: xpath, id, class name, accessibility id, -android uiautomator
2017-05-31 06:15:01:690 - info: [debug] [BaseDriver] Valid locator strategies for this request: xpath, id, class name, accessibility id, -android uiautomator
2017-05-31 06:15:01:690 - info: [debug] [BaseDriver] Waiting up to 0 ms for condition
2017-05-31 06:15:01:691 - info: [debug] [AndroidBootstrap] Sending command to android: {"cmd":"action","action":"find","params":{"strategy":"id","selector":"com.play.android:id/tv_account","context":"","multiple":true}}
2017-05-31 06:15:01:701 - info: [AndroidBootstrap] [BOOTSTRAP LOG] [debug] Got data from client: {"cmd":"action","action":"find","params":{"strategy":"id","selector":"com.play.android:id/tv_account","context":"","multiple":true}}
2017-05-31 06:15:01:701 - info: [AndroidBootstrap] [BOOTSTRAP LOG] [debug] Got command of type ACTION
2017-05-31 06:15:01:701 - info: [AndroidBootstrap] [BOOTSTRAP LOG] [debug] Got command action: find
2017-05-31 06:15:01:702 - info: [AndroidBootstrap] [BOOTSTRAP LOG] [debug] Finding 'com.play.android:id/tv_account' using 'ID' with the contextId: '' multiple: true
2017-05-31 06:15:01:702 - info: [AndroidBootstrap] [BOOTSTRAP LOG] [debug] Using: UiSelector[RESOURCE_ID=com.play.android:id/tv_account]
2017-05-31 06:15:01:702 - info: [AndroidBootstrap] [BOOTSTRAP LOG] [debug] getElements selector:UiSelector[RESOURCE_ID=com.play.android:id/tv_account]
2017-05-31 06:15:01:703 - info: [AndroidBootstrap] [BOOTSTRAP LOG] [debug] Element[] is null: (0)
2017-05-31 06:15:01:703 - info: [AndroidBootstrap] [BOOTSTRAP LOG] [debug] getElements tmp selector:UiSelector[INSTANCE=0, RESOURCE_ID=com.play.android:id/tv_account]
2017-05-31 06:15:02:082 - info: [AndroidBootstrap] [BOOTSTRAP LOG] [debug] Element[] is null: (1)
2017-05-31 06:15:02:083 - info: [AndroidBootstrap] [BOOTSTRAP LOG] [debug] getElements tmp selector:UiSelector[INSTANCE=1, RESOURCE_ID=com.play.android:id/tv_account]
2017-05-31 06:15:02:731 - info: [AndroidBootstrap] [BOOTSTRAP LOG] [debug] Returning result: {"value":[{"ELEMENT":"2"}],"status":0}
2017-05-31 06:15:02:732 - info: [debug] [AndroidBootstrap] Received command result from bootstrap
2017-05-31 06:15:02:734 - info: [debug] [MJSONWP] Responding to client with driver.findElements() result: [{"ELEMENT":"2"}]
2017-05-31 06:15:02:782 - info: [HTTP] <-- POST /wd/hub/session/26a23aec-a6f1-4436-978d-47b6508322e6/elements 200 1047 ms - 89 
2017-05-31 06:15:02:932 - info: [HTTP] --> POST /wd/hub/session/26a23aec-a6f1-4436-978d-47b6508322e6/timeouts {"type":"implicit","ms":5000}
2017-05-31 06:15:02:932 - info: [debug] [MJSONWP] Calling AppiumDriver.timeouts() with args: ["implicit",5000,"26a23aec-a6f1-4436-978d-47b6508322e6"]
2017-05-31 06:15:02:935 - info: [debug] [BaseDriver] Set implicit wait to 5000ms
2017-05-31 06:15:02:936 - info: [debug] [MJSONWP] Responding to client with driver.timeouts() result: null
2017-05-31 06:15:02:937 - info: [HTTP] <-- POST /wd/hub/session/26a23aec-a6f1-4436-978d-47b6508322e6/timeouts 200 5 ms - 76 
2017-05-31 06:15:02:946 - info: [HTTP] --> POST /wd/hub/session/26a23aec-a6f1-4436-978d-47b6508322e6/element/2/click {"id":"2"}
2017-05-31 06:15:02:948 - info: [debug] [MJSONWP] Calling AppiumDriver.click() with args: ["2","26a23aec-a6f1-4436-978d-47b6508322e6"]
2017-05-31 06:15:02:950 - info: [debug] [AndroidBootstrap] Sending command to android: {"cmd":"action","action":"element:click","params":{"elementId":"2"}}
2017-05-31 06:15:02:963 - info: [AndroidBootstrap] [BOOTSTRAP LOG] [debug] Got data from client: {"cmd":"action","action":"element:click","params":{"elementId":"2"}}
2017-05-31 06:15:02:963 - info: [AndroidBootstrap] [BOOTSTRAP LOG] [debug] Got command of type ACTION
2017-05-31 06:15:02:965 - info: [AndroidBootstrap] [BOOTSTRAP LOG] [debug] Got command action: click
2017-05-31 06:15:03:232 - info: [AndroidBootstrap] [BOOTSTRAP LOG] [debug] Returning result: {"value":true,"status":0}
2017-05-31 06:15:03:233 - info: [debug] [AndroidBootstrap] Received command result from bootstrap
2017-05-31 06:15:03:234 - info: [debug] [MJSONWP] Responding to client with driver.click() result: true
2017-05-31 06:15:03:236 - info: [HTTP] <-- POST /wd/hub/session/26a23aec-a6f1-4436-978d-47b6508322e6/element/2/click 200 289 ms - 76 
2017-05-31 06:15:03:283 - info: [HTTP] --> POST /wd/hub/session/26a23aec-a6f1-4436-978d-47b6508322e6/timeouts {"type":"implicit","ms":0}
2017-05-31 06:15:03:284 - info: [debug] [MJSONWP] Calling AppiumDriver.timeouts() with args: ["implicit",0,"26a23aec-a6f1-4436-978d-47b6508322e6"]
2017-05-31 06:15:03:285 - info: [debug] [BaseDriver] Set implicit wait to 0ms
2017-05-31 06:15:03:286 - info: [debug] [MJSONWP] Responding to client with driver.timeouts() result: null
2017-05-31 06:15:03:287 - info: [HTTP] <-- POST /wd/hub/session/26a23aec-a6f1-4436-978d-47b6508322e6/timeouts 200 3 ms - 76 
2017-05-31 06:15:03:300 - info: [HTTP] --> GET /wd/hub/session/26a23aec-a6f1-4436-978d-47b6508322e6/context {}
2017-05-31 06:15:03:301 - info: [debug] [MJSONWP] Calling AppiumDriver.getCurrentContext() with args: ["26a23aec-a6f1-4436-978d-47b6508322e6"]
2017-05-31 06:15:03:303 - info: [debug] [MJSONWP] Responding to client with driver.getCurrentContext() result: "NATIVE_APP"
2017-05-31 06:15:03:304 - info: [HTTP] <-- GET /wd/hub/session/26a23aec-a6f1-4436-978d-47b6508322e6/context 200 3 ms - 84 
2017-05-31 06:15:03:317 - info: [HTTP] --> POST /wd/hub/session/26a23aec-a6f1-4436-978d-47b6508322e6/elements {"using":"id","value":"com.play.android:id/et_account"}
2017-05-31 06:15:03:318 - info: [debug] [MJSONWP] Calling AppiumDriver.findElements() with args: ["id","com.play.android:id/et_account","26a23aec-a6f1-4436-978d-47b6508322e6"]
2017-05-31 06:15:03:319 - info: [debug] [BaseDriver] Valid locator strategies for this request: xpath, id, class name, accessibility id, -android uiautomator
2017-05-31 06:15:03:319 - info: [debug] [BaseDriver] Valid locator strategies for this request: xpath, id, class name, accessibility id, -android uiautomator
2017-05-31 06:15:03:320 - info: [debug] [BaseDriver] Waiting up to 0 ms for condition
2017-05-31 06:15:03:320 - info: [debug] [AndroidBootstrap] Sending command to android: {"cmd":"action","action":"find","params":{"strategy":"id","selector":"com.play.android:id/et_account","context":"","multiple":true}}
2017-05-31 06:15:03:330 - info: [AndroidBootstrap] [BOOTSTRAP LOG] [debug] Got data from client: {"cmd":"action","action":"find","params":{"strategy":"id","selector":"com.play.android:id/et_account","context":"","multiple":true}}
2017-05-31 06:15:03:330 - info: [AndroidBootstrap] [BOOTSTRAP LOG] [debug] Got command of type ACTION
2017-05-31 06:15:03:331 - info: [AndroidBootstrap] [BOOTSTRAP LOG] [debug] Got command action: find
2017-05-31 06:15:03:331 - info: [AndroidBootstrap] [BOOTSTRAP LOG] [debug] Finding 'com.play.android:id/et_account' using 'ID' with the contextId: '' multiple: true
2017-05-31 06:15:03:331 - info: [AndroidBootstrap] [BOOTSTRAP LOG] [debug] Using: UiSelector[RESOURCE_ID=com.play.android:id/et_account]
2017-05-31 06:15:03:332 - info: [AndroidBootstrap] [BOOTSTRAP LOG] [debug] getElements selector:UiSelector[RESOURCE_ID=com.play.android:id/et_account]
2017-05-31 06:15:03:332 - info: [AndroidBootstrap] [BOOTSTRAP LOG] [debug] Element[] is null: (0)
2017-05-31 06:15:03:332 - info: [AndroidBootstrap] [BOOTSTRAP LOG] [debug] getElements tmp selector:UiSelector[INSTANCE=0, RESOURCE_ID=com.play.android:id/et_account]
2017-05-31 06:15:03:890 - info: [AndroidBootstrap] [BOOTSTRAP LOG] [debug] Element[] is null: (1)
2017-05-31 06:15:03:890 - info: [AndroidBootstrap] [BOOTSTRAP LOG] [debug] getElements tmp selector:UiSelector[INSTANCE=1, RESOURCE_ID=com.play.android:id/et_account]
2017-05-31 06:15:04:392 - info: [AndroidBootstrap] [BOOTSTRAP LOG] [debug] Returning result: {"value":[{"ELEMENT":"3"}],"status":0}
2017-05-31 06:15:04:392 - info: [debug] [AndroidBootstrap] Received command result from bootstrap
2017-05-31 06:15:04:395 - info: [debug] [MJSONWP] Responding to client with driver.findElements() result: [{"ELEMENT":"3"}]
2017-05-31 06:15:04:402 - info: [HTTP] <-- POST /wd/hub/session/26a23aec-a6f1-4436-978d-47b6508322e6/elements 200 1078 ms - 89 
2017-05-31 06:15:04:509 - info: [HTTP] --> POST /wd/hub/session/26a23aec-a6f1-4436-978d-47b6508322e6/timeouts {"type":"implicit","ms":5000}
2017-05-31 06:15:04:510 - info: [debug] [MJSONWP] Calling AppiumDriver.timeouts() with args: ["implicit",5000,"26a23aec-a6f1-4436-978d-47b6508322e6"]
2017-05-31 06:15:04:510 - info: [debug] [BaseDriver] Set implicit wait to 5000ms
2017-05-31 06:15:04:511 - info: [debug] [MJSONWP] Responding to client with driver.timeouts() result: null
2017-05-31 06:15:04:512 - info: [HTTP] <-- POST /wd/hub/session/26a23aec-a6f1-4436-978d-47b6508322e6/timeouts 200 3 ms - 76 
2017-05-31 06:15:04:525 - info: [HTTP] --> POST /wd/hub/session/26a23aec-a6f1-4436-978d-47b6508322e6/element/3/value {"id":"3","value":["18521035133"]}
2017-05-31 06:15:04:525 - info: [debug] [MJSONWP] Calling AppiumDriver.setValue() with args: [["18521035133"],"3","26a23aec-a6f1-4436-978d-47b6508322e6"]
2017-05-31 06:15:04:527 - info: [debug] [AndroidBootstrap] Sending command to android: {"cmd":"action","action":"element:setText","params":{"elementId":"3","text":"18521035133","replace":false,"unicodeKeyboard":true}}
2017-05-31 06:15:04:533 - info: [AndroidBootstrap] [BOOTSTRAP LOG] [debug] Got data from client: {"cmd":"action","action":"element:setText","params":{"elementId":"3","text":"18521035133","replace":false,"unicodeKeyboard":true}}
2017-05-31 06:15:04:533 - info: [AndroidBootstrap] [BOOTSTRAP LOG] [debug] Got command of type ACTION
2017-05-31 06:15:04:534 - info: [AndroidBootstrap] [BOOTSTRAP LOG] [debug] Got command action: setText
2017-05-31 06:15:04:534 - info: [AndroidBootstrap] [BOOTSTRAP LOG] [debug] Using element passed in: 3
2017-05-31 06:15:04:697 - info: [AndroidBootstrap] [BOOTSTRAP LOG] [debug] Attempting to clear using UiObject.clearText().
2017-05-31 06:15:07:564 - info: [AndroidBootstrap] [BOOTSTRAP LOG] [debug] Text remains after clearing, but it appears to be hint text.
2017-05-31 06:15:07:600 - info: [AndroidBootstrap] [BOOTSTRAP LOG] [debug] Text not cleared. Assuming remainder is hint text.
2017-05-31 06:15:07:601 - info: [AndroidBootstrap] [BOOTSTRAP LOG] [debug] Sending plain text to element: 18521035133
2017-05-31 06:15:10:325 - info: [AndroidBootstrap] [BOOTSTRAP LOG] [debug] Returning result: {"value":true,"status":0}
2017-05-31 06:15:10:326 - info: [debug] [AndroidBootstrap] Received command result from bootstrap
2017-05-31 06:15:10:328 - info: [debug] [MJSONWP] Responding to client with driver.setValue() result: true
2017-05-31 06:15:10:330 - info: [HTTP] <-- POST /wd/hub/session/26a23aec-a6f1-4436-978d-47b6508322e6/element/3/value 200 5804 ms - 76 
2017-05-31 06:15:10:377 - info: [HTTP] --> POST /wd/hub/session/26a23aec-a6f1-4436-978d-47b6508322e6/timeouts {"type":"implicit","ms":0}
2017-05-31 06:15:10:377 - info: [debug] [MJSONWP] Calling AppiumDriver.timeouts() with args: ["implicit",0,"26a23aec-a6f1-4436-978d-47b6508322e6"]
2017-05-31 06:15:10:379 - info: [debug] [BaseDriver] Set implicit wait to 0ms
2017-05-31 06:15:10:379 - info: [debug] [MJSONWP] Responding to client with driver.timeouts() result: null
2017-05-31 06:15:10:386 - info: [HTTP] <-- POST /wd/hub/session/26a23aec-a6f1-4436-978d-47b6508322e6/timeouts 200 8 ms - 76 
2017-05-31 06:15:10:389 - info: [HTTP] --> GET /wd/hub/session/26a23aec-a6f1-4436-978d-47b6508322e6/context {}
2017-05-31 06:15:10:390 - info: [debug] [MJSONWP] Calling AppiumDriver.getCurrentContext() with args: ["26a23aec-a6f1-4436-978d-47b6508322e6"]
2017-05-31 06:15:10:391 - info: [debug] [MJSONWP] Responding to client with driver.getCurrentContext() result: "NATIVE_APP"
2017-05-31 06:15:10:393 - info: [HTTP] <-- GET /wd/hub/session/26a23aec-a6f1-4436-978d-47b6508322e6/context 200 3 ms - 84 
2017-05-31 06:15:10:401 - info: [HTTP] --> POST /wd/hub/session/26a23aec-a6f1-4436-978d-47b6508322e6/elements {"using":"id","value":"com.play.android:id/et_password"}
2017-05-31 06:15:10:401 - info: [debug] [MJSONWP] Calling AppiumDriver.findElements() with args: ["id","com.play.android:id/et_password","26a23aec-a6f1-4436-978d-47b6508322e6"]
2017-05-31 06:15:10:402 - info: [debug] [BaseDriver] Valid locator strategies for this request: xpath, id, class name, accessibility id, -android uiautomator
2017-05-31 06:15:10:403 - info: [debug] [BaseDriver] Valid locator strategies for this request: xpath, id, class name, accessibility id, -android uiautomator
2017-05-31 06:15:10:403 - info: [debug] [BaseDriver] Waiting up to 0 ms for condition
2017-05-31 06:15:10:404 - info: [debug] [AndroidBootstrap] Sending command to android: {"cmd":"action","action":"find","params":{"strategy":"id","selector":"com.play.android:id/et_password","context":"","multiple":true}}
2017-05-31 06:15:10:409 - info: [AndroidBootstrap] [BOOTSTRAP LOG] [debug] Got data from client: {"cmd":"action","action":"find","params":{"strategy":"id","selector":"com.play.android:id/et_password","context":"","multiple":true}}
2017-05-31 06:15:10:410 - info: [AndroidBootstrap] [BOOTSTRAP LOG] [debug] Got command of type ACTION
2017-05-31 06:15:10:410 - info: [AndroidBootstrap] [BOOTSTRAP LOG] [debug] Got command action: find
2017-05-31 06:15:10:410 - info: [AndroidBootstrap] [BOOTSTRAP LOG] [debug] Finding 'com.play.android:id/et_password' using 'ID' with the contextId: '' multiple: true
2017-05-31 06:15:10:411 - info: [AndroidBootstrap] [BOOTSTRAP LOG] [debug] Using: UiSelector[RESOURCE_ID=com.play.android:id/et_password]
2017-05-31 06:15:10:411 - info: [AndroidBootstrap] [BOOTSTRAP LOG] [debug] getElements selector:UiSelector[RESOURCE_ID=com.play.android:id/et_password]
2017-05-31 06:15:10:411 - info: [AndroidBootstrap] [BOOTSTRAP LOG] [debug] Element[] is null: (0)
2017-05-31 06:15:10:411 - info: [AndroidBootstrap] [BOOTSTRAP LOG] [debug] getElements tmp selector:UiSelector[INSTANCE=0, RESOURCE_ID=com.play.android:id/et_password]
2017-05-31 06:15:10:910 - info: [AndroidBootstrap] [BOOTSTRAP LOG] [debug] Element[] is null: (1)
2017-05-31 06:15:10:910 - info: [AndroidBootstrap] [BOOTSTRAP LOG] [debug] getElements tmp selector:UiSelector[INSTANCE=1, RESOURCE_ID=com.play.android:id/et_password]
2017-05-31 06:15:10:948 - info: [AndroidBootstrap] [BOOTSTRAP LOG] [debug] Returning result: {"value":[{"ELEMENT":"4"}],"status":0}
2017-05-31 06:15:10:949 - info: [debug] [AndroidBootstrap] Received command result from bootstrap
2017-05-31 06:15:10:951 - info: [debug] [MJSONWP] Responding to client with driver.findElements() result: [{"ELEMENT":"4"}]
2017-05-31 06:15:10:953 - info: [HTTP] <-- POST /wd/hub/session/26a23aec-a6f1-4436-978d-47b6508322e6/elements 200 552 ms - 89 
2017-05-31 06:15:11:072 - info: [HTTP] --> POST /wd/hub/session/26a23aec-a6f1-4436-978d-47b6508322e6/timeouts {"type":"implicit","ms":5000}
2017-05-31 06:15:11:075 - info: [debug] [MJSONWP] Calling AppiumDriver.timeouts() with args: ["implicit",5000,"26a23aec-a6f1-4436-978d-47b6508322e6"]
2017-05-31 06:15:11:076 - info: [debug] [BaseDriver] Set implicit wait to 5000ms
2017-05-31 06:15:11:077 - info: [debug] [MJSONWP] Responding to client with driver.timeouts() result: null
2017-05-31 06:15:11:088 - info: [HTTP] <-- POST /wd/hub/session/26a23aec-a6f1-4436-978d-47b6508322e6/timeouts 200 6 ms - 76 
2017-05-31 06:15:11:091 - info: [HTTP] --> POST /wd/hub/session/26a23aec-a6f1-4436-978d-47b6508322e6/element/4/value {"id":"4","value":["111111"]}
2017-05-31 06:15:11:094 - info: [debug] [MJSONWP] Calling AppiumDriver.setValue() with args: [["111111"],"4","26a23aec-a6f1-4436-978d-47b6508322e6"]
2017-05-31 06:15:11:096 - info: [debug] [AndroidBootstrap] Sending command to android: {"cmd":"action","action":"element:setText","params":{"elementId":"4","text":"111111","replace":false,"unicodeKeyboard":true}}
2017-05-31 06:15:11:102 - info: [AndroidBootstrap] [BOOTSTRAP LOG] [debug] Got data from client: {"cmd":"action","action":"element:setText","params":{"elementId":"4","text":"111111","replace":false,"unicodeKeyboard":true}}
2017-05-31 06:15:11:119 - info: [AndroidBootstrap] [BOOTSTRAP LOG] [debug] Got command of type ACTION
2017-05-31 06:15:11:120 - info: [AndroidBootstrap] [BOOTSTRAP LOG] [debug] Got command action: setText
2017-05-31 06:15:11:120 - info: [AndroidBootstrap] [BOOTSTRAP LOG] [debug] Using element passed in: 4
2017-05-31 06:15:11:135 - info: [AndroidBootstrap] [BOOTSTRAP LOG] [debug] Attempting to clear using UiObject.clearText().
2017-05-31 06:15:13:614 - info: [AndroidBootstrap] [BOOTSTRAP LOG] [debug] Sending plain text to element: 111111
2017-05-31 06:15:16:224 - info: [AndroidBootstrap] [BOOTSTRAP LOG] [debug] Returning result: {"value":true,"status":0}
2017-05-31 06:15:16:225 - info: [debug] [AndroidBootstrap] Received command result from bootstrap
2017-05-31 06:15:16:227 - info: [debug] [MJSONWP] Responding to client with driver.setValue() result: true
2017-05-31 06:15:16:228 - info: [HTTP] <-- POST /wd/hub/session/26a23aec-a6f1-4436-978d-47b6508322e6/element/4/value 200 5138 ms - 76 
2017-05-31 06:15:16:272 - info: [HTTP] --> POST /wd/hub/session/26a23aec-a6f1-4436-978d-47b6508322e6/timeouts {"type":"implicit","ms":0}
2017-05-31 06:15:16:273 - info: [debug] [MJSONWP] Calling AppiumDriver.timeouts() with args: ["implicit",0,"26a23aec-a6f1-4436-978d-47b6508322e6"]
2017-05-31 06:15:16:274 - info: [debug] [BaseDriver] Set implicit wait to 0ms
2017-05-31 06:15:16:275 - info: [debug] [MJSONWP] Responding to client with driver.timeouts() result: null
2017-05-31 06:15:16:276 - info: [HTTP] <-- POST /wd/hub/session/26a23aec-a6f1-4436-978d-47b6508322e6/timeouts 200 3 ms - 76 
2017-05-31 06:15:16:289 - info: [HTTP] --> GET /wd/hub/session/26a23aec-a6f1-4436-978d-47b6508322e6/context {}
2017-05-31 06:15:16:289 - info: [debug] [MJSONWP] Calling AppiumDriver.getCurrentContext() with args: ["26a23aec-a6f1-4436-978d-47b6508322e6"]
2017-05-31 06:15:16:291 - info: [debug] [MJSONWP] Responding to client with driver.getCurrentContext() result: "NATIVE_APP"
2017-05-31 06:15:16:293 - info: [HTTP] <-- GET /wd/hub/session/26a23aec-a6f1-4436-978d-47b6508322e6/context 200 3 ms - 84 
2017-05-31 06:15:16:298 - info: [HTTP] --> POST /wd/hub/session/26a23aec-a6f1-4436-978d-47b6508322e6/elements {"using":"id","value":"com.play.android:id/btn_login"}
2017-05-31 06:15:16:299 - info: [debug] [MJSONWP] Calling AppiumDriver.findElements() with args: ["id","com.play.android:id/btn_login","26a23aec-a6f1-4436-978d-47b6508322e6"]
2017-05-31 06:15:16:300 - info: [debug] [BaseDriver] Valid locator strategies for this request: xpath, id, class name, accessibility id, -android uiautomator
2017-05-31 06:15:16:300 - info: [debug] [BaseDriver] Valid locator strategies for this request: xpath, id, class name, accessibility id, -android uiautomator
2017-05-31 06:15:16:300 - info: [debug] [BaseDriver] Waiting up to 0 ms for condition
2017-05-31 06:15:16:301 - info: [debug] [AndroidBootstrap] Sending command to android: {"cmd":"action","action":"find","params":{"strategy":"id","selector":"com.play.android:id/btn_login","context":"","multiple":true}}
2017-05-31 06:15:16:310 - info: [AndroidBootstrap] [BOOTSTRAP LOG] [debug] Got data from client: {"cmd":"action","action":"find","params":{"strategy":"id","selector":"com.play.android:id/btn_login","context":"","multiple":true}}
2017-05-31 06:15:16:310 - info: [AndroidBootstrap] [BOOTSTRAP LOG] [debug] Got command of type ACTION
2017-05-31 06:15:16:310 - info: [AndroidBootstrap] [BOOTSTRAP LOG] [debug] Got command action: find
2017-05-31 06:15:16:311 - info: [AndroidBootstrap] [BOOTSTRAP LOG] [debug] Finding 'com.play.android:id/btn_login' using 'ID' with the contextId: '' multiple: true
2017-05-31 06:15:16:311 - info: [AndroidBootstrap] [BOOTSTRAP LOG] [debug] Using: UiSelector[RESOURCE_ID=com.play.android:id/btn_login]
2017-05-31 06:15:16:311 - info: [AndroidBootstrap] [BOOTSTRAP LOG] [debug] getElements selector:UiSelector[RESOURCE_ID=com.play.android:id/btn_login]
2017-05-31 06:15:16:311 - info: [AndroidBootstrap] [BOOTSTRAP LOG] [debug] Element[] is null: (0)
2017-05-31 06:15:16:311 - info: [AndroidBootstrap] [BOOTSTRAP LOG] [debug] getElements tmp selector:UiSelector[INSTANCE=0, RESOURCE_ID=com.play.android:id/btn_login]
2017-05-31 06:15:16:752 - info: [AndroidBootstrap] [BOOTSTRAP LOG] [debug] Element[] is null: (1)
2017-05-31 06:15:16:754 - info: [AndroidBootstrap] [BOOTSTRAP LOG] [debug] getElements tmp selector:UiSelector[INSTANCE=1, RESOURCE_ID=com.play.android:id/btn_login]
2017-05-31 06:15:16:811 - info: [AndroidBootstrap] [BOOTSTRAP LOG] [debug] Returning result: {"value":[{"ELEMENT":"5"}],"status":0}
2017-05-31 06:15:16:813 - info: [debug] [AndroidBootstrap] Received command result from bootstrap
2017-05-31 06:15:16:815 - info: [debug] [MJSONWP] Responding to client with driver.findElements() result: [{"ELEMENT":"5"}]
2017-05-31 06:15:16:821 - info: [HTTP] <-- POST /wd/hub/session/26a23aec-a6f1-4436-978d-47b6508322e6/elements 200 518 ms - 89 
2017-05-31 06:15:16:897 - info: [HTTP] --> POST /wd/hub/session/26a23aec-a6f1-4436-978d-47b6508322e6/timeouts {"type":"implicit","ms":5000}
2017-05-31 06:15:16:900 - info: [debug] [MJSONWP] Calling AppiumDriver.timeouts() with args: ["implicit",5000,"26a23aec-a6f1-4436-978d-47b6508322e6"]
2017-05-31 06:15:16:906 - info: [debug] [BaseDriver] Set implicit wait to 5000ms
2017-05-31 06:15:16:906 - info: [debug] [MJSONWP] Responding to client with driver.timeouts() result: null
2017-05-31 06:15:16:908 - info: [HTTP] <-- POST /wd/hub/session/26a23aec-a6f1-4436-978d-47b6508322e6/timeouts 200 11 ms - 76 
2017-05-31 06:15:16:933 - info: [HTTP] --> POST /wd/hub/session/26a23aec-a6f1-4436-978d-47b6508322e6/element/5/click {"id":"5"}
2017-05-31 06:15:16:933 - info: [debug] [MJSONWP] Calling AppiumDriver.click() with args: ["5","26a23aec-a6f1-4436-978d-47b6508322e6"]
2017-05-31 06:15:16:934 - info: [debug] [AndroidBootstrap] Sending command to android: {"cmd":"action","action":"element:click","params":{"elementId":"5"}}
2017-05-31 06:15:16:942 - info: [AndroidBootstrap] [BOOTSTRAP LOG] [debug] Got data from client: {"cmd":"action","action":"element:click","params":{"elementId":"5"}}
2017-05-31 06:15:16:942 - info: [AndroidBootstrap] [BOOTSTRAP LOG] [debug] Got command of type ACTION
2017-05-31 06:15:16:942 - info: [AndroidBootstrap] [BOOTSTRAP LOG] [debug] Got command action: click
2017-05-31 06:15:17:180 - info: [AndroidBootstrap] [BOOTSTRAP LOG] [debug] Returning result: {"value":true,"status":0}
2017-05-31 06:15:17:181 - info: [debug] [AndroidBootstrap] Received command result from bootstrap
2017-05-31 06:15:17:183 - info: [debug] [MJSONWP] Responding to client with driver.click() result: true
2017-05-31 06:15:17:185 - info: [HTTP] <-- POST /wd/hub/session/26a23aec-a6f1-4436-978d-47b6508322e6/element/5/click 200 251 ms - 76 
2017-05-31 06:15:17:189 - info: [HTTP] --> GET /wd/hub/session/26a23aec-a6f1-4436-978d-47b6508322e6/appium/device/current_activity {}
2017-05-31 06:15:17:189 - info: [debug] [MJSONWP] Calling AppiumDriver.getCurrentActivity() with args: ["26a23aec-a6f1-4436-978d-47b6508322e6"]
2017-05-31 06:15:17:191 - info: [debug] [ADB] Getting focused package and activity
2017-05-31 06:15:17:191 - info: [debug] [ADB] Getting connected devices...
2017-05-31 06:15:17:216 - info: [debug] [ADB] 1 device(s) connected
2017-05-31 06:15:17:217 - info: [debug] [ADB] Running 'D:\SoftWare\SDK\platform-tools\adb.exe' with args: ["-P",5037,"-s","022TAS7N51009853","shell","dumpsys","window","windows"]
2017-05-31 06:15:17:304 - info: [debug] [MJSONWP] Responding to client with driver.getCurrentActivity() result: ".activity.member.LoginActivity"
2017-05-31 06:15:17:304 - info: [HTTP] <-- GET /wd/hub/session/26a23aec-a6f1-4436-978d-47b6508322e6/appium/device/current_activity 200 115 ms - 104 
2017-05-31 06:15:18:310 - info: [HTTP] --> GET /wd/hub/session/26a23aec-a6f1-4436-978d-47b6508322e6/appium/device/current_activity {}
2017-05-31 06:15:18:311 - info: [debug] [MJSONWP] Calling AppiumDriver.getCurrentActivity() with args: ["26a23aec-a6f1-4436-978d-47b6508322e6"]
2017-05-31 06:15:18:320 - info: [debug] [ADB] Getting focused package and activity
2017-05-31 06:15:18:321 - info: [debug] [ADB] Getting connected devices...
2017-05-31 06:15:18:366 - info: [debug] [ADB] 1 device(s) connected
2017-05-31 06:15:18:367 - info: [debug] [ADB] Running 'D:\SoftWare\SDK\platform-tools\adb.exe' with args: ["-P",5037,"-s","022TAS7N51009853","shell","dumpsys","window","windows"]
2017-05-31 06:15:18:435 - info: [debug] [MJSONWP] Responding to client with driver.getCurrentActivity() result: ".activity.main.HomeActivity"
2017-05-31 06:15:18:436 - info: [HTTP] <-- GET /wd/hub/session/26a23aec-a6f1-4436-978d-47b6508322e6/appium/device/current_activity 200 126 ms - 101 
2017-05-31 06:15:18:443 - info: [HTTP] --> POST /wd/hub/session/26a23aec-a6f1-4436-978d-47b6508322e6/appium/app/close {}
2017-05-31 06:15:18:444 - info: [debug] [MJSONWP] Calling AppiumDriver.closeApp() with args: ["26a23aec-a6f1-4436-978d-47b6508322e6"]
2017-05-31 06:15:18:444 - info: [debug] [ADB] Getting connected devices...
2017-05-31 06:15:18:468 - info: [debug] [ADB] 1 device(s) connected
2017-05-31 06:15:18:469 - info: [debug] [ADB] Running 'D:\SoftWare\SDK\platform-tools\adb.exe' with args: ["-P",5037,"-s","022TAS7N51009853","shell","am","force-stop","com.play.android"]
2017-05-31 06:15:19:357 - info: [debug] [MJSONWP] Responding to client with driver.closeApp() result: null
2017-05-31 06:15:19:358 - info: [HTTP] <-- POST /wd/hub/session/26a23aec-a6f1-4436-978d-47b6508322e6/appium/app/close 200 915 ms - 76 
