2017-05-31 09:31:43:315 - info: [Appium] Welcome to Appium v1.6.5
2017-05-31 09:31:43:315 - info: [Appium] Non-default server args:
2017-05-31 09:31:43:330 - info: [Appium]   address: 127.0.0.1
2017-05-31 09:31:43:330 - info: [Appium]   log: D:\workSpace\EclipseProjects\AppiumForEclipse\log\1496223096978.log
2017-05-31 09:31:43:394 - info: [Appium] Appium REST http interface listener started on 127.0.0.1:4723
2017-05-31 09:31:43:940 - info: [HTTP] --> GET /wd/hub/status {}
2017-05-31 09:31:43:940 - info: [debug] [MJSONWP] Calling AppiumDriver.getStatus() with args: []
2017-05-31 09:31:43:987 - info: [debug] [MJSONWP] Responding to client with driver.getStatus() result: {"build":{"version":"1.6.5","revision":null}}
2017-05-31 09:31:43:987 - info: [HTTP] <-- GET /wd/hub/status 200 52 ms - 83 
2017-05-31 09:31:43:987 - info: [HTTP] --> GET /wd/hub/status {}
2017-05-31 09:31:43:987 - info: [debug] [MJSONWP] Calling AppiumDriver.getStatus() with args: []
2017-05-31 09:31:44:033 - info: [debug] [MJSONWP] Responding to client with driver.getStatus() result: {"build":{"version":"1.6.5","revision":null}}
2017-05-31 09:31:44:033 - info: [HTTP] <-- GET /wd/hub/status 200 41 ms - 83 
2017-05-31 09:31:44:676 - info: [HTTP] --> POST /wd/hub/session {"desiredCapabilities":{"app":"D:\\workSpace\\EclipseProjects\\AppiumForEclipse\\apps\\play.apk","noSign":"True","browserName":"","unicodeKeyboard":"True","platformName":"Android","deviceName":"022TAS7N51009853","resetKeyboard":"True"}}
2017-05-31 09:31:44:676 - info: [debug] [MJSONWP] Calling AppiumDriver.createSession() with args: [{"app":"D:\\workSpace\\EclipseProjects\\AppiumForEclipse\\apps\\play.apk","noSign":"True","browserName":"","unicodeKeyboard":"True","platformName":"Android","deviceName":"022TAS7N51009853","resetKeyboard":"True"},null,null]
2017-05-31 09:31:44:676 - info: [debug] [BaseDriver] Event 'newSessionRequested' logged at 1496223104676 (17:31:44 GMT+0800 (中国标准时间))
2017-05-31 09:31:44:686 - info: [Appium] Creating new AndroidDriver (v1.20.0) session
2017-05-31 09:31:44:686 - info: [Appium] Capabilities:
2017-05-31 09:31:44:686 - info: [Appium]   app: 'D:\\workSpace\\EclipseProjects\\AppiumForEclipse\\apps\\play.apk'
2017-05-31 09:31:44:686 - info: [Appium]   noSign: 'True'
2017-05-31 09:31:44:686 - info: [Appium]   browserName: ''
2017-05-31 09:31:44:686 - info: [Appium]   unicodeKeyboard: 'True'
2017-05-31 09:31:44:686 - info: [Appium]   platformName: 'Android'
2017-05-31 09:31:44:686 - info: [Appium]   deviceName: '022TAS7N51009853'
2017-05-31 09:31:44:686 - info: [Appium]   resetKeyboard: 'True'
2017-05-31 09:31:44:686 - info: [debug] [AndroidDriver] AndroidDriver version: 1.20.0
2017-05-31 09:31:44:697 - warn: [BaseDriver] Capability 'unicodeKeyboard' changed from string to boolean. This may cause unexpected behavior
2017-05-31 09:31:44:697 - warn: [BaseDriver] Capability 'resetKeyboard' changed from string to boolean. This may cause unexpected behavior
2017-05-31 09:31:44:697 - warn: [BaseDriver] Capability 'noSign' changed from string to boolean. This may cause unexpected behavior
2017-05-31 09:31:44:707 - info: [BaseDriver] Session created with session id: 9f749e06-57e3-4fa3-9411-4e8421accba4
2017-05-31 09:31:44:707 - info: [debug] [AndroidDriver] Getting Java version
2017-05-31 09:31:44:830 - info: [AndroidDriver] Java version is: 1.8.0_121
2017-05-31 09:31:44:840 - info: [ADB] Checking whether adb is present
2017-05-31 09:31:44:840 - info: [ADB] Using adb.exe from D:\SoftWare\SDK\platform-tools\adb.exe
2017-05-31 09:31:44:840 - info: [AndroidDriver] Retrieving device list
2017-05-31 09:31:44:840 - info: [debug] [ADB] Trying to find a connected android device
2017-05-31 09:31:44:840 - info: [debug] [ADB] Getting connected devices...
2017-05-31 09:31:44:860 - info: [debug] [ADB] 1 device(s) connected
2017-05-31 09:31:44:870 - info: [AndroidDriver] Using device: 85GBBMA2353T
2017-05-31 09:31:44:870 - info: [ADB] Checking whether adb is present
2017-05-31 09:31:44:870 - info: [ADB] Using adb.exe from D:\SoftWare\SDK\platform-tools\adb.exe
2017-05-31 09:31:44:870 - info: [debug] [ADB] Setting device id to 85GBBMA2353T
2017-05-31 09:31:44:870 - info: [BaseDriver] Using local app 'D:\workSpace\EclipseProjects\AppiumForEclipse\apps\play.apk'
2017-05-31 09:31:44:870 - info: [debug] [AndroidDriver] Checking whether app is actually present
2017-05-31 09:31:44:870 - info: [AndroidDriver] Starting Android session
2017-05-31 09:31:44:880 - info: [debug] [ADB] Running 'D:\SoftWare\SDK\platform-tools\adb.exe' with args: ["-P",5037,"-s","85GBBMA2353T","wait-for-device"]
2017-05-31 09:31:44:900 - info: [debug] [ADB] Getting connected devices...
2017-05-31 09:31:44:930 - info: [debug] [ADB] 1 device(s) connected
2017-05-31 09:31:44:930 - info: [debug] [ADB] Running 'D:\SoftWare\SDK\platform-tools\adb.exe' with args: ["-P",5037,"-s","85GBBMA2353T","shell","echo","ping"]
2017-05-31 09:31:44:960 - info: [debug] [Logcat] Starting logcat capture
2017-05-31 09:31:44:996 - info: [debug] [AndroidDriver] Enabling Unicode keyboard support
2017-05-31 09:31:44:996 - info: [debug] [AndroidDriver] Pushing unicode ime to device...
2017-05-31 09:31:44:996 - info: [debug] [ADB] Running 'D:\SoftWare\SDK\platform-tools\adb.exe' with args: ["-P",5037,"-s","85GBBMA2353T","install","D:\\MyProgram\\nodejs\\node_modules\\appium\\node_modules\\appium-android-ime\\bin\\UnicodeIME-debug.apk"]
2017-05-31 09:31:46:291 - info: [debug] [ADB] Getting connected devices...
2017-05-31 09:31:46:323 - info: [debug] [ADB] 1 device(s) connected
2017-05-31 09:31:46:339 - info: [debug] [ADB] Running 'D:\SoftWare\SDK\platform-tools\adb.exe' with args: ["-P",5037,"-s","85GBBMA2353T","shell","settings","get","secure","default_input_method"]
2017-05-31 09:31:47:212 - info: [debug] [AndroidDriver] Unsetting previous IME com.iflytek.inputmethod/.FlyIME
2017-05-31 09:31:47:212 - info: [debug] [AndroidDriver] Setting IME to 'io.appium.android.ime/.UnicodeIME'
2017-05-31 09:31:47:212 - info: [debug] [ADB] Getting connected devices...
2017-05-31 09:31:47:259 - info: [debug] [ADB] 1 device(s) connected
2017-05-31 09:31:47:259 - info: [debug] [ADB] Running 'D:\SoftWare\SDK\platform-tools\adb.exe' with args: ["-P",5037,"-s","85GBBMA2353T","shell","ime","enable","io.appium.android.ime/.UnicodeIME"]
2017-05-31 09:31:48:399 - info: [debug] [ADB] Getting connected devices...
2017-05-31 09:31:48:431 - info: [debug] [ADB] 1 device(s) connected
2017-05-31 09:31:48:431 - info: [debug] [ADB] Running 'D:\SoftWare\SDK\platform-tools\adb.exe' with args: ["-P",5037,"-s","85GBBMA2353T","shell","ime","set","io.appium.android.ime/.UnicodeIME"]
2017-05-31 09:31:49:352 - info: [debug] [AndroidDriver] Pushing settings apk to device...
2017-05-31 09:31:49:352 - info: [debug] [ADB] Getting install status for io.appium.settings
2017-05-31 09:31:49:368 - info: [debug] [ADB] Getting connected devices...
2017-05-31 09:31:49:399 - info: [debug] [ADB] 1 device(s) connected
2017-05-31 09:31:49:399 - info: [debug] [ADB] Running 'D:\SoftWare\SDK\platform-tools\adb.exe' with args: ["-P",5037,"-s","85GBBMA2353T","shell","pm","list","packages","io.appium.settings"]
2017-05-31 09:31:49:961 - info: [debug] [ADB] App is not installed
2017-05-31 09:31:49:961 - info: [debug] [ADB] Running 'D:\SoftWare\SDK\platform-tools\adb.exe' with args: ["-P",5037,"-s","85GBBMA2353T","install","D:\\MyProgram\\nodejs\\node_modules\\appium\\node_modules\\io.appium.settings\\app\\build\\outputs\\apk\\settings_apk-debug.apk"]
2017-05-31 09:31:50:945 - info: [debug] [ADB] Getting connected devices...
2017-05-31 09:31:50:976 - info: [debug] [ADB] 1 device(s) connected
2017-05-31 09:31:50:976 - info: [debug] [ADB] Running 'D:\SoftWare\SDK\platform-tools\adb.exe' with args: ["-P",5037,"-s","85GBBMA2353T","shell","getprop","ro.build.version.sdk"]
2017-05-31 09:31:51:039 - info: [debug] [ADB] Device API level: 22
2017-05-31 09:31:51:039 - info: [debug] [ADB] Getting connected devices...
2017-05-31 09:31:51:070 - info: [debug] [ADB] 1 device(s) connected
2017-05-31 09:31:51:070 - info: [debug] [ADB] Running 'D:\SoftWare\SDK\platform-tools\adb.exe' with args: ["-P",5037,"-s","85GBBMA2353T","shell","dumpsys","package","io.appium.settings"]
2017-05-31 09:31:51:148 - info: [debug] [AndroidDriver] Pushing unlock helper app to device...
2017-05-31 09:31:51:148 - info: [debug] [ADB] Running 'D:\SoftWare\SDK\platform-tools\adb.exe' with args: ["-P",5037,"-s","85GBBMA2353T","install","D:\\MyProgram\\nodejs\\node_modules\\appium\\node_modules\\appium-unlock\\bin\\unlock_apk-debug.apk"]
2017-05-31 09:31:52:241 - info: [debug] [ADB] Device API level: 22
2017-05-31 09:31:52:241 - info: [debug] [ADB] Getting connected devices...
2017-05-31 09:31:52:274 - info: [debug] [ADB] 1 device(s) connected
2017-05-31 09:31:52:274 - info: [debug] [ADB] Running 'D:\SoftWare\SDK\platform-tools\adb.exe' with args: ["-P",5037,"-s","85GBBMA2353T","shell","settings","put","secure","mock_location","1"]
2017-05-31 09:31:53:116 - info: [ADB] Getting device platform version
2017-05-31 09:31:53:116 - info: [debug] [ADB] Getting connected devices...
2017-05-31 09:31:53:163 - info: [debug] [ADB] 1 device(s) connected
2017-05-31 09:31:53:178 - info: [debug] [ADB] Running 'D:\SoftWare\SDK\platform-tools\adb.exe' with args: ["-P",5037,"-s","85GBBMA2353T","shell","getprop","ro.build.version.release"]
2017-05-31 09:31:53:241 - info: [debug] [ADB] Getting connected devices...
2017-05-31 09:31:53:256 - info: [debug] [ADB] 1 device(s) connected
2017-05-31 09:31:53:272 - info: [debug] [ADB] Running 'D:\SoftWare\SDK\platform-tools\adb.exe' with args: ["-P",5037,"-s","85GBBMA2353T","shell","wm","size"]
2017-05-31 09:31:54:288 - info: [debug] [ADB] Getting connected devices...
2017-05-31 09:31:54:320 - info: [debug] [ADB] 1 device(s) connected
2017-05-31 09:31:54:320 - info: [debug] [ADB] Running 'D:\SoftWare\SDK\platform-tools\adb.exe' with args: ["-P",5037,"-s","85GBBMA2353T","shell","getprop","ro.product.model"]
2017-05-31 09:31:54:367 - info: [debug] [ADB] Current device property 'ro.product.model': MX5
2017-05-31 09:31:54:367 - info: [debug] [ADB] Getting connected devices...
2017-05-31 09:31:54:383 - info: [debug] [ADB] 1 device(s) connected
2017-05-31 09:31:54:383 - info: [debug] [ADB] Running 'D:\SoftWare\SDK\platform-tools\adb.exe' with args: ["-P",5037,"-s","85GBBMA2353T","shell","getprop","ro.product.manufacturer"]
2017-05-31 09:31:54:429 - info: [debug] [ADB] Current device property 'ro.product.manufacturer': Meizu
2017-05-31 09:31:54:429 - info: [debug] [AndroidDriver] Parsing package and activity from app manifest
2017-05-31 09:31:54:429 - info: [ADB] Checking whether aapt is present
2017-05-31 09:31:54:429 - info: [ADB] Using aapt.exe from D:\SoftWare\SDK\build-tools\24.0.3\aapt.exe
2017-05-31 09:31:54:429 - info: [ADB] Extracting package and launch activity from manifest
2017-05-31 09:31:54:461 - info: [debug] [ADB] badging package: com.play.android
2017-05-31 09:31:54:461 - info: [debug] [ADB] badging act: com.play.android.activity.SplashActivity
2017-05-31 09:31:54:461 - info: [debug] [AndroidDriver] Parsed package and activity are: com.play.android/com.play.android.activity.SplashActivity
2017-05-31 09:31:54:601 - info: [AndroidDriver] Remote apk path is /data/local/tmp/42e2f15827830994ee5f75a4ff734348.apk
2017-05-31 09:31:54:601 - info: [debug] [ADB] Getting connected devices...
2017-05-31 09:31:54:617 - info: [debug] [ADB] 1 device(s) connected
2017-05-31 09:31:54:617 - info: [debug] [ADB] Running 'D:\SoftWare\SDK\platform-tools\adb.exe' with args: ["-P",5037,"-s","85GBBMA2353T","shell","ls","/data/local/tmp/42e2f15827830994ee5f75a4ff734348.apk"]
2017-05-31 09:31:54:663 - info: [debug] [AndroidDriver] Checking if app is installed
2017-05-31 09:31:54:663 - info: [debug] [ADB] Getting install status for com.play.android
2017-05-31 09:31:54:663 - info: [debug] [ADB] Getting connected devices...
2017-05-31 09:31:54:679 - info: [debug] [ADB] 1 device(s) connected
2017-05-31 09:31:54:679 - info: [debug] [ADB] Running 'D:\SoftWare\SDK\platform-tools\adb.exe' with args: ["-P",5037,"-s","85GBBMA2353T","shell","pm","list","packages","com.play.android"]
2017-05-31 09:31:55:194 - info: [debug] [ADB] App is installed
2017-05-31 09:31:55:194 - info: [AndroidDriver] Apk is already on remote and installed, resetting
2017-05-31 09:31:55:194 - info: [debug] [AndroidDriver] Running fast reset (stop and clear)
2017-05-31 09:31:55:194 - info: [debug] [ADB] Getting connected devices...
2017-05-31 09:31:55:241 - info: [debug] [ADB] 1 device(s) connected
2017-05-31 09:31:55:241 - info: [debug] [ADB] Running 'D:\SoftWare\SDK\platform-tools\adb.exe' with args: ["-P",5037,"-s","85GBBMA2353T","shell","am","force-stop","com.play.android"]
2017-05-31 09:31:56:270 - info: [debug] [ADB] Getting connected devices...
2017-05-31 09:31:56:302 - info: [debug] [ADB] 1 device(s) connected
2017-05-31 09:31:56:302 - info: [debug] [ADB] Running 'D:\SoftWare\SDK\platform-tools\adb.exe' with args: ["-P",5037,"-s","85GBBMA2353T","shell","pm","clear","com.play.android"]
2017-05-31 09:31:56:943 - info: [debug] [AndroidDriver] Extracting strings from apk D:\workSpace\EclipseProjects\AppiumForEclipse\apps\play.apk null C:\Users\ADMINI~1\AppData\Local\Temp\com.play.android
2017-05-31 09:31:56:945 - info: [debug] [ADB] Extracting strings for language: default
2017-05-31 09:31:56:946 - info: [debug] [ADB] Device API level: 22
2017-05-31 09:31:56:948 - info: [debug] [ADB] Getting connected devices...
2017-05-31 09:31:56:981 - info: [debug] [ADB] 1 device(s) connected
2017-05-31 09:31:56:981 - info: [debug] [ADB] Running 'D:\SoftWare\SDK\platform-tools\adb.exe' with args: ["-P",5037,"-s","85GBBMA2353T","shell","getprop","persist.sys.language"]
2017-05-31 09:31:57:021 - info: [debug] [ADB] Current device property 'persist.sys.language': zh
2017-05-31 09:31:58:216 - info: [debug] [ADB] Reading strings from converted strings.json
2017-05-31 09:31:58:222 - info: [debug] [ADB] Running 'D:\SoftWare\SDK\platform-tools\adb.exe' with args: ["-P",5037,"-s","85GBBMA2353T","push","C:\\Users\\ADMINI~1\\AppData\\Local\\Temp\\com.play.android\\strings.json","/data/local/tmp"]
2017-05-31 09:31:58:257 - info: [debug] [AndroidBootstrap] Watching for bootstrap disconnect
2017-05-31 09:31:58:259 - info: [debug] [ADB] Forwarding system: 4724 to device: 4724
2017-05-31 09:31:58:259 - info: [debug] [ADB] Running 'D:\SoftWare\SDK\platform-tools\adb.exe' with args: ["-P",5037,"-s","85GBBMA2353T","forward","tcp:4724","tcp:4724"]
2017-05-31 09:31:58:266 - info: [debug] [UiAutomator] Starting UiAutomator
2017-05-31 09:31:58:267 - info: [debug] [UiAutomator] Moving to state 'starting'
2017-05-31 09:31:58:267 - info: [debug] [UiAutomator] Parsing uiautomator jar
2017-05-31 09:31:58:267 - info: [debug] [UiAutomator] Found jar name: 'AppiumBootstrap.jar'
2017-05-31 09:31:58:268 - info: [debug] [ADB] Running 'D:\SoftWare\SDK\platform-tools\adb.exe' with args: ["-P",5037,"-s","85GBBMA2353T","push","D:\\MyProgram\\nodejs\\node_modules\\appium\\node_modules\\appium-android-bootstrap\\bootstrap\\bin\\AppiumBootstrap.jar","/data/local/tmp/"]
2017-05-31 09:31:58:302 - info: [debug] [ADB] Attempting to kill all uiautomator processes
2017-05-31 09:31:58:303 - info: [debug] [ADB] Getting all processes with uiautomator
2017-05-31 09:31:58:303 - info: [debug] [ADB] Getting connected devices...
2017-05-31 09:31:58:327 - info: [debug] [ADB] 1 device(s) connected
2017-05-31 09:31:58:327 - info: [debug] [ADB] Running 'D:\SoftWare\SDK\platform-tools\adb.exe' with args: ["-P",5037,"-s","85GBBMA2353T","shell","ps"]
2017-05-31 09:31:58:422 - info: [ADB] No uiautomator process found to kill, continuing...
2017-05-31 09:31:58:423 - info: [debug] [UiAutomator] Starting UIAutomator
2017-05-31 09:31:58:423 - info: [debug] [ADB] Creating ADB subprocess with args: ["-P",5037,"-s","85GBBMA2353T","shell","uiautomator","runtest","AppiumBootstrap.jar","-c","io.appium.android.bootstrap.Bootstrap","-e","pkg","com.play.android","-e","disableAndroidWatchers",false,"-e","acceptSslCerts",false]
2017-05-31 09:31:59:018 - info: [debug] [UiAutomator] Moving to state 'online'
2017-05-31 09:31:59:027 - info: [AndroidBootstrap] [BOOTSTRAP LOG] [debug] json loading complete.
2017-05-31 09:31:59:029 - info: [AndroidBootstrap] [BOOTSTRAP LOG] [debug] Registered crash watchers.
2017-05-31 09:31:59:033 - info: [AndroidBootstrap] Android bootstrap socket is now connected
2017-05-31 09:31:59:035 - info: [debug] [ADB] Getting connected devices...
2017-05-31 09:31:59:056 - info: [AndroidBootstrap] [BOOTSTRAP LOG] [debug] Client connected
2017-05-31 09:31:59:076 - info: [debug] [ADB] 1 device(s) connected
2017-05-31 09:31:59:077 - info: [debug] [ADB] Running 'D:\SoftWare\SDK\platform-tools\adb.exe' with args: ["-P",5037,"-s","85GBBMA2353T","shell","dumpsys","window"]
2017-05-31 09:31:59:140 - info: [AndroidDriver] Screen already unlocked, doing nothing
2017-05-31 09:31:59:142 - info: [debug] [ADB] Device API level: 22
2017-05-31 09:31:59:143 - info: [debug] [ADB] Getting connected devices...
2017-05-31 09:31:59:165 - info: [debug] [ADB] 1 device(s) connected
2017-05-31 09:31:59:166 - info: [debug] [ADB] Running 'D:\SoftWare\SDK\platform-tools\adb.exe' with args: ["-P",5037,"-s","85GBBMA2353T","shell","am","start","-W","-n","com.play.android/com.play.android.activity.SplashActivity","-S","-a","android.intent.action.MAIN","-c","android.intent.category.LAUNCHER","-f","0x10200000"]
2017-05-31 09:32:01:310 - info: [debug] [ADB] Waiting for activity matching pkg: 'com.play.android' and activity: 'com.play.android.activity.SplashActivity' to be focused
2017-05-31 09:32:01:311 - info: [debug] [ADB] Possible activities, to be checked: com.play.android.activity.SplashActivity, com.play.android.com.play.android.activity.SplashActivity
2017-05-31 09:32:01:314 - info: [debug] [ADB] Getting focused package and activity
2017-05-31 09:32:01:314 - info: [debug] [ADB] Getting connected devices...
2017-05-31 09:32:01:354 - info: [debug] [ADB] 1 device(s) connected
2017-05-31 09:32:01:354 - info: [debug] [ADB] Running 'D:\SoftWare\SDK\platform-tools\adb.exe' with args: ["-P",5037,"-s","85GBBMA2353T","shell","dumpsys","window","windows"]
2017-05-31 09:32:01:411 - info: [debug] [ADB] Found package: 'com.play.android' and fully qualified activity name : 'com.play.android.activity.main.HomeActivity'
2017-05-31 09:32:01:413 - info: [debug] [ADB] Incorrect package and activity. Retrying.
2017-05-31 09:32:02:166 - info: [debug] [ADB] Getting focused package and activity
2017-05-31 09:32:02:166 - info: [debug] [ADB] Getting connected devices...
2017-05-31 09:32:02:219 - info: [debug] [ADB] 1 device(s) connected
2017-05-31 09:32:02:219 - info: [debug] [ADB] Running 'D:\SoftWare\SDK\platform-tools\adb.exe' with args: ["-P",5037,"-s","85GBBMA2353T","shell","dumpsys","window","windows"]
2017-05-31 09:32:02:330 - info: [debug] [ADB] Found package: 'com.play.android' and fully qualified activity name : 'com.play.android.activity.main.HomeActivity'
2017-05-31 09:32:02:331 - info: [debug] [ADB] Incorrect package and activity. Retrying.
2017-05-31 09:32:03:082 - info: [debug] [ADB] Getting focused package and activity
2017-05-31 09:32:03:083 - info: [debug] [ADB] Getting connected devices...
2017-05-31 09:32:03:128 - info: [debug] [ADB] 1 device(s) connected
2017-05-31 09:32:03:129 - info: [debug] [ADB] Running 'D:\SoftWare\SDK\platform-tools\adb.exe' with args: ["-P",5037,"-s","85GBBMA2353T","shell","dumpsys","window","windows"]
2017-05-31 09:32:03:176 - info: [debug] [ADB] Found package: 'com.play.android' and fully qualified activity name : 'com.play.android.activity.main.HomeActivity'
2017-05-31 09:32:03:176 - info: [debug] [ADB] Incorrect package and activity. Retrying.
2017-05-31 09:32:03:927 - info: [debug] [ADB] Getting focused package and activity
2017-05-31 09:32:03:928 - info: [debug] [ADB] Getting connected devices...
2017-05-31 09:32:03:972 - info: [debug] [ADB] 1 device(s) connected
2017-05-31 09:32:03:972 - info: [debug] [ADB] Running 'D:\SoftWare\SDK\platform-tools\adb.exe' with args: ["-P",5037,"-s","85GBBMA2353T","shell","dumpsys","window","windows"]
2017-05-31 09:32:04:029 - info: [debug] [ADB] Found package: 'com.play.android' and fully qualified activity name : 'com.play.android.activity.main.HomeActivity'
2017-05-31 09:32:04:029 - info: [debug] [ADB] Incorrect package and activity. Retrying.
2017-05-31 09:32:04:780 - info: [debug] [ADB] Getting focused package and activity
2017-05-31 09:32:04:781 - info: [debug] [ADB] Getting connected devices...
2017-05-31 09:32:04:828 - info: [debug] [ADB] 1 device(s) connected
2017-05-31 09:32:04:829 - info: [debug] [ADB] Running 'D:\SoftWare\SDK\platform-tools\adb.exe' with args: ["-P",5037,"-s","85GBBMA2353T","shell","dumpsys","window","windows"]
2017-05-31 09:32:04:888 - info: [debug] [ADB] Found package: 'com.play.android' and fully qualified activity name : 'com.play.android.activity.main.HomeActivity'
2017-05-31 09:32:04:889 - info: [debug] [ADB] Incorrect package and activity. Retrying.
2017-05-31 09:32:05:640 - info: [debug] [ADB] Getting focused package and activity
2017-05-31 09:32:05:641 - info: [debug] [ADB] Getting connected devices...
2017-05-31 09:32:05:684 - info: [debug] [ADB] 1 device(s) connected
2017-05-31 09:32:05:685 - info: [debug] [ADB] Running 'D:\SoftWare\SDK\platform-tools\adb.exe' with args: ["-P",5037,"-s","85GBBMA2353T","shell","dumpsys","window","windows"]
2017-05-31 09:32:05:739 - info: [debug] [ADB] Found package: 'com.play.android' and fully qualified activity name : 'com.play.android.activity.main.HomeActivity'
2017-05-31 09:32:05:739 - info: [debug] [ADB] Incorrect package and activity. Retrying.
2017-05-31 09:32:06:491 - info: [debug] [ADB] Getting focused package and activity
2017-05-31 09:32:06:491 - info: [debug] [ADB] Getting connected devices...
2017-05-31 09:32:06:546 - info: [debug] [ADB] 1 device(s) connected
2017-05-31 09:32:06:547 - info: [debug] [ADB] Running 'D:\SoftWare\SDK\platform-tools\adb.exe' with args: ["-P",5037,"-s","85GBBMA2353T","shell","dumpsys","window","windows"]
2017-05-31 09:32:06:608 - info: [debug] [ADB] Found package: 'com.play.android' and fully qualified activity name : 'com.play.android.activity.main.HomeActivity'
2017-05-31 09:32:06:609 - info: [debug] [ADB] Incorrect package and activity. Retrying.
2017-05-31 09:32:07:360 - info: [debug] [ADB] Getting focused package and activity
2017-05-31 09:32:07:360 - info: [debug] [ADB] Getting connected devices...
2017-05-31 09:32:07:391 - info: [debug] [ADB] 1 device(s) connected
2017-05-31 09:32:07:391 - info: [debug] [ADB] Running 'D:\SoftWare\SDK\platform-tools\adb.exe' with args: ["-P",5037,"-s","85GBBMA2353T","shell","dumpsys","window","windows"]
2017-05-31 09:32:07:443 - info: [debug] [ADB] Found package: 'com.play.android' and fully qualified activity name : 'com.play.android.activity.main.HomeActivity'
2017-05-31 09:32:07:443 - info: [debug] [ADB] Incorrect package and activity. Retrying.
2017-05-31 09:32:08:194 - info: [debug] [ADB] Getting focused package and activity
2017-05-31 09:32:08:195 - info: [debug] [ADB] Getting connected devices...
2017-05-31 09:32:08:247 - info: [debug] [ADB] 1 device(s) connected
2017-05-31 09:32:08:248 - info: [debug] [ADB] Running 'D:\SoftWare\SDK\platform-tools\adb.exe' with args: ["-P",5037,"-s","85GBBMA2353T","shell","dumpsys","window","windows"]
2017-05-31 09:32:08:295 - info: [debug] [ADB] Found package: 'com.play.android' and fully qualified activity name : 'com.play.android.activity.main.HomeActivity'
2017-05-31 09:32:08:295 - info: [debug] [ADB] Incorrect package and activity. Retrying.
2017-05-31 09:32:09:046 - info: [debug] [ADB] Getting focused package and activity
2017-05-31 09:32:09:047 - info: [debug] [ADB] Getting connected devices...
2017-05-31 09:32:09:088 - info: [debug] [ADB] 1 device(s) connected
2017-05-31 09:32:09:089 - info: [debug] [ADB] Running 'D:\SoftWare\SDK\platform-tools\adb.exe' with args: ["-P",5037,"-s","85GBBMA2353T","shell","dumpsys","window","windows"]
2017-05-31 09:32:09:144 - info: [debug] [ADB] Found package: 'com.play.android' and fully qualified activity name : 'com.play.android.activity.main.HomeActivity'
2017-05-31 09:32:09:144 - info: [debug] [ADB] Incorrect package and activity. Retrying.
2017-05-31 09:32:09:895 - info: [debug] [ADB] Getting focused package and activity
2017-05-31 09:32:09:896 - info: [debug] [ADB] Getting connected devices...
2017-05-31 09:32:09:938 - info: [debug] [ADB] 1 device(s) connected
2017-05-31 09:32:09:938 - info: [debug] [ADB] Running 'D:\SoftWare\SDK\platform-tools\adb.exe' with args: ["-P",5037,"-s","85GBBMA2353T","shell","dumpsys","window","windows"]
2017-05-31 09:32:09:992 - info: [debug] [ADB] Found package: 'com.play.android' and fully qualified activity name : 'com.play.android.activity.main.HomeActivity'
2017-05-31 09:32:09:992 - info: [debug] [ADB] Incorrect package and activity. Retrying.
2017-05-31 09:32:10:742 - info: [debug] [ADB] Getting focused package and activity
2017-05-31 09:32:10:743 - info: [debug] [ADB] Getting connected devices...
2017-05-31 09:32:10:780 - info: [debug] [ADB] 1 device(s) connected
2017-05-31 09:32:10:781 - info: [debug] [ADB] Running 'D:\SoftWare\SDK\platform-tools\adb.exe' with args: ["-P",5037,"-s","85GBBMA2353T","shell","dumpsys","window","windows"]
2017-05-31 09:32:10:851 - info: [debug] [ADB] Found package: 'com.play.android' and fully qualified activity name : 'com.play.android.activity.main.HomeActivity'
2017-05-31 09:32:10:852 - info: [debug] [ADB] Incorrect package and activity. Retrying.
2017-05-31 09:32:11:602 - info: [debug] [ADB] Getting focused package and activity
2017-05-31 09:32:11:603 - info: [debug] [ADB] Getting connected devices...
2017-05-31 09:32:11:644 - info: [debug] [ADB] 1 device(s) connected
2017-05-31 09:32:11:644 - info: [debug] [ADB] Running 'D:\SoftWare\SDK\platform-tools\adb.exe' with args: ["-P",5037,"-s","85GBBMA2353T","shell","dumpsys","window","windows"]
2017-05-31 09:32:11:698 - info: [debug] [ADB] Found package: 'com.play.android' and fully qualified activity name : 'com.play.android.activity.main.HomeActivity'
2017-05-31 09:32:11:699 - info: [debug] [ADB] Incorrect package and activity. Retrying.
2017-05-31 09:32:12:449 - info: [debug] [ADB] Getting focused package and activity
2017-05-31 09:32:12:450 - info: [debug] [ADB] Getting connected devices...
2017-05-31 09:32:12:485 - info: [debug] [ADB] 1 device(s) connected
2017-05-31 09:32:12:486 - info: [debug] [ADB] Running 'D:\SoftWare\SDK\platform-tools\adb.exe' with args: ["-P",5037,"-s","85GBBMA2353T","shell","dumpsys","window","windows"]
2017-05-31 09:32:12:538 - info: [debug] [ADB] Found package: 'com.play.android' and fully qualified activity name : 'com.play.android.activity.main.HomeActivity'
2017-05-31 09:32:12:538 - info: [debug] [ADB] Incorrect package and activity. Retrying.
2017-05-31 09:32:13:289 - info: [debug] [ADB] Getting focused package and activity
2017-05-31 09:32:13:290 - info: [debug] [ADB] Getting connected devices...
2017-05-31 09:32:13:334 - info: [debug] [ADB] 1 device(s) connected
2017-05-31 09:32:13:335 - info: [debug] [ADB] Running 'D:\SoftWare\SDK\platform-tools\adb.exe' with args: ["-P",5037,"-s","85GBBMA2353T","shell","dumpsys","window","windows"]
2017-05-31 09:32:13:391 - info: [debug] [ADB] Found package: 'com.play.android' and fully qualified activity name : 'com.play.android.activity.main.HomeActivity'
2017-05-31 09:32:13:391 - info: [debug] [ADB] Incorrect package and activity. Retrying.
2017-05-31 09:32:14:142 - info: [debug] [ADB] Getting focused package and activity
2017-05-31 09:32:14:143 - info: [debug] [ADB] Getting connected devices...
2017-05-31 09:32:14:194 - info: [debug] [ADB] 1 device(s) connected
2017-05-31 09:32:14:195 - info: [debug] [ADB] Running 'D:\SoftWare\SDK\platform-tools\adb.exe' with args: ["-P",5037,"-s","85GBBMA2353T","shell","dumpsys","window","windows"]
2017-05-31 09:32:14:248 - info: [debug] [ADB] Found package: 'com.play.android' and fully qualified activity name : 'com.play.android.activity.main.HomeActivity'
2017-05-31 09:32:14:249 - info: [debug] [ADB] Incorrect package and activity. Retrying.
2017-05-31 09:32:14:999 - info: [debug] [ADB] Getting focused package and activity
2017-05-31 09:32:15:000 - info: [debug] [ADB] Getting connected devices...
2017-05-31 09:32:15:045 - info: [debug] [ADB] 1 device(s) connected
2017-05-31 09:32:15:046 - info: [debug] [ADB] Running 'D:\SoftWare\SDK\platform-tools\adb.exe' with args: ["-P",5037,"-s","85GBBMA2353T","shell","dumpsys","window","windows"]
2017-05-31 09:32:15:098 - info: [debug] [ADB] Found package: 'com.play.android' and fully qualified activity name : 'com.play.android.activity.main.HomeActivity'
2017-05-31 09:32:15:098 - info: [debug] [ADB] Incorrect package and activity. Retrying.
2017-05-31 09:32:15:841 - info: [debug] [ADB] Getting focused package and activity
2017-05-31 09:32:15:841 - info: [debug] [ADB] Getting connected devices...
2017-05-31 09:32:15:888 - info: [debug] [ADB] 1 device(s) connected
2017-05-31 09:32:15:888 - info: [debug] [ADB] Running 'D:\SoftWare\SDK\platform-tools\adb.exe' with args: ["-P",5037,"-s","85GBBMA2353T","shell","dumpsys","window","windows"]
2017-05-31 09:32:15:951 - info: [debug] [ADB] Found package: 'com.play.android' and fully qualified activity name : 'com.play.android.activity.main.HomeActivity'
2017-05-31 09:32:15:951 - info: [debug] [ADB] Incorrect package and activity. Retrying.
2017-05-31 09:32:16:700 - info: [debug] [ADB] Getting focused package and activity
2017-05-31 09:32:16:700 - info: [debug] [ADB] Getting connected devices...
2017-05-31 09:32:16:746 - info: [debug] [ADB] 1 device(s) connected
2017-05-31 09:32:16:746 - info: [debug] [ADB] Running 'D:\SoftWare\SDK\platform-tools\adb.exe' with args: ["-P",5037,"-s","85GBBMA2353T","shell","dumpsys","window","windows"]
2017-05-31 09:32:16:793 - info: [debug] [ADB] Found package: 'com.play.android' and fully qualified activity name : 'com.play.android.activity.main.HomeActivity'
2017-05-31 09:32:16:793 - info: [debug] [ADB] Incorrect package and activity. Retrying.
2017-05-31 09:32:17:558 - info: [debug] [ADB] Getting focused package and activity
2017-05-31 09:32:17:558 - info: [debug] [ADB] Getting connected devices...
2017-05-31 09:32:17:590 - info: [debug] [ADB] 1 device(s) connected
2017-05-31 09:32:17:590 - info: [debug] [ADB] Running 'D:\SoftWare\SDK\platform-tools\adb.exe' with args: ["-P",5037,"-s","85GBBMA2353T","shell","dumpsys","window","windows"]
2017-05-31 09:32:17:652 - info: [debug] [ADB] Found package: 'com.play.android' and fully qualified activity name : 'com.play.android.activity.main.HomeActivity'
2017-05-31 09:32:17:652 - info: [debug] [ADB] Incorrect package and activity. Retrying.
2017-05-31 09:32:18:417 - info: [debug] [ADB] Getting focused package and activity
2017-05-31 09:32:18:417 - info: [debug] [ADB] Getting connected devices...
2017-05-31 09:32:18:463 - info: [debug] [ADB] 1 device(s) connected
2017-05-31 09:32:18:463 - info: [debug] [ADB] Running 'D:\SoftWare\SDK\platform-tools\adb.exe' with args: ["-P",5037,"-s","85GBBMA2353T","shell","dumpsys","window","windows"]
2017-05-31 09:32:18:510 - info: [debug] [ADB] Found package: 'com.play.android' and fully qualified activity name : 'com.play.android.activity.main.HomeActivity'
2017-05-31 09:32:18:510 - info: [debug] [ADB] Incorrect package and activity. Retrying.
2017-05-31 09:32:19:275 - info: [debug] [ADB] Getting focused package and activity
2017-05-31 09:32:19:275 - info: [debug] [ADB] Getting connected devices...
2017-05-31 09:32:19:307 - info: [debug] [ADB] 1 device(s) connected
2017-05-31 09:32:19:307 - info: [debug] [ADB] Running 'D:\SoftWare\SDK\platform-tools\adb.exe' with args: ["-P",5037,"-s","85GBBMA2353T","shell","dumpsys","window","windows"]
2017-05-31 09:32:19:369 - info: [debug] [ADB] Found package: 'com.play.android' and fully qualified activity name : 'com.play.android.activity.main.HomeActivity'
2017-05-31 09:32:19:369 - info: [debug] [ADB] Incorrect package and activity. Retrying.
2017-05-31 09:32:20:141 - info: [debug] [ADB] Getting focused package and activity
2017-05-31 09:32:20:141 - info: [debug] [ADB] Getting connected devices...
2017-05-31 09:32:20:181 - info: [debug] [ADB] 1 device(s) connected
2017-05-31 09:32:20:181 - info: [debug] [ADB] Running 'D:\SoftWare\SDK\platform-tools\adb.exe' with args: ["-P",5037,"-s","85GBBMA2353T","shell","dumpsys","window","windows"]
2017-05-31 09:32:20:231 - info: [debug] [ADB] Found package: 'com.play.android' and fully qualified activity name : 'com.play.android.activity.main.HomeActivity'
2017-05-31 09:32:20:231 - info: [debug] [ADB] Incorrect package and activity. Retrying.
2017-05-31 09:32:20:989 - info: [debug] [ADB] Getting focused package and activity
2017-05-31 09:32:20:989 - info: [debug] [ADB] Getting connected devices...
2017-05-31 09:32:21:021 - info: [debug] [ADB] 1 device(s) connected
2017-05-31 09:32:21:021 - info: [debug] [ADB] Running 'D:\SoftWare\SDK\platform-tools\adb.exe' with args: ["-P",5037,"-s","85GBBMA2353T","shell","dumpsys","window","windows"]
2017-05-31 09:32:21:083 - info: [debug] [ADB] Found package: 'com.play.android' and fully qualified activity name : 'com.play.android.activity.main.HomeActivity'
2017-05-31 09:32:21:083 - info: [debug] [ADB] Incorrect package and activity. Retrying.
2017-05-31 09:32:21:851 - error: [ADB] Error: com.play.android.activity.SplashActivity or com.play.android.com.play.android.activity.SplashActivity never started
    at Object.wrappedLogger.errorAndThrow (../../lib/logging.js:63:13)
    at ADB.callee$0$0$ (../../../lib/tools/apk-utils.js:153:7)
    at tryCatch (D:\MyProgram\nodejs\node_modules\appium\node_modules\babel-runtime\regenerator\runtime.js:67:40)
    at GeneratorFunctionPrototype.invoke [as _invoke] (D:\MyProgram\nodejs\node_modules\appium\node_modules\babel-runtime\regenerator\runtime.js:315:22)
    at GeneratorFunctionPrototype.prototype.(anonymous function) [as next] (D:\MyProgram\nodejs\node_modules\appium\node_modules\babel-runtime\regenerator\runtime.js:100:21)
    at GeneratorFunctionPrototype.invoke (D:\MyProgram\nodejs\node_modules\appium\node_modules\babel-runtime\regenerator\runtime.js:136:37)
 Error: com.play.android.activity.SplashActivity or com.play.android.com.play.android.activity.SplashActivity never started
    at Object.wrappedLogger.errorAndThrow (../../lib/logging.js:63:13)
    at ADB.callee$0$0$ (../../../lib/tools/apk-utils.js:153:7)
    at tryCatch (D:\MyProgram\nodejs\node_modules\appium\node_modules\babel-runtime\regenerator\runtime.js:67:40)
    at GeneratorFunctionPrototype.invoke [as _invoke] (D:\MyProgram\nodejs\node_modules\appium\node_modules\babel-runtime\regenerator\runtime.js:315:22)
    at GeneratorFunctionPrototype.prototype.(anonymous function) [as next] (D:\MyProgram\nodejs\node_modules\appium\node_modules\babel-runtime\regenerator\runtime.js:100:21)
    at GeneratorFunctionPrototype.invoke (D:\MyProgram\nodejs\node_modules\appium\node_modules\babel-runtime\regenerator\runtime.js:136:37)
2017-05-31 09:32:21:851 - error: [ADB] Error: Error occured while starting App. Original error: com.play.android.activity.SplashActivity or com.play.android.com.play.android.activity.SplashActivity never started
    at Object.wrappedLogger.errorAndThrow (../../lib/logging.js:63:13)
    at ADB.callee$0$0$ (../../../lib/tools/apk-utils.js:79:9)
    at tryCatch (D:\MyProgram\nodejs\node_modules\appium\node_modules\babel-runtime\regenerator\runtime.js:67:40)
    at GeneratorFunctionPrototype.invoke [as _invoke] (D:\MyProgram\nodejs\node_modules\appium\node_modules\babel-runtime\regenerator\runtime.js:315:22)
    at GeneratorFunctionPrototype.prototype.(anonymous function) [as throw] (D:\MyProgram\nodejs\node_modules\appium\node_modules\babel-runtime\regenerator\runtime.js:100:21)
    at GeneratorFunctionPrototype.invoke (D:\MyProgram\nodejs\node_modules\appium\node_modules\babel-runtime\regenerator\runtime.js:136:37)
 Error: Error occured while starting App. Original error: com.play.android.activity.SplashActivity or com.play.android.com.play.android.activity.SplashActivity never started
    at Object.wrappedLogger.errorAndThrow (../../lib/logging.js:63:13)
    at ADB.callee$0$0$ (../../../lib/tools/apk-utils.js:79:9)
    at tryCatch (D:\MyProgram\nodejs\node_modules\appium\node_modules\babel-runtime\regenerator\runtime.js:67:40)
    at GeneratorFunctionPrototype.invoke [as _invoke] (D:\MyProgram\nodejs\node_modules\appium\node_modules\babel-runtime\regenerator\runtime.js:315:22)
    at GeneratorFunctionPrototype.prototype.(anonymous function) [as throw] (D:\MyProgram\nodejs\node_modules\appium\node_modules\babel-runtime\regenerator\runtime.js:100:21)
    at GeneratorFunctionPrototype.invoke (D:\MyProgram\nodejs\node_modules\appium\node_modules\babel-runtime\regenerator\runtime.js:136:37)
2017-05-31 09:32:21:851 - info: [debug] [AndroidDriver] Shutting down Android driver
2017-05-31 09:32:21:867 - info: [debug] [AndroidDriver] Resetting IME to com.iflytek.inputmethod/.FlyIME
2017-05-31 09:32:21:867 - info: [debug] [ADB] Getting connected devices...
2017-05-31 09:32:21:882 - info: [debug] [ADB] 1 device(s) connected
2017-05-31 09:32:21:882 - info: [debug] [ADB] Running 'D:\SoftWare\SDK\platform-tools\adb.exe' with args: ["-P",5037,"-s","85GBBMA2353T","shell","ime","set","com.iflytek.inputmethod/.FlyIME"]
2017-05-31 09:32:22:600 - info: [debug] [ADB] Getting connected devices...
2017-05-31 09:32:22:632 - info: [debug] [ADB] 1 device(s) connected
2017-05-31 09:32:22:632 - info: [debug] [ADB] Running 'D:\SoftWare\SDK\platform-tools\adb.exe' with args: ["-P",5037,"-s","85GBBMA2353T","shell","am","force-stop","com.play.android"]
2017-05-31 09:32:23:334 - info: [debug] [ADB] Pressing the HOME button
2017-05-31 09:32:23:334 - info: [debug] [ADB] Getting connected devices...
2017-05-31 09:32:23:381 - info: [debug] [ADB] 1 device(s) connected
2017-05-31 09:32:23:381 - info: [debug] [ADB] Running 'D:\SoftWare\SDK\platform-tools\adb.exe' with args: ["-P",5037,"-s","85GBBMA2353T","shell","input","keyevent",3]
2017-05-31 09:32:24:084 - info: [debug] [AndroidBootstrap] Sending command to android: {"cmd":"shutdown"}
2017-05-31 09:32:24:100 - info: [AndroidBootstrap] [BOOTSTRAP LOG] [debug] Got data from client: {"cmd":"shutdown"}
2017-05-31 09:32:24:100 - info: [AndroidBootstrap] [BOOTSTRAP LOG] [debug] Got command of type SHUTDOWN
2017-05-31 09:32:24:100 - info: [AndroidBootstrap] [BOOTSTRAP LOG] [debug] Returning result: {"status":0,"value":"OK, shutting down"}
2017-05-31 09:32:24:100 - info: [debug] [AndroidBootstrap] [UIAUTO STDOUT] [CDS]close[4724]
2017-05-31 09:32:24:100 - info: [debug] [AndroidBootstrap] Received command result from bootstrap
2017-05-31 09:32:24:100 - info: [debug] [UiAutomator] Shutting down UiAutomator
2017-05-31 09:32:24:100 - info: [debug] [UiAutomator] Moving to state 'stopping'
2017-05-31 09:32:24:100 - info: [debug] [UiAutomator] UiAutomator shut down normally
2017-05-31 09:32:24:100 - info: [debug] [UiAutomator] Moving to state 'stopped'
2017-05-31 09:32:24:100 - info: [debug] [ADB] Attempting to kill all uiautomator processes
2017-05-31 09:32:24:100 - info: [debug] [ADB] Getting all processes with uiautomator
2017-05-31 09:32:24:100 - info: [debug] [ADB] Getting connected devices...
2017-05-31 09:32:24:131 - info: [debug] [ADB] 1 device(s) connected
2017-05-31 09:32:24:131 - info: [debug] [ADB] Running 'D:\SoftWare\SDK\platform-tools\adb.exe' with args: ["-P",5037,"-s","85GBBMA2353T","shell","ps"]
2017-05-31 09:32:24:210 - info: [ADB] No uiautomator process found to kill, continuing...
2017-05-31 09:32:24:210 - info: [debug] [UiAutomator] Moving to state 'stopped'
2017-05-31 09:32:24:210 - info: [debug] [Logcat] Stopping logcat capture
2017-05-31 09:32:24:210 - info: [debug] [ADB] Getting connected devices...
2017-05-31 09:32:24:241 - info: [debug] [ADB] 1 device(s) connected
2017-05-31 09:32:24:241 - info: [debug] [ADB] Running 'D:\SoftWare\SDK\platform-tools\adb.exe' with args: ["-P",5037,"-s","85GBBMA2353T","shell","am","force-stop","io.appium.unlock"]
2017-05-31 09:32:24:849 - info: [debug] [AndroidDriver] Not cleaning generated files. Add `clearSystemFiles` capability if wanted.
2017-05-31 09:32:24:849 - error: [MJSONWP] Encountered internal error running command: Error: Error occured while starting App. Original error: com.play.android.activity.SplashActivity or com.play.android.com.play.android.activity.SplashActivity never started
    at Object.wrappedLogger.errorAndThrow (../../lib/logging.js:63:13)
    at ADB.callee$0$0$ (../../../lib/tools/apk-utils.js:79:9)
    at tryCatch (D:\MyProgram\nodejs\node_modules\appium\node_modules\babel-runtime\regenerator\runtime.js:67:40)
    at GeneratorFunctionPrototype.invoke [as _invoke] (D:\MyProgram\nodejs\node_modules\appium\node_modules\babel-runtime\regenerator\runtime.js:315:22)
    at GeneratorFunctionPrototype.prototype.(anonymous function) [as throw] (D:\MyProgram\nodejs\node_modules\appium\node_modules\babel-runtime\regenerator\runtime.js:100:21)
    at GeneratorFunctionPrototype.invoke (D:\MyProgram\nodejs\node_modules\appium\node_modules\babel-runtime\regenerator\runtime.js:136:37)
2017-05-31 09:32:24:849 - info: [HTTP] <-- POST /wd/hub/session 500 40176 ms - 302 
