2017-05-31 06:11:01:439 - info: [Appium] Welcome to Appium v1.6.5
2017-05-31 06:11:01:442 - info: [Appium] Non-default server args:
2017-05-31 06:11:01:443 - info: [Appium]   address: 127.0.0.1
2017-05-31 06:11:01:443 - info: [Appium]   log: D:\workSpace\EclipseProjects\AppiumForEclipse\log\1496211055370.log
2017-05-31 06:11:01:508 - info: [Appium] Appium REST http interface listener started on 127.0.0.1:4723
2017-05-31 06:11:01:947 - info: [HTTP] --> GET /wd/hub/status {}
2017-05-31 06:11:01:951 - info: [debug] [MJSONWP] Calling AppiumDriver.getStatus() with args: []
2017-05-31 06:11:02:001 - info: [debug] [MJSONWP] Responding to client with driver.getStatus() result: {"build":{"version":"1.6.5","revision":null}}
2017-05-31 06:11:02:008 - info: [HTTP] <-- GET /wd/hub/status 200 58 ms - 83 
2017-05-31 06:11:02:013 - info: [HTTP] --> GET /wd/hub/status {}
2017-05-31 06:11:02:014 - info: [debug] [MJSONWP] Calling AppiumDriver.getStatus() with args: []
2017-05-31 06:11:02:053 - info: [debug] [MJSONWP] Responding to client with driver.getStatus() result: {"build":{"version":"1.6.5","revision":null}}
2017-05-31 06:11:02:055 - info: [HTTP] <-- GET /wd/hub/status 200 41 ms - 83 
2017-05-31 06:11:02:687 - info: [HTTP] --> POST /wd/hub/session {"desiredCapabilities":{"appPackage":"com.play.android","appActivity":"com.play.android.activity.SplashActivity","app":"D:\\workSpace\\EclipseProjects\\AppiumForEclipse\\apps\\play.apk","noSign":"True","unicodeKeyboard":"True","platformName":"Android","deviceName":"022TAS7N51009853","resetKeyboard":"True"}}
2017-05-31 06:11:02:688 - info: [debug] [MJSONWP] Calling AppiumDriver.createSession() with args: [{"appPackage":"com.play.android","appActivity":"com.play.android.activity.SplashActivity","app":"D:\\workSpace\\EclipseProjects\\AppiumForEclipse\\apps\\play.apk","noSign":"True","unicodeKeyboard":"True","platformName":"Android","deviceName":"022TAS7N51009853","resetKeyboard":"True"},null,null]
2017-05-31 06:11:02:689 - info: [debug] [BaseDriver] Event 'newSessionRequested' logged at 1496211062689 (14:11:02 GMT+0800 (中国标准时间))
2017-05-31 06:11:02:694 - info: [Appium] Creating new AndroidDriver (v1.20.0) session
2017-05-31 06:11:02:695 - info: [Appium] Capabilities:
2017-05-31 06:11:02:697 - info: [Appium]   appPackage: 'com.play.android'
2017-05-31 06:11:02:698 - info: [Appium]   appActivity: 'com.play.android.activity.SplashActivity'
2017-05-31 06:11:02:698 - info: [Appium]   app: 'D:\\workSpace\\EclipseProjects\\AppiumForEclipse\\apps\\play.apk'
2017-05-31 06:11:02:698 - info: [Appium]   noSign: 'True'
2017-05-31 06:11:02:698 - info: [Appium]   unicodeKeyboard: 'True'
2017-05-31 06:11:02:699 - info: [Appium]   platformName: 'Android'
2017-05-31 06:11:02:699 - info: [Appium]   deviceName: '022TAS7N51009853'
2017-05-31 06:11:02:699 - info: [Appium]   resetKeyboard: 'True'
2017-05-31 06:11:02:702 - info: [debug] [AndroidDriver] AndroidDriver version: 1.20.0
2017-05-31 06:11:02:708 - warn: [BaseDriver] Capability 'unicodeKeyboard' changed from string to boolean. This may cause unexpected behavior
2017-05-31 06:11:02:708 - warn: [BaseDriver] Capability 'resetKeyboard' changed from string to boolean. This may cause unexpected behavior
2017-05-31 06:11:02:708 - warn: [BaseDriver] Capability 'noSign' changed from string to boolean. This may cause unexpected behavior
2017-05-31 06:11:02:719 - info: [BaseDriver] Session created with session id: d866e2a4-4222-4df6-a237-479f3888b6dd
2017-05-31 06:11:02:722 - info: [debug] [AndroidDriver] Getting Java version
2017-05-31 06:11:02:835 - info: [AndroidDriver] Java version is: 1.8.0_121
2017-05-31 06:11:02:840 - info: [ADB] Checking whether adb is present
2017-05-31 06:11:02:843 - info: [ADB] Using adb.exe from D:\SoftWare\SDK\platform-tools\adb.exe
2017-05-31 06:11:02:844 - info: [AndroidDriver] Retrieving device list
2017-05-31 06:11:02:845 - info: [debug] [ADB] Trying to find a connected android device
2017-05-31 06:11:02:846 - info: [debug] [ADB] Getting connected devices...
2017-05-31 06:11:02:869 - info: [debug] [ADB] 1 device(s) connected
2017-05-31 06:11:02:870 - info: [AndroidDriver] Using device: 022TAS7N51009853
2017-05-31 06:11:02:871 - info: [ADB] Checking whether adb is present
2017-05-31 06:11:02:874 - info: [ADB] Using adb.exe from D:\SoftWare\SDK\platform-tools\adb.exe
2017-05-31 06:11:02:875 - info: [debug] [ADB] Setting device id to 022TAS7N51009853
2017-05-31 06:11:02:876 - info: [BaseDriver] Using local app 'D:\workSpace\EclipseProjects\AppiumForEclipse\apps\play.apk'
2017-05-31 06:11:02:877 - info: [debug] [AndroidDriver] Checking whether app is actually present
2017-05-31 06:11:02:878 - info: [AndroidDriver] Starting Android session
2017-05-31 06:11:02:883 - info: [debug] [ADB] Running 'D:\SoftWare\SDK\platform-tools\adb.exe' with args: ["-P",5037,"-s","022TAS7N51009853","wait-for-device"]
2017-05-31 06:11:02:910 - info: [debug] [ADB] Getting connected devices...
2017-05-31 06:11:02:935 - info: [debug] [ADB] 1 device(s) connected
2017-05-31 06:11:02:935 - info: [debug] [ADB] Running 'D:\SoftWare\SDK\platform-tools\adb.exe' with args: ["-P",5037,"-s","022TAS7N51009853","shell","echo","ping"]
2017-05-31 06:11:02:979 - info: [debug] [Logcat] Starting logcat capture
2017-05-31 06:11:03:026 - info: [debug] [AndroidDriver] Enabling Unicode keyboard support
2017-05-31 06:11:03:026 - info: [debug] [AndroidDriver] Pushing unicode ime to device...
2017-05-31 06:11:03:027 - info: [debug] [ADB] Running 'D:\SoftWare\SDK\platform-tools\adb.exe' with args: ["-P",5037,"-s","022TAS7N51009853","install","D:\\MyProgram\\nodejs\\node_modules\\appium\\node_modules\\appium-android-ime\\bin\\UnicodeIME-debug.apk"]
2017-05-31 06:11:04:354 - info: [debug] [ADB] Getting connected devices...
2017-05-31 06:11:04:392 - info: [debug] [ADB] 1 device(s) connected
2017-05-31 06:11:04:393 - info: [debug] [ADB] Running 'D:\SoftWare\SDK\platform-tools\adb.exe' with args: ["-P",5037,"-s","022TAS7N51009853","shell","settings","get","secure","default_input_method"]
2017-05-31 06:11:05:238 - info: [debug] [AndroidDriver] Unsetting previous IME io.appium.android.ime/.UnicodeIME
2017-05-31 06:11:05:239 - info: [debug] [AndroidDriver] Setting IME to 'io.appium.android.ime/.UnicodeIME'
2017-05-31 06:11:05:240 - info: [debug] [ADB] Getting connected devices...
2017-05-31 06:11:05:276 - info: [debug] [ADB] 1 device(s) connected
2017-05-31 06:11:05:276 - info: [debug] [ADB] Running 'D:\SoftWare\SDK\platform-tools\adb.exe' with args: ["-P",5037,"-s","022TAS7N51009853","shell","ime","enable","io.appium.android.ime/.UnicodeIME"]
2017-05-31 06:11:06:126 - info: [debug] [ADB] Getting connected devices...
2017-05-31 06:11:06:165 - info: [debug] [ADB] 1 device(s) connected
2017-05-31 06:11:06:165 - info: [debug] [ADB] Running 'D:\SoftWare\SDK\platform-tools\adb.exe' with args: ["-P",5037,"-s","022TAS7N51009853","shell","ime","set","io.appium.android.ime/.UnicodeIME"]
2017-05-31 06:11:06:997 - info: [debug] [AndroidDriver] Pushing settings apk to device...
2017-05-31 06:11:06:999 - info: [debug] [ADB] Getting install status for io.appium.settings
2017-05-31 06:11:07:000 - info: [debug] [ADB] Getting connected devices...
2017-05-31 06:11:07:032 - info: [debug] [ADB] 1 device(s) connected
2017-05-31 06:11:07:032 - info: [debug] [ADB] Running 'D:\SoftWare\SDK\platform-tools\adb.exe' with args: ["-P",5037,"-s","022TAS7N51009853","shell","pm","list","packages","io.appium.settings"]
2017-05-31 06:11:07:902 - info: [debug] [ADB] App is installed
2017-05-31 06:11:07:904 - info: [debug] [ADB] Getting package info for io.appium.settings
2017-05-31 06:11:07:904 - info: [debug] [ADB] Getting connected devices...
2017-05-31 06:11:07:922 - info: [ADB] Checking whether aapt is present
2017-05-31 06:11:07:929 - info: [ADB] Using aapt.exe from D:\SoftWare\SDK\build-tools\24.0.3\aapt.exe
2017-05-31 06:11:07:961 - info: [debug] [ADB] 1 device(s) connected
2017-05-31 06:11:07:962 - info: [debug] [ADB] Running 'D:\SoftWare\SDK\platform-tools\adb.exe' with args: ["-P",5037,"-s","022TAS7N51009853","shell","dumpsys","package","io.appium.settings"]
2017-05-31 06:11:07:978 - warn: [ADB] Cannot read version codes of D:\MyProgram\nodejs\node_modules\appium\node_modules\io.appium.settings\app\build\outputs\apk\settings_apk-debug.apk and/or io.appium.settings. Assuming correct app version is already installed
2017-05-31 06:11:07:981 - info: [debug] [ADB] Getting connected devices...
2017-05-31 06:11:08:007 - info: [debug] [ADB] 1 device(s) connected
2017-05-31 06:11:08:008 - info: [debug] [ADB] Running 'D:\SoftWare\SDK\platform-tools\adb.exe' with args: ["-P",5037,"-s","022TAS7N51009853","shell","getprop","ro.build.version.sdk"]
2017-05-31 06:11:08:051 - info: [debug] [ADB] Device API level: 19
2017-05-31 06:11:08:053 - info: [debug] [ADB] Getting connected devices...
2017-05-31 06:11:08:075 - info: [debug] [ADB] 1 device(s) connected
2017-05-31 06:11:08:076 - info: [debug] [ADB] Running 'D:\SoftWare\SDK\platform-tools\adb.exe' with args: ["-P",5037,"-s","022TAS7N51009853","shell","dumpsys","package","io.appium.settings"]
2017-05-31 06:11:08:151 - info: [debug] [AndroidDriver] Pushing unlock helper app to device...
2017-05-31 06:11:08:151 - info: [debug] [ADB] Running 'D:\SoftWare\SDK\platform-tools\adb.exe' with args: ["-P",5037,"-s","022TAS7N51009853","install","D:\\MyProgram\\nodejs\\node_modules\\appium\\node_modules\\appium-unlock\\bin\\unlock_apk-debug.apk"]
2017-05-31 06:11:09:191 - info: [debug] [ADB] Device API level: 19
2017-05-31 06:11:09:207 - info: [debug] [ADB] Getting connected devices...
2017-05-31 06:11:09:234 - info: [debug] [ADB] 1 device(s) connected
2017-05-31 06:11:09:234 - info: [debug] [ADB] Running 'D:\SoftWare\SDK\platform-tools\adb.exe' with args: ["-P",5037,"-s","022TAS7N51009853","shell","settings","put","secure","mock_location","1"]
2017-05-31 06:11:10:071 - info: [ADB] Getting device platform version
2017-05-31 06:11:10:071 - info: [debug] [ADB] Getting connected devices...
2017-05-31 06:11:10:096 - info: [debug] [ADB] 1 device(s) connected
2017-05-31 06:11:10:096 - info: [debug] [ADB] Running 'D:\SoftWare\SDK\platform-tools\adb.exe' with args: ["-P",5037,"-s","022TAS7N51009853","shell","getprop","ro.build.version.release"]
2017-05-31 06:11:10:139 - info: [debug] [ADB] Getting connected devices...
2017-05-31 06:11:10:163 - info: [debug] [ADB] 1 device(s) connected
2017-05-31 06:11:10:163 - info: [debug] [ADB] Running 'D:\SoftWare\SDK\platform-tools\adb.exe' with args: ["-P",5037,"-s","022TAS7N51009853","shell","wm","size"]
2017-05-31 06:11:11:089 - info: [debug] [ADB] Getting connected devices...
2017-05-31 06:11:11:133 - info: [debug] [ADB] 1 device(s) connected
2017-05-31 06:11:11:133 - info: [debug] [ADB] Running 'D:\SoftWare\SDK\platform-tools\adb.exe' with args: ["-P",5037,"-s","022TAS7N51009853","shell","getprop","ro.product.model"]
2017-05-31 06:11:11:180 - info: [debug] [ADB] Current device property 'ro.product.model': HUAWEI P6 S-U06
2017-05-31 06:11:11:181 - info: [debug] [ADB] Getting connected devices...
2017-05-31 06:11:11:206 - info: [debug] [ADB] 1 device(s) connected
2017-05-31 06:11:11:206 - info: [debug] [ADB] Running 'D:\SoftWare\SDK\platform-tools\adb.exe' with args: ["-P",5037,"-s","022TAS7N51009853","shell","getprop","ro.product.manufacturer"]
2017-05-31 06:11:11:260 - info: [debug] [ADB] Current device property 'ro.product.manufacturer': HUAWEI
2017-05-31 06:11:11:399 - info: [AndroidDriver] Remote apk path is /data/local/tmp/42e2f15827830994ee5f75a4ff734348.apk
2017-05-31 06:11:11:400 - info: [debug] [ADB] Getting connected devices...
2017-05-31 06:11:11:427 - info: [debug] [ADB] 1 device(s) connected
2017-05-31 06:11:11:428 - info: [debug] [ADB] Running 'D:\SoftWare\SDK\platform-tools\adb.exe' with args: ["-P",5037,"-s","022TAS7N51009853","shell","ls","/data/local/tmp/42e2f15827830994ee5f75a4ff734348.apk"]
2017-05-31 06:11:11:497 - info: [debug] [AndroidDriver] Checking if app is installed
2017-05-31 06:11:11:498 - info: [debug] [ADB] Getting install status for com.play.android
2017-05-31 06:11:11:498 - info: [debug] [ADB] Getting connected devices...
2017-05-31 06:11:11:543 - info: [debug] [ADB] 1 device(s) connected
2017-05-31 06:11:11:543 - info: [debug] [ADB] Running 'D:\SoftWare\SDK\platform-tools\adb.exe' with args: ["-P",5037,"-s","022TAS7N51009853","shell","pm","list","packages","com.play.android"]
2017-05-31 06:11:12:592 - info: [debug] [ADB] App is installed
2017-05-31 06:11:12:594 - info: [AndroidDriver] Apk is already on remote and installed, resetting
2017-05-31 06:11:12:597 - info: [debug] [AndroidDriver] Running fast reset (stop and clear)
2017-05-31 06:11:12:599 - info: [debug] [ADB] Getting connected devices...
2017-05-31 06:11:12:636 - info: [debug] [ADB] 1 device(s) connected
2017-05-31 06:11:12:636 - info: [debug] [ADB] Running 'D:\SoftWare\SDK\platform-tools\adb.exe' with args: ["-P",5037,"-s","022TAS7N51009853","shell","am","force-stop","com.play.android"]
2017-05-31 06:11:13:460 - info: [debug] [ADB] Getting connected devices...
2017-05-31 06:11:13:504 - info: [debug] [ADB] 1 device(s) connected
2017-05-31 06:11:13:505 - info: [debug] [ADB] Running 'D:\SoftWare\SDK\platform-tools\adb.exe' with args: ["-P",5037,"-s","022TAS7N51009853","shell","pm","clear","com.play.android"]
2017-05-31 06:11:14:337 - info: [debug] [AndroidDriver] Extracting strings from apk D:\workSpace\EclipseProjects\AppiumForEclipse\apps\play.apk null C:\Users\ADMINI~1\AppData\Local\Temp\com.play.android
2017-05-31 06:11:14:339 - info: [debug] [ADB] Extracting strings for language: default
2017-05-31 06:11:14:340 - info: [debug] [ADB] Device API level: 19
2017-05-31 06:11:14:342 - info: [debug] [ADB] Getting connected devices...
2017-05-31 06:11:14:375 - info: [debug] [ADB] 1 device(s) connected
2017-05-31 06:11:14:376 - info: [debug] [ADB] Running 'D:\SoftWare\SDK\platform-tools\adb.exe' with args: ["-P",5037,"-s","022TAS7N51009853","shell","getprop","persist.sys.language"]
2017-05-31 06:11:14:412 - info: [debug] [ADB] Current device property 'persist.sys.language': zh
2017-05-31 06:11:15:625 - info: [debug] [ADB] Reading strings from converted strings.json
2017-05-31 06:11:15:629 - info: [debug] [ADB] Running 'D:\SoftWare\SDK\platform-tools\adb.exe' with args: ["-P",5037,"-s","022TAS7N51009853","push","C:\\Users\\ADMINI~1\\AppData\\Local\\Temp\\com.play.android\\strings.json","/data/local/tmp"]
2017-05-31 06:11:15:673 - info: [debug] [AndroidBootstrap] Watching for bootstrap disconnect
2017-05-31 06:11:15:675 - info: [debug] [ADB] Forwarding system: 4724 to device: 4724
2017-05-31 06:11:15:675 - info: [debug] [ADB] Running 'D:\SoftWare\SDK\platform-tools\adb.exe' with args: ["-P",5037,"-s","022TAS7N51009853","forward","tcp:4724","tcp:4724"]
2017-05-31 06:11:15:683 - info: [debug] [UiAutomator] Starting UiAutomator
2017-05-31 06:11:15:683 - info: [debug] [UiAutomator] Moving to state 'starting'
2017-05-31 06:11:15:683 - info: [debug] [UiAutomator] Parsing uiautomator jar
2017-05-31 06:11:15:684 - info: [debug] [UiAutomator] Found jar name: 'AppiumBootstrap.jar'
2017-05-31 06:11:15:684 - info: [debug] [ADB] Running 'D:\SoftWare\SDK\platform-tools\adb.exe' with args: ["-P",5037,"-s","022TAS7N51009853","push","D:\\MyProgram\\nodejs\\node_modules\\appium\\node_modules\\appium-android-bootstrap\\bootstrap\\bin\\AppiumBootstrap.jar","/data/local/tmp/"]
2017-05-31 06:11:15:722 - info: [debug] [ADB] Attempting to kill all uiautomator processes
2017-05-31 06:11:15:723 - info: [debug] [ADB] Getting all processes with uiautomator
2017-05-31 06:11:15:723 - info: [debug] [ADB] Getting connected devices...
2017-05-31 06:11:15:748 - info: [debug] [ADB] 1 device(s) connected
2017-05-31 06:11:15:748 - info: [debug] [ADB] Running 'D:\SoftWare\SDK\platform-tools\adb.exe' with args: ["-P",5037,"-s","022TAS7N51009853","shell","ps"]
2017-05-31 06:11:15:853 - info: [ADB] No uiautomator process found to kill, continuing...
2017-05-31 06:11:15:854 - info: [debug] [UiAutomator] Starting UIAutomator
2017-05-31 06:11:15:854 - info: [debug] [ADB] Creating ADB subprocess with args: ["-P",5037,"-s","022TAS7N51009853","shell","uiautomator","runtest","AppiumBootstrap.jar","-c","io.appium.android.bootstrap.Bootstrap","-e","pkg","com.play.android","-e","disableAndroidWatchers",false,"-e","acceptSslCerts",false]
2017-05-31 06:11:16:559 - info: [debug] [UiAutomator] Moving to state 'online'
2017-05-31 06:11:16:571 - info: [AndroidBootstrap] Android bootstrap socket is now connected
2017-05-31 06:11:16:574 - info: [debug] [ADB] Getting connected devices...
2017-05-31 06:11:16:594 - info: [AndroidBootstrap] [BOOTSTRAP LOG] [debug] json loading complete.
2017-05-31 06:11:16:596 - info: [AndroidBootstrap] [BOOTSTRAP LOG] [debug] Registered crash watchers.
2017-05-31 06:11:16:597 - info: [AndroidBootstrap] [BOOTSTRAP LOG] [debug] Client connected
2017-05-31 06:11:16:612 - info: [debug] [ADB] 1 device(s) connected
2017-05-31 06:11:16:612 - info: [debug] [ADB] Running 'D:\SoftWare\SDK\platform-tools\adb.exe' with args: ["-P",5037,"-s","022TAS7N51009853","shell","dumpsys","window"]
2017-05-31 06:11:16:673 - info: [AndroidDriver] Screen already unlocked, doing nothing
2017-05-31 06:11:16:675 - info: [debug] [ADB] Device API level: 19
2017-05-31 06:11:16:676 - info: [debug] [ADB] Getting connected devices...
2017-05-31 06:11:16:700 - info: [debug] [ADB] 1 device(s) connected
2017-05-31 06:11:16:701 - info: [debug] [ADB] Running 'D:\SoftWare\SDK\platform-tools\adb.exe' with args: ["-P",5037,"-s","022TAS7N51009853","shell","am","start","-W","-n","com.play.android/com.play.android.activity.SplashActivity","-S","-a","android.intent.action.MAIN","-c","android.intent.category.LAUNCHER","-f","0x10200000"]
2017-05-31 06:11:25:350 - info: [Appium] New AndroidDriver session created successfully, session d866e2a4-4222-4df6-a237-479f3888b6dd added to master session list
2017-05-31 06:11:25:352 - info: [debug] [BaseDriver] Event 'newSessionStarted' logged at 1496211085352 (14:11:25 GMT+0800 (中国标准时间))
2017-05-31 06:11:25:353 - info: [debug] [MJSONWP] Responding to client with driver.createSession() result: {"platform":"LINUX","webStorageEnabled":false,"takesScreenshot":true,"javascriptEnabled":true,"databaseEnabled":false,"networkConnectionEnabled":true,"locationContextEnabled":false,"warnings":{},"desired":{"appPackage":"com.play.android","appActivity":"com.play.android.activity.SplashActivity","app":"D:\\workSpace\\EclipseProjects\\AppiumForEclipse\\apps\\play.apk","noSign":true,"unicodeKeyboard":true,"platformName":"Android","deviceName":"022TAS7N51009853","resetKeyboard":true},"appPackage":"com.play.android","appActivity":"com.play.android.activity.SplashActivity","app":"D:\\workSpace\\EclipseProjects\\AppiumForEclipse\\apps\\play.apk","noSign":true,"unicodeKeyboard":true,"platformName":"Android","deviceName":"022TAS7N51009853","resetKeyboard":true,"deviceUDID":"022TAS7N51009853","platformVersion":"4.4.2","deviceScreenSize":"720x1280","deviceModel":"HUAWEI P6 S-U06","deviceManufacturer":"HUAWEI"}
2017-05-31 06:11:25:356 - info: [HTTP] <-- POST /wd/hub/session 200 22667 ms - 983 
2017-05-31 06:11:27:173 - info: [HTTP] --> POST /wd/hub/session/d866e2a4-4222-4df6-a237-479f3888b6dd/timeouts {"type":"implicit","ms":20000}
2017-05-31 06:11:27:175 - info: [debug] [MJSONWP] Calling AppiumDriver.timeouts() with args: ["implicit",20000,"d866e2a4-4222-4df6-a237-479f3888b6dd"]
2017-05-31 06:11:27:177 - info: [debug] [BaseDriver] Set implicit wait to 20000ms
2017-05-31 06:11:27:179 - info: [debug] [MJSONWP] Responding to client with driver.timeouts() result: null
2017-05-31 06:11:27:180 - info: [HTTP] <-- POST /wd/hub/session/d866e2a4-4222-4df6-a237-479f3888b6dd/timeouts 200 7 ms - 76 
2017-05-31 06:11:27:399 - info: [HTTP] --> POST /wd/hub/session/d866e2a4-4222-4df6-a237-479f3888b6dd/timeouts {"type":"implicit","ms":0}
2017-05-31 06:11:27:399 - info: [debug] [MJSONWP] Calling AppiumDriver.timeouts() with args: ["implicit",0,"d866e2a4-4222-4df6-a237-479f3888b6dd"]
2017-05-31 06:11:27:401 - info: [debug] [BaseDriver] Set implicit wait to 0ms
2017-05-31 06:11:27:402 - info: [debug] [MJSONWP] Responding to client with driver.timeouts() result: null
2017-05-31 06:11:27:403 - info: [HTTP] <-- POST /wd/hub/session/d866e2a4-4222-4df6-a237-479f3888b6dd/timeouts 200 4 ms - 76 
2017-05-31 06:11:27:435 - info: [HTTP] --> GET /wd/hub/session/d866e2a4-4222-4df6-a237-479f3888b6dd/context {}
2017-05-31 06:11:27:438 - info: [debug] [MJSONWP] Calling AppiumDriver.getCurrentContext() with args: ["d866e2a4-4222-4df6-a237-479f3888b6dd"]
2017-05-31 06:11:27:440 - info: [debug] [MJSONWP] Responding to client with driver.getCurrentContext() result: "NATIVE_APP"
2017-05-31 06:11:27:441 - info: [HTTP] <-- GET /wd/hub/session/d866e2a4-4222-4df6-a237-479f3888b6dd/context 200 5 ms - 84 
2017-05-31 06:11:27:445 - info: [HTTP] --> POST /wd/hub/session/d866e2a4-4222-4df6-a237-479f3888b6dd/elements {"using":"id","value":"com.play.android:id/btn_profile"}
2017-05-31 06:11:27:446 - info: [debug] [MJSONWP] Calling AppiumDriver.findElements() with args: ["id","com.play.android:id/btn_profile","d866e2a4-4222-4df6-a237-479f3888b6dd"]
2017-05-31 06:11:27:447 - info: [debug] [BaseDriver] Valid locator strategies for this request: xpath, id, class name, accessibility id, -android uiautomator
2017-05-31 06:11:27:448 - info: [debug] [BaseDriver] Valid locator strategies for this request: xpath, id, class name, accessibility id, -android uiautomator
2017-05-31 06:11:27:449 - info: [debug] [BaseDriver] Waiting up to 0 ms for condition
2017-05-31 06:11:27:453 - info: [debug] [AndroidBootstrap] Sending command to android: {"cmd":"action","action":"find","params":{"strategy":"id","selector":"com.play.android:id/btn_profile","context":"","multiple":true}}
2017-05-31 06:11:27:459 - info: [AndroidBootstrap] [BOOTSTRAP LOG] [debug] Got data from client: {"cmd":"action","action":"find","params":{"strategy":"id","selector":"com.play.android:id/btn_profile","context":"","multiple":true}}
2017-05-31 06:11:27:462 - info: [AndroidBootstrap] [BOOTSTRAP LOG] [debug] Got command of type ACTION
2017-05-31 06:11:27:463 - info: [AndroidBootstrap] [BOOTSTRAP LOG] [debug] Got command action: find
2017-05-31 06:11:27:463 - info: [AndroidBootstrap] [BOOTSTRAP LOG] [debug] Finding 'com.play.android:id/btn_profile' using 'ID' with the contextId: '' multiple: true
2017-05-31 06:11:27:463 - info: [AndroidBootstrap] [BOOTSTRAP LOG] [debug] Using: UiSelector[RESOURCE_ID=com.play.android:id/btn_profile]
2017-05-31 06:11:27:463 - info: [AndroidBootstrap] [BOOTSTRAP LOG] [debug] getElements selector:UiSelector[RESOURCE_ID=com.play.android:id/btn_profile]
2017-05-31 06:11:27:464 - info: [AndroidBootstrap] [BOOTSTRAP LOG] [debug] Element[] is null: (0)
2017-05-31 06:11:27:464 - info: [AndroidBootstrap] [BOOTSTRAP LOG] [debug] getElements tmp selector:UiSelector[INSTANCE=0, RESOURCE_ID=com.play.android:id/btn_profile]
2017-05-31 06:11:28:018 - info: [AndroidBootstrap] [BOOTSTRAP LOG] [debug] Element[] is null: (1)
2017-05-31 06:11:28:019 - info: [AndroidBootstrap] [BOOTSTRAP LOG] [debug] getElements tmp selector:UiSelector[INSTANCE=1, RESOURCE_ID=com.play.android:id/btn_profile]
2017-05-31 06:11:28:121 - info: [AndroidBootstrap] [BOOTSTRAP LOG] [debug] Returning result: {"value":[{"ELEMENT":"1"}],"status":0}
2017-05-31 06:11:28:126 - info: [debug] [AndroidBootstrap] Received command result from bootstrap
2017-05-31 06:11:28:129 - info: [debug] [MJSONWP] Responding to client with driver.findElements() result: [{"ELEMENT":"1"}]
2017-05-31 06:11:28:130 - info: [HTTP] <-- POST /wd/hub/session/d866e2a4-4222-4df6-a237-479f3888b6dd/elements 200 685 ms - 89 
2017-05-31 06:11:28:389 - info: [HTTP] --> POST /wd/hub/session/d866e2a4-4222-4df6-a237-479f3888b6dd/timeouts {"type":"implicit","ms":5000}
2017-05-31 06:11:28:390 - info: [debug] [MJSONWP] Calling AppiumDriver.timeouts() with args: ["implicit",5000,"d866e2a4-4222-4df6-a237-479f3888b6dd"]
2017-05-31 06:11:28:391 - info: [debug] [BaseDriver] Set implicit wait to 5000ms
2017-05-31 06:11:28:393 - info: [debug] [MJSONWP] Responding to client with driver.timeouts() result: null
2017-05-31 06:11:28:394 - info: [HTTP] <-- POST /wd/hub/session/d866e2a4-4222-4df6-a237-479f3888b6dd/timeouts 200 5 ms - 76 
2017-05-31 06:11:28:413 - info: [HTTP] --> POST /wd/hub/session/d866e2a4-4222-4df6-a237-479f3888b6dd/element/1/click {"id":"1"}
2017-05-31 06:11:28:414 - info: [debug] [MJSONWP] Calling AppiumDriver.click() with args: ["1","d866e2a4-4222-4df6-a237-479f3888b6dd"]
2017-05-31 06:11:28:416 - info: [debug] [AndroidBootstrap] Sending command to android: {"cmd":"action","action":"element:click","params":{"elementId":"1"}}
2017-05-31 06:11:28:419 - info: [AndroidBootstrap] [BOOTSTRAP LOG] [debug] Got data from client: {"cmd":"action","action":"element:click","params":{"elementId":"1"}}
2017-05-31 06:11:28:421 - info: [AndroidBootstrap] [BOOTSTRAP LOG] [debug] Got command of type ACTION
2017-05-31 06:11:28:421 - info: [AndroidBootstrap] [BOOTSTRAP LOG] [debug] Got command action: click
2017-05-31 06:11:28:980 - info: [AndroidBootstrap] [BOOTSTRAP LOG] [debug] Returning result: {"value":true,"status":0}
2017-05-31 06:11:28:981 - info: [debug] [AndroidBootstrap] Received command result from bootstrap
2017-05-31 06:11:28:982 - info: [debug] [MJSONWP] Responding to client with driver.click() result: true
2017-05-31 06:11:28:984 - info: [HTTP] <-- POST /wd/hub/session/d866e2a4-4222-4df6-a237-479f3888b6dd/element/1/click 200 570 ms - 76 
2017-05-31 06:11:29:039 - info: [HTTP] --> GET /wd/hub/session/d866e2a4-4222-4df6-a237-479f3888b6dd/appium/device/current_activity {}
2017-05-31 06:11:29:040 - info: [debug] [MJSONWP] Calling AppiumDriver.getCurrentActivity() with args: ["d866e2a4-4222-4df6-a237-479f3888b6dd"]
2017-05-31 06:11:29:042 - info: [debug] [ADB] Getting focused package and activity
2017-05-31 06:11:29:043 - info: [debug] [ADB] Getting connected devices...
2017-05-31 06:11:29:088 - info: [debug] [ADB] 1 device(s) connected
2017-05-31 06:11:29:089 - info: [debug] [ADB] Running 'D:\SoftWare\SDK\platform-tools\adb.exe' with args: ["-P",5037,"-s","022TAS7N51009853","shell","dumpsys","window","windows"]
2017-05-31 06:11:29:158 - info: [debug] [MJSONWP] Responding to client with driver.getCurrentActivity() result: ".activity.member.LoginActivity"
2017-05-31 06:11:29:159 - info: [HTTP] <-- GET /wd/hub/session/d866e2a4-4222-4df6-a237-479f3888b6dd/appium/device/current_activity 200 120 ms - 104 
2017-05-31 06:11:29:223 - info: [HTTP] --> POST /wd/hub/session/d866e2a4-4222-4df6-a237-479f3888b6dd/timeouts {"type":"implicit","ms":0}
2017-05-31 06:11:29:224 - info: [debug] [MJSONWP] Calling AppiumDriver.timeouts() with args: ["implicit",0,"d866e2a4-4222-4df6-a237-479f3888b6dd"]
2017-05-31 06:11:29:225 - info: [debug] [BaseDriver] Set implicit wait to 0ms
2017-05-31 06:11:29:226 - info: [debug] [MJSONWP] Responding to client with driver.timeouts() result: null
2017-05-31 06:11:29:227 - info: [HTTP] <-- POST /wd/hub/session/d866e2a4-4222-4df6-a237-479f3888b6dd/timeouts 200 4 ms - 76 
2017-05-31 06:11:29:232 - info: [HTTP] --> GET /wd/hub/session/d866e2a4-4222-4df6-a237-479f3888b6dd/context {}
2017-05-31 06:11:29:233 - info: [debug] [MJSONWP] Calling AppiumDriver.getCurrentContext() with args: ["d866e2a4-4222-4df6-a237-479f3888b6dd"]
2017-05-31 06:11:29:239 - info: [debug] [MJSONWP] Responding to client with driver.getCurrentContext() result: "NATIVE_APP"
2017-05-31 06:11:29:240 - info: [HTTP] <-- GET /wd/hub/session/d866e2a4-4222-4df6-a237-479f3888b6dd/context 200 8 ms - 84 
2017-05-31 06:11:29:246 - info: [HTTP] --> POST /wd/hub/session/d866e2a4-4222-4df6-a237-479f3888b6dd/elements {"using":"id","value":"com.play.android:id/tv_account"}
2017-05-31 06:11:29:247 - info: [debug] [MJSONWP] Calling AppiumDriver.findElements() with args: ["id","com.play.android:id/tv_account","d866e2a4-4222-4df6-a237-479f3888b6dd"]
2017-05-31 06:11:29:248 - info: [debug] [BaseDriver] Valid locator strategies for this request: xpath, id, class name, accessibility id, -android uiautomator
2017-05-31 06:11:29:248 - info: [debug] [BaseDriver] Valid locator strategies for this request: xpath, id, class name, accessibility id, -android uiautomator
2017-05-31 06:11:29:248 - info: [debug] [BaseDriver] Waiting up to 0 ms for condition
2017-05-31 06:11:29:249 - info: [debug] [AndroidBootstrap] Sending command to android: {"cmd":"action","action":"find","params":{"strategy":"id","selector":"com.play.android:id/tv_account","context":"","multiple":true}}
2017-05-31 06:11:29:253 - info: [AndroidBootstrap] [BOOTSTRAP LOG] [debug] Got data from client: {"cmd":"action","action":"find","params":{"strategy":"id","selector":"com.play.android:id/tv_account","context":"","multiple":true}}
2017-05-31 06:11:29:254 - info: [AndroidBootstrap] [BOOTSTRAP LOG] [debug] Got command of type ACTION
2017-05-31 06:11:29:255 - info: [AndroidBootstrap] [BOOTSTRAP LOG] [debug] Got command action: find
2017-05-31 06:11:29:255 - info: [AndroidBootstrap] [BOOTSTRAP LOG] [debug] Finding 'com.play.android:id/tv_account' using 'ID' with the contextId: '' multiple: true
2017-05-31 06:11:29:256 - info: [AndroidBootstrap] [BOOTSTRAP LOG] [debug] Using: UiSelector[RESOURCE_ID=com.play.android:id/tv_account]
2017-05-31 06:11:29:257 - info: [AndroidBootstrap] [BOOTSTRAP LOG] [debug] getElements selector:UiSelector[RESOURCE_ID=com.play.android:id/tv_account]
2017-05-31 06:11:29:257 - info: [AndroidBootstrap] [BOOTSTRAP LOG] [debug] Element[] is null: (0)
2017-05-31 06:11:29:257 - info: [AndroidBootstrap] [BOOTSTRAP LOG] [debug] getElements tmp selector:UiSelector[INSTANCE=0, RESOURCE_ID=com.play.android:id/tv_account]
2017-05-31 06:11:29:623 - info: [AndroidBootstrap] [BOOTSTRAP LOG] [debug] Element[] is null: (1)
2017-05-31 06:11:29:626 - info: [AndroidBootstrap] [BOOTSTRAP LOG] [debug] getElements tmp selector:UiSelector[INSTANCE=1, RESOURCE_ID=com.play.android:id/tv_account]
2017-05-31 06:11:30:190 - info: [AndroidBootstrap] [BOOTSTRAP LOG] [debug] Returning result: {"value":[{"ELEMENT":"2"}],"status":0}
2017-05-31 06:11:30:191 - info: [debug] [AndroidBootstrap] Received command result from bootstrap
2017-05-31 06:11:30:191 - info: [debug] [MJSONWP] Responding to client with driver.findElements() result: [{"ELEMENT":"2"}]
2017-05-31 06:11:30:192 - info: [HTTP] <-- POST /wd/hub/session/d866e2a4-4222-4df6-a237-479f3888b6dd/elements 200 946 ms - 89 
2017-05-31 06:11:30:339 - info: [HTTP] --> POST /wd/hub/session/d866e2a4-4222-4df6-a237-479f3888b6dd/timeouts {"type":"implicit","ms":5000}
2017-05-31 06:11:30:340 - info: [debug] [MJSONWP] Calling AppiumDriver.timeouts() with args: ["implicit",5000,"d866e2a4-4222-4df6-a237-479f3888b6dd"]
2017-05-31 06:11:30:342 - info: [debug] [BaseDriver] Set implicit wait to 5000ms
2017-05-31 06:11:30:343 - info: [debug] [MJSONWP] Responding to client with driver.timeouts() result: null
2017-05-31 06:11:30:344 - info: [HTTP] <-- POST /wd/hub/session/d866e2a4-4222-4df6-a237-479f3888b6dd/timeouts 200 4 ms - 76 
2017-05-31 06:11:30:351 - info: [HTTP] --> POST /wd/hub/session/d866e2a4-4222-4df6-a237-479f3888b6dd/element/2/click {"id":"2"}
2017-05-31 06:11:30:351 - info: [debug] [MJSONWP] Calling AppiumDriver.click() with args: ["2","d866e2a4-4222-4df6-a237-479f3888b6dd"]
2017-05-31 06:11:30:353 - info: [debug] [AndroidBootstrap] Sending command to android: {"cmd":"action","action":"element:click","params":{"elementId":"2"}}
2017-05-31 06:11:30:357 - info: [AndroidBootstrap] [BOOTSTRAP LOG] [debug] Got data from client: {"cmd":"action","action":"element:click","params":{"elementId":"2"}}
2017-05-31 06:11:30:357 - info: [AndroidBootstrap] [BOOTSTRAP LOG] [debug] Got command of type ACTION
2017-05-31 06:11:30:359 - info: [AndroidBootstrap] [BOOTSTRAP LOG] [debug] Got command action: click
2017-05-31 06:11:30:610 - info: [AndroidBootstrap] [BOOTSTRAP LOG] [debug] Returning result: {"value":true,"status":0}
2017-05-31 06:11:30:610 - info: [debug] [AndroidBootstrap] Received command result from bootstrap
2017-05-31 06:11:30:611 - info: [debug] [MJSONWP] Responding to client with driver.click() result: true
2017-05-31 06:11:30:612 - info: [HTTP] <-- POST /wd/hub/session/d866e2a4-4222-4df6-a237-479f3888b6dd/element/2/click 200 261 ms - 76 
2017-05-31 06:11:30:655 - info: [HTTP] --> POST /wd/hub/session/d866e2a4-4222-4df6-a237-479f3888b6dd/timeouts {"type":"implicit","ms":0}
2017-05-31 06:11:30:656 - info: [debug] [MJSONWP] Calling AppiumDriver.timeouts() with args: ["implicit",0,"d866e2a4-4222-4df6-a237-479f3888b6dd"]
2017-05-31 06:11:30:657 - info: [debug] [BaseDriver] Set implicit wait to 0ms
2017-05-31 06:11:30:658 - info: [debug] [MJSONWP] Responding to client with driver.timeouts() result: null
2017-05-31 06:11:30:659 - info: [HTTP] <-- POST /wd/hub/session/d866e2a4-4222-4df6-a237-479f3888b6dd/timeouts 200 3 ms - 76 
2017-05-31 06:11:30:662 - info: [HTTP] --> GET /wd/hub/session/d866e2a4-4222-4df6-a237-479f3888b6dd/context {}
2017-05-31 06:11:30:663 - info: [debug] [MJSONWP] Calling AppiumDriver.getCurrentContext() with args: ["d866e2a4-4222-4df6-a237-479f3888b6dd"]
2017-05-31 06:11:30:664 - info: [debug] [MJSONWP] Responding to client with driver.getCurrentContext() result: "NATIVE_APP"
2017-05-31 06:11:30:665 - info: [HTTP] <-- GET /wd/hub/session/d866e2a4-4222-4df6-a237-479f3888b6dd/context 200 3 ms - 84 
2017-05-31 06:11:30:670 - info: [HTTP] --> POST /wd/hub/session/d866e2a4-4222-4df6-a237-479f3888b6dd/elements {"using":"id","value":"com.play.android:id/et_account"}
2017-05-31 06:11:30:671 - info: [debug] [MJSONWP] Calling AppiumDriver.findElements() with args: ["id","com.play.android:id/et_account","d866e2a4-4222-4df6-a237-479f3888b6dd"]
2017-05-31 06:11:30:673 - info: [debug] [BaseDriver] Valid locator strategies for this request: xpath, id, class name, accessibility id, -android uiautomator
2017-05-31 06:11:30:673 - info: [debug] [BaseDriver] Valid locator strategies for this request: xpath, id, class name, accessibility id, -android uiautomator
2017-05-31 06:11:30:673 - info: [debug] [BaseDriver] Waiting up to 0 ms for condition
2017-05-31 06:11:30:674 - info: [debug] [AndroidBootstrap] Sending command to android: {"cmd":"action","action":"find","params":{"strategy":"id","selector":"com.play.android:id/et_account","context":"","multiple":true}}
2017-05-31 06:11:30:679 - info: [AndroidBootstrap] [BOOTSTRAP LOG] [debug] Got data from client: {"cmd":"action","action":"find","params":{"strategy":"id","selector":"com.play.android:id/et_account","context":"","multiple":true}}
2017-05-31 06:11:30:679 - info: [AndroidBootstrap] [BOOTSTRAP LOG] [debug] Got command of type ACTION
2017-05-31 06:11:30:680 - info: [AndroidBootstrap] [BOOTSTRAP LOG] [debug] Got command action: find
2017-05-31 06:11:30:680 - info: [AndroidBootstrap] [BOOTSTRAP LOG] [debug] Finding 'com.play.android:id/et_account' using 'ID' with the contextId: '' multiple: true
2017-05-31 06:11:30:680 - info: [AndroidBootstrap] [BOOTSTRAP LOG] [debug] Using: UiSelector[RESOURCE_ID=com.play.android:id/et_account]
2017-05-31 06:11:30:681 - info: [AndroidBootstrap] [BOOTSTRAP LOG] [debug] getElements selector:UiSelector[RESOURCE_ID=com.play.android:id/et_account]
2017-05-31 06:11:30:681 - info: [AndroidBootstrap] [BOOTSTRAP LOG] [debug] Element[] is null: (0)
2017-05-31 06:11:30:681 - info: [AndroidBootstrap] [BOOTSTRAP LOG] [debug] getElements tmp selector:UiSelector[INSTANCE=0, RESOURCE_ID=com.play.android:id/et_account]
2017-05-31 06:11:31:300 - info: [AndroidBootstrap] [BOOTSTRAP LOG] [debug] Element[] is null: (1)
2017-05-31 06:11:31:302 - info: [AndroidBootstrap] [BOOTSTRAP LOG] [debug] getElements tmp selector:UiSelector[INSTANCE=1, RESOURCE_ID=com.play.android:id/et_account]
2017-05-31 06:11:31:778 - info: [AndroidBootstrap] [BOOTSTRAP LOG] [debug] Returning result: {"value":[{"ELEMENT":"3"}],"status":0}
2017-05-31 06:11:31:779 - info: [debug] [AndroidBootstrap] Received command result from bootstrap
2017-05-31 06:11:31:781 - info: [debug] [MJSONWP] Responding to client with driver.findElements() result: [{"ELEMENT":"3"}]
2017-05-31 06:11:31:783 - info: [HTTP] <-- POST /wd/hub/session/d866e2a4-4222-4df6-a237-479f3888b6dd/elements 200 1111 ms - 89 
2017-05-31 06:11:31:927 - info: [HTTP] --> POST /wd/hub/session/d866e2a4-4222-4df6-a237-479f3888b6dd/timeouts {"type":"implicit","ms":5000}
2017-05-31 06:11:31:928 - info: [debug] [MJSONWP] Calling AppiumDriver.timeouts() with args: ["implicit",5000,"d866e2a4-4222-4df6-a237-479f3888b6dd"]
2017-05-31 06:11:31:929 - info: [debug] [BaseDriver] Set implicit wait to 5000ms
2017-05-31 06:11:31:930 - info: [debug] [MJSONWP] Responding to client with driver.timeouts() result: null
2017-05-31 06:11:31:931 - info: [HTTP] <-- POST /wd/hub/session/d866e2a4-4222-4df6-a237-479f3888b6dd/timeouts 200 4 ms - 76 
2017-05-31 06:11:31:940 - info: [HTTP] --> POST /wd/hub/session/d866e2a4-4222-4df6-a237-479f3888b6dd/element/3/value {"id":"3","value":["18521035133"]}
2017-05-31 06:11:31:941 - info: [debug] [MJSONWP] Calling AppiumDriver.setValue() with args: [["18521035133"],"3","d866e2a4-4222-4df6-a237-479f3888b6dd"]
2017-05-31 06:11:31:943 - info: [debug] [AndroidBootstrap] Sending command to android: {"cmd":"action","action":"element:setText","params":{"elementId":"3","text":"18521035133","replace":false,"unicodeKeyboard":true}}
2017-05-31 06:11:31:951 - info: [AndroidBootstrap] [BOOTSTRAP LOG] [debug] Got data from client: {"cmd":"action","action":"element:setText","params":{"elementId":"3","text":"18521035133","replace":false,"unicodeKeyboard":true}}
2017-05-31 06:11:31:953 - info: [AndroidBootstrap] [BOOTSTRAP LOG] [debug] Got command of type ACTION
2017-05-31 06:11:31:953 - info: [AndroidBootstrap] [BOOTSTRAP LOG] [debug] Got command action: setText
2017-05-31 06:11:31:953 - info: [AndroidBootstrap] [BOOTSTRAP LOG] [debug] Using element passed in: 3
2017-05-31 06:11:31:980 - info: [AndroidBootstrap] [BOOTSTRAP LOG] [debug] Attempting to clear using UiObject.clearText().
2017-05-31 06:11:34:691 - info: [AndroidBootstrap] [BOOTSTRAP LOG] [debug] Text remains after clearing, but it appears to be hint text.
2017-05-31 06:11:34:729 - info: [AndroidBootstrap] [BOOTSTRAP LOG] [debug] Text not cleared. Assuming remainder is hint text.
2017-05-31 06:11:34:729 - info: [AndroidBootstrap] [BOOTSTRAP LOG] [debug] Sending plain text to element: 18521035133
2017-05-31 06:11:37:569 - info: [AndroidBootstrap] [BOOTSTRAP LOG] [debug] Returning result: {"value":true,"status":0}
2017-05-31 06:11:37:570 - info: [debug] [AndroidBootstrap] Received command result from bootstrap
2017-05-31 06:11:37:572 - info: [debug] [MJSONWP] Responding to client with driver.setValue() result: true
2017-05-31 06:11:37:573 - info: [HTTP] <-- POST /wd/hub/session/d866e2a4-4222-4df6-a237-479f3888b6dd/element/3/value 200 5632 ms - 76 
2017-05-31 06:11:37:644 - info: [HTTP] --> POST /wd/hub/session/d866e2a4-4222-4df6-a237-479f3888b6dd/timeouts {"type":"implicit","ms":0}
2017-05-31 06:11:37:645 - info: [debug] [MJSONWP] Calling AppiumDriver.timeouts() with args: ["implicit",0,"d866e2a4-4222-4df6-a237-479f3888b6dd"]
2017-05-31 06:11:37:645 - info: [debug] [BaseDriver] Set implicit wait to 0ms
2017-05-31 06:11:37:646 - info: [debug] [MJSONWP] Responding to client with driver.timeouts() result: null
2017-05-31 06:11:37:652 - info: [HTTP] <-- POST /wd/hub/session/d866e2a4-4222-4df6-a237-479f3888b6dd/timeouts 200 7 ms - 76 
2017-05-31 06:11:37:664 - info: [HTTP] --> GET /wd/hub/session/d866e2a4-4222-4df6-a237-479f3888b6dd/context {}
2017-05-31 06:11:37:664 - info: [debug] [MJSONWP] Calling AppiumDriver.getCurrentContext() with args: ["d866e2a4-4222-4df6-a237-479f3888b6dd"]
2017-05-31 06:11:37:665 - info: [debug] [MJSONWP] Responding to client with driver.getCurrentContext() result: "NATIVE_APP"
2017-05-31 06:11:37:666 - info: [HTTP] <-- GET /wd/hub/session/d866e2a4-4222-4df6-a237-479f3888b6dd/context 200 2 ms - 84 
2017-05-31 06:11:37:685 - info: [HTTP] --> POST /wd/hub/session/d866e2a4-4222-4df6-a237-479f3888b6dd/elements {"using":"id","value":"com.play.android:id/et_password"}
2017-05-31 06:11:37:686 - info: [debug] [MJSONWP] Calling AppiumDriver.findElements() with args: ["id","com.play.android:id/et_password","d866e2a4-4222-4df6-a237-479f3888b6dd"]
2017-05-31 06:11:37:687 - info: [debug] [BaseDriver] Valid locator strategies for this request: xpath, id, class name, accessibility id, -android uiautomator
2017-05-31 06:11:37:687 - info: [debug] [BaseDriver] Valid locator strategies for this request: xpath, id, class name, accessibility id, -android uiautomator
2017-05-31 06:11:37:687 - info: [debug] [BaseDriver] Waiting up to 0 ms for condition
2017-05-31 06:11:37:688 - info: [debug] [AndroidBootstrap] Sending command to android: {"cmd":"action","action":"find","params":{"strategy":"id","selector":"com.play.android:id/et_password","context":"","multiple":true}}
2017-05-31 06:11:37:694 - info: [AndroidBootstrap] [BOOTSTRAP LOG] [debug] Got data from client: {"cmd":"action","action":"find","params":{"strategy":"id","selector":"com.play.android:id/et_password","context":"","multiple":true}}
2017-05-31 06:11:37:695 - info: [AndroidBootstrap] [BOOTSTRAP LOG] [debug] Got command of type ACTION
2017-05-31 06:11:37:696 - info: [AndroidBootstrap] [BOOTSTRAP LOG] [debug] Got command action: find
2017-05-31 06:11:37:696 - info: [AndroidBootstrap] [BOOTSTRAP LOG] [debug] Finding 'com.play.android:id/et_password' using 'ID' with the contextId: '' multiple: true
2017-05-31 06:11:37:697 - info: [AndroidBootstrap] [BOOTSTRAP LOG] [debug] Using: UiSelector[RESOURCE_ID=com.play.android:id/et_password]
2017-05-31 06:11:37:697 - info: [AndroidBootstrap] [BOOTSTRAP LOG] [debug] getElements selector:UiSelector[RESOURCE_ID=com.play.android:id/et_password]
2017-05-31 06:11:37:698 - info: [AndroidBootstrap] [BOOTSTRAP LOG] [debug] Element[] is null: (0)
2017-05-31 06:11:37:698 - info: [AndroidBootstrap] [BOOTSTRAP LOG] [debug] getElements tmp selector:UiSelector[INSTANCE=0, RESOURCE_ID=com.play.android:id/et_password]
2017-05-31 06:11:38:101 - info: [AndroidBootstrap] [BOOTSTRAP LOG] [debug] Element[] is null: (1)
2017-05-31 06:11:38:101 - info: [AndroidBootstrap] [BOOTSTRAP LOG] [debug] getElements tmp selector:UiSelector[INSTANCE=1, RESOURCE_ID=com.play.android:id/et_password]
2017-05-31 06:11:38:146 - info: [AndroidBootstrap] [BOOTSTRAP LOG] [debug] Returning result: {"value":[{"ELEMENT":"4"}],"status":0}
2017-05-31 06:11:38:147 - info: [debug] [AndroidBootstrap] Received command result from bootstrap
2017-05-31 06:11:38:150 - info: [debug] [MJSONWP] Responding to client with driver.findElements() result: [{"ELEMENT":"4"}]
2017-05-31 06:11:38:152 - info: [HTTP] <-- POST /wd/hub/session/d866e2a4-4222-4df6-a237-479f3888b6dd/elements 200 466 ms - 89 
2017-05-31 06:11:38:284 - info: [HTTP] --> POST /wd/hub/session/d866e2a4-4222-4df6-a237-479f3888b6dd/timeouts {"type":"implicit","ms":5000}
2017-05-31 06:11:38:286 - info: [debug] [MJSONWP] Calling AppiumDriver.timeouts() with args: ["implicit",5000,"d866e2a4-4222-4df6-a237-479f3888b6dd"]
2017-05-31 06:11:38:287 - info: [debug] [BaseDriver] Set implicit wait to 5000ms
2017-05-31 06:11:38:288 - info: [debug] [MJSONWP] Responding to client with driver.timeouts() result: null
2017-05-31 06:11:38:288 - info: [HTTP] <-- POST /wd/hub/session/d866e2a4-4222-4df6-a237-479f3888b6dd/timeouts 200 4 ms - 76 
2017-05-31 06:11:38:301 - info: [HTTP] --> POST /wd/hub/session/d866e2a4-4222-4df6-a237-479f3888b6dd/element/4/value {"id":"4","value":["111111"]}
2017-05-31 06:11:38:301 - info: [debug] [MJSONWP] Calling AppiumDriver.setValue() with args: [["111111"],"4","d866e2a4-4222-4df6-a237-479f3888b6dd"]
2017-05-31 06:11:38:303 - info: [debug] [AndroidBootstrap] Sending command to android: {"cmd":"action","action":"element:setText","params":{"elementId":"4","text":"111111","replace":false,"unicodeKeyboard":true}}
2017-05-31 06:11:38:309 - info: [AndroidBootstrap] [BOOTSTRAP LOG] [debug] Got data from client: {"cmd":"action","action":"element:setText","params":{"elementId":"4","text":"111111","replace":false,"unicodeKeyboard":true}}
2017-05-31 06:11:38:309 - info: [AndroidBootstrap] [BOOTSTRAP LOG] [debug] Got command of type ACTION
2017-05-31 06:11:38:310 - info: [AndroidBootstrap] [BOOTSTRAP LOG] [debug] Got command action: setText
2017-05-31 06:11:38:311 - info: [AndroidBootstrap] [BOOTSTRAP LOG] [debug] Using element passed in: 4
2017-05-31 06:11:38:549 - info: [AndroidBootstrap] [BOOTSTRAP LOG] [debug] Attempting to clear using UiObject.clearText().
2017-05-31 06:11:41:155 - info: [AndroidBootstrap] [BOOTSTRAP LOG] [debug] Sending plain text to element: 111111
2017-05-31 06:11:43:868 - info: [AndroidBootstrap] [BOOTSTRAP LOG] [debug] Returning result: {"value":true,"status":0}
2017-05-31 06:11:43:869 - info: [debug] [AndroidBootstrap] Received command result from bootstrap
2017-05-31 06:11:43:907 - info: [debug] [MJSONWP] Responding to client with driver.setValue() result: true
2017-05-31 06:11:43:910 - info: [HTTP] <-- POST /wd/hub/session/d866e2a4-4222-4df6-a237-479f3888b6dd/element/4/value 200 5609 ms - 76 
2017-05-31 06:11:43:937 - info: [HTTP] --> POST /wd/hub/session/d866e2a4-4222-4df6-a237-479f3888b6dd/timeouts {"type":"implicit","ms":0}
2017-05-31 06:11:43:938 - info: [debug] [MJSONWP] Calling AppiumDriver.timeouts() with args: ["implicit",0,"d866e2a4-4222-4df6-a237-479f3888b6dd"]
2017-05-31 06:11:43:938 - info: [debug] [BaseDriver] Set implicit wait to 0ms
2017-05-31 06:11:43:939 - info: [debug] [MJSONWP] Responding to client with driver.timeouts() result: null
2017-05-31 06:11:43:940 - info: [HTTP] <-- POST /wd/hub/session/d866e2a4-4222-4df6-a237-479f3888b6dd/timeouts 200 2 ms - 76 
2017-05-31 06:11:43:947 - info: [HTTP] --> GET /wd/hub/session/d866e2a4-4222-4df6-a237-479f3888b6dd/context {}
2017-05-31 06:11:43:948 - info: [debug] [MJSONWP] Calling AppiumDriver.getCurrentContext() with args: ["d866e2a4-4222-4df6-a237-479f3888b6dd"]
2017-05-31 06:11:43:950 - info: [debug] [MJSONWP] Responding to client with driver.getCurrentContext() result: "NATIVE_APP"
2017-05-31 06:11:43:951 - info: [HTTP] <-- GET /wd/hub/session/d866e2a4-4222-4df6-a237-479f3888b6dd/context 200 3 ms - 84 
2017-05-31 06:11:43:959 - info: [HTTP] --> POST /wd/hub/session/d866e2a4-4222-4df6-a237-479f3888b6dd/elements {"using":"id","value":"com.play.android:id/btn_login"}
2017-05-31 06:11:43:959 - info: [debug] [MJSONWP] Calling AppiumDriver.findElements() with args: ["id","com.play.android:id/btn_login","d866e2a4-4222-4df6-a237-479f3888b6dd"]
2017-05-31 06:11:43:961 - info: [debug] [BaseDriver] Valid locator strategies for this request: xpath, id, class name, accessibility id, -android uiautomator
2017-05-31 06:11:43:961 - info: [debug] [BaseDriver] Valid locator strategies for this request: xpath, id, class name, accessibility id, -android uiautomator
2017-05-31 06:11:43:961 - info: [debug] [BaseDriver] Waiting up to 0 ms for condition
2017-05-31 06:11:43:963 - info: [debug] [AndroidBootstrap] Sending command to android: {"cmd":"action","action":"find","params":{"strategy":"id","selector":"com.play.android:id/btn_login","context":"","multiple":true}}
2017-05-31 06:11:43:972 - info: [AndroidBootstrap] [BOOTSTRAP LOG] [debug] Got data from client: {"cmd":"action","action":"find","params":{"strategy":"id","selector":"com.play.android:id/btn_login","context":"","multiple":true}}
2017-05-31 06:11:43:973 - info: [AndroidBootstrap] [BOOTSTRAP LOG] [debug] Got command of type ACTION
2017-05-31 06:11:43:973 - info: [AndroidBootstrap] [BOOTSTRAP LOG] [debug] Got command action: find
2017-05-31 06:11:43:973 - info: [AndroidBootstrap] [BOOTSTRAP LOG] [debug] Finding 'com.play.android:id/btn_login' using 'ID' with the contextId: '' multiple: true
2017-05-31 06:11:43:973 - info: [AndroidBootstrap] [BOOTSTRAP LOG] [debug] Using: UiSelector[RESOURCE_ID=com.play.android:id/btn_login]
2017-05-31 06:11:43:974 - info: [AndroidBootstrap] [BOOTSTRAP LOG] [debug] getElements selector:UiSelector[RESOURCE_ID=com.play.android:id/btn_login]
2017-05-31 06:11:43:974 - info: [AndroidBootstrap] [BOOTSTRAP LOG] [debug] Element[] is null: (0)
2017-05-31 06:11:43:974 - info: [AndroidBootstrap] [BOOTSTRAP LOG] [debug] getElements tmp selector:UiSelector[INSTANCE=0, RESOURCE_ID=com.play.android:id/btn_login]
2017-05-31 06:11:44:423 - info: [AndroidBootstrap] [BOOTSTRAP LOG] [debug] Element[] is null: (1)
2017-05-31 06:11:44:423 - info: [AndroidBootstrap] [BOOTSTRAP LOG] [debug] getElements tmp selector:UiSelector[INSTANCE=1, RESOURCE_ID=com.play.android:id/btn_login]
2017-05-31 06:11:44:463 - info: [AndroidBootstrap] [BOOTSTRAP LOG] [debug] Returning result: {"value":[{"ELEMENT":"5"}],"status":0}
2017-05-31 06:11:44:465 - info: [debug] [AndroidBootstrap] Received command result from bootstrap
2017-05-31 06:11:44:468 - info: [debug] [MJSONWP] Responding to client with driver.findElements() result: [{"ELEMENT":"5"}]
2017-05-31 06:11:44:469 - info: [HTTP] <-- POST /wd/hub/session/d866e2a4-4222-4df6-a237-479f3888b6dd/elements 200 510 ms - 89 
2017-05-31 06:11:44:569 - info: [HTTP] --> POST /wd/hub/session/d866e2a4-4222-4df6-a237-479f3888b6dd/timeouts {"type":"implicit","ms":5000}
2017-05-31 06:11:44:572 - info: [debug] [MJSONWP] Calling AppiumDriver.timeouts() with args: ["implicit",5000,"d866e2a4-4222-4df6-a237-479f3888b6dd"]
2017-05-31 06:11:44:578 - info: [debug] [BaseDriver] Set implicit wait to 5000ms
2017-05-31 06:11:44:579 - info: [debug] [MJSONWP] Responding to client with driver.timeouts() result: null
2017-05-31 06:11:44:580 - info: [HTTP] <-- POST /wd/hub/session/d866e2a4-4222-4df6-a237-479f3888b6dd/timeouts 200 10 ms - 76 
2017-05-31 06:11:44:592 - info: [HTTP] --> POST /wd/hub/session/d866e2a4-4222-4df6-a237-479f3888b6dd/element/5/click {"id":"5"}
2017-05-31 06:11:44:593 - info: [debug] [MJSONWP] Calling AppiumDriver.click() with args: ["5","d866e2a4-4222-4df6-a237-479f3888b6dd"]
2017-05-31 06:11:44:593 - info: [debug] [AndroidBootstrap] Sending command to android: {"cmd":"action","action":"element:click","params":{"elementId":"5"}}
2017-05-31 06:11:44:597 - info: [AndroidBootstrap] [BOOTSTRAP LOG] [debug] Got data from client: {"cmd":"action","action":"element:click","params":{"elementId":"5"}}
2017-05-31 06:11:44:598 - info: [AndroidBootstrap] [BOOTSTRAP LOG] [debug] Got command of type ACTION
2017-05-31 06:11:44:598 - info: [AndroidBootstrap] [BOOTSTRAP LOG] [debug] Got command action: click
2017-05-31 06:11:44:830 - info: [AndroidBootstrap] [BOOTSTRAP LOG] [debug] Returning result: {"value":true,"status":0}
2017-05-31 06:11:44:831 - info: [debug] [AndroidBootstrap] Received command result from bootstrap
2017-05-31 06:11:44:832 - info: [debug] [MJSONWP] Responding to client with driver.click() result: true
2017-05-31 06:11:44:840 - info: [HTTP] <-- POST /wd/hub/session/d866e2a4-4222-4df6-a237-479f3888b6dd/element/5/click 200 247 ms - 76 
2017-05-31 06:11:44:843 - info: [HTTP] --> GET /wd/hub/session/d866e2a4-4222-4df6-a237-479f3888b6dd/appium/device/current_activity {}
2017-05-31 06:11:44:843 - info: [debug] [MJSONWP] Calling AppiumDriver.getCurrentActivity() with args: ["d866e2a4-4222-4df6-a237-479f3888b6dd"]
2017-05-31 06:11:44:844 - info: [debug] [ADB] Getting focused package and activity
2017-05-31 06:11:44:845 - info: [debug] [ADB] Getting connected devices...
2017-05-31 06:11:44:870 - info: [debug] [ADB] 1 device(s) connected
2017-05-31 06:11:44:871 - info: [debug] [ADB] Running 'D:\SoftWare\SDK\platform-tools\adb.exe' with args: ["-P",5037,"-s","022TAS7N51009853","shell","dumpsys","window","windows"]
2017-05-31 06:11:44:945 - info: [debug] [MJSONWP] Responding to client with driver.getCurrentActivity() result: ".activity.member.LoginActivity"
2017-05-31 06:11:44:947 - info: [HTTP] <-- GET /wd/hub/session/d866e2a4-4222-4df6-a237-479f3888b6dd/appium/device/current_activity 200 103 ms - 104 
2017-05-31 06:11:45:954 - info: [HTTP] --> GET /wd/hub/session/d866e2a4-4222-4df6-a237-479f3888b6dd/appium/device/current_activity {}
2017-05-31 06:11:45:954 - info: [debug] [MJSONWP] Calling AppiumDriver.getCurrentActivity() with args: ["d866e2a4-4222-4df6-a237-479f3888b6dd"]
2017-05-31 06:11:45:963 - info: [debug] [ADB] Getting focused package and activity
2017-05-31 06:11:45:963 - info: [debug] [ADB] Getting connected devices...
2017-05-31 06:11:46:000 - info: [debug] [ADB] 1 device(s) connected
2017-05-31 06:11:46:000 - info: [debug] [ADB] Running 'D:\SoftWare\SDK\platform-tools\adb.exe' with args: ["-P",5037,"-s","022TAS7N51009853","shell","dumpsys","window","windows"]
2017-05-31 06:11:46:075 - info: [debug] [MJSONWP] Responding to client with driver.getCurrentActivity() result: ".activity.main.HomeActivity"
2017-05-31 06:11:46:076 - info: [HTTP] <-- GET /wd/hub/session/d866e2a4-4222-4df6-a237-479f3888b6dd/appium/device/current_activity 200 123 ms - 101 
2017-05-31 06:11:46:082 - info: [HTTP] --> POST /wd/hub/session/d866e2a4-4222-4df6-a237-479f3888b6dd/appium/app/close {}
2017-05-31 06:11:46:083 - info: [debug] [MJSONWP] Calling AppiumDriver.closeApp() with args: ["d866e2a4-4222-4df6-a237-479f3888b6dd"]
2017-05-31 06:11:46:084 - info: [debug] [ADB] Getting connected devices...
2017-05-31 06:11:46:109 - info: [debug] [ADB] 1 device(s) connected
2017-05-31 06:11:46:110 - info: [debug] [ADB] Running 'D:\SoftWare\SDK\platform-tools\adb.exe' with args: ["-P",5037,"-s","022TAS7N51009853","shell","am","force-stop","com.play.android"]
2017-05-31 06:11:46:986 - info: [debug] [MJSONWP] Responding to client with driver.closeApp() result: null
2017-05-31 06:11:46:987 - info: [HTTP] <-- POST /wd/hub/session/d866e2a4-4222-4df6-a237-479f3888b6dd/appium/app/close 200 904 ms - 76 
