2017-05-31 09:32:49:066 - info: [Appium] Welcome to Appium v1.6.5
2017-05-31 09:32:49:066 - info: [Appium] Non-default server args:
2017-05-31 09:32:49:066 - info: [Appium]   address: 127.0.0.1
2017-05-31 09:32:49:066 - info: [Appium]   log: D:\workSpace\EclipseProjects\AppiumForEclipse\log\1496223163060.log
2017-05-31 09:32:49:129 - info: [Appium] Appium REST http interface listener started on 127.0.0.1:4723
2017-05-31 09:32:49:348 - info: [HTTP] --> GET /wd/hub/status {}
2017-05-31 09:32:49:348 - info: [debug] [MJSONWP] Calling AppiumDriver.getStatus() with args: []
2017-05-31 09:32:49:379 - info: [debug] [MJSONWP] Responding to client with driver.getStatus() result: {"build":{"version":"1.6.5","revision":null}}
2017-05-31 09:32:49:394 - info: [HTTP] <-- GET /wd/hub/status 200 49 ms - 83 
2017-05-31 09:32:49:394 - info: [HTTP] --> GET /wd/hub/status {}
2017-05-31 09:32:49:394 - info: [debug] [MJSONWP] Calling AppiumDriver.getStatus() with args: []
2017-05-31 09:32:49:441 - info: [debug] [MJSONWP] Responding to client with driver.getStatus() result: {"build":{"version":"1.6.5","revision":null}}
2017-05-31 09:32:49:441 - info: [HTTP] <-- GET /wd/hub/status 200 42 ms - 83 
2017-05-31 09:32:50:065 - info: [HTTP] --> POST /wd/hub/session {"desiredCapabilities":{"app":"D:\\workSpace\\EclipseProjects\\AppiumForEclipse\\apps\\play.apk","noSign":"True","browserName":"","unicodeKeyboard":"True","platformName":"Android","deviceName":"022TAS7N51009853","resetKeyboard":"True"}}
2017-05-31 09:32:50:065 - info: [debug] [MJSONWP] Calling AppiumDriver.createSession() with args: [{"app":"D:\\workSpace\\EclipseProjects\\AppiumForEclipse\\apps\\play.apk","noSign":"True","browserName":"","unicodeKeyboard":"True","platformName":"Android","deviceName":"022TAS7N51009853","resetKeyboard":"True"},null,null]
2017-05-31 09:32:50:065 - info: [debug] [BaseDriver] Event 'newSessionRequested' logged at 1496223170065 (17:32:50 GMT+0800 (中国标准时间))
2017-05-31 09:32:50:065 - info: [Appium] Creating new AndroidDriver (v1.20.0) session
2017-05-31 09:32:50:065 - info: [Appium] Capabilities:
2017-05-31 09:32:50:081 - info: [Appium]   app: 'D:\\workSpace\\EclipseProjects\\AppiumForEclipse\\apps\\play.apk'
2017-05-31 09:32:50:081 - info: [Appium]   noSign: 'True'
2017-05-31 09:32:50:081 - info: [Appium]   browserName: ''
2017-05-31 09:32:50:081 - info: [Appium]   unicodeKeyboard: 'True'
2017-05-31 09:32:50:081 - info: [Appium]   platformName: 'Android'
2017-05-31 09:32:50:081 - info: [Appium]   deviceName: '022TAS7N51009853'
2017-05-31 09:32:50:081 - info: [Appium]   resetKeyboard: 'True'
2017-05-31 09:32:50:081 - info: [debug] [AndroidDriver] AndroidDriver version: 1.20.0
2017-05-31 09:32:50:081 - warn: [BaseDriver] Capability 'unicodeKeyboard' changed from string to boolean. This may cause unexpected behavior
2017-05-31 09:32:50:081 - warn: [BaseDriver] Capability 'resetKeyboard' changed from string to boolean. This may cause unexpected behavior
2017-05-31 09:32:50:081 - warn: [BaseDriver] Capability 'noSign' changed from string to boolean. This may cause unexpected behavior
2017-05-31 09:32:50:096 - info: [BaseDriver] Session created with session id: bd447695-fbde-4625-9d09-758df0e66bd7
2017-05-31 09:32:50:096 - info: [debug] [AndroidDriver] Getting Java version
2017-05-31 09:32:50:241 - info: [AndroidDriver] Java version is: 1.8.0_121
2017-05-31 09:32:50:241 - info: [ADB] Checking whether adb is present
2017-05-31 09:32:50:241 - info: [ADB] Using adb.exe from D:\SoftWare\SDK\platform-tools\adb.exe
2017-05-31 09:32:50:241 - info: [AndroidDriver] Retrieving device list
2017-05-31 09:32:50:241 - info: [debug] [ADB] Trying to find a connected android device
2017-05-31 09:32:50:241 - info: [debug] [ADB] Getting connected devices...
2017-05-31 09:32:50:272 - info: [debug] [ADB] 1 device(s) connected
2017-05-31 09:32:50:272 - info: [AndroidDriver] Using device: 85GBBMA2353T
2017-05-31 09:32:50:272 - info: [ADB] Checking whether adb is present
2017-05-31 09:32:50:272 - info: [ADB] Using adb.exe from D:\SoftWare\SDK\platform-tools\adb.exe
2017-05-31 09:32:50:272 - info: [debug] [ADB] Setting device id to 85GBBMA2353T
2017-05-31 09:32:50:272 - info: [BaseDriver] Using local app 'D:\workSpace\EclipseProjects\AppiumForEclipse\apps\play.apk'
2017-05-31 09:32:50:272 - info: [debug] [AndroidDriver] Checking whether app is actually present
2017-05-31 09:32:50:272 - info: [AndroidDriver] Starting Android session
2017-05-31 09:32:50:288 - info: [debug] [ADB] Running 'D:\SoftWare\SDK\platform-tools\adb.exe' with args: ["-P",5037,"-s","85GBBMA2353T","wait-for-device"]
2017-05-31 09:32:50:303 - info: [debug] [ADB] Getting connected devices...
2017-05-31 09:32:50:334 - info: [debug] [ADB] 1 device(s) connected
2017-05-31 09:32:50:334 - info: [debug] [ADB] Running 'D:\SoftWare\SDK\platform-tools\adb.exe' with args: ["-P",5037,"-s","85GBBMA2353T","shell","echo","ping"]
2017-05-31 09:32:50:381 - info: [debug] [Logcat] Starting logcat capture
2017-05-31 09:32:50:412 - info: [debug] [AndroidDriver] Enabling Unicode keyboard support
2017-05-31 09:32:50:412 - info: [debug] [AndroidDriver] Pushing unicode ime to device...
2017-05-31 09:32:50:412 - info: [debug] [ADB] Running 'D:\SoftWare\SDK\platform-tools\adb.exe' with args: ["-P",5037,"-s","85GBBMA2353T","install","D:\\MyProgram\\nodejs\\node_modules\\appium\\node_modules\\appium-android-ime\\bin\\UnicodeIME-debug.apk"]
2017-05-31 09:32:51:303 - info: [debug] [ADB] Getting connected devices...
2017-05-31 09:32:51:350 - info: [debug] [ADB] 1 device(s) connected
2017-05-31 09:32:51:350 - info: [debug] [ADB] Running 'D:\SoftWare\SDK\platform-tools\adb.exe' with args: ["-P",5037,"-s","85GBBMA2353T","shell","settings","get","secure","default_input_method"]
2017-05-31 09:32:52:099 - info: [debug] [AndroidDriver] Unsetting previous IME com.iflytek.inputmethod/.FlyIME
2017-05-31 09:32:52:115 - info: [debug] [AndroidDriver] Setting IME to 'io.appium.android.ime/.UnicodeIME'
2017-05-31 09:32:52:115 - info: [debug] [ADB] Getting connected devices...
2017-05-31 09:32:52:146 - info: [debug] [ADB] 1 device(s) connected
2017-05-31 09:32:52:146 - info: [debug] [ADB] Running 'D:\SoftWare\SDK\platform-tools\adb.exe' with args: ["-P",5037,"-s","85GBBMA2353T","shell","ime","enable","io.appium.android.ime/.UnicodeIME"]
2017-05-31 09:32:52:896 - info: [debug] [ADB] Getting connected devices...
2017-05-31 09:32:52:928 - info: [debug] [ADB] 1 device(s) connected
2017-05-31 09:32:52:928 - info: [debug] [ADB] Running 'D:\SoftWare\SDK\platform-tools\adb.exe' with args: ["-P",5037,"-s","85GBBMA2353T","shell","ime","set","io.appium.android.ime/.UnicodeIME"]
2017-05-31 09:32:53:724 - info: [debug] [AndroidDriver] Pushing settings apk to device...
2017-05-31 09:32:53:724 - info: [debug] [ADB] Getting install status for io.appium.settings
2017-05-31 09:32:53:724 - info: [debug] [ADB] Getting connected devices...
2017-05-31 09:32:53:770 - info: [debug] [ADB] 1 device(s) connected
2017-05-31 09:32:53:770 - info: [debug] [ADB] Running 'D:\SoftWare\SDK\platform-tools\adb.exe' with args: ["-P",5037,"-s","85GBBMA2353T","shell","pm","list","packages","io.appium.settings"]
2017-05-31 09:32:54:301 - info: [debug] [ADB] App is not installed
2017-05-31 09:32:54:301 - info: [debug] [ADB] Running 'D:\SoftWare\SDK\platform-tools\adb.exe' with args: ["-P",5037,"-s","85GBBMA2353T","install","D:\\MyProgram\\nodejs\\node_modules\\appium\\node_modules\\io.appium.settings\\app\\build\\outputs\\apk\\settings_apk-debug.apk"]
2017-05-31 09:32:55:113 - info: [debug] [ADB] Getting connected devices...
2017-05-31 09:32:55:160 - info: [debug] [ADB] 1 device(s) connected
2017-05-31 09:32:55:160 - info: [debug] [ADB] Running 'D:\SoftWare\SDK\platform-tools\adb.exe' with args: ["-P",5037,"-s","85GBBMA2353T","shell","getprop","ro.build.version.sdk"]
2017-05-31 09:32:55:191 - info: [debug] [ADB] Device API level: 22
2017-05-31 09:32:55:191 - info: [debug] [ADB] Getting connected devices...
2017-05-31 09:32:55:222 - info: [debug] [ADB] 1 device(s) connected
2017-05-31 09:32:55:222 - info: [debug] [ADB] Running 'D:\SoftWare\SDK\platform-tools\adb.exe' with args: ["-P",5037,"-s","85GBBMA2353T","shell","dumpsys","package","io.appium.settings"]
2017-05-31 09:32:55:347 - info: [debug] [AndroidDriver] Pushing unlock helper app to device...
2017-05-31 09:32:55:347 - info: [debug] [ADB] Running 'D:\SoftWare\SDK\platform-tools\adb.exe' with args: ["-P",5037,"-s","85GBBMA2353T","install","D:\\MyProgram\\nodejs\\node_modules\\appium\\node_modules\\appium-unlock\\bin\\unlock_apk-debug.apk"]
2017-05-31 09:32:56:067 - info: [debug] [ADB] Device API level: 22
2017-05-31 09:32:56:067 - info: [debug] [ADB] Getting connected devices...
2017-05-31 09:32:56:113 - info: [debug] [ADB] 1 device(s) connected
2017-05-31 09:32:56:113 - info: [debug] [ADB] Running 'D:\SoftWare\SDK\platform-tools\adb.exe' with args: ["-P",5037,"-s","85GBBMA2353T","shell","settings","put","secure","mock_location","1"]
2017-05-31 09:32:56:936 - info: [ADB] Getting device platform version
2017-05-31 09:32:56:937 - info: [debug] [ADB] Getting connected devices...
2017-05-31 09:32:56:978 - info: [debug] [ADB] 1 device(s) connected
2017-05-31 09:32:56:979 - info: [debug] [ADB] Running 'D:\SoftWare\SDK\platform-tools\adb.exe' with args: ["-P",5037,"-s","85GBBMA2353T","shell","getprop","ro.build.version.release"]
2017-05-31 09:32:57:032 - info: [debug] [ADB] Getting connected devices...
2017-05-31 09:32:57:057 - info: [debug] [ADB] 1 device(s) connected
2017-05-31 09:32:57:058 - info: [debug] [ADB] Running 'D:\SoftWare\SDK\platform-tools\adb.exe' with args: ["-P",5037,"-s","85GBBMA2353T","shell","wm","size"]
2017-05-31 09:32:57:718 - info: [debug] [ADB] Getting connected devices...
2017-05-31 09:32:57:760 - info: [debug] [ADB] 1 device(s) connected
2017-05-31 09:32:57:761 - info: [debug] [ADB] Running 'D:\SoftWare\SDK\platform-tools\adb.exe' with args: ["-P",5037,"-s","85GBBMA2353T","shell","getprop","ro.product.model"]
2017-05-31 09:32:57:814 - info: [debug] [ADB] Current device property 'ro.product.model': MX5
2017-05-31 09:32:57:815 - info: [debug] [ADB] Getting connected devices...
2017-05-31 09:32:57:838 - info: [debug] [ADB] 1 device(s) connected
2017-05-31 09:32:57:839 - info: [debug] [ADB] Running 'D:\SoftWare\SDK\platform-tools\adb.exe' with args: ["-P",5037,"-s","85GBBMA2353T","shell","getprop","ro.product.manufacturer"]
2017-05-31 09:32:57:889 - info: [debug] [ADB] Current device property 'ro.product.manufacturer': Meizu
2017-05-31 09:32:57:890 - info: [debug] [AndroidDriver] Parsing package and activity from app manifest
2017-05-31 09:32:57:891 - info: [ADB] Checking whether aapt is present
2017-05-31 09:32:57:895 - info: [ADB] Using aapt.exe from D:\SoftWare\SDK\build-tools\24.0.3\aapt.exe
2017-05-31 09:32:57:896 - info: [ADB] Extracting package and launch activity from manifest
2017-05-31 09:32:57:918 - info: [debug] [ADB] badging package: com.play.android
2017-05-31 09:32:57:919 - info: [debug] [ADB] badging act: com.play.android.activity.SplashActivity
2017-05-31 09:32:57:919 - info: [debug] [AndroidDriver] Parsed package and activity are: com.play.android/com.play.android.activity.SplashActivity
2017-05-31 09:32:58:058 - info: [AndroidDriver] Remote apk path is /data/local/tmp/42e2f15827830994ee5f75a4ff734348.apk
2017-05-31 09:32:58:059 - info: [debug] [ADB] Getting connected devices...
2017-05-31 09:32:58:082 - info: [debug] [ADB] 1 device(s) connected
2017-05-31 09:32:58:082 - info: [debug] [ADB] Running 'D:\SoftWare\SDK\platform-tools\adb.exe' with args: ["-P",5037,"-s","85GBBMA2353T","shell","ls","/data/local/tmp/42e2f15827830994ee5f75a4ff734348.apk"]
2017-05-31 09:32:58:132 - info: [debug] [AndroidDriver] Checking if app is installed
2017-05-31 09:32:58:133 - info: [debug] [ADB] Getting install status for com.play.android
2017-05-31 09:32:58:134 - info: [debug] [ADB] Getting connected devices...
2017-05-31 09:32:58:189 - info: [debug] [ADB] 1 device(s) connected
2017-05-31 09:32:58:190 - info: [debug] [ADB] Running 'D:\SoftWare\SDK\platform-tools\adb.exe' with args: ["-P",5037,"-s","85GBBMA2353T","shell","pm","list","packages","com.play.android"]
2017-05-31 09:32:58:816 - info: [debug] [ADB] App is installed
2017-05-31 09:32:58:817 - info: [AndroidDriver] Apk is already on remote and installed, resetting
2017-05-31 09:32:58:818 - info: [debug] [AndroidDriver] Running fast reset (stop and clear)
2017-05-31 09:32:58:820 - info: [debug] [ADB] Getting connected devices...
2017-05-31 09:32:58:865 - info: [debug] [ADB] 1 device(s) connected
2017-05-31 09:32:58:866 - info: [debug] [ADB] Running 'D:\SoftWare\SDK\platform-tools\adb.exe' with args: ["-P",5037,"-s","85GBBMA2353T","shell","am","force-stop","com.play.android"]
2017-05-31 09:32:59:605 - info: [debug] [ADB] Getting connected devices...
2017-05-31 09:32:59:643 - info: [debug] [ADB] 1 device(s) connected
2017-05-31 09:32:59:643 - info: [debug] [ADB] Running 'D:\SoftWare\SDK\platform-tools\adb.exe' with args: ["-P",5037,"-s","85GBBMA2353T","shell","pm","clear","com.play.android"]
2017-05-31 09:33:00:231 - info: [debug] [AndroidDriver] Extracting strings from apk D:\workSpace\EclipseProjects\AppiumForEclipse\apps\play.apk null C:\Users\ADMINI~1\AppData\Local\Temp\com.play.android
2017-05-31 09:33:00:232 - info: [debug] [ADB] Extracting strings for language: default
2017-05-31 09:33:00:234 - info: [debug] [ADB] Device API level: 22
2017-05-31 09:33:00:235 - info: [debug] [ADB] Getting connected devices...
2017-05-31 09:33:00:278 - info: [debug] [ADB] 1 device(s) connected
2017-05-31 09:33:00:279 - info: [debug] [ADB] Running 'D:\SoftWare\SDK\platform-tools\adb.exe' with args: ["-P",5037,"-s","85GBBMA2353T","shell","getprop","persist.sys.language"]
2017-05-31 09:33:00:341 - info: [debug] [ADB] Current device property 'persist.sys.language': zh
2017-05-31 09:33:01:511 - info: [debug] [ADB] Reading strings from converted strings.json
2017-05-31 09:33:01:514 - info: [debug] [ADB] Running 'D:\SoftWare\SDK\platform-tools\adb.exe' with args: ["-P",5037,"-s","85GBBMA2353T","push","C:\\Users\\ADMINI~1\\AppData\\Local\\Temp\\com.play.android\\strings.json","/data/local/tmp"]
2017-05-31 09:33:01:552 - info: [debug] [AndroidBootstrap] Watching for bootstrap disconnect
2017-05-31 09:33:01:553 - info: [debug] [ADB] Forwarding system: 4724 to device: 4724
2017-05-31 09:33:01:554 - info: [debug] [ADB] Running 'D:\SoftWare\SDK\platform-tools\adb.exe' with args: ["-P",5037,"-s","85GBBMA2353T","forward","tcp:4724","tcp:4724"]
2017-05-31 09:33:01:563 - info: [debug] [UiAutomator] Starting UiAutomator
2017-05-31 09:33:01:563 - info: [debug] [UiAutomator] Moving to state 'starting'
2017-05-31 09:33:01:564 - info: [debug] [UiAutomator] Parsing uiautomator jar
2017-05-31 09:33:01:564 - info: [debug] [UiAutomator] Found jar name: 'AppiumBootstrap.jar'
2017-05-31 09:33:01:565 - info: [debug] [ADB] Running 'D:\SoftWare\SDK\platform-tools\adb.exe' with args: ["-P",5037,"-s","85GBBMA2353T","push","D:\\MyProgram\\nodejs\\node_modules\\appium\\node_modules\\appium-android-bootstrap\\bootstrap\\bin\\AppiumBootstrap.jar","/data/local/tmp/"]
2017-05-31 09:33:01:607 - info: [debug] [ADB] Attempting to kill all uiautomator processes
2017-05-31 09:33:01:608 - info: [debug] [ADB] Getting all processes with uiautomator
2017-05-31 09:33:01:608 - info: [debug] [ADB] Getting connected devices...
2017-05-31 09:33:01:631 - info: [debug] [ADB] 1 device(s) connected
2017-05-31 09:33:01:631 - info: [debug] [ADB] Running 'D:\SoftWare\SDK\platform-tools\adb.exe' with args: ["-P",5037,"-s","85GBBMA2353T","shell","ps"]
2017-05-31 09:33:01:788 - info: [ADB] No uiautomator process found to kill, continuing...
2017-05-31 09:33:01:788 - info: [debug] [UiAutomator] Starting UIAutomator
2017-05-31 09:33:01:789 - info: [debug] [ADB] Creating ADB subprocess with args: ["-P",5037,"-s","85GBBMA2353T","shell","uiautomator","runtest","AppiumBootstrap.jar","-c","io.appium.android.bootstrap.Bootstrap","-e","pkg","com.play.android","-e","disableAndroidWatchers",false,"-e","acceptSslCerts",false]
2017-05-31 09:33:02:349 - info: [debug] [UiAutomator] Moving to state 'online'
2017-05-31 09:33:02:354 - info: [AndroidBootstrap] [BOOTSTRAP LOG] [debug] json loading complete.
2017-05-31 09:33:02:358 - info: [AndroidBootstrap] [BOOTSTRAP LOG] [debug] Registered crash watchers.
2017-05-31 09:33:02:363 - info: [AndroidBootstrap] Android bootstrap socket is now connected
2017-05-31 09:33:02:365 - info: [debug] [ADB] Getting connected devices...
2017-05-31 09:33:02:386 - info: [AndroidBootstrap] [BOOTSTRAP LOG] [debug] Client connected
2017-05-31 09:33:02:407 - info: [debug] [ADB] 1 device(s) connected
2017-05-31 09:33:02:408 - info: [debug] [ADB] Running 'D:\SoftWare\SDK\platform-tools\adb.exe' with args: ["-P",5037,"-s","85GBBMA2353T","shell","dumpsys","window"]
2017-05-31 09:33:02:495 - info: [AndroidDriver] Screen already unlocked, doing nothing
2017-05-31 09:33:02:499 - info: [debug] [ADB] Device API level: 22
2017-05-31 09:33:02:501 - info: [debug] [ADB] Getting connected devices...
2017-05-31 09:33:02:534 - info: [debug] [ADB] 1 device(s) connected
2017-05-31 09:33:02:534 - info: [debug] [ADB] Running 'D:\SoftWare\SDK\platform-tools\adb.exe' with args: ["-P",5037,"-s","85GBBMA2353T","shell","am","start","-W","-n","com.play.android/com.play.android.activity.SplashActivity","-S","-a","android.intent.action.MAIN","-c","android.intent.category.LAUNCHER","-f","0x10200000"]
2017-05-31 09:33:04:195 - info: [debug] [ADB] Waiting for activity matching pkg: 'com.play.android' and activity: 'com.play.android.activity.SplashActivity' to be focused
2017-05-31 09:33:04:196 - info: [debug] [ADB] Possible activities, to be checked: com.play.android.activity.SplashActivity, com.play.android.com.play.android.activity.SplashActivity
2017-05-31 09:33:04:198 - info: [debug] [ADB] Getting focused package and activity
2017-05-31 09:33:04:199 - info: [debug] [ADB] Getting connected devices...
2017-05-31 09:33:04:240 - info: [debug] [ADB] 1 device(s) connected
2017-05-31 09:33:04:240 - info: [debug] [ADB] Running 'D:\SoftWare\SDK\platform-tools\adb.exe' with args: ["-P",5037,"-s","85GBBMA2353T","shell","dumpsys","window","windows"]
2017-05-31 09:33:04:296 - info: [debug] [ADB] Found package: 'com.play.android' and fully qualified activity name : 'com.play.android.activity.SplashActivity'
2017-05-31 09:33:04:298 - info: [Appium] New AndroidDriver session created successfully, session bd447695-fbde-4625-9d09-758df0e66bd7 added to master session list
2017-05-31 09:33:04:299 - info: [debug] [BaseDriver] Event 'newSessionStarted' logged at 1496223184299 (17:33:04 GMT+0800 (中国标准时间))
2017-05-31 09:33:04:299 - info: [debug] [MJSONWP] Responding to client with driver.createSession() result: {"platform":"LINUX","webStorageEnabled":false,"takesScreenshot":true,"javascriptEnabled":true,"databaseEnabled":false,"networkConnectionEnabled":true,"locationContextEnabled":false,"warnings":{},"desired":{"app":"D:\\workSpace\\EclipseProjects\\AppiumForEclipse\\apps\\play.apk","noSign":true,"browserName":"","unicodeKeyboard":true,"platformName":"Android","deviceName":"022TAS7N51009853","resetKeyboard":true},"app":"D:\\workSpace\\EclipseProjects\\AppiumForEclipse\\apps\\play.apk","noSign":true,"browserName":"","unicodeKeyboard":true,"platformName":"Android","deviceName":"85GBBMA2353T","resetKeyboard":true,"deviceUDID":"85GBBMA2353T","platformVersion":"5.1","deviceScreenSize":"1080x1920","deviceModel":"MX5","deviceManufacturer":"Meizu","appPackage":"com.play.android","appWaitPackage":"com.play.android","appActivity":"com.play.android.activity.SplashActivity","appWaitActivity":"com.play.android.activity.SplashActivity"}
2017-05-31 09:33:04:301 - info: [HTTP] <-- POST /wd/hub/session 200 14223 ms - 1003 
2017-05-31 09:33:06:196 - info: [HTTP] --> POST /wd/hub/session/bd447695-fbde-4625-9d09-758df0e66bd7/timeouts {"type":"implicit","ms":20000}
2017-05-31 09:33:06:198 - info: [debug] [MJSONWP] Calling AppiumDriver.timeouts() with args: ["implicit",20000,"bd447695-fbde-4625-9d09-758df0e66bd7"]
2017-05-31 09:33:06:200 - info: [debug] [BaseDriver] Set implicit wait to 20000ms
2017-05-31 09:33:06:201 - info: [debug] [MJSONWP] Responding to client with driver.timeouts() result: null
2017-05-31 09:33:06:203 - info: [HTTP] <-- POST /wd/hub/session/bd447695-fbde-4625-9d09-758df0e66bd7/timeouts 200 6 ms - 76 
2017-05-31 09:33:06:433 - info: [HTTP] --> POST /wd/hub/session/bd447695-fbde-4625-9d09-758df0e66bd7/timeouts {"type":"implicit","ms":0}
2017-05-31 09:33:06:434 - info: [debug] [MJSONWP] Calling AppiumDriver.timeouts() with args: ["implicit",0,"bd447695-fbde-4625-9d09-758df0e66bd7"]
2017-05-31 09:33:06:434 - info: [debug] [BaseDriver] Set implicit wait to 0ms
2017-05-31 09:33:06:435 - info: [debug] [MJSONWP] Responding to client with driver.timeouts() result: null
2017-05-31 09:33:06:436 - info: [HTTP] <-- POST /wd/hub/session/bd447695-fbde-4625-9d09-758df0e66bd7/timeouts 200 3 ms - 76 
2017-05-31 09:33:06:455 - info: [HTTP] --> GET /wd/hub/session/bd447695-fbde-4625-9d09-758df0e66bd7/context {}
2017-05-31 09:33:06:457 - info: [debug] [MJSONWP] Calling AppiumDriver.getCurrentContext() with args: ["bd447695-fbde-4625-9d09-758df0e66bd7"]
2017-05-31 09:33:06:459 - info: [debug] [MJSONWP] Responding to client with driver.getCurrentContext() result: "NATIVE_APP"
2017-05-31 09:33:06:460 - info: [HTTP] <-- GET /wd/hub/session/bd447695-fbde-4625-9d09-758df0e66bd7/context 200 4 ms - 84 
2017-05-31 09:33:06:464 - info: [HTTP] --> POST /wd/hub/session/bd447695-fbde-4625-9d09-758df0e66bd7/elements {"using":"id","value":"com.play.android:id/btn_profile"}
2017-05-31 09:33:06:464 - info: [debug] [MJSONWP] Calling AppiumDriver.findElements() with args: ["id","com.play.android:id/btn_profile","bd447695-fbde-4625-9d09-758df0e66bd7"]
2017-05-31 09:33:06:466 - info: [debug] [BaseDriver] Valid locator strategies for this request: xpath, id, class name, accessibility id, -android uiautomator
2017-05-31 09:33:06:467 - info: [debug] [BaseDriver] Valid locator strategies for this request: xpath, id, class name, accessibility id, -android uiautomator
2017-05-31 09:33:06:467 - info: [debug] [BaseDriver] Waiting up to 0 ms for condition
2017-05-31 09:33:06:470 - info: [debug] [AndroidBootstrap] Sending command to android: {"cmd":"action","action":"find","params":{"strategy":"id","selector":"com.play.android:id/btn_profile","context":"","multiple":true}}
2017-05-31 09:33:06:479 - info: [AndroidBootstrap] [BOOTSTRAP LOG] [debug] Got data from client: {"cmd":"action","action":"find","params":{"strategy":"id","selector":"com.play.android:id/btn_profile","context":"","multiple":true}}
2017-05-31 09:33:06:479 - info: [AndroidBootstrap] [BOOTSTRAP LOG] [debug] Got command of type ACTION
2017-05-31 09:33:06:479 - info: [AndroidBootstrap] [BOOTSTRAP LOG] [debug] Got command action: find
2017-05-31 09:33:06:481 - info: [AndroidBootstrap] [BOOTSTRAP LOG] [debug] Finding 'com.play.android:id/btn_profile' using 'ID' with the contextId: '' multiple: true
2017-05-31 09:33:06:481 - info: [AndroidBootstrap] [BOOTSTRAP LOG] [debug] Using: UiSelector[RESOURCE_ID=com.play.android:id/btn_profile]
2017-05-31 09:33:06:481 - info: [AndroidBootstrap] [BOOTSTRAP LOG] [debug] getElements selector:UiSelector[RESOURCE_ID=com.play.android:id/btn_profile]
2017-05-31 09:33:06:482 - info: [AndroidBootstrap] [BOOTSTRAP LOG] [debug] Element[] is null: (0)
2017-05-31 09:33:06:482 - info: [AndroidBootstrap] [BOOTSTRAP LOG] [debug] getElements tmp selector:UiSelector[INSTANCE=0, RESOURCE_ID=com.play.android:id/btn_profile]
2017-05-31 09:33:06:504 - info: [AndroidBootstrap] [BOOTSTRAP LOG] [debug] Element[] is null: (1)
2017-05-31 09:33:06:505 - info: [AndroidBootstrap] [BOOTSTRAP LOG] [debug] getElements tmp selector:UiSelector[INSTANCE=1, RESOURCE_ID=com.play.android:id/btn_profile]
2017-05-31 09:33:06:528 - info: [AndroidBootstrap] [BOOTSTRAP LOG] [debug] Returning result: {"status":0,"value":[{"ELEMENT":"1"}]}
2017-05-31 09:33:06:528 - info: [debug] [AndroidBootstrap] Received command result from bootstrap
2017-05-31 09:33:06:531 - info: [debug] [MJSONWP] Responding to client with driver.findElements() result: [{"ELEMENT":"1"}]
2017-05-31 09:33:06:531 - info: [HTTP] <-- POST /wd/hub/session/bd447695-fbde-4625-9d09-758df0e66bd7/elements 200 67 ms - 89 
2017-05-31 09:33:06:811 - info: [HTTP] --> POST /wd/hub/session/bd447695-fbde-4625-9d09-758df0e66bd7/timeouts {"type":"implicit","ms":5000}
2017-05-31 09:33:06:811 - info: [debug] [MJSONWP] Calling AppiumDriver.timeouts() with args: ["implicit",5000,"bd447695-fbde-4625-9d09-758df0e66bd7"]
2017-05-31 09:33:06:812 - info: [debug] [BaseDriver] Set implicit wait to 5000ms
2017-05-31 09:33:06:813 - info: [debug] [MJSONWP] Responding to client with driver.timeouts() result: null
2017-05-31 09:33:06:814 - info: [HTTP] <-- POST /wd/hub/session/bd447695-fbde-4625-9d09-758df0e66bd7/timeouts 200 3 ms - 76 
2017-05-31 09:33:06:839 - info: [HTTP] --> POST /wd/hub/session/bd447695-fbde-4625-9d09-758df0e66bd7/element/1/click {"id":"1"}
2017-05-31 09:33:06:839 - info: [debug] [MJSONWP] Calling AppiumDriver.click() with args: ["1","bd447695-fbde-4625-9d09-758df0e66bd7"]
2017-05-31 09:33:06:841 - info: [debug] [AndroidBootstrap] Sending command to android: {"cmd":"action","action":"element:click","params":{"elementId":"1"}}
2017-05-31 09:33:06:843 - info: [AndroidBootstrap] [BOOTSTRAP LOG] [debug] Got data from client: {"cmd":"action","action":"element:click","params":{"elementId":"1"}}
2017-05-31 09:33:06:843 - info: [AndroidBootstrap] [BOOTSTRAP LOG] [debug] Got command of type ACTION
2017-05-31 09:33:06:844 - info: [AndroidBootstrap] [BOOTSTRAP LOG] [debug] Got command action: click
2017-05-31 09:33:07:273 - info: [AndroidBootstrap] [BOOTSTRAP LOG] [debug] Returning result: {"status":0,"value":true}
2017-05-31 09:33:07:273 - info: [debug] [AndroidBootstrap] Received command result from bootstrap
2017-05-31 09:33:07:275 - info: [debug] [MJSONWP] Responding to client with driver.click() result: true
2017-05-31 09:33:07:276 - info: [HTTP] <-- POST /wd/hub/session/bd447695-fbde-4625-9d09-758df0e66bd7/element/1/click 200 437 ms - 76 
2017-05-31 09:33:07:290 - info: [HTTP] --> GET /wd/hub/session/bd447695-fbde-4625-9d09-758df0e66bd7/appium/device/current_activity {}
2017-05-31 09:33:07:292 - info: [debug] [MJSONWP] Calling AppiumDriver.getCurrentActivity() with args: ["bd447695-fbde-4625-9d09-758df0e66bd7"]
2017-05-31 09:33:07:292 - info: [debug] [ADB] Getting focused package and activity
2017-05-31 09:33:07:293 - info: [debug] [ADB] Getting connected devices...
2017-05-31 09:33:07:326 - info: [debug] [ADB] 1 device(s) connected
2017-05-31 09:33:07:327 - info: [debug] [ADB] Running 'D:\SoftWare\SDK\platform-tools\adb.exe' with args: ["-P",5037,"-s","85GBBMA2353T","shell","dumpsys","window","windows"]
2017-05-31 09:33:07:387 - info: [debug] [MJSONWP] Responding to client with driver.getCurrentActivity() result: ".activity.member.LoginActivity"
2017-05-31 09:33:07:388 - info: [HTTP] <-- GET /wd/hub/session/bd447695-fbde-4625-9d09-758df0e66bd7/appium/device/current_activity 200 97 ms - 104 
2017-05-31 09:33:07:445 - info: [HTTP] --> POST /wd/hub/session/bd447695-fbde-4625-9d09-758df0e66bd7/timeouts {"type":"implicit","ms":0}
2017-05-31 09:33:07:447 - info: [debug] [MJSONWP] Calling AppiumDriver.timeouts() with args: ["implicit",0,"bd447695-fbde-4625-9d09-758df0e66bd7"]
2017-05-31 09:33:07:448 - info: [debug] [BaseDriver] Set implicit wait to 0ms
2017-05-31 09:33:07:449 - info: [debug] [MJSONWP] Responding to client with driver.timeouts() result: null
2017-05-31 09:33:07:450 - info: [HTTP] <-- POST /wd/hub/session/bd447695-fbde-4625-9d09-758df0e66bd7/timeouts 200 5 ms - 76 
2017-05-31 09:33:07:454 - info: [HTTP] --> GET /wd/hub/session/bd447695-fbde-4625-9d09-758df0e66bd7/context {}
2017-05-31 09:33:07:455 - info: [debug] [MJSONWP] Calling AppiumDriver.getCurrentContext() with args: ["bd447695-fbde-4625-9d09-758df0e66bd7"]
2017-05-31 09:33:07:457 - info: [debug] [MJSONWP] Responding to client with driver.getCurrentContext() result: "NATIVE_APP"
2017-05-31 09:33:07:457 - info: [HTTP] <-- GET /wd/hub/session/bd447695-fbde-4625-9d09-758df0e66bd7/context 200 3 ms - 84 
2017-05-31 09:33:07:464 - info: [HTTP] --> POST /wd/hub/session/bd447695-fbde-4625-9d09-758df0e66bd7/elements {"using":"id","value":"com.play.android:id/tv_account"}
2017-05-31 09:33:07:464 - info: [debug] [MJSONWP] Calling AppiumDriver.findElements() with args: ["id","com.play.android:id/tv_account","bd447695-fbde-4625-9d09-758df0e66bd7"]
2017-05-31 09:33:07:465 - info: [debug] [BaseDriver] Valid locator strategies for this request: xpath, id, class name, accessibility id, -android uiautomator
2017-05-31 09:33:07:466 - info: [debug] [BaseDriver] Valid locator strategies for this request: xpath, id, class name, accessibility id, -android uiautomator
2017-05-31 09:33:07:466 - info: [debug] [BaseDriver] Waiting up to 0 ms for condition
2017-05-31 09:33:07:467 - info: [debug] [AndroidBootstrap] Sending command to android: {"cmd":"action","action":"find","params":{"strategy":"id","selector":"com.play.android:id/tv_account","context":"","multiple":true}}
2017-05-31 09:33:07:469 - info: [AndroidBootstrap] [BOOTSTRAP LOG] [debug] Got data from client: {"cmd":"action","action":"find","params":{"strategy":"id","selector":"com.play.android:id/tv_account","context":"","multiple":true}}
2017-05-31 09:33:07:470 - info: [AndroidBootstrap] [BOOTSTRAP LOG] [debug] Got command of type ACTION
2017-05-31 09:33:07:470 - info: [AndroidBootstrap] [BOOTSTRAP LOG] [debug] Got command action: find
2017-05-31 09:33:07:470 - info: [AndroidBootstrap] [BOOTSTRAP LOG] [debug] Finding 'com.play.android:id/tv_account' using 'ID' with the contextId: '' multiple: true
2017-05-31 09:33:07:470 - info: [AndroidBootstrap] [BOOTSTRAP LOG] [debug] Using: UiSelector[RESOURCE_ID=com.play.android:id/tv_account]
2017-05-31 09:33:07:471 - info: [AndroidBootstrap] [BOOTSTRAP LOG] [debug] getElements selector:UiSelector[RESOURCE_ID=com.play.android:id/tv_account]
2017-05-31 09:33:07:471 - info: [AndroidBootstrap] [BOOTSTRAP LOG] [debug] Element[] is null: (0)
2017-05-31 09:33:07:472 - info: [AndroidBootstrap] [BOOTSTRAP LOG] [debug] getElements tmp selector:UiSelector[INSTANCE=0, RESOURCE_ID=com.play.android:id/tv_account]
2017-05-31 09:33:07:837 - info: [AndroidBootstrap] [BOOTSTRAP LOG] [debug] Element[] is null: (1)
2017-05-31 09:33:07:837 - info: [AndroidBootstrap] [BOOTSTRAP LOG] [debug] getElements tmp selector:UiSelector[INSTANCE=1, RESOURCE_ID=com.play.android:id/tv_account]
2017-05-31 09:33:07:969 - info: [AndroidBootstrap] [BOOTSTRAP LOG] [debug] Returning result: {"status":0,"value":[{"ELEMENT":"2"}]}
2017-05-31 09:33:07:969 - info: [debug] [AndroidBootstrap] Received command result from bootstrap
2017-05-31 09:33:07:971 - info: [debug] [MJSONWP] Responding to client with driver.findElements() result: [{"ELEMENT":"2"}]
2017-05-31 09:33:07:972 - info: [HTTP] <-- POST /wd/hub/session/bd447695-fbde-4625-9d09-758df0e66bd7/elements 200 508 ms - 89 
2017-05-31 09:33:08:094 - info: [HTTP] --> POST /wd/hub/session/bd447695-fbde-4625-9d09-758df0e66bd7/timeouts {"type":"implicit","ms":5000}
2017-05-31 09:33:08:095 - info: [debug] [MJSONWP] Calling AppiumDriver.timeouts() with args: ["implicit",5000,"bd447695-fbde-4625-9d09-758df0e66bd7"]
2017-05-31 09:33:08:096 - info: [debug] [BaseDriver] Set implicit wait to 5000ms
2017-05-31 09:33:08:099 - info: [debug] [MJSONWP] Responding to client with driver.timeouts() result: null
2017-05-31 09:33:08:100 - info: [HTTP] <-- POST /wd/hub/session/bd447695-fbde-4625-9d09-758df0e66bd7/timeouts 200 5 ms - 76 
2017-05-31 09:33:08:106 - info: [HTTP] --> POST /wd/hub/session/bd447695-fbde-4625-9d09-758df0e66bd7/element/2/click {"id":"2"}
2017-05-31 09:33:08:106 - info: [debug] [MJSONWP] Calling AppiumDriver.click() with args: ["2","bd447695-fbde-4625-9d09-758df0e66bd7"]
2017-05-31 09:33:08:107 - info: [debug] [AndroidBootstrap] Sending command to android: {"cmd":"action","action":"element:click","params":{"elementId":"2"}}
2017-05-31 09:33:08:109 - info: [AndroidBootstrap] [BOOTSTRAP LOG] [debug] Got data from client: {"cmd":"action","action":"element:click","params":{"elementId":"2"}}
2017-05-31 09:33:08:110 - info: [AndroidBootstrap] [BOOTSTRAP LOG] [debug] Got command of type ACTION
2017-05-31 09:33:08:110 - info: [AndroidBootstrap] [BOOTSTRAP LOG] [debug] Got command action: click
2017-05-31 09:33:08:262 - info: [AndroidBootstrap] [BOOTSTRAP LOG] [debug] Returning result: {"status":0,"value":true}
2017-05-31 09:33:08:264 - info: [debug] [AndroidBootstrap] Received command result from bootstrap
2017-05-31 09:33:08:265 - info: [debug] [MJSONWP] Responding to client with driver.click() result: true
2017-05-31 09:33:08:266 - info: [HTTP] <-- POST /wd/hub/session/bd447695-fbde-4625-9d09-758df0e66bd7/element/2/click 200 160 ms - 76 
2017-05-31 09:33:08:316 - info: [HTTP] --> POST /wd/hub/session/bd447695-fbde-4625-9d09-758df0e66bd7/timeouts {"type":"implicit","ms":0}
2017-05-31 09:33:08:316 - info: [debug] [MJSONWP] Calling AppiumDriver.timeouts() with args: ["implicit",0,"bd447695-fbde-4625-9d09-758df0e66bd7"]
2017-05-31 09:33:08:317 - info: [debug] [BaseDriver] Set implicit wait to 0ms
2017-05-31 09:33:08:318 - info: [debug] [MJSONWP] Responding to client with driver.timeouts() result: null
2017-05-31 09:33:08:319 - info: [HTTP] <-- POST /wd/hub/session/bd447695-fbde-4625-9d09-758df0e66bd7/timeouts 200 3 ms - 76 
2017-05-31 09:33:08:323 - info: [HTTP] --> GET /wd/hub/session/bd447695-fbde-4625-9d09-758df0e66bd7/context {}
2017-05-31 09:33:08:323 - info: [debug] [MJSONWP] Calling AppiumDriver.getCurrentContext() with args: ["bd447695-fbde-4625-9d09-758df0e66bd7"]
2017-05-31 09:33:08:324 - info: [debug] [MJSONWP] Responding to client with driver.getCurrentContext() result: "NATIVE_APP"
2017-05-31 09:33:08:325 - info: [HTTP] <-- GET /wd/hub/session/bd447695-fbde-4625-9d09-758df0e66bd7/context 200 2 ms - 84 
2017-05-31 09:33:08:329 - info: [HTTP] --> POST /wd/hub/session/bd447695-fbde-4625-9d09-758df0e66bd7/elements {"using":"id","value":"com.play.android:id/et_account"}
2017-05-31 09:33:08:329 - info: [debug] [MJSONWP] Calling AppiumDriver.findElements() with args: ["id","com.play.android:id/et_account","bd447695-fbde-4625-9d09-758df0e66bd7"]
2017-05-31 09:33:08:330 - info: [debug] [BaseDriver] Valid locator strategies for this request: xpath, id, class name, accessibility id, -android uiautomator
2017-05-31 09:33:08:331 - info: [debug] [BaseDriver] Valid locator strategies for this request: xpath, id, class name, accessibility id, -android uiautomator
2017-05-31 09:33:08:331 - info: [debug] [BaseDriver] Waiting up to 0 ms for condition
2017-05-31 09:33:08:331 - info: [debug] [AndroidBootstrap] Sending command to android: {"cmd":"action","action":"find","params":{"strategy":"id","selector":"com.play.android:id/et_account","context":"","multiple":true}}
2017-05-31 09:33:08:334 - info: [AndroidBootstrap] [BOOTSTRAP LOG] [debug] Got data from client: {"cmd":"action","action":"find","params":{"strategy":"id","selector":"com.play.android:id/et_account","context":"","multiple":true}}
2017-05-31 09:33:08:334 - info: [AndroidBootstrap] [BOOTSTRAP LOG] [debug] Got command of type ACTION
2017-05-31 09:33:08:334 - info: [AndroidBootstrap] [BOOTSTRAP LOG] [debug] Got command action: find
2017-05-31 09:33:08:335 - info: [AndroidBootstrap] [BOOTSTRAP LOG] [debug] Finding 'com.play.android:id/et_account' using 'ID' with the contextId: '' multiple: true
2017-05-31 09:33:08:335 - info: [AndroidBootstrap] [BOOTSTRAP LOG] [debug] Using: UiSelector[RESOURCE_ID=com.play.android:id/et_account]
2017-05-31 09:33:08:335 - info: [AndroidBootstrap] [BOOTSTRAP LOG] [debug] getElements selector:UiSelector[RESOURCE_ID=com.play.android:id/et_account]
2017-05-31 09:33:08:335 - info: [AndroidBootstrap] [BOOTSTRAP LOG] [debug] Element[] is null: (0)
2017-05-31 09:33:08:335 - info: [AndroidBootstrap] [BOOTSTRAP LOG] [debug] getElements tmp selector:UiSelector[INSTANCE=0, RESOURCE_ID=com.play.android:id/et_account]
2017-05-31 09:33:08:918 - info: [AndroidBootstrap] [BOOTSTRAP LOG] [debug] Element[] is null: (1)
2017-05-31 09:33:08:919 - info: [AndroidBootstrap] [BOOTSTRAP LOG] [debug] getElements tmp selector:UiSelector[INSTANCE=1, RESOURCE_ID=com.play.android:id/et_account]
2017-05-31 09:33:09:028 - info: [AndroidBootstrap] [BOOTSTRAP LOG] [debug] Returning result: {"status":0,"value":[{"ELEMENT":"3"}]}
2017-05-31 09:33:09:030 - info: [debug] [AndroidBootstrap] Received command result from bootstrap
2017-05-31 09:33:09:032 - info: [debug] [MJSONWP] Responding to client with driver.findElements() result: [{"ELEMENT":"3"}]
2017-05-31 09:33:09:036 - info: [HTTP] <-- POST /wd/hub/session/bd447695-fbde-4625-9d09-758df0e66bd7/elements 200 706 ms - 89 
2017-05-31 09:33:09:133 - info: [HTTP] --> POST /wd/hub/session/bd447695-fbde-4625-9d09-758df0e66bd7/timeouts {"type":"implicit","ms":5000}
2017-05-31 09:33:09:133 - info: [debug] [MJSONWP] Calling AppiumDriver.timeouts() with args: ["implicit",5000,"bd447695-fbde-4625-9d09-758df0e66bd7"]
2017-05-31 09:33:09:134 - info: [debug] [BaseDriver] Set implicit wait to 5000ms
2017-05-31 09:33:09:134 - info: [debug] [MJSONWP] Responding to client with driver.timeouts() result: null
2017-05-31 09:33:09:135 - info: [HTTP] <-- POST /wd/hub/session/bd447695-fbde-4625-9d09-758df0e66bd7/timeouts 200 2 ms - 76 
2017-05-31 09:33:09:140 - info: [HTTP] --> POST /wd/hub/session/bd447695-fbde-4625-9d09-758df0e66bd7/element/3/value {"id":"3","value":["18521035133"]}
2017-05-31 09:33:09:141 - info: [debug] [MJSONWP] Calling AppiumDriver.setValue() with args: [["18521035133"],"3","bd447695-fbde-4625-9d09-758df0e66bd7"]
2017-05-31 09:33:09:142 - info: [debug] [AndroidBootstrap] Sending command to android: {"cmd":"action","action":"element:setText","params":{"elementId":"3","text":"18521035133","replace":false,"unicodeKeyboard":true}}
2017-05-31 09:33:09:152 - info: [AndroidBootstrap] [BOOTSTRAP LOG] [debug] Got data from client: {"cmd":"action","action":"element:setText","params":{"elementId":"3","text":"18521035133","replace":false,"unicodeKeyboard":true}}
2017-05-31 09:33:09:153 - info: [AndroidBootstrap] [BOOTSTRAP LOG] [debug] Got command of type ACTION
2017-05-31 09:33:09:153 - info: [AndroidBootstrap] [BOOTSTRAP LOG] [debug] Got command action: setText
2017-05-31 09:33:09:153 - info: [AndroidBootstrap] [BOOTSTRAP LOG] [debug] Using element passed in: 3
2017-05-31 09:33:09:165 - info: [AndroidBootstrap] [BOOTSTRAP LOG] [debug] Attempting to clear using UiObject.clearText().
2017-05-31 09:33:11:603 - info: [AndroidBootstrap] [BOOTSTRAP LOG] [debug] Text remains after clearing, but it appears to be hint text.
2017-05-31 09:33:11:625 - info: [AndroidBootstrap] [BOOTSTRAP LOG] [debug] Text not cleared. Assuming remainder is hint text.
2017-05-31 09:33:11:626 - info: [AndroidBootstrap] [BOOTSTRAP LOG] [debug] Sending plain text to element: 18521035133
2017-05-31 09:33:14:115 - info: [AndroidBootstrap] [BOOTSTRAP LOG] [debug] Returning result: {"status":0,"value":true}
2017-05-31 09:33:14:115 - info: [debug] [AndroidBootstrap] Received command result from bootstrap
2017-05-31 09:33:14:117 - info: [debug] [MJSONWP] Responding to client with driver.setValue() result: true
2017-05-31 09:33:14:120 - info: [HTTP] <-- POST /wd/hub/session/bd447695-fbde-4625-9d09-758df0e66bd7/element/3/value 200 4979 ms - 76 
2017-05-31 09:33:14:173 - info: [HTTP] --> POST /wd/hub/session/bd447695-fbde-4625-9d09-758df0e66bd7/timeouts {"type":"implicit","ms":0}
2017-05-31 09:33:14:174 - info: [debug] [MJSONWP] Calling AppiumDriver.timeouts() with args: ["implicit",0,"bd447695-fbde-4625-9d09-758df0e66bd7"]
2017-05-31 09:33:14:174 - info: [debug] [BaseDriver] Set implicit wait to 0ms
2017-05-31 09:33:14:175 - info: [debug] [MJSONWP] Responding to client with driver.timeouts() result: null
2017-05-31 09:33:14:182 - info: [HTTP] <-- POST /wd/hub/session/bd447695-fbde-4625-9d09-758df0e66bd7/timeouts 200 6 ms - 76 
2017-05-31 09:33:14:187 - info: [HTTP] --> GET /wd/hub/session/bd447695-fbde-4625-9d09-758df0e66bd7/context {}
2017-05-31 09:33:14:188 - info: [debug] [MJSONWP] Calling AppiumDriver.getCurrentContext() with args: ["bd447695-fbde-4625-9d09-758df0e66bd7"]
2017-05-31 09:33:14:189 - info: [debug] [MJSONWP] Responding to client with driver.getCurrentContext() result: "NATIVE_APP"
2017-05-31 09:33:14:190 - info: [HTTP] <-- GET /wd/hub/session/bd447695-fbde-4625-9d09-758df0e66bd7/context 200 3 ms - 84 
2017-05-31 09:33:14:200 - info: [HTTP] --> POST /wd/hub/session/bd447695-fbde-4625-9d09-758df0e66bd7/elements {"using":"id","value":"com.play.android:id/et_password"}
2017-05-31 09:33:14:200 - info: [debug] [MJSONWP] Calling AppiumDriver.findElements() with args: ["id","com.play.android:id/et_password","bd447695-fbde-4625-9d09-758df0e66bd7"]
2017-05-31 09:33:14:201 - info: [debug] [BaseDriver] Valid locator strategies for this request: xpath, id, class name, accessibility id, -android uiautomator
2017-05-31 09:33:14:201 - info: [debug] [BaseDriver] Valid locator strategies for this request: xpath, id, class name, accessibility id, -android uiautomator
2017-05-31 09:33:14:201 - info: [debug] [BaseDriver] Waiting up to 0 ms for condition
2017-05-31 09:33:14:202 - info: [debug] [AndroidBootstrap] Sending command to android: {"cmd":"action","action":"find","params":{"strategy":"id","selector":"com.play.android:id/et_password","context":"","multiple":true}}
2017-05-31 09:33:14:207 - info: [AndroidBootstrap] [BOOTSTRAP LOG] [debug] Got data from client: {"cmd":"action","action":"find","params":{"strategy":"id","selector":"com.play.android:id/et_password","context":"","multiple":true}}
2017-05-31 09:33:14:207 - info: [AndroidBootstrap] [BOOTSTRAP LOG] [debug] Got command of type ACTION
2017-05-31 09:33:14:207 - info: [AndroidBootstrap] [BOOTSTRAP LOG] [debug] Got command action: find
2017-05-31 09:33:14:207 - info: [AndroidBootstrap] [BOOTSTRAP LOG] [debug] Finding 'com.play.android:id/et_password' using 'ID' with the contextId: '' multiple: true
2017-05-31 09:33:14:208 - info: [AndroidBootstrap] [BOOTSTRAP LOG] [debug] Using: UiSelector[RESOURCE_ID=com.play.android:id/et_password]
2017-05-31 09:33:14:208 - info: [AndroidBootstrap] [BOOTSTRAP LOG] [debug] getElements selector:UiSelector[RESOURCE_ID=com.play.android:id/et_password]
2017-05-31 09:33:14:208 - info: [AndroidBootstrap] [BOOTSTRAP LOG] [debug] Element[] is null: (0)
2017-05-31 09:33:14:209 - info: [AndroidBootstrap] [BOOTSTRAP LOG] [debug] getElements tmp selector:UiSelector[INSTANCE=0, RESOURCE_ID=com.play.android:id/et_password]
2017-05-31 09:33:14:658 - info: [AndroidBootstrap] [BOOTSTRAP LOG] [debug] Element[] is null: (1)
2017-05-31 09:33:14:659 - info: [AndroidBootstrap] [BOOTSTRAP LOG] [debug] getElements tmp selector:UiSelector[INSTANCE=1, RESOURCE_ID=com.play.android:id/et_password]
2017-05-31 09:33:14:672 - info: [AndroidBootstrap] [BOOTSTRAP LOG] [debug] Returning result: {"status":0,"value":[{"ELEMENT":"4"}]}
2017-05-31 09:33:14:677 - info: [debug] [AndroidBootstrap] Received command result from bootstrap
2017-05-31 09:33:14:678 - info: [debug] [MJSONWP] Responding to client with driver.findElements() result: [{"ELEMENT":"4"}]
2017-05-31 09:33:14:681 - info: [HTTP] <-- POST /wd/hub/session/bd447695-fbde-4625-9d09-758df0e66bd7/elements 200 479 ms - 89 
2017-05-31 09:33:14:783 - info: [HTTP] --> POST /wd/hub/session/bd447695-fbde-4625-9d09-758df0e66bd7/timeouts {"type":"implicit","ms":5000}
2017-05-31 09:33:14:784 - info: [debug] [MJSONWP] Calling AppiumDriver.timeouts() with args: ["implicit",5000,"bd447695-fbde-4625-9d09-758df0e66bd7"]
2017-05-31 09:33:14:784 - info: [debug] [BaseDriver] Set implicit wait to 5000ms
2017-05-31 09:33:14:785 - info: [debug] [MJSONWP] Responding to client with driver.timeouts() result: null
2017-05-31 09:33:14:786 - info: [HTTP] <-- POST /wd/hub/session/bd447695-fbde-4625-9d09-758df0e66bd7/timeouts 200 3 ms - 76 
2017-05-31 09:33:14:796 - info: [HTTP] --> POST /wd/hub/session/bd447695-fbde-4625-9d09-758df0e66bd7/element/4/value {"id":"4","value":["111111"]}
2017-05-31 09:33:14:796 - info: [debug] [MJSONWP] Calling AppiumDriver.setValue() with args: [["111111"],"4","bd447695-fbde-4625-9d09-758df0e66bd7"]
2017-05-31 09:33:14:797 - info: [debug] [AndroidBootstrap] Sending command to android: {"cmd":"action","action":"element:setText","params":{"elementId":"4","text":"111111","replace":false,"unicodeKeyboard":true}}
2017-05-31 09:33:14:803 - info: [AndroidBootstrap] [BOOTSTRAP LOG] [debug] Got data from client: {"cmd":"action","action":"element:setText","params":{"elementId":"4","text":"111111","replace":false,"unicodeKeyboard":true}}
2017-05-31 09:33:14:803 - info: [AndroidBootstrap] [BOOTSTRAP LOG] [debug] Got command of type ACTION
2017-05-31 09:33:14:803 - info: [AndroidBootstrap] [BOOTSTRAP LOG] [debug] Got command action: setText
2017-05-31 09:33:14:803 - info: [AndroidBootstrap] [BOOTSTRAP LOG] [debug] Using element passed in: 4
2017-05-31 09:33:14:820 - info: [AndroidBootstrap] [BOOTSTRAP LOG] [debug] Attempting to clear using UiObject.clearText().
2017-05-31 09:33:17:290 - info: [AndroidBootstrap] [BOOTSTRAP LOG] [debug] Sending plain text to element: 111111
2017-05-31 09:33:19:881 - info: [AndroidBootstrap] [BOOTSTRAP LOG] [debug] Returning result: {"status":0,"value":true}
2017-05-31 09:33:19:881 - info: [debug] [AndroidBootstrap] Received command result from bootstrap
2017-05-31 09:33:19:881 - info: [debug] [MJSONWP] Responding to client with driver.setValue() result: true
2017-05-31 09:33:19:881 - info: [HTTP] <-- POST /wd/hub/session/bd447695-fbde-4625-9d09-758df0e66bd7/element/4/value 200 5093 ms - 76 
2017-05-31 09:33:19:945 - info: [HTTP] --> POST /wd/hub/session/bd447695-fbde-4625-9d09-758df0e66bd7/timeouts {"type":"implicit","ms":0}
2017-05-31 09:33:19:945 - info: [debug] [MJSONWP] Calling AppiumDriver.timeouts() with args: ["implicit",0,"bd447695-fbde-4625-9d09-758df0e66bd7"]
2017-05-31 09:33:19:945 - info: [debug] [BaseDriver] Set implicit wait to 0ms
2017-05-31 09:33:19:945 - info: [debug] [MJSONWP] Responding to client with driver.timeouts() result: null
2017-05-31 09:33:19:945 - info: [HTTP] <-- POST /wd/hub/session/bd447695-fbde-4625-9d09-758df0e66bd7/timeouts 200 2 ms - 76 
2017-05-31 09:33:19:960 - info: [HTTP] --> GET /wd/hub/session/bd447695-fbde-4625-9d09-758df0e66bd7/context {}
2017-05-31 09:33:19:960 - info: [debug] [MJSONWP] Calling AppiumDriver.getCurrentContext() with args: ["bd447695-fbde-4625-9d09-758df0e66bd7"]
2017-05-31 09:33:19:960 - info: [debug] [MJSONWP] Responding to client with driver.getCurrentContext() result: "NATIVE_APP"
2017-05-31 09:33:19:960 - info: [HTTP] <-- GET /wd/hub/session/bd447695-fbde-4625-9d09-758df0e66bd7/context 200 2 ms - 84 
2017-05-31 09:33:19:976 - info: [HTTP] --> POST /wd/hub/session/bd447695-fbde-4625-9d09-758df0e66bd7/elements {"using":"id","value":"com.play.android:id/btn_login"}
2017-05-31 09:33:19:976 - info: [debug] [MJSONWP] Calling AppiumDriver.findElements() with args: ["id","com.play.android:id/btn_login","bd447695-fbde-4625-9d09-758df0e66bd7"]
2017-05-31 09:33:19:976 - info: [debug] [BaseDriver] Valid locator strategies for this request: xpath, id, class name, accessibility id, -android uiautomator
2017-05-31 09:33:19:976 - info: [debug] [BaseDriver] Valid locator strategies for this request: xpath, id, class name, accessibility id, -android uiautomator
2017-05-31 09:33:19:976 - info: [debug] [BaseDriver] Waiting up to 0 ms for condition
2017-05-31 09:33:19:976 - info: [debug] [AndroidBootstrap] Sending command to android: {"cmd":"action","action":"find","params":{"strategy":"id","selector":"com.play.android:id/btn_login","context":"","multiple":true}}
2017-05-31 09:33:19:976 - info: [AndroidBootstrap] [BOOTSTRAP LOG] [debug] Got data from client: {"cmd":"action","action":"find","params":{"strategy":"id","selector":"com.play.android:id/btn_login","context":"","multiple":true}}
2017-05-31 09:33:19:976 - info: [AndroidBootstrap] [BOOTSTRAP LOG] [debug] Got command of type ACTION
2017-05-31 09:33:19:976 - info: [AndroidBootstrap] [BOOTSTRAP LOG] [debug] Got command action: find
2017-05-31 09:33:19:976 - info: [AndroidBootstrap] [BOOTSTRAP LOG] [debug] Finding 'com.play.android:id/btn_login' using 'ID' with the contextId: '' multiple: true
2017-05-31 09:33:19:976 - info: [AndroidBootstrap] [BOOTSTRAP LOG] [debug] Using: UiSelector[RESOURCE_ID=com.play.android:id/btn_login]
2017-05-31 09:33:19:976 - info: [AndroidBootstrap] [BOOTSTRAP LOG] [debug] getElements selector:UiSelector[RESOURCE_ID=com.play.android:id/btn_login]
2017-05-31 09:33:19:976 - info: [AndroidBootstrap] [BOOTSTRAP LOG] [debug] Element[] is null: (0)
2017-05-31 09:33:19:976 - info: [AndroidBootstrap] [BOOTSTRAP LOG] [debug] getElements tmp selector:UiSelector[INSTANCE=0, RESOURCE_ID=com.play.android:id/btn_login]
2017-05-31 09:33:20:428 - info: [AndroidBootstrap] [BOOTSTRAP LOG] [debug] Element[] is null: (1)
2017-05-31 09:33:20:444 - info: [AndroidBootstrap] [BOOTSTRAP LOG] [debug] getElements tmp selector:UiSelector[INSTANCE=1, RESOURCE_ID=com.play.android:id/btn_login]
2017-05-31 09:33:20:444 - info: [AndroidBootstrap] [BOOTSTRAP LOG] [debug] Returning result: {"status":0,"value":[{"ELEMENT":"5"}]}
2017-05-31 09:33:20:459 - info: [debug] [AndroidBootstrap] Received command result from bootstrap
2017-05-31 09:33:20:459 - info: [debug] [MJSONWP] Responding to client with driver.findElements() result: [{"ELEMENT":"5"}]
2017-05-31 09:33:20:459 - info: [HTTP] <-- POST /wd/hub/session/bd447695-fbde-4625-9d09-758df0e66bd7/elements 200 484 ms - 89 
2017-05-31 09:33:20:553 - info: [HTTP] --> POST /wd/hub/session/bd447695-fbde-4625-9d09-758df0e66bd7/timeouts {"type":"implicit","ms":5000}
2017-05-31 09:33:20:553 - info: [debug] [MJSONWP] Calling AppiumDriver.timeouts() with args: ["implicit",5000,"bd447695-fbde-4625-9d09-758df0e66bd7"]
2017-05-31 09:33:20:553 - info: [debug] [BaseDriver] Set implicit wait to 5000ms
2017-05-31 09:33:20:553 - info: [debug] [MJSONWP] Responding to client with driver.timeouts() result: null
2017-05-31 09:33:20:553 - info: [HTTP] <-- POST /wd/hub/session/bd447695-fbde-4625-9d09-758df0e66bd7/timeouts 200 2 ms - 76 
2017-05-31 09:33:20:569 - info: [HTTP] --> POST /wd/hub/session/bd447695-fbde-4625-9d09-758df0e66bd7/element/5/click {"id":"5"}
2017-05-31 09:33:20:569 - info: [debug] [MJSONWP] Calling AppiumDriver.click() with args: ["5","bd447695-fbde-4625-9d09-758df0e66bd7"]
2017-05-31 09:33:20:569 - info: [debug] [AndroidBootstrap] Sending command to android: {"cmd":"action","action":"element:click","params":{"elementId":"5"}}
2017-05-31 09:33:20:569 - info: [AndroidBootstrap] [BOOTSTRAP LOG] [debug] Got data from client: {"cmd":"action","action":"element:click","params":{"elementId":"5"}}
2017-05-31 09:33:20:569 - info: [AndroidBootstrap] [BOOTSTRAP LOG] [debug] Got command of type ACTION
2017-05-31 09:33:20:569 - info: [AndroidBootstrap] [BOOTSTRAP LOG] [debug] Got command action: click
2017-05-31 09:33:20:709 - info: [AndroidBootstrap] [BOOTSTRAP LOG] [debug] Returning result: {"status":0,"value":true}
2017-05-31 09:33:20:709 - info: [debug] [AndroidBootstrap] Received command result from bootstrap
2017-05-31 09:33:20:709 - info: [debug] [MJSONWP] Responding to client with driver.click() result: true
2017-05-31 09:33:20:709 - info: [HTTP] <-- POST /wd/hub/session/bd447695-fbde-4625-9d09-758df0e66bd7/element/5/click 200 145 ms - 76 
2017-05-31 09:33:20:725 - info: [HTTP] --> GET /wd/hub/session/bd447695-fbde-4625-9d09-758df0e66bd7/appium/device/current_activity {}
2017-05-31 09:33:20:725 - info: [debug] [MJSONWP] Calling AppiumDriver.getCurrentActivity() with args: ["bd447695-fbde-4625-9d09-758df0e66bd7"]
2017-05-31 09:33:20:725 - info: [debug] [ADB] Getting focused package and activity
2017-05-31 09:33:20:725 - info: [debug] [ADB] Getting connected devices...
2017-05-31 09:33:20:756 - info: [debug] [ADB] 1 device(s) connected
2017-05-31 09:33:20:756 - info: [debug] [ADB] Running 'D:\SoftWare\SDK\platform-tools\adb.exe' with args: ["-P",5037,"-s","85GBBMA2353T","shell","dumpsys","window","windows"]
2017-05-31 09:33:20:818 - info: [debug] [MJSONWP] Responding to client with driver.getCurrentActivity() result: ".activity.member.LoginActivity"
2017-05-31 09:33:20:818 - info: [HTTP] <-- GET /wd/hub/session/bd447695-fbde-4625-9d09-758df0e66bd7/appium/device/current_activity 200 98 ms - 104 
2017-05-31 09:33:21:849 - info: [HTTP] --> GET /wd/hub/session/bd447695-fbde-4625-9d09-758df0e66bd7/appium/device/current_activity {}
2017-05-31 09:33:21:849 - info: [debug] [MJSONWP] Calling AppiumDriver.getCurrentActivity() with args: ["bd447695-fbde-4625-9d09-758df0e66bd7"]
2017-05-31 09:33:21:849 - info: [debug] [ADB] Getting focused package and activity
2017-05-31 09:33:21:849 - info: [debug] [ADB] Getting connected devices...
2017-05-31 09:33:21:905 - info: [debug] [ADB] 1 device(s) connected
2017-05-31 09:33:21:905 - info: [debug] [ADB] Running 'D:\SoftWare\SDK\platform-tools\adb.exe' with args: ["-P",5037,"-s","85GBBMA2353T","shell","dumpsys","window","windows"]
2017-05-31 09:33:21:951 - info: [debug] [MJSONWP] Responding to client with driver.getCurrentActivity() result: ".activity.main.HomeActivity"
2017-05-31 09:33:21:951 - info: [HTTP] <-- GET /wd/hub/session/bd447695-fbde-4625-9d09-758df0e66bd7/appium/device/current_activity 200 105 ms - 101 
2017-05-31 09:33:22:045 - info: [HTTP] --> POST /wd/hub/session/bd447695-fbde-4625-9d09-758df0e66bd7/timeouts {"type":"implicit","ms":20000}
2017-05-31 09:33:22:045 - info: [debug] [MJSONWP] Calling AppiumDriver.timeouts() with args: ["implicit",20000,"bd447695-fbde-4625-9d09-758df0e66bd7"]
2017-05-31 09:33:22:045 - info: [debug] [BaseDriver] Set implicit wait to 20000ms
2017-05-31 09:33:22:045 - info: [debug] [MJSONWP] Responding to client with driver.timeouts() result: null
2017-05-31 09:33:22:061 - info: [HTTP] <-- POST /wd/hub/session/bd447695-fbde-4625-9d09-758df0e66bd7/timeouts 200 3 ms - 76 
2017-05-31 09:33:22:092 - info: [HTTP] --> POST /wd/hub/session/bd447695-fbde-4625-9d09-758df0e66bd7/timeouts {"type":"implicit","ms":0}
2017-05-31 09:33:22:092 - info: [debug] [MJSONWP] Calling AppiumDriver.timeouts() with args: ["implicit",0,"bd447695-fbde-4625-9d09-758df0e66bd7"]
2017-05-31 09:33:22:092 - info: [debug] [BaseDriver] Set implicit wait to 0ms
2017-05-31 09:33:22:092 - info: [debug] [MJSONWP] Responding to client with driver.timeouts() result: null
2017-05-31 09:33:22:092 - info: [HTTP] <-- POST /wd/hub/session/bd447695-fbde-4625-9d09-758df0e66bd7/timeouts 200 2 ms - 76 
2017-05-31 09:33:22:107 - info: [HTTP] --> GET /wd/hub/session/bd447695-fbde-4625-9d09-758df0e66bd7/context {}
2017-05-31 09:33:22:107 - info: [debug] [MJSONWP] Calling AppiumDriver.getCurrentContext() with args: ["bd447695-fbde-4625-9d09-758df0e66bd7"]
2017-05-31 09:33:22:107 - info: [debug] [MJSONWP] Responding to client with driver.getCurrentContext() result: "NATIVE_APP"
2017-05-31 09:33:22:107 - info: [HTTP] <-- GET /wd/hub/session/bd447695-fbde-4625-9d09-758df0e66bd7/context 200 2 ms - 84 
2017-05-31 09:33:22:123 - info: [HTTP] --> POST /wd/hub/session/bd447695-fbde-4625-9d09-758df0e66bd7/elements {"using":"id","value":"com.play.android:id/sdv_image"}
2017-05-31 09:33:22:123 - info: [debug] [MJSONWP] Calling AppiumDriver.findElements() with args: ["id","com.play.android:id/sdv_image","bd447695-fbde-4625-9d09-758df0e66bd7"]
2017-05-31 09:33:22:123 - info: [debug] [BaseDriver] Valid locator strategies for this request: xpath, id, class name, accessibility id, -android uiautomator
2017-05-31 09:33:22:123 - info: [debug] [BaseDriver] Valid locator strategies for this request: xpath, id, class name, accessibility id, -android uiautomator
2017-05-31 09:33:22:123 - info: [debug] [BaseDriver] Waiting up to 0 ms for condition
2017-05-31 09:33:22:123 - info: [debug] [AndroidBootstrap] Sending command to android: {"cmd":"action","action":"find","params":{"strategy":"id","selector":"com.play.android:id/sdv_image","context":"","multiple":true}}
2017-05-31 09:33:22:123 - info: [AndroidBootstrap] [BOOTSTRAP LOG] [debug] Got data from client: {"cmd":"action","action":"find","params":{"strategy":"id","selector":"com.play.android:id/sdv_image","context":"","multiple":true}}
2017-05-31 09:33:22:123 - info: [AndroidBootstrap] [BOOTSTRAP LOG] [debug] Got command of type ACTION
2017-05-31 09:33:22:123 - info: [AndroidBootstrap] [BOOTSTRAP LOG] [debug] Got command action: find
2017-05-31 09:33:22:123 - info: [AndroidBootstrap] [BOOTSTRAP LOG] [debug] Finding 'com.play.android:id/sdv_image' using 'ID' with the contextId: '' multiple: true
2017-05-31 09:33:22:123 - info: [AndroidBootstrap] [BOOTSTRAP LOG] [debug] Using: UiSelector[RESOURCE_ID=com.play.android:id/sdv_image]
2017-05-31 09:33:22:123 - info: [AndroidBootstrap] [BOOTSTRAP LOG] [debug] getElements selector:UiSelector[RESOURCE_ID=com.play.android:id/sdv_image]
2017-05-31 09:33:22:123 - info: [AndroidBootstrap] [BOOTSTRAP LOG] [debug] Element[] is null: (0)
2017-05-31 09:33:22:123 - info: [AndroidBootstrap] [BOOTSTRAP LOG] [debug] getElements tmp selector:UiSelector[INSTANCE=0, RESOURCE_ID=com.play.android:id/sdv_image]
2017-05-31 09:33:22:341 - info: [AndroidBootstrap] [BOOTSTRAP LOG] [debug] Element[] is null: (1)
2017-05-31 09:33:22:341 - info: [AndroidBootstrap] [BOOTSTRAP LOG] [debug] getElements tmp selector:UiSelector[INSTANCE=1, RESOURCE_ID=com.play.android:id/sdv_image]
2017-05-31 09:33:22:482 - info: [AndroidBootstrap] [BOOTSTRAP LOG] [debug] Element[] is null: (2)
2017-05-31 09:33:22:482 - info: [AndroidBootstrap] [BOOTSTRAP LOG] [debug] getElements tmp selector:UiSelector[INSTANCE=2, RESOURCE_ID=com.play.android:id/sdv_image]
2017-05-31 09:33:22:560 - info: [AndroidBootstrap] [BOOTSTRAP LOG] [debug] Returning result: {"status":0,"value":[{"ELEMENT":"6"},{"ELEMENT":"7"}]}
2017-05-31 09:33:22:560 - info: [debug] [AndroidBootstrap] Received command result from bootstrap
2017-05-31 09:33:22:560 - info: [debug] [MJSONWP] Responding to client with driver.findElements() result: [{"ELEMENT":"6"},{"ELEMENT":"7"}]
2017-05-31 09:33:22:560 - info: [HTTP] <-- POST /wd/hub/session/bd447695-fbde-4625-9d09-758df0e66bd7/elements 200 439 ms - 105 
2017-05-31 09:33:22:747 - info: [HTTP] --> POST /wd/hub/session/bd447695-fbde-4625-9d09-758df0e66bd7/timeouts {"type":"implicit","ms":5000}
2017-05-31 09:33:22:747 - info: [debug] [MJSONWP] Calling AppiumDriver.timeouts() with args: ["implicit",5000,"bd447695-fbde-4625-9d09-758df0e66bd7"]
2017-05-31 09:33:22:747 - info: [debug] [BaseDriver] Set implicit wait to 5000ms
2017-05-31 09:33:22:747 - info: [debug] [MJSONWP] Responding to client with driver.timeouts() result: null
2017-05-31 09:33:22:747 - info: [HTTP] <-- POST /wd/hub/session/bd447695-fbde-4625-9d09-758df0e66bd7/timeouts 200 2 ms - 76 
2017-05-31 09:33:22:763 - info: [HTTP] --> POST /wd/hub/session/bd447695-fbde-4625-9d09-758df0e66bd7/element/6/click {"id":"6"}
2017-05-31 09:33:22:763 - info: [debug] [MJSONWP] Calling AppiumDriver.click() with args: ["6","bd447695-fbde-4625-9d09-758df0e66bd7"]
2017-05-31 09:33:22:763 - info: [debug] [AndroidBootstrap] Sending command to android: {"cmd":"action","action":"element:click","params":{"elementId":"6"}}
2017-05-31 09:33:22:763 - info: [AndroidBootstrap] [BOOTSTRAP LOG] [debug] Got data from client: {"cmd":"action","action":"element:click","params":{"elementId":"6"}}
2017-05-31 09:33:22:763 - info: [AndroidBootstrap] [BOOTSTRAP LOG] [debug] Got command of type ACTION
2017-05-31 09:33:22:763 - info: [AndroidBootstrap] [BOOTSTRAP LOG] [debug] Got command action: click
2017-05-31 09:33:23:168 - info: [AndroidBootstrap] [BOOTSTRAP LOG] [debug] Returning result: {"status":0,"value":true}
2017-05-31 09:33:23:168 - info: [debug] [AndroidBootstrap] Received command result from bootstrap
2017-05-31 09:33:23:168 - info: [debug] [MJSONWP] Responding to client with driver.click() result: true
2017-05-31 09:33:23:168 - info: [HTTP] <-- POST /wd/hub/session/bd447695-fbde-4625-9d09-758df0e66bd7/element/6/click 200 415 ms - 76 
2017-05-31 09:33:23:184 - info: [HTTP] --> POST /wd/hub/session/bd447695-fbde-4625-9d09-758df0e66bd7/elements {"using":"id","value":"com.meizu.media.gallery:id/thumbnail_item_content"}
2017-05-31 09:33:23:184 - info: [debug] [MJSONWP] Calling AppiumDriver.findElements() with args: ["id","com.meizu.media.gallery:id/thumbnail_item_content","bd447695-fbde-4625-9d09-758df0e66bd7"]
2017-05-31 09:33:23:184 - info: [debug] [BaseDriver] Valid locator strategies for this request: xpath, id, class name, accessibility id, -android uiautomator
2017-05-31 09:33:23:184 - info: [debug] [BaseDriver] Valid locator strategies for this request: xpath, id, class name, accessibility id, -android uiautomator
2017-05-31 09:33:23:184 - info: [debug] [BaseDriver] Waiting up to 5000 ms for condition
2017-05-31 09:33:23:184 - info: [debug] [AndroidBootstrap] Sending command to android: {"cmd":"action","action":"find","params":{"strategy":"id","selector":"com.meizu.media.gallery:id/thumbnail_item_content","context":"","multiple":true}}
2017-05-31 09:33:23:184 - info: [AndroidBootstrap] [BOOTSTRAP LOG] [debug] Got data from client: {"cmd":"action","action":"find","params":{"strategy":"id","selector":"com.meizu.media.gallery:id/thumbnail_item_content","context":"","multiple":true}}
2017-05-31 09:33:23:184 - info: [AndroidBootstrap] [BOOTSTRAP LOG] [debug] Got command of type ACTION
2017-05-31 09:33:23:184 - info: [AndroidBootstrap] [BOOTSTRAP LOG] [debug] Got command action: find
2017-05-31 09:33:23:184 - info: [AndroidBootstrap] [BOOTSTRAP LOG] [debug] Finding 'com.meizu.media.gallery:id/thumbnail_item_content' using 'ID' with the contextId: '' multiple: true
2017-05-31 09:33:23:184 - info: [AndroidBootstrap] [BOOTSTRAP LOG] [debug] Using: UiSelector[RESOURCE_ID=com.meizu.media.gallery:id/thumbnail_item_content]
2017-05-31 09:33:23:184 - info: [AndroidBootstrap] [BOOTSTRAP LOG] [debug] getElements selector:UiSelector[RESOURCE_ID=com.meizu.media.gallery:id/thumbnail_item_content]
2017-05-31 09:33:23:184 - info: [AndroidBootstrap] [BOOTSTRAP LOG] [debug] Element[] is null: (0)
2017-05-31 09:33:23:184 - info: [AndroidBootstrap] [BOOTSTRAP LOG] [debug] getElements tmp selector:UiSelector[INSTANCE=0, RESOURCE_ID=com.meizu.media.gallery:id/thumbnail_item_content]
2017-05-31 09:33:23:857 - info: [AndroidBootstrap] [BOOTSTRAP LOG] [debug] Element[] is null: (1)
2017-05-31 09:33:23:857 - info: [AndroidBootstrap] [BOOTSTRAP LOG] [debug] getElements tmp selector:UiSelector[INSTANCE=1, RESOURCE_ID=com.meizu.media.gallery:id/thumbnail_item_content]
2017-05-31 09:33:23:903 - info: [AndroidBootstrap] [BOOTSTRAP LOG] [debug] Element[] is null: (2)
2017-05-31 09:33:23:903 - info: [AndroidBootstrap] [BOOTSTRAP LOG] [debug] getElements tmp selector:UiSelector[INSTANCE=2, RESOURCE_ID=com.meizu.media.gallery:id/thumbnail_item_content]
2017-05-31 09:33:23:936 - info: [AndroidBootstrap] [BOOTSTRAP LOG] [debug] Element[] is null: (3)
2017-05-31 09:33:23:936 - info: [AndroidBootstrap] [BOOTSTRAP LOG] [debug] getElements tmp selector:UiSelector[INSTANCE=3, RESOURCE_ID=com.meizu.media.gallery:id/thumbnail_item_content]
2017-05-31 09:33:23:967 - info: [AndroidBootstrap] [BOOTSTRAP LOG] [debug] Element[] is null: (4)
2017-05-31 09:33:23:967 - info: [AndroidBootstrap] [BOOTSTRAP LOG] [debug] getElements tmp selector:UiSelector[INSTANCE=4, RESOURCE_ID=com.meizu.media.gallery:id/thumbnail_item_content]
2017-05-31 09:33:23:998 - info: [AndroidBootstrap] [BOOTSTRAP LOG] [debug] Element[] is null: (5)
2017-05-31 09:33:23:998 - info: [AndroidBootstrap] [BOOTSTRAP LOG] [debug] getElements tmp selector:UiSelector[INSTANCE=5, RESOURCE_ID=com.meizu.media.gallery:id/thumbnail_item_content]
2017-05-31 09:33:24:014 - info: [AndroidBootstrap] [BOOTSTRAP LOG] [debug] Element[] is null: (6)
2017-05-31 09:33:24:014 - info: [AndroidBootstrap] [BOOTSTRAP LOG] [debug] getElements tmp selector:UiSelector[INSTANCE=6, RESOURCE_ID=com.meizu.media.gallery:id/thumbnail_item_content]
2017-05-31 09:33:24:045 - info: [AndroidBootstrap] [BOOTSTRAP LOG] [debug] Element[] is null: (7)
2017-05-31 09:33:24:045 - info: [AndroidBootstrap] [BOOTSTRAP LOG] [debug] getElements tmp selector:UiSelector[INSTANCE=7, RESOURCE_ID=com.meizu.media.gallery:id/thumbnail_item_content]
2017-05-31 09:33:24:060 - info: [AndroidBootstrap] [BOOTSTRAP LOG] [debug] Element[] is null: (8)
2017-05-31 09:33:24:060 - info: [AndroidBootstrap] [BOOTSTRAP LOG] [debug] getElements tmp selector:UiSelector[INSTANCE=8, RESOURCE_ID=com.meizu.media.gallery:id/thumbnail_item_content]
2017-05-31 09:33:24:092 - info: [AndroidBootstrap] [BOOTSTRAP LOG] [debug] Element[] is null: (9)
2017-05-31 09:33:24:092 - info: [AndroidBootstrap] [BOOTSTRAP LOG] [debug] getElements tmp selector:UiSelector[INSTANCE=9, RESOURCE_ID=com.meizu.media.gallery:id/thumbnail_item_content]
2017-05-31 09:33:24:107 - info: [AndroidBootstrap] [BOOTSTRAP LOG] [debug] Element[] is null: (10)
2017-05-31 09:33:24:107 - info: [AndroidBootstrap] [BOOTSTRAP LOG] [debug] getElements tmp selector:UiSelector[INSTANCE=10, RESOURCE_ID=com.meizu.media.gallery:id/thumbnail_item_content]
2017-05-31 09:33:24:170 - info: [AndroidBootstrap] [BOOTSTRAP LOG] [debug] Element[] is null: (11)
2017-05-31 09:33:24:170 - info: [AndroidBootstrap] [BOOTSTRAP LOG] [debug] getElements tmp selector:UiSelector[INSTANCE=11, RESOURCE_ID=com.meizu.media.gallery:id/thumbnail_item_content]
2017-05-31 09:33:24:201 - info: [AndroidBootstrap] [BOOTSTRAP LOG] [debug] Element[] is null: (12)
2017-05-31 09:33:24:201 - info: [AndroidBootstrap] [BOOTSTRAP LOG] [debug] getElements tmp selector:UiSelector[INSTANCE=12, RESOURCE_ID=com.meizu.media.gallery:id/thumbnail_item_content]
2017-05-31 09:33:24:233 - info: [AndroidBootstrap] [BOOTSTRAP LOG] [debug] Element[] is null: (13)
2017-05-31 09:33:24:233 - info: [AndroidBootstrap] [BOOTSTRAP LOG] [debug] getElements tmp selector:UiSelector[INSTANCE=13, RESOURCE_ID=com.meizu.media.gallery:id/thumbnail_item_content]
2017-05-31 09:33:24:264 - info: [AndroidBootstrap] [BOOTSTRAP LOG] [debug] Element[] is null: (14)
2017-05-31 09:33:24:264 - info: [AndroidBootstrap] [BOOTSTRAP LOG] [debug] getElements tmp selector:UiSelector[INSTANCE=14, RESOURCE_ID=com.meizu.media.gallery:id/thumbnail_item_content]
2017-05-31 09:33:24:295 - info: [AndroidBootstrap] [BOOTSTRAP LOG] [debug] Element[] is null: (15)
2017-05-31 09:33:24:295 - info: [AndroidBootstrap] [BOOTSTRAP LOG] [debug] getElements tmp selector:UiSelector[INSTANCE=15, RESOURCE_ID=com.meizu.media.gallery:id/thumbnail_item_content]
2017-05-31 09:33:24:342 - info: [AndroidBootstrap] [BOOTSTRAP LOG] [debug] Element[] is null: (16)
2017-05-31 09:33:24:342 - info: [AndroidBootstrap] [BOOTSTRAP LOG] [debug] getElements tmp selector:UiSelector[INSTANCE=16, RESOURCE_ID=com.meizu.media.gallery:id/thumbnail_item_content]
2017-05-31 09:33:24:373 - info: [AndroidBootstrap] [BOOTSTRAP LOG] [debug] Element[] is null: (17)
2017-05-31 09:33:24:373 - info: [AndroidBootstrap] [BOOTSTRAP LOG] [debug] getElements tmp selector:UiSelector[INSTANCE=17, RESOURCE_ID=com.meizu.media.gallery:id/thumbnail_item_content]
2017-05-31 09:33:24:405 - info: [AndroidBootstrap] [BOOTSTRAP LOG] [debug] Element[] is null: (18)
2017-05-31 09:33:24:405 - info: [AndroidBootstrap] [BOOTSTRAP LOG] [debug] getElements tmp selector:UiSelector[INSTANCE=18, RESOURCE_ID=com.meizu.media.gallery:id/thumbnail_item_content]
2017-05-31 09:33:24:436 - info: [AndroidBootstrap] [BOOTSTRAP LOG] [debug] Element[] is null: (19)
2017-05-31 09:33:24:451 - info: [AndroidBootstrap] [BOOTSTRAP LOG] [debug] getElements tmp selector:UiSelector[INSTANCE=19, RESOURCE_ID=com.meizu.media.gallery:id/thumbnail_item_content]
2017-05-31 09:33:24:483 - info: [AndroidBootstrap] [BOOTSTRAP LOG] [debug] Element[] is null: (20)
2017-05-31 09:33:24:483 - info: [AndroidBootstrap] [BOOTSTRAP LOG] [debug] getElements tmp selector:UiSelector[INSTANCE=20, RESOURCE_ID=com.meizu.media.gallery:id/thumbnail_item_content]
2017-05-31 09:33:24:514 - info: [AndroidBootstrap] [BOOTSTRAP LOG] [debug] Element[] is null: (21)
2017-05-31 09:33:24:514 - info: [AndroidBootstrap] [BOOTSTRAP LOG] [debug] getElements tmp selector:UiSelector[INSTANCE=21, RESOURCE_ID=com.meizu.media.gallery:id/thumbnail_item_content]
2017-05-31 09:33:24:717 - info: [AndroidBootstrap] [BOOTSTRAP LOG] [debug] Returning result: {"status":0,"value":[{"ELEMENT":"8"},{"ELEMENT":"9"},{"ELEMENT":"10"},{"ELEMENT":"11"},{"ELEMENT":"12"},{"ELEMENT":"13"},{"ELEMENT":"14"},{"ELEMENT":"15"},{"ELEMENT":"16"},{"ELEMENT":"17"},{"ELEMENT":"18"},{"ELEMENT":"19"},{"ELEMENT":"20"},{"ELEMENT":"21"},{"ELEMENT":"22"},{"ELEMENT":"23"},{"ELEMENT":"24"},{"ELEMENT":"25"},{"ELEMENT":"26"},{"ELEMENT":"27"},{"ELEMENT":"28"}]}
2017-05-31 09:33:24:732 - info: [debug] [AndroidBootstrap] Received command result from bootstrap
2017-05-31 09:33:24:732 - info: [debug] [MJSONWP] Responding to client with driver.findElements() result: [{"ELEMENT":"8"},{"ELEMENT":"9"},{"ELEMENT":"10"},{"ELEMENT":"11"},{"ELEMENT":"12"},{"ELEMENT":"13"},{"ELEMENT":"14"},{"ELEMENT":"15"},{"ELEMENT":"16"},{"ELEMENT":"17"},{"ELEMENT":"18"},{"ELEMENT":"19"},{"ELEMENT":"20"},{"ELEMENT":"21"},{"ELEMENT":"22"},{"ELEMENT":"23"},{"ELEMENT":"24"},{"ELEMENT":"25"},{"ELEMENT":"26"},{"ELEMENT":"27"},{"ELEMENT":"28"}]
2017-05-31 09:33:24:732 - info: [HTTP] <-- POST /wd/hub/session/bd447695-fbde-4625-9d09-758df0e66bd7/elements 200 1550 ms - 428 
2017-05-31 09:33:26:047 - info: [HTTP] --> POST /wd/hub/session/bd447695-fbde-4625-9d09-758df0e66bd7/element/12/click {"id":"12"}
2017-05-31 09:33:26:047 - info: [debug] [MJSONWP] Calling AppiumDriver.click() with args: ["12","bd447695-fbde-4625-9d09-758df0e66bd7"]
2017-05-31 09:33:26:047 - info: [debug] [AndroidBootstrap] Sending command to android: {"cmd":"action","action":"element:click","params":{"elementId":"12"}}
2017-05-31 09:33:26:047 - info: [AndroidBootstrap] [BOOTSTRAP LOG] [debug] Got data from client: {"cmd":"action","action":"element:click","params":{"elementId":"12"}}
2017-05-31 09:33:26:047 - info: [AndroidBootstrap] [BOOTSTRAP LOG] [debug] Got command of type ACTION
2017-05-31 09:33:26:057 - info: [AndroidBootstrap] [BOOTSTRAP LOG] [debug] Got command action: click
2017-05-31 09:33:26:302 - info: [AndroidBootstrap] [BOOTSTRAP LOG] [debug] Returning result: {"status":0,"value":true}
2017-05-31 09:33:26:302 - info: [debug] [AndroidBootstrap] Received command result from bootstrap
2017-05-31 09:33:26:302 - info: [debug] [MJSONWP] Responding to client with driver.click() result: true
2017-05-31 09:33:26:302 - info: [HTTP] <-- POST /wd/hub/session/bd447695-fbde-4625-9d09-758df0e66bd7/element/12/click 200 259 ms - 76 
2017-05-31 09:33:26:312 - info: [HTTP] --> POST /wd/hub/session/bd447695-fbde-4625-9d09-758df0e66bd7/element {"using":"id","value":"com.meizu.media.gallery:id/action_get_multi_confirm"}
2017-05-31 09:33:26:312 - info: [debug] [MJSONWP] Calling AppiumDriver.findElement() with args: ["id","com.meizu.media.gallery:id/action_get_multi_confirm","bd447695-fbde-4625-9d09-758df0e66bd7"]
2017-05-31 09:33:26:312 - info: [debug] [BaseDriver] Valid locator strategies for this request: xpath, id, class name, accessibility id, -android uiautomator
2017-05-31 09:33:26:312 - info: [debug] [BaseDriver] Valid locator strategies for this request: xpath, id, class name, accessibility id, -android uiautomator
2017-05-31 09:33:26:312 - info: [debug] [BaseDriver] Waiting up to 5000 ms for condition
2017-05-31 09:33:26:312 - info: [debug] [AndroidBootstrap] Sending command to android: {"cmd":"action","action":"find","params":{"strategy":"id","selector":"com.meizu.media.gallery:id/action_get_multi_confirm","context":"","multiple":false}}
2017-05-31 09:33:26:312 - info: [AndroidBootstrap] [BOOTSTRAP LOG] [debug] Got data from client: {"cmd":"action","action":"find","params":{"strategy":"id","selector":"com.meizu.media.gallery:id/action_get_multi_confirm","context":"","multiple":false}}
2017-05-31 09:33:26:312 - info: [AndroidBootstrap] [BOOTSTRAP LOG] [debug] Got command of type ACTION
2017-05-31 09:33:26:312 - info: [AndroidBootstrap] [BOOTSTRAP LOG] [debug] Got command action: find
2017-05-31 09:33:26:312 - info: [AndroidBootstrap] [BOOTSTRAP LOG] [debug] Finding 'com.meizu.media.gallery:id/action_get_multi_confirm' using 'ID' with the contextId: '' multiple: false
2017-05-31 09:33:26:312 - info: [AndroidBootstrap] [BOOTSTRAP LOG] [debug] Using: UiSelector[INSTANCE=0, RESOURCE_ID=com.meizu.media.gallery:id/action_get_multi_confirm]
2017-05-31 09:33:27:276 - info: [AndroidBootstrap] [BOOTSTRAP LOG] [debug] Returning result: {"status":0,"value":{"ELEMENT":"29"}}
2017-05-31 09:33:27:276 - info: [debug] [AndroidBootstrap] Received command result from bootstrap
2017-05-31 09:33:27:276 - info: [debug] [MJSONWP] Responding to client with driver.findElement() result: {"ELEMENT":"29"}
2017-05-31 09:33:27:276 - info: [HTTP] <-- POST /wd/hub/session/bd447695-fbde-4625-9d09-758df0e66bd7/element 200 971 ms - 88 
2017-05-31 09:33:27:340 - info: [HTTP] --> POST /wd/hub/session/bd447695-fbde-4625-9d09-758df0e66bd7/element/29/click {"id":"29"}
2017-05-31 09:33:27:340 - info: [debug] [MJSONWP] Calling AppiumDriver.click() with args: ["29","bd447695-fbde-4625-9d09-758df0e66bd7"]
2017-05-31 09:33:27:341 - info: [debug] [AndroidBootstrap] Sending command to android: {"cmd":"action","action":"element:click","params":{"elementId":"29"}}
2017-05-31 09:33:27:344 - info: [AndroidBootstrap] [BOOTSTRAP LOG] [debug] Got data from client: {"cmd":"action","action":"element:click","params":{"elementId":"29"}}
2017-05-31 09:33:27:344 - info: [AndroidBootstrap] [BOOTSTRAP LOG] [debug] Got command of type ACTION
2017-05-31 09:33:27:345 - info: [AndroidBootstrap] [BOOTSTRAP LOG] [debug] Got command action: click
2017-05-31 09:33:27:487 - info: [AndroidBootstrap] [BOOTSTRAP LOG] [debug] Returning result: {"status":0,"value":true}
2017-05-31 09:33:27:487 - info: [debug] [AndroidBootstrap] Received command result from bootstrap
2017-05-31 09:33:27:487 - info: [debug] [MJSONWP] Responding to client with driver.click() result: true
2017-05-31 09:33:27:487 - info: [HTTP] <-- POST /wd/hub/session/bd447695-fbde-4625-9d09-758df0e66bd7/element/29/click 200 154 ms - 76 
2017-05-31 09:33:29:549 - info: [HTTP] --> POST /wd/hub/session/bd447695-fbde-4625-9d09-758df0e66bd7/timeouts {"type":"implicit","ms":0}
2017-05-31 09:33:29:549 - info: [debug] [MJSONWP] Calling AppiumDriver.timeouts() with args: ["implicit",0,"bd447695-fbde-4625-9d09-758df0e66bd7"]
2017-05-31 09:33:29:549 - info: [debug] [BaseDriver] Set implicit wait to 0ms
2017-05-31 09:33:29:549 - info: [debug] [MJSONWP] Responding to client with driver.timeouts() result: null
2017-05-31 09:33:29:549 - info: [HTTP] <-- POST /wd/hub/session/bd447695-fbde-4625-9d09-758df0e66bd7/timeouts 200 2 ms - 76 
2017-05-31 09:33:29:559 - info: [HTTP] --> GET /wd/hub/session/bd447695-fbde-4625-9d09-758df0e66bd7/context {}
2017-05-31 09:33:29:559 - info: [debug] [MJSONWP] Calling AppiumDriver.getCurrentContext() with args: ["bd447695-fbde-4625-9d09-758df0e66bd7"]
2017-05-31 09:33:29:559 - info: [debug] [MJSONWP] Responding to client with driver.getCurrentContext() result: "NATIVE_APP"
2017-05-31 09:33:29:559 - info: [HTTP] <-- GET /wd/hub/session/bd447695-fbde-4625-9d09-758df0e66bd7/context 200 2 ms - 84 
2017-05-31 09:33:29:569 - info: [HTTP] --> POST /wd/hub/session/bd447695-fbde-4625-9d09-758df0e66bd7/elements {"using":"id","value":"com.play.android:id/iv_item"}
2017-05-31 09:33:29:569 - info: [debug] [MJSONWP] Calling AppiumDriver.findElements() with args: ["id","com.play.android:id/iv_item","bd447695-fbde-4625-9d09-758df0e66bd7"]
2017-05-31 09:33:29:569 - info: [debug] [BaseDriver] Valid locator strategies for this request: xpath, id, class name, accessibility id, -android uiautomator
2017-05-31 09:33:29:569 - info: [debug] [BaseDriver] Valid locator strategies for this request: xpath, id, class name, accessibility id, -android uiautomator
2017-05-31 09:33:29:569 - info: [debug] [BaseDriver] Waiting up to 0 ms for condition
2017-05-31 09:33:29:569 - info: [debug] [AndroidBootstrap] Sending command to android: {"cmd":"action","action":"find","params":{"strategy":"id","selector":"com.play.android:id/iv_item","context":"","multiple":true}}
2017-05-31 09:33:29:569 - info: [AndroidBootstrap] [BOOTSTRAP LOG] [debug] Got data from client: {"cmd":"action","action":"find","params":{"strategy":"id","selector":"com.play.android:id/iv_item","context":"","multiple":true}}
2017-05-31 09:33:29:569 - info: [AndroidBootstrap] [BOOTSTRAP LOG] [debug] Got command of type ACTION
2017-05-31 09:33:29:569 - info: [AndroidBootstrap] [BOOTSTRAP LOG] [debug] Got command action: find
2017-05-31 09:33:29:569 - info: [AndroidBootstrap] [BOOTSTRAP LOG] [debug] Finding 'com.play.android:id/iv_item' using 'ID' with the contextId: '' multiple: true
2017-05-31 09:33:29:569 - info: [AndroidBootstrap] [BOOTSTRAP LOG] [debug] Using: UiSelector[RESOURCE_ID=com.play.android:id/iv_item]
2017-05-31 09:33:29:569 - info: [AndroidBootstrap] [BOOTSTRAP LOG] [debug] getElements selector:UiSelector[RESOURCE_ID=com.play.android:id/iv_item]
2017-05-31 09:33:29:569 - info: [AndroidBootstrap] [BOOTSTRAP LOG] [debug] Element[] is null: (0)
2017-05-31 09:33:29:569 - info: [AndroidBootstrap] [BOOTSTRAP LOG] [debug] getElements tmp selector:UiSelector[INSTANCE=0, RESOURCE_ID=com.play.android:id/iv_item]
2017-05-31 09:33:29:580 - info: [AndroidBootstrap] [BOOTSTRAP LOG] [debug] Element[] is null: (1)
2017-05-31 09:33:29:580 - info: [AndroidBootstrap] [BOOTSTRAP LOG] [debug] getElements tmp selector:UiSelector[INSTANCE=1, RESOURCE_ID=com.play.android:id/iv_item]
2017-05-31 09:33:29:600 - info: [AndroidBootstrap] [BOOTSTRAP LOG] [debug] Element[] is null: (2)
2017-05-31 09:33:29:610 - info: [AndroidBootstrap] [BOOTSTRAP LOG] [debug] getElements tmp selector:UiSelector[INSTANCE=2, RESOURCE_ID=com.play.android:id/iv_item]
2017-05-31 09:33:29:630 - info: [AndroidBootstrap] [BOOTSTRAP LOG] [debug] Element[] is null: (3)
2017-05-31 09:33:29:630 - info: [AndroidBootstrap] [BOOTSTRAP LOG] [debug] getElements tmp selector:UiSelector[INSTANCE=3, RESOURCE_ID=com.play.android:id/iv_item]
2017-05-31 09:33:29:690 - info: [AndroidBootstrap] [BOOTSTRAP LOG] [debug] Element[] is null: (4)
2017-05-31 09:33:29:690 - info: [AndroidBootstrap] [BOOTSTRAP LOG] [debug] getElements tmp selector:UiSelector[INSTANCE=4, RESOURCE_ID=com.play.android:id/iv_item]
2017-05-31 09:33:29:710 - info: [AndroidBootstrap] [BOOTSTRAP LOG] [debug] Element[] is null: (5)
2017-05-31 09:33:29:710 - info: [AndroidBootstrap] [BOOTSTRAP LOG] [debug] getElements tmp selector:UiSelector[INSTANCE=5, RESOURCE_ID=com.play.android:id/iv_item]
2017-05-31 09:33:29:730 - info: [AndroidBootstrap] [BOOTSTRAP LOG] [debug] Element[] is null: (6)
2017-05-31 09:33:29:730 - info: [AndroidBootstrap] [BOOTSTRAP LOG] [debug] getElements tmp selector:UiSelector[INSTANCE=6, RESOURCE_ID=com.play.android:id/iv_item]
2017-05-31 09:33:29:750 - info: [AndroidBootstrap] [BOOTSTRAP LOG] [debug] Returning result: {"status":0,"value":[{"ELEMENT":"30"},{"ELEMENT":"31"},{"ELEMENT":"32"},{"ELEMENT":"33"},{"ELEMENT":"34"},{"ELEMENT":"35"}]}
2017-05-31 09:33:29:750 - info: [debug] [AndroidBootstrap] Received command result from bootstrap
2017-05-31 09:33:29:750 - info: [debug] [MJSONWP] Responding to client with driver.findElements() result: [{"ELEMENT":"30"},{"ELEMENT":"31"},{"ELEMENT":"32"},{"ELEMENT":"33"},{"ELEMENT":"34"},{"ELEMENT":"35"}]
2017-05-31 09:33:29:750 - info: [HTTP] <-- POST /wd/hub/session/bd447695-fbde-4625-9d09-758df0e66bd7/elements 200 184 ms - 175 
2017-05-31 09:33:30:097 - info: [HTTP] --> POST /wd/hub/session/bd447695-fbde-4625-9d09-758df0e66bd7/timeouts {"type":"implicit","ms":5000}
2017-05-31 09:33:30:097 - info: [debug] [MJSONWP] Calling AppiumDriver.timeouts() with args: ["implicit",5000,"bd447695-fbde-4625-9d09-758df0e66bd7"]
2017-05-31 09:33:30:097 - info: [debug] [BaseDriver] Set implicit wait to 5000ms
2017-05-31 09:33:30:097 - info: [debug] [MJSONWP] Responding to client with driver.timeouts() result: null
2017-05-31 09:33:30:097 - info: [HTTP] <-- POST /wd/hub/session/bd447695-fbde-4625-9d09-758df0e66bd7/timeouts 200 5 ms - 76 
2017-05-31 09:33:30:112 - info: [HTTP] --> POST /wd/hub/session/bd447695-fbde-4625-9d09-758df0e66bd7/element/31/click {"id":"31"}
2017-05-31 09:33:30:112 - info: [debug] [MJSONWP] Calling AppiumDriver.click() with args: ["31","bd447695-fbde-4625-9d09-758df0e66bd7"]
2017-05-31 09:33:30:112 - info: [debug] [AndroidBootstrap] Sending command to android: {"cmd":"action","action":"element:click","params":{"elementId":"31"}}
2017-05-31 09:33:30:112 - info: [AndroidBootstrap] [BOOTSTRAP LOG] [debug] Got data from client: {"cmd":"action","action":"element:click","params":{"elementId":"31"}}
2017-05-31 09:33:30:112 - info: [AndroidBootstrap] [BOOTSTRAP LOG] [debug] Got command of type ACTION
2017-05-31 09:33:30:112 - info: [AndroidBootstrap] [BOOTSTRAP LOG] [debug] Got command action: click
2017-05-31 09:33:30:393 - info: [AndroidBootstrap] [BOOTSTRAP LOG] [debug] Returning result: {"status":0,"value":true}
2017-05-31 09:33:30:409 - info: [debug] [AndroidBootstrap] Received command result from bootstrap
2017-05-31 09:33:30:409 - info: [debug] [MJSONWP] Responding to client with driver.click() result: true
2017-05-31 09:33:30:409 - info: [HTTP] <-- POST /wd/hub/session/bd447695-fbde-4625-9d09-758df0e66bd7/element/31/click 200 296 ms - 76 
2017-05-31 09:33:30:456 - info: [HTTP] --> POST /wd/hub/session/bd447695-fbde-4625-9d09-758df0e66bd7/timeouts {"type":"implicit","ms":0}
2017-05-31 09:33:30:456 - info: [debug] [MJSONWP] Calling AppiumDriver.timeouts() with args: ["implicit",0,"bd447695-fbde-4625-9d09-758df0e66bd7"]
2017-05-31 09:33:30:456 - info: [debug] [BaseDriver] Set implicit wait to 0ms
2017-05-31 09:33:30:456 - info: [debug] [MJSONWP] Responding to client with driver.timeouts() result: null
2017-05-31 09:33:30:456 - info: [HTTP] <-- POST /wd/hub/session/bd447695-fbde-4625-9d09-758df0e66bd7/timeouts 200 3 ms - 76 
2017-05-31 09:33:30:471 - info: [HTTP] --> GET /wd/hub/session/bd447695-fbde-4625-9d09-758df0e66bd7/context {}
2017-05-31 09:33:30:471 - info: [debug] [MJSONWP] Calling AppiumDriver.getCurrentContext() with args: ["bd447695-fbde-4625-9d09-758df0e66bd7"]
2017-05-31 09:33:30:471 - info: [debug] [MJSONWP] Responding to client with driver.getCurrentContext() result: "NATIVE_APP"
2017-05-31 09:33:30:471 - info: [HTTP] <-- GET /wd/hub/session/bd447695-fbde-4625-9d09-758df0e66bd7/context 200 2 ms - 84 
2017-05-31 09:33:30:487 - info: [HTTP] --> POST /wd/hub/session/bd447695-fbde-4625-9d09-758df0e66bd7/elements {"using":"class name","value":"com.tencent.smtt.webkit.WebView"}
2017-05-31 09:33:30:487 - info: [debug] [MJSONWP] Calling AppiumDriver.findElements() with args: ["class name","com.tencent.smtt.webkit.WebView","bd447695-fbde-4625-9d09-758df0e66bd7"]
2017-05-31 09:33:30:487 - info: [debug] [BaseDriver] Valid locator strategies for this request: xpath, id, class name, accessibility id, -android uiautomator
2017-05-31 09:33:30:487 - info: [debug] [BaseDriver] Valid locator strategies for this request: xpath, id, class name, accessibility id, -android uiautomator
2017-05-31 09:33:30:487 - info: [debug] [BaseDriver] Waiting up to 0 ms for condition
2017-05-31 09:33:30:487 - info: [debug] [AndroidBootstrap] Sending command to android: {"cmd":"action","action":"find","params":{"strategy":"class name","selector":"com.tencent.smtt.webkit.WebView","context":"","multiple":true}}
2017-05-31 09:33:30:487 - info: [AndroidBootstrap] [BOOTSTRAP LOG] [debug] Got data from client: {"cmd":"action","action":"find","params":{"strategy":"class name","selector":"com.tencent.smtt.webkit.WebView","context":"","multiple":true}}
2017-05-31 09:33:30:487 - info: [AndroidBootstrap] [BOOTSTRAP LOG] [debug] Got command of type ACTION
2017-05-31 09:33:30:487 - info: [AndroidBootstrap] [BOOTSTRAP LOG] [debug] Got command action: find
2017-05-31 09:33:30:487 - info: [AndroidBootstrap] [BOOTSTRAP LOG] [debug] Finding 'com.tencent.smtt.webkit.WebView' using 'CLASS_NAME' with the contextId: '' multiple: true
2017-05-31 09:33:30:487 - info: [AndroidBootstrap] [BOOTSTRAP LOG] [debug] Using: UiSelector[CLASS=com.tencent.smtt.webkit.WebView]
2017-05-31 09:33:30:487 - info: [AndroidBootstrap] [BOOTSTRAP LOG] [debug] getElements selector:UiSelector[CLASS=com.tencent.smtt.webkit.WebView]
2017-05-31 09:33:30:487 - info: [AndroidBootstrap] [BOOTSTRAP LOG] [debug] Element[] is null: (0)
2017-05-31 09:33:30:487 - info: [AndroidBootstrap] [BOOTSTRAP LOG] [debug] getElements tmp selector:UiSelector[CLASS=com.tencent.smtt.webkit.WebView, INSTANCE=0]
2017-05-31 09:33:32:312 - info: [AndroidBootstrap] [BOOTSTRAP LOG] [debug] Failed to locate element. Clearing Accessibility cache and retrying.
2017-05-31 09:33:32:328 - info: [AndroidBootstrap] [BOOTSTRAP LOG] [debug] Finding 'com.tencent.smtt.webkit.WebView' using 'CLASS_NAME' with the contextId: '' multiple: true
2017-05-31 09:33:32:328 - info: [AndroidBootstrap] [BOOTSTRAP LOG] [debug] Using: UiSelector[CLASS=com.tencent.smtt.webkit.WebView]
2017-05-31 09:33:32:328 - info: [AndroidBootstrap] [BOOTSTRAP LOG] [debug] getElements selector:UiSelector[CLASS=com.tencent.smtt.webkit.WebView]
2017-05-31 09:33:32:328 - info: [AndroidBootstrap] [BOOTSTRAP LOG] [debug] Element[] is null: (0)
2017-05-31 09:33:32:328 - info: [AndroidBootstrap] [BOOTSTRAP LOG] [debug] getElements tmp selector:UiSelector[CLASS=com.tencent.smtt.webkit.WebView, INSTANCE=0]
2017-05-31 09:33:32:360 - info: [AndroidBootstrap] [BOOTSTRAP LOG] [debug] Returning result: {"status":0,"value":[]}
2017-05-31 09:33:32:360 - info: [debug] [AndroidBootstrap] Received command result from bootstrap
2017-05-31 09:33:32:360 - info: [debug] [MJSONWP] Responding to client with driver.findElements() result: []
2017-05-31 09:33:32:360 - info: [HTTP] <-- POST /wd/hub/session/bd447695-fbde-4625-9d09-758df0e66bd7/elements 200 1885 ms - 74 
2017-05-31 09:33:32:906 - info: [HTTP] --> GET /wd/hub/session/bd447695-fbde-4625-9d09-758df0e66bd7/context {}
2017-05-31 09:33:32:906 - info: [debug] [MJSONWP] Calling AppiumDriver.getCurrentContext() with args: ["bd447695-fbde-4625-9d09-758df0e66bd7"]
2017-05-31 09:33:32:906 - info: [debug] [MJSONWP] Responding to client with driver.getCurrentContext() result: "NATIVE_APP"
2017-05-31 09:33:32:906 - info: [HTTP] <-- GET /wd/hub/session/bd447695-fbde-4625-9d09-758df0e66bd7/context 200 3 ms - 84 
2017-05-31 09:33:32:921 - info: [HTTP] --> POST /wd/hub/session/bd447695-fbde-4625-9d09-758df0e66bd7/elements {"using":"class name","value":"com.tencent.smtt.webkit.WebView"}
2017-05-31 09:33:32:921 - info: [debug] [MJSONWP] Calling AppiumDriver.findElements() with args: ["class name","com.tencent.smtt.webkit.WebView","bd447695-fbde-4625-9d09-758df0e66bd7"]
2017-05-31 09:33:32:921 - info: [debug] [BaseDriver] Valid locator strategies for this request: xpath, id, class name, accessibility id, -android uiautomator
2017-05-31 09:33:32:921 - info: [debug] [BaseDriver] Valid locator strategies for this request: xpath, id, class name, accessibility id, -android uiautomator
2017-05-31 09:33:32:921 - info: [debug] [BaseDriver] Waiting up to 0 ms for condition
2017-05-31 09:33:32:921 - info: [debug] [AndroidBootstrap] Sending command to android: {"cmd":"action","action":"find","params":{"strategy":"class name","selector":"com.tencent.smtt.webkit.WebView","context":"","multiple":true}}
2017-05-31 09:33:32:921 - info: [AndroidBootstrap] [BOOTSTRAP LOG] [debug] Got data from client: {"cmd":"action","action":"find","params":{"strategy":"class name","selector":"com.tencent.smtt.webkit.WebView","context":"","multiple":true}}
2017-05-31 09:33:32:921 - info: [AndroidBootstrap] [BOOTSTRAP LOG] [debug] Got command of type ACTION
2017-05-31 09:33:32:921 - info: [AndroidBootstrap] [BOOTSTRAP LOG] [debug] Got command action: find
2017-05-31 09:33:32:921 - info: [AndroidBootstrap] [BOOTSTRAP LOG] [debug] Finding 'com.tencent.smtt.webkit.WebView' using 'CLASS_NAME' with the contextId: '' multiple: true
2017-05-31 09:33:32:921 - info: [AndroidBootstrap] [BOOTSTRAP LOG] [debug] Using: UiSelector[CLASS=com.tencent.smtt.webkit.WebView]
2017-05-31 09:33:32:921 - info: [AndroidBootstrap] [BOOTSTRAP LOG] [debug] getElements selector:UiSelector[CLASS=com.tencent.smtt.webkit.WebView]
2017-05-31 09:33:32:921 - info: [AndroidBootstrap] [BOOTSTRAP LOG] [debug] Element[] is null: (0)
2017-05-31 09:33:32:921 - info: [AndroidBootstrap] [BOOTSTRAP LOG] [debug] getElements tmp selector:UiSelector[CLASS=com.tencent.smtt.webkit.WebView, INSTANCE=0]
2017-05-31 09:33:32:968 - info: [AndroidBootstrap] [BOOTSTRAP LOG] [debug] Failed to locate element. Clearing Accessibility cache and retrying.
2017-05-31 09:33:32:968 - info: [AndroidBootstrap] [BOOTSTRAP LOG] [debug] Finding 'com.tencent.smtt.webkit.WebView' using 'CLASS_NAME' with the contextId: '' multiple: true
2017-05-31 09:33:32:968 - info: [AndroidBootstrap] [BOOTSTRAP LOG] [debug] Using: UiSelector[CLASS=com.tencent.smtt.webkit.WebView]
2017-05-31 09:33:32:968 - info: [AndroidBootstrap] [BOOTSTRAP LOG] [debug] getElements selector:UiSelector[CLASS=com.tencent.smtt.webkit.WebView]
2017-05-31 09:33:32:968 - info: [AndroidBootstrap] [BOOTSTRAP LOG] [debug] Element[] is null: (0)
2017-05-31 09:33:32:968 - info: [AndroidBootstrap] [BOOTSTRAP LOG] [debug] getElements tmp selector:UiSelector[CLASS=com.tencent.smtt.webkit.WebView, INSTANCE=0]
2017-05-31 09:33:34:513 - info: [AndroidBootstrap] [BOOTSTRAP LOG] [debug] Returning result: {"status":0,"value":[]}
2017-05-31 09:33:34:513 - info: [debug] [AndroidBootstrap] Received command result from bootstrap
2017-05-31 09:33:34:513 - info: [debug] [MJSONWP] Responding to client with driver.findElements() result: []
2017-05-31 09:33:34:513 - info: [HTTP] <-- POST /wd/hub/session/bd447695-fbde-4625-9d09-758df0e66bd7/elements 200 1596 ms - 74 
2017-05-31 09:33:35:029 - info: [HTTP] --> GET /wd/hub/session/bd447695-fbde-4625-9d09-758df0e66bd7/context {}
2017-05-31 09:33:35:029 - info: [debug] [MJSONWP] Calling AppiumDriver.getCurrentContext() with args: ["bd447695-fbde-4625-9d09-758df0e66bd7"]
2017-05-31 09:33:35:029 - info: [debug] [MJSONWP] Responding to client with driver.getCurrentContext() result: "NATIVE_APP"
2017-05-31 09:33:35:029 - info: [HTTP] <-- GET /wd/hub/session/bd447695-fbde-4625-9d09-758df0e66bd7/context 200 3 ms - 84 
2017-05-31 09:33:35:045 - info: [HTTP] --> POST /wd/hub/session/bd447695-fbde-4625-9d09-758df0e66bd7/elements {"using":"class name","value":"com.tencent.smtt.webkit.WebView"}
2017-05-31 09:33:35:045 - info: [debug] [MJSONWP] Calling AppiumDriver.findElements() with args: ["class name","com.tencent.smtt.webkit.WebView","bd447695-fbde-4625-9d09-758df0e66bd7"]
2017-05-31 09:33:35:045 - info: [debug] [BaseDriver] Valid locator strategies for this request: xpath, id, class name, accessibility id, -android uiautomator
2017-05-31 09:33:35:045 - info: [debug] [BaseDriver] Valid locator strategies for this request: xpath, id, class name, accessibility id, -android uiautomator
2017-05-31 09:33:35:045 - info: [debug] [BaseDriver] Waiting up to 0 ms for condition
2017-05-31 09:33:35:045 - info: [debug] [AndroidBootstrap] Sending command to android: {"cmd":"action","action":"find","params":{"strategy":"class name","selector":"com.tencent.smtt.webkit.WebView","context":"","multiple":true}}
2017-05-31 09:33:35:045 - info: [AndroidBootstrap] [BOOTSTRAP LOG] [debug] Got data from client: {"cmd":"action","action":"find","params":{"strategy":"class name","selector":"com.tencent.smtt.webkit.WebView","context":"","multiple":true}}
2017-05-31 09:33:35:045 - info: [AndroidBootstrap] [BOOTSTRAP LOG] [debug] Got command of type ACTION
2017-05-31 09:33:35:045 - info: [AndroidBootstrap] [BOOTSTRAP LOG] [debug] Got command action: find
2017-05-31 09:33:35:045 - info: [AndroidBootstrap] [BOOTSTRAP LOG] [debug] Finding 'com.tencent.smtt.webkit.WebView' using 'CLASS_NAME' with the contextId: '' multiple: true
2017-05-31 09:33:35:045 - info: [AndroidBootstrap] [BOOTSTRAP LOG] [debug] Using: UiSelector[CLASS=com.tencent.smtt.webkit.WebView]
2017-05-31 09:33:35:045 - info: [AndroidBootstrap] [BOOTSTRAP LOG] [debug] getElements selector:UiSelector[CLASS=com.tencent.smtt.webkit.WebView]
2017-05-31 09:33:35:045 - info: [AndroidBootstrap] [BOOTSTRAP LOG] [debug] Element[] is null: (0)
2017-05-31 09:33:35:045 - info: [AndroidBootstrap] [BOOTSTRAP LOG] [debug] getElements tmp selector:UiSelector[CLASS=com.tencent.smtt.webkit.WebView, INSTANCE=0]
2017-05-31 09:33:38:011 - info: [AndroidBootstrap] [BOOTSTRAP LOG] [debug] Failed to locate element. Clearing Accessibility cache and retrying.
2017-05-31 09:33:38:011 - info: [AndroidBootstrap] [BOOTSTRAP LOG] [debug] Finding 'com.tencent.smtt.webkit.WebView' using 'CLASS_NAME' with the contextId: '' multiple: true
2017-05-31 09:33:38:011 - info: [AndroidBootstrap] [BOOTSTRAP LOG] [debug] Using: UiSelector[CLASS=com.tencent.smtt.webkit.WebView]
2017-05-31 09:33:38:027 - info: [AndroidBootstrap] [BOOTSTRAP LOG] [debug] getElements selector:UiSelector[CLASS=com.tencent.smtt.webkit.WebView]
2017-05-31 09:33:38:027 - info: [AndroidBootstrap] [BOOTSTRAP LOG] [debug] Element[] is null: (0)
2017-05-31 09:33:38:027 - info: [AndroidBootstrap] [BOOTSTRAP LOG] [debug] getElements tmp selector:UiSelector[CLASS=com.tencent.smtt.webkit.WebView, INSTANCE=0]
2017-05-31 09:33:38:215 - info: [AndroidBootstrap] [BOOTSTRAP LOG] [debug] Returning result: {"status":0,"value":[]}
2017-05-31 09:33:38:230 - info: [debug] [AndroidBootstrap] Received command result from bootstrap
2017-05-31 09:33:38:230 - info: [debug] [MJSONWP] Responding to client with driver.findElements() result: []
2017-05-31 09:33:38:230 - info: [HTTP] <-- POST /wd/hub/session/bd447695-fbde-4625-9d09-758df0e66bd7/elements 200 3185 ms - 74 
2017-05-31 09:33:38:293 - info: [HTTP] --> POST /wd/hub/session/bd447695-fbde-4625-9d09-758df0e66bd7/timeouts {"type":"implicit","ms":5000}
2017-05-31 09:33:38:293 - info: [debug] [MJSONWP] Calling AppiumDriver.timeouts() with args: ["implicit",5000,"bd447695-fbde-4625-9d09-758df0e66bd7"]
2017-05-31 09:33:38:293 - info: [debug] [BaseDriver] Set implicit wait to 5000ms
2017-05-31 09:33:38:293 - info: [debug] [MJSONWP] Responding to client with driver.timeouts() result: null
2017-05-31 09:33:38:293 - info: [HTTP] <-- POST /wd/hub/session/bd447695-fbde-4625-9d09-758df0e66bd7/timeouts 200 2 ms - 76 
2017-05-31 09:33:38:308 - info: [HTTP] --> POST /wd/hub/session/bd447695-fbde-4625-9d09-758df0e66bd7/appium/app/close {}
2017-05-31 09:33:38:308 - info: [debug] [MJSONWP] Calling AppiumDriver.closeApp() with args: ["bd447695-fbde-4625-9d09-758df0e66bd7"]
2017-05-31 09:33:38:308 - info: [debug] [ADB] Getting connected devices...
2017-05-31 09:33:38:325 - info: [debug] [ADB] 1 device(s) connected
2017-05-31 09:33:38:325 - info: [debug] [ADB] Running 'D:\SoftWare\SDK\platform-tools\adb.exe' with args: ["-P",5037,"-s","85GBBMA2353T","shell","am","force-stop","com.play.android"]
2017-05-31 09:33:39:340 - info: [debug] [MJSONWP] Responding to client with driver.closeApp() result: null
2017-05-31 09:33:39:340 - info: [HTTP] <-- POST /wd/hub/session/bd447695-fbde-4625-9d09-758df0e66bd7/appium/app/close 200 1039 ms - 76 
