2017-06-01 06:13:22:675 - info: [Appium] Welcome to Appium v1.6.5
2017-06-01 06:13:22:678 - info: [Appium] Non-default server args:
2017-06-01 06:13:22:679 - info: [Appium]   address: 127.0.0.1
2017-06-01 06:13:22:679 - info: [Appium]   log: D:\workSpace\EclipseProjects\AppiumForEclipse\log\1496297596139.log
2017-06-01 06:13:22:747 - info: [Appium] Appium REST http interface listener started on 127.0.0.1:4723
2017-06-01 06:13:22:838 - info: [HTTP] --> GET /wd/hub/status {}
2017-06-01 06:13:22:841 - info: [debug] [MJSONWP] Calling AppiumDriver.getStatus() with args: []
2017-06-01 06:13:22:883 - info: [debug] [MJSONWP] Responding to client with driver.getStatus() result: {"build":{"version":"1.6.5","revision":null}}
2017-06-01 06:13:22:891 - info: [HTTP] <-- GET /wd/hub/status 200 49 ms - 83 
2017-06-01 06:13:22:896 - info: [HTTP] --> GET /wd/hub/status {}
2017-06-01 06:13:22:896 - info: [debug] [MJSONWP] Calling AppiumDriver.getStatus() with args: []
2017-06-01 06:13:22:943 - info: [debug] [MJSONWP] Responding to client with driver.getStatus() result: {"build":{"version":"1.6.5","revision":null}}
2017-06-01 06:13:22:946 - info: [HTTP] <-- GET /wd/hub/status 200 49 ms - 83 
2017-06-01 06:13:23:677 - info: [HTTP] --> POST /wd/hub/session {"desiredCapabilities":{"appPackage":"com.play.android","appActivity":"com.play.android.activity.SplashActivity","app":"D:\\workSpace\\EclipseProjects\\AppiumForEclipse\\apps\\play-debug.apk","noSign":"True","browserName":"","unicodeKeyboard":"True","platformName":"Android","deviceName":"85GBBMA2353T","resetKeyboard":"True"}}
2017-06-01 06:13:23:677 - info: [debug] [MJSONWP] Calling AppiumDriver.createSession() with args: [{"appPackage":"com.play.android","appActivity":"com.play.android.activity.SplashActivity","app":"D:\\workSpace\\EclipseProjects\\AppiumForEclipse\\apps\\play-debug.apk","noSign":"True","browserName":"","unicodeKeyboard":"True","platformName":"Android","deviceName":"85GBBMA2353T","resetKeyboard":"True"},null,null]
2017-06-01 06:13:23:678 - info: [debug] [BaseDriver] Event 'newSessionRequested' logged at 1496297603678 (14:13:23 GMT+0800 (中国标准时间))
2017-06-01 06:13:23:680 - info: [Appium] Creating new AndroidDriver (v1.20.0) session
2017-06-01 06:13:23:681 - info: [Appium] Capabilities:
2017-06-01 06:13:23:684 - info: [Appium]   appPackage: 'com.play.android'
2017-06-01 06:13:23:684 - info: [Appium]   appActivity: 'com.play.android.activity.SplashActivity'
2017-06-01 06:13:23:685 - info: [Appium]   app: 'D:\\workSpace\\EclipseProjects\\AppiumForEclipse\\apps\\play-debug.apk'
2017-06-01 06:13:23:685 - info: [Appium]   noSign: 'True'
2017-06-01 06:13:23:685 - info: [Appium]   browserName: ''
2017-06-01 06:13:23:685 - info: [Appium]   unicodeKeyboard: 'True'
2017-06-01 06:13:23:686 - info: [Appium]   platformName: 'Android'
2017-06-01 06:13:23:686 - info: [Appium]   deviceName: '85GBBMA2353T'
2017-06-01 06:13:23:686 - info: [Appium]   resetKeyboard: 'True'
2017-06-01 06:13:23:688 - info: [debug] [AndroidDriver] AndroidDriver version: 1.20.0
2017-06-01 06:13:23:694 - warn: [BaseDriver] Capability 'unicodeKeyboard' changed from string to boolean. This may cause unexpected behavior
2017-06-01 06:13:23:694 - warn: [BaseDriver] Capability 'resetKeyboard' changed from string to boolean. This may cause unexpected behavior
2017-06-01 06:13:23:694 - warn: [BaseDriver] Capability 'noSign' changed from string to boolean. This may cause unexpected behavior
2017-06-01 06:13:23:706 - info: [BaseDriver] Session created with session id: 1ec87b10-b9bd-4f1a-8b2f-f4831f14a772
2017-06-01 06:13:23:709 - info: [debug] [AndroidDriver] Getting Java version
2017-06-01 06:13:23:842 - info: [AndroidDriver] Java version is: 1.8.0_121
2017-06-01 06:13:23:846 - info: [ADB] Checking whether adb is present
2017-06-01 06:13:23:849 - info: [ADB] Using adb.exe from D:\SoftWare\SDK\platform-tools\adb.exe
2017-06-01 06:13:23:850 - info: [AndroidDriver] Retrieving device list
2017-06-01 06:13:23:850 - info: [debug] [ADB] Trying to find a connected android device
2017-06-01 06:13:23:851 - info: [debug] [ADB] Getting connected devices...
2017-06-01 06:13:23:875 - info: [debug] [ADB] 1 device(s) connected
2017-06-01 06:13:23:876 - info: [AndroidDriver] Using device: 85GBBMA2353T
2017-06-01 06:13:23:877 - info: [ADB] Checking whether adb is present
2017-06-01 06:13:23:880 - info: [ADB] Using adb.exe from D:\SoftWare\SDK\platform-tools\adb.exe
2017-06-01 06:13:23:880 - info: [debug] [ADB] Setting device id to 85GBBMA2353T
2017-06-01 06:13:23:881 - info: [BaseDriver] Using local app 'D:\workSpace\EclipseProjects\AppiumForEclipse\apps\play-debug.apk'
2017-06-01 06:13:23:882 - info: [debug] [AndroidDriver] Checking whether app is actually present
2017-06-01 06:13:23:884 - info: [AndroidDriver] Starting Android session
2017-06-01 06:13:23:888 - info: [debug] [ADB] Running 'D:\SoftWare\SDK\platform-tools\adb.exe' with args: ["-P",5037,"-s","85GBBMA2353T","wait-for-device"]
2017-06-01 06:13:23:913 - info: [debug] [ADB] Getting connected devices...
2017-06-01 06:13:23:937 - info: [debug] [ADB] 1 device(s) connected
2017-06-01 06:13:23:938 - info: [debug] [ADB] Running 'D:\SoftWare\SDK\platform-tools\adb.exe' with args: ["-P",5037,"-s","85GBBMA2353T","shell","echo","ping"]
2017-06-01 06:13:23:984 - info: [debug] [Logcat] Starting logcat capture
2017-06-01 06:13:24:034 - info: [debug] [AndroidDriver] Enabling Unicode keyboard support
2017-06-01 06:13:24:035 - info: [debug] [AndroidDriver] Pushing unicode ime to device...
2017-06-01 06:13:24:036 - info: [debug] [ADB] Running 'D:\SoftWare\SDK\platform-tools\adb.exe' with args: ["-P",5037,"-s","85GBBMA2353T","install","D:\\MyProgram\\nodejs\\node_modules\\appium\\node_modules\\appium-android-ime\\bin\\UnicodeIME-debug.apk"]
2017-06-01 06:13:25:086 - info: [debug] [ADB] Getting connected devices...
2017-06-01 06:13:25:124 - info: [debug] [ADB] 1 device(s) connected
2017-06-01 06:13:25:124 - info: [debug] [ADB] Running 'D:\SoftWare\SDK\platform-tools\adb.exe' with args: ["-P",5037,"-s","85GBBMA2353T","shell","settings","get","secure","default_input_method"]
2017-06-01 06:13:25:886 - info: [debug] [AndroidDriver] Unsetting previous IME com.iflytek.inputmethod/.FlyIME
2017-06-01 06:13:25:886 - info: [debug] [AndroidDriver] Setting IME to 'io.appium.android.ime/.UnicodeIME'
2017-06-01 06:13:25:888 - info: [debug] [ADB] Getting connected devices...
2017-06-01 06:13:25:922 - info: [debug] [ADB] 1 device(s) connected
2017-06-01 06:13:25:923 - info: [debug] [ADB] Running 'D:\SoftWare\SDK\platform-tools\adb.exe' with args: ["-P",5037,"-s","85GBBMA2353T","shell","ime","enable","io.appium.android.ime/.UnicodeIME"]
2017-06-01 06:13:26:577 - info: [debug] [ADB] Getting connected devices...
2017-06-01 06:13:26:625 - info: [debug] [ADB] 1 device(s) connected
2017-06-01 06:13:26:627 - info: [debug] [ADB] Running 'D:\SoftWare\SDK\platform-tools\adb.exe' with args: ["-P",5037,"-s","85GBBMA2353T","shell","ime","set","io.appium.android.ime/.UnicodeIME"]
2017-06-01 06:13:27:313 - info: [debug] [AndroidDriver] Pushing settings apk to device...
2017-06-01 06:13:27:315 - info: [debug] [ADB] Getting install status for io.appium.settings
2017-06-01 06:13:27:316 - info: [debug] [ADB] Getting connected devices...
2017-06-01 06:13:27:353 - info: [debug] [ADB] 1 device(s) connected
2017-06-01 06:13:27:353 - info: [debug] [ADB] Running 'D:\SoftWare\SDK\platform-tools\adb.exe' with args: ["-P",5037,"-s","85GBBMA2353T","shell","pm","list","packages","io.appium.settings"]
2017-06-01 06:13:27:832 - info: [debug] [ADB] App is not installed
2017-06-01 06:13:27:833 - info: [debug] [ADB] Running 'D:\SoftWare\SDK\platform-tools\adb.exe' with args: ["-P",5037,"-s","85GBBMA2353T","install","D:\\MyProgram\\nodejs\\node_modules\\appium\\node_modules\\io.appium.settings\\app\\build\\outputs\\apk\\settings_apk-debug.apk"]
2017-06-01 06:13:28:681 - info: [debug] [ADB] Getting connected devices...
2017-06-01 06:13:28:714 - info: [debug] [ADB] 1 device(s) connected
2017-06-01 06:13:28:714 - info: [debug] [ADB] Running 'D:\SoftWare\SDK\platform-tools\adb.exe' with args: ["-P",5037,"-s","85GBBMA2353T","shell","getprop","ro.build.version.sdk"]
2017-06-01 06:13:28:767 - info: [debug] [ADB] Device API level: 22
2017-06-01 06:13:28:768 - info: [debug] [ADB] Getting connected devices...
2017-06-01 06:13:28:795 - info: [debug] [ADB] 1 device(s) connected
2017-06-01 06:13:28:796 - info: [debug] [ADB] Running 'D:\SoftWare\SDK\platform-tools\adb.exe' with args: ["-P",5037,"-s","85GBBMA2353T","shell","dumpsys","package","io.appium.settings"]
2017-06-01 06:13:28:884 - info: [debug] [AndroidDriver] Pushing unlock helper app to device...
2017-06-01 06:13:28:885 - info: [debug] [ADB] Running 'D:\SoftWare\SDK\platform-tools\adb.exe' with args: ["-P",5037,"-s","85GBBMA2353T","install","D:\\MyProgram\\nodejs\\node_modules\\appium\\node_modules\\appium-unlock\\bin\\unlock_apk-debug.apk"]
2017-06-01 06:13:29:696 - info: [debug] [ADB] Device API level: 22
2017-06-01 06:13:29:696 - info: [debug] [ADB] Getting connected devices...
2017-06-01 06:13:29:725 - info: [debug] [ADB] 1 device(s) connected
2017-06-01 06:13:29:726 - info: [debug] [ADB] Running 'D:\SoftWare\SDK\platform-tools\adb.exe' with args: ["-P",5037,"-s","85GBBMA2353T","shell","settings","put","secure","mock_location","1"]
2017-06-01 06:13:30:375 - info: [ADB] Getting device platform version
2017-06-01 06:13:30:376 - info: [debug] [ADB] Getting connected devices...
2017-06-01 06:13:30:408 - info: [debug] [ADB] 1 device(s) connected
2017-06-01 06:13:30:409 - info: [debug] [ADB] Running 'D:\SoftWare\SDK\platform-tools\adb.exe' with args: ["-P",5037,"-s","85GBBMA2353T","shell","getprop","ro.build.version.release"]
2017-06-01 06:13:30:448 - info: [debug] [ADB] Getting connected devices...
2017-06-01 06:13:30:471 - info: [debug] [ADB] 1 device(s) connected
2017-06-01 06:13:30:472 - info: [debug] [ADB] Running 'D:\SoftWare\SDK\platform-tools\adb.exe' with args: ["-P",5037,"-s","85GBBMA2353T","shell","wm","size"]
2017-06-01 06:13:31:204 - info: [debug] [ADB] Getting connected devices...
2017-06-01 06:13:31:242 - info: [debug] [ADB] 1 device(s) connected
2017-06-01 06:13:31:243 - info: [debug] [ADB] Running 'D:\SoftWare\SDK\platform-tools\adb.exe' with args: ["-P",5037,"-s","85GBBMA2353T","shell","getprop","ro.product.model"]
2017-06-01 06:13:31:279 - info: [debug] [ADB] Current device property 'ro.product.model': MX5
2017-06-01 06:13:31:280 - info: [debug] [ADB] Getting connected devices...
2017-06-01 06:13:31:303 - info: [debug] [ADB] 1 device(s) connected
2017-06-01 06:13:31:303 - info: [debug] [ADB] Running 'D:\SoftWare\SDK\platform-tools\adb.exe' with args: ["-P",5037,"-s","85GBBMA2353T","shell","getprop","ro.product.manufacturer"]
2017-06-01 06:13:31:339 - info: [debug] [ADB] Current device property 'ro.product.manufacturer': Meizu
2017-06-01 06:13:31:476 - info: [AndroidDriver] Remote apk path is /data/local/tmp/15d3311f063b134c1cf121d1019c9163.apk
2017-06-01 06:13:31:477 - info: [debug] [ADB] Getting connected devices...
2017-06-01 06:13:31:501 - info: [debug] [ADB] 1 device(s) connected
2017-06-01 06:13:31:502 - info: [debug] [ADB] Running 'D:\SoftWare\SDK\platform-tools\adb.exe' with args: ["-P",5037,"-s","85GBBMA2353T","shell","ls","/data/local/tmp/15d3311f063b134c1cf121d1019c9163.apk"]
2017-06-01 06:13:31:538 - info: [debug] [AndroidDriver] Checking if app is installed
2017-06-01 06:13:31:538 - info: [debug] [ADB] Getting install status for com.play.android
2017-06-01 06:13:31:538 - info: [debug] [ADB] Getting connected devices...
2017-06-01 06:13:31:561 - info: [debug] [ADB] 1 device(s) connected
2017-06-01 06:13:31:561 - info: [debug] [ADB] Running 'D:\SoftWare\SDK\platform-tools\adb.exe' with args: ["-P",5037,"-s","85GBBMA2353T","shell","pm","list","packages","com.play.android"]
2017-06-01 06:13:32:063 - info: [debug] [ADB] App is installed
2017-06-01 06:13:32:064 - info: [AndroidDriver] Apk was already installed but not from our remote path
2017-06-01 06:13:32:064 - info: [AndroidDriver] Reinstalling apk from remote
2017-06-01 06:13:32:066 - info: [debug] [ADB] Getting connected devices...
2017-06-01 06:13:32:098 - info: [debug] [ADB] 1 device(s) connected
2017-06-01 06:13:32:098 - info: [debug] [ADB] Running 'D:\SoftWare\SDK\platform-tools\adb.exe' with args: ["-P",5037,"-s","85GBBMA2353T","shell","mkdir","-p","/data/local/tmp"]
2017-06-01 06:13:32:135 - info: [AndroidDriver] Clearing out any existing remote apks with the same hash
2017-06-01 06:13:32:136 - info: [debug] [AndroidDriver] Removing any old apks
2017-06-01 06:13:32:136 - info: [debug] [AndroidDriver] Except ["15d3311f063b134c1cf121d1019c9163"]
2017-06-01 06:13:32:136 - info: [debug] [ADB] Getting connected devices...
2017-06-01 06:13:32:160 - info: [debug] [ADB] 1 device(s) connected
2017-06-01 06:13:32:160 - info: [debug] [ADB] Running 'D:\SoftWare\SDK\platform-tools\adb.exe' with args: ["-P",5037,"-s","85GBBMA2353T","shell","ls","/data/local/tmp/*.apk"]
2017-06-01 06:13:32:199 - info: [AndroidDriver] Will remove /data/local/tmp/42e2f15827830994ee5f75a4ff734348.apk
2017-06-01 06:13:32:199 - info: [debug] [ADB] Getting connected devices...
2017-06-01 06:13:32:225 - info: [debug] [ADB] 1 device(s) connected
2017-06-01 06:13:32:225 - info: [debug] [ADB] Running 'D:\SoftWare\SDK\platform-tools\adb.exe' with args: ["-P",5037,"-s","85GBBMA2353T","shell","rm","-f","/data/local/tmp/42e2f15827830994ee5f75a4ff734348.apk"]
2017-06-01 06:13:32:283 - info: [AndroidDriver] Pushing com.play.android to device. Will wait up to 90000 milliseconds before aborting
2017-06-01 06:13:32:283 - info: [debug] [ADB] Running 'D:\SoftWare\SDK\platform-tools\adb.exe' with args: ["-P",5037,"-s","85GBBMA2353T","push","D:\\workSpace\\EclipseProjects\\AppiumForEclipse\\apps\\play-debug.apk","/data/local/tmp/15d3311f063b134c1cf121d1019c9163.apk"]
2017-06-01 06:13:37:275 - info: [debug] [ADB] Uninstalling com.play.android
2017-06-01 06:13:37:293 - info: [debug] [ADB] Getting connected devices...
2017-06-01 06:13:37:318 - info: [debug] [ADB] 1 device(s) connected
2017-06-01 06:13:37:319 - info: [debug] [ADB] Running 'D:\SoftWare\SDK\platform-tools\adb.exe' with args: ["-P",5037,"-s","85GBBMA2353T","shell","am","force-stop","com.play.android"]
2017-06-01 06:13:38:066 - info: [debug] [ADB] Running 'D:\SoftWare\SDK\platform-tools\adb.exe' with args: ["-P",5037,"-s","85GBBMA2353T","uninstall","com.play.android"]
2017-06-01 06:13:39:208 - info: [ADB] App was uninstalled
2017-06-01 06:13:39:209 - info: [debug] [ADB] Getting connected devices...
2017-06-01 06:13:39:257 - info: [debug] [ADB] 1 device(s) connected
2017-06-01 06:13:39:257 - info: [debug] [ADB] Running 'D:\SoftWare\SDK\platform-tools\adb.exe' with args: ["-P",5037,"-s","85GBBMA2353T","shell","pm","install","-r","/data/local/tmp/15d3311f063b134c1cf121d1019c9163.apk"]
2017-06-01 06:13:58:838 - info: [debug] [AndroidDriver] Extracting strings from apk D:\workSpace\EclipseProjects\AppiumForEclipse\apps\play-debug.apk null C:\Users\ADMINI~1\AppData\Local\Temp\com.play.android
2017-06-01 06:13:58:840 - info: [debug] [ADB] Extracting strings for language: default
2017-06-01 06:13:58:841 - info: [debug] [ADB] Device API level: 22
2017-06-01 06:13:58:842 - info: [debug] [ADB] Getting connected devices...
2017-06-01 06:13:58:879 - info: [debug] [ADB] 1 device(s) connected
2017-06-01 06:13:58:880 - info: [debug] [ADB] Running 'D:\SoftWare\SDK\platform-tools\adb.exe' with args: ["-P",5037,"-s","85GBBMA2353T","shell","getprop","persist.sys.language"]
2017-06-01 06:13:58:914 - info: [debug] [ADB] Current device property 'persist.sys.language': zh
2017-06-01 06:14:00:059 - info: [debug] [ADB] Reading strings from converted strings.json
2017-06-01 06:14:00:063 - info: [debug] [ADB] Running 'D:\SoftWare\SDK\platform-tools\adb.exe' with args: ["-P",5037,"-s","85GBBMA2353T","push","C:\\Users\\ADMINI~1\\AppData\\Local\\Temp\\com.play.android\\strings.json","/data/local/tmp"]
2017-06-01 06:14:00:094 - info: [debug] [AndroidBootstrap] Watching for bootstrap disconnect
2017-06-01 06:14:00:096 - info: [debug] [ADB] Forwarding system: 4724 to device: 4724
2017-06-01 06:14:00:097 - info: [debug] [ADB] Running 'D:\SoftWare\SDK\platform-tools\adb.exe' with args: ["-P",5037,"-s","85GBBMA2353T","forward","tcp:4724","tcp:4724"]
2017-06-01 06:14:00:105 - info: [debug] [UiAutomator] Starting UiAutomator
2017-06-01 06:14:00:105 - info: [debug] [UiAutomator] Moving to state 'starting'
2017-06-01 06:14:00:105 - info: [debug] [UiAutomator] Parsing uiautomator jar
2017-06-01 06:14:00:106 - info: [debug] [UiAutomator] Found jar name: 'AppiumBootstrap.jar'
2017-06-01 06:14:00:106 - info: [debug] [ADB] Running 'D:\SoftWare\SDK\platform-tools\adb.exe' with args: ["-P",5037,"-s","85GBBMA2353T","push","D:\\MyProgram\\nodejs\\node_modules\\appium\\node_modules\\appium-android-bootstrap\\bootstrap\\bin\\AppiumBootstrap.jar","/data/local/tmp/"]
2017-06-01 06:14:00:141 - info: [debug] [ADB] Attempting to kill all uiautomator processes
2017-06-01 06:14:00:141 - info: [debug] [ADB] Getting all processes with uiautomator
2017-06-01 06:14:00:142 - info: [debug] [ADB] Getting connected devices...
2017-06-01 06:14:00:166 - info: [debug] [ADB] 1 device(s) connected
2017-06-01 06:14:00:167 - info: [debug] [ADB] Running 'D:\SoftWare\SDK\platform-tools\adb.exe' with args: ["-P",5037,"-s","85GBBMA2353T","shell","ps"]
2017-06-01 06:14:00:262 - info: [ADB] No uiautomator process found to kill, continuing...
2017-06-01 06:14:00:262 - info: [debug] [UiAutomator] Starting UIAutomator
2017-06-01 06:14:00:263 - info: [debug] [ADB] Creating ADB subprocess with args: ["-P",5037,"-s","85GBBMA2353T","shell","uiautomator","runtest","AppiumBootstrap.jar","-c","io.appium.android.bootstrap.Bootstrap","-e","pkg","com.play.android","-e","disableAndroidWatchers",false,"-e","acceptSslCerts",false]
2017-06-01 06:14:01:221 - info: [debug] [UiAutomator] Moving to state 'online'
2017-06-01 06:14:01:229 - info: [AndroidBootstrap] [BOOTSTRAP LOG] [debug] json loading complete.
2017-06-01 06:14:01:230 - info: [AndroidBootstrap] [BOOTSTRAP LOG] [debug] Registered crash watchers.
2017-06-01 06:14:01:234 - info: [AndroidBootstrap] Android bootstrap socket is now connected
2017-06-01 06:14:01:237 - info: [debug] [ADB] Getting connected devices...
2017-06-01 06:14:01:256 - info: [AndroidBootstrap] [BOOTSTRAP LOG] [debug] Client connected
2017-06-01 06:14:01:277 - info: [debug] [ADB] 1 device(s) connected
2017-06-01 06:14:01:278 - info: [debug] [ADB] Running 'D:\SoftWare\SDK\platform-tools\adb.exe' with args: ["-P",5037,"-s","85GBBMA2353T","shell","dumpsys","window"]
2017-06-01 06:14:01:326 - info: [AndroidDriver] Screen already unlocked, doing nothing
2017-06-01 06:14:01:328 - info: [debug] [ADB] Device API level: 22
2017-06-01 06:14:01:329 - info: [debug] [ADB] Getting connected devices...
2017-06-01 06:14:01:351 - info: [debug] [ADB] 1 device(s) connected
2017-06-01 06:14:01:352 - info: [debug] [ADB] Running 'D:\SoftWare\SDK\platform-tools\adb.exe' with args: ["-P",5037,"-s","85GBBMA2353T","shell","am","start","-W","-n","com.play.android/com.play.android.activity.SplashActivity","-S","-a","android.intent.action.MAIN","-c","android.intent.category.LAUNCHER","-f","0x10200000"]
2017-06-01 06:14:03:061 - info: [Appium] New AndroidDriver session created successfully, session 1ec87b10-b9bd-4f1a-8b2f-f4831f14a772 added to master session list
2017-06-01 06:14:03:063 - info: [debug] [BaseDriver] Event 'newSessionStarted' logged at 1496297643062 (14:14:03 GMT+0800 (中国标准时间))
2017-06-01 06:14:03:064 - info: [debug] [MJSONWP] Responding to client with driver.createSession() result: {"platform":"LINUX","webStorageEnabled":false,"takesScreenshot":true,"javascriptEnabled":true,"databaseEnabled":false,"networkConnectionEnabled":true,"locationContextEnabled":false,"warnings":{},"desired":{"appPackage":"com.play.android","appActivity":"com.play.android.activity.SplashActivity","app":"D:\\workSpace\\EclipseProjects\\AppiumForEclipse\\apps\\play-debug.apk","noSign":true,"browserName":"","unicodeKeyboard":true,"platformName":"Android","deviceName":"85GBBMA2353T","resetKeyboard":true},"appPackage":"com.play.android","appActivity":"com.play.android.activity.SplashActivity","app":"D:\\workSpace\\EclipseProjects\\AppiumForEclipse\\apps\\play-debug.apk","noSign":true,"browserName":"","unicodeKeyboard":true,"platformName":"Android","deviceName":"85GBBMA2353T","resetKeyboard":true,"deviceUDID":"85GBBMA2353T","platformVersion":"5.1","deviceScreenSize":"1080x1920","deviceModel":"MX5","deviceManufacturer":"Meizu"}
2017-06-01 06:14:03:067 - info: [HTTP] <-- POST /wd/hub/session 200 39388 ms - 1003 
2017-06-01 06:14:04:950 - info: [HTTP] --> POST /wd/hub/session/1ec87b10-b9bd-4f1a-8b2f-f4831f14a772/timeouts {"type":"implicit","ms":20000}
2017-06-01 06:14:04:952 - info: [debug] [MJSONWP] Calling AppiumDriver.timeouts() with args: ["implicit",20000,"1ec87b10-b9bd-4f1a-8b2f-f4831f14a772"]
2017-06-01 06:14:04:954 - info: [debug] [BaseDriver] Set implicit wait to 20000ms
2017-06-01 06:14:04:956 - info: [debug] [MJSONWP] Responding to client with driver.timeouts() result: null
2017-06-01 06:14:04:957 - info: [HTTP] <-- POST /wd/hub/session/1ec87b10-b9bd-4f1a-8b2f-f4831f14a772/timeouts 200 7 ms - 76 
2017-06-01 06:14:05:213 - info: [HTTP] --> POST /wd/hub/session/1ec87b10-b9bd-4f1a-8b2f-f4831f14a772/timeouts {"type":"implicit","ms":0}
2017-06-01 06:14:05:214 - info: [debug] [MJSONWP] Calling AppiumDriver.timeouts() with args: ["implicit",0,"1ec87b10-b9bd-4f1a-8b2f-f4831f14a772"]
2017-06-01 06:14:05:215 - info: [debug] [BaseDriver] Set implicit wait to 0ms
2017-06-01 06:14:05:216 - info: [debug] [MJSONWP] Responding to client with driver.timeouts() result: null
2017-06-01 06:14:05:218 - info: [HTTP] <-- POST /wd/hub/session/1ec87b10-b9bd-4f1a-8b2f-f4831f14a772/timeouts 200 4 ms - 76 
2017-06-01 06:14:05:239 - info: [HTTP] --> GET /wd/hub/session/1ec87b10-b9bd-4f1a-8b2f-f4831f14a772/context {}
2017-06-01 06:14:05:242 - info: [debug] [MJSONWP] Calling AppiumDriver.getCurrentContext() with args: ["1ec87b10-b9bd-4f1a-8b2f-f4831f14a772"]
2017-06-01 06:14:05:245 - info: [debug] [MJSONWP] Responding to client with driver.getCurrentContext() result: "NATIVE_APP"
2017-06-01 06:14:05:246 - info: [HTTP] <-- GET /wd/hub/session/1ec87b10-b9bd-4f1a-8b2f-f4831f14a772/context 200 6 ms - 84 
2017-06-01 06:14:05:250 - info: [HTTP] --> POST /wd/hub/session/1ec87b10-b9bd-4f1a-8b2f-f4831f14a772/elements {"using":"id","value":"com.play.android:id/btn_profile"}
2017-06-01 06:14:05:251 - info: [debug] [MJSONWP] Calling AppiumDriver.findElements() with args: ["id","com.play.android:id/btn_profile","1ec87b10-b9bd-4f1a-8b2f-f4831f14a772"]
2017-06-01 06:14:05:252 - info: [debug] [BaseDriver] Valid locator strategies for this request: xpath, id, class name, accessibility id, -android uiautomator
2017-06-01 06:14:05:255 - info: [debug] [BaseDriver] Valid locator strategies for this request: xpath, id, class name, accessibility id, -android uiautomator
2017-06-01 06:14:05:256 - info: [debug] [BaseDriver] Waiting up to 0 ms for condition
2017-06-01 06:14:05:262 - info: [debug] [AndroidBootstrap] Sending command to android: {"cmd":"action","action":"find","params":{"strategy":"id","selector":"com.play.android:id/btn_profile","context":"","multiple":true}}
2017-06-01 06:14:05:267 - info: [AndroidBootstrap] [BOOTSTRAP LOG] [debug] Got data from client: {"cmd":"action","action":"find","params":{"strategy":"id","selector":"com.play.android:id/btn_profile","context":"","multiple":true}}
2017-06-01 06:14:05:267 - info: [AndroidBootstrap] [BOOTSTRAP LOG] [debug] Got command of type ACTION
2017-06-01 06:14:05:268 - info: [AndroidBootstrap] [BOOTSTRAP LOG] [debug] Got command action: find
2017-06-01 06:14:05:268 - info: [AndroidBootstrap] [BOOTSTRAP LOG] [debug] Finding 'com.play.android:id/btn_profile' using 'ID' with the contextId: '' multiple: true
2017-06-01 06:14:05:269 - info: [AndroidBootstrap] [BOOTSTRAP LOG] [debug] Using: UiSelector[RESOURCE_ID=com.play.android:id/btn_profile]
2017-06-01 06:14:05:269 - info: [AndroidBootstrap] [BOOTSTRAP LOG] [debug] getElements selector:UiSelector[RESOURCE_ID=com.play.android:id/btn_profile]
2017-06-01 06:14:05:270 - info: [AndroidBootstrap] [BOOTSTRAP LOG] [debug] Element[] is null: (0)
2017-06-01 06:14:05:270 - info: [AndroidBootstrap] [BOOTSTRAP LOG] [debug] getElements tmp selector:UiSelector[INSTANCE=0, RESOURCE_ID=com.play.android:id/btn_profile]
2017-06-01 06:14:05:293 - info: [AndroidBootstrap] [BOOTSTRAP LOG] [debug] Element[] is null: (1)
2017-06-01 06:14:05:294 - info: [AndroidBootstrap] [BOOTSTRAP LOG] [debug] getElements tmp selector:UiSelector[INSTANCE=1, RESOURCE_ID=com.play.android:id/btn_profile]
2017-06-01 06:14:05:335 - info: [AndroidBootstrap] [BOOTSTRAP LOG] [debug] Returning result: {"status":0,"value":[{"ELEMENT":"1"}]}
2017-06-01 06:14:05:336 - info: [debug] [AndroidBootstrap] Received command result from bootstrap
2017-06-01 06:14:05:338 - info: [debug] [MJSONWP] Responding to client with driver.findElements() result: [{"ELEMENT":"1"}]
2017-06-01 06:14:05:339 - info: [HTTP] <-- POST /wd/hub/session/1ec87b10-b9bd-4f1a-8b2f-f4831f14a772/elements 200 89 ms - 89 
2017-06-01 06:14:05:628 - info: [HTTP] --> POST /wd/hub/session/1ec87b10-b9bd-4f1a-8b2f-f4831f14a772/timeouts {"type":"implicit","ms":5000}
2017-06-01 06:14:05:629 - info: [debug] [MJSONWP] Calling AppiumDriver.timeouts() with args: ["implicit",5000,"1ec87b10-b9bd-4f1a-8b2f-f4831f14a772"]
2017-06-01 06:14:05:630 - info: [debug] [BaseDriver] Set implicit wait to 5000ms
2017-06-01 06:14:05:632 - info: [debug] [MJSONWP] Responding to client with driver.timeouts() result: null
2017-06-01 06:14:05:633 - info: [HTTP] <-- POST /wd/hub/session/1ec87b10-b9bd-4f1a-8b2f-f4831f14a772/timeouts 200 5 ms - 76 
2017-06-01 06:14:05:657 - info: [HTTP] --> POST /wd/hub/session/1ec87b10-b9bd-4f1a-8b2f-f4831f14a772/element/1/click {"id":"1"}
2017-06-01 06:14:05:657 - info: [debug] [MJSONWP] Calling AppiumDriver.click() with args: ["1","1ec87b10-b9bd-4f1a-8b2f-f4831f14a772"]
2017-06-01 06:14:05:658 - info: [debug] [AndroidBootstrap] Sending command to android: {"cmd":"action","action":"element:click","params":{"elementId":"1"}}
2017-06-01 06:14:05:661 - info: [AndroidBootstrap] [BOOTSTRAP LOG] [debug] Got data from client: {"cmd":"action","action":"element:click","params":{"elementId":"1"}}
2017-06-01 06:14:05:662 - info: [AndroidBootstrap] [BOOTSTRAP LOG] [debug] Got command of type ACTION
2017-06-01 06:14:05:662 - info: [AndroidBootstrap] [BOOTSTRAP LOG] [debug] Got command action: click
2017-06-01 06:14:08:810 - info: [AndroidBootstrap] [BOOTSTRAP LOG] [debug] Returning result: {"status":0,"value":true}
2017-06-01 06:14:08:810 - info: [debug] [AndroidBootstrap] Received command result from bootstrap
2017-06-01 06:14:08:813 - info: [debug] [MJSONWP] Responding to client with driver.click() result: true
2017-06-01 06:14:08:814 - info: [HTTP] <-- POST /wd/hub/session/1ec87b10-b9bd-4f1a-8b2f-f4831f14a772/element/1/click 200 3157 ms - 76 
2017-06-01 06:14:08:856 - info: [HTTP] --> GET /wd/hub/session/1ec87b10-b9bd-4f1a-8b2f-f4831f14a772/appium/device/current_activity {}
2017-06-01 06:14:08:857 - info: [debug] [MJSONWP] Calling AppiumDriver.getCurrentActivity() with args: ["1ec87b10-b9bd-4f1a-8b2f-f4831f14a772"]
2017-06-01 06:14:08:859 - info: [debug] [ADB] Getting focused package and activity
2017-06-01 06:14:08:860 - info: [debug] [ADB] Getting connected devices...
2017-06-01 06:14:08:910 - info: [debug] [ADB] 1 device(s) connected
2017-06-01 06:14:08:911 - info: [debug] [ADB] Running 'D:\SoftWare\SDK\platform-tools\adb.exe' with args: ["-P",5037,"-s","85GBBMA2353T","shell","dumpsys","window","windows"]
2017-06-01 06:14:08:998 - info: [debug] [MJSONWP] Responding to client with driver.getCurrentActivity() result: ".activity.member.LoginActivity"
2017-06-01 06:14:08:999 - info: [HTTP] <-- GET /wd/hub/session/1ec87b10-b9bd-4f1a-8b2f-f4831f14a772/appium/device/current_activity 200 143 ms - 104 
2017-06-01 06:14:09:051 - info: [HTTP] --> POST /wd/hub/session/1ec87b10-b9bd-4f1a-8b2f-f4831f14a772/timeouts {"type":"implicit","ms":0}
2017-06-01 06:14:09:051 - info: [debug] [MJSONWP] Calling AppiumDriver.timeouts() with args: ["implicit",0,"1ec87b10-b9bd-4f1a-8b2f-f4831f14a772"]
2017-06-01 06:14:09:052 - info: [debug] [BaseDriver] Set implicit wait to 0ms
2017-06-01 06:14:09:053 - info: [debug] [MJSONWP] Responding to client with driver.timeouts() result: null
2017-06-01 06:14:09:055 - info: [HTTP] <-- POST /wd/hub/session/1ec87b10-b9bd-4f1a-8b2f-f4831f14a772/timeouts 200 4 ms - 76 
2017-06-01 06:14:09:059 - info: [HTTP] --> GET /wd/hub/session/1ec87b10-b9bd-4f1a-8b2f-f4831f14a772/context {}
2017-06-01 06:14:09:060 - info: [debug] [MJSONWP] Calling AppiumDriver.getCurrentContext() with args: ["1ec87b10-b9bd-4f1a-8b2f-f4831f14a772"]
2017-06-01 06:14:09:062 - info: [debug] [MJSONWP] Responding to client with driver.getCurrentContext() result: "NATIVE_APP"
2017-06-01 06:14:09:063 - info: [HTTP] <-- GET /wd/hub/session/1ec87b10-b9bd-4f1a-8b2f-f4831f14a772/context 200 3 ms - 84 
2017-06-01 06:14:09:069 - info: [HTTP] --> POST /wd/hub/session/1ec87b10-b9bd-4f1a-8b2f-f4831f14a772/elements {"using":"id","value":"com.play.android:id/tv_account"}
2017-06-01 06:14:09:070 - info: [debug] [MJSONWP] Calling AppiumDriver.findElements() with args: ["id","com.play.android:id/tv_account","1ec87b10-b9bd-4f1a-8b2f-f4831f14a772"]
2017-06-01 06:14:09:071 - info: [debug] [BaseDriver] Valid locator strategies for this request: xpath, id, class name, accessibility id, -android uiautomator
2017-06-01 06:14:09:071 - info: [debug] [BaseDriver] Valid locator strategies for this request: xpath, id, class name, accessibility id, -android uiautomator
2017-06-01 06:14:09:072 - info: [debug] [BaseDriver] Waiting up to 0 ms for condition
2017-06-01 06:14:09:073 - info: [debug] [AndroidBootstrap] Sending command to android: {"cmd":"action","action":"find","params":{"strategy":"id","selector":"com.play.android:id/tv_account","context":"","multiple":true}}
2017-06-01 06:14:09:081 - info: [AndroidBootstrap] [BOOTSTRAP LOG] [debug] Got data from client: {"cmd":"action","action":"find","params":{"strategy":"id","selector":"com.play.android:id/tv_account","context":"","multiple":true}}
2017-06-01 06:14:09:081 - info: [AndroidBootstrap] [BOOTSTRAP LOG] [debug] Got command of type ACTION
2017-06-01 06:14:09:081 - info: [AndroidBootstrap] [BOOTSTRAP LOG] [debug] Got command action: find
2017-06-01 06:14:09:082 - info: [AndroidBootstrap] [BOOTSTRAP LOG] [debug] Finding 'com.play.android:id/tv_account' using 'ID' with the contextId: '' multiple: true
2017-06-01 06:14:09:082 - info: [AndroidBootstrap] [BOOTSTRAP LOG] [debug] Using: UiSelector[RESOURCE_ID=com.play.android:id/tv_account]
2017-06-01 06:14:09:082 - info: [AndroidBootstrap] [BOOTSTRAP LOG] [debug] getElements selector:UiSelector[RESOURCE_ID=com.play.android:id/tv_account]
2017-06-01 06:14:09:082 - info: [AndroidBootstrap] [BOOTSTRAP LOG] [debug] Element[] is null: (0)
2017-06-01 06:14:09:082 - info: [AndroidBootstrap] [BOOTSTRAP LOG] [debug] getElements tmp selector:UiSelector[INSTANCE=0, RESOURCE_ID=com.play.android:id/tv_account]
2017-06-01 06:14:09:104 - info: [AndroidBootstrap] [BOOTSTRAP LOG] [debug] Element[] is null: (1)
2017-06-01 06:14:09:105 - info: [AndroidBootstrap] [BOOTSTRAP LOG] [debug] getElements tmp selector:UiSelector[INSTANCE=1, RESOURCE_ID=com.play.android:id/tv_account]
2017-06-01 06:14:09:139 - info: [AndroidBootstrap] [BOOTSTRAP LOG] [debug] Returning result: {"status":0,"value":[{"ELEMENT":"2"}]}
2017-06-01 06:14:09:140 - info: [debug] [AndroidBootstrap] Received command result from bootstrap
2017-06-01 06:14:09:141 - info: [debug] [MJSONWP] Responding to client with driver.findElements() result: [{"ELEMENT":"2"}]
2017-06-01 06:14:09:142 - info: [HTTP] <-- POST /wd/hub/session/1ec87b10-b9bd-4f1a-8b2f-f4831f14a772/elements 200 73 ms - 89 
2017-06-01 06:14:09:285 - info: [HTTP] --> POST /wd/hub/session/1ec87b10-b9bd-4f1a-8b2f-f4831f14a772/timeouts {"type":"implicit","ms":5000}
2017-06-01 06:14:09:286 - info: [debug] [MJSONWP] Calling AppiumDriver.timeouts() with args: ["implicit",5000,"1ec87b10-b9bd-4f1a-8b2f-f4831f14a772"]
2017-06-01 06:14:09:286 - info: [debug] [BaseDriver] Set implicit wait to 5000ms
2017-06-01 06:14:09:290 - info: [debug] [MJSONWP] Responding to client with driver.timeouts() result: null
2017-06-01 06:14:09:291 - info: [HTTP] <-- POST /wd/hub/session/1ec87b10-b9bd-4f1a-8b2f-f4831f14a772/timeouts 200 5 ms - 76 
2017-06-01 06:14:09:297 - info: [HTTP] --> POST /wd/hub/session/1ec87b10-b9bd-4f1a-8b2f-f4831f14a772/element/2/click {"id":"2"}
2017-06-01 06:14:09:299 - info: [debug] [MJSONWP] Calling AppiumDriver.click() with args: ["2","1ec87b10-b9bd-4f1a-8b2f-f4831f14a772"]
2017-06-01 06:14:09:300 - info: [debug] [AndroidBootstrap] Sending command to android: {"cmd":"action","action":"element:click","params":{"elementId":"2"}}
2017-06-01 06:14:09:304 - info: [AndroidBootstrap] [BOOTSTRAP LOG] [debug] Got data from client: {"cmd":"action","action":"element:click","params":{"elementId":"2"}}
2017-06-01 06:14:09:305 - info: [AndroidBootstrap] [BOOTSTRAP LOG] [debug] Got command of type ACTION
2017-06-01 06:14:09:305 - info: [AndroidBootstrap] [BOOTSTRAP LOG] [debug] Got command action: click
2017-06-01 06:14:09:443 - info: [AndroidBootstrap] [BOOTSTRAP LOG] [debug] Returning result: {"status":0,"value":true}
2017-06-01 06:14:09:445 - info: [debug] [AndroidBootstrap] Received command result from bootstrap
2017-06-01 06:14:09:446 - info: [debug] [MJSONWP] Responding to client with driver.click() result: true
2017-06-01 06:14:09:447 - info: [HTTP] <-- POST /wd/hub/session/1ec87b10-b9bd-4f1a-8b2f-f4831f14a772/element/2/click 200 149 ms - 76 
2017-06-01 06:14:09:512 - info: [HTTP] --> POST /wd/hub/session/1ec87b10-b9bd-4f1a-8b2f-f4831f14a772/timeouts {"type":"implicit","ms":0}
2017-06-01 06:14:09:512 - info: [debug] [MJSONWP] Calling AppiumDriver.timeouts() with args: ["implicit",0,"1ec87b10-b9bd-4f1a-8b2f-f4831f14a772"]
2017-06-01 06:14:09:514 - info: [debug] [BaseDriver] Set implicit wait to 0ms
2017-06-01 06:14:09:515 - info: [debug] [MJSONWP] Responding to client with driver.timeouts() result: null
2017-06-01 06:14:09:519 - info: [HTTP] <-- POST /wd/hub/session/1ec87b10-b9bd-4f1a-8b2f-f4831f14a772/timeouts 200 4 ms - 76 
2017-06-01 06:14:09:520 - info: [HTTP] --> GET /wd/hub/session/1ec87b10-b9bd-4f1a-8b2f-f4831f14a772/context {}
2017-06-01 06:14:09:521 - info: [debug] [MJSONWP] Calling AppiumDriver.getCurrentContext() with args: ["1ec87b10-b9bd-4f1a-8b2f-f4831f14a772"]
2017-06-01 06:14:09:522 - info: [debug] [MJSONWP] Responding to client with driver.getCurrentContext() result: "NATIVE_APP"
2017-06-01 06:14:09:524 - info: [HTTP] <-- GET /wd/hub/session/1ec87b10-b9bd-4f1a-8b2f-f4831f14a772/context 200 2 ms - 84 
2017-06-01 06:14:09:527 - info: [HTTP] --> POST /wd/hub/session/1ec87b10-b9bd-4f1a-8b2f-f4831f14a772/elements {"using":"id","value":"com.play.android:id/et_account"}
2017-06-01 06:14:09:527 - info: [debug] [MJSONWP] Calling AppiumDriver.findElements() with args: ["id","com.play.android:id/et_account","1ec87b10-b9bd-4f1a-8b2f-f4831f14a772"]
2017-06-01 06:14:09:528 - info: [debug] [BaseDriver] Valid locator strategies for this request: xpath, id, class name, accessibility id, -android uiautomator
2017-06-01 06:14:09:528 - info: [debug] [BaseDriver] Valid locator strategies for this request: xpath, id, class name, accessibility id, -android uiautomator
2017-06-01 06:14:09:529 - info: [debug] [BaseDriver] Waiting up to 0 ms for condition
2017-06-01 06:14:09:530 - info: [debug] [AndroidBootstrap] Sending command to android: {"cmd":"action","action":"find","params":{"strategy":"id","selector":"com.play.android:id/et_account","context":"","multiple":true}}
2017-06-01 06:14:09:534 - info: [AndroidBootstrap] [BOOTSTRAP LOG] [debug] Got data from client: {"cmd":"action","action":"find","params":{"strategy":"id","selector":"com.play.android:id/et_account","context":"","multiple":true}}
2017-06-01 06:14:09:534 - info: [AndroidBootstrap] [BOOTSTRAP LOG] [debug] Got command of type ACTION
2017-06-01 06:14:09:534 - info: [AndroidBootstrap] [BOOTSTRAP LOG] [debug] Got command action: find
2017-06-01 06:14:09:534 - info: [AndroidBootstrap] [BOOTSTRAP LOG] [debug] Finding 'com.play.android:id/et_account' using 'ID' with the contextId: '' multiple: true
2017-06-01 06:14:09:534 - info: [AndroidBootstrap] [BOOTSTRAP LOG] [debug] Using: UiSelector[RESOURCE_ID=com.play.android:id/et_account]
2017-06-01 06:14:09:535 - info: [AndroidBootstrap] [BOOTSTRAP LOG] [debug] getElements selector:UiSelector[RESOURCE_ID=com.play.android:id/et_account]
2017-06-01 06:14:09:535 - info: [AndroidBootstrap] [BOOTSTRAP LOG] [debug] Element[] is null: (0)
2017-06-01 06:14:09:535 - info: [AndroidBootstrap] [BOOTSTRAP LOG] [debug] getElements tmp selector:UiSelector[INSTANCE=0, RESOURCE_ID=com.play.android:id/et_account]
2017-06-01 06:14:10:144 - info: [AndroidBootstrap] [BOOTSTRAP LOG] [debug] Element[] is null: (1)
2017-06-01 06:14:10:144 - info: [AndroidBootstrap] [BOOTSTRAP LOG] [debug] getElements tmp selector:UiSelector[INSTANCE=1, RESOURCE_ID=com.play.android:id/et_account]
2017-06-01 06:14:10:273 - info: [AndroidBootstrap] [BOOTSTRAP LOG] [debug] Returning result: {"status":0,"value":[{"ELEMENT":"3"}]}
2017-06-01 06:14:10:274 - info: [debug] [AndroidBootstrap] Received command result from bootstrap
2017-06-01 06:14:10:275 - info: [debug] [MJSONWP] Responding to client with driver.findElements() result: [{"ELEMENT":"3"}]
2017-06-01 06:14:10:275 - info: [HTTP] <-- POST /wd/hub/session/1ec87b10-b9bd-4f1a-8b2f-f4831f14a772/elements 200 748 ms - 89 
2017-06-01 06:14:10:376 - info: [HTTP] --> POST /wd/hub/session/1ec87b10-b9bd-4f1a-8b2f-f4831f14a772/timeouts {"type":"implicit","ms":5000}
2017-06-01 06:14:10:377 - info: [debug] [MJSONWP] Calling AppiumDriver.timeouts() with args: ["implicit",5000,"1ec87b10-b9bd-4f1a-8b2f-f4831f14a772"]
2017-06-01 06:14:10:378 - info: [debug] [BaseDriver] Set implicit wait to 5000ms
2017-06-01 06:14:10:378 - info: [debug] [MJSONWP] Responding to client with driver.timeouts() result: null
2017-06-01 06:14:10:379 - info: [HTTP] <-- POST /wd/hub/session/1ec87b10-b9bd-4f1a-8b2f-f4831f14a772/timeouts 200 3 ms - 76 
2017-06-01 06:14:10:385 - info: [HTTP] --> POST /wd/hub/session/1ec87b10-b9bd-4f1a-8b2f-f4831f14a772/element/3/value {"id":"3","value":["18521035133"]}
2017-06-01 06:14:10:386 - info: [debug] [MJSONWP] Calling AppiumDriver.setValue() with args: [["18521035133"],"3","1ec87b10-b9bd-4f1a-8b2f-f4831f14a772"]
2017-06-01 06:14:10:388 - info: [debug] [AndroidBootstrap] Sending command to android: {"cmd":"action","action":"element:setText","params":{"elementId":"3","text":"18521035133","replace":false,"unicodeKeyboard":true}}
2017-06-01 06:14:10:400 - info: [AndroidBootstrap] [BOOTSTRAP LOG] [debug] Got data from client: {"cmd":"action","action":"element:setText","params":{"elementId":"3","text":"18521035133","replace":false,"unicodeKeyboard":true}}
2017-06-01 06:14:10:400 - info: [AndroidBootstrap] [BOOTSTRAP LOG] [debug] Got command of type ACTION
2017-06-01 06:14:10:400 - info: [AndroidBootstrap] [BOOTSTRAP LOG] [debug] Got command action: setText
2017-06-01 06:14:10:401 - info: [AndroidBootstrap] [BOOTSTRAP LOG] [debug] Using element passed in: 3
2017-06-01 06:14:10:411 - info: [AndroidBootstrap] [BOOTSTRAP LOG] [debug] Attempting to clear using UiObject.clearText().
2017-06-01 06:14:12:840 - info: [AndroidBootstrap] [BOOTSTRAP LOG] [debug] Text remains after clearing, but it appears to be hint text.
2017-06-01 06:14:12:865 - info: [AndroidBootstrap] [BOOTSTRAP LOG] [debug] Text not cleared. Assuming remainder is hint text.
2017-06-01 06:14:12:866 - info: [AndroidBootstrap] [BOOTSTRAP LOG] [debug] Sending plain text to element: 18521035133
2017-06-01 06:14:15:367 - info: [AndroidBootstrap] [BOOTSTRAP LOG] [debug] Returning result: {"status":0,"value":true}
2017-06-01 06:14:15:367 - info: [debug] [AndroidBootstrap] Received command result from bootstrap
2017-06-01 06:14:15:368 - info: [debug] [MJSONWP] Responding to client with driver.setValue() result: true
2017-06-01 06:14:15:369 - info: [HTTP] <-- POST /wd/hub/session/1ec87b10-b9bd-4f1a-8b2f-f4831f14a772/element/3/value 200 4982 ms - 76 
2017-06-01 06:14:15:425 - info: [HTTP] --> POST /wd/hub/session/1ec87b10-b9bd-4f1a-8b2f-f4831f14a772/timeouts {"type":"implicit","ms":0}
2017-06-01 06:14:15:425 - info: [debug] [MJSONWP] Calling AppiumDriver.timeouts() with args: ["implicit",0,"1ec87b10-b9bd-4f1a-8b2f-f4831f14a772"]
2017-06-01 06:14:15:427 - info: [debug] [BaseDriver] Set implicit wait to 0ms
2017-06-01 06:14:15:427 - info: [debug] [MJSONWP] Responding to client with driver.timeouts() result: null
2017-06-01 06:14:15:433 - info: [HTTP] <-- POST /wd/hub/session/1ec87b10-b9bd-4f1a-8b2f-f4831f14a772/timeouts 200 7 ms - 76 
2017-06-01 06:14:15:437 - info: [HTTP] --> GET /wd/hub/session/1ec87b10-b9bd-4f1a-8b2f-f4831f14a772/context {}
2017-06-01 06:14:15:438 - info: [debug] [MJSONWP] Calling AppiumDriver.getCurrentContext() with args: ["1ec87b10-b9bd-4f1a-8b2f-f4831f14a772"]
2017-06-01 06:14:15:438 - info: [debug] [MJSONWP] Responding to client with driver.getCurrentContext() result: "NATIVE_APP"
2017-06-01 06:14:15:439 - info: [HTTP] <-- GET /wd/hub/session/1ec87b10-b9bd-4f1a-8b2f-f4831f14a772/context 200 2 ms - 84 
2017-06-01 06:14:15:445 - info: [HTTP] --> POST /wd/hub/session/1ec87b10-b9bd-4f1a-8b2f-f4831f14a772/elements {"using":"id","value":"com.play.android:id/et_password"}
2017-06-01 06:14:15:445 - info: [debug] [MJSONWP] Calling AppiumDriver.findElements() with args: ["id","com.play.android:id/et_password","1ec87b10-b9bd-4f1a-8b2f-f4831f14a772"]
2017-06-01 06:14:15:446 - info: [debug] [BaseDriver] Valid locator strategies for this request: xpath, id, class name, accessibility id, -android uiautomator
2017-06-01 06:14:15:446 - info: [debug] [BaseDriver] Valid locator strategies for this request: xpath, id, class name, accessibility id, -android uiautomator
2017-06-01 06:14:15:446 - info: [debug] [BaseDriver] Waiting up to 0 ms for condition
2017-06-01 06:14:15:446 - info: [debug] [AndroidBootstrap] Sending command to android: {"cmd":"action","action":"find","params":{"strategy":"id","selector":"com.play.android:id/et_password","context":"","multiple":true}}
2017-06-01 06:14:15:451 - info: [AndroidBootstrap] [BOOTSTRAP LOG] [debug] Got data from client: {"cmd":"action","action":"find","params":{"strategy":"id","selector":"com.play.android:id/et_password","context":"","multiple":true}}
2017-06-01 06:14:15:451 - info: [AndroidBootstrap] [BOOTSTRAP LOG] [debug] Got command of type ACTION
2017-06-01 06:14:15:451 - info: [AndroidBootstrap] [BOOTSTRAP LOG] [debug] Got command action: find
2017-06-01 06:14:15:451 - info: [AndroidBootstrap] [BOOTSTRAP LOG] [debug] Finding 'com.play.android:id/et_password' using 'ID' with the contextId: '' multiple: true
2017-06-01 06:14:15:451 - info: [AndroidBootstrap] [BOOTSTRAP LOG] [debug] Using: UiSelector[RESOURCE_ID=com.play.android:id/et_password]
2017-06-01 06:14:15:452 - info: [AndroidBootstrap] [BOOTSTRAP LOG] [debug] getElements selector:UiSelector[RESOURCE_ID=com.play.android:id/et_password]
2017-06-01 06:14:15:452 - info: [AndroidBootstrap] [BOOTSTRAP LOG] [debug] Element[] is null: (0)
2017-06-01 06:14:15:452 - info: [AndroidBootstrap] [BOOTSTRAP LOG] [debug] getElements tmp selector:UiSelector[INSTANCE=0, RESOURCE_ID=com.play.android:id/et_password]
2017-06-01 06:14:15:913 - info: [AndroidBootstrap] [BOOTSTRAP LOG] [debug] Element[] is null: (1)
2017-06-01 06:14:15:913 - info: [AndroidBootstrap] [BOOTSTRAP LOG] [debug] getElements tmp selector:UiSelector[INSTANCE=1, RESOURCE_ID=com.play.android:id/et_password]
2017-06-01 06:14:15:929 - info: [AndroidBootstrap] [BOOTSTRAP LOG] [debug] Returning result: {"status":0,"value":[{"ELEMENT":"4"}]}
2017-06-01 06:14:15:932 - info: [debug] [AndroidBootstrap] Received command result from bootstrap
2017-06-01 06:14:15:938 - info: [debug] [MJSONWP] Responding to client with driver.findElements() result: [{"ELEMENT":"4"}]
2017-06-01 06:14:15:939 - info: [HTTP] <-- POST /wd/hub/session/1ec87b10-b9bd-4f1a-8b2f-f4831f14a772/elements 200 494 ms - 89 
2017-06-01 06:14:16:023 - info: [HTTP] --> POST /wd/hub/session/1ec87b10-b9bd-4f1a-8b2f-f4831f14a772/timeouts {"type":"implicit","ms":5000}
2017-06-01 06:14:16:024 - info: [debug] [MJSONWP] Calling AppiumDriver.timeouts() with args: ["implicit",5000,"1ec87b10-b9bd-4f1a-8b2f-f4831f14a772"]
2017-06-01 06:14:16:025 - info: [debug] [BaseDriver] Set implicit wait to 5000ms
2017-06-01 06:14:16:026 - info: [debug] [MJSONWP] Responding to client with driver.timeouts() result: null
2017-06-01 06:14:16:027 - info: [HTTP] <-- POST /wd/hub/session/1ec87b10-b9bd-4f1a-8b2f-f4831f14a772/timeouts 200 3 ms - 76 
2017-06-01 06:14:16:037 - info: [HTTP] --> POST /wd/hub/session/1ec87b10-b9bd-4f1a-8b2f-f4831f14a772/element/4/value {"id":"4","value":["111111"]}
2017-06-01 06:14:16:038 - info: [debug] [MJSONWP] Calling AppiumDriver.setValue() with args: [["111111"],"4","1ec87b10-b9bd-4f1a-8b2f-f4831f14a772"]
2017-06-01 06:14:16:040 - info: [debug] [AndroidBootstrap] Sending command to android: {"cmd":"action","action":"element:setText","params":{"elementId":"4","text":"111111","replace":false,"unicodeKeyboard":true}}
2017-06-01 06:14:16:047 - info: [AndroidBootstrap] [BOOTSTRAP LOG] [debug] Got data from client: {"cmd":"action","action":"element:setText","params":{"elementId":"4","text":"111111","replace":false,"unicodeKeyboard":true}}
2017-06-01 06:14:16:048 - info: [AndroidBootstrap] [BOOTSTRAP LOG] [debug] Got command of type ACTION
2017-06-01 06:14:16:049 - info: [AndroidBootstrap] [BOOTSTRAP LOG] [debug] Got command action: setText
2017-06-01 06:14:16:050 - info: [AndroidBootstrap] [BOOTSTRAP LOG] [debug] Using element passed in: 4
2017-06-01 06:14:16:072 - info: [AndroidBootstrap] [BOOTSTRAP LOG] [debug] Attempting to clear using UiObject.clearText().
2017-06-01 06:14:18:458 - info: [AndroidBootstrap] [BOOTSTRAP LOG] [debug] Sending plain text to element: 111111
2017-06-01 06:14:20:929 - info: [AndroidBootstrap] [BOOTSTRAP LOG] [debug] Returning result: {"status":0,"value":true}
2017-06-01 06:14:20:929 - info: [debug] [AndroidBootstrap] Received command result from bootstrap
2017-06-01 06:14:20:930 - info: [debug] [MJSONWP] Responding to client with driver.setValue() result: true
2017-06-01 06:14:20:932 - info: [HTTP] <-- POST /wd/hub/session/1ec87b10-b9bd-4f1a-8b2f-f4831f14a772/element/4/value 200 4893 ms - 76 
2017-06-01 06:14:20:993 - info: [HTTP] --> POST /wd/hub/session/1ec87b10-b9bd-4f1a-8b2f-f4831f14a772/timeouts {"type":"implicit","ms":0}
2017-06-01 06:14:20:993 - info: [debug] [MJSONWP] Calling AppiumDriver.timeouts() with args: ["implicit",0,"1ec87b10-b9bd-4f1a-8b2f-f4831f14a772"]
2017-06-01 06:14:20:994 - info: [debug] [BaseDriver] Set implicit wait to 0ms
2017-06-01 06:14:20:994 - info: [debug] [MJSONWP] Responding to client with driver.timeouts() result: null
2017-06-01 06:14:20:995 - info: [HTTP] <-- POST /wd/hub/session/1ec87b10-b9bd-4f1a-8b2f-f4831f14a772/timeouts 200 2 ms - 76 
2017-06-01 06:14:21:011 - info: [HTTP] --> GET /wd/hub/session/1ec87b10-b9bd-4f1a-8b2f-f4831f14a772/context {}
2017-06-01 06:14:21:012 - info: [debug] [MJSONWP] Calling AppiumDriver.getCurrentContext() with args: ["1ec87b10-b9bd-4f1a-8b2f-f4831f14a772"]
2017-06-01 06:14:21:013 - info: [debug] [MJSONWP] Responding to client with driver.getCurrentContext() result: "NATIVE_APP"
2017-06-01 06:14:21:014 - info: [HTTP] <-- GET /wd/hub/session/1ec87b10-b9bd-4f1a-8b2f-f4831f14a772/context 200 3 ms - 84 
2017-06-01 06:14:21:022 - info: [HTTP] --> POST /wd/hub/session/1ec87b10-b9bd-4f1a-8b2f-f4831f14a772/elements {"using":"id","value":"com.play.android:id/btn_login"}
2017-06-01 06:14:21:023 - info: [debug] [MJSONWP] Calling AppiumDriver.findElements() with args: ["id","com.play.android:id/btn_login","1ec87b10-b9bd-4f1a-8b2f-f4831f14a772"]
2017-06-01 06:14:21:024 - info: [debug] [BaseDriver] Valid locator strategies for this request: xpath, id, class name, accessibility id, -android uiautomator
2017-06-01 06:14:21:024 - info: [debug] [BaseDriver] Valid locator strategies for this request: xpath, id, class name, accessibility id, -android uiautomator
2017-06-01 06:14:21:024 - info: [debug] [BaseDriver] Waiting up to 0 ms for condition
2017-06-01 06:14:21:025 - info: [debug] [AndroidBootstrap] Sending command to android: {"cmd":"action","action":"find","params":{"strategy":"id","selector":"com.play.android:id/btn_login","context":"","multiple":true}}
2017-06-01 06:14:21:031 - info: [AndroidBootstrap] [BOOTSTRAP LOG] [debug] Got data from client: {"cmd":"action","action":"find","params":{"strategy":"id","selector":"com.play.android:id/btn_login","context":"","multiple":true}}
2017-06-01 06:14:21:031 - info: [AndroidBootstrap] [BOOTSTRAP LOG] [debug] Got command of type ACTION
2017-06-01 06:14:21:034 - info: [AndroidBootstrap] [BOOTSTRAP LOG] [debug] Got command action: find
2017-06-01 06:14:21:036 - info: [AndroidBootstrap] [BOOTSTRAP LOG] [debug] Finding 'com.play.android:id/btn_login' using 'ID' with the contextId: '' multiple: true
2017-06-01 06:14:21:036 - info: [AndroidBootstrap] [BOOTSTRAP LOG] [debug] Using: UiSelector[RESOURCE_ID=com.play.android:id/btn_login]
2017-06-01 06:14:21:037 - info: [AndroidBootstrap] [BOOTSTRAP LOG] [debug] getElements selector:UiSelector[RESOURCE_ID=com.play.android:id/btn_login]
2017-06-01 06:14:21:037 - info: [AndroidBootstrap] [BOOTSTRAP LOG] [debug] Element[] is null: (0)
2017-06-01 06:14:21:037 - info: [AndroidBootstrap] [BOOTSTRAP LOG] [debug] getElements tmp selector:UiSelector[INSTANCE=0, RESOURCE_ID=com.play.android:id/btn_login]
2017-06-01 06:14:21:428 - info: [AndroidBootstrap] [BOOTSTRAP LOG] [debug] Element[] is null: (1)
2017-06-01 06:14:21:429 - info: [AndroidBootstrap] [BOOTSTRAP LOG] [debug] getElements tmp selector:UiSelector[INSTANCE=1, RESOURCE_ID=com.play.android:id/btn_login]
2017-06-01 06:14:21:562 - info: [AndroidBootstrap] [BOOTSTRAP LOG] [debug] Returning result: {"status":0,"value":[{"ELEMENT":"5"}]}
2017-06-01 06:14:21:563 - info: [debug] [AndroidBootstrap] Received command result from bootstrap
2017-06-01 06:14:21:564 - info: [debug] [MJSONWP] Responding to client with driver.findElements() result: [{"ELEMENT":"5"}]
2017-06-01 06:14:21:564 - info: [HTTP] <-- POST /wd/hub/session/1ec87b10-b9bd-4f1a-8b2f-f4831f14a772/elements 200 542 ms - 89 
2017-06-01 06:14:21:698 - info: [HTTP] --> POST /wd/hub/session/1ec87b10-b9bd-4f1a-8b2f-f4831f14a772/timeouts {"type":"implicit","ms":5000}
2017-06-01 06:14:21:698 - info: [debug] [MJSONWP] Calling AppiumDriver.timeouts() with args: ["implicit",5000,"1ec87b10-b9bd-4f1a-8b2f-f4831f14a772"]
2017-06-01 06:14:21:699 - info: [debug] [BaseDriver] Set implicit wait to 5000ms
2017-06-01 06:14:21:700 - info: [debug] [MJSONWP] Responding to client with driver.timeouts() result: null
2017-06-01 06:14:21:701 - info: [HTTP] <-- POST /wd/hub/session/1ec87b10-b9bd-4f1a-8b2f-f4831f14a772/timeouts 200 3 ms - 76 
2017-06-01 06:14:21:714 - info: [HTTP] --> POST /wd/hub/session/1ec87b10-b9bd-4f1a-8b2f-f4831f14a772/element/5/click {"id":"5"}
2017-06-01 06:14:21:714 - info: [debug] [MJSONWP] Calling AppiumDriver.click() with args: ["5","1ec87b10-b9bd-4f1a-8b2f-f4831f14a772"]
2017-06-01 06:14:21:716 - info: [debug] [AndroidBootstrap] Sending command to android: {"cmd":"action","action":"element:click","params":{"elementId":"5"}}
2017-06-01 06:14:21:752 - info: [AndroidBootstrap] [BOOTSTRAP LOG] [debug] Got data from client: {"cmd":"action","action":"element:click","params":{"elementId":"5"}}
2017-06-01 06:14:21:753 - info: [AndroidBootstrap] [BOOTSTRAP LOG] [debug] Got command of type ACTION
2017-06-01 06:14:21:753 - info: [AndroidBootstrap] [BOOTSTRAP LOG] [debug] Got command action: click
2017-06-01 06:14:21:890 - info: [AndroidBootstrap] [BOOTSTRAP LOG] [debug] Returning result: {"status":0,"value":true}
2017-06-01 06:14:21:890 - info: [debug] [AndroidBootstrap] Received command result from bootstrap
2017-06-01 06:14:21:892 - info: [debug] [MJSONWP] Responding to client with driver.click() result: true
2017-06-01 06:14:21:893 - info: [HTTP] <-- POST /wd/hub/session/1ec87b10-b9bd-4f1a-8b2f-f4831f14a772/element/5/click 200 179 ms - 76 
2017-06-01 06:14:21:898 - info: [HTTP] --> GET /wd/hub/session/1ec87b10-b9bd-4f1a-8b2f-f4831f14a772/appium/device/current_activity {}
2017-06-01 06:14:21:899 - info: [debug] [MJSONWP] Calling AppiumDriver.getCurrentActivity() with args: ["1ec87b10-b9bd-4f1a-8b2f-f4831f14a772"]
2017-06-01 06:14:21:900 - info: [debug] [ADB] Getting focused package and activity
2017-06-01 06:14:21:901 - info: [debug] [ADB] Getting connected devices...
2017-06-01 06:14:21:927 - info: [debug] [ADB] 1 device(s) connected
2017-06-01 06:14:21:928 - info: [debug] [ADB] Running 'D:\SoftWare\SDK\platform-tools\adb.exe' with args: ["-P",5037,"-s","85GBBMA2353T","shell","dumpsys","window","windows"]
2017-06-01 06:14:21:976 - info: [debug] [MJSONWP] Responding to client with driver.getCurrentActivity() result: ".activity.member.LoginActivity"
2017-06-01 06:14:21:977 - info: [HTTP] <-- GET /wd/hub/session/1ec87b10-b9bd-4f1a-8b2f-f4831f14a772/appium/device/current_activity 200 78 ms - 104 
2017-06-01 06:14:22:981 - info: [HTTP] --> GET /wd/hub/session/1ec87b10-b9bd-4f1a-8b2f-f4831f14a772/appium/device/current_activity {}
2017-06-01 06:14:22:982 - info: [debug] [MJSONWP] Calling AppiumDriver.getCurrentActivity() with args: ["1ec87b10-b9bd-4f1a-8b2f-f4831f14a772"]
2017-06-01 06:14:22:983 - info: [debug] [ADB] Getting focused package and activity
2017-06-01 06:14:22:984 - info: [debug] [ADB] Getting connected devices...
2017-06-01 06:14:23:030 - info: [debug] [ADB] 1 device(s) connected
2017-06-01 06:14:23:031 - info: [debug] [ADB] Running 'D:\SoftWare\SDK\platform-tools\adb.exe' with args: ["-P",5037,"-s","85GBBMA2353T","shell","dumpsys","window","windows"]
2017-06-01 06:14:23:091 - info: [debug] [MJSONWP] Responding to client with driver.getCurrentActivity() result: ".activity.main.HomeActivity"
2017-06-01 06:14:23:092 - info: [HTTP] <-- GET /wd/hub/session/1ec87b10-b9bd-4f1a-8b2f-f4831f14a772/appium/device/current_activity 200 111 ms - 101 
2017-06-01 06:14:23:153 - info: [HTTP] --> POST /wd/hub/session/1ec87b10-b9bd-4f1a-8b2f-f4831f14a772/timeouts {"type":"implicit","ms":20000}
2017-06-01 06:14:23:154 - info: [debug] [MJSONWP] Calling AppiumDriver.timeouts() with args: ["implicit",20000,"1ec87b10-b9bd-4f1a-8b2f-f4831f14a772"]
2017-06-01 06:14:23:154 - info: [debug] [BaseDriver] Set implicit wait to 20000ms
2017-06-01 06:14:23:156 - info: [debug] [MJSONWP] Responding to client with driver.timeouts() result: null
2017-06-01 06:14:23:157 - info: [HTTP] <-- POST /wd/hub/session/1ec87b10-b9bd-4f1a-8b2f-f4831f14a772/timeouts 200 4 ms - 76 
2017-06-01 06:14:23:165 - info: [HTTP] --> GET /wd/hub/session/1ec87b10-b9bd-4f1a-8b2f-f4831f14a772/appium/device/current_activity {}
2017-06-01 06:14:23:166 - info: [debug] [MJSONWP] Calling AppiumDriver.getCurrentActivity() with args: ["1ec87b10-b9bd-4f1a-8b2f-f4831f14a772"]
2017-06-01 06:14:23:167 - info: [debug] [ADB] Getting focused package and activity
2017-06-01 06:14:23:168 - info: [debug] [ADB] Getting connected devices...
2017-06-01 06:14:23:237 - info: [debug] [ADB] 1 device(s) connected
2017-06-01 06:14:23:237 - info: [debug] [ADB] Running 'D:\SoftWare\SDK\platform-tools\adb.exe' with args: ["-P",5037,"-s","85GBBMA2353T","shell","dumpsys","window","windows"]
2017-06-01 06:14:23:289 - info: [debug] [MJSONWP] Responding to client with driver.getCurrentActivity() result: ".activity.main.HomeActivity"
2017-06-01 06:14:23:290 - info: [HTTP] <-- GET /wd/hub/session/1ec87b10-b9bd-4f1a-8b2f-f4831f14a772/appium/device/current_activity 200 125 ms - 101 
2017-06-01 06:14:23:318 - info: [HTTP] --> POST /wd/hub/session/1ec87b10-b9bd-4f1a-8b2f-f4831f14a772/timeouts {"type":"implicit","ms":0}
2017-06-01 06:14:23:319 - info: [debug] [MJSONWP] Calling AppiumDriver.timeouts() with args: ["implicit",0,"1ec87b10-b9bd-4f1a-8b2f-f4831f14a772"]
2017-06-01 06:14:23:319 - info: [debug] [BaseDriver] Set implicit wait to 0ms
2017-06-01 06:14:23:320 - info: [debug] [MJSONWP] Responding to client with driver.timeouts() result: null
2017-06-01 06:14:23:322 - info: [HTTP] <-- POST /wd/hub/session/1ec87b10-b9bd-4f1a-8b2f-f4831f14a772/timeouts 200 3 ms - 76 
2017-06-01 06:14:23:329 - info: [HTTP] --> GET /wd/hub/session/1ec87b10-b9bd-4f1a-8b2f-f4831f14a772/context {}
2017-06-01 06:14:23:329 - info: [debug] [MJSONWP] Calling AppiumDriver.getCurrentContext() with args: ["1ec87b10-b9bd-4f1a-8b2f-f4831f14a772"]
2017-06-01 06:14:23:331 - info: [debug] [MJSONWP] Responding to client with driver.getCurrentContext() result: "NATIVE_APP"
2017-06-01 06:14:23:332 - info: [HTTP] <-- GET /wd/hub/session/1ec87b10-b9bd-4f1a-8b2f-f4831f14a772/context 200 3 ms - 84 
2017-06-01 06:14:23:337 - info: [HTTP] --> POST /wd/hub/session/1ec87b10-b9bd-4f1a-8b2f-f4831f14a772/elements {"using":"id","value":"com.play.android:id/sdv_image"}
2017-06-01 06:14:23:338 - info: [debug] [MJSONWP] Calling AppiumDriver.findElements() with args: ["id","com.play.android:id/sdv_image","1ec87b10-b9bd-4f1a-8b2f-f4831f14a772"]
2017-06-01 06:14:23:339 - info: [debug] [BaseDriver] Valid locator strategies for this request: xpath, id, class name, accessibility id, -android uiautomator
2017-06-01 06:14:23:339 - info: [debug] [BaseDriver] Valid locator strategies for this request: xpath, id, class name, accessibility id, -android uiautomator
2017-06-01 06:14:23:341 - info: [debug] [BaseDriver] Waiting up to 0 ms for condition
2017-06-01 06:14:23:342 - info: [debug] [AndroidBootstrap] Sending command to android: {"cmd":"action","action":"find","params":{"strategy":"id","selector":"com.play.android:id/sdv_image","context":"","multiple":true}}
2017-06-01 06:14:23:348 - info: [AndroidBootstrap] [BOOTSTRAP LOG] [debug] Got data from client: {"cmd":"action","action":"find","params":{"strategy":"id","selector":"com.play.android:id/sdv_image","context":"","multiple":true}}
2017-06-01 06:14:23:349 - info: [AndroidBootstrap] [BOOTSTRAP LOG] [debug] Got command of type ACTION
2017-06-01 06:14:23:349 - info: [AndroidBootstrap] [BOOTSTRAP LOG] [debug] Got command action: find
2017-06-01 06:14:23:349 - info: [AndroidBootstrap] [BOOTSTRAP LOG] [debug] Finding 'com.play.android:id/sdv_image' using 'ID' with the contextId: '' multiple: true
2017-06-01 06:14:23:350 - info: [AndroidBootstrap] [BOOTSTRAP LOG] [debug] Using: UiSelector[RESOURCE_ID=com.play.android:id/sdv_image]
2017-06-01 06:14:23:350 - info: [AndroidBootstrap] [BOOTSTRAP LOG] [debug] getElements selector:UiSelector[RESOURCE_ID=com.play.android:id/sdv_image]
2017-06-01 06:14:23:350 - info: [AndroidBootstrap] [BOOTSTRAP LOG] [debug] Element[] is null: (0)
2017-06-01 06:14:23:350 - info: [AndroidBootstrap] [BOOTSTRAP LOG] [debug] getElements tmp selector:UiSelector[INSTANCE=0, RESOURCE_ID=com.play.android:id/sdv_image]
2017-06-01 06:14:23:381 - info: [AndroidBootstrap] [BOOTSTRAP LOG] [debug] Element[] is null: (1)
2017-06-01 06:14:23:382 - info: [AndroidBootstrap] [BOOTSTRAP LOG] [debug] getElements tmp selector:UiSelector[INSTANCE=1, RESOURCE_ID=com.play.android:id/sdv_image]
2017-06-01 06:14:23:413 - info: [AndroidBootstrap] [BOOTSTRAP LOG] [debug] Element[] is null: (2)
2017-06-01 06:14:23:413 - info: [AndroidBootstrap] [BOOTSTRAP LOG] [debug] getElements tmp selector:UiSelector[INSTANCE=2, RESOURCE_ID=com.play.android:id/sdv_image]
2017-06-01 06:14:23:580 - info: [AndroidBootstrap] [BOOTSTRAP LOG] [debug] Returning result: {"status":0,"value":[{"ELEMENT":"6"},{"ELEMENT":"7"}]}
2017-06-01 06:14:23:581 - info: [debug] [AndroidBootstrap] Received command result from bootstrap
2017-06-01 06:14:23:582 - info: [debug] [MJSONWP] Responding to client with driver.findElements() result: [{"ELEMENT":"6"},{"ELEMENT":"7"}]
2017-06-01 06:14:23:583 - info: [HTTP] <-- POST /wd/hub/session/1ec87b10-b9bd-4f1a-8b2f-f4831f14a772/elements 200 246 ms - 105 
2017-06-01 06:14:23:714 - info: [HTTP] --> POST /wd/hub/session/1ec87b10-b9bd-4f1a-8b2f-f4831f14a772/timeouts {"type":"implicit","ms":20000}
2017-06-01 06:14:23:714 - info: [debug] [MJSONWP] Calling AppiumDriver.timeouts() with args: ["implicit",20000,"1ec87b10-b9bd-4f1a-8b2f-f4831f14a772"]
2017-06-01 06:14:23:714 - info: [debug] [BaseDriver] Set implicit wait to 20000ms
2017-06-01 06:14:23:715 - info: [debug] [MJSONWP] Responding to client with driver.timeouts() result: null
2017-06-01 06:14:23:716 - info: [HTTP] <-- POST /wd/hub/session/1ec87b10-b9bd-4f1a-8b2f-f4831f14a772/timeouts 200 2 ms - 76 
2017-06-01 06:14:23:741 - info: [HTTP] --> POST /wd/hub/session/1ec87b10-b9bd-4f1a-8b2f-f4831f14a772/timeouts {"type":"implicit","ms":0}
2017-06-01 06:14:23:742 - info: [debug] [MJSONWP] Calling AppiumDriver.timeouts() with args: ["implicit",0,"1ec87b10-b9bd-4f1a-8b2f-f4831f14a772"]
2017-06-01 06:14:23:743 - info: [debug] [BaseDriver] Set implicit wait to 0ms
2017-06-01 06:14:23:746 - info: [debug] [MJSONWP] Responding to client with driver.timeouts() result: null
2017-06-01 06:14:23:747 - info: [HTTP] <-- POST /wd/hub/session/1ec87b10-b9bd-4f1a-8b2f-f4831f14a772/timeouts 200 6 ms - 76 
2017-06-01 06:14:23:753 - info: [HTTP] --> GET /wd/hub/session/1ec87b10-b9bd-4f1a-8b2f-f4831f14a772/context {}
2017-06-01 06:14:23:754 - info: [debug] [MJSONWP] Calling AppiumDriver.getCurrentContext() with args: ["1ec87b10-b9bd-4f1a-8b2f-f4831f14a772"]
2017-06-01 06:14:23:755 - info: [debug] [MJSONWP] Responding to client with driver.getCurrentContext() result: "NATIVE_APP"
2017-06-01 06:14:23:757 - info: [HTTP] <-- GET /wd/hub/session/1ec87b10-b9bd-4f1a-8b2f-f4831f14a772/context 200 3 ms - 84 
2017-06-01 06:14:23:760 - info: [HTTP] --> POST /wd/hub/session/1ec87b10-b9bd-4f1a-8b2f-f4831f14a772/elements {"using":"id","value":"com.play.android:id/sdv_image"}
2017-06-01 06:14:23:761 - info: [debug] [MJSONWP] Calling AppiumDriver.findElements() with args: ["id","com.play.android:id/sdv_image","1ec87b10-b9bd-4f1a-8b2f-f4831f14a772"]
2017-06-01 06:14:23:762 - info: [debug] [BaseDriver] Valid locator strategies for this request: xpath, id, class name, accessibility id, -android uiautomator
2017-06-01 06:14:23:762 - info: [debug] [BaseDriver] Valid locator strategies for this request: xpath, id, class name, accessibility id, -android uiautomator
2017-06-01 06:14:23:763 - info: [debug] [BaseDriver] Waiting up to 0 ms for condition
2017-06-01 06:14:23:763 - info: [debug] [AndroidBootstrap] Sending command to android: {"cmd":"action","action":"find","params":{"strategy":"id","selector":"com.play.android:id/sdv_image","context":"","multiple":true}}
2017-06-01 06:14:23:774 - info: [AndroidBootstrap] [BOOTSTRAP LOG] [debug] Got data from client: {"cmd":"action","action":"find","params":{"strategy":"id","selector":"com.play.android:id/sdv_image","context":"","multiple":true}}
2017-06-01 06:14:23:775 - info: [AndroidBootstrap] [BOOTSTRAP LOG] [debug] Got command of type ACTION
2017-06-01 06:14:23:775 - info: [AndroidBootstrap] [BOOTSTRAP LOG] [debug] Got command action: find
2017-06-01 06:14:23:776 - info: [AndroidBootstrap] [BOOTSTRAP LOG] [debug] Finding 'com.play.android:id/sdv_image' using 'ID' with the contextId: '' multiple: true
2017-06-01 06:14:23:776 - info: [AndroidBootstrap] [BOOTSTRAP LOG] [debug] Using: UiSelector[RESOURCE_ID=com.play.android:id/sdv_image]
2017-06-01 06:14:23:776 - info: [AndroidBootstrap] [BOOTSTRAP LOG] [debug] getElements selector:UiSelector[RESOURCE_ID=com.play.android:id/sdv_image]
2017-06-01 06:14:23:776 - info: [AndroidBootstrap] [BOOTSTRAP LOG] [debug] Element[] is null: (0)
2017-06-01 06:14:23:777 - info: [AndroidBootstrap] [BOOTSTRAP LOG] [debug] getElements tmp selector:UiSelector[INSTANCE=0, RESOURCE_ID=com.play.android:id/sdv_image]
2017-06-01 06:14:24:989 - info: [AndroidBootstrap] [BOOTSTRAP LOG] [debug] Element[] is null: (1)
2017-06-01 06:14:24:990 - info: [AndroidBootstrap] [BOOTSTRAP LOG] [debug] getElements tmp selector:UiSelector[INSTANCE=1, RESOURCE_ID=com.play.android:id/sdv_image]
2017-06-01 06:14:25:004 - info: [AndroidBootstrap] [BOOTSTRAP LOG] [debug] Element[] is null: (2)
2017-06-01 06:14:25:005 - info: [AndroidBootstrap] [BOOTSTRAP LOG] [debug] getElements tmp selector:UiSelector[INSTANCE=2, RESOURCE_ID=com.play.android:id/sdv_image]
2017-06-01 06:14:25:058 - info: [AndroidBootstrap] [BOOTSTRAP LOG] [debug] Returning result: {"status":0,"value":[{"ELEMENT":"8"},{"ELEMENT":"9"}]}
2017-06-01 06:14:25:060 - info: [debug] [AndroidBootstrap] Received command result from bootstrap
2017-06-01 06:14:25:062 - info: [debug] [MJSONWP] Responding to client with driver.findElements() result: [{"ELEMENT":"8"},{"ELEMENT":"9"}]
2017-06-01 06:14:25:063 - info: [HTTP] <-- POST /wd/hub/session/1ec87b10-b9bd-4f1a-8b2f-f4831f14a772/elements 200 1302 ms - 105 
2017-06-01 06:14:25:187 - info: [HTTP] --> POST /wd/hub/session/1ec87b10-b9bd-4f1a-8b2f-f4831f14a772/timeouts {"type":"implicit","ms":20000}
2017-06-01 06:14:25:188 - info: [debug] [MJSONWP] Calling AppiumDriver.timeouts() with args: ["implicit",20000,"1ec87b10-b9bd-4f1a-8b2f-f4831f14a772"]
2017-06-01 06:14:25:189 - info: [debug] [BaseDriver] Set implicit wait to 20000ms
2017-06-01 06:14:25:190 - info: [debug] [MJSONWP] Responding to client with driver.timeouts() result: null
2017-06-01 06:14:25:191 - info: [HTTP] <-- POST /wd/hub/session/1ec87b10-b9bd-4f1a-8b2f-f4831f14a772/timeouts 200 3 ms - 76 
2017-06-01 06:14:25:204 - info: [HTTP] --> POST /wd/hub/session/1ec87b10-b9bd-4f1a-8b2f-f4831f14a772/element/9/click {"id":"9"}
2017-06-01 06:14:25:205 - info: [debug] [MJSONWP] Calling AppiumDriver.click() with args: ["9","1ec87b10-b9bd-4f1a-8b2f-f4831f14a772"]
2017-06-01 06:14:25:205 - info: [debug] [AndroidBootstrap] Sending command to android: {"cmd":"action","action":"element:click","params":{"elementId":"9"}}
2017-06-01 06:14:25:208 - info: [AndroidBootstrap] [BOOTSTRAP LOG] [debug] Got data from client: {"cmd":"action","action":"element:click","params":{"elementId":"9"}}
2017-06-01 06:14:25:208 - info: [AndroidBootstrap] [BOOTSTRAP LOG] [debug] Got command of type ACTION
2017-06-01 06:14:25:209 - info: [AndroidBootstrap] [BOOTSTRAP LOG] [debug] Got command action: click
2017-06-01 06:14:25:343 - info: [AndroidBootstrap] [BOOTSTRAP LOG] [debug] Returning result: {"status":0,"value":true}
2017-06-01 06:14:25:343 - info: [debug] [AndroidBootstrap] Received command result from bootstrap
2017-06-01 06:14:25:345 - info: [debug] [MJSONWP] Responding to client with driver.click() result: true
2017-06-01 06:14:25:345 - info: [HTTP] <-- POST /wd/hub/session/1ec87b10-b9bd-4f1a-8b2f-f4831f14a772/element/9/click 200 141 ms - 76 
2017-06-01 06:14:25:349 - info: [HTTP] --> GET /wd/hub/session/1ec87b10-b9bd-4f1a-8b2f-f4831f14a772/appium/device/current_activity {}
2017-06-01 06:14:25:350 - info: [debug] [MJSONWP] Calling AppiumDriver.getCurrentActivity() with args: ["1ec87b10-b9bd-4f1a-8b2f-f4831f14a772"]
2017-06-01 06:14:25:350 - info: [debug] [ADB] Getting focused package and activity
2017-06-01 06:14:25:351 - info: [debug] [ADB] Getting connected devices...
2017-06-01 06:14:25:379 - info: [debug] [ADB] 1 device(s) connected
2017-06-01 06:14:25:380 - info: [debug] [ADB] Running 'D:\SoftWare\SDK\platform-tools\adb.exe' with args: ["-P",5037,"-s","85GBBMA2353T","shell","dumpsys","window","windows"]
2017-06-01 06:14:25:422 - info: [debug] [MJSONWP] Responding to client with driver.getCurrentActivity() result: ".activity.product.ProductClassifitionActivity"
2017-06-01 06:14:25:423 - info: [HTTP] <-- GET /wd/hub/session/1ec87b10-b9bd-4f1a-8b2f-f4831f14a772/appium/device/current_activity 200 74 ms - 119 
2017-06-01 06:14:25:427 - info: [HTTP] --> GET /wd/hub/session/1ec87b10-b9bd-4f1a-8b2f-f4831f14a772/contexts {}
2017-06-01 06:14:25:427 - info: [debug] [MJSONWP] Calling AppiumDriver.getContexts() with args: ["1ec87b10-b9bd-4f1a-8b2f-f4831f14a772"]
2017-06-01 06:14:25:429 - info: [debug] [AndroidDriver] Getting a list of available webviews
2017-06-01 06:14:25:430 - info: [debug] [ADB] Getting connected devices...
2017-06-01 06:14:25:452 - info: [debug] [ADB] 1 device(s) connected
2017-06-01 06:14:25:453 - info: [debug] [ADB] Running 'D:\SoftWare\SDK\platform-tools\adb.exe' with args: ["-P",5037,"-s","85GBBMA2353T","shell","cat","/proc/net/unix"]
2017-06-01 06:14:25:489 - info: [debug] [AndroidDriver] WEBVIEW_25360 mapped to pid 25360
2017-06-01 06:14:25:489 - info: [debug] [AndroidDriver] Getting process name for webview
2017-06-01 06:14:25:490 - info: [debug] [ADB] Getting connected devices...
2017-06-01 06:14:25:517 - info: [debug] [ADB] 1 device(s) connected
2017-06-01 06:14:25:517 - info: [debug] [ADB] Running 'D:\SoftWare\SDK\platform-tools\adb.exe' with args: ["-P",5037,"-s","85GBBMA2353T","shell","ps"]
2017-06-01 06:14:25:597 - info: [debug] [AndroidDriver] Parsed pid: 25360 pkg: com.play.android!
2017-06-01 06:14:25:597 - info: [debug] [AndroidDriver] from: u0_a439,25360,368,1871856,168128,ffffffff,00000000,R,com.play.android
2017-06-01 06:14:25:598 - info: [debug] [AndroidDriver] returning process name: com.play.android
2017-06-01 06:14:25:598 - info: [debug] [AndroidDriver] Found webviews: ["WEBVIEW_com.play.android"]
2017-06-01 06:14:25:599 - info: [debug] [AndroidDriver] Available contexts: ["NATIVE_APP","WEBVIEW_com.play.android"]
2017-06-01 06:14:25:599 - info: [debug] [MJSONWP] Responding to client with driver.getContexts() result: ["NATIVE_APP","WEBVIEW_com.play.android"]
2017-06-01 06:14:25:600 - info: [HTTP] <-- GET /wd/hub/session/1ec87b10-b9bd-4f1a-8b2f-f4831f14a772/contexts 200 173 ms - 113 
2017-06-01 06:14:25:609 - info: [HTTP] --> POST /wd/hub/session/1ec87b10-b9bd-4f1a-8b2f-f4831f14a772/context {"name":"WEBVIEW_com.play.android"}
2017-06-01 06:14:25:612 - info: [debug] [MJSONWP] Calling AppiumDriver.setContext() with args: ["WEBVIEW_com.play.android","1ec87b10-b9bd-4f1a-8b2f-f4831f14a772"]
2017-06-01 06:14:25:613 - info: [debug] [AndroidDriver] Getting a list of available webviews
2017-06-01 06:14:25:614 - info: [debug] [ADB] Getting connected devices...
2017-06-01 06:14:25:639 - info: [debug] [ADB] 1 device(s) connected
2017-06-01 06:14:25:640 - info: [debug] [ADB] Running 'D:\SoftWare\SDK\platform-tools\adb.exe' with args: ["-P",5037,"-s","85GBBMA2353T","shell","cat","/proc/net/unix"]
2017-06-01 06:14:25:678 - info: [debug] [AndroidDriver] WEBVIEW_25360 mapped to pid 25360
2017-06-01 06:14:25:678 - info: [debug] [AndroidDriver] Getting process name for webview
2017-06-01 06:14:25:678 - info: [debug] [ADB] Getting connected devices...
2017-06-01 06:14:25:705 - info: [debug] [ADB] 1 device(s) connected
2017-06-01 06:14:25:705 - info: [debug] [ADB] Running 'D:\SoftWare\SDK\platform-tools\adb.exe' with args: ["-P",5037,"-s","85GBBMA2353T","shell","ps"]
2017-06-01 06:14:25:784 - info: [debug] [AndroidDriver] Parsed pid: 25360 pkg: com.play.android!
2017-06-01 06:14:25:785 - info: [debug] [AndroidDriver] from: u0_a439,25360,368,1989460,173848,ffffffff,00000000,S,com.play.android
2017-06-01 06:14:25:785 - info: [debug] [AndroidDriver] returning process name: com.play.android
2017-06-01 06:14:25:785 - info: [debug] [AndroidDriver] Found webviews: ["WEBVIEW_com.play.android"]
2017-06-01 06:14:25:786 - info: [debug] [AndroidDriver] Available contexts: ["NATIVE_APP","WEBVIEW_com.play.android"]
2017-06-01 06:14:25:787 - info: [debug] [AndroidDriver] Connecting to chrome-backed webview context 'WEBVIEW_com.play.android'
2017-06-01 06:14:25:805 - info: [debug] [AndroidDriver] A port was not given, using random port: 8000
2017-06-01 06:14:25:806 - info: [debug] [Chromedriver] Changed state to 'starting'
2017-06-01 06:14:25:808 - info: [Chromedriver] Set chromedriver binary as: D:\MyProgram\nodejs\node_modules\appium\node_modules\appium-chromedriver\chromedriver\win\chromedriver.exe
2017-06-01 06:14:25:809 - info: [Chromedriver] Killing any old chromedrivers, running: FOR /F "usebackq tokens=5" %a in (`netstat -nao ^| findstr /R /C:"8000 "`) do (FOR /F "usebackq" %b in (`TASKLIST /FI "PID eq %a" ^| findstr /I chromedriver.exe`) do (IF NOT %b=="" TASKKILL /F /PID %a))
2017-06-01 06:14:25:960 - info: [Chromedriver] No old chromedrivers seemed to exist
2017-06-01 06:14:25:960 - info: [Chromedriver] Spawning chromedriver with: D:\MyProgram\nodejs\node_modules\appium\node_modules\appium-chromedriver\chromedriver\win\chromedriver.exe --url-base=wd/hub --port=8000 --adb-port=5037
2017-06-01 06:14:25:985 - info: [Chromedriver] [STDOUT] Starting ChromeDriver 2.27.440174 (e97a722caafc2d3a8b807ee115bfb307f7d2cfd9) on port 8000
Only local connections are allowed.
2017-06-01 06:14:25:988 - info: [debug] [JSONWP Proxy] Proxying [GET /status] to [GET http://127.0.0.1:8000/wd/hub/status] with no body
2017-06-01 06:14:26:009 - info: [debug] [JSONWP Proxy] Got response with status 200: "{\"sessionId\":\"\",\"status\":0,\"value\":{\"build\":{\"version\":\"alpha\"},\"os\":{\"arch\":\"x86_64\",\"name\":\"Windows NT\",\"version\":\"6.1.7601 SP1\"}}}"
2017-06-01 06:14:26:010 - info: [debug] [JSONWP Proxy] Proxying [POST /session] to [POST http://127.0.0.1:8000/wd/hub/session] with body: {"desiredCapabilities":{"chromeOptions":{"androidPackage":"com.play.android","androidUseRunningApp":true,"androidDeviceSerial":"85GBBMA2353T"}}}
2017-06-01 06:14:26:794 - info: [debug] [JSONWP Proxy] Got response with status 200: {"sessionId":"0591e707f43979b2bcb991cce1fe9b8e","status":13,"value":{"message":"unknown error: Chrome version must be >= 54.0.2840.0\n  (Driver info: chromedriver=2.27.440174 (e97a722caafc2d3a8b807ee115bfb307f7d2cfd9),platform=Windows NT 6.1.7601 SP1 x86_64)"}}
2017-06-01 06:14:27:024 - info: [debug] [JSONWP Proxy] Proxying [POST /session] to [POST http://127.0.0.1:8000/wd/hub/session] with body: {"desiredCapabilities":{"chromeOptions":{"androidPackage":"com.play.android","androidUseRunningApp":true,"androidDeviceSerial":"85GBBMA2353T"}}}
2017-06-01 06:14:27:519 - info: [debug] [JSONWP Proxy] Got response with status 200: {"sessionId":"14ee40c205afc99c872517e8a6830ddf","status":13,"value":{"message":"unknown error: Chrome version must be >= 54.0.2840.0\n  (Driver info: chromedriver=2.27.440174 (e97a722caafc2d3a8b807ee115bfb307f7d2cfd9),platform=Windows NT 6.1.7601 SP1 x86_64)"}}
2017-06-01 06:14:27:721 - info: [debug] [JSONWP Proxy] Proxying [POST /session] to [POST http://127.0.0.1:8000/wd/hub/session] with body: {"desiredCapabilities":{"chromeOptions":{"androidPackage":"com.play.android","androidUseRunningApp":true,"androidDeviceSerial":"85GBBMA2353T"}}}
2017-06-01 06:14:28:295 - info: [debug] [JSONWP Proxy] Got response with status 200: {"sessionId":"015a3c78911bffeb4bf6fc31346cbd05","status":13,"value":{"message":"unknown error: Chrome version must be >= 54.0.2840.0\n  (Driver info: chromedriver=2.27.440174 (e97a722caafc2d3a8b807ee115bfb307f7d2cfd9),platform=Windows NT 6.1.7601 SP1 x86_64)"}}
2017-06-01 06:14:28:495 - info: [debug] [JSONWP Proxy] Proxying [POST /session] to [POST http://127.0.0.1:8000/wd/hub/session] with body: {"desiredCapabilities":{"chromeOptions":{"androidPackage":"com.play.android","androidUseRunningApp":true,"androidDeviceSerial":"85GBBMA2353T"}}}
2017-06-01 06:14:29:034 - info: [debug] [JSONWP Proxy] Got response with status 200: {"sessionId":"130560ebd226f73ea212e576a91529c5","status":13,"value":{"message":"unknown error: Chrome version must be >= 54.0.2840.0\n  (Driver info: chromedriver=2.27.440174 (e97a722caafc2d3a8b807ee115bfb307f7d2cfd9),platform=Windows NT 6.1.7601 SP1 x86_64)"}}
2017-06-01 06:14:29:255 - error: [Chromedriver] Chromedriver exited unexpectedly with code null, signal SIGTERM
2017-06-01 06:14:29:256 - info: [debug] [Chromedriver] Changed state to 'stopped'
2017-06-01 06:14:29:286 - error: [Chromedriver] Error: unknown error: Chrome version must be >= 54.0.2840.0
  (Driver info: chromedriver=2.27.440174 (e97a722caafc2d3a8b807ee115bfb307f7d2cfd9),platform=Windows NT 6.1.7601 SP1 x86_64)
    at Chromedriver.callee$2$0$ (../../lib/chromedriver.js:176:15)
    at tryCatch (D:\MyProgram\nodejs\node_modules\appium\node_modules\babel-runtime\regenerator\runtime.js:67:40)
    at GeneratorFunctionPrototype.invoke [as _invoke] (D:\MyProgram\nodejs\node_modules\appium\node_modules\babel-runtime\regenerator\runtime.js:315:22)
    at GeneratorFunctionPrototype.prototype.(anonymous function) [as next] (D:\MyProgram\nodejs\node_modules\appium\node_modules\babel-runtime\regenerator\runtime.js:100:21)
    at GeneratorFunctionPrototype.invoke (D:\MyProgram\nodejs\node_modules\appium\node_modules\babel-runtime\regenerator\runtime.js:136:37)
 Error: unknown error: Chrome version must be >= 54.0.2840.0
  (Driver info: chromedriver=2.27.440174 (e97a722caafc2d3a8b807ee115bfb307f7d2cfd9),platform=Windows NT 6.1.7601 SP1 x86_64)
    at Chromedriver.callee$2$0$ (../../lib/chromedriver.js:176:15)
    at tryCatch (D:\MyProgram\nodejs\node_modules\appium\node_modules\babel-runtime\regenerator\runtime.js:67:40)
    at GeneratorFunctionPrototype.invoke [as _invoke] (D:\MyProgram\nodejs\node_modules\appium\node_modules\babel-runtime\regenerator\runtime.js:315:22)
    at GeneratorFunctionPrototype.prototype.(anonymous function) [as next] (D:\MyProgram\nodejs\node_modules\appium\node_modules\babel-runtime\regenerator\runtime.js:100:21)
    at GeneratorFunctionPrototype.invoke (D:\MyProgram\nodejs\node_modules\appium\node_modules\babel-runtime\regenerator\runtime.js:136:37)
2017-06-01 06:14:29:288 - error: [MJSONWP] Encountered internal error running command: Error: unknown error: Chrome version must be >= 54.0.2840.0
  (Driver info: chromedriver=2.27.440174 (e97a722caafc2d3a8b807ee115bfb307f7d2cfd9),platform=Windows NT 6.1.7601 SP1 x86_64)
    at Chromedriver.callee$2$0$ (../../lib/chromedriver.js:176:15)
    at tryCatch (D:\MyProgram\nodejs\node_modules\appium\node_modules\babel-runtime\regenerator\runtime.js:67:40)
    at GeneratorFunctionPrototype.invoke [as _invoke] (D:\MyProgram\nodejs\node_modules\appium\node_modules\babel-runtime\regenerator\runtime.js:315:22)
    at GeneratorFunctionPrototype.prototype.(anonymous function) [as next] (D:\MyProgram\nodejs\node_modules\appium\node_modules\babel-runtime\regenerator\runtime.js:100:21)
    at GeneratorFunctionPrototype.invoke (D:\MyProgram\nodejs\node_modules\appium\node_modules\babel-runtime\regenerator\runtime.js:136:37)
2017-06-01 06:14:29:289 - info: [HTTP] <-- POST /wd/hub/session/1ec87b10-b9bd-4f1a-8b2f-f4831f14a772/context 500 3679 ms - 349 
2017-06-01 06:14:29:311 - info: [HTTP] --> POST /wd/hub/session/1ec87b10-b9bd-4f1a-8b2f-f4831f14a772/appium/app/close {}
2017-06-01 06:14:29:312 - info: [debug] [MJSONWP] Calling AppiumDriver.closeApp() with args: ["1ec87b10-b9bd-4f1a-8b2f-f4831f14a772"]
2017-06-01 06:14:29:314 - info: [debug] [ADB] Getting connected devices...
2017-06-01 06:14:29:338 - info: [debug] [ADB] 1 device(s) connected
2017-06-01 06:14:29:338 - info: [debug] [ADB] Running 'D:\SoftWare\SDK\platform-tools\adb.exe' with args: ["-P",5037,"-s","85GBBMA2353T","shell","am","force-stop","com.play.android"]
2017-06-01 06:14:30:096 - info: [debug] [MJSONWP] Responding to client with driver.closeApp() result: null
2017-06-01 06:14:30:098 - info: [HTTP] <-- POST /wd/hub/session/1ec87b10-b9bd-4f1a-8b2f-f4831f14a772/appium/app/close 200 786 ms - 76 
