2017-05-31 07:52:19:543 - info: [Appium] Welcome to Appium v1.6.5
2017-05-31 07:52:19:543 - info: [Appium] Non-default server args:
2017-05-31 07:52:19:543 - info: [Appium]   address: 127.0.0.1
2017-05-31 07:52:19:543 - info: [Appium]   log: D:\workSpace\EclipseProjects\AppiumForEclipse\log\1496217133240.log
2017-05-31 07:52:19:622 - info: [Appium] Appium REST http interface listener started on 127.0.0.1:4723
2017-05-31 07:52:20:142 - info: [HTTP] --> GET /wd/hub/status {}
2017-05-31 07:52:20:158 - info: [debug] [MJSONWP] Calling AppiumDriver.getStatus() with args: []
2017-05-31 07:52:20:204 - info: [debug] [MJSONWP] Responding to client with driver.getStatus() result: {"build":{"version":"1.6.5","revision":null}}
2017-05-31 07:52:20:204 - info: [HTTP] <-- GET /wd/hub/status 200 64 ms - 83 
2017-05-31 07:52:20:220 - info: [HTTP] --> GET /wd/hub/status {}
2017-05-31 07:52:20:220 - info: [debug] [MJSONWP] Calling AppiumDriver.getStatus() with args: []
2017-05-31 07:52:20:267 - info: [debug] [MJSONWP] Responding to client with driver.getStatus() result: {"build":{"version":"1.6.5","revision":null}}
2017-05-31 07:52:20:267 - info: [HTTP] <-- GET /wd/hub/status 200 45 ms - 83 
2017-05-31 07:52:20:914 - info: [HTTP] --> POST /wd/hub/session {"desiredCapabilities":{"appPackage":"com.play.android","appActivity":"com.play.android.activity.SplashActivity","app":"D:\\workSpace\\EclipseProjects\\AppiumForEclipse\\apps\\play.apk","noSign":"True","unicodeKeyboard":"True","platformName":"Android","deviceName":"022TAS7N51009853","resetKeyboard":"True"}}
2017-05-31 07:52:20:914 - info: [debug] [MJSONWP] Calling AppiumDriver.createSession() with args: [{"appPackage":"com.play.android","appActivity":"com.play.android.activity.SplashActivity","app":"D:\\workSpace\\EclipseProjects\\AppiumForEclipse\\apps\\play.apk","noSign":"True","unicodeKeyboard":"True","platformName":"Android","deviceName":"022TAS7N51009853","resetKeyboard":"True"},null,null]
2017-05-31 07:52:20:914 - info: [debug] [BaseDriver] Event 'newSessionRequested' logged at 1496217140914 (15:52:20 GMT+0800 (中国标准时间))
2017-05-31 07:52:20:914 - info: [Appium] Creating new AndroidDriver (v1.20.0) session
2017-05-31 07:52:20:914 - info: [Appium] Capabilities:
2017-05-31 07:52:20:914 - info: [Appium]   appPackage: 'com.play.android'
2017-05-31 07:52:20:914 - info: [Appium]   appActivity: 'com.play.android.activity.SplashActivity'
2017-05-31 07:52:20:914 - info: [Appium]   app: 'D:\\workSpace\\EclipseProjects\\AppiumForEclipse\\apps\\play.apk'
2017-05-31 07:52:20:914 - info: [Appium]   noSign: 'True'
2017-05-31 07:52:20:914 - info: [Appium]   unicodeKeyboard: 'True'
2017-05-31 07:52:20:914 - info: [Appium]   platformName: 'Android'
2017-05-31 07:52:20:914 - info: [Appium]   deviceName: '022TAS7N51009853'
2017-05-31 07:52:20:914 - info: [Appium]   resetKeyboard: 'True'
2017-05-31 07:52:20:914 - info: [debug] [AndroidDriver] AndroidDriver version: 1.20.0
2017-05-31 07:52:20:914 - warn: [BaseDriver] Capability 'unicodeKeyboard' changed from string to boolean. This may cause unexpected behavior
2017-05-31 07:52:20:929 - warn: [BaseDriver] Capability 'resetKeyboard' changed from string to boolean. This may cause unexpected behavior
2017-05-31 07:52:20:929 - warn: [BaseDriver] Capability 'noSign' changed from string to boolean. This may cause unexpected behavior
2017-05-31 07:52:20:929 - info: [BaseDriver] Session created with session id: e538cd89-dca1-4c76-9eb3-ac3945496374
2017-05-31 07:52:20:929 - info: [debug] [AndroidDriver] Getting Java version
2017-05-31 07:52:21:070 - info: [AndroidDriver] Java version is: 1.8.0_121
2017-05-31 07:52:21:070 - info: [ADB] Checking whether adb is present
2017-05-31 07:52:21:070 - info: [ADB] Using adb.exe from D:\SoftWare\SDK\platform-tools\adb.exe
2017-05-31 07:52:21:070 - info: [AndroidDriver] Retrieving device list
2017-05-31 07:52:21:070 - info: [debug] [ADB] Trying to find a connected android device
2017-05-31 07:52:21:070 - info: [debug] [ADB] Getting connected devices...
2017-05-31 07:52:21:101 - info: [debug] [ADB] 1 device(s) connected
2017-05-31 07:52:21:101 - info: [AndroidDriver] Using device: 85GBBMA2353T
2017-05-31 07:52:21:101 - info: [ADB] Checking whether adb is present
2017-05-31 07:52:21:101 - info: [ADB] Using adb.exe from D:\SoftWare\SDK\platform-tools\adb.exe
2017-05-31 07:52:21:101 - info: [debug] [ADB] Setting device id to 85GBBMA2353T
2017-05-31 07:52:21:101 - info: [BaseDriver] Using local app 'D:\workSpace\EclipseProjects\AppiumForEclipse\apps\play.apk'
2017-05-31 07:52:21:101 - info: [debug] [AndroidDriver] Checking whether app is actually present
2017-05-31 07:52:21:101 - info: [AndroidDriver] Starting Android session
2017-05-31 07:52:21:117 - info: [debug] [ADB] Running 'D:\SoftWare\SDK\platform-tools\adb.exe' with args: ["-P",5037,"-s","85GBBMA2353T","wait-for-device"]
2017-05-31 07:52:21:132 - info: [debug] [ADB] Getting connected devices...
2017-05-31 07:52:21:164 - info: [debug] [ADB] 1 device(s) connected
2017-05-31 07:52:21:164 - info: [debug] [ADB] Running 'D:\SoftWare\SDK\platform-tools\adb.exe' with args: ["-P",5037,"-s","85GBBMA2353T","shell","echo","ping"]
2017-05-31 07:52:21:195 - info: [debug] [Logcat] Starting logcat capture
2017-05-31 07:52:21:242 - info: [debug] [AndroidDriver] Enabling Unicode keyboard support
2017-05-31 07:52:21:242 - info: [debug] [AndroidDriver] Pushing unicode ime to device...
2017-05-31 07:52:21:242 - info: [debug] [ADB] Running 'D:\SoftWare\SDK\platform-tools\adb.exe' with args: ["-P",5037,"-s","85GBBMA2353T","install","D:\\MyProgram\\nodejs\\node_modules\\appium\\node_modules\\appium-android-ime\\bin\\UnicodeIME-debug.apk"]
2017-05-31 07:52:22:184 - info: [debug] [ADB] Getting connected devices...
2017-05-31 07:52:22:232 - info: [debug] [ADB] 1 device(s) connected
2017-05-31 07:52:22:232 - info: [debug] [ADB] Running 'D:\SoftWare\SDK\platform-tools\adb.exe' with args: ["-P",5037,"-s","85GBBMA2353T","shell","settings","get","secure","default_input_method"]
2017-05-31 07:52:22:905 - info: [debug] [AndroidDriver] Unsetting previous IME com.iflytek.inputmethod/.FlyIME
2017-05-31 07:52:22:905 - info: [debug] [AndroidDriver] Setting IME to 'io.appium.android.ime/.UnicodeIME'
2017-05-31 07:52:22:905 - info: [debug] [ADB] Getting connected devices...
2017-05-31 07:52:22:937 - info: [debug] [ADB] 1 device(s) connected
2017-05-31 07:52:22:937 - info: [debug] [ADB] Running 'D:\SoftWare\SDK\platform-tools\adb.exe' with args: ["-P",5037,"-s","85GBBMA2353T","shell","ime","enable","io.appium.android.ime/.UnicodeIME"]
2017-05-31 07:52:23:597 - info: [debug] [ADB] Getting connected devices...
2017-05-31 07:52:23:660 - info: [debug] [ADB] 1 device(s) connected
2017-05-31 07:52:23:661 - info: [debug] [ADB] Running 'D:\SoftWare\SDK\platform-tools\adb.exe' with args: ["-P",5037,"-s","85GBBMA2353T","shell","ime","set","io.appium.android.ime/.UnicodeIME"]
2017-05-31 07:52:24:306 - info: [debug] [AndroidDriver] Pushing settings apk to device...
2017-05-31 07:52:24:306 - info: [debug] [ADB] Getting install status for io.appium.settings
2017-05-31 07:52:24:306 - info: [debug] [ADB] Getting connected devices...
2017-05-31 07:52:24:337 - info: [debug] [ADB] 1 device(s) connected
2017-05-31 07:52:24:337 - info: [debug] [ADB] Running 'D:\SoftWare\SDK\platform-tools\adb.exe' with args: ["-P",5037,"-s","85GBBMA2353T","shell","pm","list","packages","io.appium.settings"]
2017-05-31 07:52:24:809 - info: [debug] [ADB] App is not installed
2017-05-31 07:52:24:809 - info: [debug] [ADB] Running 'D:\SoftWare\SDK\platform-tools\adb.exe' with args: ["-P",5037,"-s","85GBBMA2353T","install","D:\\MyProgram\\nodejs\\node_modules\\appium\\node_modules\\io.appium.settings\\app\\build\\outputs\\apk\\settings_apk-debug.apk"]
2017-05-31 07:52:25:618 - info: [debug] [ADB] Getting connected devices...
2017-05-31 07:52:25:665 - info: [debug] [ADB] 1 device(s) connected
2017-05-31 07:52:25:665 - info: [debug] [ADB] Running 'D:\SoftWare\SDK\platform-tools\adb.exe' with args: ["-P",5037,"-s","85GBBMA2353T","shell","getprop","ro.build.version.sdk"]
2017-05-31 07:52:25:696 - info: [debug] [ADB] Device API level: 22
2017-05-31 07:52:25:696 - info: [debug] [ADB] Getting connected devices...
2017-05-31 07:52:25:728 - info: [debug] [ADB] 1 device(s) connected
2017-05-31 07:52:25:728 - info: [debug] [ADB] Running 'D:\SoftWare\SDK\platform-tools\adb.exe' with args: ["-P",5037,"-s","85GBBMA2353T","shell","dumpsys","package","io.appium.settings"]
2017-05-31 07:52:25:774 - info: [debug] [AndroidDriver] Pushing unlock helper app to device...
2017-05-31 07:52:25:774 - info: [debug] [ADB] Running 'D:\SoftWare\SDK\platform-tools\adb.exe' with args: ["-P",5037,"-s","85GBBMA2353T","install","D:\\MyProgram\\nodejs\\node_modules\\appium\\node_modules\\appium-unlock\\bin\\unlock_apk-debug.apk"]
2017-05-31 07:52:26:599 - info: [debug] [ADB] Device API level: 22
2017-05-31 07:52:26:599 - info: [debug] [ADB] Getting connected devices...
2017-05-31 07:52:26:647 - info: [debug] [ADB] 1 device(s) connected
2017-05-31 07:52:26:647 - info: [debug] [ADB] Running 'D:\SoftWare\SDK\platform-tools\adb.exe' with args: ["-P",5037,"-s","85GBBMA2353T","shell","settings","put","secure","mock_location","1"]
2017-05-31 07:52:27:275 - info: [ADB] Getting device platform version
2017-05-31 07:52:27:290 - info: [debug] [ADB] Getting connected devices...
2017-05-31 07:52:27:321 - info: [debug] [ADB] 1 device(s) connected
2017-05-31 07:52:27:321 - info: [debug] [ADB] Running 'D:\SoftWare\SDK\platform-tools\adb.exe' with args: ["-P",5037,"-s","85GBBMA2353T","shell","getprop","ro.build.version.release"]
2017-05-31 07:52:27:353 - info: [debug] [ADB] Getting connected devices...
2017-05-31 07:52:27:385 - info: [debug] [ADB] 1 device(s) connected
2017-05-31 07:52:27:385 - info: [debug] [ADB] Running 'D:\SoftWare\SDK\platform-tools\adb.exe' with args: ["-P",5037,"-s","85GBBMA2353T","shell","wm","size"]
2017-05-31 07:52:28:170 - info: [debug] [ADB] Getting connected devices...
2017-05-31 07:52:28:217 - info: [debug] [ADB] 1 device(s) connected
2017-05-31 07:52:28:217 - info: [debug] [ADB] Running 'D:\SoftWare\SDK\platform-tools\adb.exe' with args: ["-P",5037,"-s","85GBBMA2353T","shell","getprop","ro.product.model"]
2017-05-31 07:52:28:249 - info: [debug] [ADB] Current device property 'ro.product.model': MX5
2017-05-31 07:52:28:249 - info: [debug] [ADB] Getting connected devices...
2017-05-31 07:52:28:280 - info: [debug] [ADB] 1 device(s) connected
2017-05-31 07:52:28:280 - info: [debug] [ADB] Running 'D:\SoftWare\SDK\platform-tools\adb.exe' with args: ["-P",5037,"-s","85GBBMA2353T","shell","getprop","ro.product.manufacturer"]
2017-05-31 07:52:28:311 - info: [debug] [ADB] Current device property 'ro.product.manufacturer': Meizu
2017-05-31 07:52:28:455 - info: [AndroidDriver] Remote apk path is /data/local/tmp/42e2f15827830994ee5f75a4ff734348.apk
2017-05-31 07:52:28:455 - info: [debug] [ADB] Getting connected devices...
2017-05-31 07:52:28:470 - info: [debug] [ADB] 1 device(s) connected
2017-05-31 07:52:28:470 - info: [debug] [ADB] Running 'D:\SoftWare\SDK\platform-tools\adb.exe' with args: ["-P",5037,"-s","85GBBMA2353T","shell","ls","/data/local/tmp/42e2f15827830994ee5f75a4ff734348.apk"]
2017-05-31 07:52:28:517 - info: [debug] [AndroidDriver] Checking if app is installed
2017-05-31 07:52:28:517 - info: [debug] [ADB] Getting install status for com.play.android
2017-05-31 07:52:28:517 - info: [debug] [ADB] Getting connected devices...
2017-05-31 07:52:28:533 - info: [debug] [ADB] 1 device(s) connected
2017-05-31 07:52:28:533 - info: [debug] [ADB] Running 'D:\SoftWare\SDK\platform-tools\adb.exe' with args: ["-P",5037,"-s","85GBBMA2353T","shell","pm","list","packages","com.play.android"]
2017-05-31 07:52:29:004 - info: [debug] [ADB] App is not installed
2017-05-31 07:52:29:020 - info: [AndroidDriver] Apk is not yet installed
2017-05-31 07:52:29:020 - info: [AndroidDriver] installing apk from remote
2017-05-31 07:52:29:020 - info: [debug] [ADB] Getting connected devices...
2017-05-31 07:52:29:051 - info: [debug] [ADB] 1 device(s) connected
2017-05-31 07:52:29:051 - info: [debug] [ADB] Running 'D:\SoftWare\SDK\platform-tools\adb.exe' with args: ["-P",5037,"-s","85GBBMA2353T","shell","mkdir","-p","/data/local/tmp"]
2017-05-31 07:52:29:082 - info: [AndroidDriver] Clearing out any existing remote apks with the same hash
2017-05-31 07:52:29:082 - info: [debug] [AndroidDriver] Removing any old apks
2017-05-31 07:52:29:082 - info: [debug] [AndroidDriver] Except ["42e2f15827830994ee5f75a4ff734348"]
2017-05-31 07:52:29:082 - info: [debug] [ADB] Getting connected devices...
2017-05-31 07:52:29:113 - info: [debug] [ADB] 1 device(s) connected
2017-05-31 07:52:29:113 - info: [debug] [ADB] Running 'D:\SoftWare\SDK\platform-tools\adb.exe' with args: ["-P",5037,"-s","85GBBMA2353T","shell","ls","/data/local/tmp/*.apk"]
2017-05-31 07:52:29:160 - info: [debug] [ADB] Uninstalling com.play.android
2017-05-31 07:52:29:160 - info: [debug] [ADB] Getting connected devices...
2017-05-31 07:52:29:176 - info: [debug] [ADB] 1 device(s) connected
2017-05-31 07:52:29:176 - info: [debug] [ADB] Running 'D:\SoftWare\SDK\platform-tools\adb.exe' with args: ["-P",5037,"-s","85GBBMA2353T","shell","am","force-stop","com.play.android"]
2017-05-31 07:52:29:882 - info: [debug] [ADB] Running 'D:\SoftWare\SDK\platform-tools\adb.exe' with args: ["-P",5037,"-s","85GBBMA2353T","uninstall","com.play.android"]
2017-05-31 07:52:30:934 - info: [ADB] App was uninstalled
2017-05-31 07:52:30:950 - info: [debug] [ADB] Getting connected devices...
2017-05-31 07:52:30:982 - info: [debug] [ADB] 1 device(s) connected
2017-05-31 07:52:30:982 - info: [debug] [ADB] Running 'D:\SoftWare\SDK\platform-tools\adb.exe' with args: ["-P",5037,"-s","85GBBMA2353T","shell","pm","install","-r","/data/local/tmp/42e2f15827830994ee5f75a4ff734348.apk"]
2017-05-31 07:52:53:520 - info: [debug] [AndroidDriver] Extracting strings from apk D:\workSpace\EclipseProjects\AppiumForEclipse\apps\play.apk null C:\Users\ADMINI~1\AppData\Local\Temp\com.play.android
2017-05-31 07:52:53:520 - info: [debug] [ADB] Extracting strings for language: default
2017-05-31 07:52:53:536 - info: [debug] [ADB] Device API level: 22
2017-05-31 07:52:53:536 - info: [debug] [ADB] Getting connected devices...
2017-05-31 07:52:53:568 - info: [debug] [ADB] 1 device(s) connected
2017-05-31 07:52:53:568 - info: [debug] [ADB] Running 'D:\SoftWare\SDK\platform-tools\adb.exe' with args: ["-P",5037,"-s","85GBBMA2353T","shell","getprop","persist.sys.language"]
2017-05-31 07:52:53:599 - info: [debug] [ADB] Current device property 'persist.sys.language': zh
2017-05-31 07:52:54:804 - info: [debug] [ADB] Reading strings from converted strings.json
2017-05-31 07:52:54:804 - info: [debug] [ADB] Running 'D:\SoftWare\SDK\platform-tools\adb.exe' with args: ["-P",5037,"-s","85GBBMA2353T","push","C:\\Users\\ADMINI~1\\AppData\\Local\\Temp\\com.play.android\\strings.json","/data/local/tmp"]
2017-05-31 07:52:54:837 - info: [debug] [AndroidBootstrap] Watching for bootstrap disconnect
2017-05-31 07:52:54:837 - info: [debug] [ADB] Forwarding system: 4724 to device: 4724
2017-05-31 07:52:54:837 - info: [debug] [ADB] Running 'D:\SoftWare\SDK\platform-tools\adb.exe' with args: ["-P",5037,"-s","85GBBMA2353T","forward","tcp:4724","tcp:4724"]
2017-05-31 07:52:54:852 - info: [debug] [UiAutomator] Starting UiAutomator
2017-05-31 07:52:54:852 - info: [debug] [UiAutomator] Moving to state 'starting'
2017-05-31 07:52:54:852 - info: [debug] [UiAutomator] Parsing uiautomator jar
2017-05-31 07:52:54:852 - info: [debug] [UiAutomator] Found jar name: 'AppiumBootstrap.jar'
2017-05-31 07:52:54:852 - info: [debug] [ADB] Running 'D:\SoftWare\SDK\platform-tools\adb.exe' with args: ["-P",5037,"-s","85GBBMA2353T","push","D:\\MyProgram\\nodejs\\node_modules\\appium\\node_modules\\appium-android-bootstrap\\bootstrap\\bin\\AppiumBootstrap.jar","/data/local/tmp/"]
2017-05-31 07:52:54:899 - info: [debug] [ADB] Attempting to kill all uiautomator processes
2017-05-31 07:52:54:901 - info: [debug] [ADB] Getting all processes with uiautomator
2017-05-31 07:52:54:901 - info: [debug] [ADB] Getting connected devices...
2017-05-31 07:52:54:923 - info: [debug] [ADB] 1 device(s) connected
2017-05-31 07:52:54:924 - info: [debug] [ADB] Running 'D:\SoftWare\SDK\platform-tools\adb.exe' with args: ["-P",5037,"-s","85GBBMA2353T","shell","ps"]
2017-05-31 07:52:54:995 - info: [ADB] No uiautomator process found to kill, continuing...
2017-05-31 07:52:54:995 - info: [debug] [UiAutomator] Starting UIAutomator
2017-05-31 07:52:54:995 - info: [debug] [ADB] Creating ADB subprocess with args: ["-P",5037,"-s","85GBBMA2353T","shell","uiautomator","runtest","AppiumBootstrap.jar","-c","io.appium.android.bootstrap.Bootstrap","-e","pkg","com.play.android","-e","disableAndroidWatchers",false,"-e","acceptSslCerts",false]
2017-05-31 07:52:55:749 - info: [debug] [UiAutomator] Moving to state 'online'
2017-05-31 07:52:55:756 - info: [AndroidBootstrap] [BOOTSTRAP LOG] [debug] json loading complete.
2017-05-31 07:52:55:759 - info: [AndroidBootstrap] [BOOTSTRAP LOG] [debug] Registered crash watchers.
2017-05-31 07:52:55:764 - info: [AndroidBootstrap] Android bootstrap socket is now connected
2017-05-31 07:52:55:768 - info: [debug] [ADB] Getting connected devices...
2017-05-31 07:52:55:786 - info: [AndroidBootstrap] [BOOTSTRAP LOG] [debug] Client connected
2017-05-31 07:52:55:807 - info: [debug] [ADB] 1 device(s) connected
2017-05-31 07:52:55:807 - info: [debug] [ADB] Running 'D:\SoftWare\SDK\platform-tools\adb.exe' with args: ["-P",5037,"-s","85GBBMA2353T","shell","dumpsys","window"]
2017-05-31 07:52:55:863 - info: [AndroidDriver] Screen already unlocked, doing nothing
2017-05-31 07:52:55:865 - info: [debug] [ADB] Device API level: 22
2017-05-31 07:52:55:866 - info: [debug] [ADB] Getting connected devices...
2017-05-31 07:52:55:889 - info: [debug] [ADB] 1 device(s) connected
2017-05-31 07:52:55:890 - info: [debug] [ADB] Running 'D:\SoftWare\SDK\platform-tools\adb.exe' with args: ["-P",5037,"-s","85GBBMA2353T","shell","am","start","-W","-n","com.play.android/com.play.android.activity.SplashActivity","-S","-a","android.intent.action.MAIN","-c","android.intent.category.LAUNCHER","-f","0x10200000"]
2017-05-31 07:52:57:863 - info: [Appium] New AndroidDriver session created successfully, session e538cd89-dca1-4c76-9eb3-ac3945496374 added to master session list
2017-05-31 07:52:57:865 - info: [debug] [BaseDriver] Event 'newSessionStarted' logged at 1496217177865 (15:52:57 GMT+0800 (中国标准时间))
2017-05-31 07:52:57:866 - info: [debug] [MJSONWP] Responding to client with driver.createSession() result: {"platform":"LINUX","webStorageEnabled":false,"takesScreenshot":true,"javascriptEnabled":true,"databaseEnabled":false,"networkConnectionEnabled":true,"locationContextEnabled":false,"warnings":{},"desired":{"appPackage":"com.play.android","appActivity":"com.play.android.activity.SplashActivity","app":"D:\\workSpace\\EclipseProjects\\AppiumForEclipse\\apps\\play.apk","noSign":true,"unicodeKeyboard":true,"platformName":"Android","deviceName":"022TAS7N51009853","resetKeyboard":true},"appPackage":"com.play.android","appActivity":"com.play.android.activity.SplashActivity","app":"D:\\workSpace\\EclipseProjects\\AppiumForEclipse\\apps\\play.apk","noSign":true,"unicodeKeyboard":true,"platformName":"Android","deviceName":"85GBBMA2353T","resetKeyboard":true,"deviceUDID":"85GBBMA2353T","platformVersion":"5.1","deviceScreenSize":"1080x1920","deviceModel":"MX5","deviceManufacturer":"Meizu"}
2017-05-31 07:52:57:871 - info: [HTTP] <-- POST /wd/hub/session 200 36954 ms - 961 
2017-05-31 07:52:59:841 - info: [HTTP] --> POST /wd/hub/session/e538cd89-dca1-4c76-9eb3-ac3945496374/timeouts {"type":"implicit","ms":20000}
2017-05-31 07:52:59:844 - info: [debug] [MJSONWP] Calling AppiumDriver.timeouts() with args: ["implicit",20000,"e538cd89-dca1-4c76-9eb3-ac3945496374"]
2017-05-31 07:52:59:846 - info: [debug] [BaseDriver] Set implicit wait to 20000ms
2017-05-31 07:52:59:848 - info: [debug] [MJSONWP] Responding to client with driver.timeouts() result: null
2017-05-31 07:52:59:849 - info: [HTTP] <-- POST /wd/hub/session/e538cd89-dca1-4c76-9eb3-ac3945496374/timeouts 200 8 ms - 76 
2017-05-31 07:53:00:144 - info: [HTTP] --> POST /wd/hub/session/e538cd89-dca1-4c76-9eb3-ac3945496374/timeouts {"type":"implicit","ms":20000}
2017-05-31 07:53:00:145 - info: [debug] [MJSONWP] Calling AppiumDriver.timeouts() with args: ["implicit",20000,"e538cd89-dca1-4c76-9eb3-ac3945496374"]
2017-05-31 07:53:00:146 - info: [debug] [BaseDriver] Set implicit wait to 20000ms
2017-05-31 07:53:00:147 - info: [debug] [MJSONWP] Responding to client with driver.timeouts() result: null
2017-05-31 07:53:00:149 - info: [HTTP] <-- POST /wd/hub/session/e538cd89-dca1-4c76-9eb3-ac3945496374/timeouts 200 4 ms - 76 
2017-05-31 07:53:00:171 - info: [HTTP] --> GET /wd/hub/session/e538cd89-dca1-4c76-9eb3-ac3945496374/appium/device/current_activity {}
2017-05-31 07:53:00:175 - info: [debug] [MJSONWP] Calling AppiumDriver.getCurrentActivity() with args: ["e538cd89-dca1-4c76-9eb3-ac3945496374"]
2017-05-31 07:53:00:177 - info: [debug] [ADB] Getting focused package and activity
2017-05-31 07:53:00:178 - info: [debug] [ADB] Getting connected devices...
2017-05-31 07:53:00:210 - info: [debug] [ADB] 1 device(s) connected
2017-05-31 07:53:00:210 - info: [debug] [ADB] Running 'D:\SoftWare\SDK\platform-tools\adb.exe' with args: ["-P",5037,"-s","85GBBMA2353T","shell","dumpsys","window","windows"]
2017-05-31 07:53:00:278 - info: [debug] [MJSONWP] Responding to client with driver.getCurrentActivity() result: ".activity.main.HomeActivity"
2017-05-31 07:53:00:279 - info: [HTTP] <-- GET /wd/hub/session/e538cd89-dca1-4c76-9eb3-ac3945496374/appium/device/current_activity 200 107 ms - 101 
2017-05-31 07:53:00:342 - info: [HTTP] --> POST /wd/hub/session/e538cd89-dca1-4c76-9eb3-ac3945496374/timeouts {"type":"implicit","ms":0}
2017-05-31 07:53:00:342 - info: [debug] [MJSONWP] Calling AppiumDriver.timeouts() with args: ["implicit",0,"e538cd89-dca1-4c76-9eb3-ac3945496374"]
2017-05-31 07:53:00:343 - info: [debug] [BaseDriver] Set implicit wait to 0ms
2017-05-31 07:53:00:345 - info: [debug] [MJSONWP] Responding to client with driver.timeouts() result: null
2017-05-31 07:53:00:348 - info: [HTTP] <-- POST /wd/hub/session/e538cd89-dca1-4c76-9eb3-ac3945496374/timeouts 200 4 ms - 76 
2017-05-31 07:53:00:370 - info: [HTTP] --> GET /wd/hub/session/e538cd89-dca1-4c76-9eb3-ac3945496374/context {}
2017-05-31 07:53:00:373 - info: [debug] [MJSONWP] Calling AppiumDriver.getCurrentContext() with args: ["e538cd89-dca1-4c76-9eb3-ac3945496374"]
2017-05-31 07:53:00:376 - info: [debug] [MJSONWP] Responding to client with driver.getCurrentContext() result: "NATIVE_APP"
2017-05-31 07:53:00:378 - info: [HTTP] <-- GET /wd/hub/session/e538cd89-dca1-4c76-9eb3-ac3945496374/context 200 7 ms - 84 
2017-05-31 07:53:00:383 - info: [HTTP] --> POST /wd/hub/session/e538cd89-dca1-4c76-9eb3-ac3945496374/elements {"using":"id","value":"com.play.android:id/sdv_image"}
2017-05-31 07:53:00:384 - info: [debug] [MJSONWP] Calling AppiumDriver.findElements() with args: ["id","com.play.android:id/sdv_image","e538cd89-dca1-4c76-9eb3-ac3945496374"]
2017-05-31 07:53:00:385 - info: [debug] [BaseDriver] Valid locator strategies for this request: xpath, id, class name, accessibility id, -android uiautomator
2017-05-31 07:53:00:386 - info: [debug] [BaseDriver] Valid locator strategies for this request: xpath, id, class name, accessibility id, -android uiautomator
2017-05-31 07:53:00:387 - info: [debug] [BaseDriver] Waiting up to 0 ms for condition
2017-05-31 07:53:00:391 - info: [debug] [AndroidBootstrap] Sending command to android: {"cmd":"action","action":"find","params":{"strategy":"id","selector":"com.play.android:id/sdv_image","context":"","multiple":true}}
2017-05-31 07:53:00:395 - info: [AndroidBootstrap] [BOOTSTRAP LOG] [debug] Got data from client: {"cmd":"action","action":"find","params":{"strategy":"id","selector":"com.play.android:id/sdv_image","context":"","multiple":true}}
2017-05-31 07:53:00:400 - info: [AndroidBootstrap] [BOOTSTRAP LOG] [debug] Got command of type ACTION
2017-05-31 07:53:00:400 - info: [AndroidBootstrap] [BOOTSTRAP LOG] [debug] Got command action: find
2017-05-31 07:53:00:418 - info: [AndroidBootstrap] [BOOTSTRAP LOG] [debug] Finding 'com.play.android:id/sdv_image' using 'ID' with the contextId: '' multiple: true
2017-05-31 07:53:00:418 - info: [AndroidBootstrap] [BOOTSTRAP LOG] [debug] Using: UiSelector[RESOURCE_ID=com.play.android:id/sdv_image]
2017-05-31 07:53:00:418 - info: [AndroidBootstrap] [BOOTSTRAP LOG] [debug] getElements selector:UiSelector[RESOURCE_ID=com.play.android:id/sdv_image]
2017-05-31 07:53:00:419 - info: [AndroidBootstrap] [BOOTSTRAP LOG] [debug] Element[] is null: (0)
2017-05-31 07:53:00:419 - info: [AndroidBootstrap] [BOOTSTRAP LOG] [debug] getElements tmp selector:UiSelector[INSTANCE=0, RESOURCE_ID=com.play.android:id/sdv_image]
2017-05-31 07:53:00:465 - info: [AndroidBootstrap] [BOOTSTRAP LOG] [debug] Element[] is null: (1)
2017-05-31 07:53:00:465 - info: [AndroidBootstrap] [BOOTSTRAP LOG] [debug] getElements tmp selector:UiSelector[INSTANCE=1, RESOURCE_ID=com.play.android:id/sdv_image]
2017-05-31 07:53:00:487 - info: [AndroidBootstrap] [BOOTSTRAP LOG] [debug] Element[] is null: (2)
2017-05-31 07:53:00:488 - info: [AndroidBootstrap] [BOOTSTRAP LOG] [debug] getElements tmp selector:UiSelector[INSTANCE=2, RESOURCE_ID=com.play.android:id/sdv_image]
2017-05-31 07:53:00:514 - info: [AndroidBootstrap] [BOOTSTRAP LOG] [debug] Returning result: {"status":0,"value":[{"ELEMENT":"1"},{"ELEMENT":"2"}]}
2017-05-31 07:53:00:515 - info: [debug] [AndroidBootstrap] Received command result from bootstrap
2017-05-31 07:53:00:518 - info: [debug] [MJSONWP] Responding to client with driver.findElements() result: [{"ELEMENT":"1"},{"ELEMENT":"2"}]
2017-05-31 07:53:00:519 - info: [HTTP] <-- POST /wd/hub/session/e538cd89-dca1-4c76-9eb3-ac3945496374/elements 200 136 ms - 105 
2017-05-31 07:53:00:885 - info: [HTTP] --> POST /wd/hub/session/e538cd89-dca1-4c76-9eb3-ac3945496374/timeouts {"type":"implicit","ms":5000}
2017-05-31 07:53:00:886 - info: [debug] [MJSONWP] Calling AppiumDriver.timeouts() with args: ["implicit",5000,"e538cd89-dca1-4c76-9eb3-ac3945496374"]
2017-05-31 07:53:00:887 - info: [debug] [BaseDriver] Set implicit wait to 5000ms
2017-05-31 07:53:00:888 - info: [debug] [MJSONWP] Responding to client with driver.timeouts() result: null
2017-05-31 07:53:00:889 - info: [HTTP] <-- POST /wd/hub/session/e538cd89-dca1-4c76-9eb3-ac3945496374/timeouts 200 4 ms - 76 
2017-05-31 07:53:00:942 - info: [HTTP] --> POST /wd/hub/session/e538cd89-dca1-4c76-9eb3-ac3945496374/timeouts {"type":"implicit","ms":0}
2017-05-31 07:53:00:943 - info: [debug] [MJSONWP] Calling AppiumDriver.timeouts() with args: ["implicit",0,"e538cd89-dca1-4c76-9eb3-ac3945496374"]
2017-05-31 07:53:00:944 - info: [debug] [BaseDriver] Set implicit wait to 0ms
2017-05-31 07:53:00:945 - info: [debug] [MJSONWP] Responding to client with driver.timeouts() result: null
2017-05-31 07:53:00:947 - info: [HTTP] <-- POST /wd/hub/session/e538cd89-dca1-4c76-9eb3-ac3945496374/timeouts 200 3 ms - 76 
2017-05-31 07:53:00:950 - info: [HTTP] --> GET /wd/hub/session/e538cd89-dca1-4c76-9eb3-ac3945496374/context {}
2017-05-31 07:53:00:950 - info: [debug] [MJSONWP] Calling AppiumDriver.getCurrentContext() with args: ["e538cd89-dca1-4c76-9eb3-ac3945496374"]
2017-05-31 07:53:00:953 - info: [debug] [MJSONWP] Responding to client with driver.getCurrentContext() result: "NATIVE_APP"
2017-05-31 07:53:00:954 - info: [HTTP] <-- GET /wd/hub/session/e538cd89-dca1-4c76-9eb3-ac3945496374/context 200 4 ms - 84 
2017-05-31 07:53:00:958 - info: [HTTP] --> POST /wd/hub/session/e538cd89-dca1-4c76-9eb3-ac3945496374/elements {"using":"id","value":"com.play.android:id/sdv_image"}
2017-05-31 07:53:00:959 - info: [debug] [MJSONWP] Calling AppiumDriver.findElements() with args: ["id","com.play.android:id/sdv_image","e538cd89-dca1-4c76-9eb3-ac3945496374"]
2017-05-31 07:53:00:959 - info: [debug] [BaseDriver] Valid locator strategies for this request: xpath, id, class name, accessibility id, -android uiautomator
2017-05-31 07:53:00:960 - info: [debug] [BaseDriver] Valid locator strategies for this request: xpath, id, class name, accessibility id, -android uiautomator
2017-05-31 07:53:00:960 - info: [debug] [BaseDriver] Waiting up to 0 ms for condition
2017-05-31 07:53:00:960 - info: [debug] [AndroidBootstrap] Sending command to android: {"cmd":"action","action":"find","params":{"strategy":"id","selector":"com.play.android:id/sdv_image","context":"","multiple":true}}
2017-05-31 07:53:00:965 - info: [AndroidBootstrap] [BOOTSTRAP LOG] [debug] Got data from client: {"cmd":"action","action":"find","params":{"strategy":"id","selector":"com.play.android:id/sdv_image","context":"","multiple":true}}
2017-05-31 07:53:00:965 - info: [AndroidBootstrap] [BOOTSTRAP LOG] [debug] Got command of type ACTION
2017-05-31 07:53:00:965 - info: [AndroidBootstrap] [BOOTSTRAP LOG] [debug] Got command action: find
2017-05-31 07:53:00:965 - info: [AndroidBootstrap] [BOOTSTRAP LOG] [debug] Finding 'com.play.android:id/sdv_image' using 'ID' with the contextId: '' multiple: true
2017-05-31 07:53:00:966 - info: [AndroidBootstrap] [BOOTSTRAP LOG] [debug] Using: UiSelector[RESOURCE_ID=com.play.android:id/sdv_image]
2017-05-31 07:53:00:966 - info: [AndroidBootstrap] [BOOTSTRAP LOG] [debug] getElements selector:UiSelector[RESOURCE_ID=com.play.android:id/sdv_image]
2017-05-31 07:53:00:966 - info: [AndroidBootstrap] [BOOTSTRAP LOG] [debug] Element[] is null: (0)
2017-05-31 07:53:00:967 - info: [AndroidBootstrap] [BOOTSTRAP LOG] [debug] getElements tmp selector:UiSelector[INSTANCE=0, RESOURCE_ID=com.play.android:id/sdv_image]
2017-05-31 07:53:00:985 - info: [AndroidBootstrap] [BOOTSTRAP LOG] [debug] Element[] is null: (1)
2017-05-31 07:53:00:986 - info: [AndroidBootstrap] [BOOTSTRAP LOG] [debug] getElements tmp selector:UiSelector[INSTANCE=1, RESOURCE_ID=com.play.android:id/sdv_image]
2017-05-31 07:53:01:003 - info: [AndroidBootstrap] [BOOTSTRAP LOG] [debug] Element[] is null: (2)
2017-05-31 07:53:01:004 - info: [AndroidBootstrap] [BOOTSTRAP LOG] [debug] getElements tmp selector:UiSelector[INSTANCE=2, RESOURCE_ID=com.play.android:id/sdv_image]
2017-05-31 07:53:01:021 - info: [AndroidBootstrap] [BOOTSTRAP LOG] [debug] Returning result: {"status":0,"value":[{"ELEMENT":"3"},{"ELEMENT":"4"}]}
2017-05-31 07:53:01:027 - info: [debug] [AndroidBootstrap] Received command result from bootstrap
2017-05-31 07:53:01:028 - info: [debug] [MJSONWP] Responding to client with driver.findElements() result: [{"ELEMENT":"3"},{"ELEMENT":"4"}]
2017-05-31 07:53:01:029 - info: [HTTP] <-- POST /wd/hub/session/e538cd89-dca1-4c76-9eb3-ac3945496374/elements 200 71 ms - 105 
2017-05-31 07:53:01:239 - info: [HTTP] --> POST /wd/hub/session/e538cd89-dca1-4c76-9eb3-ac3945496374/timeouts {"type":"implicit","ms":5000}
2017-05-31 07:53:01:239 - info: [debug] [MJSONWP] Calling AppiumDriver.timeouts() with args: ["implicit",5000,"e538cd89-dca1-4c76-9eb3-ac3945496374"]
2017-05-31 07:53:01:240 - info: [debug] [BaseDriver] Set implicit wait to 5000ms
2017-05-31 07:53:01:241 - info: [debug] [MJSONWP] Responding to client with driver.timeouts() result: null
2017-05-31 07:53:01:244 - info: [HTTP] <-- POST /wd/hub/session/e538cd89-dca1-4c76-9eb3-ac3945496374/timeouts 200 3 ms - 76 
2017-05-31 07:53:01:268 - info: [HTTP] --> POST /wd/hub/session/e538cd89-dca1-4c76-9eb3-ac3945496374/element/4/click {"id":"4"}
2017-05-31 07:53:01:269 - info: [debug] [MJSONWP] Calling AppiumDriver.click() with args: ["4","e538cd89-dca1-4c76-9eb3-ac3945496374"]
2017-05-31 07:53:01:272 - info: [debug] [AndroidBootstrap] Sending command to android: {"cmd":"action","action":"element:click","params":{"elementId":"4"}}
2017-05-31 07:53:01:274 - info: [AndroidBootstrap] [BOOTSTRAP LOG] [debug] Got data from client: {"cmd":"action","action":"element:click","params":{"elementId":"4"}}
2017-05-31 07:53:01:275 - info: [AndroidBootstrap] [BOOTSTRAP LOG] [debug] Got command of type ACTION
2017-05-31 07:53:01:276 - info: [AndroidBootstrap] [BOOTSTRAP LOG] [debug] Got command action: click
2017-05-31 07:53:01:452 - info: [debug] [AndroidBootstrap] Received command result from bootstrap
2017-05-31 07:53:01:453 - info: [debug] [MJSONWP] Responding to client with driver.click() result: true
2017-05-31 07:53:01:455 - info: [HTTP] <-- POST /wd/hub/session/e538cd89-dca1-4c76-9eb3-ac3945496374/element/4/click 200 188 ms - 76 
2017-05-31 07:53:01:455 - info: [AndroidBootstrap] [BOOTSTRAP LOG] [debug] Returning result: {"status":0,"value":true}
2017-05-31 07:53:01:461 - info: [HTTP] --> GET /wd/hub/session/e538cd89-dca1-4c76-9eb3-ac3945496374/appium/device/current_activity {}
2017-05-31 07:53:01:462 - info: [debug] [MJSONWP] Calling AppiumDriver.getCurrentActivity() with args: ["e538cd89-dca1-4c76-9eb3-ac3945496374"]
2017-05-31 07:53:01:462 - info: [debug] [ADB] Getting focused package and activity
2017-05-31 07:53:01:463 - info: [debug] [ADB] Getting connected devices...
2017-05-31 07:53:01:964 - info: [debug] [ADB] 1 device(s) connected
2017-05-31 07:53:01:965 - info: [debug] [ADB] Running 'D:\SoftWare\SDK\platform-tools\adb.exe' with args: ["-P",5037,"-s","85GBBMA2353T","shell","dumpsys","window","windows"]
2017-05-31 07:53:02:021 - info: [debug] [MJSONWP] Responding to client with driver.getCurrentActivity() result: ".activity.product.ProductClassifitionActivity"
2017-05-31 07:53:02:022 - info: [HTTP] <-- GET /wd/hub/session/e538cd89-dca1-4c76-9eb3-ac3945496374/appium/device/current_activity 200 561 ms - 119 
2017-05-31 07:53:02:026 - info: [HTTP] --> GET /wd/hub/session/e538cd89-dca1-4c76-9eb3-ac3945496374/contexts {}
2017-05-31 07:53:02:026 - info: [debug] [MJSONWP] Calling AppiumDriver.getContexts() with args: ["e538cd89-dca1-4c76-9eb3-ac3945496374"]
2017-05-31 07:53:02:027 - info: [debug] [AndroidDriver] Getting a list of available webviews
2017-05-31 07:53:02:028 - info: [debug] [ADB] Getting connected devices...
2017-05-31 07:53:02:053 - info: [debug] [ADB] 1 device(s) connected
2017-05-31 07:53:02:054 - info: [debug] [ADB] Running 'D:\SoftWare\SDK\platform-tools\adb.exe' with args: ["-P",5037,"-s","85GBBMA2353T","shell","cat","/proc/net/unix"]
2017-05-31 07:53:02:091 - info: [debug] [AndroidDriver] WEBVIEW_27625 mapped to pid 27625
2017-05-31 07:53:02:092 - info: [debug] [AndroidDriver] Getting process name for webview
2017-05-31 07:53:02:092 - info: [debug] [ADB] Getting connected devices...
2017-05-31 07:53:02:115 - info: [debug] [ADB] 1 device(s) connected
2017-05-31 07:53:02:115 - info: [debug] [ADB] Running 'D:\SoftWare\SDK\platform-tools\adb.exe' with args: ["-P",5037,"-s","85GBBMA2353T","shell","ps"]
2017-05-31 07:53:02:197 - info: [debug] [AndroidDriver] Parsed pid: 27625 pkg: com.play.android!
2017-05-31 07:53:02:197 - info: [debug] [AndroidDriver] from: u0_a434,27625,371,1995668,169648,ffffffff,00000000,S,com.play.android
2017-05-31 07:53:02:197 - info: [debug] [AndroidDriver] returning process name: com.play.android
2017-05-31 07:53:02:198 - info: [debug] [AndroidDriver] Found webviews: ["WEBVIEW_com.play.android"]
2017-05-31 07:53:02:199 - info: [debug] [AndroidDriver] Available contexts: ["NATIVE_APP","WEBVIEW_com.play.android"]
2017-05-31 07:53:02:199 - info: [debug] [MJSONWP] Responding to client with driver.getContexts() result: ["NATIVE_APP","WEBVIEW_com.play.android"]
2017-05-31 07:53:02:200 - info: [HTTP] <-- GET /wd/hub/session/e538cd89-dca1-4c76-9eb3-ac3945496374/contexts 200 174 ms - 113 
2017-05-31 07:53:02:206 - info: [HTTP] --> POST /wd/hub/session/e538cd89-dca1-4c76-9eb3-ac3945496374/context {"name":"WEBVIEW_com.play.android"}
2017-05-31 07:53:02:207 - info: [debug] [MJSONWP] Calling AppiumDriver.setContext() with args: ["WEBVIEW_com.play.android","e538cd89-dca1-4c76-9eb3-ac3945496374"]
2017-05-31 07:53:02:207 - info: [debug] [AndroidDriver] Getting a list of available webviews
2017-05-31 07:53:02:208 - info: [debug] [ADB] Getting connected devices...
2017-05-31 07:53:02:232 - info: [debug] [ADB] 1 device(s) connected
2017-05-31 07:53:02:233 - info: [debug] [ADB] Running 'D:\SoftWare\SDK\platform-tools\adb.exe' with args: ["-P",5037,"-s","85GBBMA2353T","shell","cat","/proc/net/unix"]
2017-05-31 07:53:02:275 - info: [debug] [AndroidDriver] WEBVIEW_27625 mapped to pid 27625
2017-05-31 07:53:02:275 - info: [debug] [AndroidDriver] Getting process name for webview
2017-05-31 07:53:02:276 - info: [debug] [ADB] Getting connected devices...
2017-05-31 07:53:02:304 - info: [debug] [ADB] 1 device(s) connected
2017-05-31 07:53:02:304 - info: [debug] [ADB] Running 'D:\SoftWare\SDK\platform-tools\adb.exe' with args: ["-P",5037,"-s","85GBBMA2353T","shell","ps"]
2017-05-31 07:53:02:394 - info: [debug] [AndroidDriver] Parsed pid: 27625 pkg: com.play.android!
2017-05-31 07:53:02:394 - info: [debug] [AndroidDriver] from: u0_a434,27625,371,2009864,171944,ffffffff,00000000,S,com.play.android
2017-05-31 07:53:02:395 - info: [debug] [AndroidDriver] returning process name: com.play.android
2017-05-31 07:53:02:395 - info: [debug] [AndroidDriver] Found webviews: ["WEBVIEW_com.play.android"]
2017-05-31 07:53:02:395 - info: [debug] [AndroidDriver] Available contexts: ["NATIVE_APP","WEBVIEW_com.play.android"]
2017-05-31 07:53:02:396 - info: [debug] [AndroidDriver] Connecting to chrome-backed webview context 'WEBVIEW_com.play.android'
2017-05-31 07:53:02:415 - info: [debug] [AndroidDriver] A port was not given, using random port: 8000
2017-05-31 07:53:02:417 - info: [debug] [Chromedriver] Changed state to 'starting'
2017-05-31 07:53:02:419 - info: [Chromedriver] Set chromedriver binary as: D:\MyProgram\nodejs\node_modules\appium\node_modules\appium-chromedriver\chromedriver\win\chromedriver.exe
2017-05-31 07:53:02:420 - info: [Chromedriver] Killing any old chromedrivers, running: FOR /F "usebackq tokens=5" %a in (`netstat -nao ^| findstr /R /C:"8000 "`) do (FOR /F "usebackq" %b in (`TASKLIST /FI "PID eq %a" ^| findstr /I chromedriver.exe`) do (IF NOT %b=="" TASKKILL /F /PID %a))
2017-05-31 07:53:02:641 - info: [Chromedriver] No old chromedrivers seemed to exist
2017-05-31 07:53:02:641 - info: [Chromedriver] Spawning chromedriver with: D:\MyProgram\nodejs\node_modules\appium\node_modules\appium-chromedriver\chromedriver\win\chromedriver.exe --url-base=wd/hub --port=8000 --adb-port=5037
2017-05-31 07:53:02:661 - info: [Chromedriver] [STDOUT] Starting ChromeDriver 2.28.455520 (cc17746adff54984afff480136733114c6b3704b) on port 8000
Only local connections are allowed.
2017-05-31 07:53:02:665 - info: [debug] [JSONWP Proxy] Proxying [GET /status] to [GET http://127.0.0.1:8000/wd/hub/status] with no body
2017-05-31 07:53:02:687 - info: [debug] [JSONWP Proxy] Got response with status 200: "{\"sessionId\":\"\",\"status\":0,\"value\":{\"build\":{\"version\":\"alpha\"},\"os\":{\"arch\":\"x86_64\",\"name\":\"Windows NT\",\"version\":\"6.1.7601 SP1\"}}}"
2017-05-31 07:53:02:690 - info: [debug] [JSONWP Proxy] Proxying [POST /session] to [POST http://127.0.0.1:8000/wd/hub/session] with body: {"desiredCapabilities":{"chromeOptions":{"androidPackage":"com.play.android","androidUseRunningApp":true,"androidDeviceSerial":"85GBBMA2353T"}}}
2017-05-31 07:53:03:804 - info: [debug] [JSONWP Proxy] Got response with status 200: {"sessionId":"65438209a1ea41f2295cd1cdf1a29de1","status":13,"value":{"message":"unknown error: Chrome version must be >= 55.0.2883.0\n  (Driver info: chromedriver=2.28.455520 (cc17746adff54984afff480136733114c6b3704b),platform=Windows NT 6.1.7601 SP1 x86_64)"}}
2017-05-31 07:53:04:007 - info: [debug] [JSONWP Proxy] Proxying [POST /session] to [POST http://127.0.0.1:8000/wd/hub/session] with body: {"desiredCapabilities":{"chromeOptions":{"androidPackage":"com.play.android","androidUseRunningApp":true,"androidDeviceSerial":"85GBBMA2353T"}}}
2017-05-31 07:53:04:568 - info: [debug] [JSONWP Proxy] Got response with status 200: {"sessionId":"f91877259071f702347b10ed32080fc3","status":13,"value":{"message":"unknown error: Chrome version must be >= 55.0.2883.0\n  (Driver info: chromedriver=2.28.455520 (cc17746adff54984afff480136733114c6b3704b),platform=Windows NT 6.1.7601 SP1 x86_64)"}}
2017-05-31 07:53:04:769 - info: [debug] [JSONWP Proxy] Proxying [POST /session] to [POST http://127.0.0.1:8000/wd/hub/session] with body: {"desiredCapabilities":{"chromeOptions":{"androidPackage":"com.play.android","androidUseRunningApp":true,"androidDeviceSerial":"85GBBMA2353T"}}}
2017-05-31 07:53:05:307 - info: [debug] [JSONWP Proxy] Got response with status 200: {"sessionId":"adfb7f10d134942b35013ae5d9dcc348","status":13,"value":{"message":"unknown error: Chrome version must be >= 55.0.2883.0\n  (Driver info: chromedriver=2.28.455520 (cc17746adff54984afff480136733114c6b3704b),platform=Windows NT 6.1.7601 SP1 x86_64)"}}
2017-05-31 07:53:05:508 - info: [debug] [JSONWP Proxy] Proxying [POST /session] to [POST http://127.0.0.1:8000/wd/hub/session] with body: {"desiredCapabilities":{"chromeOptions":{"androidPackage":"com.play.android","androidUseRunningApp":true,"androidDeviceSerial":"85GBBMA2353T"}}}
2017-05-31 07:53:05:999 - info: [debug] [JSONWP Proxy] Got response with status 200: {"sessionId":"50930954fbea8a90c1754bd0b755fbc9","status":13,"value":{"message":"unknown error: Chrome version must be >= 55.0.2883.0\n  (Driver info: chromedriver=2.28.455520 (cc17746adff54984afff480136733114c6b3704b),platform=Windows NT 6.1.7601 SP1 x86_64)"}}
2017-05-31 07:53:06:211 - error: [Chromedriver] Chromedriver exited unexpectedly with code null, signal SIGTERM
2017-05-31 07:53:06:211 - info: [debug] [Chromedriver] Changed state to 'stopped'
2017-05-31 07:53:06:236 - error: [Chromedriver] Error: unknown error: Chrome version must be >= 55.0.2883.0
  (Driver info: chromedriver=2.28.455520 (cc17746adff54984afff480136733114c6b3704b),platform=Windows NT 6.1.7601 SP1 x86_64)
    at Chromedriver.callee$2$0$ (../../lib/chromedriver.js:176:15)
    at tryCatch (D:\MyProgram\nodejs\node_modules\appium\node_modules\babel-runtime\regenerator\runtime.js:67:40)
    at GeneratorFunctionPrototype.invoke [as _invoke] (D:\MyProgram\nodejs\node_modules\appium\node_modules\babel-runtime\regenerator\runtime.js:315:22)
    at GeneratorFunctionPrototype.prototype.(anonymous function) [as next] (D:\MyProgram\nodejs\node_modules\appium\node_modules\babel-runtime\regenerator\runtime.js:100:21)
    at GeneratorFunctionPrototype.invoke (D:\MyProgram\nodejs\node_modules\appium\node_modules\babel-runtime\regenerator\runtime.js:136:37)
 Error: unknown error: Chrome version must be >= 55.0.2883.0
  (Driver info: chromedriver=2.28.455520 (cc17746adff54984afff480136733114c6b3704b),platform=Windows NT 6.1.7601 SP1 x86_64)
    at Chromedriver.callee$2$0$ (../../lib/chromedriver.js:176:15)
    at tryCatch (D:\MyProgram\nodejs\node_modules\appium\node_modules\babel-runtime\regenerator\runtime.js:67:40)
    at GeneratorFunctionPrototype.invoke [as _invoke] (D:\MyProgram\nodejs\node_modules\appium\node_modules\babel-runtime\regenerator\runtime.js:315:22)
    at GeneratorFunctionPrototype.prototype.(anonymous function) [as next] (D:\MyProgram\nodejs\node_modules\appium\node_modules\babel-runtime\regenerator\runtime.js:100:21)
    at GeneratorFunctionPrototype.invoke (D:\MyProgram\nodejs\node_modules\appium\node_modules\babel-runtime\regenerator\runtime.js:136:37)
2017-05-31 07:53:06:237 - error: [MJSONWP] Encountered internal error running command: Error: unknown error: Chrome version must be >= 55.0.2883.0
  (Driver info: chromedriver=2.28.455520 (cc17746adff54984afff480136733114c6b3704b),platform=Windows NT 6.1.7601 SP1 x86_64)
    at Chromedriver.callee$2$0$ (../../lib/chromedriver.js:176:15)
    at tryCatch (D:\MyProgram\nodejs\node_modules\appium\node_modules\babel-runtime\regenerator\runtime.js:67:40)
    at GeneratorFunctionPrototype.invoke [as _invoke] (D:\MyProgram\nodejs\node_modules\appium\node_modules\babel-runtime\regenerator\runtime.js:315:22)
    at GeneratorFunctionPrototype.prototype.(anonymous function) [as next] (D:\MyProgram\nodejs\node_modules\appium\node_modules\babel-runtime\regenerator\runtime.js:100:21)
    at GeneratorFunctionPrototype.invoke (D:\MyProgram\nodejs\node_modules\appium\node_modules\babel-runtime\regenerator\runtime.js:136:37)
2017-05-31 07:53:06:244 - info: [HTTP] <-- POST /wd/hub/session/e538cd89-dca1-4c76-9eb3-ac3945496374/context 500 4031 ms - 349 
2017-05-31 07:53:06:268 - info: [HTTP] --> POST /wd/hub/session/e538cd89-dca1-4c76-9eb3-ac3945496374/appium/app/close {}
2017-05-31 07:53:06:270 - info: [debug] [MJSONWP] Calling AppiumDriver.closeApp() with args: ["e538cd89-dca1-4c76-9eb3-ac3945496374"]
2017-05-31 07:53:06:271 - info: [debug] [ADB] Getting connected devices...
2017-05-31 07:53:06:299 - info: [debug] [ADB] 1 device(s) connected
2017-05-31 07:53:06:300 - info: [debug] [ADB] Running 'D:\SoftWare\SDK\platform-tools\adb.exe' with args: ["-P",5037,"-s","85GBBMA2353T","shell","am","force-stop","com.play.android"]
2017-05-31 07:53:07:041 - info: [debug] [MJSONWP] Responding to client with driver.closeApp() result: null
2017-05-31 07:53:07:043 - info: [HTTP] <-- POST /wd/hub/session/e538cd89-dca1-4c76-9eb3-ac3945496374/appium/app/close 200 774 ms - 76 
