2017-05-31 06:37:22:759 - info: [Appium] Welcome to Appium v1.6.5
2017-05-31 06:37:22:759 - info: [Appium] Non-default server args:
2017-05-31 06:37:22:759 - info: [Appium]   address: 127.0.0.1
2017-05-31 06:37:22:759 - info: [Appium]   log: D:\workSpace\EclipseProjects\AppiumForEclipse\log\1496212636716.log
2017-05-31 06:37:22:822 - info: [Appium] Appium REST http interface listener started on 127.0.0.1:4723
2017-05-31 06:37:23:524 - info: [HTTP] --> GET /wd/hub/status {}
2017-05-31 06:37:23:524 - info: [debug] [MJSONWP] Calling AppiumDriver.getStatus() with args: []
2017-05-31 06:37:23:571 - info: [debug] [MJSONWP] Responding to client with driver.getStatus() result: {"build":{"version":"1.6.5","revision":null}}
2017-05-31 06:37:23:571 - info: [HTTP] <-- GET /wd/hub/status 200 52 ms - 83 
2017-05-31 06:37:23:571 - info: [HTTP] --> GET /wd/hub/status {}
2017-05-31 06:37:23:571 - info: [debug] [MJSONWP] Calling AppiumDriver.getStatus() with args: []
2017-05-31 06:37:23:618 - info: [debug] [MJSONWP] Responding to client with driver.getStatus() result: {"build":{"version":"1.6.5","revision":null}}
2017-05-31 06:37:23:618 - info: [HTTP] <-- GET /wd/hub/status 200 42 ms - 83 
2017-05-31 06:37:24:257 - info: [HTTP] --> POST /wd/hub/session {"desiredCapabilities":{"appPackage":"com.play.android","appActivity":"com.play.android.activity.SplashActivity","app":"D:\\workSpace\\EclipseProjects\\AppiumForEclipse\\apps\\play.apk","noSign":"True","unicodeKeyboard":"True","platformName":"Android","deviceName":"022TAS7N51009853","resetKeyboard":"True"}}
2017-05-31 06:37:24:257 - info: [debug] [MJSONWP] Calling AppiumDriver.createSession() with args: [{"appPackage":"com.play.android","appActivity":"com.play.android.activity.SplashActivity","app":"D:\\workSpace\\EclipseProjects\\AppiumForEclipse\\apps\\play.apk","noSign":"True","unicodeKeyboard":"True","platformName":"Android","deviceName":"022TAS7N51009853","resetKeyboard":"True"},null,null]
2017-05-31 06:37:24:257 - info: [debug] [BaseDriver] Event 'newSessionRequested' logged at 1496212644257 (14:37:24 GMT+0800 (中国标准时间))
2017-05-31 06:37:24:257 - info: [Appium] Creating new AndroidDriver (v1.20.0) session
2017-05-31 06:37:24:257 - info: [Appium] Capabilities:
2017-05-31 06:37:24:273 - info: [Appium]   appPackage: 'com.play.android'
2017-05-31 06:37:24:273 - info: [Appium]   appActivity: 'com.play.android.activity.SplashActivity'
2017-05-31 06:37:24:273 - info: [Appium]   app: 'D:\\workSpace\\EclipseProjects\\AppiumForEclipse\\apps\\play.apk'
2017-05-31 06:37:24:273 - info: [Appium]   noSign: 'True'
2017-05-31 06:37:24:273 - info: [Appium]   unicodeKeyboard: 'True'
2017-05-31 06:37:24:273 - info: [Appium]   platformName: 'Android'
2017-05-31 06:37:24:273 - info: [Appium]   deviceName: '022TAS7N51009853'
2017-05-31 06:37:24:273 - info: [Appium]   resetKeyboard: 'True'
2017-05-31 06:37:24:273 - info: [debug] [AndroidDriver] AndroidDriver version: 1.20.0
2017-05-31 06:37:24:288 - warn: [BaseDriver] Capability 'unicodeKeyboard' changed from string to boolean. This may cause unexpected behavior
2017-05-31 06:37:24:288 - warn: [BaseDriver] Capability 'resetKeyboard' changed from string to boolean. This may cause unexpected behavior
2017-05-31 06:37:24:288 - warn: [BaseDriver] Capability 'noSign' changed from string to boolean. This may cause unexpected behavior
2017-05-31 06:37:24:305 - info: [BaseDriver] Session created with session id: 9b554e21-e8e0-49e7-9b1f-4989cf432b98
2017-05-31 06:37:24:305 - info: [debug] [AndroidDriver] Getting Java version
2017-05-31 06:37:24:417 - info: [AndroidDriver] Java version is: 1.8.0_121
2017-05-31 06:37:24:433 - info: [ADB] Checking whether adb is present
2017-05-31 06:37:24:433 - info: [ADB] Using adb.exe from D:\SoftWare\SDK\platform-tools\adb.exe
2017-05-31 06:37:24:433 - info: [AndroidDriver] Retrieving device list
2017-05-31 06:37:24:433 - info: [debug] [ADB] Trying to find a connected android device
2017-05-31 06:37:24:433 - info: [debug] [ADB] Getting connected devices...
2017-05-31 06:37:24:464 - info: [debug] [ADB] 1 device(s) connected
2017-05-31 06:37:24:464 - info: [AndroidDriver] Using device: 022TAS7N51009853
2017-05-31 06:37:24:464 - info: [ADB] Checking whether adb is present
2017-05-31 06:37:24:464 - info: [ADB] Using adb.exe from D:\SoftWare\SDK\platform-tools\adb.exe
2017-05-31 06:37:24:464 - info: [debug] [ADB] Setting device id to 022TAS7N51009853
2017-05-31 06:37:24:464 - info: [BaseDriver] Using local app 'D:\workSpace\EclipseProjects\AppiumForEclipse\apps\play.apk'
2017-05-31 06:37:24:464 - info: [debug] [AndroidDriver] Checking whether app is actually present
2017-05-31 06:37:24:464 - info: [AndroidDriver] Starting Android session
2017-05-31 06:37:24:480 - info: [debug] [ADB] Running 'D:\SoftWare\SDK\platform-tools\adb.exe' with args: ["-P",5037,"-s","022TAS7N51009853","wait-for-device"]
2017-05-31 06:37:24:495 - info: [debug] [ADB] Getting connected devices...
2017-05-31 06:37:24:526 - info: [debug] [ADB] 1 device(s) connected
2017-05-31 06:37:24:526 - info: [debug] [ADB] Running 'D:\SoftWare\SDK\platform-tools\adb.exe' with args: ["-P",5037,"-s","022TAS7N51009853","shell","echo","ping"]
2017-05-31 06:37:24:573 - info: [debug] [Logcat] Starting logcat capture
2017-05-31 06:37:24:620 - info: [debug] [AndroidDriver] Enabling Unicode keyboard support
2017-05-31 06:37:24:620 - info: [debug] [AndroidDriver] Pushing unicode ime to device...
2017-05-31 06:37:24:620 - info: [debug] [ADB] Running 'D:\SoftWare\SDK\platform-tools\adb.exe' with args: ["-P",5037,"-s","022TAS7N51009853","install","D:\\MyProgram\\nodejs\\node_modules\\appium\\node_modules\\appium-android-ime\\bin\\UnicodeIME-debug.apk"]
2017-05-31 06:37:25:940 - info: [debug] [ADB] Getting connected devices...
2017-05-31 06:37:25:956 - info: [debug] [ADB] 1 device(s) connected
2017-05-31 06:37:25:956 - info: [debug] [ADB] Running 'D:\SoftWare\SDK\platform-tools\adb.exe' with args: ["-P",5037,"-s","022TAS7N51009853","shell","settings","get","secure","default_input_method"]
2017-05-31 06:37:27:002 - info: [debug] [AndroidDriver] Unsetting previous IME io.appium.android.ime/.UnicodeIME
2017-05-31 06:37:27:002 - info: [debug] [AndroidDriver] Setting IME to 'io.appium.android.ime/.UnicodeIME'
2017-05-31 06:37:27:002 - info: [debug] [ADB] Getting connected devices...
2017-05-31 06:37:27:050 - info: [debug] [ADB] 1 device(s) connected
2017-05-31 06:37:27:050 - info: [debug] [ADB] Running 'D:\SoftWare\SDK\platform-tools\adb.exe' with args: ["-P",5037,"-s","022TAS7N51009853","shell","ime","enable","io.appium.android.ime/.UnicodeIME"]
2017-05-31 06:37:28:114 - info: [debug] [ADB] Getting connected devices...
2017-05-31 06:37:28:145 - info: [debug] [ADB] 1 device(s) connected
2017-05-31 06:37:28:146 - info: [debug] [ADB] Running 'D:\SoftWare\SDK\platform-tools\adb.exe' with args: ["-P",5037,"-s","022TAS7N51009853","shell","ime","set","io.appium.android.ime/.UnicodeIME"]
2017-05-31 06:37:29:160 - info: [debug] [AndroidDriver] Pushing settings apk to device...
2017-05-31 06:37:29:160 - info: [debug] [ADB] Getting install status for io.appium.settings
2017-05-31 06:37:29:176 - info: [debug] [ADB] Getting connected devices...
2017-05-31 06:37:29:208 - info: [debug] [ADB] 1 device(s) connected
2017-05-31 06:37:29:208 - info: [debug] [ADB] Running 'D:\SoftWare\SDK\platform-tools\adb.exe' with args: ["-P",5037,"-s","022TAS7N51009853","shell","pm","list","packages","io.appium.settings"]
2017-05-31 06:37:30:331 - info: [debug] [ADB] App is installed
2017-05-31 06:37:30:331 - info: [debug] [ADB] Getting package info for io.appium.settings
2017-05-31 06:37:30:331 - info: [debug] [ADB] Getting connected devices...
2017-05-31 06:37:30:363 - info: [ADB] Checking whether aapt is present
2017-05-31 06:37:30:363 - info: [ADB] Using aapt.exe from D:\SoftWare\SDK\build-tools\24.0.3\aapt.exe
2017-05-31 06:37:30:395 - warn: [ADB] Cannot read version codes of D:\MyProgram\nodejs\node_modules\appium\node_modules\io.appium.settings\app\build\outputs\apk\settings_apk-debug.apk and/or io.appium.settings. Assuming correct app version is already installed
2017-05-31 06:37:30:411 - info: [debug] [ADB] Getting connected devices...
2017-05-31 06:37:30:427 - info: [debug] [ADB] 1 device(s) connected
2017-05-31 06:37:30:427 - info: [debug] [ADB] Running 'D:\SoftWare\SDK\platform-tools\adb.exe' with args: ["-P",5037,"-s","022TAS7N51009853","shell","dumpsys","package","io.appium.settings"]
2017-05-31 06:37:30:442 - info: [debug] [ADB] 1 device(s) connected
2017-05-31 06:37:30:458 - info: [debug] [ADB] Running 'D:\SoftWare\SDK\platform-tools\adb.exe' with args: ["-P",5037,"-s","022TAS7N51009853","shell","getprop","ro.build.version.sdk"]
2017-05-31 06:37:30:520 - info: [debug] [ADB] Device API level: 19
2017-05-31 06:37:30:520 - info: [debug] [ADB] Getting connected devices...
2017-05-31 06:37:30:536 - info: [debug] [ADB] 1 device(s) connected
2017-05-31 06:37:30:536 - info: [debug] [ADB] Running 'D:\SoftWare\SDK\platform-tools\adb.exe' with args: ["-P",5037,"-s","022TAS7N51009853","shell","dumpsys","package","io.appium.settings"]
2017-05-31 06:37:30:630 - info: [debug] [AndroidDriver] Pushing unlock helper app to device...
2017-05-31 06:37:30:630 - info: [debug] [ADB] Running 'D:\SoftWare\SDK\platform-tools\adb.exe' with args: ["-P",5037,"-s","022TAS7N51009853","install","D:\\MyProgram\\nodejs\\node_modules\\appium\\node_modules\\appium-unlock\\bin\\unlock_apk-debug.apk"]
2017-05-31 06:37:31:973 - info: [debug] [ADB] Device API level: 19
2017-05-31 06:37:31:989 - info: [debug] [ADB] Getting connected devices...
2017-05-31 06:37:32:021 - info: [debug] [ADB] 1 device(s) connected
2017-05-31 06:37:32:021 - info: [debug] [ADB] Running 'D:\SoftWare\SDK\platform-tools\adb.exe' with args: ["-P",5037,"-s","022TAS7N51009853","shell","settings","put","secure","mock_location","1"]
2017-05-31 06:37:33:050 - info: [ADB] Getting device platform version
2017-05-31 06:37:33:050 - info: [debug] [ADB] Getting connected devices...
2017-05-31 06:37:33:083 - info: [debug] [ADB] 1 device(s) connected
2017-05-31 06:37:33:083 - info: [debug] [ADB] Running 'D:\SoftWare\SDK\platform-tools\adb.exe' with args: ["-P",5037,"-s","022TAS7N51009853","shell","getprop","ro.build.version.release"]
2017-05-31 06:37:33:129 - info: [debug] [ADB] Getting connected devices...
2017-05-31 06:37:33:161 - info: [debug] [ADB] 1 device(s) connected
2017-05-31 06:37:33:161 - info: [debug] [ADB] Running 'D:\SoftWare\SDK\platform-tools\adb.exe' with args: ["-P",5037,"-s","022TAS7N51009853","shell","wm","size"]
2017-05-31 06:37:34:190 - info: [debug] [ADB] Getting connected devices...
2017-05-31 06:37:34:222 - info: [debug] [ADB] 1 device(s) connected
2017-05-31 06:37:34:222 - info: [debug] [ADB] Running 'D:\SoftWare\SDK\platform-tools\adb.exe' with args: ["-P",5037,"-s","022TAS7N51009853","shell","getprop","ro.product.model"]
2017-05-31 06:37:34:300 - info: [debug] [ADB] Current device property 'ro.product.model': HUAWEI P6 S-U06
2017-05-31 06:37:34:300 - info: [debug] [ADB] Getting connected devices...
2017-05-31 06:37:34:332 - info: [debug] [ADB] 1 device(s) connected
2017-05-31 06:37:34:332 - info: [debug] [ADB] Running 'D:\SoftWare\SDK\platform-tools\adb.exe' with args: ["-P",5037,"-s","022TAS7N51009853","shell","getprop","ro.product.manufacturer"]
2017-05-31 06:37:34:378 - info: [debug] [ADB] Current device property 'ro.product.manufacturer': HUAWEI
2017-05-31 06:37:34:520 - info: [AndroidDriver] Remote apk path is /data/local/tmp/42e2f15827830994ee5f75a4ff734348.apk
2017-05-31 06:37:34:520 - info: [debug] [ADB] Getting connected devices...
2017-05-31 06:37:34:551 - info: [debug] [ADB] 1 device(s) connected
2017-05-31 06:37:34:551 - info: [debug] [ADB] Running 'D:\SoftWare\SDK\platform-tools\adb.exe' with args: ["-P",5037,"-s","022TAS7N51009853","shell","ls","/data/local/tmp/42e2f15827830994ee5f75a4ff734348.apk"]
2017-05-31 06:37:34:598 - info: [debug] [AndroidDriver] Checking if app is installed
2017-05-31 06:37:34:598 - info: [debug] [ADB] Getting install status for com.play.android
2017-05-31 06:37:34:598 - info: [debug] [ADB] Getting connected devices...
2017-05-31 06:37:34:629 - info: [debug] [ADB] 1 device(s) connected
2017-05-31 06:37:34:629 - info: [debug] [ADB] Running 'D:\SoftWare\SDK\platform-tools\adb.exe' with args: ["-P",5037,"-s","022TAS7N51009853","shell","pm","list","packages","com.play.android"]
2017-05-31 06:37:35:737 - info: [debug] [ADB] App is installed
2017-05-31 06:37:35:737 - info: [AndroidDriver] Apk is already on remote and installed, resetting
2017-05-31 06:37:35:737 - info: [debug] [AndroidDriver] Running fast reset (stop and clear)
2017-05-31 06:37:35:737 - info: [debug] [ADB] Getting connected devices...
2017-05-31 06:37:35:769 - info: [debug] [ADB] 1 device(s) connected
2017-05-31 06:37:35:769 - info: [debug] [ADB] Running 'D:\SoftWare\SDK\platform-tools\adb.exe' with args: ["-P",5037,"-s","022TAS7N51009853","shell","am","force-stop","com.play.android"]
2017-05-31 06:37:36:830 - info: [debug] [ADB] Getting connected devices...
2017-05-31 06:37:36:862 - info: [debug] [ADB] 1 device(s) connected
2017-05-31 06:37:36:862 - info: [debug] [ADB] Running 'D:\SoftWare\SDK\platform-tools\adb.exe' with args: ["-P",5037,"-s","022TAS7N51009853","shell","pm","clear","com.play.android"]
2017-05-31 06:37:37:926 - info: [debug] [AndroidDriver] Extracting strings from apk D:\workSpace\EclipseProjects\AppiumForEclipse\apps\play.apk null C:\Users\ADMINI~1\AppData\Local\Temp\com.play.android
2017-05-31 06:37:37:941 - info: [debug] [ADB] Extracting strings for language: default
2017-05-31 06:37:37:941 - info: [debug] [ADB] Device API level: 19
2017-05-31 06:37:37:941 - info: [debug] [ADB] Getting connected devices...
2017-05-31 06:37:37:957 - info: [debug] [ADB] 1 device(s) connected
2017-05-31 06:37:37:957 - info: [debug] [ADB] Running 'D:\SoftWare\SDK\platform-tools\adb.exe' with args: ["-P",5037,"-s","022TAS7N51009853","shell","getprop","persist.sys.language"]
2017-05-31 06:37:38:005 - info: [debug] [ADB] Current device property 'persist.sys.language': zh
2017-05-31 06:37:39:302 - info: [debug] [ADB] Reading strings from converted strings.json
2017-05-31 06:37:39:302 - info: [debug] [ADB] Running 'D:\SoftWare\SDK\platform-tools\adb.exe' with args: ["-P",5037,"-s","022TAS7N51009853","push","C:\\Users\\ADMINI~1\\AppData\\Local\\Temp\\com.play.android\\strings.json","/data/local/tmp"]
2017-05-31 06:37:39:350 - info: [debug] [AndroidBootstrap] Watching for bootstrap disconnect
2017-05-31 06:37:39:350 - info: [debug] [ADB] Forwarding system: 4724 to device: 4724
2017-05-31 06:37:39:350 - info: [debug] [ADB] Running 'D:\SoftWare\SDK\platform-tools\adb.exe' with args: ["-P",5037,"-s","022TAS7N51009853","forward","tcp:4724","tcp:4724"]
2017-05-31 06:37:39:350 - info: [debug] [UiAutomator] Starting UiAutomator
2017-05-31 06:37:39:350 - info: [debug] [UiAutomator] Moving to state 'starting'
2017-05-31 06:37:39:350 - info: [debug] [UiAutomator] Parsing uiautomator jar
2017-05-31 06:37:39:350 - info: [debug] [UiAutomator] Found jar name: 'AppiumBootstrap.jar'
2017-05-31 06:37:39:350 - info: [debug] [ADB] Running 'D:\SoftWare\SDK\platform-tools\adb.exe' with args: ["-P",5037,"-s","022TAS7N51009853","push","D:\\MyProgram\\nodejs\\node_modules\\appium\\node_modules\\appium-android-bootstrap\\bootstrap\\bin\\AppiumBootstrap.jar","/data/local/tmp/"]
2017-05-31 06:37:39:397 - info: [debug] [ADB] Attempting to kill all uiautomator processes
2017-05-31 06:37:39:397 - info: [debug] [ADB] Getting all processes with uiautomator
2017-05-31 06:37:39:397 - info: [debug] [ADB] Getting connected devices...
2017-05-31 06:37:39:444 - info: [debug] [ADB] 1 device(s) connected
2017-05-31 06:37:39:444 - info: [debug] [ADB] Running 'D:\SoftWare\SDK\platform-tools\adb.exe' with args: ["-P",5037,"-s","022TAS7N51009853","shell","ps"]
2017-05-31 06:37:39:600 - info: [ADB] No uiautomator process found to kill, continuing...
2017-05-31 06:37:39:600 - info: [debug] [UiAutomator] Starting UIAutomator
2017-05-31 06:37:39:600 - info: [debug] [ADB] Creating ADB subprocess with args: ["-P",5037,"-s","022TAS7N51009853","shell","uiautomator","runtest","AppiumBootstrap.jar","-c","io.appium.android.bootstrap.Bootstrap","-e","pkg","com.play.android","-e","disableAndroidWatchers",false,"-e","acceptSslCerts",false]
2017-05-31 06:37:40:474 - info: [debug] [UiAutomator] Moving to state 'online'
2017-05-31 06:37:40:490 - info: [AndroidBootstrap] Android bootstrap socket is now connected
2017-05-31 06:37:40:490 - info: [debug] [ADB] Getting connected devices...
2017-05-31 06:37:40:507 - info: [AndroidBootstrap] [BOOTSTRAP LOG] [debug] json loading complete.
2017-05-31 06:37:40:507 - info: [AndroidBootstrap] [BOOTSTRAP LOG] [debug] Registered crash watchers.
2017-05-31 06:37:40:507 - info: [AndroidBootstrap] [BOOTSTRAP LOG] [debug] Client connected
2017-05-31 06:37:40:522 - info: [debug] [ADB] 1 device(s) connected
2017-05-31 06:37:40:522 - info: [debug] [ADB] Running 'D:\SoftWare\SDK\platform-tools\adb.exe' with args: ["-P",5037,"-s","022TAS7N51009853","shell","dumpsys","window"]
2017-05-31 06:37:40:600 - info: [debug] [AndroidDriver] Screen is locked, trying to unlock
2017-05-31 06:37:40:600 - warn: [AndroidDriver] Using app unlock, this is going to be deprecated!
2017-05-31 06:37:40:600 - info: [AndroidDriver] Unlocking screen
2017-05-31 06:37:40:600 - info: [debug] [ADB] Getting connected devices...
2017-05-31 06:37:40:631 - info: [debug] [ADB] 1 device(s) connected
2017-05-31 06:37:40:631 - info: [debug] [ADB] Running 'D:\SoftWare\SDK\platform-tools\adb.exe' with args: ["-P",5037,"-s","022TAS7N51009853","shell","am","force-stop","io.appium.unlock"]
2017-05-31 06:37:41:755 - info: [debug] [ADB] Device API level: 19
2017-05-31 06:37:41:755 - info: [debug] [ADB] Getting connected devices...
2017-05-31 06:37:41:802 - info: [debug] [ADB] 1 device(s) connected
2017-05-31 06:37:41:802 - info: [debug] [ADB] Running 'D:\SoftWare\SDK\platform-tools\adb.exe' with args: ["-P",5037,"-s","022TAS7N51009853","shell","am","start","-W","-n","io.appium.unlock/.Unlock","-a","android.intent.action.MAIN","-c","android.intent.category.LAUNCHER","-f","0x10200000"]
2017-05-31 06:37:43:238 - info: [debug] [ADB] Device API level: 19
2017-05-31 06:37:43:238 - info: [debug] [ADB] Getting connected devices...
2017-05-31 06:37:43:285 - info: [debug] [ADB] 1 device(s) connected
2017-05-31 06:37:43:285 - info: [debug] [ADB] Running 'D:\SoftWare\SDK\platform-tools\adb.exe' with args: ["-P",5037,"-s","022TAS7N51009853","shell","am","start","-W","-n","io.appium.unlock/.Unlock","-a","android.intent.action.MAIN","-c","android.intent.category.LAUNCHER","-f","0x10200000"]
2017-05-31 06:38:03:308 - info: [debug] [ADB] Getting connected devices...
2017-05-31 06:38:03:372 - info: [debug] [ADB] 1 device(s) connected
2017-05-31 06:38:03:372 - info: [debug] [ADB] Running 'D:\SoftWare\SDK\platform-tools\adb.exe' with args: ["-P",5037,"-s","022TAS7N51009853","shell","dumpsys","window"]
2017-05-31 06:38:03:435 - info: [debug] [AndroidDriver] Screen unlocked successfully
2017-05-31 06:38:03:450 - info: [debug] [ADB] Device API level: 19
2017-05-31 06:38:03:450 - info: [debug] [ADB] Getting connected devices...
2017-05-31 06:38:03:466 - info: [debug] [ADB] 1 device(s) connected
2017-05-31 06:38:03:466 - info: [debug] [ADB] Running 'D:\SoftWare\SDK\platform-tools\adb.exe' with args: ["-P",5037,"-s","022TAS7N51009853","shell","am","start","-W","-n","com.play.android/com.play.android.activity.SplashActivity","-S","-a","android.intent.action.MAIN","-c","android.intent.category.LAUNCHER","-f","0x10200000"]
2017-05-31 06:38:11:752 - info: [Appium] New AndroidDriver session created successfully, session 9b554e21-e8e0-49e7-9b1f-4989cf432b98 added to master session list
2017-05-31 06:38:11:752 - info: [debug] [BaseDriver] Event 'newSessionStarted' logged at 1496212691752 (14:38:11 GMT+0800 (中国标准时间))
2017-05-31 06:38:11:752 - info: [debug] [MJSONWP] Responding to client with driver.createSession() result: {"platform":"LINUX","webStorageEnabled":false,"takesScreenshot":true,"javascriptEnabled":true,"databaseEnabled":false,"networkConnectionEnabled":true,"locationContextEnabled":false,"warnings":{},"desired":{"appPackage":"com.play.android","appActivity":"com.play.android.activity.SplashActivity","app":"D:\\workSpace\\EclipseProjects\\AppiumForEclipse\\apps\\play.apk","noSign":true,"unicodeKeyboard":true,"platformName":"Android","deviceName":"022TAS7N51009853","resetKeyboard":true},"appPackage":"com.play.android","appActivity":"com.play.android.activity.SplashActivity","app":"D:\\workSpace\\EclipseProjects\\AppiumForEclipse\\apps\\play.apk","noSign":true,"unicodeKeyboard":true,"platformName":"Android","deviceName":"022TAS7N51009853","resetKeyboard":true,"deviceUDID":"022TAS7N51009853","platformVersion":"4.4.2","deviceScreenSize":"720x1280","deviceModel":"HUAWEI P6 S-U06","deviceManufacturer":"HUAWEI"}
2017-05-31 06:38:11:767 - info: [HTTP] <-- POST /wd/hub/session 200 47499 ms - 983 
2017-05-31 06:38:14:124 - info: [HTTP] --> POST /wd/hub/session/9b554e21-e8e0-49e7-9b1f-4989cf432b98/timeouts {"type":"implicit","ms":20000}
2017-05-31 06:38:14:124 - info: [debug] [MJSONWP] Calling AppiumDriver.timeouts() with args: ["implicit",20000,"9b554e21-e8e0-49e7-9b1f-4989cf432b98"]
2017-05-31 06:38:14:124 - info: [debug] [BaseDriver] Set implicit wait to 20000ms
2017-05-31 06:38:14:124 - info: [debug] [MJSONWP] Responding to client with driver.timeouts() result: null
2017-05-31 06:38:14:124 - info: [HTTP] <-- POST /wd/hub/session/9b554e21-e8e0-49e7-9b1f-4989cf432b98/timeouts 200 8 ms - 76 
2017-05-31 06:38:14:406 - info: [HTTP] --> POST /wd/hub/session/9b554e21-e8e0-49e7-9b1f-4989cf432b98/timeouts {"type":"implicit","ms":0}
2017-05-31 06:38:14:406 - info: [debug] [MJSONWP] Calling AppiumDriver.timeouts() with args: ["implicit",0,"9b554e21-e8e0-49e7-9b1f-4989cf432b98"]
2017-05-31 06:38:14:406 - info: [debug] [BaseDriver] Set implicit wait to 0ms
2017-05-31 06:38:14:406 - info: [debug] [MJSONWP] Responding to client with driver.timeouts() result: null
2017-05-31 06:38:14:406 - info: [HTTP] <-- POST /wd/hub/session/9b554e21-e8e0-49e7-9b1f-4989cf432b98/timeouts 200 4 ms - 76 
2017-05-31 06:38:14:437 - info: [HTTP] --> GET /wd/hub/session/9b554e21-e8e0-49e7-9b1f-4989cf432b98/context {}
2017-05-31 06:38:14:437 - info: [debug] [MJSONWP] Calling AppiumDriver.getCurrentContext() with args: ["9b554e21-e8e0-49e7-9b1f-4989cf432b98"]
2017-05-31 06:38:14:437 - info: [debug] [MJSONWP] Responding to client with driver.getCurrentContext() result: "NATIVE_APP"
2017-05-31 06:38:14:437 - info: [HTTP] <-- GET /wd/hub/session/9b554e21-e8e0-49e7-9b1f-4989cf432b98/context 200 7 ms - 84 
2017-05-31 06:38:14:452 - info: [HTTP] --> POST /wd/hub/session/9b554e21-e8e0-49e7-9b1f-4989cf432b98/elements {"using":"id","value":"com.play.android:id/btn_profile"}
2017-05-31 06:38:14:452 - info: [debug] [MJSONWP] Calling AppiumDriver.findElements() with args: ["id","com.play.android:id/btn_profile","9b554e21-e8e0-49e7-9b1f-4989cf432b98"]
2017-05-31 06:38:14:452 - info: [debug] [BaseDriver] Valid locator strategies for this request: xpath, id, class name, accessibility id, -android uiautomator
2017-05-31 06:38:14:452 - info: [debug] [BaseDriver] Valid locator strategies for this request: xpath, id, class name, accessibility id, -android uiautomator
2017-05-31 06:38:14:452 - info: [debug] [BaseDriver] Waiting up to 0 ms for condition
2017-05-31 06:38:14:452 - info: [debug] [AndroidBootstrap] Sending command to android: {"cmd":"action","action":"find","params":{"strategy":"id","selector":"com.play.android:id/btn_profile","context":"","multiple":true}}
2017-05-31 06:38:14:468 - info: [AndroidBootstrap] [BOOTSTRAP LOG] [debug] Got data from client: {"cmd":"action","action":"find","params":{"strategy":"id","selector":"com.play.android:id/btn_profile","context":"","multiple":true}}
2017-05-31 06:38:14:468 - info: [AndroidBootstrap] [BOOTSTRAP LOG] [debug] Got command of type ACTION
2017-05-31 06:38:14:468 - info: [AndroidBootstrap] [BOOTSTRAP LOG] [debug] Got command action: find
2017-05-31 06:38:14:468 - info: [AndroidBootstrap] [BOOTSTRAP LOG] [debug] Finding 'com.play.android:id/btn_profile' using 'ID' with the contextId: '' multiple: true
2017-05-31 06:38:14:468 - info: [AndroidBootstrap] [BOOTSTRAP LOG] [debug] Using: UiSelector[RESOURCE_ID=com.play.android:id/btn_profile]
2017-05-31 06:38:14:468 - info: [AndroidBootstrap] [BOOTSTRAP LOG] [debug] getElements selector:UiSelector[RESOURCE_ID=com.play.android:id/btn_profile]
2017-05-31 06:38:14:468 - info: [AndroidBootstrap] [BOOTSTRAP LOG] [debug] Element[] is null: (0)
2017-05-31 06:38:14:468 - info: [AndroidBootstrap] [BOOTSTRAP LOG] [debug] getElements tmp selector:UiSelector[INSTANCE=0, RESOURCE_ID=com.play.android:id/btn_profile]
2017-05-31 06:38:14:484 - info: [AndroidBootstrap] [BOOTSTRAP LOG] [debug] Element[] is null: (1)
2017-05-31 06:38:14:484 - info: [AndroidBootstrap] [BOOTSTRAP LOG] [debug] getElements tmp selector:UiSelector[INSTANCE=1, RESOURCE_ID=com.play.android:id/btn_profile]
2017-05-31 06:38:14:515 - info: [AndroidBootstrap] [BOOTSTRAP LOG] [debug] Returning result: {"value":[{"ELEMENT":"1"}],"status":0}
2017-05-31 06:38:14:515 - info: [debug] [AndroidBootstrap] Received command result from bootstrap
2017-05-31 06:38:14:530 - info: [debug] [MJSONWP] Responding to client with driver.findElements() result: [{"ELEMENT":"1"}]
2017-05-31 06:38:14:530 - info: [HTTP] <-- POST /wd/hub/session/9b554e21-e8e0-49e7-9b1f-4989cf432b98/elements 200 81 ms - 89 
2017-05-31 06:38:14:811 - info: [HTTP] --> POST /wd/hub/session/9b554e21-e8e0-49e7-9b1f-4989cf432b98/timeouts {"type":"implicit","ms":5000}
2017-05-31 06:38:14:811 - info: [debug] [MJSONWP] Calling AppiumDriver.timeouts() with args: ["implicit",5000,"9b554e21-e8e0-49e7-9b1f-4989cf432b98"]
2017-05-31 06:38:14:811 - info: [debug] [BaseDriver] Set implicit wait to 5000ms
2017-05-31 06:38:14:811 - info: [debug] [MJSONWP] Responding to client with driver.timeouts() result: null
2017-05-31 06:38:14:811 - info: [HTTP] <-- POST /wd/hub/session/9b554e21-e8e0-49e7-9b1f-4989cf432b98/timeouts 200 4 ms - 76 
2017-05-31 06:38:14:858 - info: [HTTP] --> POST /wd/hub/session/9b554e21-e8e0-49e7-9b1f-4989cf432b98/element/1/click {"id":"1"}
2017-05-31 06:38:14:858 - info: [debug] [MJSONWP] Calling AppiumDriver.click() with args: ["1","9b554e21-e8e0-49e7-9b1f-4989cf432b98"]
2017-05-31 06:38:14:858 - info: [debug] [AndroidBootstrap] Sending command to android: {"cmd":"action","action":"element:click","params":{"elementId":"1"}}
2017-05-31 06:38:14:858 - info: [AndroidBootstrap] [BOOTSTRAP LOG] [debug] Got data from client: {"cmd":"action","action":"element:click","params":{"elementId":"1"}}
2017-05-31 06:38:14:874 - info: [AndroidBootstrap] [BOOTSTRAP LOG] [debug] Got command of type ACTION
2017-05-31 06:38:14:874 - info: [AndroidBootstrap] [BOOTSTRAP LOG] [debug] Got command action: click
2017-05-31 06:38:15:435 - info: [AndroidBootstrap] [BOOTSTRAP LOG] [debug] Returning result: {"value":true,"status":0}
2017-05-31 06:38:15:435 - info: [debug] [AndroidBootstrap] Received command result from bootstrap
2017-05-31 06:38:15:435 - info: [debug] [MJSONWP] Responding to client with driver.click() result: true
2017-05-31 06:38:15:451 - info: [HTTP] <-- POST /wd/hub/session/9b554e21-e8e0-49e7-9b1f-4989cf432b98/element/1/click 200 591 ms - 76 
2017-05-31 06:38:15:483 - info: [HTTP] --> GET /wd/hub/session/9b554e21-e8e0-49e7-9b1f-4989cf432b98/appium/device/current_activity {}
2017-05-31 06:38:15:483 - info: [debug] [MJSONWP] Calling AppiumDriver.getCurrentActivity() with args: ["9b554e21-e8e0-49e7-9b1f-4989cf432b98"]
2017-05-31 06:38:15:483 - info: [debug] [ADB] Getting focused package and activity
2017-05-31 06:38:15:483 - info: [debug] [ADB] Getting connected devices...
2017-05-31 06:38:15:592 - info: [debug] [ADB] 1 device(s) connected
2017-05-31 06:38:15:592 - info: [debug] [ADB] Running 'D:\SoftWare\SDK\platform-tools\adb.exe' with args: ["-P",5037,"-s","022TAS7N51009853","shell","dumpsys","window","windows"]
2017-05-31 06:38:16:060 - info: [debug] [MJSONWP] Responding to client with driver.getCurrentActivity() result: ".activity.member.LoginActivity"
2017-05-31 06:38:16:060 - info: [HTTP] <-- GET /wd/hub/session/9b554e21-e8e0-49e7-9b1f-4989cf432b98/appium/device/current_activity 200 587 ms - 104 
2017-05-31 06:38:16:154 - info: [HTTP] --> POST /wd/hub/session/9b554e21-e8e0-49e7-9b1f-4989cf432b98/timeouts {"type":"implicit","ms":0}
2017-05-31 06:38:16:154 - info: [debug] [MJSONWP] Calling AppiumDriver.timeouts() with args: ["implicit",0,"9b554e21-e8e0-49e7-9b1f-4989cf432b98"]
2017-05-31 06:38:16:154 - info: [debug] [BaseDriver] Set implicit wait to 0ms
2017-05-31 06:38:16:154 - info: [debug] [MJSONWP] Responding to client with driver.timeouts() result: null
2017-05-31 06:38:16:154 - info: [HTTP] <-- POST /wd/hub/session/9b554e21-e8e0-49e7-9b1f-4989cf432b98/timeouts 200 4 ms - 76 
2017-05-31 06:38:16:185 - info: [HTTP] --> GET /wd/hub/session/9b554e21-e8e0-49e7-9b1f-4989cf432b98/context {}
2017-05-31 06:38:16:185 - info: [debug] [MJSONWP] Calling AppiumDriver.getCurrentContext() with args: ["9b554e21-e8e0-49e7-9b1f-4989cf432b98"]
2017-05-31 06:38:16:185 - info: [debug] [MJSONWP] Responding to client with driver.getCurrentContext() result: "NATIVE_APP"
2017-05-31 06:38:16:185 - info: [HTTP] <-- GET /wd/hub/session/9b554e21-e8e0-49e7-9b1f-4989cf432b98/context 200 6 ms - 84 
2017-05-31 06:38:16:216 - info: [HTTP] --> POST /wd/hub/session/9b554e21-e8e0-49e7-9b1f-4989cf432b98/elements {"using":"id","value":"com.play.android:id/tv_account"}
2017-05-31 06:38:16:216 - info: [debug] [MJSONWP] Calling AppiumDriver.findElements() with args: ["id","com.play.android:id/tv_account","9b554e21-e8e0-49e7-9b1f-4989cf432b98"]
2017-05-31 06:38:16:216 - info: [debug] [BaseDriver] Valid locator strategies for this request: xpath, id, class name, accessibility id, -android uiautomator
2017-05-31 06:38:16:216 - info: [debug] [BaseDriver] Valid locator strategies for this request: xpath, id, class name, accessibility id, -android uiautomator
2017-05-31 06:38:16:216 - info: [debug] [BaseDriver] Waiting up to 0 ms for condition
2017-05-31 06:38:16:216 - info: [debug] [AndroidBootstrap] Sending command to android: {"cmd":"action","action":"find","params":{"strategy":"id","selector":"com.play.android:id/tv_account","context":"","multiple":true}}
2017-05-31 06:38:16:216 - info: [AndroidBootstrap] [BOOTSTRAP LOG] [debug] Got data from client: {"cmd":"action","action":"find","params":{"strategy":"id","selector":"com.play.android:id/tv_account","context":"","multiple":true}}
2017-05-31 06:38:16:216 - info: [AndroidBootstrap] [BOOTSTRAP LOG] [debug] Got command of type ACTION
2017-05-31 06:38:16:216 - info: [AndroidBootstrap] [BOOTSTRAP LOG] [debug] Got command action: find
2017-05-31 06:38:16:216 - info: [AndroidBootstrap] [BOOTSTRAP LOG] [debug] Finding 'com.play.android:id/tv_account' using 'ID' with the contextId: '' multiple: true
2017-05-31 06:38:16:216 - info: [AndroidBootstrap] [BOOTSTRAP LOG] [debug] Using: UiSelector[RESOURCE_ID=com.play.android:id/tv_account]
2017-05-31 06:38:16:216 - info: [AndroidBootstrap] [BOOTSTRAP LOG] [debug] getElements selector:UiSelector[RESOURCE_ID=com.play.android:id/tv_account]
2017-05-31 06:38:16:216 - info: [AndroidBootstrap] [BOOTSTRAP LOG] [debug] Element[] is null: (0)
2017-05-31 06:38:16:232 - info: [AndroidBootstrap] [BOOTSTRAP LOG] [debug] getElements tmp selector:UiSelector[INSTANCE=0, RESOURCE_ID=com.play.android:id/tv_account]
2017-05-31 06:38:16:263 - info: [AndroidBootstrap] [BOOTSTRAP LOG] [debug] Element[] is null: (1)
2017-05-31 06:38:16:263 - info: [AndroidBootstrap] [BOOTSTRAP LOG] [debug] getElements tmp selector:UiSelector[INSTANCE=1, RESOURCE_ID=com.play.android:id/tv_account]
2017-05-31 06:38:16:357 - info: [AndroidBootstrap] [BOOTSTRAP LOG] [debug] Returning result: {"value":[{"ELEMENT":"2"}],"status":0}
2017-05-31 06:38:16:357 - info: [debug] [AndroidBootstrap] Received command result from bootstrap
2017-05-31 06:38:16:357 - info: [debug] [MJSONWP] Responding to client with driver.findElements() result: [{"ELEMENT":"2"}]
2017-05-31 06:38:16:357 - info: [HTTP] <-- POST /wd/hub/session/9b554e21-e8e0-49e7-9b1f-4989cf432b98/elements 200 151 ms - 89 
2017-05-31 06:38:16:528 - info: [HTTP] --> POST /wd/hub/session/9b554e21-e8e0-49e7-9b1f-4989cf432b98/timeouts {"type":"implicit","ms":5000}
2017-05-31 06:38:16:528 - info: [debug] [MJSONWP] Calling AppiumDriver.timeouts() with args: ["implicit",5000,"9b554e21-e8e0-49e7-9b1f-4989cf432b98"]
2017-05-31 06:38:16:528 - info: [debug] [BaseDriver] Set implicit wait to 5000ms
2017-05-31 06:38:16:544 - info: [debug] [MJSONWP] Responding to client with driver.timeouts() result: null
2017-05-31 06:38:16:544 - info: [HTTP] <-- POST /wd/hub/session/9b554e21-e8e0-49e7-9b1f-4989cf432b98/timeouts 200 4 ms - 76 
2017-05-31 06:38:16:559 - info: [HTTP] --> POST /wd/hub/session/9b554e21-e8e0-49e7-9b1f-4989cf432b98/element/2/click {"id":"2"}
2017-05-31 06:38:16:559 - info: [debug] [MJSONWP] Calling AppiumDriver.click() with args: ["2","9b554e21-e8e0-49e7-9b1f-4989cf432b98"]
2017-05-31 06:38:16:559 - info: [debug] [AndroidBootstrap] Sending command to android: {"cmd":"action","action":"element:click","params":{"elementId":"2"}}
2017-05-31 06:38:16:559 - info: [AndroidBootstrap] [BOOTSTRAP LOG] [debug] Got data from client: {"cmd":"action","action":"element:click","params":{"elementId":"2"}}
2017-05-31 06:38:16:559 - info: [AndroidBootstrap] [BOOTSTRAP LOG] [debug] Got command of type ACTION
2017-05-31 06:38:16:559 - info: [AndroidBootstrap] [BOOTSTRAP LOG] [debug] Got command action: click
2017-05-31 06:38:16:880 - info: [AndroidBootstrap] [BOOTSTRAP LOG] [debug] Returning result: {"value":true,"status":0}
2017-05-31 06:38:16:880 - info: [debug] [AndroidBootstrap] Received command result from bootstrap
2017-05-31 06:38:16:880 - info: [debug] [MJSONWP] Responding to client with driver.click() result: true
2017-05-31 06:38:16:896 - info: [HTTP] <-- POST /wd/hub/session/9b554e21-e8e0-49e7-9b1f-4989cf432b98/element/2/click 200 333 ms - 76 
2017-05-31 06:38:17:005 - info: [HTTP] --> POST /wd/hub/session/9b554e21-e8e0-49e7-9b1f-4989cf432b98/timeouts {"type":"implicit","ms":0}
2017-05-31 06:38:17:005 - info: [debug] [MJSONWP] Calling AppiumDriver.timeouts() with args: ["implicit",0,"9b554e21-e8e0-49e7-9b1f-4989cf432b98"]
2017-05-31 06:38:17:005 - info: [debug] [BaseDriver] Set implicit wait to 0ms
2017-05-31 06:38:17:005 - info: [debug] [MJSONWP] Responding to client with driver.timeouts() result: null
2017-05-31 06:38:17:005 - info: [HTTP] <-- POST /wd/hub/session/9b554e21-e8e0-49e7-9b1f-4989cf432b98/timeouts 200 3 ms - 76 
2017-05-31 06:38:17:036 - info: [HTTP] --> GET /wd/hub/session/9b554e21-e8e0-49e7-9b1f-4989cf432b98/context {}
2017-05-31 06:38:17:036 - info: [debug] [MJSONWP] Calling AppiumDriver.getCurrentContext() with args: ["9b554e21-e8e0-49e7-9b1f-4989cf432b98"]
2017-05-31 06:38:17:036 - info: [debug] [MJSONWP] Responding to client with driver.getCurrentContext() result: "NATIVE_APP"
2017-05-31 06:38:17:036 - info: [HTTP] <-- GET /wd/hub/session/9b554e21-e8e0-49e7-9b1f-4989cf432b98/context 200 4 ms - 84 
2017-05-31 06:38:17:052 - info: [HTTP] --> POST /wd/hub/session/9b554e21-e8e0-49e7-9b1f-4989cf432b98/elements {"using":"id","value":"com.play.android:id/et_account"}
2017-05-31 06:38:17:052 - info: [debug] [MJSONWP] Calling AppiumDriver.findElements() with args: ["id","com.play.android:id/et_account","9b554e21-e8e0-49e7-9b1f-4989cf432b98"]
2017-05-31 06:38:17:052 - info: [debug] [BaseDriver] Valid locator strategies for this request: xpath, id, class name, accessibility id, -android uiautomator
2017-05-31 06:38:17:052 - info: [debug] [BaseDriver] Valid locator strategies for this request: xpath, id, class name, accessibility id, -android uiautomator
2017-05-31 06:38:17:052 - info: [debug] [BaseDriver] Waiting up to 0 ms for condition
2017-05-31 06:38:17:052 - info: [debug] [AndroidBootstrap] Sending command to android: {"cmd":"action","action":"find","params":{"strategy":"id","selector":"com.play.android:id/et_account","context":"","multiple":true}}
2017-05-31 06:38:17:068 - info: [AndroidBootstrap] [BOOTSTRAP LOG] [debug] Got data from client: {"cmd":"action","action":"find","params":{"strategy":"id","selector":"com.play.android:id/et_account","context":"","multiple":true}}
2017-05-31 06:38:17:068 - info: [AndroidBootstrap] [BOOTSTRAP LOG] [debug] Got command of type ACTION
2017-05-31 06:38:17:068 - info: [AndroidBootstrap] [BOOTSTRAP LOG] [debug] Got command action: find
2017-05-31 06:38:17:068 - info: [AndroidBootstrap] [BOOTSTRAP LOG] [debug] Finding 'com.play.android:id/et_account' using 'ID' with the contextId: '' multiple: true
2017-05-31 06:38:17:068 - info: [AndroidBootstrap] [BOOTSTRAP LOG] [debug] Using: UiSelector[RESOURCE_ID=com.play.android:id/et_account]
2017-05-31 06:38:17:068 - info: [AndroidBootstrap] [BOOTSTRAP LOG] [debug] getElements selector:UiSelector[RESOURCE_ID=com.play.android:id/et_account]
2017-05-31 06:38:17:068 - info: [AndroidBootstrap] [BOOTSTRAP LOG] [debug] Element[] is null: (0)
2017-05-31 06:38:17:068 - info: [AndroidBootstrap] [BOOTSTRAP LOG] [debug] getElements tmp selector:UiSelector[INSTANCE=0, RESOURCE_ID=com.play.android:id/et_account]
2017-05-31 06:38:17:473 - info: [AndroidBootstrap] [BOOTSTRAP LOG] [debug] Element[] is null: (1)
2017-05-31 06:38:17:489 - info: [AndroidBootstrap] [BOOTSTRAP LOG] [debug] getElements tmp selector:UiSelector[INSTANCE=1, RESOURCE_ID=com.play.android:id/et_account]
2017-05-31 06:38:17:536 - info: [debug] [AndroidBootstrap] Received command result from bootstrap
2017-05-31 06:38:17:536 - info: [debug] [MJSONWP] Responding to client with driver.findElements() result: [{"ELEMENT":"3"}]
2017-05-31 06:38:17:536 - info: [HTTP] <-- POST /wd/hub/session/9b554e21-e8e0-49e7-9b1f-4989cf432b98/elements 200 492 ms - 89 
2017-05-31 06:38:17:567 - info: [AndroidBootstrap] [BOOTSTRAP LOG] [debug] Returning result: {"value":[{"ELEMENT":"3"}],"status":0}
2017-05-31 06:38:17:645 - info: [HTTP] --> POST /wd/hub/session/9b554e21-e8e0-49e7-9b1f-4989cf432b98/timeouts {"type":"implicit","ms":5000}
2017-05-31 06:38:17:645 - info: [debug] [MJSONWP] Calling AppiumDriver.timeouts() with args: ["implicit",5000,"9b554e21-e8e0-49e7-9b1f-4989cf432b98"]
2017-05-31 06:38:17:645 - info: [debug] [BaseDriver] Set implicit wait to 5000ms
2017-05-31 06:38:17:645 - info: [debug] [MJSONWP] Responding to client with driver.timeouts() result: null
2017-05-31 06:38:17:645 - info: [HTTP] <-- POST /wd/hub/session/9b554e21-e8e0-49e7-9b1f-4989cf432b98/timeouts 200 3 ms - 76 
2017-05-31 06:38:17:660 - info: [HTTP] --> POST /wd/hub/session/9b554e21-e8e0-49e7-9b1f-4989cf432b98/element/3/value {"id":"3","value":["18521035133"]}
2017-05-31 06:38:17:660 - info: [debug] [MJSONWP] Calling AppiumDriver.setValue() with args: [["18521035133"],"3","9b554e21-e8e0-49e7-9b1f-4989cf432b98"]
2017-05-31 06:38:17:660 - info: [debug] [AndroidBootstrap] Sending command to android: {"cmd":"action","action":"element:setText","params":{"elementId":"3","text":"18521035133","replace":false,"unicodeKeyboard":true}}
2017-05-31 06:38:17:677 - info: [AndroidBootstrap] [BOOTSTRAP LOG] [debug] Got data from client: {"cmd":"action","action":"element:setText","params":{"elementId":"3","text":"18521035133","replace":false,"unicodeKeyboard":true}}
2017-05-31 06:38:17:677 - info: [AndroidBootstrap] [BOOTSTRAP LOG] [debug] Got command of type ACTION
2017-05-31 06:38:17:677 - info: [AndroidBootstrap] [BOOTSTRAP LOG] [debug] Got command action: setText
2017-05-31 06:38:17:677 - info: [AndroidBootstrap] [BOOTSTRAP LOG] [debug] Using element passed in: 3
2017-05-31 06:38:17:693 - info: [AndroidBootstrap] [BOOTSTRAP LOG] [debug] Attempting to clear using UiObject.clearText().
2017-05-31 06:38:20:382 - info: [AndroidBootstrap] [BOOTSTRAP LOG] [debug] Text remains after clearing, but it appears to be hint text.
2017-05-31 06:38:20:445 - info: [AndroidBootstrap] [BOOTSTRAP LOG] [debug] Text not cleared. Assuming remainder is hint text.
2017-05-31 06:38:20:445 - info: [AndroidBootstrap] [BOOTSTRAP LOG] [debug] Sending plain text to element: 18521035133
2017-05-31 06:38:23:675 - info: [AndroidBootstrap] [BOOTSTRAP LOG] [debug] Returning result: {"value":true,"status":0}
2017-05-31 06:38:23:675 - info: [debug] [AndroidBootstrap] Received command result from bootstrap
2017-05-31 06:38:23:675 - info: [debug] [MJSONWP] Responding to client with driver.setValue() result: true
2017-05-31 06:38:23:675 - info: [HTTP] <-- POST /wd/hub/session/9b554e21-e8e0-49e7-9b1f-4989cf432b98/element/3/value 200 6023 ms - 76 
2017-05-31 06:38:23:776 - info: [HTTP] --> POST /wd/hub/session/9b554e21-e8e0-49e7-9b1f-4989cf432b98/timeouts {"type":"implicit","ms":0}
2017-05-31 06:38:23:776 - info: [debug] [MJSONWP] Calling AppiumDriver.timeouts() with args: ["implicit",0,"9b554e21-e8e0-49e7-9b1f-4989cf432b98"]
2017-05-31 06:38:23:776 - info: [debug] [BaseDriver] Set implicit wait to 0ms
2017-05-31 06:38:23:776 - info: [debug] [MJSONWP] Responding to client with driver.timeouts() result: null
2017-05-31 06:38:23:776 - info: [HTTP] <-- POST /wd/hub/session/9b554e21-e8e0-49e7-9b1f-4989cf432b98/timeouts 200 6 ms - 76 
2017-05-31 06:38:23:792 - info: [HTTP] --> GET /wd/hub/session/9b554e21-e8e0-49e7-9b1f-4989cf432b98/context {}
2017-05-31 06:38:23:792 - info: [debug] [MJSONWP] Calling AppiumDriver.getCurrentContext() with args: ["9b554e21-e8e0-49e7-9b1f-4989cf432b98"]
2017-05-31 06:38:23:792 - info: [debug] [MJSONWP] Responding to client with driver.getCurrentContext() result: "NATIVE_APP"
2017-05-31 06:38:23:792 - info: [HTTP] <-- GET /wd/hub/session/9b554e21-e8e0-49e7-9b1f-4989cf432b98/context 200 3 ms - 84 
2017-05-31 06:38:23:807 - info: [HTTP] --> POST /wd/hub/session/9b554e21-e8e0-49e7-9b1f-4989cf432b98/elements {"using":"id","value":"com.play.android:id/et_password"}
2017-05-31 06:38:23:807 - info: [debug] [MJSONWP] Calling AppiumDriver.findElements() with args: ["id","com.play.android:id/et_password","9b554e21-e8e0-49e7-9b1f-4989cf432b98"]
2017-05-31 06:38:23:807 - info: [debug] [BaseDriver] Valid locator strategies for this request: xpath, id, class name, accessibility id, -android uiautomator
2017-05-31 06:38:23:807 - info: [debug] [BaseDriver] Valid locator strategies for this request: xpath, id, class name, accessibility id, -android uiautomator
2017-05-31 06:38:23:807 - info: [debug] [BaseDriver] Waiting up to 0 ms for condition
2017-05-31 06:38:23:807 - info: [debug] [AndroidBootstrap] Sending command to android: {"cmd":"action","action":"find","params":{"strategy":"id","selector":"com.play.android:id/et_password","context":"","multiple":true}}
2017-05-31 06:38:23:823 - info: [AndroidBootstrap] [BOOTSTRAP LOG] [debug] Got data from client: {"cmd":"action","action":"find","params":{"strategy":"id","selector":"com.play.android:id/et_password","context":"","multiple":true}}
2017-05-31 06:38:23:823 - info: [AndroidBootstrap] [BOOTSTRAP LOG] [debug] Got command of type ACTION
2017-05-31 06:38:23:823 - info: [AndroidBootstrap] [BOOTSTRAP LOG] [debug] Got command action: find
2017-05-31 06:38:23:823 - info: [AndroidBootstrap] [BOOTSTRAP LOG] [debug] Finding 'com.play.android:id/et_password' using 'ID' with the contextId: '' multiple: true
2017-05-31 06:38:23:823 - info: [AndroidBootstrap] [BOOTSTRAP LOG] [debug] Using: UiSelector[RESOURCE_ID=com.play.android:id/et_password]
2017-05-31 06:38:23:823 - info: [AndroidBootstrap] [BOOTSTRAP LOG] [debug] getElements selector:UiSelector[RESOURCE_ID=com.play.android:id/et_password]
2017-05-31 06:38:23:823 - info: [AndroidBootstrap] [BOOTSTRAP LOG] [debug] Element[] is null: (0)
2017-05-31 06:38:23:823 - info: [AndroidBootstrap] [BOOTSTRAP LOG] [debug] getElements tmp selector:UiSelector[INSTANCE=0, RESOURCE_ID=com.play.android:id/et_password]
2017-05-31 06:38:24:197 - info: [AndroidBootstrap] [BOOTSTRAP LOG] [debug] Element[] is null: (1)
2017-05-31 06:38:24:197 - info: [AndroidBootstrap] [BOOTSTRAP LOG] [debug] getElements tmp selector:UiSelector[INSTANCE=1, RESOURCE_ID=com.play.android:id/et_password]
2017-05-31 06:38:24:244 - info: [AndroidBootstrap] [BOOTSTRAP LOG] [debug] Returning result: {"value":[{"ELEMENT":"4"}],"status":0}
2017-05-31 06:38:24:244 - info: [debug] [AndroidBootstrap] Received command result from bootstrap
2017-05-31 06:38:24:244 - info: [debug] [MJSONWP] Responding to client with driver.findElements() result: [{"ELEMENT":"4"}]
2017-05-31 06:38:24:416 - info: [HTTP] <-- POST /wd/hub/session/9b554e21-e8e0-49e7-9b1f-4989cf432b98/elements 200 445 ms - 89 
2017-05-31 06:38:24:416 - info: [HTTP] --> POST /wd/hub/session/9b554e21-e8e0-49e7-9b1f-4989cf432b98/timeouts {"type":"implicit","ms":5000}
2017-05-31 06:38:24:416 - info: [debug] [MJSONWP] Calling AppiumDriver.timeouts() with args: ["implicit",5000,"9b554e21-e8e0-49e7-9b1f-4989cf432b98"]
2017-05-31 06:38:24:416 - info: [debug] [BaseDriver] Set implicit wait to 5000ms
2017-05-31 06:38:24:416 - info: [debug] [MJSONWP] Responding to client with driver.timeouts() result: null
2017-05-31 06:38:24:416 - info: [HTTP] <-- POST /wd/hub/session/9b554e21-e8e0-49e7-9b1f-4989cf432b98/timeouts 200 3 ms - 76 
2017-05-31 06:38:24:447 - info: [HTTP] --> POST /wd/hub/session/9b554e21-e8e0-49e7-9b1f-4989cf432b98/element/4/value {"id":"4","value":["111111"]}
2017-05-31 06:38:24:447 - info: [debug] [MJSONWP] Calling AppiumDriver.setValue() with args: [["111111"],"4","9b554e21-e8e0-49e7-9b1f-4989cf432b98"]
2017-05-31 06:38:24:447 - info: [debug] [AndroidBootstrap] Sending command to android: {"cmd":"action","action":"element:setText","params":{"elementId":"4","text":"111111","replace":false,"unicodeKeyboard":true}}
2017-05-31 06:38:24:462 - info: [AndroidBootstrap] [BOOTSTRAP LOG] [debug] Got data from client: {"cmd":"action","action":"element:setText","params":{"elementId":"4","text":"111111","replace":false,"unicodeKeyboard":true}}
2017-05-31 06:38:24:462 - info: [AndroidBootstrap] [BOOTSTRAP LOG] [debug] Got command of type ACTION
2017-05-31 06:38:24:462 - info: [AndroidBootstrap] [BOOTSTRAP LOG] [debug] Got command action: setText
2017-05-31 06:38:24:462 - info: [AndroidBootstrap] [BOOTSTRAP LOG] [debug] Using element passed in: 4
2017-05-31 06:38:24:494 - info: [AndroidBootstrap] [BOOTSTRAP LOG] [debug] Attempting to clear using UiObject.clearText().
2017-05-31 06:38:27:240 - info: [AndroidBootstrap] [BOOTSTRAP LOG] [debug] Sending plain text to element: 111111
2017-05-31 06:38:29:847 - info: [AndroidBootstrap] [BOOTSTRAP LOG] [debug] Returning result: {"value":true,"status":0}
2017-05-31 06:38:29:847 - info: [debug] [AndroidBootstrap] Received command result from bootstrap
2017-05-31 06:38:29:847 - info: [debug] [MJSONWP] Responding to client with driver.setValue() result: true
2017-05-31 06:38:29:862 - info: [HTTP] <-- POST /wd/hub/session/9b554e21-e8e0-49e7-9b1f-4989cf432b98/element/4/value 200 5413 ms - 76 
2017-05-31 06:38:29:910 - info: [HTTP] --> POST /wd/hub/session/9b554e21-e8e0-49e7-9b1f-4989cf432b98/timeouts {"type":"implicit","ms":0}
2017-05-31 06:38:29:910 - info: [debug] [MJSONWP] Calling AppiumDriver.timeouts() with args: ["implicit",0,"9b554e21-e8e0-49e7-9b1f-4989cf432b98"]
2017-05-31 06:38:29:910 - info: [debug] [BaseDriver] Set implicit wait to 0ms
2017-05-31 06:38:29:910 - info: [debug] [MJSONWP] Responding to client with driver.timeouts() result: null
2017-05-31 06:38:29:910 - info: [HTTP] <-- POST /wd/hub/session/9b554e21-e8e0-49e7-9b1f-4989cf432b98/timeouts 200 3 ms - 76 
2017-05-31 06:38:29:926 - info: [HTTP] --> GET /wd/hub/session/9b554e21-e8e0-49e7-9b1f-4989cf432b98/context {}
2017-05-31 06:38:29:926 - info: [debug] [MJSONWP] Calling AppiumDriver.getCurrentContext() with args: ["9b554e21-e8e0-49e7-9b1f-4989cf432b98"]
2017-05-31 06:38:29:926 - info: [debug] [MJSONWP] Responding to client with driver.getCurrentContext() result: "NATIVE_APP"
2017-05-31 06:38:29:926 - info: [HTTP] <-- GET /wd/hub/session/9b554e21-e8e0-49e7-9b1f-4989cf432b98/context 200 2 ms - 84 
2017-05-31 06:38:29:941 - info: [HTTP] --> POST /wd/hub/session/9b554e21-e8e0-49e7-9b1f-4989cf432b98/elements {"using":"id","value":"com.play.android:id/btn_login"}
2017-05-31 06:38:29:941 - info: [debug] [MJSONWP] Calling AppiumDriver.findElements() with args: ["id","com.play.android:id/btn_login","9b554e21-e8e0-49e7-9b1f-4989cf432b98"]
2017-05-31 06:38:29:941 - info: [debug] [BaseDriver] Valid locator strategies for this request: xpath, id, class name, accessibility id, -android uiautomator
2017-05-31 06:38:29:941 - info: [debug] [BaseDriver] Valid locator strategies for this request: xpath, id, class name, accessibility id, -android uiautomator
2017-05-31 06:38:29:941 - info: [debug] [BaseDriver] Waiting up to 0 ms for condition
2017-05-31 06:38:29:941 - info: [debug] [AndroidBootstrap] Sending command to android: {"cmd":"action","action":"find","params":{"strategy":"id","selector":"com.play.android:id/btn_login","context":"","multiple":true}}
2017-05-31 06:38:29:957 - info: [AndroidBootstrap] [BOOTSTRAP LOG] [debug] Got data from client: {"cmd":"action","action":"find","params":{"strategy":"id","selector":"com.play.android:id/btn_login","context":"","multiple":true}}
2017-05-31 06:38:29:957 - info: [AndroidBootstrap] [BOOTSTRAP LOG] [debug] Got command of type ACTION
2017-05-31 06:38:29:957 - info: [AndroidBootstrap] [BOOTSTRAP LOG] [debug] Got command action: find
2017-05-31 06:38:29:957 - info: [AndroidBootstrap] [BOOTSTRAP LOG] [debug] Finding 'com.play.android:id/btn_login' using 'ID' with the contextId: '' multiple: true
2017-05-31 06:38:29:957 - info: [AndroidBootstrap] [BOOTSTRAP LOG] [debug] Using: UiSelector[RESOURCE_ID=com.play.android:id/btn_login]
2017-05-31 06:38:29:957 - info: [AndroidBootstrap] [BOOTSTRAP LOG] [debug] getElements selector:UiSelector[RESOURCE_ID=com.play.android:id/btn_login]
2017-05-31 06:38:29:957 - info: [AndroidBootstrap] [BOOTSTRAP LOG] [debug] Element[] is null: (0)
2017-05-31 06:38:29:957 - info: [AndroidBootstrap] [BOOTSTRAP LOG] [debug] getElements tmp selector:UiSelector[INSTANCE=0, RESOURCE_ID=com.play.android:id/btn_login]
2017-05-31 06:38:30:410 - info: [AndroidBootstrap] [BOOTSTRAP LOG] [debug] Element[] is null: (1)
2017-05-31 06:38:30:410 - info: [AndroidBootstrap] [BOOTSTRAP LOG] [debug] getElements tmp selector:UiSelector[INSTANCE=1, RESOURCE_ID=com.play.android:id/btn_login]
2017-05-31 06:38:30:457 - info: [AndroidBootstrap] [BOOTSTRAP LOG] [debug] Returning result: {"value":[{"ELEMENT":"5"}],"status":0}
2017-05-31 06:38:30:457 - info: [debug] [AndroidBootstrap] Received command result from bootstrap
2017-05-31 06:38:30:457 - info: [debug] [MJSONWP] Responding to client with driver.findElements() result: [{"ELEMENT":"5"}]
2017-05-31 06:38:30:457 - info: [HTTP] <-- POST /wd/hub/session/9b554e21-e8e0-49e7-9b1f-4989cf432b98/elements 200 521 ms - 89 
2017-05-31 06:38:30:582 - info: [HTTP] --> POST /wd/hub/session/9b554e21-e8e0-49e7-9b1f-4989cf432b98/timeouts {"type":"implicit","ms":5000}
2017-05-31 06:38:30:582 - info: [debug] [MJSONWP] Calling AppiumDriver.timeouts() with args: ["implicit",5000,"9b554e21-e8e0-49e7-9b1f-4989cf432b98"]
2017-05-31 06:38:30:582 - info: [debug] [BaseDriver] Set implicit wait to 5000ms
2017-05-31 06:38:30:582 - info: [debug] [MJSONWP] Responding to client with driver.timeouts() result: null
2017-05-31 06:38:30:582 - info: [HTTP] <-- POST /wd/hub/session/9b554e21-e8e0-49e7-9b1f-4989cf432b98/timeouts 200 3 ms - 76 
2017-05-31 06:38:30:613 - info: [HTTP] --> POST /wd/hub/session/9b554e21-e8e0-49e7-9b1f-4989cf432b98/element/5/click {"id":"5"}
2017-05-31 06:38:30:613 - info: [debug] [MJSONWP] Calling AppiumDriver.click() with args: ["5","9b554e21-e8e0-49e7-9b1f-4989cf432b98"]
2017-05-31 06:38:30:613 - info: [debug] [AndroidBootstrap] Sending command to android: {"cmd":"action","action":"element:click","params":{"elementId":"5"}}
2017-05-31 06:38:30:613 - info: [AndroidBootstrap] [BOOTSTRAP LOG] [debug] Got data from client: {"cmd":"action","action":"element:click","params":{"elementId":"5"}}
2017-05-31 06:38:30:613 - info: [AndroidBootstrap] [BOOTSTRAP LOG] [debug] Got command of type ACTION
2017-05-31 06:38:30:613 - info: [AndroidBootstrap] [BOOTSTRAP LOG] [debug] Got command action: click
2017-05-31 06:38:30:816 - info: [AndroidBootstrap] [BOOTSTRAP LOG] [debug] Returning result: {"value":true,"status":0}
2017-05-31 06:38:30:816 - info: [debug] [AndroidBootstrap] Received command result from bootstrap
2017-05-31 06:38:30:816 - info: [debug] [MJSONWP] Responding to client with driver.click() result: true
2017-05-31 06:38:30:816 - info: [HTTP] <-- POST /wd/hub/session/9b554e21-e8e0-49e7-9b1f-4989cf432b98/element/5/click 200 210 ms - 76 
2017-05-31 06:38:30:832 - info: [HTTP] --> GET /wd/hub/session/9b554e21-e8e0-49e7-9b1f-4989cf432b98/appium/device/current_activity {}
2017-05-31 06:38:30:832 - info: [debug] [MJSONWP] Calling AppiumDriver.getCurrentActivity() with args: ["9b554e21-e8e0-49e7-9b1f-4989cf432b98"]
2017-05-31 06:38:30:832 - info: [debug] [ADB] Getting focused package and activity
2017-05-31 06:38:30:832 - info: [debug] [ADB] Getting connected devices...
2017-05-31 06:38:30:847 - info: [debug] [ADB] 1 device(s) connected
2017-05-31 06:38:30:847 - info: [debug] [ADB] Running 'D:\SoftWare\SDK\platform-tools\adb.exe' with args: ["-P",5037,"-s","022TAS7N51009853","shell","dumpsys","window","windows"]
2017-05-31 06:38:30:942 - info: [debug] [MJSONWP] Responding to client with driver.getCurrentActivity() result: ".activity.member.LoginActivity"
2017-05-31 06:38:30:942 - info: [HTTP] <-- GET /wd/hub/session/9b554e21-e8e0-49e7-9b1f-4989cf432b98/appium/device/current_activity 200 114 ms - 104 
2017-05-31 06:38:32:018 - info: [HTTP] --> GET /wd/hub/session/9b554e21-e8e0-49e7-9b1f-4989cf432b98/appium/device/current_activity {}
2017-05-31 06:38:32:018 - info: [debug] [MJSONWP] Calling AppiumDriver.getCurrentActivity() with args: ["9b554e21-e8e0-49e7-9b1f-4989cf432b98"]
2017-05-31 06:38:32:018 - info: [debug] [ADB] Getting focused package and activity
2017-05-31 06:38:32:018 - info: [debug] [ADB] Getting connected devices...
2017-05-31 06:38:32:049 - info: [debug] [ADB] 1 device(s) connected
2017-05-31 06:38:32:050 - info: [debug] [ADB] Running 'D:\SoftWare\SDK\platform-tools\adb.exe' with args: ["-P",5037,"-s","022TAS7N51009853","shell","dumpsys","window","windows"]
2017-05-31 06:38:32:144 - info: [debug] [MJSONWP] Responding to client with driver.getCurrentActivity() result: ".activity.member.LoginActivity"
2017-05-31 06:38:32:144 - info: [HTTP] <-- GET /wd/hub/session/9b554e21-e8e0-49e7-9b1f-4989cf432b98/appium/device/current_activity 200 134 ms - 104 
2017-05-31 06:38:33:161 - info: [HTTP] --> GET /wd/hub/session/9b554e21-e8e0-49e7-9b1f-4989cf432b98/appium/device/current_activity {}
2017-05-31 06:38:33:161 - info: [debug] [MJSONWP] Calling AppiumDriver.getCurrentActivity() with args: ["9b554e21-e8e0-49e7-9b1f-4989cf432b98"]
2017-05-31 06:38:33:161 - info: [debug] [ADB] Getting focused package and activity
2017-05-31 06:38:33:161 - info: [debug] [ADB] Getting connected devices...
2017-05-31 06:38:33:209 - info: [debug] [ADB] 1 device(s) connected
2017-05-31 06:38:33:209 - info: [debug] [ADB] Running 'D:\SoftWare\SDK\platform-tools\adb.exe' with args: ["-P",5037,"-s","022TAS7N51009853","shell","dumpsys","window","windows"]
2017-05-31 06:38:33:287 - info: [debug] [MJSONWP] Responding to client with driver.getCurrentActivity() result: ".activity.member.LoginActivity"
2017-05-31 06:38:33:287 - info: [HTTP] <-- GET /wd/hub/session/9b554e21-e8e0-49e7-9b1f-4989cf432b98/appium/device/current_activity 200 132 ms - 104 
2017-05-31 06:38:34:316 - info: [HTTP] --> GET /wd/hub/session/9b554e21-e8e0-49e7-9b1f-4989cf432b98/appium/device/current_activity {}
2017-05-31 06:38:34:316 - info: [debug] [MJSONWP] Calling AppiumDriver.getCurrentActivity() with args: ["9b554e21-e8e0-49e7-9b1f-4989cf432b98"]
2017-05-31 06:38:34:316 - info: [debug] [ADB] Getting focused package and activity
2017-05-31 06:38:34:316 - info: [debug] [ADB] Getting connected devices...
2017-05-31 06:38:34:349 - info: [debug] [ADB] 1 device(s) connected
2017-05-31 06:38:34:349 - info: [debug] [ADB] Running 'D:\SoftWare\SDK\platform-tools\adb.exe' with args: ["-P",5037,"-s","022TAS7N51009853","shell","dumpsys","window","windows"]
2017-05-31 06:38:34:458 - info: [debug] [MJSONWP] Responding to client with driver.getCurrentActivity() result: ".activity.member.LoginActivity"
2017-05-31 06:38:34:458 - info: [HTTP] <-- GET /wd/hub/session/9b554e21-e8e0-49e7-9b1f-4989cf432b98/appium/device/current_activity 200 145 ms - 104 
2017-05-31 06:38:35:488 - info: [HTTP] --> GET /wd/hub/session/9b554e21-e8e0-49e7-9b1f-4989cf432b98/appium/device/current_activity {}
2017-05-31 06:38:35:488 - info: [debug] [MJSONWP] Calling AppiumDriver.getCurrentActivity() with args: ["9b554e21-e8e0-49e7-9b1f-4989cf432b98"]
2017-05-31 06:38:35:488 - info: [debug] [ADB] Getting focused package and activity
2017-05-31 06:38:35:488 - info: [debug] [ADB] Getting connected devices...
2017-05-31 06:38:35:521 - info: [debug] [ADB] 1 device(s) connected
2017-05-31 06:38:35:521 - info: [debug] [ADB] Running 'D:\SoftWare\SDK\platform-tools\adb.exe' with args: ["-P",5037,"-s","022TAS7N51009853","shell","dumpsys","window","windows"]
2017-05-31 06:38:35:614 - info: [debug] [MJSONWP] Responding to client with driver.getCurrentActivity() result: ".activity.member.LoginActivity"
2017-05-31 06:38:35:614 - info: [HTTP] <-- GET /wd/hub/session/9b554e21-e8e0-49e7-9b1f-4989cf432b98/appium/device/current_activity 200 128 ms - 104 
2017-05-31 06:38:36:644 - info: [HTTP] --> GET /wd/hub/session/9b554e21-e8e0-49e7-9b1f-4989cf432b98/appium/device/current_activity {}
2017-05-31 06:38:36:644 - info: [debug] [MJSONWP] Calling AppiumDriver.getCurrentActivity() with args: ["9b554e21-e8e0-49e7-9b1f-4989cf432b98"]
2017-05-31 06:38:36:644 - info: [debug] [ADB] Getting focused package and activity
2017-05-31 06:38:36:644 - info: [debug] [ADB] Getting connected devices...
2017-05-31 06:38:36:676 - info: [debug] [ADB] 1 device(s) connected
2017-05-31 06:38:36:676 - info: [debug] [ADB] Running 'D:\SoftWare\SDK\platform-tools\adb.exe' with args: ["-P",5037,"-s","022TAS7N51009853","shell","dumpsys","window","windows"]
2017-05-31 06:38:36:754 - info: [debug] [MJSONWP] Responding to client with driver.getCurrentActivity() result: ".activity.member.LoginActivity"
2017-05-31 06:38:36:754 - info: [HTTP] <-- GET /wd/hub/session/9b554e21-e8e0-49e7-9b1f-4989cf432b98/appium/device/current_activity 200 113 ms - 104 
2017-05-31 06:38:37:770 - info: [HTTP] --> GET /wd/hub/session/9b554e21-e8e0-49e7-9b1f-4989cf432b98/appium/device/current_activity {}
2017-05-31 06:38:37:770 - info: [debug] [MJSONWP] Calling AppiumDriver.getCurrentActivity() with args: ["9b554e21-e8e0-49e7-9b1f-4989cf432b98"]
2017-05-31 06:38:37:770 - info: [debug] [ADB] Getting focused package and activity
2017-05-31 06:38:37:770 - info: [debug] [ADB] Getting connected devices...
2017-05-31 06:38:37:801 - info: [debug] [ADB] 1 device(s) connected
2017-05-31 06:38:37:802 - info: [debug] [ADB] Running 'D:\SoftWare\SDK\platform-tools\adb.exe' with args: ["-P",5037,"-s","022TAS7N51009853","shell","dumpsys","window","windows"]
2017-05-31 06:38:38:036 - info: [debug] [MJSONWP] Responding to client with driver.getCurrentActivity() result: ".activity.member.LoginActivity"
2017-05-31 06:38:38:036 - info: [HTTP] <-- GET /wd/hub/session/9b554e21-e8e0-49e7-9b1f-4989cf432b98/appium/device/current_activity 200 270 ms - 104 
2017-05-31 06:38:39:066 - info: [HTTP] --> GET /wd/hub/session/9b554e21-e8e0-49e7-9b1f-4989cf432b98/appium/device/current_activity {}
2017-05-31 06:38:39:066 - info: [debug] [MJSONWP] Calling AppiumDriver.getCurrentActivity() with args: ["9b554e21-e8e0-49e7-9b1f-4989cf432b98"]
2017-05-31 06:38:39:066 - info: [debug] [ADB] Getting focused package and activity
2017-05-31 06:38:39:066 - info: [debug] [ADB] Getting connected devices...
2017-05-31 06:38:39:098 - info: [debug] [ADB] 1 device(s) connected
2017-05-31 06:38:39:098 - info: [debug] [ADB] Running 'D:\SoftWare\SDK\platform-tools\adb.exe' with args: ["-P",5037,"-s","022TAS7N51009853","shell","dumpsys","window","windows"]
2017-05-31 06:38:39:176 - info: [debug] [MJSONWP] Responding to client with driver.getCurrentActivity() result: ".activity.member.LoginActivity"
2017-05-31 06:38:39:192 - info: [HTTP] <-- GET /wd/hub/session/9b554e21-e8e0-49e7-9b1f-4989cf432b98/appium/device/current_activity 200 123 ms - 104 
2017-05-31 06:38:40:221 - info: [HTTP] --> GET /wd/hub/session/9b554e21-e8e0-49e7-9b1f-4989cf432b98/appium/device/current_activity {}
2017-05-31 06:38:40:221 - info: [debug] [MJSONWP] Calling AppiumDriver.getCurrentActivity() with args: ["9b554e21-e8e0-49e7-9b1f-4989cf432b98"]
2017-05-31 06:38:40:221 - info: [debug] [ADB] Getting focused package and activity
2017-05-31 06:38:40:221 - info: [debug] [ADB] Getting connected devices...
2017-05-31 06:38:40:253 - info: [debug] [ADB] 1 device(s) connected
2017-05-31 06:38:40:253 - info: [debug] [ADB] Running 'D:\SoftWare\SDK\platform-tools\adb.exe' with args: ["-P",5037,"-s","022TAS7N51009853","shell","dumpsys","window","windows"]
2017-05-31 06:38:40:347 - info: [debug] [MJSONWP] Responding to client with driver.getCurrentActivity() result: ".activity.member.LoginActivity"
2017-05-31 06:38:40:347 - info: [HTTP] <-- GET /wd/hub/session/9b554e21-e8e0-49e7-9b1f-4989cf432b98/appium/device/current_activity 200 127 ms - 104 
2017-05-31 06:38:41:378 - info: [HTTP] --> GET /wd/hub/session/9b554e21-e8e0-49e7-9b1f-4989cf432b98/appium/device/current_activity {}
2017-05-31 06:38:41:378 - info: [debug] [MJSONWP] Calling AppiumDriver.getCurrentActivity() with args: ["9b554e21-e8e0-49e7-9b1f-4989cf432b98"]
2017-05-31 06:38:41:378 - info: [debug] [ADB] Getting focused package and activity
2017-05-31 06:38:41:378 - info: [debug] [ADB] Getting connected devices...
2017-05-31 06:38:41:425 - info: [debug] [ADB] 1 device(s) connected
2017-05-31 06:38:41:425 - info: [debug] [ADB] Running 'D:\SoftWare\SDK\platform-tools\adb.exe' with args: ["-P",5037,"-s","022TAS7N51009853","shell","dumpsys","window","windows"]
2017-05-31 06:38:41:535 - info: [debug] [MJSONWP] Responding to client with driver.getCurrentActivity() result: ".activity.member.LoginActivity"
2017-05-31 06:38:41:535 - info: [HTTP] <-- GET /wd/hub/session/9b554e21-e8e0-49e7-9b1f-4989cf432b98/appium/device/current_activity 200 167 ms - 104 
2017-05-31 06:38:42:567 - info: [HTTP] --> GET /wd/hub/session/9b554e21-e8e0-49e7-9b1f-4989cf432b98/appium/device/current_activity {}
2017-05-31 06:38:42:567 - info: [debug] [MJSONWP] Calling AppiumDriver.getCurrentActivity() with args: ["9b554e21-e8e0-49e7-9b1f-4989cf432b98"]
2017-05-31 06:38:42:567 - info: [debug] [ADB] Getting focused package and activity
2017-05-31 06:38:42:567 - info: [debug] [ADB] Getting connected devices...
2017-05-31 06:38:42:599 - info: [debug] [ADB] 1 device(s) connected
2017-05-31 06:38:42:599 - info: [debug] [ADB] Running 'D:\SoftWare\SDK\platform-tools\adb.exe' with args: ["-P",5037,"-s","022TAS7N51009853","shell","dumpsys","window","windows"]
2017-05-31 06:38:42:724 - info: [debug] [MJSONWP] Responding to client with driver.getCurrentActivity() result: ".activity.member.LoginActivity"
2017-05-31 06:38:42:724 - info: [HTTP] <-- GET /wd/hub/session/9b554e21-e8e0-49e7-9b1f-4989cf432b98/appium/device/current_activity 200 157 ms - 104 
2017-05-31 06:38:43:754 - info: [HTTP] --> GET /wd/hub/session/9b554e21-e8e0-49e7-9b1f-4989cf432b98/appium/device/current_activity {}
2017-05-31 06:38:43:754 - info: [debug] [MJSONWP] Calling AppiumDriver.getCurrentActivity() with args: ["9b554e21-e8e0-49e7-9b1f-4989cf432b98"]
2017-05-31 06:38:43:754 - info: [debug] [ADB] Getting focused package and activity
2017-05-31 06:38:43:754 - info: [debug] [ADB] Getting connected devices...
2017-05-31 06:38:43:802 - info: [debug] [ADB] 1 device(s) connected
2017-05-31 06:38:43:802 - info: [debug] [ADB] Running 'D:\SoftWare\SDK\platform-tools\adb.exe' with args: ["-P",5037,"-s","022TAS7N51009853","shell","dumpsys","window","windows"]
2017-05-31 06:38:43:895 - info: [debug] [MJSONWP] Responding to client with driver.getCurrentActivity() result: ".activity.member.LoginActivity"
2017-05-31 06:38:43:895 - info: [HTTP] <-- GET /wd/hub/session/9b554e21-e8e0-49e7-9b1f-4989cf432b98/appium/device/current_activity 200 145 ms - 104 
2017-05-31 06:38:44:926 - info: [HTTP] --> GET /wd/hub/session/9b554e21-e8e0-49e7-9b1f-4989cf432b98/appium/device/current_activity {}
2017-05-31 06:38:44:926 - info: [debug] [MJSONWP] Calling AppiumDriver.getCurrentActivity() with args: ["9b554e21-e8e0-49e7-9b1f-4989cf432b98"]
2017-05-31 06:38:44:926 - info: [debug] [ADB] Getting focused package and activity
2017-05-31 06:38:44:926 - info: [debug] [ADB] Getting connected devices...
2017-05-31 06:38:44:941 - info: [debug] [ADB] 1 device(s) connected
2017-05-31 06:38:44:941 - info: [debug] [ADB] Running 'D:\SoftWare\SDK\platform-tools\adb.exe' with args: ["-P",5037,"-s","022TAS7N51009853","shell","dumpsys","window","windows"]
2017-05-31 06:38:45:036 - info: [debug] [MJSONWP] Responding to client with driver.getCurrentActivity() result: ".activity.member.LoginActivity"
2017-05-31 06:38:45:036 - info: [HTTP] <-- GET /wd/hub/session/9b554e21-e8e0-49e7-9b1f-4989cf432b98/appium/device/current_activity 200 118 ms - 104 
2017-05-31 06:38:46:066 - info: [HTTP] --> GET /wd/hub/session/9b554e21-e8e0-49e7-9b1f-4989cf432b98/appium/device/current_activity {}
2017-05-31 06:38:46:066 - info: [debug] [MJSONWP] Calling AppiumDriver.getCurrentActivity() with args: ["9b554e21-e8e0-49e7-9b1f-4989cf432b98"]
2017-05-31 06:38:46:066 - info: [debug] [ADB] Getting focused package and activity
2017-05-31 06:38:46:066 - info: [debug] [ADB] Getting connected devices...
2017-05-31 06:38:46:113 - info: [debug] [ADB] 1 device(s) connected
2017-05-31 06:38:46:113 - info: [debug] [ADB] Running 'D:\SoftWare\SDK\platform-tools\adb.exe' with args: ["-P",5037,"-s","022TAS7N51009853","shell","dumpsys","window","windows"]
2017-05-31 06:38:46:207 - info: [debug] [MJSONWP] Responding to client with driver.getCurrentActivity() result: ".activity.member.LoginActivity"
2017-05-31 06:38:46:207 - info: [HTTP] <-- GET /wd/hub/session/9b554e21-e8e0-49e7-9b1f-4989cf432b98/appium/device/current_activity 200 141 ms - 104 
2017-05-31 06:38:47:224 - info: [HTTP] --> GET /wd/hub/session/9b554e21-e8e0-49e7-9b1f-4989cf432b98/appium/device/current_activity {}
2017-05-31 06:38:47:224 - info: [debug] [MJSONWP] Calling AppiumDriver.getCurrentActivity() with args: ["9b554e21-e8e0-49e7-9b1f-4989cf432b98"]
2017-05-31 06:38:47:224 - info: [debug] [ADB] Getting focused package and activity
2017-05-31 06:38:47:224 - info: [debug] [ADB] Getting connected devices...
2017-05-31 06:38:47:256 - info: [debug] [ADB] 1 device(s) connected
2017-05-31 06:38:47:256 - info: [debug] [ADB] Running 'D:\SoftWare\SDK\platform-tools\adb.exe' with args: ["-P",5037,"-s","022TAS7N51009853","shell","dumpsys","window","windows"]
2017-05-31 06:38:47:506 - info: [debug] [MJSONWP] Responding to client with driver.getCurrentActivity() result: ".activity.member.LoginActivity"
2017-05-31 06:38:47:506 - info: [HTTP] <-- GET /wd/hub/session/9b554e21-e8e0-49e7-9b1f-4989cf432b98/appium/device/current_activity 200 294 ms - 104 
2017-05-31 06:38:48:540 - info: [HTTP] --> GET /wd/hub/session/9b554e21-e8e0-49e7-9b1f-4989cf432b98/appium/device/current_activity {}
2017-05-31 06:38:48:540 - info: [debug] [MJSONWP] Calling AppiumDriver.getCurrentActivity() with args: ["9b554e21-e8e0-49e7-9b1f-4989cf432b98"]
2017-05-31 06:38:48:540 - info: [debug] [ADB] Getting focused package and activity
2017-05-31 06:38:48:540 - info: [debug] [ADB] Getting connected devices...
2017-05-31 06:38:48:573 - info: [debug] [ADB] 1 device(s) connected
2017-05-31 06:38:48:573 - info: [debug] [ADB] Running 'D:\SoftWare\SDK\platform-tools\adb.exe' with args: ["-P",5037,"-s","022TAS7N51009853","shell","dumpsys","window","windows"]
2017-05-31 06:38:48:667 - info: [debug] [MJSONWP] Responding to client with driver.getCurrentActivity() result: ".activity.member.LoginActivity"
2017-05-31 06:38:48:667 - info: [HTTP] <-- GET /wd/hub/session/9b554e21-e8e0-49e7-9b1f-4989cf432b98/appium/device/current_activity 200 133 ms - 104 
2017-05-31 06:38:49:697 - info: [HTTP] --> GET /wd/hub/session/9b554e21-e8e0-49e7-9b1f-4989cf432b98/appium/device/current_activity {}
2017-05-31 06:38:49:697 - info: [debug] [MJSONWP] Calling AppiumDriver.getCurrentActivity() with args: ["9b554e21-e8e0-49e7-9b1f-4989cf432b98"]
2017-05-31 06:38:49:697 - info: [debug] [ADB] Getting focused package and activity
2017-05-31 06:38:49:697 - info: [debug] [ADB] Getting connected devices...
2017-05-31 06:38:49:745 - info: [debug] [ADB] 1 device(s) connected
2017-05-31 06:38:49:745 - info: [debug] [ADB] Running 'D:\SoftWare\SDK\platform-tools\adb.exe' with args: ["-P",5037,"-s","022TAS7N51009853","shell","dumpsys","window","windows"]
2017-05-31 06:38:49:838 - info: [debug] [MJSONWP] Responding to client with driver.getCurrentActivity() result: ".activity.member.LoginActivity"
2017-05-31 06:38:49:838 - info: [HTTP] <-- GET /wd/hub/session/9b554e21-e8e0-49e7-9b1f-4989cf432b98/appium/device/current_activity 200 149 ms - 104 
2017-05-31 06:38:50:869 - info: [HTTP] --> GET /wd/hub/session/9b554e21-e8e0-49e7-9b1f-4989cf432b98/appium/device/current_activity {}
2017-05-31 06:38:50:869 - info: [debug] [MJSONWP] Calling AppiumDriver.getCurrentActivity() with args: ["9b554e21-e8e0-49e7-9b1f-4989cf432b98"]
2017-05-31 06:38:50:869 - info: [debug] [ADB] Getting focused package and activity
2017-05-31 06:38:50:869 - info: [debug] [ADB] Getting connected devices...
2017-05-31 06:38:50:901 - info: [debug] [ADB] 1 device(s) connected
2017-05-31 06:38:50:901 - info: [debug] [ADB] Running 'D:\SoftWare\SDK\platform-tools\adb.exe' with args: ["-P",5037,"-s","022TAS7N51009853","shell","dumpsys","window","windows"]
2017-05-31 06:38:50:979 - info: [debug] [MJSONWP] Responding to client with driver.getCurrentActivity() result: ".activity.member.LoginActivity"
2017-05-31 06:38:50:979 - info: [HTTP] <-- GET /wd/hub/session/9b554e21-e8e0-49e7-9b1f-4989cf432b98/appium/device/current_activity 200 122 ms - 104 
2017-05-31 06:38:51:999 - info: [HTTP] --> GET /wd/hub/session/9b554e21-e8e0-49e7-9b1f-4989cf432b98/appium/device/current_activity {}
2017-05-31 06:38:52:000 - info: [debug] [MJSONWP] Calling AppiumDriver.getCurrentActivity() with args: ["9b554e21-e8e0-49e7-9b1f-4989cf432b98"]
2017-05-31 06:38:52:002 - info: [debug] [ADB] Getting focused package and activity
2017-05-31 06:38:52:003 - info: [debug] [ADB] Getting connected devices...
2017-05-31 06:38:52:036 - info: [debug] [ADB] 1 device(s) connected
2017-05-31 06:38:52:036 - info: [debug] [ADB] Running 'D:\SoftWare\SDK\platform-tools\adb.exe' with args: ["-P",5037,"-s","022TAS7N51009853","shell","dumpsys","window","windows"]
2017-05-31 06:38:52:114 - info: [debug] [MJSONWP] Responding to client with driver.getCurrentActivity() result: ".activity.member.LoginActivity"
2017-05-31 06:38:52:114 - info: [HTTP] <-- GET /wd/hub/session/9b554e21-e8e0-49e7-9b1f-4989cf432b98/appium/device/current_activity 200 122 ms - 104 
2017-05-31 06:38:53:144 - info: [HTTP] --> GET /wd/hub/session/9b554e21-e8e0-49e7-9b1f-4989cf432b98/appium/device/current_activity {}
2017-05-31 06:38:53:144 - info: [debug] [MJSONWP] Calling AppiumDriver.getCurrentActivity() with args: ["9b554e21-e8e0-49e7-9b1f-4989cf432b98"]
2017-05-31 06:38:53:144 - info: [debug] [ADB] Getting focused package and activity
2017-05-31 06:38:53:144 - info: [debug] [ADB] Getting connected devices...
2017-05-31 06:38:53:192 - info: [debug] [ADB] 1 device(s) connected
2017-05-31 06:38:53:192 - info: [debug] [ADB] Running 'D:\SoftWare\SDK\platform-tools\adb.exe' with args: ["-P",5037,"-s","022TAS7N51009853","shell","dumpsys","window","windows"]
2017-05-31 06:38:53:285 - info: [debug] [MJSONWP] Responding to client with driver.getCurrentActivity() result: ".activity.member.LoginActivity"
2017-05-31 06:38:53:285 - info: [HTTP] <-- GET /wd/hub/session/9b554e21-e8e0-49e7-9b1f-4989cf432b98/appium/device/current_activity 200 149 ms - 104 
2017-05-31 06:38:54:315 - info: [HTTP] --> GET /wd/hub/session/9b554e21-e8e0-49e7-9b1f-4989cf432b98/appium/device/current_activity {}
2017-05-31 06:38:54:315 - info: [debug] [MJSONWP] Calling AppiumDriver.getCurrentActivity() with args: ["9b554e21-e8e0-49e7-9b1f-4989cf432b98"]
2017-05-31 06:38:54:315 - info: [debug] [ADB] Getting focused package and activity
2017-05-31 06:38:54:315 - info: [debug] [ADB] Getting connected devices...
2017-05-31 06:38:54:363 - info: [debug] [ADB] 1 device(s) connected
2017-05-31 06:38:54:363 - info: [debug] [ADB] Running 'D:\SoftWare\SDK\platform-tools\adb.exe' with args: ["-P",5037,"-s","022TAS7N51009853","shell","dumpsys","window","windows"]
2017-05-31 06:38:54:472 - info: [debug] [MJSONWP] Responding to client with driver.getCurrentActivity() result: ".activity.member.LoginActivity"
2017-05-31 06:38:54:472 - info: [HTTP] <-- GET /wd/hub/session/9b554e21-e8e0-49e7-9b1f-4989cf432b98/appium/device/current_activity 200 156 ms - 104 
2017-05-31 06:38:54:488 - info: [HTTP] --> POST /wd/hub/session/9b554e21-e8e0-49e7-9b1f-4989cf432b98/appium/app/close {}
2017-05-31 06:38:54:488 - info: [debug] [MJSONWP] Calling AppiumDriver.closeApp() with args: ["9b554e21-e8e0-49e7-9b1f-4989cf432b98"]
2017-05-31 06:38:54:488 - info: [debug] [ADB] Getting connected devices...
2017-05-31 06:38:54:519 - info: [debug] [ADB] 1 device(s) connected
2017-05-31 06:38:54:519 - info: [debug] [ADB] Running 'D:\SoftWare\SDK\platform-tools\adb.exe' with args: ["-P",5037,"-s","022TAS7N51009853","shell","am","force-stop","com.play.android"]
2017-05-31 06:38:55:581 - info: [debug] [MJSONWP] Responding to client with driver.closeApp() result: null
2017-05-31 06:38:55:581 - info: [HTTP] <-- POST /wd/hub/session/9b554e21-e8e0-49e7-9b1f-4989cf432b98/appium/app/close 200 1101 ms - 76 
