2017-05-31 10:32:53:582 - info: [Appium] Welcome to Appium v1.6.5
2017-05-31 10:32:53:585 - info: [Appium] Non-default server args:
2017-05-31 10:32:53:586 - info: [Appium]   address: 127.0.0.1
2017-05-31 10:32:53:586 - info: [Appium]   log: D:\workSpace\EclipseProjects\AppiumForEclipse\log\1496226767379.log
2017-05-31 10:32:53:652 - info: [Appium] Appium REST http interface listener started on 127.0.0.1:4723
2017-05-31 10:32:54:099 - info: [HTTP] --> GET /wd/hub/status {}
2017-05-31 10:32:54:106 - info: [debug] [MJSONWP] Calling AppiumDriver.getStatus() with args: []
2017-05-31 10:32:54:163 - info: [debug] [MJSONWP] Responding to client with driver.getStatus() result: {"build":{"version":"1.6.5","revision":null}}
2017-05-31 10:32:54:169 - info: [HTTP] <-- GET /wd/hub/status 200 67 ms - 83 
2017-05-31 10:32:54:175 - info: [HTTP] --> GET /wd/hub/status {}
2017-05-31 10:32:54:175 - info: [debug] [MJSONWP] Calling AppiumDriver.getStatus() with args: []
2017-05-31 10:32:54:216 - info: [debug] [MJSONWP] Responding to client with driver.getStatus() result: {"build":{"version":"1.6.5","revision":null}}
2017-05-31 10:32:54:219 - info: [HTTP] <-- GET /wd/hub/status 200 42 ms - 83 
2017-05-31 10:32:54:935 - info: [HTTP] --> POST /wd/hub/session {"desiredCapabilities":{"app":"D:\\workSpace\\EclipseProjects\\AppiumForEclipse\\apps\\play.apk","noSign":"True","browserName":"","unicodeKeyboard":"True","platformName":"Android","deviceName":"022TAS7N51009853","resetKeyboard":"True"}}
2017-05-31 10:32:54:936 - info: [debug] [MJSONWP] Calling AppiumDriver.createSession() with args: [{"app":"D:\\workSpace\\EclipseProjects\\AppiumForEclipse\\apps\\play.apk","noSign":"True","browserName":"","unicodeKeyboard":"True","platformName":"Android","deviceName":"022TAS7N51009853","resetKeyboard":"True"},null,null]
2017-05-31 10:32:54:937 - info: [debug] [BaseDriver] Event 'newSessionRequested' logged at 1496226774936 (18:32:54 GMT+0800 (中国标准时间))
2017-05-31 10:32:54:941 - info: [Appium] Creating new AndroidDriver (v1.20.0) session
2017-05-31 10:32:54:941 - info: [Appium] Capabilities:
2017-05-31 10:32:54:944 - info: [Appium]   app: 'D:\\workSpace\\EclipseProjects\\AppiumForEclipse\\apps\\play.apk'
2017-05-31 10:32:54:944 - info: [Appium]   noSign: 'True'
2017-05-31 10:32:54:945 - info: [Appium]   browserName: ''
2017-05-31 10:32:54:945 - info: [Appium]   unicodeKeyboard: 'True'
2017-05-31 10:32:54:945 - info: [Appium]   platformName: 'Android'
2017-05-31 10:32:54:945 - info: [Appium]   deviceName: '022TAS7N51009853'
2017-05-31 10:32:54:945 - info: [Appium]   resetKeyboard: 'True'
2017-05-31 10:32:54:948 - info: [debug] [AndroidDriver] AndroidDriver version: 1.20.0
2017-05-31 10:32:54:954 - warn: [BaseDriver] Capability 'unicodeKeyboard' changed from string to boolean. This may cause unexpected behavior
2017-05-31 10:32:54:954 - warn: [BaseDriver] Capability 'resetKeyboard' changed from string to boolean. This may cause unexpected behavior
2017-05-31 10:32:54:955 - warn: [BaseDriver] Capability 'noSign' changed from string to boolean. This may cause unexpected behavior
2017-05-31 10:32:54:966 - info: [BaseDriver] Session created with session id: a56e4c4a-b56f-4e96-a350-1ad471755e7b
2017-05-31 10:32:54:969 - info: [debug] [AndroidDriver] Getting Java version
2017-05-31 10:32:55:107 - info: [AndroidDriver] Java version is: 1.8.0_121
2017-05-31 10:32:55:112 - info: [ADB] Checking whether adb is present
2017-05-31 10:32:55:117 - info: [ADB] Using adb.exe from D:\SoftWare\SDK\platform-tools\adb.exe
2017-05-31 10:32:55:118 - info: [AndroidDriver] Retrieving device list
2017-05-31 10:32:55:119 - info: [debug] [ADB] Trying to find a connected android device
2017-05-31 10:32:55:121 - info: [debug] [ADB] Getting connected devices...
2017-05-31 10:32:55:150 - info: [debug] [ADB] 1 device(s) connected
2017-05-31 10:32:55:150 - info: [AndroidDriver] Using device: 85GBBMA2353T
2017-05-31 10:32:55:152 - info: [ADB] Checking whether adb is present
2017-05-31 10:32:55:154 - info: [ADB] Using adb.exe from D:\SoftWare\SDK\platform-tools\adb.exe
2017-05-31 10:32:55:155 - info: [debug] [ADB] Setting device id to 85GBBMA2353T
2017-05-31 10:32:55:156 - info: [BaseDriver] Using local app 'D:\workSpace\EclipseProjects\AppiumForEclipse\apps\play.apk'
2017-05-31 10:32:55:156 - info: [debug] [AndroidDriver] Checking whether app is actually present
2017-05-31 10:32:55:158 - info: [AndroidDriver] Starting Android session
2017-05-31 10:32:55:162 - info: [debug] [ADB] Running 'D:\SoftWare\SDK\platform-tools\adb.exe' with args: ["-P",5037,"-s","85GBBMA2353T","wait-for-device"]
2017-05-31 10:32:55:189 - info: [debug] [ADB] Getting connected devices...
2017-05-31 10:32:55:212 - info: [debug] [ADB] 1 device(s) connected
2017-05-31 10:32:55:213 - info: [debug] [ADB] Running 'D:\SoftWare\SDK\platform-tools\adb.exe' with args: ["-P",5037,"-s","85GBBMA2353T","shell","echo","ping"]
2017-05-31 10:32:55:252 - info: [debug] [Logcat] Starting logcat capture
2017-05-31 10:32:55:294 - info: [debug] [AndroidDriver] Enabling Unicode keyboard support
2017-05-31 10:32:55:295 - info: [debug] [AndroidDriver] Pushing unicode ime to device...
2017-05-31 10:32:55:295 - info: [debug] [ADB] Running 'D:\SoftWare\SDK\platform-tools\adb.exe' with args: ["-P",5037,"-s","85GBBMA2353T","install","D:\\MyProgram\\nodejs\\node_modules\\appium\\node_modules\\appium-android-ime\\bin\\UnicodeIME-debug.apk"]
2017-05-31 10:32:56:358 - info: [debug] [ADB] Getting connected devices...
2017-05-31 10:32:56:394 - info: [debug] [ADB] 1 device(s) connected
2017-05-31 10:32:56:394 - info: [debug] [ADB] Running 'D:\SoftWare\SDK\platform-tools\adb.exe' with args: ["-P",5037,"-s","85GBBMA2353T","shell","settings","get","secure","default_input_method"]
2017-05-31 10:32:57:111 - info: [debug] [AndroidDriver] Unsetting previous IME com.iflytek.inputmethod/.FlyIME
2017-05-31 10:32:57:112 - info: [debug] [AndroidDriver] Setting IME to 'io.appium.android.ime/.UnicodeIME'
2017-05-31 10:32:57:113 - info: [debug] [ADB] Getting connected devices...
2017-05-31 10:32:57:155 - info: [debug] [ADB] 1 device(s) connected
2017-05-31 10:32:57:155 - info: [debug] [ADB] Running 'D:\SoftWare\SDK\platform-tools\adb.exe' with args: ["-P",5037,"-s","85GBBMA2353T","shell","ime","enable","io.appium.android.ime/.UnicodeIME"]
2017-05-31 10:32:57:882 - info: [debug] [ADB] Getting connected devices...
2017-05-31 10:32:57:916 - info: [debug] [ADB] 1 device(s) connected
2017-05-31 10:32:57:916 - info: [debug] [ADB] Running 'D:\SoftWare\SDK\platform-tools\adb.exe' with args: ["-P",5037,"-s","85GBBMA2353T","shell","ime","set","io.appium.android.ime/.UnicodeIME"]
2017-05-31 10:32:58:632 - info: [debug] [AndroidDriver] Pushing settings apk to device...
2017-05-31 10:32:58:641 - info: [debug] [ADB] Getting install status for io.appium.settings
2017-05-31 10:32:58:642 - info: [debug] [ADB] Getting connected devices...
2017-05-31 10:32:58:673 - info: [debug] [ADB] 1 device(s) connected
2017-05-31 10:32:58:674 - info: [debug] [ADB] Running 'D:\SoftWare\SDK\platform-tools\adb.exe' with args: ["-P",5037,"-s","85GBBMA2353T","shell","pm","list","packages","io.appium.settings"]
2017-05-31 10:32:59:111 - info: [debug] [ADB] App is not installed
2017-05-31 10:32:59:112 - info: [debug] [ADB] Running 'D:\SoftWare\SDK\platform-tools\adb.exe' with args: ["-P",5037,"-s","85GBBMA2353T","install","D:\\MyProgram\\nodejs\\node_modules\\appium\\node_modules\\io.appium.settings\\app\\build\\outputs\\apk\\settings_apk-debug.apk"]
2017-05-31 10:33:00:035 - info: [debug] [ADB] Getting connected devices...
2017-05-31 10:33:00:071 - info: [debug] [ADB] 1 device(s) connected
2017-05-31 10:33:00:071 - info: [debug] [ADB] Running 'D:\SoftWare\SDK\platform-tools\adb.exe' with args: ["-P",5037,"-s","85GBBMA2353T","shell","getprop","ro.build.version.sdk"]
2017-05-31 10:33:00:134 - info: [debug] [ADB] Device API level: 22
2017-05-31 10:33:00:135 - info: [debug] [ADB] Getting connected devices...
2017-05-31 10:33:00:160 - info: [debug] [ADB] 1 device(s) connected
2017-05-31 10:33:00:160 - info: [debug] [ADB] Running 'D:\SoftWare\SDK\platform-tools\adb.exe' with args: ["-P",5037,"-s","85GBBMA2353T","shell","dumpsys","package","io.appium.settings"]
2017-05-31 10:33:00:237 - info: [debug] [AndroidDriver] Pushing unlock helper app to device...
2017-05-31 10:33:00:239 - info: [debug] [ADB] Running 'D:\SoftWare\SDK\platform-tools\adb.exe' with args: ["-P",5037,"-s","85GBBMA2353T","install","D:\\MyProgram\\nodejs\\node_modules\\appium\\node_modules\\appium-unlock\\bin\\unlock_apk-debug.apk"]
2017-05-31 10:33:00:976 - info: [debug] [ADB] Device API level: 22
2017-05-31 10:33:00:977 - info: [debug] [ADB] Getting connected devices...
2017-05-31 10:33:01:024 - info: [debug] [ADB] 1 device(s) connected
2017-05-31 10:33:01:025 - info: [debug] [ADB] Running 'D:\SoftWare\SDK\platform-tools\adb.exe' with args: ["-P",5037,"-s","85GBBMA2353T","shell","settings","put","secure","mock_location","1"]
2017-05-31 10:33:01:734 - info: [ADB] Getting device platform version
2017-05-31 10:33:01:735 - info: [debug] [ADB] Getting connected devices...
2017-05-31 10:33:01:774 - info: [debug] [ADB] 1 device(s) connected
2017-05-31 10:33:01:774 - info: [debug] [ADB] Running 'D:\SoftWare\SDK\platform-tools\adb.exe' with args: ["-P",5037,"-s","85GBBMA2353T","shell","getprop","ro.build.version.release"]
2017-05-31 10:33:01:813 - info: [debug] [ADB] Getting connected devices...
2017-05-31 10:33:01:838 - info: [debug] [ADB] 1 device(s) connected
2017-05-31 10:33:01:840 - info: [debug] [ADB] Running 'D:\SoftWare\SDK\platform-tools\adb.exe' with args: ["-P",5037,"-s","85GBBMA2353T","shell","wm","size"]
2017-05-31 10:33:02:566 - info: [debug] [ADB] Getting connected devices...
2017-05-31 10:33:02:611 - info: [debug] [ADB] 1 device(s) connected
2017-05-31 10:33:02:611 - info: [debug] [ADB] Running 'D:\SoftWare\SDK\platform-tools\adb.exe' with args: ["-P",5037,"-s","85GBBMA2353T","shell","getprop","ro.product.model"]
2017-05-31 10:33:02:650 - info: [debug] [ADB] Current device property 'ro.product.model': MX5
2017-05-31 10:33:02:651 - info: [debug] [ADB] Getting connected devices...
2017-05-31 10:33:02:676 - info: [debug] [ADB] 1 device(s) connected
2017-05-31 10:33:02:676 - info: [debug] [ADB] Running 'D:\SoftWare\SDK\platform-tools\adb.exe' with args: ["-P",5037,"-s","85GBBMA2353T","shell","getprop","ro.product.manufacturer"]
2017-05-31 10:33:02:714 - info: [debug] [ADB] Current device property 'ro.product.manufacturer': Meizu
2017-05-31 10:33:02:716 - info: [debug] [AndroidDriver] Parsing package and activity from app manifest
2017-05-31 10:33:02:717 - info: [ADB] Checking whether aapt is present
2017-05-31 10:33:02:721 - info: [ADB] Using aapt.exe from D:\SoftWare\SDK\build-tools\24.0.3\aapt.exe
2017-05-31 10:33:02:722 - info: [ADB] Extracting package and launch activity from manifest
2017-05-31 10:33:02:753 - info: [debug] [ADB] badging package: com.play.android
2017-05-31 10:33:02:753 - info: [debug] [ADB] badging act: com.play.android.activity.SplashActivity
2017-05-31 10:33:02:753 - info: [debug] [AndroidDriver] Parsed package and activity are: com.play.android/com.play.android.activity.SplashActivity
2017-05-31 10:33:02:885 - info: [AndroidDriver] Remote apk path is /data/local/tmp/42e2f15827830994ee5f75a4ff734348.apk
2017-05-31 10:33:02:886 - info: [debug] [ADB] Getting connected devices...
2017-05-31 10:33:02:909 - info: [debug] [ADB] 1 device(s) connected
2017-05-31 10:33:02:911 - info: [debug] [ADB] Running 'D:\SoftWare\SDK\platform-tools\adb.exe' with args: ["-P",5037,"-s","85GBBMA2353T","shell","ls","/data/local/tmp/42e2f15827830994ee5f75a4ff734348.apk"]
2017-05-31 10:33:02:948 - info: [debug] [AndroidDriver] Checking if app is installed
2017-05-31 10:33:02:948 - info: [debug] [ADB] Getting install status for com.play.android
2017-05-31 10:33:02:948 - info: [debug] [ADB] Getting connected devices...
2017-05-31 10:33:02:972 - info: [debug] [ADB] 1 device(s) connected
2017-05-31 10:33:02:972 - info: [debug] [ADB] Running 'D:\SoftWare\SDK\platform-tools\adb.exe' with args: ["-P",5037,"-s","85GBBMA2353T","shell","pm","list","packages","com.play.android"]
2017-05-31 10:33:03:512 - info: [debug] [ADB] App is installed
2017-05-31 10:33:03:534 - info: [AndroidDriver] Apk is already on remote and installed, resetting
2017-05-31 10:33:03:535 - info: [debug] [AndroidDriver] Running fast reset (stop and clear)
2017-05-31 10:33:03:536 - info: [debug] [ADB] Getting connected devices...
2017-05-31 10:33:03:560 - info: [debug] [ADB] 1 device(s) connected
2017-05-31 10:33:03:560 - info: [debug] [ADB] Running 'D:\SoftWare\SDK\platform-tools\adb.exe' with args: ["-P",5037,"-s","85GBBMA2353T","shell","am","force-stop","com.play.android"]
2017-05-31 10:33:04:403 - info: [debug] [ADB] Getting connected devices...
2017-05-31 10:33:04:447 - info: [debug] [ADB] 1 device(s) connected
2017-05-31 10:33:04:447 - info: [debug] [ADB] Running 'D:\SoftWare\SDK\platform-tools\adb.exe' with args: ["-P",5037,"-s","85GBBMA2353T","shell","pm","clear","com.play.android"]
2017-05-31 10:33:05:072 - info: [debug] [AndroidDriver] Extracting strings from apk D:\workSpace\EclipseProjects\AppiumForEclipse\apps\play.apk null C:\Users\ADMINI~1\AppData\Local\Temp\com.play.android
2017-05-31 10:33:05:073 - info: [debug] [ADB] Extracting strings for language: default
2017-05-31 10:33:05:074 - info: [debug] [ADB] Device API level: 22
2017-05-31 10:33:05:076 - info: [debug] [ADB] Getting connected devices...
2017-05-31 10:33:05:111 - info: [debug] [ADB] 1 device(s) connected
2017-05-31 10:33:05:111 - info: [debug] [ADB] Running 'D:\SoftWare\SDK\platform-tools\adb.exe' with args: ["-P",5037,"-s","85GBBMA2353T","shell","getprop","persist.sys.language"]
2017-05-31 10:33:05:154 - info: [debug] [ADB] Current device property 'persist.sys.language': zh
2017-05-31 10:33:06:331 - info: [debug] [ADB] Reading strings from converted strings.json
2017-05-31 10:33:06:335 - info: [debug] [ADB] Running 'D:\SoftWare\SDK\platform-tools\adb.exe' with args: ["-P",5037,"-s","85GBBMA2353T","push","C:\\Users\\ADMINI~1\\AppData\\Local\\Temp\\com.play.android\\strings.json","/data/local/tmp"]
2017-05-31 10:33:06:373 - info: [debug] [AndroidBootstrap] Watching for bootstrap disconnect
2017-05-31 10:33:06:374 - info: [debug] [ADB] Forwarding system: 4724 to device: 4724
2017-05-31 10:33:06:375 - info: [debug] [ADB] Running 'D:\SoftWare\SDK\platform-tools\adb.exe' with args: ["-P",5037,"-s","85GBBMA2353T","forward","tcp:4724","tcp:4724"]
2017-05-31 10:33:06:382 - info: [debug] [UiAutomator] Starting UiAutomator
2017-05-31 10:33:06:383 - info: [debug] [UiAutomator] Moving to state 'starting'
2017-05-31 10:33:06:383 - info: [debug] [UiAutomator] Parsing uiautomator jar
2017-05-31 10:33:06:383 - info: [debug] [UiAutomator] Found jar name: 'AppiumBootstrap.jar'
2017-05-31 10:33:06:384 - info: [debug] [ADB] Running 'D:\SoftWare\SDK\platform-tools\adb.exe' with args: ["-P",5037,"-s","85GBBMA2353T","push","D:\\MyProgram\\nodejs\\node_modules\\appium\\node_modules\\appium-android-bootstrap\\bootstrap\\bin\\AppiumBootstrap.jar","/data/local/tmp/"]
2017-05-31 10:33:06:446 - info: [debug] [ADB] Attempting to kill all uiautomator processes
2017-05-31 10:33:06:447 - info: [debug] [ADB] Getting all processes with uiautomator
2017-05-31 10:33:06:447 - info: [debug] [ADB] Getting connected devices...
2017-05-31 10:33:06:472 - info: [debug] [ADB] 1 device(s) connected
2017-05-31 10:33:06:473 - info: [debug] [ADB] Running 'D:\SoftWare\SDK\platform-tools\adb.exe' with args: ["-P",5037,"-s","85GBBMA2353T","shell","ps"]
2017-05-31 10:33:06:632 - info: [ADB] No uiautomator process found to kill, continuing...
2017-05-31 10:33:06:633 - info: [debug] [UiAutomator] Starting UIAutomator
2017-05-31 10:33:06:634 - info: [debug] [ADB] Creating ADB subprocess with args: ["-P",5037,"-s","85GBBMA2353T","shell","uiautomator","runtest","AppiumBootstrap.jar","-c","io.appium.android.bootstrap.Bootstrap","-e","pkg","com.play.android","-e","disableAndroidWatchers",false,"-e","acceptSslCerts",false]
2017-05-31 10:33:07:276 - info: [debug] [UiAutomator] Moving to state 'online'
2017-05-31 10:33:07:284 - info: [AndroidBootstrap] [BOOTSTRAP LOG] [debug] json loading complete.
2017-05-31 10:33:07:286 - info: [AndroidBootstrap] [BOOTSTRAP LOG] [debug] Registered crash watchers.
2017-05-31 10:33:07:288 - info: [AndroidBootstrap] Android bootstrap socket is now connected
2017-05-31 10:33:07:291 - info: [debug] [ADB] Getting connected devices...
2017-05-31 10:33:07:313 - info: [AndroidBootstrap] [BOOTSTRAP LOG] [debug] Client connected
2017-05-31 10:33:07:327 - info: [debug] [ADB] 1 device(s) connected
2017-05-31 10:33:07:328 - info: [debug] [ADB] Running 'D:\SoftWare\SDK\platform-tools\adb.exe' with args: ["-P",5037,"-s","85GBBMA2353T","shell","dumpsys","window"]
2017-05-31 10:33:07:397 - info: [AndroidDriver] Screen already unlocked, doing nothing
2017-05-31 10:33:07:398 - info: [debug] [ADB] Device API level: 22
2017-05-31 10:33:07:399 - info: [debug] [ADB] Getting connected devices...
2017-05-31 10:33:07:423 - info: [debug] [ADB] 1 device(s) connected
2017-05-31 10:33:07:424 - info: [debug] [ADB] Running 'D:\SoftWare\SDK\platform-tools\adb.exe' with args: ["-P",5037,"-s","85GBBMA2353T","shell","am","start","-W","-n","com.play.android/com.play.android.activity.SplashActivity","-S","-a","android.intent.action.MAIN","-c","android.intent.category.LAUNCHER","-f","0x10200000"]
2017-05-31 10:33:09:118 - info: [debug] [ADB] Waiting for activity matching pkg: 'com.play.android' and activity: 'com.play.android.activity.SplashActivity' to be focused
2017-05-31 10:33:09:119 - info: [debug] [ADB] Possible activities, to be checked: com.play.android.activity.SplashActivity, com.play.android.com.play.android.activity.SplashActivity
2017-05-31 10:33:09:122 - info: [debug] [ADB] Getting focused package and activity
2017-05-31 10:33:09:123 - info: [debug] [ADB] Getting connected devices...
2017-05-31 10:33:09:161 - info: [debug] [ADB] 1 device(s) connected
2017-05-31 10:33:09:162 - info: [debug] [ADB] Running 'D:\SoftWare\SDK\platform-tools\adb.exe' with args: ["-P",5037,"-s","85GBBMA2353T","shell","dumpsys","window","windows"]
2017-05-31 10:33:09:211 - info: [debug] [ADB] Found package: 'com.play.android' and fully qualified activity name : 'com.play.android.activity.main.HomeActivity'
2017-05-31 10:33:09:212 - info: [debug] [ADB] Incorrect package and activity. Retrying.
2017-05-31 10:33:09:964 - info: [debug] [ADB] Getting focused package and activity
2017-05-31 10:33:09:964 - info: [debug] [ADB] Getting connected devices...
2017-05-31 10:33:10:005 - info: [debug] [ADB] 1 device(s) connected
2017-05-31 10:33:10:006 - info: [debug] [ADB] Running 'D:\SoftWare\SDK\platform-tools\adb.exe' with args: ["-P",5037,"-s","85GBBMA2353T","shell","dumpsys","window","windows"]
2017-05-31 10:33:10:067 - info: [debug] [ADB] Found package: 'com.play.android' and fully qualified activity name : 'com.play.android.activity.main.HomeActivity'
2017-05-31 10:33:10:067 - info: [debug] [ADB] Incorrect package and activity. Retrying.
2017-05-31 10:33:10:818 - info: [debug] [ADB] Getting focused package and activity
2017-05-31 10:33:10:819 - info: [debug] [ADB] Getting connected devices...
2017-05-31 10:33:10:848 - info: [debug] [ADB] 1 device(s) connected
2017-05-31 10:33:10:849 - info: [debug] [ADB] Running 'D:\SoftWare\SDK\platform-tools\adb.exe' with args: ["-P",5037,"-s","85GBBMA2353T","shell","dumpsys","window","windows"]
2017-05-31 10:33:10:929 - info: [debug] [ADB] Found package: 'com.play.android' and fully qualified activity name : 'com.play.android.activity.main.HomeActivity'
2017-05-31 10:33:10:930 - info: [debug] [ADB] Incorrect package and activity. Retrying.
2017-05-31 10:33:11:681 - info: [debug] [ADB] Getting focused package and activity
2017-05-31 10:33:11:682 - info: [debug] [ADB] Getting connected devices...
2017-05-31 10:33:11:735 - info: [debug] [ADB] 1 device(s) connected
2017-05-31 10:33:11:735 - info: [debug] [ADB] Running 'D:\SoftWare\SDK\platform-tools\adb.exe' with args: ["-P",5037,"-s","85GBBMA2353T","shell","dumpsys","window","windows"]
2017-05-31 10:33:11:798 - info: [debug] [ADB] Found package: 'com.play.android' and fully qualified activity name : 'com.play.android.activity.main.HomeActivity'
2017-05-31 10:33:11:798 - info: [debug] [ADB] Incorrect package and activity. Retrying.
2017-05-31 10:33:12:549 - info: [debug] [ADB] Getting focused package and activity
2017-05-31 10:33:12:549 - info: [debug] [ADB] Getting connected devices...
2017-05-31 10:33:12:603 - info: [debug] [ADB] 1 device(s) connected
2017-05-31 10:33:12:603 - info: [debug] [ADB] Running 'D:\SoftWare\SDK\platform-tools\adb.exe' with args: ["-P",5037,"-s","85GBBMA2353T","shell","dumpsys","window","windows"]
2017-05-31 10:33:12:657 - info: [debug] [ADB] Found package: 'com.play.android' and fully qualified activity name : 'com.play.android.activity.main.HomeActivity'
2017-05-31 10:33:12:658 - info: [debug] [ADB] Incorrect package and activity. Retrying.
2017-05-31 10:33:13:409 - info: [debug] [ADB] Getting focused package and activity
2017-05-31 10:33:13:410 - info: [debug] [ADB] Getting connected devices...
2017-05-31 10:33:13:452 - info: [debug] [ADB] 1 device(s) connected
2017-05-31 10:33:13:452 - info: [debug] [ADB] Running 'D:\SoftWare\SDK\platform-tools\adb.exe' with args: ["-P",5037,"-s","85GBBMA2353T","shell","dumpsys","window","windows"]
2017-05-31 10:33:13:517 - info: [debug] [ADB] Found package: 'com.play.android' and fully qualified activity name : 'com.play.android.activity.main.HomeActivity'
2017-05-31 10:33:13:517 - info: [debug] [ADB] Incorrect package and activity. Retrying.
2017-05-31 10:33:14:269 - info: [debug] [ADB] Getting focused package and activity
2017-05-31 10:33:14:269 - info: [debug] [ADB] Getting connected devices...
2017-05-31 10:33:14:322 - info: [debug] [ADB] 1 device(s) connected
2017-05-31 10:33:14:322 - info: [debug] [ADB] Running 'D:\SoftWare\SDK\platform-tools\adb.exe' with args: ["-P",5037,"-s","85GBBMA2353T","shell","dumpsys","window","windows"]
2017-05-31 10:33:14:377 - info: [debug] [ADB] Found package: 'com.play.android' and fully qualified activity name : 'com.play.android.activity.main.HomeActivity'
2017-05-31 10:33:14:377 - info: [debug] [ADB] Incorrect package and activity. Retrying.
2017-05-31 10:33:15:128 - info: [debug] [ADB] Getting focused package and activity
2017-05-31 10:33:15:129 - info: [debug] [ADB] Getting connected devices...
2017-05-31 10:33:15:181 - info: [debug] [ADB] 1 device(s) connected
2017-05-31 10:33:15:181 - info: [debug] [ADB] Running 'D:\SoftWare\SDK\platform-tools\adb.exe' with args: ["-P",5037,"-s","85GBBMA2353T","shell","dumpsys","window","windows"]
2017-05-31 10:33:15:231 - info: [debug] [ADB] Found package: 'com.play.android' and fully qualified activity name : 'com.play.android.activity.main.HomeActivity'
2017-05-31 10:33:15:231 - info: [debug] [ADB] Incorrect package and activity. Retrying.
2017-05-31 10:33:15:982 - info: [debug] [ADB] Getting focused package and activity
2017-05-31 10:33:15:983 - info: [debug] [ADB] Getting connected devices...
2017-05-31 10:33:16:026 - info: [debug] [ADB] 1 device(s) connected
2017-05-31 10:33:16:027 - info: [debug] [ADB] Running 'D:\SoftWare\SDK\platform-tools\adb.exe' with args: ["-P",5037,"-s","85GBBMA2353T","shell","dumpsys","window","windows"]
2017-05-31 10:33:16:082 - info: [debug] [ADB] Found package: 'com.play.android' and fully qualified activity name : 'com.play.android.activity.main.HomeActivity'
2017-05-31 10:33:16:082 - info: [debug] [ADB] Incorrect package and activity. Retrying.
2017-05-31 10:33:16:833 - info: [debug] [ADB] Getting focused package and activity
2017-05-31 10:33:16:834 - info: [debug] [ADB] Getting connected devices...
2017-05-31 10:33:16:890 - info: [debug] [ADB] 1 device(s) connected
2017-05-31 10:33:16:890 - info: [debug] [ADB] Running 'D:\SoftWare\SDK\platform-tools\adb.exe' with args: ["-P",5037,"-s","85GBBMA2353T","shell","dumpsys","window","windows"]
2017-05-31 10:33:16:947 - info: [debug] [ADB] Found package: 'com.play.android' and fully qualified activity name : 'com.play.android.activity.main.HomeActivity'
2017-05-31 10:33:16:947 - info: [debug] [ADB] Incorrect package and activity. Retrying.
2017-05-31 10:33:17:698 - info: [debug] [ADB] Getting focused package and activity
2017-05-31 10:33:17:699 - info: [debug] [ADB] Getting connected devices...
2017-05-31 10:33:17:744 - info: [debug] [ADB] 1 device(s) connected
2017-05-31 10:33:17:745 - info: [debug] [ADB] Running 'D:\SoftWare\SDK\platform-tools\adb.exe' with args: ["-P",5037,"-s","85GBBMA2353T","shell","dumpsys","window","windows"]
2017-05-31 10:33:17:814 - info: [debug] [ADB] Found package: 'com.play.android' and fully qualified activity name : 'com.play.android.activity.main.HomeActivity'
2017-05-31 10:33:17:814 - info: [debug] [ADB] Incorrect package and activity. Retrying.
2017-05-31 10:33:18:565 - info: [debug] [ADB] Getting focused package and activity
2017-05-31 10:33:18:565 - info: [debug] [ADB] Getting connected devices...
2017-05-31 10:33:18:603 - info: [debug] [ADB] 1 device(s) connected
2017-05-31 10:33:18:603 - info: [debug] [ADB] Running 'D:\SoftWare\SDK\platform-tools\adb.exe' with args: ["-P",5037,"-s","85GBBMA2353T","shell","dumpsys","window","windows"]
2017-05-31 10:33:18:662 - info: [debug] [ADB] Found package: 'com.play.android' and fully qualified activity name : 'com.play.android.activity.main.HomeActivity'
2017-05-31 10:33:18:662 - info: [debug] [ADB] Incorrect package and activity. Retrying.
2017-05-31 10:33:19:413 - info: [debug] [ADB] Getting focused package and activity
2017-05-31 10:33:19:414 - info: [debug] [ADB] Getting connected devices...
2017-05-31 10:33:19:457 - info: [debug] [ADB] 1 device(s) connected
2017-05-31 10:33:19:457 - info: [debug] [ADB] Running 'D:\SoftWare\SDK\platform-tools\adb.exe' with args: ["-P",5037,"-s","85GBBMA2353T","shell","dumpsys","window","windows"]
2017-05-31 10:33:19:517 - info: [debug] [ADB] Found package: 'com.play.android' and fully qualified activity name : 'com.play.android.activity.main.HomeActivity'
2017-05-31 10:33:19:517 - info: [debug] [ADB] Incorrect package and activity. Retrying.
2017-05-31 10:33:20:267 - info: [debug] [ADB] Getting focused package and activity
2017-05-31 10:33:20:267 - info: [debug] [ADB] Getting connected devices...
2017-05-31 10:33:20:292 - info: [debug] [ADB] 1 device(s) connected
2017-05-31 10:33:20:292 - info: [debug] [ADB] Running 'D:\SoftWare\SDK\platform-tools\adb.exe' with args: ["-P",5037,"-s","85GBBMA2353T","shell","dumpsys","window","windows"]
2017-05-31 10:33:20:349 - info: [debug] [ADB] Found package: 'com.play.android' and fully qualified activity name : 'com.play.android.activity.main.HomeActivity'
2017-05-31 10:33:20:350 - info: [debug] [ADB] Incorrect package and activity. Retrying.
2017-05-31 10:33:21:102 - info: [debug] [ADB] Getting focused package and activity
2017-05-31 10:33:21:103 - info: [debug] [ADB] Getting connected devices...
2017-05-31 10:33:21:150 - info: [debug] [ADB] 1 device(s) connected
2017-05-31 10:33:21:151 - info: [debug] [ADB] Running 'D:\SoftWare\SDK\platform-tools\adb.exe' with args: ["-P",5037,"-s","85GBBMA2353T","shell","dumpsys","window","windows"]
2017-05-31 10:33:21:199 - info: [debug] [ADB] Found package: 'com.play.android' and fully qualified activity name : 'com.play.android.activity.main.HomeActivity'
2017-05-31 10:33:21:199 - info: [debug] [ADB] Incorrect package and activity. Retrying.
2017-05-31 10:33:21:950 - info: [debug] [ADB] Getting focused package and activity
2017-05-31 10:33:21:950 - info: [debug] [ADB] Getting connected devices...
2017-05-31 10:33:21:987 - info: [debug] [ADB] 1 device(s) connected
2017-05-31 10:33:21:987 - info: [debug] [ADB] Running 'D:\SoftWare\SDK\platform-tools\adb.exe' with args: ["-P",5037,"-s","85GBBMA2353T","shell","dumpsys","window","windows"]
2017-05-31 10:33:22:043 - info: [debug] [ADB] Found package: 'com.play.android' and fully qualified activity name : 'com.play.android.activity.main.HomeActivity'
2017-05-31 10:33:22:043 - info: [debug] [ADB] Incorrect package and activity. Retrying.
2017-05-31 10:33:22:793 - info: [debug] [ADB] Getting focused package and activity
2017-05-31 10:33:22:793 - info: [debug] [ADB] Getting connected devices...
2017-05-31 10:33:22:830 - info: [debug] [ADB] 1 device(s) connected
2017-05-31 10:33:22:831 - info: [debug] [ADB] Running 'D:\SoftWare\SDK\platform-tools\adb.exe' with args: ["-P",5037,"-s","85GBBMA2353T","shell","dumpsys","window","windows"]
2017-05-31 10:33:22:887 - info: [debug] [ADB] Found package: 'com.play.android' and fully qualified activity name : 'com.play.android.activity.main.HomeActivity'
2017-05-31 10:33:22:887 - info: [debug] [ADB] Incorrect package and activity. Retrying.
2017-05-31 10:33:23:637 - info: [debug] [ADB] Getting focused package and activity
2017-05-31 10:33:23:638 - info: [debug] [ADB] Getting connected devices...
2017-05-31 10:33:23:675 - info: [debug] [ADB] 1 device(s) connected
2017-05-31 10:33:23:675 - info: [debug] [ADB] Running 'D:\SoftWare\SDK\platform-tools\adb.exe' with args: ["-P",5037,"-s","85GBBMA2353T","shell","dumpsys","window","windows"]
2017-05-31 10:33:23:731 - info: [debug] [ADB] Found package: 'com.play.android' and fully qualified activity name : 'com.play.android.activity.main.HomeActivity'
2017-05-31 10:33:23:731 - info: [debug] [ADB] Incorrect package and activity. Retrying.
2017-05-31 10:33:24:482 - info: [debug] [ADB] Getting focused package and activity
2017-05-31 10:33:24:483 - info: [debug] [ADB] Getting connected devices...
2017-05-31 10:33:24:518 - info: [debug] [ADB] 1 device(s) connected
2017-05-31 10:33:24:518 - info: [debug] [ADB] Running 'D:\SoftWare\SDK\platform-tools\adb.exe' with args: ["-P",5037,"-s","85GBBMA2353T","shell","dumpsys","window","windows"]
2017-05-31 10:33:24:574 - info: [debug] [ADB] Found package: 'com.play.android' and fully qualified activity name : 'com.play.android.activity.main.HomeActivity'
2017-05-31 10:33:24:574 - info: [debug] [ADB] Incorrect package and activity. Retrying.
2017-05-31 10:33:25:325 - info: [debug] [ADB] Getting focused package and activity
2017-05-31 10:33:25:326 - info: [debug] [ADB] Getting connected devices...
2017-05-31 10:33:25:380 - info: [debug] [ADB] 1 device(s) connected
2017-05-31 10:33:25:381 - info: [debug] [ADB] Running 'D:\SoftWare\SDK\platform-tools\adb.exe' with args: ["-P",5037,"-s","85GBBMA2353T","shell","dumpsys","window","windows"]
2017-05-31 10:33:25:442 - info: [debug] [ADB] Found package: 'com.play.android' and fully qualified activity name : 'com.play.android.activity.main.HomeActivity'
2017-05-31 10:33:25:442 - info: [debug] [ADB] Incorrect package and activity. Retrying.
2017-05-31 10:33:26:193 - info: [debug] [ADB] Getting focused package and activity
2017-05-31 10:33:26:193 - info: [debug] [ADB] Getting connected devices...
2017-05-31 10:33:26:238 - info: [debug] [ADB] 1 device(s) connected
2017-05-31 10:33:26:238 - info: [debug] [ADB] Running 'D:\SoftWare\SDK\platform-tools\adb.exe' with args: ["-P",5037,"-s","85GBBMA2353T","shell","dumpsys","window","windows"]
2017-05-31 10:33:26:290 - info: [debug] [ADB] Found package: 'com.play.android' and fully qualified activity name : 'com.play.android.activity.main.HomeActivity'
2017-05-31 10:33:26:291 - info: [debug] [ADB] Incorrect package and activity. Retrying.
2017-05-31 10:33:27:042 - info: [debug] [ADB] Getting focused package and activity
2017-05-31 10:33:27:043 - info: [debug] [ADB] Getting connected devices...
2017-05-31 10:33:27:106 - info: [debug] [ADB] 1 device(s) connected
2017-05-31 10:33:27:108 - info: [debug] [ADB] Running 'D:\SoftWare\SDK\platform-tools\adb.exe' with args: ["-P",5037,"-s","85GBBMA2353T","shell","dumpsys","window","windows"]
2017-05-31 10:33:27:185 - info: [debug] [ADB] Found package: 'com.play.android' and fully qualified activity name : 'com.play.android.activity.main.HomeActivity'
2017-05-31 10:33:27:186 - info: [debug] [ADB] Incorrect package and activity. Retrying.
2017-05-31 10:33:27:936 - info: [debug] [ADB] Getting focused package and activity
2017-05-31 10:33:27:937 - info: [debug] [ADB] Getting connected devices...
2017-05-31 10:33:27:984 - info: [debug] [ADB] 1 device(s) connected
2017-05-31 10:33:27:984 - info: [debug] [ADB] Running 'D:\SoftWare\SDK\platform-tools\adb.exe' with args: ["-P",5037,"-s","85GBBMA2353T","shell","dumpsys","window","windows"]
2017-05-31 10:33:28:050 - info: [debug] [ADB] Found package: 'com.play.android' and fully qualified activity name : 'com.play.android.activity.main.HomeActivity'
2017-05-31 10:33:28:050 - info: [debug] [ADB] Incorrect package and activity. Retrying.
2017-05-31 10:33:28:800 - info: [debug] [ADB] Getting focused package and activity
2017-05-31 10:33:28:801 - info: [debug] [ADB] Getting connected devices...
2017-05-31 10:33:28:835 - info: [debug] [ADB] 1 device(s) connected
2017-05-31 10:33:28:835 - info: [debug] [ADB] Running 'D:\SoftWare\SDK\platform-tools\adb.exe' with args: ["-P",5037,"-s","85GBBMA2353T","shell","dumpsys","window","windows"]
2017-05-31 10:33:28:893 - info: [debug] [ADB] Found package: 'com.play.android' and fully qualified activity name : 'com.play.android.activity.main.HomeActivity'
2017-05-31 10:33:28:893 - info: [debug] [ADB] Incorrect package and activity. Retrying.
2017-05-31 10:33:29:673 - error: [ADB] Error: com.play.android.activity.SplashActivity or com.play.android.com.play.android.activity.SplashActivity never started
    at Object.wrappedLogger.errorAndThrow (../../lib/logging.js:63:13)
    at ADB.callee$0$0$ (../../../lib/tools/apk-utils.js:153:7)
    at tryCatch (D:\MyProgram\nodejs\node_modules\appium\node_modules\babel-runtime\regenerator\runtime.js:67:40)
    at GeneratorFunctionPrototype.invoke [as _invoke] (D:\MyProgram\nodejs\node_modules\appium\node_modules\babel-runtime\regenerator\runtime.js:315:22)
    at GeneratorFunctionPrototype.prototype.(anonymous function) [as next] (D:\MyProgram\nodejs\node_modules\appium\node_modules\babel-runtime\regenerator\runtime.js:100:21)
    at GeneratorFunctionPrototype.invoke (D:\MyProgram\nodejs\node_modules\appium\node_modules\babel-runtime\regenerator\runtime.js:136:37)
 Error: com.play.android.activity.SplashActivity or com.play.android.com.play.android.activity.SplashActivity never started
    at Object.wrappedLogger.errorAndThrow (../../lib/logging.js:63:13)
    at ADB.callee$0$0$ (../../../lib/tools/apk-utils.js:153:7)
    at tryCatch (D:\MyProgram\nodejs\node_modules\appium\node_modules\babel-runtime\regenerator\runtime.js:67:40)
    at GeneratorFunctionPrototype.invoke [as _invoke] (D:\MyProgram\nodejs\node_modules\appium\node_modules\babel-runtime\regenerator\runtime.js:315:22)
    at GeneratorFunctionPrototype.prototype.(anonymous function) [as next] (D:\MyProgram\nodejs\node_modules\appium\node_modules\babel-runtime\regenerator\runtime.js:100:21)
    at GeneratorFunctionPrototype.invoke (D:\MyProgram\nodejs\node_modules\appium\node_modules\babel-runtime\regenerator\runtime.js:136:37)
2017-05-31 10:33:29:674 - error: [ADB] Error: Error occured while starting App. Original error: com.play.android.activity.SplashActivity or com.play.android.com.play.android.activity.SplashActivity never started
    at Object.wrappedLogger.errorAndThrow (../../lib/logging.js:63:13)
    at ADB.callee$0$0$ (../../../lib/tools/apk-utils.js:79:9)
    at tryCatch (D:\MyProgram\nodejs\node_modules\appium\node_modules\babel-runtime\regenerator\runtime.js:67:40)
    at GeneratorFunctionPrototype.invoke [as _invoke] (D:\MyProgram\nodejs\node_modules\appium\node_modules\babel-runtime\regenerator\runtime.js:315:22)
    at GeneratorFunctionPrototype.prototype.(anonymous function) [as throw] (D:\MyProgram\nodejs\node_modules\appium\node_modules\babel-runtime\regenerator\runtime.js:100:21)
    at GeneratorFunctionPrototype.invoke (D:\MyProgram\nodejs\node_modules\appium\node_modules\babel-runtime\regenerator\runtime.js:136:37)
 Error: Error occured while starting App. Original error: com.play.android.activity.SplashActivity or com.play.android.com.play.android.activity.SplashActivity never started
    at Object.wrappedLogger.errorAndThrow (../../lib/logging.js:63:13)
    at ADB.callee$0$0$ (../../../lib/tools/apk-utils.js:79:9)
    at tryCatch (D:\MyProgram\nodejs\node_modules\appium\node_modules\babel-runtime\regenerator\runtime.js:67:40)
    at GeneratorFunctionPrototype.invoke [as _invoke] (D:\MyProgram\nodejs\node_modules\appium\node_modules\babel-runtime\regenerator\runtime.js:315:22)
    at GeneratorFunctionPrototype.prototype.(anonymous function) [as throw] (D:\MyProgram\nodejs\node_modules\appium\node_modules\babel-runtime\regenerator\runtime.js:100:21)
    at GeneratorFunctionPrototype.invoke (D:\MyProgram\nodejs\node_modules\appium\node_modules\babel-runtime\regenerator\runtime.js:136:37)
2017-05-31 10:33:29:677 - info: [debug] [AndroidDriver] Shutting down Android driver
2017-05-31 10:33:29:678 - info: [debug] [AndroidDriver] Resetting IME to com.iflytek.inputmethod/.FlyIME
2017-05-31 10:33:29:679 - info: [debug] [ADB] Getting connected devices...
2017-05-31 10:33:29:703 - info: [debug] [ADB] 1 device(s) connected
2017-05-31 10:33:29:704 - info: [debug] [ADB] Running 'D:\SoftWare\SDK\platform-tools\adb.exe' with args: ["-P",5037,"-s","85GBBMA2353T","shell","ime","set","com.iflytek.inputmethod/.FlyIME"]
2017-05-31 10:33:30:446 - info: [debug] [ADB] Getting connected devices...
2017-05-31 10:33:30:487 - info: [debug] [ADB] 1 device(s) connected
2017-05-31 10:33:30:488 - info: [debug] [ADB] Running 'D:\SoftWare\SDK\platform-tools\adb.exe' with args: ["-P",5037,"-s","85GBBMA2353T","shell","am","force-stop","com.play.android"]
2017-05-31 10:33:31:366 - info: [debug] [ADB] Pressing the HOME button
2017-05-31 10:33:31:368 - info: [debug] [ADB] Getting connected devices...
2017-05-31 10:33:31:414 - info: [debug] [ADB] 1 device(s) connected
2017-05-31 10:33:31:415 - info: [debug] [ADB] Running 'D:\SoftWare\SDK\platform-tools\adb.exe' with args: ["-P",5037,"-s","85GBBMA2353T","shell","input","keyevent",3]
2017-05-31 10:33:32:134 - info: [debug] [AndroidBootstrap] Sending command to android: {"cmd":"shutdown"}
2017-05-31 10:33:32:138 - info: [AndroidBootstrap] [BOOTSTRAP LOG] [debug] Got data from client: {"cmd":"shutdown"}
2017-05-31 10:33:32:142 - info: [AndroidBootstrap] [BOOTSTRAP LOG] [debug] Got command of type SHUTDOWN
2017-05-31 10:33:32:144 - info: [debug] [AndroidBootstrap] Received command result from bootstrap
2017-05-31 10:33:32:147 - info: [debug] [UiAutomator] Shutting down UiAutomator
2017-05-31 10:33:32:148 - info: [debug] [UiAutomator] Moving to state 'stopping'
2017-05-31 10:33:32:152 - info: [AndroidBootstrap] [BOOTSTRAP LOG] [debug] Returning result: {"status":0,"value":"OK, shutting down"}
2017-05-31 10:33:32:152 - info: [debug] [AndroidBootstrap] [UIAUTO STDOUT] [CDS]close[4724]
2017-05-31 10:33:32:152 - info: [AndroidBootstrap] [BOOTSTRAP LOG] [debug] Closed client connection
2017-05-31 10:33:32:152 - info: [debug] [AndroidBootstrap] [UIAUTO STDOUT] INSTRUMENTATION_STATUS: numtests=1
2017-05-31 10:33:32:152 - info: [debug] [AndroidBootstrap] [UIAUTO STDOUT] INSTRUMENTATION_STATUS: stream=.
2017-05-31 10:33:32:153 - info: [debug] [AndroidBootstrap] [UIAUTO STDOUT] INSTRUMENTATION_STATUS: id=UiAutomatorTestRunner
2017-05-31 10:33:32:153 - info: [debug] [AndroidBootstrap] [UIAUTO STDOUT] INSTRUMENTATION_STATUS: test=testRunServer
2017-05-31 10:33:32:153 - info: [debug] [AndroidBootstrap] [UIAUTO STDOUT] INSTRUMENTATION_STATUS: class=io.appium.android.bootstrap.Bootstrap
2017-05-31 10:33:32:153 - info: [debug] [AndroidBootstrap] [UIAUTO STDOUT] INSTRUMENTATION_STATUS: current=1
2017-05-31 10:33:32:154 - info: [debug] [AndroidBootstrap] [UIAUTO STDOUT] INSTRUMENTATION_STATUS_CODE: 0
2017-05-31 10:33:32:159 - info: [debug] [UiAutomator] UiAutomator shut down normally
2017-05-31 10:33:32:159 - info: [debug] [UiAutomator] Moving to state 'stopped'
2017-05-31 10:33:32:160 - info: [debug] [ADB] Attempting to kill all uiautomator processes
2017-05-31 10:33:32:160 - info: [debug] [ADB] Getting all processes with uiautomator
2017-05-31 10:33:32:160 - info: [debug] [ADB] Getting connected devices...
2017-05-31 10:33:32:185 - info: [debug] [ADB] 1 device(s) connected
2017-05-31 10:33:32:185 - info: [debug] [ADB] Running 'D:\SoftWare\SDK\platform-tools\adb.exe' with args: ["-P",5037,"-s","85GBBMA2353T","shell","ps"]
2017-05-31 10:33:32:258 - info: [ADB] No uiautomator process found to kill, continuing...
2017-05-31 10:33:32:258 - info: [debug] [UiAutomator] Moving to state 'stopped'
2017-05-31 10:33:32:259 - info: [debug] [Logcat] Stopping logcat capture
2017-05-31 10:33:32:264 - info: [debug] [ADB] Getting connected devices...
2017-05-31 10:33:32:289 - info: [debug] [ADB] 1 device(s) connected
2017-05-31 10:33:32:289 - info: [debug] [ADB] Running 'D:\SoftWare\SDK\platform-tools\adb.exe' with args: ["-P",5037,"-s","85GBBMA2353T","shell","am","force-stop","io.appium.unlock"]
2017-05-31 10:33:32:875 - info: [debug] [AndroidDriver] Not cleaning generated files. Add `clearSystemFiles` capability if wanted.
2017-05-31 10:33:32:877 - error: [MJSONWP] Encountered internal error running command: Error: Error occured while starting App. Original error: com.play.android.activity.SplashActivity or com.play.android.com.play.android.activity.SplashActivity never started
    at Object.wrappedLogger.errorAndThrow (../../lib/logging.js:63:13)
    at ADB.callee$0$0$ (../../../lib/tools/apk-utils.js:79:9)
    at tryCatch (D:\MyProgram\nodejs\node_modules\appium\node_modules\babel-runtime\regenerator\runtime.js:67:40)
    at GeneratorFunctionPrototype.invoke [as _invoke] (D:\MyProgram\nodejs\node_modules\appium\node_modules\babel-runtime\regenerator\runtime.js:315:22)
    at GeneratorFunctionPrototype.prototype.(anonymous function) [as throw] (D:\MyProgram\nodejs\node_modules\appium\node_modules\babel-runtime\regenerator\runtime.js:100:21)
    at GeneratorFunctionPrototype.invoke (D:\MyProgram\nodejs\node_modules\appium\node_modules\babel-runtime\regenerator\runtime.js:136:37)
2017-05-31 10:33:32:882 - info: [HTTP] <-- POST /wd/hub/session 500 37944 ms - 302 
