2017-05-31 06:49:35:059 - info: [Appium] Welcome to Appium v1.6.5
2017-05-31 06:49:35:059 - info: [Appium] Non-default server args:
2017-05-31 06:49:35:059 - info: [Appium]   address: 127.0.0.1
2017-05-31 06:49:35:059 - info: [Appium]   log: D:\workSpace\EclipseProjects\AppiumForEclipse\log\1496213369153.log
2017-05-31 06:49:35:137 - info: [Appium] Appium REST http interface listener started on 127.0.0.1:4723
2017-05-31 06:49:35:636 - info: [HTTP] --> GET /wd/hub/status {}
2017-05-31 06:49:35:652 - info: [debug] [MJSONWP] Calling AppiumDriver.getStatus() with args: []
2017-05-31 06:49:35:699 - info: [debug] [MJSONWP] Responding to client with driver.getStatus() result: {"build":{"version":"1.6.5","revision":null}}
2017-05-31 06:49:35:714 - info: [HTTP] <-- GET /wd/hub/status 200 60 ms - 83 
2017-05-31 06:49:35:730 - info: [HTTP] --> GET /wd/hub/status {}
2017-05-31 06:49:35:730 - info: [debug] [MJSONWP] Calling AppiumDriver.getStatus() with args: []
2017-05-31 06:49:35:777 - info: [debug] [MJSONWP] Responding to client with driver.getStatus() result: {"build":{"version":"1.6.5","revision":null}}
2017-05-31 06:49:35:777 - info: [HTTP] <-- GET /wd/hub/status 200 44 ms - 83 
2017-05-31 06:49:36:402 - info: [HTTP] --> POST /wd/hub/session {"desiredCapabilities":{"appPackage":"com.play.android","appActivity":"com.play.android.activity.SplashActivity","app":"D:\\workSpace\\EclipseProjects\\AppiumForEclipse\\apps\\play.apk","noSign":"True","unicodeKeyboard":"True","platformName":"Android","deviceName":"022TAS7N51009853","resetKeyboard":"True"}}
2017-05-31 06:49:36:402 - info: [debug] [MJSONWP] Calling AppiumDriver.createSession() with args: [{"appPackage":"com.play.android","appActivity":"com.play.android.activity.SplashActivity","app":"D:\\workSpace\\EclipseProjects\\AppiumForEclipse\\apps\\play.apk","noSign":"True","unicodeKeyboard":"True","platformName":"Android","deviceName":"022TAS7N51009853","resetKeyboard":"True"},null,null]
2017-05-31 06:49:36:402 - info: [debug] [BaseDriver] Event 'newSessionRequested' logged at 1496213376402 (14:49:36 GMT+0800 (中国标准时间))
2017-05-31 06:49:36:417 - info: [Appium] Creating new AndroidDriver (v1.20.0) session
2017-05-31 06:49:36:417 - info: [Appium] Capabilities:
2017-05-31 06:49:36:417 - info: [Appium]   appPackage: 'com.play.android'
2017-05-31 06:49:36:417 - info: [Appium]   appActivity: 'com.play.android.activity.SplashActivity'
2017-05-31 06:49:36:417 - info: [Appium]   app: 'D:\\workSpace\\EclipseProjects\\AppiumForEclipse\\apps\\play.apk'
2017-05-31 06:49:36:417 - info: [Appium]   noSign: 'True'
2017-05-31 06:49:36:417 - info: [Appium]   unicodeKeyboard: 'True'
2017-05-31 06:49:36:417 - info: [Appium]   platformName: 'Android'
2017-05-31 06:49:36:417 - info: [Appium]   deviceName: '022TAS7N51009853'
2017-05-31 06:49:36:417 - info: [Appium]   resetKeyboard: 'True'
2017-05-31 06:49:36:417 - info: [debug] [AndroidDriver] AndroidDriver version: 1.20.0
2017-05-31 06:49:36:433 - warn: [BaseDriver] Capability 'unicodeKeyboard' changed from string to boolean. This may cause unexpected behavior
2017-05-31 06:49:36:433 - warn: [BaseDriver] Capability 'resetKeyboard' changed from string to boolean. This may cause unexpected behavior
2017-05-31 06:49:36:433 - warn: [BaseDriver] Capability 'noSign' changed from string to boolean. This may cause unexpected behavior
2017-05-31 06:49:36:449 - info: [BaseDriver] Session created with session id: 56b2f7da-485c-45ea-bb82-08d60c4eeb33
2017-05-31 06:49:36:449 - info: [debug] [AndroidDriver] Getting Java version
2017-05-31 06:49:36:623 - info: [AndroidDriver] Java version is: 1.8.0_121
2017-05-31 06:49:36:623 - info: [ADB] Checking whether adb is present
2017-05-31 06:49:36:623 - info: [ADB] Using adb.exe from D:\SoftWare\SDK\platform-tools\adb.exe
2017-05-31 06:49:36:623 - info: [AndroidDriver] Retrieving device list
2017-05-31 06:49:36:623 - info: [debug] [ADB] Trying to find a connected android device
2017-05-31 06:49:36:623 - info: [debug] [ADB] Getting connected devices...
2017-05-31 06:49:36:654 - info: [debug] [ADB] 1 device(s) connected
2017-05-31 06:49:36:654 - info: [AndroidDriver] Using device: 022TAS7N51009853
2017-05-31 06:49:36:654 - info: [ADB] Checking whether adb is present
2017-05-31 06:49:36:670 - info: [ADB] Using adb.exe from D:\SoftWare\SDK\platform-tools\adb.exe
2017-05-31 06:49:36:670 - info: [debug] [ADB] Setting device id to 022TAS7N51009853
2017-05-31 06:49:36:670 - info: [BaseDriver] Using local app 'D:\workSpace\EclipseProjects\AppiumForEclipse\apps\play.apk'
2017-05-31 06:49:36:670 - info: [debug] [AndroidDriver] Checking whether app is actually present
2017-05-31 06:49:36:670 - info: [AndroidDriver] Starting Android session
2017-05-31 06:49:36:686 - info: [debug] [ADB] Running 'D:\SoftWare\SDK\platform-tools\adb.exe' with args: ["-P",5037,"-s","022TAS7N51009853","wait-for-device"]
2017-05-31 06:49:36:717 - info: [debug] [ADB] Getting connected devices...
2017-05-31 06:49:36:732 - info: [debug] [ADB] 1 device(s) connected
2017-05-31 06:49:36:732 - info: [debug] [ADB] Running 'D:\SoftWare\SDK\platform-tools\adb.exe' with args: ["-P",5037,"-s","022TAS7N51009853","shell","echo","ping"]
2017-05-31 06:49:36:779 - info: [debug] [Logcat] Starting logcat capture
2017-05-31 06:49:36:826 - info: [debug] [AndroidDriver] Enabling Unicode keyboard support
2017-05-31 06:49:36:826 - info: [debug] [AndroidDriver] Pushing unicode ime to device...
2017-05-31 06:49:36:826 - info: [debug] [ADB] Running 'D:\SoftWare\SDK\platform-tools\adb.exe' with args: ["-P",5037,"-s","022TAS7N51009853","install","D:\\MyProgram\\nodejs\\node_modules\\appium\\node_modules\\appium-android-ime\\bin\\UnicodeIME-debug.apk"]
2017-05-31 06:49:38:091 - info: [debug] [ADB] Getting connected devices...
2017-05-31 06:49:38:137 - info: [debug] [ADB] 1 device(s) connected
2017-05-31 06:49:38:137 - info: [debug] [ADB] Running 'D:\SoftWare\SDK\platform-tools\adb.exe' with args: ["-P",5037,"-s","022TAS7N51009853","shell","settings","get","secure","default_input_method"]
2017-05-31 06:49:39:073 - info: [debug] [AndroidDriver] Unsetting previous IME io.appium.android.ime/.UnicodeIME
2017-05-31 06:49:39:073 - info: [debug] [AndroidDriver] Setting IME to 'io.appium.android.ime/.UnicodeIME'
2017-05-31 06:49:39:073 - info: [debug] [ADB] Getting connected devices...
2017-05-31 06:49:39:120 - info: [debug] [ADB] 1 device(s) connected
2017-05-31 06:49:39:120 - info: [debug] [ADB] Running 'D:\SoftWare\SDK\platform-tools\adb.exe' with args: ["-P",5037,"-s","022TAS7N51009853","shell","ime","enable","io.appium.android.ime/.UnicodeIME"]
2017-05-31 06:49:40:197 - info: [debug] [ADB] Getting connected devices...
2017-05-31 06:49:40:228 - info: [debug] [ADB] 1 device(s) connected
2017-05-31 06:49:40:243 - info: [debug] [ADB] Running 'D:\SoftWare\SDK\platform-tools\adb.exe' with args: ["-P",5037,"-s","022TAS7N51009853","shell","ime","set","io.appium.android.ime/.UnicodeIME"]
2017-05-31 06:49:41:148 - info: [debug] [AndroidDriver] Pushing settings apk to device...
2017-05-31 06:49:41:164 - info: [debug] [ADB] Getting install status for io.appium.settings
2017-05-31 06:49:41:164 - info: [debug] [ADB] Getting connected devices...
2017-05-31 06:49:41:211 - info: [debug] [ADB] 1 device(s) connected
2017-05-31 06:49:41:211 - info: [debug] [ADB] Running 'D:\SoftWare\SDK\platform-tools\adb.exe' with args: ["-P",5037,"-s","022TAS7N51009853","shell","pm","list","packages","io.appium.settings"]
2017-05-31 06:49:42:206 - info: [debug] [ADB] App is installed
2017-05-31 06:49:42:206 - info: [debug] [ADB] Getting package info for io.appium.settings
2017-05-31 06:49:42:206 - info: [debug] [ADB] Getting connected devices...
2017-05-31 06:49:42:237 - info: [ADB] Checking whether aapt is present
2017-05-31 06:49:42:253 - info: [ADB] Using aapt.exe from D:\SoftWare\SDK\build-tools\24.0.3\aapt.exe
2017-05-31 06:49:42:284 - warn: [ADB] Cannot read version codes of D:\MyProgram\nodejs\node_modules\appium\node_modules\io.appium.settings\app\build\outputs\apk\settings_apk-debug.apk and/or io.appium.settings. Assuming correct app version is already installed
2017-05-31 06:49:42:284 - info: [debug] [ADB] Getting connected devices...
2017-05-31 06:49:42:300 - info: [debug] [ADB] 1 device(s) connected
2017-05-31 06:49:42:300 - info: [debug] [ADB] Running 'D:\SoftWare\SDK\platform-tools\adb.exe' with args: ["-P",5037,"-s","022TAS7N51009853","shell","dumpsys","package","io.appium.settings"]
2017-05-31 06:49:42:347 - info: [debug] [ADB] 1 device(s) connected
2017-05-31 06:49:42:347 - info: [debug] [ADB] Running 'D:\SoftWare\SDK\platform-tools\adb.exe' with args: ["-P",5037,"-s","022TAS7N51009853","shell","getprop","ro.build.version.sdk"]
2017-05-31 06:49:42:418 - info: [debug] [ADB] Device API level: 19
2017-05-31 06:49:42:418 - info: [debug] [ADB] Getting connected devices...
2017-05-31 06:49:42:449 - info: [debug] [ADB] 1 device(s) connected
2017-05-31 06:49:42:449 - info: [debug] [ADB] Running 'D:\SoftWare\SDK\platform-tools\adb.exe' with args: ["-P",5037,"-s","022TAS7N51009853","shell","dumpsys","package","io.appium.settings"]
2017-05-31 06:49:42:527 - info: [debug] [AndroidDriver] Pushing unlock helper app to device...
2017-05-31 06:49:42:527 - info: [debug] [ADB] Running 'D:\SoftWare\SDK\platform-tools\adb.exe' with args: ["-P",5037,"-s","022TAS7N51009853","install","D:\\MyProgram\\nodejs\\node_modules\\appium\\node_modules\\appium-unlock\\bin\\unlock_apk-debug.apk"]
2017-05-31 06:49:43:791 - info: [debug] [ADB] Device API level: 19
2017-05-31 06:49:43:807 - info: [debug] [ADB] Getting connected devices...
2017-05-31 06:49:43:824 - info: [debug] [ADB] 1 device(s) connected
2017-05-31 06:49:43:840 - info: [debug] [ADB] Running 'D:\SoftWare\SDK\platform-tools\adb.exe' with args: ["-P",5037,"-s","022TAS7N51009853","shell","settings","put","secure","mock_location","1"]
2017-05-31 06:49:44:684 - info: [ADB] Getting device platform version
2017-05-31 06:49:44:684 - info: [debug] [ADB] Getting connected devices...
2017-05-31 06:49:44:731 - info: [debug] [ADB] 1 device(s) connected
2017-05-31 06:49:44:731 - info: [debug] [ADB] Running 'D:\SoftWare\SDK\platform-tools\adb.exe' with args: ["-P",5037,"-s","022TAS7N51009853","shell","getprop","ro.build.version.release"]
2017-05-31 06:49:44:778 - info: [debug] [ADB] Getting connected devices...
2017-05-31 06:49:44:793 - info: [debug] [ADB] 1 device(s) connected
2017-05-31 06:49:44:793 - info: [debug] [ADB] Running 'D:\SoftWare\SDK\platform-tools\adb.exe' with args: ["-P",5037,"-s","022TAS7N51009853","shell","wm","size"]
2017-05-31 06:49:45:792 - info: [debug] [ADB] Getting connected devices...
2017-05-31 06:49:45:823 - info: [debug] [ADB] 1 device(s) connected
2017-05-31 06:49:45:823 - info: [debug] [ADB] Running 'D:\SoftWare\SDK\platform-tools\adb.exe' with args: ["-P",5037,"-s","022TAS7N51009853","shell","getprop","ro.product.model"]
2017-05-31 06:49:45:870 - info: [debug] [ADB] Current device property 'ro.product.model': HUAWEI P6 S-U06
2017-05-31 06:49:45:870 - info: [debug] [ADB] Getting connected devices...
2017-05-31 06:49:45:901 - info: [debug] [ADB] 1 device(s) connected
2017-05-31 06:49:45:901 - info: [debug] [ADB] Running 'D:\SoftWare\SDK\platform-tools\adb.exe' with args: ["-P",5037,"-s","022TAS7N51009853","shell","getprop","ro.product.manufacturer"]
2017-05-31 06:49:45:948 - info: [debug] [ADB] Current device property 'ro.product.manufacturer': HUAWEI
2017-05-31 06:49:46:088 - info: [AndroidDriver] Remote apk path is /data/local/tmp/42e2f15827830994ee5f75a4ff734348.apk
2017-05-31 06:49:46:088 - info: [debug] [ADB] Getting connected devices...
2017-05-31 06:49:46:104 - info: [debug] [ADB] 1 device(s) connected
2017-05-31 06:49:46:104 - info: [debug] [ADB] Running 'D:\SoftWare\SDK\platform-tools\adb.exe' with args: ["-P",5037,"-s","022TAS7N51009853","shell","ls","/data/local/tmp/42e2f15827830994ee5f75a4ff734348.apk"]
2017-05-31 06:49:46:166 - info: [debug] [AndroidDriver] Checking if app is installed
2017-05-31 06:49:46:166 - info: [debug] [ADB] Getting install status for com.play.android
2017-05-31 06:49:46:166 - info: [debug] [ADB] Getting connected devices...
2017-05-31 06:49:46:197 - info: [debug] [ADB] 1 device(s) connected
2017-05-31 06:49:46:197 - info: [debug] [ADB] Running 'D:\SoftWare\SDK\platform-tools\adb.exe' with args: ["-P",5037,"-s","022TAS7N51009853","shell","pm","list","packages","com.play.android"]
2017-05-31 06:49:47:166 - info: [debug] [ADB] App is installed
2017-05-31 06:49:47:166 - info: [AndroidDriver] Apk is already on remote and installed, resetting
2017-05-31 06:49:47:166 - info: [debug] [AndroidDriver] Running fast reset (stop and clear)
2017-05-31 06:49:47:182 - info: [debug] [ADB] Getting connected devices...
2017-05-31 06:49:47:213 - info: [debug] [ADB] 1 device(s) connected
2017-05-31 06:49:47:213 - info: [debug] [ADB] Running 'D:\SoftWare\SDK\platform-tools\adb.exe' with args: ["-P",5037,"-s","022TAS7N51009853","shell","am","force-stop","com.play.android"]
2017-05-31 06:49:48:149 - info: [debug] [ADB] Getting connected devices...
2017-05-31 06:49:48:196 - info: [debug] [ADB] 1 device(s) connected
2017-05-31 06:49:48:196 - info: [debug] [ADB] Running 'D:\SoftWare\SDK\platform-tools\adb.exe' with args: ["-P",5037,"-s","022TAS7N51009853","shell","pm","clear","com.play.android"]
2017-05-31 06:49:49:150 - info: [debug] [AndroidDriver] Extracting strings from apk D:\workSpace\EclipseProjects\AppiumForEclipse\apps\play.apk null C:\Users\ADMINI~1\AppData\Local\Temp\com.play.android
2017-05-31 06:49:49:150 - info: [debug] [ADB] Extracting strings for language: default
2017-05-31 06:49:49:150 - info: [debug] [ADB] Device API level: 19
2017-05-31 06:49:49:150 - info: [debug] [ADB] Getting connected devices...
2017-05-31 06:49:49:196 - info: [debug] [ADB] 1 device(s) connected
2017-05-31 06:49:49:196 - info: [debug] [ADB] Running 'D:\SoftWare\SDK\platform-tools\adb.exe' with args: ["-P",5037,"-s","022TAS7N51009853","shell","getprop","persist.sys.language"]
2017-05-31 06:49:49:243 - info: [debug] [ADB] Current device property 'persist.sys.language': zh
2017-05-31 06:49:50:432 - info: [debug] [ADB] Reading strings from converted strings.json
2017-05-31 06:49:50:447 - info: [debug] [ADB] Running 'D:\SoftWare\SDK\platform-tools\adb.exe' with args: ["-P",5037,"-s","022TAS7N51009853","push","C:\\Users\\ADMINI~1\\AppData\\Local\\Temp\\com.play.android\\strings.json","/data/local/tmp"]
2017-05-31 06:49:50:494 - info: [debug] [AndroidBootstrap] Watching for bootstrap disconnect
2017-05-31 06:49:50:494 - info: [debug] [ADB] Forwarding system: 4724 to device: 4724
2017-05-31 06:49:50:494 - info: [debug] [ADB] Running 'D:\SoftWare\SDK\platform-tools\adb.exe' with args: ["-P",5037,"-s","022TAS7N51009853","forward","tcp:4724","tcp:4724"]
2017-05-31 06:49:50:494 - info: [debug] [UiAutomator] Starting UiAutomator
2017-05-31 06:49:50:494 - info: [debug] [UiAutomator] Moving to state 'starting'
2017-05-31 06:49:50:494 - info: [debug] [UiAutomator] Parsing uiautomator jar
2017-05-31 06:49:50:510 - info: [debug] [UiAutomator] Found jar name: 'AppiumBootstrap.jar'
2017-05-31 06:49:50:510 - info: [debug] [ADB] Running 'D:\SoftWare\SDK\platform-tools\adb.exe' with args: ["-P",5037,"-s","022TAS7N51009853","push","D:\\MyProgram\\nodejs\\node_modules\\appium\\node_modules\\appium-android-bootstrap\\bootstrap\\bin\\AppiumBootstrap.jar","/data/local/tmp/"]
2017-05-31 06:49:50:557 - info: [debug] [ADB] Attempting to kill all uiautomator processes
2017-05-31 06:49:50:557 - info: [debug] [ADB] Getting all processes with uiautomator
2017-05-31 06:49:50:557 - info: [debug] [ADB] Getting connected devices...
2017-05-31 06:49:50:572 - info: [debug] [ADB] 1 device(s) connected
2017-05-31 06:49:50:572 - info: [debug] [ADB] Running 'D:\SoftWare\SDK\platform-tools\adb.exe' with args: ["-P",5037,"-s","022TAS7N51009853","shell","ps"]
2017-05-31 06:49:50:713 - info: [ADB] No uiautomator process found to kill, continuing...
2017-05-31 06:49:50:713 - info: [debug] [UiAutomator] Starting UIAutomator
2017-05-31 06:49:50:713 - info: [debug] [ADB] Creating ADB subprocess with args: ["-P",5037,"-s","022TAS7N51009853","shell","uiautomator","runtest","AppiumBootstrap.jar","-c","io.appium.android.bootstrap.Bootstrap","-e","pkg","com.play.android","-e","disableAndroidWatchers",false,"-e","acceptSslCerts",false]
2017-05-31 06:49:51:459 - info: [debug] [UiAutomator] Moving to state 'online'
2017-05-31 06:49:51:471 - info: [AndroidBootstrap] Android bootstrap socket is now connected
2017-05-31 06:49:51:474 - info: [debug] [ADB] Getting connected devices...
2017-05-31 06:49:51:489 - info: [AndroidBootstrap] [BOOTSTRAP LOG] [debug] json loading complete.
2017-05-31 06:49:51:489 - info: [AndroidBootstrap] [BOOTSTRAP LOG] [debug] Registered crash watchers.
2017-05-31 06:49:51:489 - info: [AndroidBootstrap] [BOOTSTRAP LOG] [debug] Client connected
2017-05-31 06:49:51:521 - info: [debug] [ADB] 1 device(s) connected
2017-05-31 06:49:51:521 - info: [debug] [ADB] Running 'D:\SoftWare\SDK\platform-tools\adb.exe' with args: ["-P",5037,"-s","022TAS7N51009853","shell","dumpsys","window"]
2017-05-31 06:49:51:583 - info: [AndroidDriver] Screen already unlocked, doing nothing
2017-05-31 06:49:51:583 - info: [debug] [ADB] Device API level: 19
2017-05-31 06:49:51:583 - info: [debug] [ADB] Getting connected devices...
2017-05-31 06:49:51:599 - info: [debug] [ADB] 1 device(s) connected
2017-05-31 06:49:51:614 - info: [debug] [ADB] Running 'D:\SoftWare\SDK\platform-tools\adb.exe' with args: ["-P",5037,"-s","022TAS7N51009853","shell","am","start","-W","-n","com.play.android/com.play.android.activity.SplashActivity","-S","-a","android.intent.action.MAIN","-c","android.intent.category.LAUNCHER","-f","0x10200000"]
2017-05-31 06:50:00:507 - info: [Appium] New AndroidDriver session created successfully, session 56b2f7da-485c-45ea-bb82-08d60c4eeb33 added to master session list
2017-05-31 06:50:00:507 - info: [debug] [BaseDriver] Event 'newSessionStarted' logged at 1496213400507 (14:50:00 GMT+0800 (中国标准时间))
2017-05-31 06:50:00:507 - info: [debug] [MJSONWP] Responding to client with driver.createSession() result: {"platform":"LINUX","webStorageEnabled":false,"takesScreenshot":true,"javascriptEnabled":true,"databaseEnabled":false,"networkConnectionEnabled":true,"locationContextEnabled":false,"warnings":{},"desired":{"appPackage":"com.play.android","appActivity":"com.play.android.activity.SplashActivity","app":"D:\\workSpace\\EclipseProjects\\AppiumForEclipse\\apps\\play.apk","noSign":true,"unicodeKeyboard":true,"platformName":"Android","deviceName":"022TAS7N51009853","resetKeyboard":true},"appPackage":"com.play.android","appActivity":"com.play.android.activity.SplashActivity","app":"D:\\workSpace\\EclipseProjects\\AppiumForEclipse\\apps\\play.apk","noSign":true,"unicodeKeyboard":true,"platformName":"Android","deviceName":"022TAS7N51009853","resetKeyboard":true,"deviceUDID":"022TAS7N51009853","platformVersion":"4.4.2","deviceScreenSize":"720x1280","deviceModel":"HUAWEI P6 S-U06","deviceManufacturer":"HUAWEI"}
2017-05-31 06:50:00:507 - info: [HTTP] <-- POST /wd/hub/session 200 24102 ms - 983 
2017-05-31 06:50:02:257 - info: [HTTP] --> POST /wd/hub/session/56b2f7da-485c-45ea-bb82-08d60c4eeb33/timeouts {"type":"implicit","ms":20000}
2017-05-31 06:50:02:257 - info: [debug] [MJSONWP] Calling AppiumDriver.timeouts() with args: ["implicit",20000,"56b2f7da-485c-45ea-bb82-08d60c4eeb33"]
2017-05-31 06:50:02:257 - info: [debug] [BaseDriver] Set implicit wait to 20000ms
2017-05-31 06:50:02:257 - info: [debug] [MJSONWP] Responding to client with driver.timeouts() result: null
2017-05-31 06:50:02:257 - info: [HTTP] <-- POST /wd/hub/session/56b2f7da-485c-45ea-bb82-08d60c4eeb33/timeouts 200 7 ms - 76 
2017-05-31 06:50:02:475 - info: [HTTP] --> POST /wd/hub/session/56b2f7da-485c-45ea-bb82-08d60c4eeb33/timeouts {"type":"implicit","ms":0}
2017-05-31 06:50:02:475 - info: [debug] [MJSONWP] Calling AppiumDriver.timeouts() with args: ["implicit",0,"56b2f7da-485c-45ea-bb82-08d60c4eeb33"]
2017-05-31 06:50:02:475 - info: [debug] [BaseDriver] Set implicit wait to 0ms
2017-05-31 06:50:02:475 - info: [debug] [MJSONWP] Responding to client with driver.timeouts() result: null
2017-05-31 06:50:02:475 - info: [HTTP] <-- POST /wd/hub/session/56b2f7da-485c-45ea-bb82-08d60c4eeb33/timeouts 200 3 ms - 76 
2017-05-31 06:50:02:506 - info: [HTTP] --> GET /wd/hub/session/56b2f7da-485c-45ea-bb82-08d60c4eeb33/context {}
2017-05-31 06:50:02:506 - info: [debug] [MJSONWP] Calling AppiumDriver.getCurrentContext() with args: ["56b2f7da-485c-45ea-bb82-08d60c4eeb33"]
2017-05-31 06:50:02:506 - info: [debug] [MJSONWP] Responding to client with driver.getCurrentContext() result: "NATIVE_APP"
2017-05-31 06:50:02:506 - info: [HTTP] <-- GET /wd/hub/session/56b2f7da-485c-45ea-bb82-08d60c4eeb33/context 200 6 ms - 84 
2017-05-31 06:50:02:522 - info: [HTTP] --> POST /wd/hub/session/56b2f7da-485c-45ea-bb82-08d60c4eeb33/elements {"using":"id","value":"com.play.android:id/btn_profile"}
2017-05-31 06:50:02:522 - info: [debug] [MJSONWP] Calling AppiumDriver.findElements() with args: ["id","com.play.android:id/btn_profile","56b2f7da-485c-45ea-bb82-08d60c4eeb33"]
2017-05-31 06:50:02:522 - info: [debug] [BaseDriver] Valid locator strategies for this request: xpath, id, class name, accessibility id, -android uiautomator
2017-05-31 06:50:02:522 - info: [debug] [BaseDriver] Valid locator strategies for this request: xpath, id, class name, accessibility id, -android uiautomator
2017-05-31 06:50:02:522 - info: [debug] [BaseDriver] Waiting up to 0 ms for condition
2017-05-31 06:50:02:522 - info: [debug] [AndroidBootstrap] Sending command to android: {"cmd":"action","action":"find","params":{"strategy":"id","selector":"com.play.android:id/btn_profile","context":"","multiple":true}}
2017-05-31 06:50:02:522 - info: [AndroidBootstrap] [BOOTSTRAP LOG] [debug] Got data from client: {"cmd":"action","action":"find","params":{"strategy":"id","selector":"com.play.android:id/btn_profile","context":"","multiple":true}}
2017-05-31 06:50:02:537 - info: [AndroidBootstrap] [BOOTSTRAP LOG] [debug] Got command of type ACTION
2017-05-31 06:50:02:537 - info: [AndroidBootstrap] [BOOTSTRAP LOG] [debug] Got command action: find
2017-05-31 06:50:02:537 - info: [AndroidBootstrap] [BOOTSTRAP LOG] [debug] Finding 'com.play.android:id/btn_profile' using 'ID' with the contextId: '' multiple: true
2017-05-31 06:50:02:537 - info: [AndroidBootstrap] [BOOTSTRAP LOG] [debug] Using: UiSelector[RESOURCE_ID=com.play.android:id/btn_profile]
2017-05-31 06:50:02:537 - info: [AndroidBootstrap] [BOOTSTRAP LOG] [debug] getElements selector:UiSelector[RESOURCE_ID=com.play.android:id/btn_profile]
2017-05-31 06:50:02:537 - info: [AndroidBootstrap] [BOOTSTRAP LOG] [debug] Element[] is null: (0)
2017-05-31 06:50:02:537 - info: [AndroidBootstrap] [BOOTSTRAP LOG] [debug] getElements tmp selector:UiSelector[INSTANCE=0, RESOURCE_ID=com.play.android:id/btn_profile]
2017-05-31 06:50:03:236 - info: [AndroidBootstrap] [BOOTSTRAP LOG] [debug] Element[] is null: (1)
2017-05-31 06:50:03:236 - info: [AndroidBootstrap] [BOOTSTRAP LOG] [debug] getElements tmp selector:UiSelector[INSTANCE=1, RESOURCE_ID=com.play.android:id/btn_profile]
2017-05-31 06:50:03:361 - info: [AndroidBootstrap] [BOOTSTRAP LOG] [debug] Returning result: {"value":[{"ELEMENT":"1"}],"status":0}
2017-05-31 06:50:03:361 - info: [debug] [AndroidBootstrap] Received command result from bootstrap
2017-05-31 06:50:03:361 - info: [debug] [MJSONWP] Responding to client with driver.findElements() result: [{"ELEMENT":"1"}]
2017-05-31 06:50:03:376 - info: [HTTP] <-- POST /wd/hub/session/56b2f7da-485c-45ea-bb82-08d60c4eeb33/elements 200 853 ms - 89 
2017-05-31 06:50:03:626 - info: [HTTP] --> POST /wd/hub/session/56b2f7da-485c-45ea-bb82-08d60c4eeb33/timeouts {"type":"implicit","ms":5000}
2017-05-31 06:50:03:626 - info: [debug] [MJSONWP] Calling AppiumDriver.timeouts() with args: ["implicit",5000,"56b2f7da-485c-45ea-bb82-08d60c4eeb33"]
2017-05-31 06:50:03:626 - info: [debug] [BaseDriver] Set implicit wait to 5000ms
2017-05-31 06:50:03:626 - info: [debug] [MJSONWP] Responding to client with driver.timeouts() result: null
2017-05-31 06:50:03:626 - info: [HTTP] <-- POST /wd/hub/session/56b2f7da-485c-45ea-bb82-08d60c4eeb33/timeouts 200 4 ms - 76 
2017-05-31 06:50:03:657 - info: [HTTP] --> POST /wd/hub/session/56b2f7da-485c-45ea-bb82-08d60c4eeb33/element/1/click {"id":"1"}
2017-05-31 06:50:03:657 - info: [debug] [MJSONWP] Calling AppiumDriver.click() with args: ["1","56b2f7da-485c-45ea-bb82-08d60c4eeb33"]
2017-05-31 06:50:03:657 - info: [debug] [AndroidBootstrap] Sending command to android: {"cmd":"action","action":"element:click","params":{"elementId":"1"}}
2017-05-31 06:50:03:657 - info: [AndroidBootstrap] [BOOTSTRAP LOG] [debug] Got data from client: {"cmd":"action","action":"element:click","params":{"elementId":"1"}}
2017-05-31 06:50:03:657 - info: [AndroidBootstrap] [BOOTSTRAP LOG] [debug] Got command of type ACTION
2017-05-31 06:50:03:657 - info: [AndroidBootstrap] [BOOTSTRAP LOG] [debug] Got command action: click
2017-05-31 06:50:04:156 - info: [AndroidBootstrap] [BOOTSTRAP LOG] [debug] Returning result: {"value":true,"status":0}
2017-05-31 06:50:04:156 - info: [debug] [AndroidBootstrap] Received command result from bootstrap
2017-05-31 06:50:04:172 - info: [debug] [MJSONWP] Responding to client with driver.click() result: true
2017-05-31 06:50:04:172 - info: [HTTP] <-- POST /wd/hub/session/56b2f7da-485c-45ea-bb82-08d60c4eeb33/element/1/click 200 515 ms - 76 
2017-05-31 06:50:04:203 - info: [HTTP] --> GET /wd/hub/session/56b2f7da-485c-45ea-bb82-08d60c4eeb33/appium/device/current_activity {}
2017-05-31 06:50:04:203 - info: [debug] [MJSONWP] Calling AppiumDriver.getCurrentActivity() with args: ["56b2f7da-485c-45ea-bb82-08d60c4eeb33"]
2017-05-31 06:50:04:203 - info: [debug] [ADB] Getting focused package and activity
2017-05-31 06:50:04:203 - info: [debug] [ADB] Getting connected devices...
2017-05-31 06:50:04:250 - info: [debug] [ADB] 1 device(s) connected
2017-05-31 06:50:04:250 - info: [debug] [ADB] Running 'D:\SoftWare\SDK\platform-tools\adb.exe' with args: ["-P",5037,"-s","022TAS7N51009853","shell","dumpsys","window","windows"]
2017-05-31 06:50:04:328 - info: [debug] [MJSONWP] Responding to client with driver.getCurrentActivity() result: ".activity.member.LoginActivity"
2017-05-31 06:50:04:328 - info: [HTTP] <-- GET /wd/hub/session/56b2f7da-485c-45ea-bb82-08d60c4eeb33/appium/device/current_activity 200 130 ms - 104 
2017-05-31 06:50:04:390 - info: [HTTP] --> POST /wd/hub/session/56b2f7da-485c-45ea-bb82-08d60c4eeb33/timeouts {"type":"implicit","ms":0}
2017-05-31 06:50:04:390 - info: [debug] [MJSONWP] Calling AppiumDriver.timeouts() with args: ["implicit",0,"56b2f7da-485c-45ea-bb82-08d60c4eeb33"]
2017-05-31 06:50:04:390 - info: [debug] [BaseDriver] Set implicit wait to 0ms
2017-05-31 06:50:04:390 - info: [debug] [MJSONWP] Responding to client with driver.timeouts() result: null
2017-05-31 06:50:04:390 - info: [HTTP] <-- POST /wd/hub/session/56b2f7da-485c-45ea-bb82-08d60c4eeb33/timeouts 200 3 ms - 76 
2017-05-31 06:50:04:406 - info: [HTTP] --> GET /wd/hub/session/56b2f7da-485c-45ea-bb82-08d60c4eeb33/context {}
2017-05-31 06:50:04:406 - info: [debug] [MJSONWP] Calling AppiumDriver.getCurrentContext() with args: ["56b2f7da-485c-45ea-bb82-08d60c4eeb33"]
2017-05-31 06:50:04:406 - info: [debug] [MJSONWP] Responding to client with driver.getCurrentContext() result: "NATIVE_APP"
2017-05-31 06:50:04:406 - info: [HTTP] <-- GET /wd/hub/session/56b2f7da-485c-45ea-bb82-08d60c4eeb33/context 200 6 ms - 84 
2017-05-31 06:50:04:421 - info: [HTTP] --> POST /wd/hub/session/56b2f7da-485c-45ea-bb82-08d60c4eeb33/elements {"using":"id","value":"com.play.android:id/tv_account"}
2017-05-31 06:50:04:421 - info: [debug] [MJSONWP] Calling AppiumDriver.findElements() with args: ["id","com.play.android:id/tv_account","56b2f7da-485c-45ea-bb82-08d60c4eeb33"]
2017-05-31 06:50:04:421 - info: [debug] [BaseDriver] Valid locator strategies for this request: xpath, id, class name, accessibility id, -android uiautomator
2017-05-31 06:50:04:421 - info: [debug] [BaseDriver] Valid locator strategies for this request: xpath, id, class name, accessibility id, -android uiautomator
2017-05-31 06:50:04:421 - info: [debug] [BaseDriver] Waiting up to 0 ms for condition
2017-05-31 06:50:04:421 - info: [debug] [AndroidBootstrap] Sending command to android: {"cmd":"action","action":"find","params":{"strategy":"id","selector":"com.play.android:id/tv_account","context":"","multiple":true}}
2017-05-31 06:50:04:421 - info: [AndroidBootstrap] [BOOTSTRAP LOG] [debug] Got data from client: {"cmd":"action","action":"find","params":{"strategy":"id","selector":"com.play.android:id/tv_account","context":"","multiple":true}}
2017-05-31 06:50:04:421 - info: [AndroidBootstrap] [BOOTSTRAP LOG] [debug] Got command of type ACTION
2017-05-31 06:50:04:421 - info: [AndroidBootstrap] [BOOTSTRAP LOG] [debug] Got command action: find
2017-05-31 06:50:04:421 - info: [AndroidBootstrap] [BOOTSTRAP LOG] [debug] Finding 'com.play.android:id/tv_account' using 'ID' with the contextId: '' multiple: true
2017-05-31 06:50:04:421 - info: [AndroidBootstrap] [BOOTSTRAP LOG] [debug] Using: UiSelector[RESOURCE_ID=com.play.android:id/tv_account]
2017-05-31 06:50:04:421 - info: [AndroidBootstrap] [BOOTSTRAP LOG] [debug] getElements selector:UiSelector[RESOURCE_ID=com.play.android:id/tv_account]
2017-05-31 06:50:04:421 - info: [AndroidBootstrap] [BOOTSTRAP LOG] [debug] Element[] is null: (0)
2017-05-31 06:50:04:421 - info: [AndroidBootstrap] [BOOTSTRAP LOG] [debug] getElements tmp selector:UiSelector[INSTANCE=0, RESOURCE_ID=com.play.android:id/tv_account]
2017-05-31 06:50:04:874 - info: [AndroidBootstrap] [BOOTSTRAP LOG] [debug] Element[] is null: (1)
2017-05-31 06:50:04:874 - info: [AndroidBootstrap] [BOOTSTRAP LOG] [debug] getElements tmp selector:UiSelector[INSTANCE=1, RESOURCE_ID=com.play.android:id/tv_account]
2017-05-31 06:50:05:326 - info: [AndroidBootstrap] [BOOTSTRAP LOG] [debug] Returning result: {"value":[{"ELEMENT":"2"}],"status":0}
2017-05-31 06:50:05:326 - info: [debug] [AndroidBootstrap] Received command result from bootstrap
2017-05-31 06:50:05:326 - info: [debug] [MJSONWP] Responding to client with driver.findElements() result: [{"ELEMENT":"2"}]
2017-05-31 06:50:05:326 - info: [HTTP] <-- POST /wd/hub/session/56b2f7da-485c-45ea-bb82-08d60c4eeb33/elements 200 910 ms - 89 
2017-05-31 06:50:05:482 - info: [HTTP] --> POST /wd/hub/session/56b2f7da-485c-45ea-bb82-08d60c4eeb33/timeouts {"type":"implicit","ms":5000}
2017-05-31 06:50:05:482 - info: [debug] [MJSONWP] Calling AppiumDriver.timeouts() with args: ["implicit",5000,"56b2f7da-485c-45ea-bb82-08d60c4eeb33"]
2017-05-31 06:50:05:482 - info: [debug] [BaseDriver] Set implicit wait to 5000ms
2017-05-31 06:50:05:482 - info: [debug] [MJSONWP] Responding to client with driver.timeouts() result: null
2017-05-31 06:50:05:482 - info: [HTTP] <-- POST /wd/hub/session/56b2f7da-485c-45ea-bb82-08d60c4eeb33/timeouts 200 4 ms - 76 
2017-05-31 06:50:05:498 - info: [HTTP] --> POST /wd/hub/session/56b2f7da-485c-45ea-bb82-08d60c4eeb33/element/2/click {"id":"2"}
2017-05-31 06:50:05:498 - info: [debug] [MJSONWP] Calling AppiumDriver.click() with args: ["2","56b2f7da-485c-45ea-bb82-08d60c4eeb33"]
2017-05-31 06:50:05:498 - info: [debug] [AndroidBootstrap] Sending command to android: {"cmd":"action","action":"element:click","params":{"elementId":"2"}}
2017-05-31 06:50:05:498 - info: [AndroidBootstrap] [BOOTSTRAP LOG] [debug] Got data from client: {"cmd":"action","action":"element:click","params":{"elementId":"2"}}
2017-05-31 06:50:05:498 - info: [AndroidBootstrap] [BOOTSTRAP LOG] [debug] Got command of type ACTION
2017-05-31 06:50:05:498 - info: [AndroidBootstrap] [BOOTSTRAP LOG] [debug] Got command action: click
2017-05-31 06:50:06:481 - info: [AndroidBootstrap] [BOOTSTRAP LOG] [debug] Returning result: {"value":true,"status":0}
2017-05-31 06:50:06:481 - info: [debug] [AndroidBootstrap] Received command result from bootstrap
2017-05-31 06:50:06:481 - info: [debug] [MJSONWP] Responding to client with driver.click() result: true
2017-05-31 06:50:06:481 - info: [HTTP] <-- POST /wd/hub/session/56b2f7da-485c-45ea-bb82-08d60c4eeb33/element/2/click 200 989 ms - 76 
2017-05-31 06:50:06:543 - info: [HTTP] --> POST /wd/hub/session/56b2f7da-485c-45ea-bb82-08d60c4eeb33/timeouts {"type":"implicit","ms":0}
2017-05-31 06:50:06:543 - info: [debug] [MJSONWP] Calling AppiumDriver.timeouts() with args: ["implicit",0,"56b2f7da-485c-45ea-bb82-08d60c4eeb33"]
2017-05-31 06:50:06:543 - info: [debug] [BaseDriver] Set implicit wait to 0ms
2017-05-31 06:50:06:543 - info: [debug] [MJSONWP] Responding to client with driver.timeouts() result: null
2017-05-31 06:50:06:543 - info: [HTTP] <-- POST /wd/hub/session/56b2f7da-485c-45ea-bb82-08d60c4eeb33/timeouts 200 3 ms - 76 
2017-05-31 06:50:06:559 - info: [HTTP] --> GET /wd/hub/session/56b2f7da-485c-45ea-bb82-08d60c4eeb33/context {}
2017-05-31 06:50:06:559 - info: [debug] [MJSONWP] Calling AppiumDriver.getCurrentContext() with args: ["56b2f7da-485c-45ea-bb82-08d60c4eeb33"]
2017-05-31 06:50:06:559 - info: [debug] [MJSONWP] Responding to client with driver.getCurrentContext() result: "NATIVE_APP"
2017-05-31 06:50:06:559 - info: [HTTP] <-- GET /wd/hub/session/56b2f7da-485c-45ea-bb82-08d60c4eeb33/context 200 2 ms - 84 
2017-05-31 06:50:06:574 - info: [HTTP] --> POST /wd/hub/session/56b2f7da-485c-45ea-bb82-08d60c4eeb33/elements {"using":"id","value":"com.play.android:id/et_account"}
2017-05-31 06:50:06:574 - info: [debug] [MJSONWP] Calling AppiumDriver.findElements() with args: ["id","com.play.android:id/et_account","56b2f7da-485c-45ea-bb82-08d60c4eeb33"]
2017-05-31 06:50:06:574 - info: [debug] [BaseDriver] Valid locator strategies for this request: xpath, id, class name, accessibility id, -android uiautomator
2017-05-31 06:50:06:574 - info: [debug] [BaseDriver] Valid locator strategies for this request: xpath, id, class name, accessibility id, -android uiautomator
2017-05-31 06:50:06:574 - info: [debug] [BaseDriver] Waiting up to 0 ms for condition
2017-05-31 06:50:06:574 - info: [debug] [AndroidBootstrap] Sending command to android: {"cmd":"action","action":"find","params":{"strategy":"id","selector":"com.play.android:id/et_account","context":"","multiple":true}}
2017-05-31 06:50:06:574 - info: [AndroidBootstrap] [BOOTSTRAP LOG] [debug] Got data from client: {"cmd":"action","action":"find","params":{"strategy":"id","selector":"com.play.android:id/et_account","context":"","multiple":true}}
2017-05-31 06:50:06:574 - info: [AndroidBootstrap] [BOOTSTRAP LOG] [debug] Got command of type ACTION
2017-05-31 06:50:06:574 - info: [AndroidBootstrap] [BOOTSTRAP LOG] [debug] Got command action: find
2017-05-31 06:50:06:574 - info: [AndroidBootstrap] [BOOTSTRAP LOG] [debug] Finding 'com.play.android:id/et_account' using 'ID' with the contextId: '' multiple: true
2017-05-31 06:50:06:574 - info: [AndroidBootstrap] [BOOTSTRAP LOG] [debug] Using: UiSelector[RESOURCE_ID=com.play.android:id/et_account]
2017-05-31 06:50:06:574 - info: [AndroidBootstrap] [BOOTSTRAP LOG] [debug] getElements selector:UiSelector[RESOURCE_ID=com.play.android:id/et_account]
2017-05-31 06:50:06:574 - info: [AndroidBootstrap] [BOOTSTRAP LOG] [debug] Element[] is null: (0)
2017-05-31 06:50:06:574 - info: [AndroidBootstrap] [BOOTSTRAP LOG] [debug] getElements tmp selector:UiSelector[INSTANCE=0, RESOURCE_ID=com.play.android:id/et_account]
2017-05-31 06:50:07:136 - info: [AndroidBootstrap] [BOOTSTRAP LOG] [debug] Element[] is null: (1)
2017-05-31 06:50:07:136 - info: [AndroidBootstrap] [BOOTSTRAP LOG] [debug] getElements tmp selector:UiSelector[INSTANCE=1, RESOURCE_ID=com.play.android:id/et_account]
2017-05-31 06:50:07:845 - info: [AndroidBootstrap] [BOOTSTRAP LOG] [debug] Returning result: {"value":[{"ELEMENT":"3"}],"status":0}
2017-05-31 06:50:07:845 - info: [debug] [AndroidBootstrap] Received command result from bootstrap
2017-05-31 06:50:07:845 - info: [debug] [MJSONWP] Responding to client with driver.findElements() result: [{"ELEMENT":"3"}]
2017-05-31 06:50:07:845 - info: [HTTP] <-- POST /wd/hub/session/56b2f7da-485c-45ea-bb82-08d60c4eeb33/elements 200 1277 ms - 89 
2017-05-31 06:50:07:985 - info: [HTTP] --> POST /wd/hub/session/56b2f7da-485c-45ea-bb82-08d60c4eeb33/timeouts {"type":"implicit","ms":5000}
2017-05-31 06:50:07:985 - info: [debug] [MJSONWP] Calling AppiumDriver.timeouts() with args: ["implicit",5000,"56b2f7da-485c-45ea-bb82-08d60c4eeb33"]
2017-05-31 06:50:07:985 - info: [debug] [BaseDriver] Set implicit wait to 5000ms
2017-05-31 06:50:07:985 - info: [debug] [MJSONWP] Responding to client with driver.timeouts() result: null
2017-05-31 06:50:07:985 - info: [HTTP] <-- POST /wd/hub/session/56b2f7da-485c-45ea-bb82-08d60c4eeb33/timeouts 200 3 ms - 76 
2017-05-31 06:50:08:001 - info: [HTTP] --> POST /wd/hub/session/56b2f7da-485c-45ea-bb82-08d60c4eeb33/element/3/value {"id":"3","value":["18521035133"]}
2017-05-31 06:50:08:001 - info: [debug] [MJSONWP] Calling AppiumDriver.setValue() with args: [["18521035133"],"3","56b2f7da-485c-45ea-bb82-08d60c4eeb33"]
2017-05-31 06:50:08:001 - info: [debug] [AndroidBootstrap] Sending command to android: {"cmd":"action","action":"element:setText","params":{"elementId":"3","text":"18521035133","replace":false,"unicodeKeyboard":true}}
2017-05-31 06:50:08:001 - info: [AndroidBootstrap] [BOOTSTRAP LOG] [debug] Got data from client: {"cmd":"action","action":"element:setText","params":{"elementId":"3","text":"18521035133","replace":false,"unicodeKeyboard":true}}
2017-05-31 06:50:08:001 - info: [AndroidBootstrap] [BOOTSTRAP LOG] [debug] Got command of type ACTION
2017-05-31 06:50:08:001 - info: [AndroidBootstrap] [BOOTSTRAP LOG] [debug] Got command action: setText
2017-05-31 06:50:08:001 - info: [AndroidBootstrap] [BOOTSTRAP LOG] [debug] Using element passed in: 3
2017-05-31 06:50:08:032 - info: [AndroidBootstrap] [BOOTSTRAP LOG] [debug] Attempting to clear using UiObject.clearText().
2017-05-31 06:50:10:724 - info: [AndroidBootstrap] [BOOTSTRAP LOG] [debug] Text remains after clearing, but it appears to be hint text.
2017-05-31 06:50:10:771 - info: [AndroidBootstrap] [BOOTSTRAP LOG] [debug] Text not cleared. Assuming remainder is hint text.
2017-05-31 06:50:10:771 - info: [AndroidBootstrap] [BOOTSTRAP LOG] [debug] Sending plain text to element: 18521035133
2017-05-31 06:50:13:721 - info: [AndroidBootstrap] [BOOTSTRAP LOG] [debug] Returning result: {"value":true,"status":0}
2017-05-31 06:50:13:721 - info: [debug] [AndroidBootstrap] Received command result from bootstrap
2017-05-31 06:50:13:721 - info: [debug] [MJSONWP] Responding to client with driver.setValue() result: true
2017-05-31 06:50:13:721 - info: [HTTP] <-- POST /wd/hub/session/56b2f7da-485c-45ea-bb82-08d60c4eeb33/element/3/value 200 5724 ms - 76 
2017-05-31 06:50:13:768 - info: [HTTP] --> POST /wd/hub/session/56b2f7da-485c-45ea-bb82-08d60c4eeb33/timeouts {"type":"implicit","ms":0}
2017-05-31 06:50:13:768 - info: [debug] [MJSONWP] Calling AppiumDriver.timeouts() with args: ["implicit",0,"56b2f7da-485c-45ea-bb82-08d60c4eeb33"]
2017-05-31 06:50:13:768 - info: [debug] [BaseDriver] Set implicit wait to 0ms
2017-05-31 06:50:13:768 - info: [debug] [MJSONWP] Responding to client with driver.timeouts() result: null
2017-05-31 06:50:13:768 - info: [HTTP] <-- POST /wd/hub/session/56b2f7da-485c-45ea-bb82-08d60c4eeb33/timeouts 200 7 ms - 76 
2017-05-31 06:50:13:783 - info: [HTTP] --> GET /wd/hub/session/56b2f7da-485c-45ea-bb82-08d60c4eeb33/context {}
2017-05-31 06:50:13:783 - info: [debug] [MJSONWP] Calling AppiumDriver.getCurrentContext() with args: ["56b2f7da-485c-45ea-bb82-08d60c4eeb33"]
2017-05-31 06:50:13:783 - info: [debug] [MJSONWP] Responding to client with driver.getCurrentContext() result: "NATIVE_APP"
2017-05-31 06:50:13:783 - info: [HTTP] <-- GET /wd/hub/session/56b2f7da-485c-45ea-bb82-08d60c4eeb33/context 200 3 ms - 84 
2017-05-31 06:50:13:799 - info: [HTTP] --> POST /wd/hub/session/56b2f7da-485c-45ea-bb82-08d60c4eeb33/elements {"using":"id","value":"com.play.android:id/et_password"}
2017-05-31 06:50:13:799 - info: [debug] [MJSONWP] Calling AppiumDriver.findElements() with args: ["id","com.play.android:id/et_password","56b2f7da-485c-45ea-bb82-08d60c4eeb33"]
2017-05-31 06:50:13:799 - info: [debug] [BaseDriver] Valid locator strategies for this request: xpath, id, class name, accessibility id, -android uiautomator
2017-05-31 06:50:13:799 - info: [debug] [BaseDriver] Valid locator strategies for this request: xpath, id, class name, accessibility id, -android uiautomator
2017-05-31 06:50:13:799 - info: [debug] [BaseDriver] Waiting up to 0 ms for condition
2017-05-31 06:50:13:799 - info: [debug] [AndroidBootstrap] Sending command to android: {"cmd":"action","action":"find","params":{"strategy":"id","selector":"com.play.android:id/et_password","context":"","multiple":true}}
2017-05-31 06:50:13:799 - info: [AndroidBootstrap] [BOOTSTRAP LOG] [debug] Got data from client: {"cmd":"action","action":"find","params":{"strategy":"id","selector":"com.play.android:id/et_password","context":"","multiple":true}}
2017-05-31 06:50:13:799 - info: [AndroidBootstrap] [BOOTSTRAP LOG] [debug] Got command of type ACTION
2017-05-31 06:50:13:799 - info: [AndroidBootstrap] [BOOTSTRAP LOG] [debug] Got command action: find
2017-05-31 06:50:13:799 - info: [AndroidBootstrap] [BOOTSTRAP LOG] [debug] Finding 'com.play.android:id/et_password' using 'ID' with the contextId: '' multiple: true
2017-05-31 06:50:13:799 - info: [AndroidBootstrap] [BOOTSTRAP LOG] [debug] Using: UiSelector[RESOURCE_ID=com.play.android:id/et_password]
2017-05-31 06:50:13:799 - info: [AndroidBootstrap] [BOOTSTRAP LOG] [debug] getElements selector:UiSelector[RESOURCE_ID=com.play.android:id/et_password]
2017-05-31 06:50:13:799 - info: [AndroidBootstrap] [BOOTSTRAP LOG] [debug] Element[] is null: (0)
2017-05-31 06:50:13:799 - info: [AndroidBootstrap] [BOOTSTRAP LOG] [debug] getElements tmp selector:UiSelector[INSTANCE=0, RESOURCE_ID=com.play.android:id/et_password]
2017-05-31 06:50:14:270 - info: [AndroidBootstrap] [BOOTSTRAP LOG] [debug] Element[] is null: (1)
2017-05-31 06:50:14:270 - info: [AndroidBootstrap] [BOOTSTRAP LOG] [debug] getElements tmp selector:UiSelector[INSTANCE=1, RESOURCE_ID=com.play.android:id/et_password]
2017-05-31 06:50:14:302 - info: [AndroidBootstrap] [BOOTSTRAP LOG] [debug] Returning result: {"value":[{"ELEMENT":"4"}],"status":0}
2017-05-31 06:50:14:302 - info: [debug] [AndroidBootstrap] Received command result from bootstrap
2017-05-31 06:50:14:302 - info: [debug] [MJSONWP] Responding to client with driver.findElements() result: [{"ELEMENT":"4"}]
2017-05-31 06:50:14:302 - info: [HTTP] <-- POST /wd/hub/session/56b2f7da-485c-45ea-bb82-08d60c4eeb33/elements 200 505 ms - 89 
2017-05-31 06:50:14:395 - info: [HTTP] --> POST /wd/hub/session/56b2f7da-485c-45ea-bb82-08d60c4eeb33/timeouts {"type":"implicit","ms":5000}
2017-05-31 06:50:14:395 - info: [debug] [MJSONWP] Calling AppiumDriver.timeouts() with args: ["implicit",5000,"56b2f7da-485c-45ea-bb82-08d60c4eeb33"]
2017-05-31 06:50:14:395 - info: [debug] [BaseDriver] Set implicit wait to 5000ms
2017-05-31 06:50:14:395 - info: [debug] [MJSONWP] Responding to client with driver.timeouts() result: null
2017-05-31 06:50:14:395 - info: [HTTP] <-- POST /wd/hub/session/56b2f7da-485c-45ea-bb82-08d60c4eeb33/timeouts 200 5 ms - 76 
2017-05-31 06:50:14:411 - info: [HTTP] --> POST /wd/hub/session/56b2f7da-485c-45ea-bb82-08d60c4eeb33/element/4/value {"id":"4","value":["111111"]}
2017-05-31 06:50:14:411 - info: [debug] [MJSONWP] Calling AppiumDriver.setValue() with args: [["111111"],"4","56b2f7da-485c-45ea-bb82-08d60c4eeb33"]
2017-05-31 06:50:14:411 - info: [debug] [AndroidBootstrap] Sending command to android: {"cmd":"action","action":"element:setText","params":{"elementId":"4","text":"111111","replace":false,"unicodeKeyboard":true}}
2017-05-31 06:50:14:411 - info: [AndroidBootstrap] [BOOTSTRAP LOG] [debug] Got data from client: {"cmd":"action","action":"element:setText","params":{"elementId":"4","text":"111111","replace":false,"unicodeKeyboard":true}}
2017-05-31 06:50:14:426 - info: [AndroidBootstrap] [BOOTSTRAP LOG] [debug] Got command of type ACTION
2017-05-31 06:50:14:426 - info: [AndroidBootstrap] [BOOTSTRAP LOG] [debug] Got command action: setText
2017-05-31 06:50:14:426 - info: [AndroidBootstrap] [BOOTSTRAP LOG] [debug] Using element passed in: 4
2017-05-31 06:50:14:442 - info: [AndroidBootstrap] [BOOTSTRAP LOG] [debug] Attempting to clear using UiObject.clearText().
2017-05-31 06:50:17:428 - info: [AndroidBootstrap] [BOOTSTRAP LOG] [debug] Sending plain text to element: 111111
2017-05-31 06:50:20:030 - info: [AndroidBootstrap] [BOOTSTRAP LOG] [debug] Returning result: {"value":true,"status":0}
2017-05-31 06:50:20:031 - info: [debug] [AndroidBootstrap] Received command result from bootstrap
2017-05-31 06:50:20:032 - info: [debug] [MJSONWP] Responding to client with driver.setValue() result: true
2017-05-31 06:50:20:034 - info: [HTTP] <-- POST /wd/hub/session/56b2f7da-485c-45ea-bb82-08d60c4eeb33/element/4/value 200 5618 ms - 76 
2017-05-31 06:50:20:067 - info: [HTTP] --> POST /wd/hub/session/56b2f7da-485c-45ea-bb82-08d60c4eeb33/timeouts {"type":"implicit","ms":0}
2017-05-31 06:50:20:067 - info: [debug] [MJSONWP] Calling AppiumDriver.timeouts() with args: ["implicit",0,"56b2f7da-485c-45ea-bb82-08d60c4eeb33"]
2017-05-31 06:50:20:067 - info: [debug] [BaseDriver] Set implicit wait to 0ms
2017-05-31 06:50:20:067 - info: [debug] [MJSONWP] Responding to client with driver.timeouts() result: null
2017-05-31 06:50:20:067 - info: [HTTP] <-- POST /wd/hub/session/56b2f7da-485c-45ea-bb82-08d60c4eeb33/timeouts 200 3 ms - 76 
2017-05-31 06:50:20:082 - info: [HTTP] --> GET /wd/hub/session/56b2f7da-485c-45ea-bb82-08d60c4eeb33/context {}
2017-05-31 06:50:20:082 - info: [debug] [MJSONWP] Calling AppiumDriver.getCurrentContext() with args: ["56b2f7da-485c-45ea-bb82-08d60c4eeb33"]
2017-05-31 06:50:20:082 - info: [debug] [MJSONWP] Responding to client with driver.getCurrentContext() result: "NATIVE_APP"
2017-05-31 06:50:20:082 - info: [HTTP] <-- GET /wd/hub/session/56b2f7da-485c-45ea-bb82-08d60c4eeb33/context 200 3 ms - 84 
2017-05-31 06:50:20:098 - info: [HTTP] --> POST /wd/hub/session/56b2f7da-485c-45ea-bb82-08d60c4eeb33/elements {"using":"id","value":"com.play.android:id/btn_login"}
2017-05-31 06:50:20:098 - info: [debug] [MJSONWP] Calling AppiumDriver.findElements() with args: ["id","com.play.android:id/btn_login","56b2f7da-485c-45ea-bb82-08d60c4eeb33"]
2017-05-31 06:50:20:098 - info: [debug] [BaseDriver] Valid locator strategies for this request: xpath, id, class name, accessibility id, -android uiautomator
2017-05-31 06:50:20:098 - info: [debug] [BaseDriver] Valid locator strategies for this request: xpath, id, class name, accessibility id, -android uiautomator
2017-05-31 06:50:20:098 - info: [debug] [BaseDriver] Waiting up to 0 ms for condition
2017-05-31 06:50:20:098 - info: [debug] [AndroidBootstrap] Sending command to android: {"cmd":"action","action":"find","params":{"strategy":"id","selector":"com.play.android:id/btn_login","context":"","multiple":true}}
2017-05-31 06:50:20:098 - info: [AndroidBootstrap] [BOOTSTRAP LOG] [debug] Got data from client: {"cmd":"action","action":"find","params":{"strategy":"id","selector":"com.play.android:id/btn_login","context":"","multiple":true}}
2017-05-31 06:50:20:098 - info: [AndroidBootstrap] [BOOTSTRAP LOG] [debug] Got command of type ACTION
2017-05-31 06:50:20:113 - info: [AndroidBootstrap] [BOOTSTRAP LOG] [debug] Got command action: find
2017-05-31 06:50:20:113 - info: [AndroidBootstrap] [BOOTSTRAP LOG] [debug] Finding 'com.play.android:id/btn_login' using 'ID' with the contextId: '' multiple: true
2017-05-31 06:50:20:113 - info: [AndroidBootstrap] [BOOTSTRAP LOG] [debug] Using: UiSelector[RESOURCE_ID=com.play.android:id/btn_login]
2017-05-31 06:50:20:113 - info: [AndroidBootstrap] [BOOTSTRAP LOG] [debug] getElements selector:UiSelector[RESOURCE_ID=com.play.android:id/btn_login]
2017-05-31 06:50:20:113 - info: [AndroidBootstrap] [BOOTSTRAP LOG] [debug] Element[] is null: (0)
2017-05-31 06:50:20:113 - info: [AndroidBootstrap] [BOOTSTRAP LOG] [debug] getElements tmp selector:UiSelector[INSTANCE=0, RESOURCE_ID=com.play.android:id/btn_login]
2017-05-31 06:50:20:570 - info: [AndroidBootstrap] [BOOTSTRAP LOG] [debug] Element[] is null: (1)
2017-05-31 06:50:20:570 - info: [AndroidBootstrap] [BOOTSTRAP LOG] [debug] getElements tmp selector:UiSelector[INSTANCE=1, RESOURCE_ID=com.play.android:id/btn_login]
2017-05-31 06:50:20:617 - info: [AndroidBootstrap] [BOOTSTRAP LOG] [debug] Returning result: {"value":[{"ELEMENT":"5"}],"status":0}
2017-05-31 06:50:20:617 - info: [debug] [AndroidBootstrap] Received command result from bootstrap
2017-05-31 06:50:20:617 - info: [debug] [MJSONWP] Responding to client with driver.findElements() result: [{"ELEMENT":"5"}]
2017-05-31 06:50:20:617 - info: [HTTP] <-- POST /wd/hub/session/56b2f7da-485c-45ea-bb82-08d60c4eeb33/elements 200 527 ms - 89 
2017-05-31 06:50:20:710 - info: [HTTP] --> POST /wd/hub/session/56b2f7da-485c-45ea-bb82-08d60c4eeb33/timeouts {"type":"implicit","ms":5000}
2017-05-31 06:50:20:710 - info: [debug] [MJSONWP] Calling AppiumDriver.timeouts() with args: ["implicit",5000,"56b2f7da-485c-45ea-bb82-08d60c4eeb33"]
2017-05-31 06:50:20:710 - info: [debug] [BaseDriver] Set implicit wait to 5000ms
2017-05-31 06:50:20:710 - info: [debug] [MJSONWP] Responding to client with driver.timeouts() result: null
2017-05-31 06:50:20:726 - info: [HTTP] <-- POST /wd/hub/session/56b2f7da-485c-45ea-bb82-08d60c4eeb33/timeouts 200 14 ms - 76 
2017-05-31 06:50:20:742 - info: [HTTP] --> POST /wd/hub/session/56b2f7da-485c-45ea-bb82-08d60c4eeb33/element/5/click {"id":"5"}
2017-05-31 06:50:20:742 - info: [debug] [MJSONWP] Calling AppiumDriver.click() with args: ["5","56b2f7da-485c-45ea-bb82-08d60c4eeb33"]
2017-05-31 06:50:20:742 - info: [debug] [AndroidBootstrap] Sending command to android: {"cmd":"action","action":"element:click","params":{"elementId":"5"}}
2017-05-31 06:50:20:742 - info: [AndroidBootstrap] [BOOTSTRAP LOG] [debug] Got data from client: {"cmd":"action","action":"element:click","params":{"elementId":"5"}}
2017-05-31 06:50:20:757 - info: [AndroidBootstrap] [BOOTSTRAP LOG] [debug] Got command of type ACTION
2017-05-31 06:50:20:757 - info: [AndroidBootstrap] [BOOTSTRAP LOG] [debug] Got command action: click
2017-05-31 06:50:20:929 - info: [AndroidBootstrap] [BOOTSTRAP LOG] [debug] Returning result: {"value":true,"status":0}
2017-05-31 06:50:20:929 - info: [debug] [AndroidBootstrap] Received command result from bootstrap
2017-05-31 06:50:20:929 - info: [debug] [MJSONWP] Responding to client with driver.click() result: true
2017-05-31 06:50:20:929 - info: [HTTP] <-- POST /wd/hub/session/56b2f7da-485c-45ea-bb82-08d60c4eeb33/element/5/click 200 191 ms - 76 
2017-05-31 06:50:20:944 - info: [HTTP] --> GET /wd/hub/session/56b2f7da-485c-45ea-bb82-08d60c4eeb33/appium/device/current_activity {}
2017-05-31 06:50:20:944 - info: [debug] [MJSONWP] Calling AppiumDriver.getCurrentActivity() with args: ["56b2f7da-485c-45ea-bb82-08d60c4eeb33"]
2017-05-31 06:50:20:944 - info: [debug] [ADB] Getting focused package and activity
2017-05-31 06:50:20:944 - info: [debug] [ADB] Getting connected devices...
2017-05-31 06:50:20:976 - info: [debug] [ADB] 1 device(s) connected
2017-05-31 06:50:20:976 - info: [debug] [ADB] Running 'D:\SoftWare\SDK\platform-tools\adb.exe' with args: ["-P",5037,"-s","022TAS7N51009853","shell","dumpsys","window","windows"]
2017-05-31 06:50:21:071 - info: [debug] [MJSONWP] Responding to client with driver.getCurrentActivity() result: ".activity.member.LoginActivity"
2017-05-31 06:50:21:071 - info: [HTTP] <-- GET /wd/hub/session/56b2f7da-485c-45ea-bb82-08d60c4eeb33/appium/device/current_activity 200 133 ms - 104 
2017-05-31 06:50:22:076 - info: [HTTP] --> GET /wd/hub/session/56b2f7da-485c-45ea-bb82-08d60c4eeb33/appium/device/current_activity {}
2017-05-31 06:50:22:077 - info: [debug] [MJSONWP] Calling AppiumDriver.getCurrentActivity() with args: ["56b2f7da-485c-45ea-bb82-08d60c4eeb33"]
2017-05-31 06:50:22:084 - info: [debug] [ADB] Getting focused package and activity
2017-05-31 06:50:22:087 - info: [debug] [ADB] Getting connected devices...
2017-05-31 06:50:22:120 - info: [debug] [ADB] 1 device(s) connected
2017-05-31 06:50:22:120 - info: [debug] [ADB] Running 'D:\SoftWare\SDK\platform-tools\adb.exe' with args: ["-P",5037,"-s","022TAS7N51009853","shell","dumpsys","window","windows"]
2017-05-31 06:50:22:198 - info: [debug] [MJSONWP] Responding to client with driver.getCurrentActivity() result: ".activity.main.HomeActivity"
2017-05-31 06:50:22:198 - info: [HTTP] <-- GET /wd/hub/session/56b2f7da-485c-45ea-bb82-08d60c4eeb33/appium/device/current_activity 200 125 ms - 101 
2017-05-31 06:50:22:213 - info: [HTTP] --> POST /wd/hub/session/56b2f7da-485c-45ea-bb82-08d60c4eeb33/appium/app/close {}
2017-05-31 06:50:22:213 - info: [debug] [MJSONWP] Calling AppiumDriver.closeApp() with args: ["56b2f7da-485c-45ea-bb82-08d60c4eeb33"]
2017-05-31 06:50:22:213 - info: [debug] [ADB] Getting connected devices...
2017-05-31 06:50:22:245 - info: [debug] [ADB] 1 device(s) connected
2017-05-31 06:50:22:245 - info: [debug] [ADB] Running 'D:\SoftWare\SDK\platform-tools\adb.exe' with args: ["-P",5037,"-s","022TAS7N51009853","shell","am","force-stop","com.play.android"]
2017-05-31 06:50:23:202 - info: [debug] [MJSONWP] Responding to client with driver.closeApp() result: null
2017-05-31 06:50:23:202 - info: [HTTP] <-- POST /wd/hub/session/56b2f7da-485c-45ea-bb82-08d60c4eeb33/appium/app/close 200 999 ms - 76 
