2017-05-31 06:55:47:220 - info: [Appium] Welcome to Appium v1.6.5
2017-05-31 06:55:47:220 - info: [Appium] Non-default server args:
2017-05-31 06:55:47:235 - info: [Appium]   address: 127.0.0.1
2017-05-31 06:55:47:235 - info: [Appium]   log: D:\workSpace\EclipseProjects\AppiumForEclipse\log\1496213740989.log
2017-05-31 06:55:47:299 - info: [Appium] Appium REST http interface listener started on 127.0.0.1:4723
2017-05-31 06:55:47:892 - info: [HTTP] --> GET /wd/hub/status {}
2017-05-31 06:55:47:908 - info: [debug] [MJSONWP] Calling AppiumDriver.getStatus() with args: []
2017-05-31 06:55:47:955 - info: [debug] [MJSONWP] Responding to client with driver.getStatus() result: {"build":{"version":"1.6.5","revision":null}}
2017-05-31 06:55:47:955 - info: [HTTP] <-- GET /wd/hub/status 200 54 ms - 83 
2017-05-31 06:55:47:955 - info: [HTTP] --> GET /wd/hub/status {}
2017-05-31 06:55:47:970 - info: [debug] [MJSONWP] Calling AppiumDriver.getStatus() with args: []
2017-05-31 06:55:48:002 - info: [debug] [MJSONWP] Responding to client with driver.getStatus() result: {"build":{"version":"1.6.5","revision":null}}
2017-05-31 06:55:48:002 - info: [HTTP] <-- GET /wd/hub/status 200 41 ms - 83 
2017-05-31 06:55:48:657 - info: [HTTP] --> POST /wd/hub/session {"desiredCapabilities":{"appPackage":"com.play.android","appActivity":"com.play.android.activity.SplashActivity","app":"D:\\workSpace\\EclipseProjects\\AppiumForEclipse\\apps\\play.apk","noSign":"True","unicodeKeyboard":"True","platformName":"Android","deviceName":"022TAS7N51009853","resetKeyboard":"True"}}
2017-05-31 06:55:48:657 - info: [debug] [MJSONWP] Calling AppiumDriver.createSession() with args: [{"appPackage":"com.play.android","appActivity":"com.play.android.activity.SplashActivity","app":"D:\\workSpace\\EclipseProjects\\AppiumForEclipse\\apps\\play.apk","noSign":"True","unicodeKeyboard":"True","platformName":"Android","deviceName":"022TAS7N51009853","resetKeyboard":"True"},null,null]
2017-05-31 06:55:48:657 - info: [debug] [BaseDriver] Event 'newSessionRequested' logged at 1496213748657 (14:55:48 GMT+0800 (中国标准时间))
2017-05-31 06:55:48:657 - info: [Appium] Creating new AndroidDriver (v1.20.0) session
2017-05-31 06:55:48:657 - info: [Appium] Capabilities:
2017-05-31 06:55:48:672 - info: [Appium]   appPackage: 'com.play.android'
2017-05-31 06:55:48:672 - info: [Appium]   appActivity: 'com.play.android.activity.SplashActivity'
2017-05-31 06:55:48:672 - info: [Appium]   app: 'D:\\workSpace\\EclipseProjects\\AppiumForEclipse\\apps\\play.apk'
2017-05-31 06:55:48:672 - info: [Appium]   noSign: 'True'
2017-05-31 06:55:48:672 - info: [Appium]   unicodeKeyboard: 'True'
2017-05-31 06:55:48:672 - info: [Appium]   platformName: 'Android'
2017-05-31 06:55:48:672 - info: [Appium]   deviceName: '022TAS7N51009853'
2017-05-31 06:55:48:672 - info: [Appium]   resetKeyboard: 'True'
2017-05-31 06:55:48:672 - info: [debug] [AndroidDriver] AndroidDriver version: 1.20.0
2017-05-31 06:55:48:672 - warn: [BaseDriver] Capability 'unicodeKeyboard' changed from string to boolean. This may cause unexpected behavior
2017-05-31 06:55:48:688 - warn: [BaseDriver] Capability 'resetKeyboard' changed from string to boolean. This may cause unexpected behavior
2017-05-31 06:55:48:688 - warn: [BaseDriver] Capability 'noSign' changed from string to boolean. This may cause unexpected behavior
2017-05-31 06:55:48:688 - info: [BaseDriver] Session created with session id: 100650c8-e58d-4ac6-a66b-e0b7722e1e84
2017-05-31 06:55:48:705 - info: [debug] [AndroidDriver] Getting Java version
2017-05-31 06:55:48:848 - info: [AndroidDriver] Java version is: 1.8.0_121
2017-05-31 06:55:48:848 - info: [ADB] Checking whether adb is present
2017-05-31 06:55:48:848 - info: [ADB] Using adb.exe from D:\SoftWare\SDK\platform-tools\adb.exe
2017-05-31 06:55:48:848 - info: [AndroidDriver] Retrieving device list
2017-05-31 06:55:48:864 - info: [debug] [ADB] Trying to find a connected android device
2017-05-31 06:55:48:864 - info: [debug] [ADB] Getting connected devices...
2017-05-31 06:55:48:879 - info: [debug] [ADB] 1 device(s) connected
2017-05-31 06:55:48:879 - info: [AndroidDriver] Using device: 022TAS7N51009853
2017-05-31 06:55:48:879 - info: [ADB] Checking whether adb is present
2017-05-31 06:55:48:879 - info: [ADB] Using adb.exe from D:\SoftWare\SDK\platform-tools\adb.exe
2017-05-31 06:55:48:879 - info: [debug] [ADB] Setting device id to 022TAS7N51009853
2017-05-31 06:55:48:895 - info: [BaseDriver] Using local app 'D:\workSpace\EclipseProjects\AppiumForEclipse\apps\play.apk'
2017-05-31 06:55:48:895 - info: [debug] [AndroidDriver] Checking whether app is actually present
2017-05-31 06:55:48:895 - info: [AndroidDriver] Starting Android session
2017-05-31 06:55:48:895 - info: [debug] [ADB] Running 'D:\SoftWare\SDK\platform-tools\adb.exe' with args: ["-P",5037,"-s","022TAS7N51009853","wait-for-device"]
2017-05-31 06:55:48:926 - info: [debug] [ADB] Getting connected devices...
2017-05-31 06:55:48:957 - info: [debug] [ADB] 1 device(s) connected
2017-05-31 06:55:48:957 - info: [debug] [ADB] Running 'D:\SoftWare\SDK\platform-tools\adb.exe' with args: ["-P",5037,"-s","022TAS7N51009853","shell","echo","ping"]
2017-05-31 06:55:48:988 - info: [debug] [Logcat] Starting logcat capture
2017-05-31 06:55:49:035 - info: [debug] [AndroidDriver] Enabling Unicode keyboard support
2017-05-31 06:55:49:035 - info: [debug] [AndroidDriver] Pushing unicode ime to device...
2017-05-31 06:55:49:035 - info: [debug] [ADB] Running 'D:\SoftWare\SDK\platform-tools\adb.exe' with args: ["-P",5037,"-s","022TAS7N51009853","install","D:\\MyProgram\\nodejs\\node_modules\\appium\\node_modules\\appium-android-ime\\bin\\UnicodeIME-debug.apk"]
2017-05-31 06:55:50:408 - info: [debug] [ADB] Getting connected devices...
2017-05-31 06:55:50:440 - info: [debug] [ADB] 1 device(s) connected
2017-05-31 06:55:50:440 - info: [debug] [ADB] Running 'D:\SoftWare\SDK\platform-tools\adb.exe' with args: ["-P",5037,"-s","022TAS7N51009853","shell","settings","get","secure","default_input_method"]
2017-05-31 06:55:51:409 - info: [debug] [AndroidDriver] Unsetting previous IME io.appium.android.ime/.UnicodeIME
2017-05-31 06:55:51:409 - info: [debug] [AndroidDriver] Setting IME to 'io.appium.android.ime/.UnicodeIME'
2017-05-31 06:55:51:409 - info: [debug] [ADB] Getting connected devices...
2017-05-31 06:55:51:443 - info: [debug] [ADB] 1 device(s) connected
2017-05-31 06:55:51:443 - info: [debug] [ADB] Running 'D:\SoftWare\SDK\platform-tools\adb.exe' with args: ["-P",5037,"-s","022TAS7N51009853","shell","ime","enable","io.appium.android.ime/.UnicodeIME"]
2017-05-31 06:55:52:334 - info: [debug] [ADB] Getting connected devices...
2017-05-31 06:55:52:365 - info: [debug] [ADB] 1 device(s) connected
2017-05-31 06:55:52:365 - info: [debug] [ADB] Running 'D:\SoftWare\SDK\platform-tools\adb.exe' with args: ["-P",5037,"-s","022TAS7N51009853","shell","ime","set","io.appium.android.ime/.UnicodeIME"]
2017-05-31 06:55:53:332 - info: [debug] [AndroidDriver] Pushing settings apk to device...
2017-05-31 06:55:53:332 - info: [debug] [ADB] Getting install status for io.appium.settings
2017-05-31 06:55:53:332 - info: [debug] [ADB] Getting connected devices...
2017-05-31 06:55:53:348 - info: [debug] [ADB] 1 device(s) connected
2017-05-31 06:55:53:363 - info: [debug] [ADB] Running 'D:\SoftWare\SDK\platform-tools\adb.exe' with args: ["-P",5037,"-s","022TAS7N51009853","shell","pm","list","packages","io.appium.settings"]
2017-05-31 06:55:54:273 - info: [debug] [ADB] App is installed
2017-05-31 06:55:54:273 - info: [debug] [ADB] Getting package info for io.appium.settings
2017-05-31 06:55:54:273 - info: [debug] [ADB] Getting connected devices...
2017-05-31 06:55:54:289 - info: [ADB] Checking whether aapt is present
2017-05-31 06:55:54:289 - info: [ADB] Using aapt.exe from D:\SoftWare\SDK\build-tools\24.0.3\aapt.exe
2017-05-31 06:55:54:320 - info: [debug] [ADB] 1 device(s) connected
2017-05-31 06:55:54:320 - info: [debug] [ADB] Running 'D:\SoftWare\SDK\platform-tools\adb.exe' with args: ["-P",5037,"-s","022TAS7N51009853","shell","dumpsys","package","io.appium.settings"]
2017-05-31 06:55:54:336 - warn: [ADB] Cannot read version codes of D:\MyProgram\nodejs\node_modules\appium\node_modules\io.appium.settings\app\build\outputs\apk\settings_apk-debug.apk and/or io.appium.settings. Assuming correct app version is already installed
2017-05-31 06:55:54:336 - info: [debug] [ADB] Getting connected devices...
2017-05-31 06:55:54:368 - info: [debug] [ADB] 1 device(s) connected
2017-05-31 06:55:54:368 - info: [debug] [ADB] Running 'D:\SoftWare\SDK\platform-tools\adb.exe' with args: ["-P",5037,"-s","022TAS7N51009853","shell","getprop","ro.build.version.sdk"]
2017-05-31 06:55:54:415 - info: [debug] [ADB] Device API level: 19
2017-05-31 06:55:54:415 - info: [debug] [ADB] Getting connected devices...
2017-05-31 06:55:54:446 - info: [debug] [ADB] 1 device(s) connected
2017-05-31 06:55:54:446 - info: [debug] [ADB] Running 'D:\SoftWare\SDK\platform-tools\adb.exe' with args: ["-P",5037,"-s","022TAS7N51009853","shell","dumpsys","package","io.appium.settings"]
2017-05-31 06:55:54:508 - info: [debug] [AndroidDriver] Pushing unlock helper app to device...
2017-05-31 06:55:54:508 - info: [debug] [ADB] Running 'D:\SoftWare\SDK\platform-tools\adb.exe' with args: ["-P",5037,"-s","022TAS7N51009853","install","D:\\MyProgram\\nodejs\\node_modules\\appium\\node_modules\\appium-unlock\\bin\\unlock_apk-debug.apk"]
2017-05-31 06:55:55:775 - info: [debug] [ADB] Device API level: 19
2017-05-31 06:55:55:779 - info: [debug] [ADB] Getting connected devices...
2017-05-31 06:55:55:814 - info: [debug] [ADB] 1 device(s) connected
2017-05-31 06:55:55:814 - info: [debug] [ADB] Running 'D:\SoftWare\SDK\platform-tools\adb.exe' with args: ["-P",5037,"-s","022TAS7N51009853","shell","settings","put","secure","mock_location","1"]
2017-05-31 06:55:56:691 - info: [ADB] Getting device platform version
2017-05-31 06:55:56:691 - info: [debug] [ADB] Getting connected devices...
2017-05-31 06:55:56:715 - info: [debug] [ADB] 1 device(s) connected
2017-05-31 06:55:56:715 - info: [debug] [ADB] Running 'D:\SoftWare\SDK\platform-tools\adb.exe' with args: ["-P",5037,"-s","022TAS7N51009853","shell","getprop","ro.build.version.release"]
2017-05-31 06:55:56:752 - info: [debug] [ADB] Getting connected devices...
2017-05-31 06:55:56:775 - info: [debug] [ADB] 1 device(s) connected
2017-05-31 06:55:56:776 - info: [debug] [ADB] Running 'D:\SoftWare\SDK\platform-tools\adb.exe' with args: ["-P",5037,"-s","022TAS7N51009853","shell","wm","size"]
2017-05-31 06:55:57:655 - info: [debug] [ADB] Getting connected devices...
2017-05-31 06:55:57:698 - info: [debug] [ADB] 1 device(s) connected
2017-05-31 06:55:57:698 - info: [debug] [ADB] Running 'D:\SoftWare\SDK\platform-tools\adb.exe' with args: ["-P",5037,"-s","022TAS7N51009853","shell","getprop","ro.product.model"]
2017-05-31 06:55:57:759 - info: [debug] [ADB] Current device property 'ro.product.model': HUAWEI P6 S-U06
2017-05-31 06:55:57:760 - info: [debug] [ADB] Getting connected devices...
2017-05-31 06:55:57:786 - info: [debug] [ADB] 1 device(s) connected
2017-05-31 06:55:57:786 - info: [debug] [ADB] Running 'D:\SoftWare\SDK\platform-tools\adb.exe' with args: ["-P",5037,"-s","022TAS7N51009853","shell","getprop","ro.product.manufacturer"]
2017-05-31 06:55:57:830 - info: [debug] [ADB] Current device property 'ro.product.manufacturer': HUAWEI
2017-05-31 06:55:57:969 - info: [AndroidDriver] Remote apk path is /data/local/tmp/42e2f15827830994ee5f75a4ff734348.apk
2017-05-31 06:55:57:970 - info: [debug] [ADB] Getting connected devices...
2017-05-31 06:55:57:995 - info: [debug] [ADB] 1 device(s) connected
2017-05-31 06:55:57:995 - info: [debug] [ADB] Running 'D:\SoftWare\SDK\platform-tools\adb.exe' with args: ["-P",5037,"-s","022TAS7N51009853","shell","ls","/data/local/tmp/42e2f15827830994ee5f75a4ff734348.apk"]
2017-05-31 06:55:58:051 - info: [debug] [AndroidDriver] Checking if app is installed
2017-05-31 06:55:58:051 - info: [debug] [ADB] Getting install status for com.play.android
2017-05-31 06:55:58:051 - info: [debug] [ADB] Getting connected devices...
2017-05-31 06:55:58:075 - info: [debug] [ADB] 1 device(s) connected
2017-05-31 06:55:58:076 - info: [debug] [ADB] Running 'D:\SoftWare\SDK\platform-tools\adb.exe' with args: ["-P",5037,"-s","022TAS7N51009853","shell","pm","list","packages","com.play.android"]
2017-05-31 06:55:59:007 - info: [debug] [ADB] App is installed
2017-05-31 06:55:59:008 - info: [AndroidDriver] Apk is already on remote and installed, resetting
2017-05-31 06:55:59:010 - info: [debug] [AndroidDriver] Running fast reset (stop and clear)
2017-05-31 06:55:59:012 - info: [debug] [ADB] Getting connected devices...
2017-05-31 06:55:59:052 - info: [debug] [ADB] 1 device(s) connected
2017-05-31 06:55:59:052 - info: [debug] [ADB] Running 'D:\SoftWare\SDK\platform-tools\adb.exe' with args: ["-P",5037,"-s","022TAS7N51009853","shell","am","force-stop","com.play.android"]
2017-05-31 06:56:00:097 - info: [debug] [ADB] Getting connected devices...
2017-05-31 06:56:00:134 - info: [debug] [ADB] 1 device(s) connected
2017-05-31 06:56:00:134 - info: [debug] [ADB] Running 'D:\SoftWare\SDK\platform-tools\adb.exe' with args: ["-P",5037,"-s","022TAS7N51009853","shell","pm","clear","com.play.android"]
2017-05-31 06:56:01:192 - info: [debug] [AndroidDriver] Extracting strings from apk D:\workSpace\EclipseProjects\AppiumForEclipse\apps\play.apk null C:\Users\ADMINI~1\AppData\Local\Temp\com.play.android
2017-05-31 06:56:01:193 - info: [debug] [ADB] Extracting strings for language: default
2017-05-31 06:56:01:194 - info: [debug] [ADB] Device API level: 19
2017-05-31 06:56:01:194 - info: [debug] [ADB] Getting connected devices...
2017-05-31 06:56:01:220 - info: [debug] [ADB] 1 device(s) connected
2017-05-31 06:56:01:221 - info: [debug] [ADB] Running 'D:\SoftWare\SDK\platform-tools\adb.exe' with args: ["-P",5037,"-s","022TAS7N51009853","shell","getprop","persist.sys.language"]
2017-05-31 06:56:01:260 - info: [debug] [ADB] Current device property 'persist.sys.language': zh
2017-05-31 06:56:02:434 - info: [debug] [ADB] Reading strings from converted strings.json
2017-05-31 06:56:02:438 - info: [debug] [ADB] Running 'D:\SoftWare\SDK\platform-tools\adb.exe' with args: ["-P",5037,"-s","022TAS7N51009853","push","C:\\Users\\ADMINI~1\\AppData\\Local\\Temp\\com.play.android\\strings.json","/data/local/tmp"]
2017-05-31 06:56:02:493 - info: [debug] [AndroidBootstrap] Watching for bootstrap disconnect
2017-05-31 06:56:02:495 - info: [debug] [ADB] Forwarding system: 4724 to device: 4724
2017-05-31 06:56:02:495 - info: [debug] [ADB] Running 'D:\SoftWare\SDK\platform-tools\adb.exe' with args: ["-P",5037,"-s","022TAS7N51009853","forward","tcp:4724","tcp:4724"]
2017-05-31 06:56:02:504 - info: [debug] [UiAutomator] Starting UiAutomator
2017-05-31 06:56:02:505 - info: [debug] [UiAutomator] Moving to state 'starting'
2017-05-31 06:56:02:505 - info: [debug] [UiAutomator] Parsing uiautomator jar
2017-05-31 06:56:02:505 - info: [debug] [UiAutomator] Found jar name: 'AppiumBootstrap.jar'
2017-05-31 06:56:02:506 - info: [debug] [ADB] Running 'D:\SoftWare\SDK\platform-tools\adb.exe' with args: ["-P",5037,"-s","022TAS7N51009853","push","D:\\MyProgram\\nodejs\\node_modules\\appium\\node_modules\\appium-android-bootstrap\\bootstrap\\bin\\AppiumBootstrap.jar","/data/local/tmp/"]
2017-05-31 06:56:02:551 - info: [debug] [ADB] Attempting to kill all uiautomator processes
2017-05-31 06:56:02:552 - info: [debug] [ADB] Getting all processes with uiautomator
2017-05-31 06:56:02:552 - info: [debug] [ADB] Getting connected devices...
2017-05-31 06:56:02:577 - info: [debug] [ADB] 1 device(s) connected
2017-05-31 06:56:02:577 - info: [debug] [ADB] Running 'D:\SoftWare\SDK\platform-tools\adb.exe' with args: ["-P",5037,"-s","022TAS7N51009853","shell","ps"]
2017-05-31 06:56:02:681 - info: [ADB] No uiautomator process found to kill, continuing...
2017-05-31 06:56:02:681 - info: [debug] [UiAutomator] Starting UIAutomator
2017-05-31 06:56:02:682 - info: [debug] [ADB] Creating ADB subprocess with args: ["-P",5037,"-s","022TAS7N51009853","shell","uiautomator","runtest","AppiumBootstrap.jar","-c","io.appium.android.bootstrap.Bootstrap","-e","pkg","com.play.android","-e","disableAndroidWatchers",false,"-e","acceptSslCerts",false]
2017-05-31 06:56:03:397 - info: [debug] [UiAutomator] Moving to state 'online'
2017-05-31 06:56:03:409 - info: [AndroidBootstrap] Android bootstrap socket is now connected
2017-05-31 06:56:03:412 - info: [debug] [ADB] Getting connected devices...
2017-05-31 06:56:03:436 - info: [AndroidBootstrap] [BOOTSTRAP LOG] [debug] json loading complete.
2017-05-31 06:56:03:438 - info: [AndroidBootstrap] [BOOTSTRAP LOG] [debug] Registered crash watchers.
2017-05-31 06:56:03:439 - info: [AndroidBootstrap] [BOOTSTRAP LOG] [debug] Client connected
2017-05-31 06:56:03:457 - info: [debug] [ADB] 1 device(s) connected
2017-05-31 06:56:03:458 - info: [debug] [ADB] Running 'D:\SoftWare\SDK\platform-tools\adb.exe' with args: ["-P",5037,"-s","022TAS7N51009853","shell","dumpsys","window"]
2017-05-31 06:56:03:514 - info: [AndroidDriver] Screen already unlocked, doing nothing
2017-05-31 06:56:03:517 - info: [debug] [ADB] Device API level: 19
2017-05-31 06:56:03:517 - info: [debug] [ADB] Getting connected devices...
2017-05-31 06:56:03:541 - info: [debug] [ADB] 1 device(s) connected
2017-05-31 06:56:03:541 - info: [debug] [ADB] Running 'D:\SoftWare\SDK\platform-tools\adb.exe' with args: ["-P",5037,"-s","022TAS7N51009853","shell","am","start","-W","-n","com.play.android/com.play.android.activity.SplashActivity","-S","-a","android.intent.action.MAIN","-c","android.intent.category.LAUNCHER","-f","0x10200000"]
2017-05-31 06:56:11:733 - info: [Appium] New AndroidDriver session created successfully, session 100650c8-e58d-4ac6-a66b-e0b7722e1e84 added to master session list
2017-05-31 06:56:11:735 - info: [debug] [BaseDriver] Event 'newSessionStarted' logged at 1496213771734 (14:56:11 GMT+0800 (中国标准时间))
2017-05-31 06:56:11:735 - info: [debug] [MJSONWP] Responding to client with driver.createSession() result: {"platform":"LINUX","webStorageEnabled":false,"takesScreenshot":true,"javascriptEnabled":true,"databaseEnabled":false,"networkConnectionEnabled":true,"locationContextEnabled":false,"warnings":{},"desired":{"appPackage":"com.play.android","appActivity":"com.play.android.activity.SplashActivity","app":"D:\\workSpace\\EclipseProjects\\AppiumForEclipse\\apps\\play.apk","noSign":true,"unicodeKeyboard":true,"platformName":"Android","deviceName":"022TAS7N51009853","resetKeyboard":true},"appPackage":"com.play.android","appActivity":"com.play.android.activity.SplashActivity","app":"D:\\workSpace\\EclipseProjects\\AppiumForEclipse\\apps\\play.apk","noSign":true,"unicodeKeyboard":true,"platformName":"Android","deviceName":"022TAS7N51009853","resetKeyboard":true,"deviceUDID":"022TAS7N51009853","platformVersion":"4.4.2","deviceScreenSize":"720x1280","deviceModel":"HUAWEI P6 S-U06","deviceManufacturer":"HUAWEI"}
2017-05-31 06:56:11:740 - info: [HTTP] <-- POST /wd/hub/session 200 23076 ms - 983 
2017-05-31 06:56:13:590 - info: [HTTP] --> POST /wd/hub/session/100650c8-e58d-4ac6-a66b-e0b7722e1e84/timeouts {"type":"implicit","ms":20000}
2017-05-31 06:56:13:593 - info: [debug] [MJSONWP] Calling AppiumDriver.timeouts() with args: ["implicit",20000,"100650c8-e58d-4ac6-a66b-e0b7722e1e84"]
2017-05-31 06:56:13:595 - info: [debug] [BaseDriver] Set implicit wait to 20000ms
2017-05-31 06:56:13:596 - info: [debug] [MJSONWP] Responding to client with driver.timeouts() result: null
2017-05-31 06:56:13:597 - info: [HTTP] <-- POST /wd/hub/session/100650c8-e58d-4ac6-a66b-e0b7722e1e84/timeouts 200 7 ms - 76 
2017-05-31 06:56:13:832 - info: [HTTP] --> POST /wd/hub/session/100650c8-e58d-4ac6-a66b-e0b7722e1e84/timeouts {"type":"implicit","ms":0}
2017-05-31 06:56:13:833 - info: [debug] [MJSONWP] Calling AppiumDriver.timeouts() with args: ["implicit",0,"100650c8-e58d-4ac6-a66b-e0b7722e1e84"]
2017-05-31 06:56:13:834 - info: [debug] [BaseDriver] Set implicit wait to 0ms
2017-05-31 06:56:13:838 - info: [debug] [MJSONWP] Responding to client with driver.timeouts() result: null
2017-05-31 06:56:13:839 - info: [HTTP] <-- POST /wd/hub/session/100650c8-e58d-4ac6-a66b-e0b7722e1e84/timeouts 200 6 ms - 76 
2017-05-31 06:56:13:864 - info: [HTTP] --> GET /wd/hub/session/100650c8-e58d-4ac6-a66b-e0b7722e1e84/context {}
2017-05-31 06:56:13:867 - info: [debug] [MJSONWP] Calling AppiumDriver.getCurrentContext() with args: ["100650c8-e58d-4ac6-a66b-e0b7722e1e84"]
2017-05-31 06:56:13:869 - info: [debug] [MJSONWP] Responding to client with driver.getCurrentContext() result: "NATIVE_APP"
2017-05-31 06:56:13:870 - info: [HTTP] <-- GET /wd/hub/session/100650c8-e58d-4ac6-a66b-e0b7722e1e84/context 200 5 ms - 84 
2017-05-31 06:56:13:874 - info: [HTTP] --> POST /wd/hub/session/100650c8-e58d-4ac6-a66b-e0b7722e1e84/elements {"using":"id","value":"com.play.android:id/btn_profile"}
2017-05-31 06:56:13:874 - info: [debug] [MJSONWP] Calling AppiumDriver.findElements() with args: ["id","com.play.android:id/btn_profile","100650c8-e58d-4ac6-a66b-e0b7722e1e84"]
2017-05-31 06:56:13:876 - info: [debug] [BaseDriver] Valid locator strategies for this request: xpath, id, class name, accessibility id, -android uiautomator
2017-05-31 06:56:13:877 - info: [debug] [BaseDriver] Valid locator strategies for this request: xpath, id, class name, accessibility id, -android uiautomator
2017-05-31 06:56:13:878 - info: [debug] [BaseDriver] Waiting up to 0 ms for condition
2017-05-31 06:56:13:882 - info: [debug] [AndroidBootstrap] Sending command to android: {"cmd":"action","action":"find","params":{"strategy":"id","selector":"com.play.android:id/btn_profile","context":"","multiple":true}}
2017-05-31 06:56:13:894 - info: [AndroidBootstrap] [BOOTSTRAP LOG] [debug] Got data from client: {"cmd":"action","action":"find","params":{"strategy":"id","selector":"com.play.android:id/btn_profile","context":"","multiple":true}}
2017-05-31 06:56:13:895 - info: [AndroidBootstrap] [BOOTSTRAP LOG] [debug] Got command of type ACTION
2017-05-31 06:56:13:895 - info: [AndroidBootstrap] [BOOTSTRAP LOG] [debug] Got command action: find
2017-05-31 06:56:13:895 - info: [AndroidBootstrap] [BOOTSTRAP LOG] [debug] Finding 'com.play.android:id/btn_profile' using 'ID' with the contextId: '' multiple: true
2017-05-31 06:56:13:895 - info: [AndroidBootstrap] [BOOTSTRAP LOG] [debug] Using: UiSelector[RESOURCE_ID=com.play.android:id/btn_profile]
2017-05-31 06:56:13:895 - info: [AndroidBootstrap] [BOOTSTRAP LOG] [debug] getElements selector:UiSelector[RESOURCE_ID=com.play.android:id/btn_profile]
2017-05-31 06:56:13:896 - info: [AndroidBootstrap] [BOOTSTRAP LOG] [debug] Element[] is null: (0)
2017-05-31 06:56:13:896 - info: [AndroidBootstrap] [BOOTSTRAP LOG] [debug] getElements tmp selector:UiSelector[INSTANCE=0, RESOURCE_ID=com.play.android:id/btn_profile]
2017-05-31 06:56:14:277 - info: [AndroidBootstrap] [BOOTSTRAP LOG] [debug] Element[] is null: (1)
2017-05-31 06:56:14:279 - info: [AndroidBootstrap] [BOOTSTRAP LOG] [debug] getElements tmp selector:UiSelector[INSTANCE=1, RESOURCE_ID=com.play.android:id/btn_profile]
2017-05-31 06:56:14:697 - info: [AndroidBootstrap] [BOOTSTRAP LOG] [debug] Returning result: {"value":[{"ELEMENT":"1"}],"status":0}
2017-05-31 06:56:14:697 - info: [debug] [AndroidBootstrap] Received command result from bootstrap
2017-05-31 06:56:14:713 - info: [debug] [MJSONWP] Responding to client with driver.findElements() result: [{"ELEMENT":"1"}]
2017-05-31 06:56:14:713 - info: [HTTP] <-- POST /wd/hub/session/100650c8-e58d-4ac6-a66b-e0b7722e1e84/elements 200 840 ms - 89 
2017-05-31 06:56:14:949 - info: [HTTP] --> POST /wd/hub/session/100650c8-e58d-4ac6-a66b-e0b7722e1e84/timeouts {"type":"implicit","ms":5000}
2017-05-31 06:56:14:950 - info: [debug] [MJSONWP] Calling AppiumDriver.timeouts() with args: ["implicit",5000,"100650c8-e58d-4ac6-a66b-e0b7722e1e84"]
2017-05-31 06:56:14:951 - info: [debug] [BaseDriver] Set implicit wait to 5000ms
2017-05-31 06:56:14:952 - info: [debug] [MJSONWP] Responding to client with driver.timeouts() result: null
2017-05-31 06:56:14:953 - info: [HTTP] <-- POST /wd/hub/session/100650c8-e58d-4ac6-a66b-e0b7722e1e84/timeouts 200 4 ms - 76 
2017-05-31 06:56:14:977 - info: [HTTP] --> POST /wd/hub/session/100650c8-e58d-4ac6-a66b-e0b7722e1e84/element/1/click {"id":"1"}
2017-05-31 06:56:14:978 - info: [debug] [MJSONWP] Calling AppiumDriver.click() with args: ["1","100650c8-e58d-4ac6-a66b-e0b7722e1e84"]
2017-05-31 06:56:14:979 - info: [debug] [AndroidBootstrap] Sending command to android: {"cmd":"action","action":"element:click","params":{"elementId":"1"}}
2017-05-31 06:56:14:980 - info: [AndroidBootstrap] [BOOTSTRAP LOG] [debug] Got data from client: {"cmd":"action","action":"element:click","params":{"elementId":"1"}}
2017-05-31 06:56:14:980 - info: [AndroidBootstrap] [BOOTSTRAP LOG] [debug] Got command of type ACTION
2017-05-31 06:56:14:980 - info: [AndroidBootstrap] [BOOTSTRAP LOG] [debug] Got command action: click
2017-05-31 06:56:15:742 - info: [AndroidBootstrap] [BOOTSTRAP LOG] [debug] Returning result: {"value":true,"status":0}
2017-05-31 06:56:15:742 - info: [debug] [AndroidBootstrap] Received command result from bootstrap
2017-05-31 06:56:15:742 - info: [debug] [MJSONWP] Responding to client with driver.click() result: true
2017-05-31 06:56:15:742 - info: [HTTP] <-- POST /wd/hub/session/100650c8-e58d-4ac6-a66b-e0b7722e1e84/element/1/click 200 768 ms - 76 
2017-05-31 06:56:15:820 - info: [HTTP] --> GET /wd/hub/session/100650c8-e58d-4ac6-a66b-e0b7722e1e84/appium/device/current_activity {}
2017-05-31 06:56:15:820 - info: [debug] [MJSONWP] Calling AppiumDriver.getCurrentActivity() with args: ["100650c8-e58d-4ac6-a66b-e0b7722e1e84"]
2017-05-31 06:56:15:820 - info: [debug] [ADB] Getting focused package and activity
2017-05-31 06:56:15:820 - info: [debug] [ADB] Getting connected devices...
2017-05-31 06:56:15:867 - info: [debug] [ADB] 1 device(s) connected
2017-05-31 06:56:15:867 - info: [debug] [ADB] Running 'D:\SoftWare\SDK\platform-tools\adb.exe' with args: ["-P",5037,"-s","022TAS7N51009853","shell","dumpsys","window","windows"]
2017-05-31 06:56:15:961 - info: [debug] [MJSONWP] Responding to client with driver.getCurrentActivity() result: ".activity.member.LoginActivity"
2017-05-31 06:56:15:961 - info: [HTTP] <-- GET /wd/hub/session/100650c8-e58d-4ac6-a66b-e0b7722e1e84/appium/device/current_activity 200 143 ms - 104 
2017-05-31 06:56:16:039 - info: [HTTP] --> POST /wd/hub/session/100650c8-e58d-4ac6-a66b-e0b7722e1e84/timeouts {"type":"implicit","ms":0}
2017-05-31 06:56:16:039 - info: [debug] [MJSONWP] Calling AppiumDriver.timeouts() with args: ["implicit",0,"100650c8-e58d-4ac6-a66b-e0b7722e1e84"]
2017-05-31 06:56:16:039 - info: [debug] [BaseDriver] Set implicit wait to 0ms
2017-05-31 06:56:16:039 - info: [debug] [MJSONWP] Responding to client with driver.timeouts() result: null
2017-05-31 06:56:16:039 - info: [HTTP] <-- POST /wd/hub/session/100650c8-e58d-4ac6-a66b-e0b7722e1e84/timeouts 200 4 ms - 76 
2017-05-31 06:56:16:055 - info: [HTTP] --> GET /wd/hub/session/100650c8-e58d-4ac6-a66b-e0b7722e1e84/context {}
2017-05-31 06:56:16:055 - info: [debug] [MJSONWP] Calling AppiumDriver.getCurrentContext() with args: ["100650c8-e58d-4ac6-a66b-e0b7722e1e84"]
2017-05-31 06:56:16:055 - info: [debug] [MJSONWP] Responding to client with driver.getCurrentContext() result: "NATIVE_APP"
2017-05-31 06:56:16:055 - info: [HTTP] <-- GET /wd/hub/session/100650c8-e58d-4ac6-a66b-e0b7722e1e84/context 200 6 ms - 84 
2017-05-31 06:56:16:072 - info: [HTTP] --> POST /wd/hub/session/100650c8-e58d-4ac6-a66b-e0b7722e1e84/elements {"using":"id","value":"com.play.android:id/tv_account"}
2017-05-31 06:56:16:073 - info: [debug] [MJSONWP] Calling AppiumDriver.findElements() with args: ["id","com.play.android:id/tv_account","100650c8-e58d-4ac6-a66b-e0b7722e1e84"]
2017-05-31 06:56:16:074 - info: [debug] [BaseDriver] Valid locator strategies for this request: xpath, id, class name, accessibility id, -android uiautomator
2017-05-31 06:56:16:074 - info: [debug] [BaseDriver] Valid locator strategies for this request: xpath, id, class name, accessibility id, -android uiautomator
2017-05-31 06:56:16:074 - info: [debug] [BaseDriver] Waiting up to 0 ms for condition
2017-05-31 06:56:16:075 - info: [debug] [AndroidBootstrap] Sending command to android: {"cmd":"action","action":"find","params":{"strategy":"id","selector":"com.play.android:id/tv_account","context":"","multiple":true}}
2017-05-31 06:56:16:083 - info: [AndroidBootstrap] [BOOTSTRAP LOG] [debug] Got data from client: {"cmd":"action","action":"find","params":{"strategy":"id","selector":"com.play.android:id/tv_account","context":"","multiple":true}}
2017-05-31 06:56:16:084 - info: [AndroidBootstrap] [BOOTSTRAP LOG] [debug] Got command of type ACTION
2017-05-31 06:56:16:084 - info: [AndroidBootstrap] [BOOTSTRAP LOG] [debug] Got command action: find
2017-05-31 06:56:16:084 - info: [AndroidBootstrap] [BOOTSTRAP LOG] [debug] Finding 'com.play.android:id/tv_account' using 'ID' with the contextId: '' multiple: true
2017-05-31 06:56:16:084 - info: [AndroidBootstrap] [BOOTSTRAP LOG] [debug] Using: UiSelector[RESOURCE_ID=com.play.android:id/tv_account]
2017-05-31 06:56:16:085 - info: [AndroidBootstrap] [BOOTSTRAP LOG] [debug] getElements selector:UiSelector[RESOURCE_ID=com.play.android:id/tv_account]
2017-05-31 06:56:16:085 - info: [AndroidBootstrap] [BOOTSTRAP LOG] [debug] Element[] is null: (0)
2017-05-31 06:56:16:085 - info: [AndroidBootstrap] [BOOTSTRAP LOG] [debug] getElements tmp selector:UiSelector[INSTANCE=0, RESOURCE_ID=com.play.android:id/tv_account]
2017-05-31 06:56:16:285 - info: [AndroidBootstrap] [BOOTSTRAP LOG] [debug] Element[] is null: (1)
2017-05-31 06:56:16:285 - info: [AndroidBootstrap] [BOOTSTRAP LOG] [debug] getElements tmp selector:UiSelector[INSTANCE=1, RESOURCE_ID=com.play.android:id/tv_account]
2017-05-31 06:56:17:155 - info: [AndroidBootstrap] [BOOTSTRAP LOG] [debug] Returning result: {"value":[{"ELEMENT":"2"}],"status":0}
2017-05-31 06:56:17:155 - info: [debug] [AndroidBootstrap] Received command result from bootstrap
2017-05-31 06:56:17:155 - info: [debug] [MJSONWP] Responding to client with driver.findElements() result: [{"ELEMENT":"2"}]
2017-05-31 06:56:17:170 - info: [HTTP] <-- POST /wd/hub/session/100650c8-e58d-4ac6-a66b-e0b7722e1e84/elements 200 1090 ms - 89 
2017-05-31 06:56:17:264 - info: [HTTP] --> POST /wd/hub/session/100650c8-e58d-4ac6-a66b-e0b7722e1e84/timeouts {"type":"implicit","ms":5000}
2017-05-31 06:56:17:264 - info: [debug] [MJSONWP] Calling AppiumDriver.timeouts() with args: ["implicit",5000,"100650c8-e58d-4ac6-a66b-e0b7722e1e84"]
2017-05-31 06:56:17:264 - info: [debug] [BaseDriver] Set implicit wait to 5000ms
2017-05-31 06:56:17:264 - info: [debug] [MJSONWP] Responding to client with driver.timeouts() result: null
2017-05-31 06:56:17:264 - info: [HTTP] <-- POST /wd/hub/session/100650c8-e58d-4ac6-a66b-e0b7722e1e84/timeouts 200 4 ms - 76 
2017-05-31 06:56:17:295 - info: [HTTP] --> POST /wd/hub/session/100650c8-e58d-4ac6-a66b-e0b7722e1e84/element/2/click {"id":"2"}
2017-05-31 06:56:17:295 - info: [debug] [MJSONWP] Calling AppiumDriver.click() with args: ["2","100650c8-e58d-4ac6-a66b-e0b7722e1e84"]
2017-05-31 06:56:17:295 - info: [debug] [AndroidBootstrap] Sending command to android: {"cmd":"action","action":"element:click","params":{"elementId":"2"}}
2017-05-31 06:56:17:295 - info: [AndroidBootstrap] [BOOTSTRAP LOG] [debug] Got data from client: {"cmd":"action","action":"element:click","params":{"elementId":"2"}}
2017-05-31 06:56:17:295 - info: [AndroidBootstrap] [BOOTSTRAP LOG] [debug] Got command of type ACTION
2017-05-31 06:56:17:295 - info: [AndroidBootstrap] [BOOTSTRAP LOG] [debug] Got command action: click
2017-05-31 06:56:17:498 - info: [AndroidBootstrap] [BOOTSTRAP LOG] [debug] Returning result: {"value":true,"status":0}
2017-05-31 06:56:17:498 - info: [debug] [AndroidBootstrap] Received command result from bootstrap
2017-05-31 06:56:17:498 - info: [debug] [MJSONWP] Responding to client with driver.click() result: true
2017-05-31 06:56:17:498 - info: [HTTP] <-- POST /wd/hub/session/100650c8-e58d-4ac6-a66b-e0b7722e1e84/element/2/click 200 204 ms - 76 
2017-05-31 06:56:17:545 - info: [HTTP] --> POST /wd/hub/session/100650c8-e58d-4ac6-a66b-e0b7722e1e84/timeouts {"type":"implicit","ms":0}
2017-05-31 06:56:17:545 - info: [debug] [MJSONWP] Calling AppiumDriver.timeouts() with args: ["implicit",0,"100650c8-e58d-4ac6-a66b-e0b7722e1e84"]
2017-05-31 06:56:17:545 - info: [debug] [BaseDriver] Set implicit wait to 0ms
2017-05-31 06:56:17:545 - info: [debug] [MJSONWP] Responding to client with driver.timeouts() result: null
2017-05-31 06:56:17:545 - info: [HTTP] <-- POST /wd/hub/session/100650c8-e58d-4ac6-a66b-e0b7722e1e84/timeouts 200 3 ms - 76 
2017-05-31 06:56:17:560 - info: [HTTP] --> GET /wd/hub/session/100650c8-e58d-4ac6-a66b-e0b7722e1e84/context {}
2017-05-31 06:56:17:560 - info: [debug] [MJSONWP] Calling AppiumDriver.getCurrentContext() with args: ["100650c8-e58d-4ac6-a66b-e0b7722e1e84"]
2017-05-31 06:56:17:560 - info: [debug] [MJSONWP] Responding to client with driver.getCurrentContext() result: "NATIVE_APP"
2017-05-31 06:56:17:560 - info: [HTTP] <-- GET /wd/hub/session/100650c8-e58d-4ac6-a66b-e0b7722e1e84/context 200 3 ms - 84 
2017-05-31 06:56:17:576 - info: [HTTP] --> POST /wd/hub/session/100650c8-e58d-4ac6-a66b-e0b7722e1e84/elements {"using":"id","value":"com.play.android:id/et_account"}
2017-05-31 06:56:17:576 - info: [debug] [MJSONWP] Calling AppiumDriver.findElements() with args: ["id","com.play.android:id/et_account","100650c8-e58d-4ac6-a66b-e0b7722e1e84"]
2017-05-31 06:56:17:576 - info: [debug] [BaseDriver] Valid locator strategies for this request: xpath, id, class name, accessibility id, -android uiautomator
2017-05-31 06:56:17:576 - info: [debug] [BaseDriver] Valid locator strategies for this request: xpath, id, class name, accessibility id, -android uiautomator
2017-05-31 06:56:17:576 - info: [debug] [BaseDriver] Waiting up to 0 ms for condition
2017-05-31 06:56:17:576 - info: [debug] [AndroidBootstrap] Sending command to android: {"cmd":"action","action":"find","params":{"strategy":"id","selector":"com.play.android:id/et_account","context":"","multiple":true}}
2017-05-31 06:56:17:576 - info: [AndroidBootstrap] [BOOTSTRAP LOG] [debug] Got data from client: {"cmd":"action","action":"find","params":{"strategy":"id","selector":"com.play.android:id/et_account","context":"","multiple":true}}
2017-05-31 06:56:17:576 - info: [AndroidBootstrap] [BOOTSTRAP LOG] [debug] Got command of type ACTION
2017-05-31 06:56:17:576 - info: [AndroidBootstrap] [BOOTSTRAP LOG] [debug] Got command action: find
2017-05-31 06:56:17:576 - info: [AndroidBootstrap] [BOOTSTRAP LOG] [debug] Finding 'com.play.android:id/et_account' using 'ID' with the contextId: '' multiple: true
2017-05-31 06:56:17:576 - info: [AndroidBootstrap] [BOOTSTRAP LOG] [debug] Using: UiSelector[RESOURCE_ID=com.play.android:id/et_account]
2017-05-31 06:56:17:576 - info: [AndroidBootstrap] [BOOTSTRAP LOG] [debug] getElements selector:UiSelector[RESOURCE_ID=com.play.android:id/et_account]
2017-05-31 06:56:17:576 - info: [AndroidBootstrap] [BOOTSTRAP LOG] [debug] Element[] is null: (0)
2017-05-31 06:56:17:576 - info: [AndroidBootstrap] [BOOTSTRAP LOG] [debug] getElements tmp selector:UiSelector[INSTANCE=0, RESOURCE_ID=com.play.android:id/et_account]
2017-05-31 06:56:18:044 - info: [AndroidBootstrap] [BOOTSTRAP LOG] [debug] Element[] is null: (1)
2017-05-31 06:56:18:044 - info: [AndroidBootstrap] [BOOTSTRAP LOG] [debug] getElements tmp selector:UiSelector[INSTANCE=1, RESOURCE_ID=com.play.android:id/et_account]
2017-05-31 06:56:18:075 - info: [AndroidBootstrap] [BOOTSTRAP LOG] [debug] Returning result: {"value":[{"ELEMENT":"3"}],"status":0}
2017-05-31 06:56:18:075 - info: [debug] [AndroidBootstrap] Received command result from bootstrap
2017-05-31 06:56:18:075 - info: [debug] [MJSONWP] Responding to client with driver.findElements() result: [{"ELEMENT":"3"}]
2017-05-31 06:56:18:075 - info: [HTTP] <-- POST /wd/hub/session/100650c8-e58d-4ac6-a66b-e0b7722e1e84/elements 200 503 ms - 89 
2017-05-31 06:56:18:216 - info: [HTTP] --> POST /wd/hub/session/100650c8-e58d-4ac6-a66b-e0b7722e1e84/timeouts {"type":"implicit","ms":5000}
2017-05-31 06:56:18:216 - info: [debug] [MJSONWP] Calling AppiumDriver.timeouts() with args: ["implicit",5000,"100650c8-e58d-4ac6-a66b-e0b7722e1e84"]
2017-05-31 06:56:18:216 - info: [debug] [BaseDriver] Set implicit wait to 5000ms
2017-05-31 06:56:18:216 - info: [debug] [MJSONWP] Responding to client with driver.timeouts() result: null
2017-05-31 06:56:18:216 - info: [HTTP] <-- POST /wd/hub/session/100650c8-e58d-4ac6-a66b-e0b7722e1e84/timeouts 200 3 ms - 76 
2017-05-31 06:56:18:231 - info: [HTTP] --> POST /wd/hub/session/100650c8-e58d-4ac6-a66b-e0b7722e1e84/element/3/value {"id":"3","value":["18521035133"]}
2017-05-31 06:56:18:231 - info: [debug] [MJSONWP] Calling AppiumDriver.setValue() with args: [["18521035133"],"3","100650c8-e58d-4ac6-a66b-e0b7722e1e84"]
2017-05-31 06:56:18:231 - info: [debug] [AndroidBootstrap] Sending command to android: {"cmd":"action","action":"element:setText","params":{"elementId":"3","text":"18521035133","replace":false,"unicodeKeyboard":true}}
2017-05-31 06:56:18:231 - info: [AndroidBootstrap] [BOOTSTRAP LOG] [debug] Got data from client: {"cmd":"action","action":"element:setText","params":{"elementId":"3","text":"18521035133","replace":false,"unicodeKeyboard":true}}
2017-05-31 06:56:18:231 - info: [AndroidBootstrap] [BOOTSTRAP LOG] [debug] Got command of type ACTION
2017-05-31 06:56:18:231 - info: [AndroidBootstrap] [BOOTSTRAP LOG] [debug] Got command action: setText
2017-05-31 06:56:18:231 - info: [AndroidBootstrap] [BOOTSTRAP LOG] [debug] Using element passed in: 3
2017-05-31 06:56:18:310 - info: [AndroidBootstrap] [BOOTSTRAP LOG] [debug] Attempting to clear using UiObject.clearText().
2017-05-31 06:56:20:966 - info: [AndroidBootstrap] [BOOTSTRAP LOG] [debug] Text remains after clearing, but it appears to be hint text.
2017-05-31 06:56:20:999 - info: [AndroidBootstrap] [BOOTSTRAP LOG] [debug] Text not cleared. Assuming remainder is hint text.
2017-05-31 06:56:20:999 - info: [AndroidBootstrap] [BOOTSTRAP LOG] [debug] Sending plain text to element: 18521035133
2017-05-31 06:56:23:743 - info: [AndroidBootstrap] [BOOTSTRAP LOG] [debug] Returning result: {"value":true,"status":0}
2017-05-31 06:56:23:743 - info: [debug] [AndroidBootstrap] Received command result from bootstrap
2017-05-31 06:56:23:743 - info: [debug] [MJSONWP] Responding to client with driver.setValue() result: true
2017-05-31 06:56:23:743 - info: [HTTP] <-- POST /wd/hub/session/100650c8-e58d-4ac6-a66b-e0b7722e1e84/element/3/value 200 5517 ms - 76 
2017-05-31 06:56:23:806 - info: [HTTP] --> POST /wd/hub/session/100650c8-e58d-4ac6-a66b-e0b7722e1e84/timeouts {"type":"implicit","ms":0}
2017-05-31 06:56:23:806 - info: [debug] [MJSONWP] Calling AppiumDriver.timeouts() with args: ["implicit",0,"100650c8-e58d-4ac6-a66b-e0b7722e1e84"]
2017-05-31 06:56:23:806 - info: [debug] [BaseDriver] Set implicit wait to 0ms
2017-05-31 06:56:23:806 - info: [debug] [MJSONWP] Responding to client with driver.timeouts() result: null
2017-05-31 06:56:23:806 - info: [HTTP] <-- POST /wd/hub/session/100650c8-e58d-4ac6-a66b-e0b7722e1e84/timeouts 200 7 ms - 76 
2017-05-31 06:56:23:838 - info: [HTTP] --> GET /wd/hub/session/100650c8-e58d-4ac6-a66b-e0b7722e1e84/context {}
2017-05-31 06:56:23:838 - info: [debug] [MJSONWP] Calling AppiumDriver.getCurrentContext() with args: ["100650c8-e58d-4ac6-a66b-e0b7722e1e84"]
2017-05-31 06:56:23:838 - info: [debug] [MJSONWP] Responding to client with driver.getCurrentContext() result: "NATIVE_APP"
2017-05-31 06:56:23:838 - info: [HTTP] <-- GET /wd/hub/session/100650c8-e58d-4ac6-a66b-e0b7722e1e84/context 200 2 ms - 84 
2017-05-31 06:56:23:853 - info: [HTTP] --> POST /wd/hub/session/100650c8-e58d-4ac6-a66b-e0b7722e1e84/elements {"using":"id","value":"com.play.android:id/et_password"}
2017-05-31 06:56:23:853 - info: [debug] [MJSONWP] Calling AppiumDriver.findElements() with args: ["id","com.play.android:id/et_password","100650c8-e58d-4ac6-a66b-e0b7722e1e84"]
2017-05-31 06:56:23:853 - info: [debug] [BaseDriver] Valid locator strategies for this request: xpath, id, class name, accessibility id, -android uiautomator
2017-05-31 06:56:23:853 - info: [debug] [BaseDriver] Valid locator strategies for this request: xpath, id, class name, accessibility id, -android uiautomator
2017-05-31 06:56:23:853 - info: [debug] [BaseDriver] Waiting up to 0 ms for condition
2017-05-31 06:56:23:853 - info: [debug] [AndroidBootstrap] Sending command to android: {"cmd":"action","action":"find","params":{"strategy":"id","selector":"com.play.android:id/et_password","context":"","multiple":true}}
2017-05-31 06:56:23:869 - info: [AndroidBootstrap] [BOOTSTRAP LOG] [debug] Got data from client: {"cmd":"action","action":"find","params":{"strategy":"id","selector":"com.play.android:id/et_password","context":"","multiple":true}}
2017-05-31 06:56:23:869 - info: [AndroidBootstrap] [BOOTSTRAP LOG] [debug] Got command of type ACTION
2017-05-31 06:56:23:869 - info: [AndroidBootstrap] [BOOTSTRAP LOG] [debug] Got command action: find
2017-05-31 06:56:23:869 - info: [AndroidBootstrap] [BOOTSTRAP LOG] [debug] Finding 'com.play.android:id/et_password' using 'ID' with the contextId: '' multiple: true
2017-05-31 06:56:23:869 - info: [AndroidBootstrap] [BOOTSTRAP LOG] [debug] Using: UiSelector[RESOURCE_ID=com.play.android:id/et_password]
2017-05-31 06:56:23:869 - info: [AndroidBootstrap] [BOOTSTRAP LOG] [debug] getElements selector:UiSelector[RESOURCE_ID=com.play.android:id/et_password]
2017-05-31 06:56:23:869 - info: [AndroidBootstrap] [BOOTSTRAP LOG] [debug] Element[] is null: (0)
2017-05-31 06:56:23:869 - info: [AndroidBootstrap] [BOOTSTRAP LOG] [debug] getElements tmp selector:UiSelector[INSTANCE=0, RESOURCE_ID=com.play.android:id/et_password]
2017-05-31 06:56:24:292 - info: [AndroidBootstrap] [BOOTSTRAP LOG] [debug] Element[] is null: (1)
2017-05-31 06:56:24:292 - info: [AndroidBootstrap] [BOOTSTRAP LOG] [debug] getElements tmp selector:UiSelector[INSTANCE=1, RESOURCE_ID=com.play.android:id/et_password]
2017-05-31 06:56:24:331 - info: [AndroidBootstrap] [BOOTSTRAP LOG] [debug] Returning result: {"value":[{"ELEMENT":"4"}],"status":0}
2017-05-31 06:56:24:332 - info: [debug] [AndroidBootstrap] Received command result from bootstrap
2017-05-31 06:56:24:333 - info: [debug] [MJSONWP] Responding to client with driver.findElements() result: [{"ELEMENT":"4"}]
2017-05-31 06:56:24:334 - info: [HTTP] <-- POST /wd/hub/session/100650c8-e58d-4ac6-a66b-e0b7722e1e84/elements 200 479 ms - 89 
2017-05-31 06:56:24:425 - info: [HTTP] --> POST /wd/hub/session/100650c8-e58d-4ac6-a66b-e0b7722e1e84/timeouts {"type":"implicit","ms":5000}
2017-05-31 06:56:24:426 - info: [debug] [MJSONWP] Calling AppiumDriver.timeouts() with args: ["implicit",5000,"100650c8-e58d-4ac6-a66b-e0b7722e1e84"]
2017-05-31 06:56:24:427 - info: [debug] [BaseDriver] Set implicit wait to 5000ms
2017-05-31 06:56:24:428 - info: [debug] [MJSONWP] Responding to client with driver.timeouts() result: null
2017-05-31 06:56:24:429 - info: [HTTP] <-- POST /wd/hub/session/100650c8-e58d-4ac6-a66b-e0b7722e1e84/timeouts 200 3 ms - 76 
2017-05-31 06:56:24:442 - info: [HTTP] --> POST /wd/hub/session/100650c8-e58d-4ac6-a66b-e0b7722e1e84/element/4/value {"id":"4","value":["111111"]}
2017-05-31 06:56:24:443 - info: [debug] [MJSONWP] Calling AppiumDriver.setValue() with args: [["111111"],"4","100650c8-e58d-4ac6-a66b-e0b7722e1e84"]
2017-05-31 06:56:24:444 - info: [debug] [AndroidBootstrap] Sending command to android: {"cmd":"action","action":"element:setText","params":{"elementId":"4","text":"111111","replace":false,"unicodeKeyboard":true}}
2017-05-31 06:56:24:451 - info: [AndroidBootstrap] [BOOTSTRAP LOG] [debug] Got data from client: {"cmd":"action","action":"element:setText","params":{"elementId":"4","text":"111111","replace":false,"unicodeKeyboard":true}}
2017-05-31 06:56:24:456 - info: [AndroidBootstrap] [BOOTSTRAP LOG] [debug] Got command of type ACTION
2017-05-31 06:56:24:456 - info: [AndroidBootstrap] [BOOTSTRAP LOG] [debug] Got command action: setText
2017-05-31 06:56:24:456 - info: [AndroidBootstrap] [BOOTSTRAP LOG] [debug] Using element passed in: 4
2017-05-31 06:56:24:471 - info: [AndroidBootstrap] [BOOTSTRAP LOG] [debug] Attempting to clear using UiObject.clearText().
2017-05-31 06:56:26:934 - info: [AndroidBootstrap] [BOOTSTRAP LOG] [debug] Sending plain text to element: 111111
2017-05-31 06:56:29:463 - info: [AndroidBootstrap] [BOOTSTRAP LOG] [debug] Returning result: {"value":true,"status":0}
2017-05-31 06:56:29:463 - info: [debug] [AndroidBootstrap] Received command result from bootstrap
2017-05-31 06:56:29:463 - info: [debug] [MJSONWP] Responding to client with driver.setValue() result: true
2017-05-31 06:56:29:463 - info: [HTTP] <-- POST /wd/hub/session/100650c8-e58d-4ac6-a66b-e0b7722e1e84/element/4/value 200 5034 ms - 76 
2017-05-31 06:56:29:532 - info: [HTTP] --> POST /wd/hub/session/100650c8-e58d-4ac6-a66b-e0b7722e1e84/timeouts {"type":"implicit","ms":0}
2017-05-31 06:56:29:532 - info: [debug] [MJSONWP] Calling AppiumDriver.timeouts() with args: ["implicit",0,"100650c8-e58d-4ac6-a66b-e0b7722e1e84"]
2017-05-31 06:56:29:532 - info: [debug] [BaseDriver] Set implicit wait to 0ms
2017-05-31 06:56:29:532 - info: [debug] [MJSONWP] Responding to client with driver.timeouts() result: null
2017-05-31 06:56:29:532 - info: [HTTP] <-- POST /wd/hub/session/100650c8-e58d-4ac6-a66b-e0b7722e1e84/timeouts 200 3 ms - 76 
2017-05-31 06:56:29:548 - info: [HTTP] --> GET /wd/hub/session/100650c8-e58d-4ac6-a66b-e0b7722e1e84/context {}
2017-05-31 06:56:29:548 - info: [debug] [MJSONWP] Calling AppiumDriver.getCurrentContext() with args: ["100650c8-e58d-4ac6-a66b-e0b7722e1e84"]
2017-05-31 06:56:29:548 - info: [debug] [MJSONWP] Responding to client with driver.getCurrentContext() result: "NATIVE_APP"
2017-05-31 06:56:29:548 - info: [HTTP] <-- GET /wd/hub/session/100650c8-e58d-4ac6-a66b-e0b7722e1e84/context 200 5 ms - 84 
2017-05-31 06:56:29:563 - info: [HTTP] --> POST /wd/hub/session/100650c8-e58d-4ac6-a66b-e0b7722e1e84/elements {"using":"id","value":"com.play.android:id/btn_login"}
2017-05-31 06:56:29:563 - info: [debug] [MJSONWP] Calling AppiumDriver.findElements() with args: ["id","com.play.android:id/btn_login","100650c8-e58d-4ac6-a66b-e0b7722e1e84"]
2017-05-31 06:56:29:563 - info: [debug] [BaseDriver] Valid locator strategies for this request: xpath, id, class name, accessibility id, -android uiautomator
2017-05-31 06:56:29:563 - info: [debug] [BaseDriver] Valid locator strategies for this request: xpath, id, class name, accessibility id, -android uiautomator
2017-05-31 06:56:29:563 - info: [debug] [BaseDriver] Waiting up to 0 ms for condition
2017-05-31 06:56:29:563 - info: [debug] [AndroidBootstrap] Sending command to android: {"cmd":"action","action":"find","params":{"strategy":"id","selector":"com.play.android:id/btn_login","context":"","multiple":true}}
2017-05-31 06:56:29:563 - info: [AndroidBootstrap] [BOOTSTRAP LOG] [debug] Got data from client: {"cmd":"action","action":"find","params":{"strategy":"id","selector":"com.play.android:id/btn_login","context":"","multiple":true}}
2017-05-31 06:56:29:563 - info: [AndroidBootstrap] [BOOTSTRAP LOG] [debug] Got command of type ACTION
2017-05-31 06:56:29:563 - info: [AndroidBootstrap] [BOOTSTRAP LOG] [debug] Got command action: find
2017-05-31 06:56:29:563 - info: [AndroidBootstrap] [BOOTSTRAP LOG] [debug] Finding 'com.play.android:id/btn_login' using 'ID' with the contextId: '' multiple: true
2017-05-31 06:56:29:563 - info: [AndroidBootstrap] [BOOTSTRAP LOG] [debug] Using: UiSelector[RESOURCE_ID=com.play.android:id/btn_login]
2017-05-31 06:56:29:563 - info: [AndroidBootstrap] [BOOTSTRAP LOG] [debug] getElements selector:UiSelector[RESOURCE_ID=com.play.android:id/btn_login]
2017-05-31 06:56:29:563 - info: [AndroidBootstrap] [BOOTSTRAP LOG] [debug] Element[] is null: (0)
2017-05-31 06:56:29:563 - info: [AndroidBootstrap] [BOOTSTRAP LOG] [debug] getElements tmp selector:UiSelector[INSTANCE=0, RESOURCE_ID=com.play.android:id/btn_login]
2017-05-31 06:56:30:002 - info: [AndroidBootstrap] [BOOTSTRAP LOG] [debug] Element[] is null: (1)
2017-05-31 06:56:30:002 - info: [AndroidBootstrap] [BOOTSTRAP LOG] [debug] getElements tmp selector:UiSelector[INSTANCE=1, RESOURCE_ID=com.play.android:id/btn_login]
2017-05-31 06:56:30:065 - info: [AndroidBootstrap] [BOOTSTRAP LOG] [debug] Returning result: {"value":[{"ELEMENT":"5"}],"status":0}
2017-05-31 06:56:30:065 - info: [debug] [AndroidBootstrap] Received command result from bootstrap
2017-05-31 06:56:30:065 - info: [debug] [MJSONWP] Responding to client with driver.findElements() result: [{"ELEMENT":"5"}]
2017-05-31 06:56:30:065 - info: [HTTP] <-- POST /wd/hub/session/100650c8-e58d-4ac6-a66b-e0b7722e1e84/elements 200 513 ms - 89 
2017-05-31 06:56:30:205 - info: [HTTP] --> POST /wd/hub/session/100650c8-e58d-4ac6-a66b-e0b7722e1e84/timeouts {"type":"implicit","ms":5000}
2017-05-31 06:56:30:205 - info: [debug] [MJSONWP] Calling AppiumDriver.timeouts() with args: ["implicit",5000,"100650c8-e58d-4ac6-a66b-e0b7722e1e84"]
2017-05-31 06:56:30:205 - info: [debug] [BaseDriver] Set implicit wait to 5000ms
2017-05-31 06:56:30:205 - info: [debug] [MJSONWP] Responding to client with driver.timeouts() result: null
2017-05-31 06:56:30:205 - info: [HTTP] <-- POST /wd/hub/session/100650c8-e58d-4ac6-a66b-e0b7722e1e84/timeouts 200 12 ms - 76 
2017-05-31 06:56:30:236 - info: [HTTP] --> POST /wd/hub/session/100650c8-e58d-4ac6-a66b-e0b7722e1e84/element/5/click {"id":"5"}
2017-05-31 06:56:30:236 - info: [debug] [MJSONWP] Calling AppiumDriver.click() with args: ["5","100650c8-e58d-4ac6-a66b-e0b7722e1e84"]
2017-05-31 06:56:30:236 - info: [debug] [AndroidBootstrap] Sending command to android: {"cmd":"action","action":"element:click","params":{"elementId":"5"}}
2017-05-31 06:56:30:236 - info: [AndroidBootstrap] [BOOTSTRAP LOG] [debug] Got data from client: {"cmd":"action","action":"element:click","params":{"elementId":"5"}}
2017-05-31 06:56:30:236 - info: [AndroidBootstrap] [BOOTSTRAP LOG] [debug] Got command of type ACTION
2017-05-31 06:56:30:236 - info: [AndroidBootstrap] [BOOTSTRAP LOG] [debug] Got command action: click
2017-05-31 06:56:30:408 - info: [AndroidBootstrap] [BOOTSTRAP LOG] [debug] Returning result: {"value":true,"status":0}
2017-05-31 06:56:30:408 - info: [debug] [AndroidBootstrap] Received command result from bootstrap
2017-05-31 06:56:30:408 - info: [debug] [MJSONWP] Responding to client with driver.click() result: true
2017-05-31 06:56:30:408 - info: [HTTP] <-- POST /wd/hub/session/100650c8-e58d-4ac6-a66b-e0b7722e1e84/element/5/click 200 184 ms - 76 
2017-05-31 06:56:30:439 - info: [HTTP] --> GET /wd/hub/session/100650c8-e58d-4ac6-a66b-e0b7722e1e84/appium/device/current_activity {}
2017-05-31 06:56:30:439 - info: [debug] [MJSONWP] Calling AppiumDriver.getCurrentActivity() with args: ["100650c8-e58d-4ac6-a66b-e0b7722e1e84"]
2017-05-31 06:56:30:439 - info: [debug] [ADB] Getting focused package and activity
2017-05-31 06:56:30:439 - info: [debug] [ADB] Getting connected devices...
2017-05-31 06:56:30:470 - info: [debug] [ADB] 1 device(s) connected
2017-05-31 06:56:30:470 - info: [debug] [ADB] Running 'D:\SoftWare\SDK\platform-tools\adb.exe' with args: ["-P",5037,"-s","022TAS7N51009853","shell","dumpsys","window","windows"]
2017-05-31 06:56:30:564 - info: [debug] [MJSONWP] Responding to client with driver.getCurrentActivity() result: ".activity.member.LoginActivity"
2017-05-31 06:56:30:564 - info: [HTTP] <-- GET /wd/hub/session/100650c8-e58d-4ac6-a66b-e0b7722e1e84/appium/device/current_activity 200 128 ms - 104 
2017-05-31 06:56:31:594 - info: [HTTP] --> GET /wd/hub/session/100650c8-e58d-4ac6-a66b-e0b7722e1e84/appium/device/current_activity {}
2017-05-31 06:56:31:594 - info: [debug] [MJSONWP] Calling AppiumDriver.getCurrentActivity() with args: ["100650c8-e58d-4ac6-a66b-e0b7722e1e84"]
2017-05-31 06:56:31:594 - info: [debug] [ADB] Getting focused package and activity
2017-05-31 06:56:31:594 - info: [debug] [ADB] Getting connected devices...
2017-05-31 06:56:31:642 - info: [debug] [ADB] 1 device(s) connected
2017-05-31 06:56:31:642 - info: [debug] [ADB] Running 'D:\SoftWare\SDK\platform-tools\adb.exe' with args: ["-P",5037,"-s","022TAS7N51009853","shell","dumpsys","window","windows"]
2017-05-31 06:56:31:689 - info: [debug] [MJSONWP] Responding to client with driver.getCurrentActivity() result: ".activity.main.HomeActivity"
2017-05-31 06:56:31:689 - info: [HTTP] <-- GET /wd/hub/session/100650c8-e58d-4ac6-a66b-e0b7722e1e84/appium/device/current_activity 200 104 ms - 101 
2017-05-31 06:56:31:706 - info: [HTTP] --> POST /wd/hub/session/100650c8-e58d-4ac6-a66b-e0b7722e1e84/appium/app/close {}
2017-05-31 06:56:31:706 - info: [debug] [MJSONWP] Calling AppiumDriver.closeApp() with args: ["100650c8-e58d-4ac6-a66b-e0b7722e1e84"]
2017-05-31 06:56:31:706 - info: [debug] [ADB] Getting connected devices...
2017-05-31 06:56:31:737 - info: [debug] [ADB] 1 device(s) connected
2017-05-31 06:56:31:737 - info: [debug] [ADB] Running 'D:\SoftWare\SDK\platform-tools\adb.exe' with args: ["-P",5037,"-s","022TAS7N51009853","shell","am","force-stop","com.play.android"]
2017-05-31 06:56:32:688 - info: [debug] [MJSONWP] Responding to client with driver.closeApp() result: null
2017-05-31 06:56:32:688 - info: [HTTP] <-- POST /wd/hub/session/100650c8-e58d-4ac6-a66b-e0b7722e1e84/appium/app/close 200 992 ms - 76 
