2017-05-31 09:03:06:687 - info: [Appium] Welcome to Appium v1.6.5
2017-05-31 09:03:06:691 - info: [Appium] Non-default server args:
2017-05-31 09:03:06:692 - info: [Appium]   address: 127.0.0.1
2017-05-31 09:03:06:693 - info: [Appium]   log: D:\workSpace\EclipseProjects\AppiumForEclipse\log\1496221380456.log
2017-05-31 09:03:06:760 - info: [Appium] Appium REST http interface listener started on 127.0.0.1:4723
2017-05-31 09:03:07:526 - info: [HTTP] --> GET /wd/hub/status {}
2017-05-31 09:03:07:529 - info: [debug] [MJSONWP] Calling AppiumDriver.getStatus() with args: []
2017-05-31 09:03:07:579 - info: [debug] [MJSONWP] Responding to client with driver.getStatus() result: {"build":{"version":"1.6.5","revision":null}}
2017-05-31 09:03:07:586 - info: [HTTP] <-- GET /wd/hub/status 200 57 ms - 83 
2017-05-31 09:03:07:590 - info: [HTTP] --> GET /wd/hub/status {}
2017-05-31 09:03:07:590 - info: [debug] [MJSONWP] Calling AppiumDriver.getStatus() with args: []
2017-05-31 09:03:07:629 - info: [debug] [MJSONWP] Responding to client with driver.getStatus() result: {"build":{"version":"1.6.5","revision":null}}
2017-05-31 09:03:07:632 - info: [HTTP] <-- GET /wd/hub/status 200 41 ms - 83 
2017-05-31 09:03:08:275 - info: [HTTP] --> POST /wd/hub/session {"desiredCapabilities":{"app":"D:\\workSpace\\EclipseProjects\\AppiumForEclipse\\apps\\play.apk","noSign":"True","browserName":"","unicodeKeyboard":"True","platformName":"Android","deviceName":"022TAS7N51009853","resetKeyboard":"True"}}
2017-05-31 09:03:08:276 - info: [debug] [MJSONWP] Calling AppiumDriver.createSession() with args: [{"app":"D:\\workSpace\\EclipseProjects\\AppiumForEclipse\\apps\\play.apk","noSign":"True","browserName":"","unicodeKeyboard":"True","platformName":"Android","deviceName":"022TAS7N51009853","resetKeyboard":"True"},null,null]
2017-05-31 09:03:08:277 - info: [debug] [BaseDriver] Event 'newSessionRequested' logged at 1496221388276 (17:03:08 GMT+0800 (中国标准时间))
2017-05-31 09:03:08:279 - info: [Appium] Creating new AndroidDriver (v1.20.0) session
2017-05-31 09:03:08:279 - info: [Appium] Capabilities:
2017-05-31 09:03:08:282 - info: [Appium]   app: 'D:\\workSpace\\EclipseProjects\\AppiumForEclipse\\apps\\play.apk'
2017-05-31 09:03:08:282 - info: [Appium]   noSign: 'True'
2017-05-31 09:03:08:282 - info: [Appium]   browserName: ''
2017-05-31 09:03:08:282 - info: [Appium]   unicodeKeyboard: 'True'
2017-05-31 09:03:08:283 - info: [Appium]   platformName: 'Android'
2017-05-31 09:03:08:283 - info: [Appium]   deviceName: '022TAS7N51009853'
2017-05-31 09:03:08:283 - info: [Appium]   resetKeyboard: 'True'
2017-05-31 09:03:08:285 - info: [debug] [AndroidDriver] AndroidDriver version: 1.20.0
2017-05-31 09:03:08:290 - warn: [BaseDriver] Capability 'unicodeKeyboard' changed from string to boolean. This may cause unexpected behavior
2017-05-31 09:03:08:290 - warn: [BaseDriver] Capability 'resetKeyboard' changed from string to boolean. This may cause unexpected behavior
2017-05-31 09:03:08:291 - warn: [BaseDriver] Capability 'noSign' changed from string to boolean. This may cause unexpected behavior
2017-05-31 09:03:08:305 - info: [BaseDriver] Session created with session id: 3da3ac65-7db6-44e4-9aa4-89fa486b8335
2017-05-31 09:03:08:308 - info: [debug] [AndroidDriver] Getting Java version
2017-05-31 09:03:08:422 - info: [AndroidDriver] Java version is: 1.8.0_121
2017-05-31 09:03:08:427 - info: [ADB] Checking whether adb is present
2017-05-31 09:03:08:431 - info: [ADB] Using adb.exe from D:\SoftWare\SDK\platform-tools\adb.exe
2017-05-31 09:03:08:431 - info: [AndroidDriver] Retrieving device list
2017-05-31 09:03:08:432 - info: [debug] [ADB] Trying to find a connected android device
2017-05-31 09:03:08:433 - info: [debug] [ADB] Getting connected devices...
2017-05-31 09:03:08:457 - info: [debug] [ADB] 1 device(s) connected
2017-05-31 09:03:08:457 - info: [AndroidDriver] Using device: 85GBBMA2353T
2017-05-31 09:03:08:458 - info: [ADB] Checking whether adb is present
2017-05-31 09:03:08:461 - info: [ADB] Using adb.exe from D:\SoftWare\SDK\platform-tools\adb.exe
2017-05-31 09:03:08:462 - info: [debug] [ADB] Setting device id to 85GBBMA2353T
2017-05-31 09:03:08:463 - info: [BaseDriver] Using local app 'D:\workSpace\EclipseProjects\AppiumForEclipse\apps\play.apk'
2017-05-31 09:03:08:463 - info: [debug] [AndroidDriver] Checking whether app is actually present
2017-05-31 09:03:08:465 - info: [AndroidDriver] Starting Android session
2017-05-31 09:03:08:468 - info: [debug] [ADB] Running 'D:\SoftWare\SDK\platform-tools\adb.exe' with args: ["-P",5037,"-s","85GBBMA2353T","wait-for-device"]
2017-05-31 09:03:08:494 - info: [debug] [ADB] Getting connected devices...
2017-05-31 09:03:08:518 - info: [debug] [ADB] 1 device(s) connected
2017-05-31 09:03:08:519 - info: [debug] [ADB] Running 'D:\SoftWare\SDK\platform-tools\adb.exe' with args: ["-P",5037,"-s","85GBBMA2353T","shell","echo","ping"]
2017-05-31 09:03:08:558 - info: [debug] [Logcat] Starting logcat capture
2017-05-31 09:03:08:601 - info: [debug] [AndroidDriver] Enabling Unicode keyboard support
2017-05-31 09:03:08:601 - info: [debug] [AndroidDriver] Pushing unicode ime to device...
2017-05-31 09:03:08:602 - info: [debug] [ADB] Running 'D:\SoftWare\SDK\platform-tools\adb.exe' with args: ["-P",5037,"-s","85GBBMA2353T","install","D:\\MyProgram\\nodejs\\node_modules\\appium\\node_modules\\appium-android-ime\\bin\\UnicodeIME-debug.apk"]
2017-05-31 09:03:09:394 - info: [debug] [ADB] Getting connected devices...
2017-05-31 09:03:09:427 - info: [debug] [ADB] 1 device(s) connected
2017-05-31 09:03:09:428 - info: [debug] [ADB] Running 'D:\SoftWare\SDK\platform-tools\adb.exe' with args: ["-P",5037,"-s","85GBBMA2353T","shell","settings","get","secure","default_input_method"]
2017-05-31 09:03:10:154 - info: [debug] [AndroidDriver] Unsetting previous IME com.iflytek.inputmethod/.FlyIME
2017-05-31 09:03:10:155 - info: [debug] [AndroidDriver] Setting IME to 'io.appium.android.ime/.UnicodeIME'
2017-05-31 09:03:10:159 - info: [debug] [ADB] Getting connected devices...
2017-05-31 09:03:10:203 - info: [debug] [ADB] 1 device(s) connected
2017-05-31 09:03:10:204 - info: [debug] [ADB] Running 'D:\SoftWare\SDK\platform-tools\adb.exe' with args: ["-P",5037,"-s","85GBBMA2353T","shell","ime","enable","io.appium.android.ime/.UnicodeIME"]
2017-05-31 09:03:10:939 - info: [debug] [ADB] Getting connected devices...
2017-05-31 09:03:10:980 - info: [debug] [ADB] 1 device(s) connected
2017-05-31 09:03:10:980 - info: [debug] [ADB] Running 'D:\SoftWare\SDK\platform-tools\adb.exe' with args: ["-P",5037,"-s","85GBBMA2353T","shell","ime","set","io.appium.android.ime/.UnicodeIME"]
2017-05-31 09:03:11:772 - info: [debug] [AndroidDriver] Pushing settings apk to device...
2017-05-31 09:03:11:778 - info: [debug] [ADB] Getting install status for io.appium.settings
2017-05-31 09:03:11:778 - info: [debug] [ADB] Getting connected devices...
2017-05-31 09:03:11:812 - info: [debug] [ADB] 1 device(s) connected
2017-05-31 09:03:11:813 - info: [debug] [ADB] Running 'D:\SoftWare\SDK\platform-tools\adb.exe' with args: ["-P",5037,"-s","85GBBMA2353T","shell","pm","list","packages","io.appium.settings"]
2017-05-31 09:03:12:314 - info: [debug] [ADB] App is not installed
2017-05-31 09:03:12:315 - info: [debug] [ADB] Running 'D:\SoftWare\SDK\platform-tools\adb.exe' with args: ["-P",5037,"-s","85GBBMA2353T","install","D:\\MyProgram\\nodejs\\node_modules\\appium\\node_modules\\io.appium.settings\\app\\build\\outputs\\apk\\settings_apk-debug.apk"]
2017-05-31 09:03:13:189 - info: [debug] [ADB] Getting connected devices...
2017-05-31 09:03:13:232 - info: [debug] [ADB] 1 device(s) connected
2017-05-31 09:03:13:232 - info: [debug] [ADB] Running 'D:\SoftWare\SDK\platform-tools\adb.exe' with args: ["-P",5037,"-s","85GBBMA2353T","shell","getprop","ro.build.version.sdk"]
2017-05-31 09:03:13:298 - info: [debug] [ADB] Device API level: 22
2017-05-31 09:03:13:299 - info: [debug] [ADB] Getting connected devices...
2017-05-31 09:03:13:325 - info: [debug] [ADB] 1 device(s) connected
2017-05-31 09:03:13:325 - info: [debug] [ADB] Running 'D:\SoftWare\SDK\platform-tools\adb.exe' with args: ["-P",5037,"-s","85GBBMA2353T","shell","dumpsys","package","io.appium.settings"]
2017-05-31 09:03:13:395 - info: [debug] [AndroidDriver] Pushing unlock helper app to device...
2017-05-31 09:03:13:397 - info: [debug] [ADB] Running 'D:\SoftWare\SDK\platform-tools\adb.exe' with args: ["-P",5037,"-s","85GBBMA2353T","install","D:\\MyProgram\\nodejs\\node_modules\\appium\\node_modules\\appium-unlock\\bin\\unlock_apk-debug.apk"]
2017-05-31 09:03:14:179 - info: [debug] [ADB] Device API level: 22
2017-05-31 09:03:14:180 - info: [debug] [ADB] Getting connected devices...
2017-05-31 09:03:14:222 - info: [debug] [ADB] 1 device(s) connected
2017-05-31 09:03:14:223 - info: [debug] [ADB] Running 'D:\SoftWare\SDK\platform-tools\adb.exe' with args: ["-P",5037,"-s","85GBBMA2353T","shell","settings","put","secure","mock_location","1"]
2017-05-31 09:03:15:026 - info: [ADB] Getting device platform version
2017-05-31 09:03:15:027 - info: [debug] [ADB] Getting connected devices...
2017-05-31 09:03:15:065 - info: [debug] [ADB] 1 device(s) connected
2017-05-31 09:03:15:066 - info: [debug] [ADB] Running 'D:\SoftWare\SDK\platform-tools\adb.exe' with args: ["-P",5037,"-s","85GBBMA2353T","shell","getprop","ro.build.version.release"]
2017-05-31 09:03:15:121 - info: [debug] [ADB] Getting connected devices...
2017-05-31 09:03:15:146 - info: [debug] [ADB] 1 device(s) connected
2017-05-31 09:03:15:147 - info: [debug] [ADB] Running 'D:\SoftWare\SDK\platform-tools\adb.exe' with args: ["-P",5037,"-s","85GBBMA2353T","shell","wm","size"]
2017-05-31 09:03:15:933 - info: [debug] [ADB] Getting connected devices...
2017-05-31 09:03:15:980 - info: [debug] [ADB] 1 device(s) connected
2017-05-31 09:03:15:980 - info: [debug] [ADB] Running 'D:\SoftWare\SDK\platform-tools\adb.exe' with args: ["-P",5037,"-s","85GBBMA2353T","shell","getprop","ro.product.model"]
2017-05-31 09:03:16:027 - info: [debug] [ADB] Current device property 'ro.product.model': MX5
2017-05-31 09:03:16:027 - info: [debug] [ADB] Getting connected devices...
2017-05-31 09:03:16:058 - info: [debug] [ADB] 1 device(s) connected
2017-05-31 09:03:16:058 - info: [debug] [ADB] Running 'D:\SoftWare\SDK\platform-tools\adb.exe' with args: ["-P",5037,"-s","85GBBMA2353T","shell","getprop","ro.product.manufacturer"]
2017-05-31 09:03:16:121 - info: [debug] [ADB] Current device property 'ro.product.manufacturer': Meizu
2017-05-31 09:03:16:121 - info: [debug] [AndroidDriver] Parsing package and activity from app manifest
2017-05-31 09:03:16:121 - info: [ADB] Checking whether aapt is present
2017-05-31 09:03:16:121 - info: [ADB] Using aapt.exe from D:\SoftWare\SDK\build-tools\24.0.3\aapt.exe
2017-05-31 09:03:16:121 - info: [ADB] Extracting package and launch activity from manifest
2017-05-31 09:03:16:153 - info: [debug] [ADB] badging package: com.tude.android
2017-05-31 09:03:16:153 - info: [debug] [ADB] badging act: com.tude.android.activity.SplashActivity
2017-05-31 09:03:16:153 - info: [debug] [AndroidDriver] Parsed package and activity are: com.tude.android/com.tude.android.activity.SplashActivity
2017-05-31 09:03:16:277 - info: [AndroidDriver] Remote apk path is /data/local/tmp/c5cb22fdd9b4ba7448447108c0ba77c0.apk
2017-05-31 09:03:16:277 - info: [debug] [ADB] Getting connected devices...
2017-05-31 09:03:16:293 - info: [debug] [ADB] 1 device(s) connected
2017-05-31 09:03:16:293 - info: [debug] [ADB] Running 'D:\SoftWare\SDK\platform-tools\adb.exe' with args: ["-P",5037,"-s","85GBBMA2353T","shell","ls","/data/local/tmp/c5cb22fdd9b4ba7448447108c0ba77c0.apk"]
2017-05-31 09:03:16:371 - info: [debug] [AndroidDriver] Checking if app is installed
2017-05-31 09:03:16:371 - info: [debug] [ADB] Getting install status for com.tude.android
2017-05-31 09:03:16:371 - info: [debug] [ADB] Getting connected devices...
2017-05-31 09:03:16:387 - info: [debug] [ADB] 1 device(s) connected
2017-05-31 09:03:16:402 - info: [debug] [ADB] Running 'D:\SoftWare\SDK\platform-tools\adb.exe' with args: ["-P",5037,"-s","85GBBMA2353T","shell","pm","list","packages","com.tude.android"]
2017-05-31 09:03:16:917 - info: [debug] [ADB] App is installed
2017-05-31 09:03:16:917 - info: [AndroidDriver] Apk is already on remote and installed, resetting
2017-05-31 09:03:16:917 - info: [debug] [AndroidDriver] Running fast reset (stop and clear)
2017-05-31 09:03:16:917 - info: [debug] [ADB] Getting connected devices...
2017-05-31 09:03:16:964 - info: [debug] [ADB] 1 device(s) connected
2017-05-31 09:03:16:964 - info: [debug] [ADB] Running 'D:\SoftWare\SDK\platform-tools\adb.exe' with args: ["-P",5037,"-s","85GBBMA2353T","shell","am","force-stop","com.tude.android"]
2017-05-31 09:03:17:635 - info: [debug] [ADB] Getting connected devices...
2017-05-31 09:03:17:667 - info: [debug] [ADB] 1 device(s) connected
2017-05-31 09:03:17:682 - info: [debug] [ADB] Running 'D:\SoftWare\SDK\platform-tools\adb.exe' with args: ["-P",5037,"-s","85GBBMA2353T","shell","pm","clear","com.tude.android"]
2017-05-31 09:03:18:213 - info: [debug] [AndroidDriver] Extracting strings from apk D:\workSpace\EclipseProjects\AppiumForEclipse\apps\play.apk null C:\Users\ADMINI~1\AppData\Local\Temp\com.tude.android
2017-05-31 09:03:18:213 - info: [debug] [ADB] Extracting strings for language: default
2017-05-31 09:03:18:213 - info: [debug] [ADB] Device API level: 22
2017-05-31 09:03:18:213 - info: [debug] [ADB] Getting connected devices...
2017-05-31 09:03:18:260 - info: [debug] [ADB] 1 device(s) connected
2017-05-31 09:03:18:260 - info: [debug] [ADB] Running 'D:\SoftWare\SDK\platform-tools\adb.exe' with args: ["-P",5037,"-s","85GBBMA2353T","shell","getprop","persist.sys.language"]
2017-05-31 09:03:18:306 - info: [debug] [ADB] Current device property 'persist.sys.language': zh
2017-05-31 09:03:19:495 - info: [debug] [ADB] Reading strings from converted strings.json
2017-05-31 09:03:19:511 - info: [debug] [ADB] Running 'D:\SoftWare\SDK\platform-tools\adb.exe' with args: ["-P",5037,"-s","85GBBMA2353T","push","C:\\Users\\ADMINI~1\\AppData\\Local\\Temp\\com.tude.android\\strings.json","/data/local/tmp"]
2017-05-31 09:03:19:543 - info: [debug] [AndroidBootstrap] Watching for bootstrap disconnect
2017-05-31 09:03:19:543 - info: [debug] [ADB] Forwarding system: 4724 to device: 4724
2017-05-31 09:03:19:543 - info: [debug] [ADB] Running 'D:\SoftWare\SDK\platform-tools\adb.exe' with args: ["-P",5037,"-s","85GBBMA2353T","forward","tcp:4724","tcp:4724"]
2017-05-31 09:03:19:558 - info: [debug] [UiAutomator] Starting UiAutomator
2017-05-31 09:03:19:558 - info: [debug] [UiAutomator] Moving to state 'starting'
2017-05-31 09:03:19:558 - info: [debug] [UiAutomator] Parsing uiautomator jar
2017-05-31 09:03:19:558 - info: [debug] [UiAutomator] Found jar name: 'AppiumBootstrap.jar'
2017-05-31 09:03:19:558 - info: [debug] [ADB] Running 'D:\SoftWare\SDK\platform-tools\adb.exe' with args: ["-P",5037,"-s","85GBBMA2353T","push","D:\\MyProgram\\nodejs\\node_modules\\appium\\node_modules\\appium-android-bootstrap\\bootstrap\\bin\\AppiumBootstrap.jar","/data/local/tmp/"]
2017-05-31 09:03:19:605 - info: [debug] [ADB] Attempting to kill all uiautomator processes
2017-05-31 09:03:19:605 - info: [debug] [ADB] Getting all processes with uiautomator
2017-05-31 09:03:19:605 - info: [debug] [ADB] Getting connected devices...
2017-05-31 09:03:19:636 - info: [debug] [ADB] 1 device(s) connected
2017-05-31 09:03:19:636 - info: [debug] [ADB] Running 'D:\SoftWare\SDK\platform-tools\adb.exe' with args: ["-P",5037,"-s","85GBBMA2353T","shell","ps"]
2017-05-31 09:03:19:777 - info: [ADB] No uiautomator process found to kill, continuing...
2017-05-31 09:03:19:777 - info: [debug] [UiAutomator] Starting UIAutomator
2017-05-31 09:03:19:777 - info: [debug] [ADB] Creating ADB subprocess with args: ["-P",5037,"-s","85GBBMA2353T","shell","uiautomator","runtest","AppiumBootstrap.jar","-c","io.appium.android.bootstrap.Bootstrap","-e","pkg","com.tude.android","-e","disableAndroidWatchers",false,"-e","acceptSslCerts",false]
2017-05-31 09:03:20:463 - info: [debug] [UiAutomator] Moving to state 'online'
2017-05-31 09:03:20:479 - info: [AndroidBootstrap] [BOOTSTRAP LOG] [debug] json loading complete.
2017-05-31 09:03:20:479 - info: [AndroidBootstrap] [BOOTSTRAP LOG] [debug] Registered crash watchers.
2017-05-31 09:03:20:479 - info: [AndroidBootstrap] Android bootstrap socket is now connected
2017-05-31 09:03:20:479 - info: [debug] [ADB] Getting connected devices...
2017-05-31 09:03:20:494 - info: [AndroidBootstrap] [BOOTSTRAP LOG] [debug] Client connected
2017-05-31 09:03:20:526 - info: [debug] [ADB] 1 device(s) connected
2017-05-31 09:03:20:526 - info: [debug] [ADB] Running 'D:\SoftWare\SDK\platform-tools\adb.exe' with args: ["-P",5037,"-s","85GBBMA2353T","shell","dumpsys","window"]
2017-05-31 09:03:20:605 - info: [AndroidDriver] Screen already unlocked, doing nothing
2017-05-31 09:03:20:605 - info: [debug] [ADB] Device API level: 22
2017-05-31 09:03:20:605 - info: [debug] [ADB] Getting connected devices...
2017-05-31 09:03:20:636 - info: [debug] [ADB] 1 device(s) connected
2017-05-31 09:03:20:636 - info: [debug] [ADB] Running 'D:\SoftWare\SDK\platform-tools\adb.exe' with args: ["-P",5037,"-s","85GBBMA2353T","shell","am","start","-W","-n","com.tude.android/com.tude.android.activity.SplashActivity","-S","-a","android.intent.action.MAIN","-c","android.intent.category.LAUNCHER","-f","0x10200000"]
2017-05-31 09:03:22:337 - info: [debug] [ADB] Waiting for activity matching pkg: 'com.tude.android' and activity: 'com.tude.android.activity.SplashActivity' to be focused
2017-05-31 09:03:22:337 - info: [debug] [ADB] Possible activities, to be checked: com.tude.android.activity.SplashActivity, com.tude.android.com.tude.android.activity.SplashActivity
2017-05-31 09:03:22:337 - info: [debug] [ADB] Getting focused package and activity
2017-05-31 09:03:22:337 - info: [debug] [ADB] Getting connected devices...
2017-05-31 09:03:22:369 - info: [debug] [ADB] 1 device(s) connected
2017-05-31 09:03:22:369 - info: [debug] [ADB] Running 'D:\SoftWare\SDK\platform-tools\adb.exe' with args: ["-P",5037,"-s","85GBBMA2353T","shell","dumpsys","window","windows"]
2017-05-31 09:03:22:432 - info: [debug] [ADB] Found package: 'com.tude.android' and fully qualified activity name : 'com.tude.android.activity.main.NativeVideoActivity'
2017-05-31 09:03:22:432 - info: [debug] [ADB] Incorrect package and activity. Retrying.
2017-05-31 09:03:23:197 - info: [debug] [ADB] Getting focused package and activity
2017-05-31 09:03:23:197 - info: [debug] [ADB] Getting connected devices...
2017-05-31 09:03:23:244 - info: [debug] [ADB] 1 device(s) connected
2017-05-31 09:03:23:244 - info: [debug] [ADB] Running 'D:\SoftWare\SDK\platform-tools\adb.exe' with args: ["-P",5037,"-s","85GBBMA2353T","shell","dumpsys","window","windows"]
2017-05-31 09:03:23:322 - info: [debug] [ADB] Found package: 'com.tude.android' and fully qualified activity name : 'com.tude.android.activity.main.NativeVideoActivity'
2017-05-31 09:03:23:322 - info: [debug] [ADB] Incorrect package and activity. Retrying.
2017-05-31 09:03:24:072 - info: [debug] [ADB] Getting focused package and activity
2017-05-31 09:03:24:072 - info: [debug] [ADB] Getting connected devices...
2017-05-31 09:03:24:120 - info: [debug] [ADB] 1 device(s) connected
2017-05-31 09:03:24:120 - info: [debug] [ADB] Running 'D:\SoftWare\SDK\platform-tools\adb.exe' with args: ["-P",5037,"-s","85GBBMA2353T","shell","dumpsys","window","windows"]
2017-05-31 09:03:24:182 - info: [debug] [ADB] Found package: 'com.tude.android' and fully qualified activity name : 'com.tude.android.activity.main.NativeVideoActivity'
2017-05-31 09:03:24:182 - info: [debug] [ADB] Incorrect package and activity. Retrying.
2017-05-31 09:03:24:931 - info: [debug] [ADB] Getting focused package and activity
2017-05-31 09:03:24:931 - info: [debug] [ADB] Getting connected devices...
2017-05-31 09:03:24:962 - info: [debug] [ADB] 1 device(s) connected
2017-05-31 09:03:24:962 - info: [debug] [ADB] Running 'D:\SoftWare\SDK\platform-tools\adb.exe' with args: ["-P",5037,"-s","85GBBMA2353T","shell","dumpsys","window","windows"]
2017-05-31 09:03:25:040 - info: [debug] [ADB] Found package: 'com.tude.android' and fully qualified activity name : 'com.tude.android.activity.main.NativeVideoActivity'
2017-05-31 09:03:25:040 - info: [debug] [ADB] Incorrect package and activity. Retrying.
2017-05-31 09:03:25:804 - info: [debug] [ADB] Getting focused package and activity
2017-05-31 09:03:25:804 - info: [debug] [ADB] Getting connected devices...
2017-05-31 09:03:25:837 - info: [debug] [ADB] 1 device(s) connected
2017-05-31 09:03:25:837 - info: [debug] [ADB] Running 'D:\SoftWare\SDK\platform-tools\adb.exe' with args: ["-P",5037,"-s","85GBBMA2353T","shell","dumpsys","window","windows"]
2017-05-31 09:03:25:916 - info: [debug] [ADB] Found package: 'com.tude.android' and fully qualified activity name : 'com.tude.android.activity.main.HomeActivity'
2017-05-31 09:03:25:916 - info: [debug] [ADB] Incorrect package and activity. Retrying.
2017-05-31 09:03:26:664 - info: [debug] [ADB] Getting focused package and activity
2017-05-31 09:03:26:664 - info: [debug] [ADB] Getting connected devices...
2017-05-31 09:03:26:696 - info: [debug] [ADB] 1 device(s) connected
2017-05-31 09:03:26:696 - info: [debug] [ADB] Running 'D:\SoftWare\SDK\platform-tools\adb.exe' with args: ["-P",5037,"-s","85GBBMA2353T","shell","dumpsys","window","windows"]
2017-05-31 09:03:26:742 - info: [debug] [ADB] Found package: 'com.tude.android' and fully qualified activity name : 'com.tude.android.activity.main.HomeActivity'
2017-05-31 09:03:26:742 - info: [debug] [ADB] Incorrect package and activity. Retrying.
2017-05-31 09:03:27:509 - info: [debug] [ADB] Getting focused package and activity
2017-05-31 09:03:27:509 - info: [debug] [ADB] Getting connected devices...
2017-05-31 09:03:27:541 - info: [debug] [ADB] 1 device(s) connected
2017-05-31 09:03:27:541 - info: [debug] [ADB] Running 'D:\SoftWare\SDK\platform-tools\adb.exe' with args: ["-P",5037,"-s","85GBBMA2353T","shell","dumpsys","window","windows"]
2017-05-31 09:03:27:603 - info: [debug] [ADB] Found package: 'com.tude.android' and fully qualified activity name : 'com.tude.android.activity.main.HomeActivity'
2017-05-31 09:03:27:603 - info: [debug] [ADB] Incorrect package and activity. Retrying.
2017-05-31 09:03:28:353 - info: [debug] [ADB] Getting focused package and activity
2017-05-31 09:03:28:353 - info: [debug] [ADB] Getting connected devices...
2017-05-31 09:03:28:384 - info: [debug] [ADB] 1 device(s) connected
2017-05-31 09:03:28:384 - info: [debug] [ADB] Running 'D:\SoftWare\SDK\platform-tools\adb.exe' with args: ["-P",5037,"-s","85GBBMA2353T","shell","dumpsys","window","windows"]
2017-05-31 09:03:28:447 - info: [debug] [ADB] Found package: 'com.tude.android' and fully qualified activity name : 'com.tude.android.activity.main.HomeActivity'
2017-05-31 09:03:28:447 - info: [debug] [ADB] Incorrect package and activity. Retrying.
2017-05-31 09:03:29:197 - info: [debug] [ADB] Getting focused package and activity
2017-05-31 09:03:29:197 - info: [debug] [ADB] Getting connected devices...
2017-05-31 09:03:29:244 - info: [debug] [ADB] 1 device(s) connected
2017-05-31 09:03:29:244 - info: [debug] [ADB] Running 'D:\SoftWare\SDK\platform-tools\adb.exe' with args: ["-P",5037,"-s","85GBBMA2353T","shell","dumpsys","window","windows"]
2017-05-31 09:03:29:307 - info: [debug] [ADB] Found package: 'com.tude.android' and fully qualified activity name : 'com.tude.android.activity.main.HomeActivity'
2017-05-31 09:03:29:307 - info: [debug] [ADB] Incorrect package and activity. Retrying.
2017-05-31 09:03:30:072 - info: [debug] [ADB] Getting focused package and activity
2017-05-31 09:03:30:072 - info: [debug] [ADB] Getting connected devices...
2017-05-31 09:03:30:119 - info: [debug] [ADB] 1 device(s) connected
2017-05-31 09:03:30:119 - info: [debug] [ADB] Running 'D:\SoftWare\SDK\platform-tools\adb.exe' with args: ["-P",5037,"-s","85GBBMA2353T","shell","dumpsys","window","windows"]
2017-05-31 09:03:30:166 - info: [debug] [ADB] Found package: 'com.tude.android' and fully qualified activity name : 'com.tude.android.activity.product.ProductClassifitionActivity'
2017-05-31 09:03:30:166 - info: [debug] [ADB] Incorrect package and activity. Retrying.
2017-05-31 09:03:30:915 - info: [debug] [ADB] Getting focused package and activity
2017-05-31 09:03:30:915 - info: [debug] [ADB] Getting connected devices...
2017-05-31 09:03:30:978 - info: [debug] [ADB] 1 device(s) connected
2017-05-31 09:03:30:978 - info: [debug] [ADB] Running 'D:\SoftWare\SDK\platform-tools\adb.exe' with args: ["-P",5037,"-s","85GBBMA2353T","shell","dumpsys","window","windows"]
2017-05-31 09:03:31:025 - info: [debug] [ADB] Found package: 'com.tude.android' and fully qualified activity name : 'com.tude.android.activity.product.ProductClassifitionActivity'
2017-05-31 09:03:31:025 - info: [debug] [ADB] Incorrect package and activity. Retrying.
2017-05-31 09:03:31:777 - info: [debug] [ADB] Getting focused package and activity
2017-05-31 09:03:31:777 - info: [debug] [ADB] Getting connected devices...
2017-05-31 09:03:31:823 - info: [debug] [ADB] 1 device(s) connected
2017-05-31 09:03:31:823 - info: [debug] [ADB] Running 'D:\SoftWare\SDK\platform-tools\adb.exe' with args: ["-P",5037,"-s","85GBBMA2353T","shell","dumpsys","window","windows"]
2017-05-31 09:03:31:886 - info: [debug] [ADB] Found package: 'com.tude.android' and fully qualified activity name : 'com.tude.android.activity.product.ProductClassifitionActivity'
2017-05-31 09:03:31:886 - info: [debug] [ADB] Incorrect package and activity. Retrying.
2017-05-31 09:03:32:635 - info: [debug] [ADB] Getting focused package and activity
2017-05-31 09:03:32:635 - info: [debug] [ADB] Getting connected devices...
2017-05-31 09:03:32:667 - info: [debug] [ADB] 1 device(s) connected
2017-05-31 09:03:32:667 - info: [debug] [ADB] Running 'D:\SoftWare\SDK\platform-tools\adb.exe' with args: ["-P",5037,"-s","85GBBMA2353T","shell","dumpsys","window","windows"]
2017-05-31 09:03:32:729 - info: [debug] [ADB] Found package: 'com.tude.android' and fully qualified activity name : 'com.tude.android.activity.product.ProductClassifitionActivity'
2017-05-31 09:03:32:729 - info: [debug] [ADB] Incorrect package and activity. Retrying.
2017-05-31 09:03:33:478 - info: [debug] [ADB] Getting focused package and activity
2017-05-31 09:03:33:478 - info: [debug] [ADB] Getting connected devices...
2017-05-31 09:03:33:525 - info: [debug] [ADB] 1 device(s) connected
2017-05-31 09:03:33:525 - info: [debug] [ADB] Running 'D:\SoftWare\SDK\platform-tools\adb.exe' with args: ["-P",5037,"-s","85GBBMA2353T","shell","dumpsys","window","windows"]
2017-05-31 09:03:33:587 - info: [debug] [ADB] Found package: 'com.tude.android' and fully qualified activity name : 'com.tude.android.activity.product.ProductClassifitionActivity'
2017-05-31 09:03:33:587 - info: [debug] [ADB] Incorrect package and activity. Retrying.
2017-05-31 09:03:34:336 - info: [debug] [ADB] Getting focused package and activity
2017-05-31 09:03:34:336 - info: [debug] [ADB] Getting connected devices...
2017-05-31 09:03:34:384 - info: [debug] [ADB] 1 device(s) connected
2017-05-31 09:03:34:384 - info: [debug] [ADB] Running 'D:\SoftWare\SDK\platform-tools\adb.exe' with args: ["-P",5037,"-s","85GBBMA2353T","shell","dumpsys","window","windows"]
2017-05-31 09:03:34:462 - info: [debug] [ADB] Found package: 'com.tude.android' and fully qualified activity name : 'com.tude.android.activity.product.ProductClassifitionActivity'
2017-05-31 09:03:34:462 - info: [debug] [ADB] Incorrect package and activity. Retrying.
2017-05-31 09:03:35:212 - info: [debug] [ADB] Getting focused package and activity
2017-05-31 09:03:35:212 - info: [debug] [ADB] Getting connected devices...
2017-05-31 09:03:35:243 - info: [debug] [ADB] 1 device(s) connected
2017-05-31 09:03:35:243 - info: [debug] [ADB] Running 'D:\SoftWare\SDK\platform-tools\adb.exe' with args: ["-P",5037,"-s","85GBBMA2353T","shell","dumpsys","window","windows"]
2017-05-31 09:03:35:305 - info: [debug] [ADB] Found package: 'com.tude.android' and fully qualified activity name : 'com.tude.android.activity.product.ProductClassifitionActivity'
2017-05-31 09:03:35:305 - info: [debug] [ADB] Incorrect package and activity. Retrying.
2017-05-31 09:03:36:071 - info: [debug] [ADB] Getting focused package and activity
2017-05-31 09:03:36:071 - info: [debug] [ADB] Getting connected devices...
2017-05-31 09:03:36:103 - info: [debug] [ADB] 1 device(s) connected
2017-05-31 09:03:36:103 - info: [debug] [ADB] Running 'D:\SoftWare\SDK\platform-tools\adb.exe' with args: ["-P",5037,"-s","85GBBMA2353T","shell","dumpsys","window","windows"]
2017-05-31 09:03:36:150 - info: [debug] [ADB] Found package: 'com.tude.android' and fully qualified activity name : 'com.tude.android.activity.product.ProductClassifitionActivity'
2017-05-31 09:03:36:150 - info: [debug] [ADB] Incorrect package and activity. Retrying.
2017-05-31 09:03:36:899 - info: [debug] [ADB] Getting focused package and activity
2017-05-31 09:03:36:899 - info: [debug] [ADB] Getting connected devices...
2017-05-31 09:03:36:946 - info: [debug] [ADB] 1 device(s) connected
2017-05-31 09:03:36:946 - info: [debug] [ADB] Running 'D:\SoftWare\SDK\platform-tools\adb.exe' with args: ["-P",5037,"-s","85GBBMA2353T","shell","dumpsys","window","windows"]
2017-05-31 09:03:37:040 - info: [debug] [ADB] Found package: 'com.tude.android' and fully qualified activity name : 'com.tude.android.activity.product.ProductClassifitionActivity'
2017-05-31 09:03:37:055 - info: [debug] [ADB] Incorrect package and activity. Retrying.
2017-05-31 09:03:37:804 - info: [debug] [ADB] Getting focused package and activity
2017-05-31 09:03:37:804 - info: [debug] [ADB] Getting connected devices...
2017-05-31 09:03:37:852 - info: [debug] [ADB] 1 device(s) connected
2017-05-31 09:03:37:852 - info: [debug] [ADB] Running 'D:\SoftWare\SDK\platform-tools\adb.exe' with args: ["-P",5037,"-s","85GBBMA2353T","shell","dumpsys","window","windows"]
2017-05-31 09:03:37:914 - info: [debug] [ADB] Found package: 'com.tude.android' and fully qualified activity name : 'com.tude.android.activity.product.ProductClassifitionActivity'
2017-05-31 09:03:37:914 - info: [debug] [ADB] Incorrect package and activity. Retrying.
2017-05-31 09:03:38:679 - info: [debug] [ADB] Getting focused package and activity
2017-05-31 09:03:38:679 - info: [debug] [ADB] Getting connected devices...
2017-05-31 09:03:38:726 - info: [debug] [ADB] 1 device(s) connected
2017-05-31 09:03:38:726 - info: [debug] [ADB] Running 'D:\SoftWare\SDK\platform-tools\adb.exe' with args: ["-P",5037,"-s","85GBBMA2353T","shell","dumpsys","window","windows"]
2017-05-31 09:03:38:788 - info: [debug] [ADB] Found package: 'com.tude.android' and fully qualified activity name : 'com.tude.android.activity.product.ProductClassifitionActivity'
2017-05-31 09:03:38:788 - info: [debug] [ADB] Incorrect package and activity. Retrying.
2017-05-31 09:03:39:552 - info: [debug] [ADB] Getting focused package and activity
2017-05-31 09:03:39:552 - info: [debug] [ADB] Getting connected devices...
2017-05-31 09:03:39:600 - info: [debug] [ADB] 1 device(s) connected
2017-05-31 09:03:39:600 - info: [debug] [ADB] Running 'D:\SoftWare\SDK\platform-tools\adb.exe' with args: ["-P",5037,"-s","85GBBMA2353T","shell","dumpsys","window","windows"]
2017-05-31 09:03:39:678 - info: [debug] [ADB] Found package: 'com.tude.android' and fully qualified activity name : 'com.tude.android.activity.product.ProductClassifitionActivity'
2017-05-31 09:03:39:678 - info: [debug] [ADB] Incorrect package and activity. Retrying.
2017-05-31 09:03:40:443 - info: [debug] [ADB] Getting focused package and activity
2017-05-31 09:03:40:443 - info: [debug] [ADB] Getting connected devices...
2017-05-31 09:03:40:489 - info: [debug] [ADB] 1 device(s) connected
2017-05-31 09:03:40:489 - info: [debug] [ADB] Running 'D:\SoftWare\SDK\platform-tools\adb.exe' with args: ["-P",5037,"-s","85GBBMA2353T","shell","dumpsys","window","windows"]
2017-05-31 09:03:40:567 - info: [debug] [ADB] Found package: 'com.tude.android' and fully qualified activity name : 'com.tude.android.activity.product.ProductClassifitionActivity'
2017-05-31 09:03:40:567 - info: [debug] [ADB] Incorrect package and activity. Retrying.
2017-05-31 09:03:41:318 - info: [debug] [ADB] Getting focused package and activity
2017-05-31 09:03:41:318 - info: [debug] [ADB] Getting connected devices...
2017-05-31 09:03:41:365 - info: [debug] [ADB] 1 device(s) connected
2017-05-31 09:03:41:365 - info: [debug] [ADB] Running 'D:\SoftWare\SDK\platform-tools\adb.exe' with args: ["-P",5037,"-s","85GBBMA2353T","shell","dumpsys","window","windows"]
2017-05-31 09:03:41:459 - info: [debug] [ADB] Found package: 'com.tude.android' and fully qualified activity name : 'com.tude.android.activity.product.ProductClassifitionActivity'
2017-05-31 09:03:41:459 - info: [debug] [ADB] Incorrect package and activity. Retrying.
2017-05-31 09:03:42:207 - info: [debug] [ADB] Getting focused package and activity
2017-05-31 09:03:42:207 - info: [debug] [ADB] Getting connected devices...
2017-05-31 09:03:42:255 - info: [debug] [ADB] 1 device(s) connected
2017-05-31 09:03:42:255 - info: [debug] [ADB] Running 'D:\SoftWare\SDK\platform-tools\adb.exe' with args: ["-P",5037,"-s","85GBBMA2353T","shell","dumpsys","window","windows"]
2017-05-31 09:03:42:349 - info: [debug] [ADB] Found package: 'com.tude.android' and fully qualified activity name : 'com.tude.android.activity.product.ProductClassifitionActivity'
2017-05-31 09:03:42:349 - info: [debug] [ADB] Incorrect package and activity. Retrying.
2017-05-31 09:03:43:145 - error: [ADB] Error: com.tude.android.activity.SplashActivity or com.tude.android.com.tude.android.activity.SplashActivity never started
    at Object.wrappedLogger.errorAndThrow (../../lib/logging.js:63:13)
    at ADB.callee$0$0$ (../../../lib/tools/apk-utils.js:153:7)
    at tryCatch (D:\MyProgram\nodejs\node_modules\appium\node_modules\babel-runtime\regenerator\runtime.js:67:40)
    at GeneratorFunctionPrototype.invoke [as _invoke] (D:\MyProgram\nodejs\node_modules\appium\node_modules\babel-runtime\regenerator\runtime.js:315:22)
    at GeneratorFunctionPrototype.prototype.(anonymous function) [as next] (D:\MyProgram\nodejs\node_modules\appium\node_modules\babel-runtime\regenerator\runtime.js:100:21)
    at GeneratorFunctionPrototype.invoke (D:\MyProgram\nodejs\node_modules\appium\node_modules\babel-runtime\regenerator\runtime.js:136:37)
 Error: com.tude.android.activity.SplashActivity or com.tude.android.com.tude.android.activity.SplashActivity never started
    at Object.wrappedLogger.errorAndThrow (../../lib/logging.js:63:13)
    at ADB.callee$0$0$ (../../../lib/tools/apk-utils.js:153:7)
    at tryCatch (D:\MyProgram\nodejs\node_modules\appium\node_modules\babel-runtime\regenerator\runtime.js:67:40)
    at GeneratorFunctionPrototype.invoke [as _invoke] (D:\MyProgram\nodejs\node_modules\appium\node_modules\babel-runtime\regenerator\runtime.js:315:22)
    at GeneratorFunctionPrototype.prototype.(anonymous function) [as next] (D:\MyProgram\nodejs\node_modules\appium\node_modules\babel-runtime\regenerator\runtime.js:100:21)
    at GeneratorFunctionPrototype.invoke (D:\MyProgram\nodejs\node_modules\appium\node_modules\babel-runtime\regenerator\runtime.js:136:37)
2017-05-31 09:03:43:145 - error: [ADB] Error: Error occured while starting App. Original error: com.tude.android.activity.SplashActivity or com.tude.android.com.tude.android.activity.SplashActivity never started
    at Object.wrappedLogger.errorAndThrow (../../lib/logging.js:63:13)
    at ADB.callee$0$0$ (../../../lib/tools/apk-utils.js:79:9)
    at tryCatch (D:\MyProgram\nodejs\node_modules\appium\node_modules\babel-runtime\regenerator\runtime.js:67:40)
    at GeneratorFunctionPrototype.invoke [as _invoke] (D:\MyProgram\nodejs\node_modules\appium\node_modules\babel-runtime\regenerator\runtime.js:315:22)
    at GeneratorFunctionPrototype.prototype.(anonymous function) [as throw] (D:\MyProgram\nodejs\node_modules\appium\node_modules\babel-runtime\regenerator\runtime.js:100:21)
    at GeneratorFunctionPrototype.invoke (D:\MyProgram\nodejs\node_modules\appium\node_modules\babel-runtime\regenerator\runtime.js:136:37)
 Error: Error occured while starting App. Original error: com.tude.android.activity.SplashActivity or com.tude.android.com.tude.android.activity.SplashActivity never started
    at Object.wrappedLogger.errorAndThrow (../../lib/logging.js:63:13)
    at ADB.callee$0$0$ (../../../lib/tools/apk-utils.js:79:9)
    at tryCatch (D:\MyProgram\nodejs\node_modules\appium\node_modules\babel-runtime\regenerator\runtime.js:67:40)
    at GeneratorFunctionPrototype.invoke [as _invoke] (D:\MyProgram\nodejs\node_modules\appium\node_modules\babel-runtime\regenerator\runtime.js:315:22)
    at GeneratorFunctionPrototype.prototype.(anonymous function) [as throw] (D:\MyProgram\nodejs\node_modules\appium\node_modules\babel-runtime\regenerator\runtime.js:100:21)
    at GeneratorFunctionPrototype.invoke (D:\MyProgram\nodejs\node_modules\appium\node_modules\babel-runtime\regenerator\runtime.js:136:37)
2017-05-31 09:03:43:145 - info: [debug] [AndroidDriver] Shutting down Android driver
2017-05-31 09:03:43:145 - info: [debug] [AndroidDriver] Resetting IME to com.iflytek.inputmethod/.FlyIME
2017-05-31 09:03:43:145 - info: [debug] [ADB] Getting connected devices...
2017-05-31 09:03:43:177 - info: [debug] [ADB] 1 device(s) connected
2017-05-31 09:03:43:177 - info: [debug] [ADB] Running 'D:\SoftWare\SDK\platform-tools\adb.exe' with args: ["-P",5037,"-s","85GBBMA2353T","shell","ime","set","com.iflytek.inputmethod/.FlyIME"]
2017-05-31 09:03:43:928 - info: [debug] [ADB] Getting connected devices...
2017-05-31 09:03:43:976 - info: [debug] [ADB] 1 device(s) connected
2017-05-31 09:03:43:976 - info: [debug] [ADB] Running 'D:\SoftWare\SDK\platform-tools\adb.exe' with args: ["-P",5037,"-s","85GBBMA2353T","shell","am","force-stop","com.tude.android"]
2017-05-31 09:03:44:803 - info: [debug] [ADB] Pressing the HOME button
2017-05-31 09:03:44:803 - info: [debug] [ADB] Getting connected devices...
2017-05-31 09:03:44:834 - info: [debug] [ADB] 1 device(s) connected
2017-05-31 09:03:44:834 - info: [debug] [ADB] Running 'D:\SoftWare\SDK\platform-tools\adb.exe' with args: ["-P",5037,"-s","85GBBMA2353T","shell","input","keyevent",3]
2017-05-31 09:03:45:505 - info: [debug] [AndroidBootstrap] Sending command to android: {"cmd":"shutdown"}
2017-05-31 09:03:45:521 - info: [AndroidBootstrap] [BOOTSTRAP LOG] [debug] Got data from client: {"cmd":"shutdown"}
2017-05-31 09:03:45:521 - info: [AndroidBootstrap] [BOOTSTRAP LOG] [debug] Got command of type SHUTDOWN
2017-05-31 09:03:45:521 - info: [AndroidBootstrap] [BOOTSTRAP LOG] [debug] Returning result: {"status":0,"value":"OK, shutting down"}
2017-05-31 09:03:45:521 - info: [debug] [AndroidBootstrap] [UIAUTO STDOUT] [CDS]close[4724]
2017-05-31 09:03:45:521 - info: [AndroidBootstrap] [BOOTSTRAP LOG] [debug] Closed client connection
2017-05-31 09:03:45:521 - info: [debug] [AndroidBootstrap] [UIAUTO STDOUT] INSTRUMENTATION_STATUS: numtests=1
2017-05-31 09:03:45:521 - info: [debug] [AndroidBootstrap] [UIAUTO STDOUT] INSTRUMENTATION_STATUS: stream=.
2017-05-31 09:03:45:521 - info: [debug] [AndroidBootstrap] [UIAUTO STDOUT] INSTRUMENTATION_STATUS: id=UiAutomatorTestRunner
2017-05-31 09:03:45:521 - info: [debug] [AndroidBootstrap] [UIAUTO STDOUT] INSTRUMENTATION_STATUS: test=testRunServer
2017-05-31 09:03:45:521 - info: [debug] [AndroidBootstrap] [UIAUTO STDOUT] INSTRUMENTATION_STATUS: class=io.appium.android.bootstrap.Bootstrap
2017-05-31 09:03:45:521 - info: [debug] [AndroidBootstrap] [UIAUTO STDOUT] INSTRUMENTATION_STATUS: current=1
2017-05-31 09:03:45:521 - info: [debug] [AndroidBootstrap] [UIAUTO STDOUT] INSTRUMENTATION_STATUS_CODE: 0
2017-05-31 09:03:45:521 - info: [debug] [AndroidBootstrap] [UIAUTO STDOUT] INSTRUMENTATION_STATUS: stream=
2017-05-31 09:03:45:521 - info: [debug] [AndroidBootstrap] [UIAUTO STDOUT] Test results for WatcherResultPrinter=.
2017-05-31 09:03:45:521 - info: [debug] [AndroidBootstrap] [UIAUTO STDOUT] Time: 25.125
2017-05-31 09:03:45:521 - info: [debug] [AndroidBootstrap] [UIAUTO STDOUT] OK (1 test)
2017-05-31 09:03:45:521 - info: [debug] [AndroidBootstrap] [UIAUTO STDOUT] INSTRUMENTATION_STATUS_CODE: -1
2017-05-31 09:03:45:521 - info: [debug] [AndroidBootstrap] Received command result from bootstrap
2017-05-31 09:03:45:521 - info: [debug] [UiAutomator] Shutting down UiAutomator
2017-05-31 09:03:45:521 - info: [debug] [UiAutomator] Moving to state 'stopping'
2017-05-31 09:03:45:537 - info: [debug] [UiAutomator] UiAutomator shut down normally
2017-05-31 09:03:45:537 - info: [debug] [UiAutomator] Moving to state 'stopped'
2017-05-31 09:03:45:537 - info: [debug] [ADB] Attempting to kill all uiautomator processes
2017-05-31 09:03:45:537 - info: [debug] [ADB] Getting all processes with uiautomator
2017-05-31 09:03:45:537 - info: [debug] [ADB] Getting connected devices...
2017-05-31 09:03:45:553 - info: [debug] [ADB] 1 device(s) connected
2017-05-31 09:03:45:553 - info: [debug] [ADB] Running 'D:\SoftWare\SDK\platform-tools\adb.exe' with args: ["-P",5037,"-s","85GBBMA2353T","shell","ps"]
2017-05-31 09:03:45:631 - info: [ADB] No uiautomator process found to kill, continuing...
2017-05-31 09:03:45:631 - info: [debug] [UiAutomator] Moving to state 'stopped'
2017-05-31 09:03:45:631 - info: [debug] [Logcat] Stopping logcat capture
2017-05-31 09:03:45:646 - info: [debug] [ADB] Getting connected devices...
2017-05-31 09:03:45:662 - info: [debug] [ADB] 1 device(s) connected
2017-05-31 09:03:45:662 - info: [debug] [ADB] Running 'D:\SoftWare\SDK\platform-tools\adb.exe' with args: ["-P",5037,"-s","85GBBMA2353T","shell","am","force-stop","io.appium.unlock"]
2017-05-31 09:03:46:272 - info: [debug] [AndroidDriver] Not cleaning generated files. Add `clearSystemFiles` capability if wanted.
2017-05-31 09:03:46:272 - error: [MJSONWP] Encountered internal error running command: Error: Error occured while starting App. Original error: com.tude.android.activity.SplashActivity or com.tude.android.com.tude.android.activity.SplashActivity never started
    at Object.wrappedLogger.errorAndThrow (../../lib/logging.js:63:13)
    at ADB.callee$0$0$ (../../../lib/tools/apk-utils.js:79:9)
    at tryCatch (D:\MyProgram\nodejs\node_modules\appium\node_modules\babel-runtime\regenerator\runtime.js:67:40)
    at GeneratorFunctionPrototype.invoke [as _invoke] (D:\MyProgram\nodejs\node_modules\appium\node_modules\babel-runtime\regenerator\runtime.js:315:22)
    at GeneratorFunctionPrototype.prototype.(anonymous function) [as throw] (D:\MyProgram\nodejs\node_modules\appium\node_modules\babel-runtime\regenerator\runtime.js:100:21)
    at GeneratorFunctionPrototype.invoke (D:\MyProgram\nodejs\node_modules\appium\node_modules\babel-runtime\regenerator\runtime.js:136:37)
2017-05-31 09:03:46:288 - info: [HTTP] <-- POST /wd/hub/session 500 38011 ms - 302 
