2017-05-31 08:46:32:607 - info: [Appium] Welcome to Appium v1.6.5
2017-05-31 08:46:32:607 - info: [Appium] Non-default server args:
2017-05-31 08:46:32:607 - info: [Appium]   address: 127.0.0.1
2017-05-31 08:46:32:607 - info: [Appium]   log: D:\workSpace\EclipseProjects\AppiumForEclipse\log\1496220386299.log
2017-05-31 08:46:32:669 - info: [Appium] Appium REST http interface listener started on 127.0.0.1:4723
2017-05-31 08:46:32:795 - info: [HTTP] --> GET /wd/hub/status {}
2017-05-31 08:46:32:795 - info: [debug] [MJSONWP] Calling AppiumDriver.getStatus() with args: []
2017-05-31 08:46:32:842 - info: [debug] [MJSONWP] Responding to client with driver.getStatus() result: {"build":{"version":"1.6.5","revision":null}}
2017-05-31 08:46:32:842 - info: [HTTP] <-- GET /wd/hub/status 200 48 ms - 83 
2017-05-31 08:46:32:842 - info: [HTTP] --> GET /wd/hub/status {}
2017-05-31 08:46:32:842 - info: [debug] [MJSONWP] Calling AppiumDriver.getStatus() with args: []
2017-05-31 08:46:32:889 - info: [debug] [MJSONWP] Responding to client with driver.getStatus() result: {"build":{"version":"1.6.5","revision":null}}
2017-05-31 08:46:32:889 - info: [HTTP] <-- GET /wd/hub/status 200 41 ms - 83 
2017-05-31 08:46:33:513 - info: [HTTP] --> POST /wd/hub/session {"desiredCapabilities":{"appPackage":"com.play.android","appActivity":"com.play.android.activity.SplashActivity","app":"D:\\workSpace\\EclipseProjects\\AppiumForEclipse\\apps\\play.apk","noSign":"True","browserName":"","unicodeKeyboard":"True","platformName":"Android","deviceName":"022TAS7N51009853","resetKeyboard":"True"}}
2017-05-31 08:46:33:528 - info: [debug] [MJSONWP] Calling AppiumDriver.createSession() with args: [{"appPackage":"com.play.android","appActivity":"com.play.android.activity.SplashActivity","app":"D:\\workSpace\\EclipseProjects\\AppiumForEclipse\\apps\\play.apk","noSign":"True","browserName":"","unicodeKeyboard":"True","platformName":"Android","deviceName":"022TAS7N51009853","resetKeyboard":"True"},null,null]
2017-05-31 08:46:33:528 - info: [debug] [BaseDriver] Event 'newSessionRequested' logged at 1496220393528 (16:46:33 GMT+0800 (中国标准时间))
2017-05-31 08:46:33:528 - info: [Appium] Creating new AndroidDriver (v1.20.0) session
2017-05-31 08:46:33:528 - info: [Appium] Capabilities:
2017-05-31 08:46:33:528 - info: [Appium]   appPackage: 'com.play.android'
2017-05-31 08:46:33:528 - info: [Appium]   appActivity: 'com.play.android.activity.SplashActivity'
2017-05-31 08:46:33:528 - info: [Appium]   app: 'D:\\workSpace\\EclipseProjects\\AppiumForEclipse\\apps\\play.apk'
2017-05-31 08:46:33:528 - info: [Appium]   noSign: 'True'
2017-05-31 08:46:33:528 - info: [Appium]   browserName: ''
2017-05-31 08:46:33:528 - info: [Appium]   unicodeKeyboard: 'True'
2017-05-31 08:46:33:528 - info: [Appium]   platformName: 'Android'
2017-05-31 08:46:33:528 - info: [Appium]   deviceName: '022TAS7N51009853'
2017-05-31 08:46:33:528 - info: [Appium]   resetKeyboard: 'True'
2017-05-31 08:46:33:528 - info: [debug] [AndroidDriver] AndroidDriver version: 1.20.0
2017-05-31 08:46:33:528 - warn: [BaseDriver] Capability 'unicodeKeyboard' changed from string to boolean. This may cause unexpected behavior
2017-05-31 08:46:33:544 - warn: [BaseDriver] Capability 'resetKeyboard' changed from string to boolean. This may cause unexpected behavior
2017-05-31 08:46:33:544 - warn: [BaseDriver] Capability 'noSign' changed from string to boolean. This may cause unexpected behavior
2017-05-31 08:46:33:544 - info: [BaseDriver] Session created with session id: 1036d280-b282-413f-ba01-d5a3e63e09c3
2017-05-31 08:46:33:560 - info: [debug] [AndroidDriver] Getting Java version
2017-05-31 08:46:33:687 - info: [AndroidDriver] Java version is: 1.8.0_121
2017-05-31 08:46:33:687 - info: [ADB] Checking whether adb is present
2017-05-31 08:46:33:687 - info: [ADB] Using adb.exe from D:\SoftWare\SDK\platform-tools\adb.exe
2017-05-31 08:46:33:687 - info: [AndroidDriver] Retrieving device list
2017-05-31 08:46:33:687 - info: [debug] [ADB] Trying to find a connected android device
2017-05-31 08:46:33:703 - info: [debug] [ADB] Getting connected devices...
2017-05-31 08:46:33:720 - info: [debug] [ADB] 1 device(s) connected
2017-05-31 08:46:33:720 - info: [AndroidDriver] Using device: 85GBBMA2353T
2017-05-31 08:46:33:720 - info: [ADB] Checking whether adb is present
2017-05-31 08:46:33:720 - info: [ADB] Using adb.exe from D:\SoftWare\SDK\platform-tools\adb.exe
2017-05-31 08:46:33:720 - info: [debug] [ADB] Setting device id to 85GBBMA2353T
2017-05-31 08:46:33:720 - info: [BaseDriver] Using local app 'D:\workSpace\EclipseProjects\AppiumForEclipse\apps\play.apk'
2017-05-31 08:46:33:720 - info: [debug] [AndroidDriver] Checking whether app is actually present
2017-05-31 08:46:33:735 - info: [AndroidDriver] Starting Android session
2017-05-31 08:46:33:735 - info: [debug] [ADB] Running 'D:\SoftWare\SDK\platform-tools\adb.exe' with args: ["-P",5037,"-s","85GBBMA2353T","wait-for-device"]
2017-05-31 08:46:33:766 - info: [debug] [ADB] Getting connected devices...
2017-05-31 08:46:33:782 - info: [debug] [ADB] 1 device(s) connected
2017-05-31 08:46:33:782 - info: [debug] [ADB] Running 'D:\SoftWare\SDK\platform-tools\adb.exe' with args: ["-P",5037,"-s","85GBBMA2353T","shell","echo","ping"]
2017-05-31 08:46:33:829 - info: [debug] [Logcat] Starting logcat capture
2017-05-31 08:46:33:860 - info: [debug] [AndroidDriver] Enabling Unicode keyboard support
2017-05-31 08:46:33:860 - info: [debug] [AndroidDriver] Pushing unicode ime to device...
2017-05-31 08:46:33:876 - info: [debug] [ADB] Running 'D:\SoftWare\SDK\platform-tools\adb.exe' with args: ["-P",5037,"-s","85GBBMA2353T","install","D:\\MyProgram\\nodejs\\node_modules\\appium\\node_modules\\appium-android-ime\\bin\\UnicodeIME-debug.apk"]
2017-05-31 08:46:35:638 - info: [debug] [ADB] Getting connected devices...
2017-05-31 08:46:35:686 - info: [debug] [ADB] 1 device(s) connected
2017-05-31 08:46:35:686 - info: [debug] [ADB] Running 'D:\SoftWare\SDK\platform-tools\adb.exe' with args: ["-P",5037,"-s","85GBBMA2353T","shell","settings","get","secure","default_input_method"]
2017-05-31 08:46:36:389 - info: [debug] [AndroidDriver] Unsetting previous IME com.iflytek.inputmethod/.FlyIME
2017-05-31 08:46:36:389 - info: [debug] [AndroidDriver] Setting IME to 'io.appium.android.ime/.UnicodeIME'
2017-05-31 08:46:36:389 - info: [debug] [ADB] Getting connected devices...
2017-05-31 08:46:36:436 - info: [debug] [ADB] 1 device(s) connected
2017-05-31 08:46:36:436 - info: [debug] [ADB] Running 'D:\SoftWare\SDK\platform-tools\adb.exe' with args: ["-P",5037,"-s","85GBBMA2353T","shell","ime","enable","io.appium.android.ime/.UnicodeIME"]
2017-05-31 08:46:37:216 - info: [debug] [ADB] Getting connected devices...
2017-05-31 08:46:37:248 - info: [debug] [ADB] 1 device(s) connected
2017-05-31 08:46:37:264 - info: [debug] [ADB] Running 'D:\SoftWare\SDK\platform-tools\adb.exe' with args: ["-P",5037,"-s","85GBBMA2353T","shell","ime","set","io.appium.android.ime/.UnicodeIME"]
2017-05-31 08:46:37:982 - info: [debug] [AndroidDriver] Pushing settings apk to device...
2017-05-31 08:46:37:982 - info: [debug] [ADB] Getting install status for io.appium.settings
2017-05-31 08:46:37:982 - info: [debug] [ADB] Getting connected devices...
2017-05-31 08:46:38:014 - info: [debug] [ADB] 1 device(s) connected
2017-05-31 08:46:38:029 - info: [debug] [ADB] Running 'D:\SoftWare\SDK\platform-tools\adb.exe' with args: ["-P",5037,"-s","85GBBMA2353T","shell","pm","list","packages","io.appium.settings"]
2017-05-31 08:46:38:466 - info: [debug] [ADB] App is not installed
2017-05-31 08:46:38:466 - info: [debug] [ADB] Running 'D:\SoftWare\SDK\platform-tools\adb.exe' with args: ["-P",5037,"-s","85GBBMA2353T","install","D:\\MyProgram\\nodejs\\node_modules\\appium\\node_modules\\io.appium.settings\\app\\build\\outputs\\apk\\settings_apk-debug.apk"]
2017-05-31 08:46:39:263 - info: [debug] [ADB] Getting connected devices...
2017-05-31 08:46:39:278 - info: [debug] [ADB] 1 device(s) connected
2017-05-31 08:46:39:278 - info: [debug] [ADB] Running 'D:\SoftWare\SDK\platform-tools\adb.exe' with args: ["-P",5037,"-s","85GBBMA2353T","shell","getprop","ro.build.version.sdk"]
2017-05-31 08:46:39:309 - info: [debug] [ADB] Device API level: 22
2017-05-31 08:46:39:309 - info: [debug] [ADB] Getting connected devices...
2017-05-31 08:46:39:341 - info: [debug] [ADB] 1 device(s) connected
2017-05-31 08:46:39:341 - info: [debug] [ADB] Running 'D:\SoftWare\SDK\platform-tools\adb.exe' with args: ["-P",5037,"-s","85GBBMA2353T","shell","dumpsys","package","io.appium.settings"]
2017-05-31 08:46:39:434 - info: [debug] [AndroidDriver] Pushing unlock helper app to device...
2017-05-31 08:46:39:434 - info: [debug] [ADB] Running 'D:\SoftWare\SDK\platform-tools\adb.exe' with args: ["-P",5037,"-s","85GBBMA2353T","install","D:\\MyProgram\\nodejs\\node_modules\\appium\\node_modules\\appium-unlock\\bin\\unlock_apk-debug.apk"]
2017-05-31 08:46:40:201 - info: [debug] [ADB] Device API level: 22
2017-05-31 08:46:40:201 - info: [debug] [ADB] Getting connected devices...
2017-05-31 08:46:40:248 - info: [debug] [ADB] 1 device(s) connected
2017-05-31 08:46:40:248 - info: [debug] [ADB] Running 'D:\SoftWare\SDK\platform-tools\adb.exe' with args: ["-P",5037,"-s","85GBBMA2353T","shell","settings","put","secure","mock_location","1"]
2017-05-31 08:46:40:905 - info: [ADB] Getting device platform version
2017-05-31 08:46:40:905 - info: [debug] [ADB] Getting connected devices...
2017-05-31 08:46:40:951 - info: [debug] [ADB] 1 device(s) connected
2017-05-31 08:46:40:951 - info: [debug] [ADB] Running 'D:\SoftWare\SDK\platform-tools\adb.exe' with args: ["-P",5037,"-s","85GBBMA2353T","shell","getprop","ro.build.version.release"]
2017-05-31 08:46:40:998 - info: [debug] [ADB] Getting connected devices...
2017-05-31 08:46:41:029 - info: [debug] [ADB] 1 device(s) connected
2017-05-31 08:46:41:029 - info: [debug] [ADB] Running 'D:\SoftWare\SDK\platform-tools\adb.exe' with args: ["-P",5037,"-s","85GBBMA2353T","shell","wm","size"]
2017-05-31 08:46:41:672 - info: [debug] [ADB] Getting connected devices...
2017-05-31 08:46:41:720 - info: [debug] [ADB] 1 device(s) connected
2017-05-31 08:46:41:720 - info: [debug] [ADB] Running 'D:\SoftWare\SDK\platform-tools\adb.exe' with args: ["-P",5037,"-s","85GBBMA2353T","shell","getprop","ro.product.model"]
2017-05-31 08:46:41:751 - info: [debug] [ADB] Current device property 'ro.product.model': MX5
2017-05-31 08:46:41:751 - info: [debug] [ADB] Getting connected devices...
2017-05-31 08:46:41:767 - info: [debug] [ADB] 1 device(s) connected
2017-05-31 08:46:41:767 - info: [debug] [ADB] Running 'D:\SoftWare\SDK\platform-tools\adb.exe' with args: ["-P",5037,"-s","85GBBMA2353T","shell","getprop","ro.product.manufacturer"]
2017-05-31 08:46:41:829 - info: [debug] [ADB] Current device property 'ro.product.manufacturer': Meizu
2017-05-31 08:46:41:969 - info: [AndroidDriver] Remote apk path is /data/local/tmp/42e2f15827830994ee5f75a4ff734348.apk
2017-05-31 08:46:41:969 - info: [debug] [ADB] Getting connected devices...
2017-05-31 08:46:41:985 - info: [debug] [ADB] 1 device(s) connected
2017-05-31 08:46:41:985 - info: [debug] [ADB] Running 'D:\SoftWare\SDK\platform-tools\adb.exe' with args: ["-P",5037,"-s","85GBBMA2353T","shell","ls","/data/local/tmp/42e2f15827830994ee5f75a4ff734348.apk"]
2017-05-31 08:46:42:032 - info: [debug] [AndroidDriver] Checking if app is installed
2017-05-31 08:46:42:047 - info: [debug] [ADB] Getting install status for com.play.android
2017-05-31 08:46:42:047 - info: [debug] [ADB] Getting connected devices...
2017-05-31 08:46:42:063 - info: [debug] [ADB] 1 device(s) connected
2017-05-31 08:46:42:063 - info: [debug] [ADB] Running 'D:\SoftWare\SDK\platform-tools\adb.exe' with args: ["-P",5037,"-s","85GBBMA2353T","shell","pm","list","packages","com.play.android"]
2017-05-31 08:46:42:706 - info: [debug] [ADB] App is installed
2017-05-31 08:46:42:706 - info: [AndroidDriver] Apk is already on remote and installed, resetting
2017-05-31 08:46:42:706 - info: [debug] [AndroidDriver] Running fast reset (stop and clear)
2017-05-31 08:46:42:706 - info: [debug] [ADB] Getting connected devices...
2017-05-31 08:46:42:738 - info: [debug] [ADB] 1 device(s) connected
2017-05-31 08:46:42:738 - info: [debug] [ADB] Running 'D:\SoftWare\SDK\platform-tools\adb.exe' with args: ["-P",5037,"-s","85GBBMA2353T","shell","am","force-stop","com.play.android"]
2017-05-31 08:46:43:487 - info: [debug] [ADB] Getting connected devices...
2017-05-31 08:46:43:533 - info: [debug] [ADB] 1 device(s) connected
2017-05-31 08:46:43:549 - info: [debug] [ADB] Running 'D:\SoftWare\SDK\platform-tools\adb.exe' with args: ["-P",5037,"-s","85GBBMA2353T","shell","pm","clear","com.play.android"]
2017-05-31 08:46:44:095 - info: [debug] [AndroidDriver] Extracting strings from apk D:\workSpace\EclipseProjects\AppiumForEclipse\apps\play.apk null C:\Users\ADMINI~1\AppData\Local\Temp\com.play.android
2017-05-31 08:46:44:095 - info: [debug] [ADB] Extracting strings for language: default
2017-05-31 08:46:44:095 - info: [debug] [ADB] Device API level: 22
2017-05-31 08:46:44:095 - info: [debug] [ADB] Getting connected devices...
2017-05-31 08:46:44:127 - info: [debug] [ADB] 1 device(s) connected
2017-05-31 08:46:44:127 - info: [debug] [ADB] Running 'D:\SoftWare\SDK\platform-tools\adb.exe' with args: ["-P",5037,"-s","85GBBMA2353T","shell","getprop","persist.sys.language"]
2017-05-31 08:46:44:205 - info: [debug] [ADB] Current device property 'persist.sys.language': zh
2017-05-31 08:46:45:331 - info: [debug] [ADB] Reading strings from converted strings.json
2017-05-31 08:46:45:331 - info: [debug] [ADB] Running 'D:\SoftWare\SDK\platform-tools\adb.exe' with args: ["-P",5037,"-s","85GBBMA2353T","push","C:\\Users\\ADMINI~1\\AppData\\Local\\Temp\\com.play.android\\strings.json","/data/local/tmp"]
2017-05-31 08:46:45:410 - info: [debug] [AndroidBootstrap] Watching for bootstrap disconnect
2017-05-31 08:46:45:410 - info: [debug] [ADB] Forwarding system: 4724 to device: 4724
2017-05-31 08:46:45:410 - info: [debug] [ADB] Running 'D:\SoftWare\SDK\platform-tools\adb.exe' with args: ["-P",5037,"-s","85GBBMA2353T","forward","tcp:4724","tcp:4724"]
2017-05-31 08:46:45:426 - info: [debug] [UiAutomator] Starting UiAutomator
2017-05-31 08:46:45:426 - info: [debug] [UiAutomator] Moving to state 'starting'
2017-05-31 08:46:45:426 - info: [debug] [UiAutomator] Parsing uiautomator jar
2017-05-31 08:46:45:426 - info: [debug] [UiAutomator] Found jar name: 'AppiumBootstrap.jar'
2017-05-31 08:46:45:426 - info: [debug] [ADB] Running 'D:\SoftWare\SDK\platform-tools\adb.exe' with args: ["-P",5037,"-s","85GBBMA2353T","push","D:\\MyProgram\\nodejs\\node_modules\\appium\\node_modules\\appium-android-bootstrap\\bootstrap\\bin\\AppiumBootstrap.jar","/data/local/tmp/"]
2017-05-31 08:46:45:473 - info: [debug] [ADB] Attempting to kill all uiautomator processes
2017-05-31 08:46:45:473 - info: [debug] [ADB] Getting all processes with uiautomator
2017-05-31 08:46:45:473 - info: [debug] [ADB] Getting connected devices...
2017-05-31 08:46:45:504 - info: [debug] [ADB] 1 device(s) connected
2017-05-31 08:46:45:504 - info: [debug] [ADB] Running 'D:\SoftWare\SDK\platform-tools\adb.exe' with args: ["-P",5037,"-s","85GBBMA2353T","shell","ps"]
2017-05-31 08:46:45:583 - info: [ADB] No uiautomator process found to kill, continuing...
2017-05-31 08:46:45:583 - info: [debug] [UiAutomator] Starting UIAutomator
2017-05-31 08:46:45:583 - info: [debug] [ADB] Creating ADB subprocess with args: ["-P",5037,"-s","85GBBMA2353T","shell","uiautomator","runtest","AppiumBootstrap.jar","-c","io.appium.android.bootstrap.Bootstrap","-e","pkg","com.play.android","-e","disableAndroidWatchers",false,"-e","acceptSslCerts",false]
2017-05-31 08:46:46:787 - info: [debug] [UiAutomator] Moving to state 'online'
2017-05-31 08:46:46:787 - info: [AndroidBootstrap] [BOOTSTRAP LOG] [debug] json loading complete.
2017-05-31 08:46:46:803 - info: [AndroidBootstrap] Android bootstrap socket is now connected
2017-05-31 08:46:46:803 - info: [debug] [ADB] Getting connected devices...
2017-05-31 08:46:46:819 - info: [AndroidBootstrap] [BOOTSTRAP LOG] [debug] Registered crash watchers.
2017-05-31 08:46:46:819 - info: [AndroidBootstrap] [BOOTSTRAP LOG] [debug] Client connected
2017-05-31 08:46:46:835 - info: [debug] [ADB] 1 device(s) connected
2017-05-31 08:46:46:835 - info: [debug] [ADB] Running 'D:\SoftWare\SDK\platform-tools\adb.exe' with args: ["-P",5037,"-s","85GBBMA2353T","shell","dumpsys","window"]
2017-05-31 08:46:46:897 - info: [AndroidDriver] Screen already unlocked, doing nothing
2017-05-31 08:46:46:897 - info: [debug] [ADB] Device API level: 22
2017-05-31 08:46:46:897 - info: [debug] [ADB] Getting connected devices...
2017-05-31 08:46:46:913 - info: [debug] [ADB] 1 device(s) connected
2017-05-31 08:46:46:913 - info: [debug] [ADB] Running 'D:\SoftWare\SDK\platform-tools\adb.exe' with args: ["-P",5037,"-s","85GBBMA2353T","shell","am","start","-W","-n","com.play.android/com.play.android.activity.SplashActivity","-S","-a","android.intent.action.MAIN","-c","android.intent.category.LAUNCHER","-f","0x10200000"]
2017-05-31 08:46:49:021 - info: [Appium] New AndroidDriver session created successfully, session 1036d280-b282-413f-ba01-d5a3e63e09c3 added to master session list
2017-05-31 08:46:49:021 - info: [debug] [BaseDriver] Event 'newSessionStarted' logged at 1496220409021 (16:46:49 GMT+0800 (中国标准时间))
2017-05-31 08:46:49:021 - info: [debug] [MJSONWP] Responding to client with driver.createSession() result: {"platform":"LINUX","webStorageEnabled":false,"takesScreenshot":true,"javascriptEnabled":true,"databaseEnabled":false,"networkConnectionEnabled":true,"locationContextEnabled":false,"warnings":{},"desired":{"appPackage":"com.play.android","appActivity":"com.play.android.activity.SplashActivity","app":"D:\\workSpace\\EclipseProjects\\AppiumForEclipse\\apps\\play.apk","noSign":true,"browserName":"","unicodeKeyboard":true,"platformName":"Android","deviceName":"022TAS7N51009853","resetKeyboard":true},"appPackage":"com.play.android","appActivity":"com.play.android.activity.SplashActivity","app":"D:\\workSpace\\EclipseProjects\\AppiumForEclipse\\apps\\play.apk","noSign":true,"browserName":"","unicodeKeyboard":true,"platformName":"Android","deviceName":"85GBBMA2353T","resetKeyboard":true,"deviceUDID":"85GBBMA2353T","platformVersion":"5.1","deviceScreenSize":"1080x1920","deviceModel":"MX5","deviceManufacturer":"Meizu"}
2017-05-31 08:46:49:037 - info: [HTTP] <-- POST /wd/hub/session 200 15507 ms - 995 
2017-05-31 08:46:50:831 - info: [HTTP] --> POST /wd/hub/session/1036d280-b282-413f-ba01-d5a3e63e09c3/timeouts {"type":"implicit","ms":20000}
2017-05-31 08:46:50:831 - info: [debug] [MJSONWP] Calling AppiumDriver.timeouts() with args: ["implicit",20000,"1036d280-b282-413f-ba01-d5a3e63e09c3"]
2017-05-31 08:46:50:831 - info: [debug] [BaseDriver] Set implicit wait to 20000ms
2017-05-31 08:46:50:831 - info: [debug] [MJSONWP] Responding to client with driver.timeouts() result: null
2017-05-31 08:46:50:831 - info: [HTTP] <-- POST /wd/hub/session/1036d280-b282-413f-ba01-d5a3e63e09c3/timeouts 200 6 ms - 76 
2017-05-31 08:46:51:098 - info: [HTTP] --> POST /wd/hub/session/1036d280-b282-413f-ba01-d5a3e63e09c3/timeouts {"type":"implicit","ms":20000}
2017-05-31 08:46:51:098 - info: [debug] [MJSONWP] Calling AppiumDriver.timeouts() with args: ["implicit",20000,"1036d280-b282-413f-ba01-d5a3e63e09c3"]
2017-05-31 08:46:51:098 - info: [debug] [BaseDriver] Set implicit wait to 20000ms
2017-05-31 08:46:51:098 - info: [debug] [MJSONWP] Responding to client with driver.timeouts() result: null
2017-05-31 08:46:51:098 - info: [HTTP] <-- POST /wd/hub/session/1036d280-b282-413f-ba01-d5a3e63e09c3/timeouts 200 2 ms - 76 
2017-05-31 08:46:51:129 - info: [HTTP] --> GET /wd/hub/session/1036d280-b282-413f-ba01-d5a3e63e09c3/appium/device/current_activity {}
2017-05-31 08:46:51:129 - info: [debug] [MJSONWP] Calling AppiumDriver.getCurrentActivity() with args: ["1036d280-b282-413f-ba01-d5a3e63e09c3"]
2017-05-31 08:46:51:129 - info: [debug] [ADB] Getting focused package and activity
2017-05-31 08:46:51:129 - info: [debug] [ADB] Getting connected devices...
2017-05-31 08:46:51:160 - info: [debug] [ADB] 1 device(s) connected
2017-05-31 08:46:51:160 - info: [debug] [ADB] Running 'D:\SoftWare\SDK\platform-tools\adb.exe' with args: ["-P",5037,"-s","85GBBMA2353T","shell","dumpsys","window","windows"]
2017-05-31 08:46:51:378 - info: [debug] [MJSONWP] Responding to client with driver.getCurrentActivity() result: ".activity.main.HomeActivity"
2017-05-31 08:46:51:378 - info: [HTTP] <-- GET /wd/hub/session/1036d280-b282-413f-ba01-d5a3e63e09c3/appium/device/current_activity 200 250 ms - 101 
2017-05-31 08:46:51:425 - info: [HTTP] --> POST /wd/hub/session/1036d280-b282-413f-ba01-d5a3e63e09c3/timeouts {"type":"implicit","ms":0}
2017-05-31 08:46:51:425 - info: [debug] [MJSONWP] Calling AppiumDriver.timeouts() with args: ["implicit",0,"1036d280-b282-413f-ba01-d5a3e63e09c3"]
2017-05-31 08:46:51:425 - info: [debug] [BaseDriver] Set implicit wait to 0ms
2017-05-31 08:46:51:425 - info: [debug] [MJSONWP] Responding to client with driver.timeouts() result: null
2017-05-31 08:46:51:425 - info: [HTTP] <-- POST /wd/hub/session/1036d280-b282-413f-ba01-d5a3e63e09c3/timeouts 200 3 ms - 76 
2017-05-31 08:46:51:456 - info: [HTTP] --> GET /wd/hub/session/1036d280-b282-413f-ba01-d5a3e63e09c3/context {}
2017-05-31 08:46:51:456 - info: [debug] [MJSONWP] Calling AppiumDriver.getCurrentContext() with args: ["1036d280-b282-413f-ba01-d5a3e63e09c3"]
2017-05-31 08:46:51:456 - info: [debug] [MJSONWP] Responding to client with driver.getCurrentContext() result: "NATIVE_APP"
2017-05-31 08:46:51:456 - info: [HTTP] <-- GET /wd/hub/session/1036d280-b282-413f-ba01-d5a3e63e09c3/context 200 3 ms - 84 
2017-05-31 08:46:51:472 - info: [HTTP] --> POST /wd/hub/session/1036d280-b282-413f-ba01-d5a3e63e09c3/elements {"using":"id","value":"com.play.android:id/sdv_image"}
2017-05-31 08:46:51:472 - info: [debug] [MJSONWP] Calling AppiumDriver.findElements() with args: ["id","com.play.android:id/sdv_image","1036d280-b282-413f-ba01-d5a3e63e09c3"]
2017-05-31 08:46:51:472 - info: [debug] [BaseDriver] Valid locator strategies for this request: xpath, id, class name, accessibility id, -android uiautomator
2017-05-31 08:46:51:472 - info: [debug] [BaseDriver] Valid locator strategies for this request: xpath, id, class name, accessibility id, -android uiautomator
2017-05-31 08:46:51:472 - info: [debug] [BaseDriver] Waiting up to 0 ms for condition
2017-05-31 08:46:51:472 - info: [debug] [AndroidBootstrap] Sending command to android: {"cmd":"action","action":"find","params":{"strategy":"id","selector":"com.play.android:id/sdv_image","context":"","multiple":true}}
2017-05-31 08:46:51:472 - info: [AndroidBootstrap] [BOOTSTRAP LOG] [debug] Got data from client: {"cmd":"action","action":"find","params":{"strategy":"id","selector":"com.play.android:id/sdv_image","context":"","multiple":true}}
2017-05-31 08:46:51:472 - info: [AndroidBootstrap] [BOOTSTRAP LOG] [debug] Got command of type ACTION
2017-05-31 08:46:51:488 - info: [AndroidBootstrap] [BOOTSTRAP LOG] [debug] Got command action: find
2017-05-31 08:46:51:488 - info: [AndroidBootstrap] [BOOTSTRAP LOG] [debug] Finding 'com.play.android:id/sdv_image' using 'ID' with the contextId: '' multiple: true
2017-05-31 08:46:51:488 - info: [AndroidBootstrap] [BOOTSTRAP LOG] [debug] Using: UiSelector[RESOURCE_ID=com.play.android:id/sdv_image]
2017-05-31 08:46:51:488 - info: [AndroidBootstrap] [BOOTSTRAP LOG] [debug] getElements selector:UiSelector[RESOURCE_ID=com.play.android:id/sdv_image]
2017-05-31 08:46:51:488 - info: [AndroidBootstrap] [BOOTSTRAP LOG] [debug] Element[] is null: (0)
2017-05-31 08:46:51:488 - info: [AndroidBootstrap] [BOOTSTRAP LOG] [debug] getElements tmp selector:UiSelector[INSTANCE=0, RESOURCE_ID=com.play.android:id/sdv_image]
2017-05-31 08:46:51:503 - info: [AndroidBootstrap] [BOOTSTRAP LOG] [debug] Element[] is null: (1)
2017-05-31 08:46:51:503 - info: [AndroidBootstrap] [BOOTSTRAP LOG] [debug] getElements tmp selector:UiSelector[INSTANCE=1, RESOURCE_ID=com.play.android:id/sdv_image]
2017-05-31 08:46:51:534 - info: [AndroidBootstrap] [BOOTSTRAP LOG] [debug] Element[] is null: (2)
2017-05-31 08:46:51:534 - info: [AndroidBootstrap] [BOOTSTRAP LOG] [debug] getElements tmp selector:UiSelector[INSTANCE=2, RESOURCE_ID=com.play.android:id/sdv_image]
2017-05-31 08:46:51:597 - info: [AndroidBootstrap] [BOOTSTRAP LOG] [debug] Returning result: {"status":0,"value":[{"ELEMENT":"1"},{"ELEMENT":"2"}]}
2017-05-31 08:46:51:597 - info: [debug] [AndroidBootstrap] Received command result from bootstrap
2017-05-31 08:46:51:597 - info: [debug] [MJSONWP] Responding to client with driver.findElements() result: [{"ELEMENT":"1"},{"ELEMENT":"2"}]
2017-05-31 08:46:51:597 - info: [HTTP] <-- POST /wd/hub/session/1036d280-b282-413f-ba01-d5a3e63e09c3/elements 200 128 ms - 105 
2017-05-31 08:46:51:924 - info: [HTTP] --> POST /wd/hub/session/1036d280-b282-413f-ba01-d5a3e63e09c3/timeouts {"type":"implicit","ms":5000}
2017-05-31 08:46:51:924 - info: [debug] [MJSONWP] Calling AppiumDriver.timeouts() with args: ["implicit",5000,"1036d280-b282-413f-ba01-d5a3e63e09c3"]
2017-05-31 08:46:51:924 - info: [debug] [BaseDriver] Set implicit wait to 5000ms
2017-05-31 08:46:51:924 - info: [debug] [MJSONWP] Responding to client with driver.timeouts() result: null
2017-05-31 08:46:51:924 - info: [HTTP] <-- POST /wd/hub/session/1036d280-b282-413f-ba01-d5a3e63e09c3/timeouts 200 2 ms - 76 
2017-05-31 08:46:51:987 - info: [HTTP] --> POST /wd/hub/session/1036d280-b282-413f-ba01-d5a3e63e09c3/timeouts {"type":"implicit","ms":0}
2017-05-31 08:46:51:987 - info: [debug] [MJSONWP] Calling AppiumDriver.timeouts() with args: ["implicit",0,"1036d280-b282-413f-ba01-d5a3e63e09c3"]
2017-05-31 08:46:51:987 - info: [debug] [BaseDriver] Set implicit wait to 0ms
2017-05-31 08:46:51:987 - info: [debug] [MJSONWP] Responding to client with driver.timeouts() result: null
2017-05-31 08:46:51:987 - info: [HTTP] <-- POST /wd/hub/session/1036d280-b282-413f-ba01-d5a3e63e09c3/timeouts 200 3 ms - 76 
2017-05-31 08:46:52:006 - info: [HTTP] --> GET /wd/hub/session/1036d280-b282-413f-ba01-d5a3e63e09c3/context {}
2017-05-31 08:46:52:006 - info: [debug] [MJSONWP] Calling AppiumDriver.getCurrentContext() with args: ["1036d280-b282-413f-ba01-d5a3e63e09c3"]
2017-05-31 08:46:52:009 - info: [debug] [MJSONWP] Responding to client with driver.getCurrentContext() result: "NATIVE_APP"
2017-05-31 08:46:52:010 - info: [HTTP] <-- GET /wd/hub/session/1036d280-b282-413f-ba01-d5a3e63e09c3/context 200 4 ms - 84 
2017-05-31 08:46:52:016 - info: [HTTP] --> POST /wd/hub/session/1036d280-b282-413f-ba01-d5a3e63e09c3/elements {"using":"id","value":"com.play.android:id/sdv_image"}
2017-05-31 08:46:52:017 - info: [debug] [MJSONWP] Calling AppiumDriver.findElements() with args: ["id","com.play.android:id/sdv_image","1036d280-b282-413f-ba01-d5a3e63e09c3"]
2017-05-31 08:46:52:018 - info: [debug] [BaseDriver] Valid locator strategies for this request: xpath, id, class name, accessibility id, -android uiautomator
2017-05-31 08:46:52:018 - info: [debug] [BaseDriver] Valid locator strategies for this request: xpath, id, class name, accessibility id, -android uiautomator
2017-05-31 08:46:52:018 - info: [debug] [BaseDriver] Waiting up to 0 ms for condition
2017-05-31 08:46:52:019 - info: [debug] [AndroidBootstrap] Sending command to android: {"cmd":"action","action":"find","params":{"strategy":"id","selector":"com.play.android:id/sdv_image","context":"","multiple":true}}
2017-05-31 08:46:52:022 - info: [AndroidBootstrap] [BOOTSTRAP LOG] [debug] Got data from client: {"cmd":"action","action":"find","params":{"strategy":"id","selector":"com.play.android:id/sdv_image","context":"","multiple":true}}
2017-05-31 08:46:52:023 - info: [AndroidBootstrap] [BOOTSTRAP LOG] [debug] Got command of type ACTION
2017-05-31 08:46:52:023 - info: [AndroidBootstrap] [BOOTSTRAP LOG] [debug] Got command action: find
2017-05-31 08:46:52:023 - info: [AndroidBootstrap] [BOOTSTRAP LOG] [debug] Finding 'com.play.android:id/sdv_image' using 'ID' with the contextId: '' multiple: true
2017-05-31 08:46:52:023 - info: [AndroidBootstrap] [BOOTSTRAP LOG] [debug] Using: UiSelector[RESOURCE_ID=com.play.android:id/sdv_image]
2017-05-31 08:46:52:024 - info: [AndroidBootstrap] [BOOTSTRAP LOG] [debug] getElements selector:UiSelector[RESOURCE_ID=com.play.android:id/sdv_image]
2017-05-31 08:46:52:024 - info: [AndroidBootstrap] [BOOTSTRAP LOG] [debug] Element[] is null: (0)
2017-05-31 08:46:52:024 - info: [AndroidBootstrap] [BOOTSTRAP LOG] [debug] getElements tmp selector:UiSelector[INSTANCE=0, RESOURCE_ID=com.play.android:id/sdv_image]
2017-05-31 08:46:52:044 - info: [AndroidBootstrap] [BOOTSTRAP LOG] [debug] Element[] is null: (1)
2017-05-31 08:46:52:044 - info: [AndroidBootstrap] [BOOTSTRAP LOG] [debug] getElements tmp selector:UiSelector[INSTANCE=1, RESOURCE_ID=com.play.android:id/sdv_image]
2017-05-31 08:46:52:091 - info: [AndroidBootstrap] [BOOTSTRAP LOG] [debug] Element[] is null: (2)
2017-05-31 08:46:52:091 - info: [AndroidBootstrap] [BOOTSTRAP LOG] [debug] getElements tmp selector:UiSelector[INSTANCE=2, RESOURCE_ID=com.play.android:id/sdv_image]
2017-05-31 08:46:52:138 - info: [AndroidBootstrap] [BOOTSTRAP LOG] [debug] Returning result: {"status":0,"value":[{"ELEMENT":"3"},{"ELEMENT":"4"}]}
2017-05-31 08:46:52:138 - info: [debug] [AndroidBootstrap] Received command result from bootstrap
2017-05-31 08:46:52:138 - info: [debug] [MJSONWP] Responding to client with driver.findElements() result: [{"ELEMENT":"3"},{"ELEMENT":"4"}]
2017-05-31 08:46:52:138 - info: [HTTP] <-- POST /wd/hub/session/1036d280-b282-413f-ba01-d5a3e63e09c3/elements 200 126 ms - 105 
2017-05-31 08:46:52:356 - info: [HTTP] --> POST /wd/hub/session/1036d280-b282-413f-ba01-d5a3e63e09c3/timeouts {"type":"implicit","ms":5000}
2017-05-31 08:46:52:356 - info: [debug] [MJSONWP] Calling AppiumDriver.timeouts() with args: ["implicit",5000,"1036d280-b282-413f-ba01-d5a3e63e09c3"]
2017-05-31 08:46:52:356 - info: [debug] [BaseDriver] Set implicit wait to 5000ms
2017-05-31 08:46:52:356 - info: [debug] [MJSONWP] Responding to client with driver.timeouts() result: null
2017-05-31 08:46:52:356 - info: [HTTP] <-- POST /wd/hub/session/1036d280-b282-413f-ba01-d5a3e63e09c3/timeouts 200 5 ms - 76 
2017-05-31 08:46:52:387 - info: [HTTP] --> POST /wd/hub/session/1036d280-b282-413f-ba01-d5a3e63e09c3/element/4/click {"id":"4"}
2017-05-31 08:46:52:387 - info: [debug] [MJSONWP] Calling AppiumDriver.click() with args: ["4","1036d280-b282-413f-ba01-d5a3e63e09c3"]
2017-05-31 08:46:52:387 - info: [debug] [AndroidBootstrap] Sending command to android: {"cmd":"action","action":"element:click","params":{"elementId":"4"}}
2017-05-31 08:46:52:387 - info: [AndroidBootstrap] [BOOTSTRAP LOG] [debug] Got data from client: {"cmd":"action","action":"element:click","params":{"elementId":"4"}}
2017-05-31 08:46:52:387 - info: [AndroidBootstrap] [BOOTSTRAP LOG] [debug] Got command of type ACTION
2017-05-31 08:46:52:387 - info: [AndroidBootstrap] [BOOTSTRAP LOG] [debug] Got command action: click
2017-05-31 08:46:52:559 - info: [AndroidBootstrap] [BOOTSTRAP LOG] [debug] Returning result: {"status":0,"value":true}
2017-05-31 08:46:52:559 - info: [debug] [AndroidBootstrap] Received command result from bootstrap
2017-05-31 08:46:52:559 - info: [debug] [MJSONWP] Responding to client with driver.click() result: true
2017-05-31 08:46:52:559 - info: [HTTP] <-- POST /wd/hub/session/1036d280-b282-413f-ba01-d5a3e63e09c3/element/4/click 200 175 ms - 76 
2017-05-31 08:46:52:574 - info: [HTTP] --> GET /wd/hub/session/1036d280-b282-413f-ba01-d5a3e63e09c3/appium/device/current_activity {}
2017-05-31 08:46:52:574 - info: [debug] [MJSONWP] Calling AppiumDriver.getCurrentActivity() with args: ["1036d280-b282-413f-ba01-d5a3e63e09c3"]
2017-05-31 08:46:52:574 - info: [debug] [ADB] Getting focused package and activity
2017-05-31 08:46:52:574 - info: [debug] [ADB] Getting connected devices...
2017-05-31 08:46:52:606 - info: [debug] [ADB] 1 device(s) connected
2017-05-31 08:46:52:606 - info: [debug] [ADB] Running 'D:\SoftWare\SDK\platform-tools\adb.exe' with args: ["-P",5037,"-s","85GBBMA2353T","shell","dumpsys","window","windows"]
2017-05-31 08:46:52:652 - info: [debug] [MJSONWP] Responding to client with driver.getCurrentActivity() result: ".activity.product.ProductClassifitionActivity"
2017-05-31 08:46:52:668 - info: [HTTP] <-- GET /wd/hub/session/1036d280-b282-413f-ba01-d5a3e63e09c3/appium/device/current_activity 200 92 ms - 119 
2017-05-31 08:46:52:684 - info: [HTTP] --> GET /wd/hub/session/1036d280-b282-413f-ba01-d5a3e63e09c3/contexts {}
2017-05-31 08:46:52:684 - info: [debug] [MJSONWP] Calling AppiumDriver.getContexts() with args: ["1036d280-b282-413f-ba01-d5a3e63e09c3"]
2017-05-31 08:46:52:684 - info: [debug] [AndroidDriver] Getting a list of available webviews
2017-05-31 08:46:52:684 - info: [debug] [ADB] Getting connected devices...
2017-05-31 08:46:52:715 - info: [debug] [ADB] 1 device(s) connected
2017-05-31 08:46:52:715 - info: [debug] [ADB] Running 'D:\SoftWare\SDK\platform-tools\adb.exe' with args: ["-P",5037,"-s","85GBBMA2353T","shell","cat","/proc/net/unix"]
2017-05-31 08:46:52:762 - info: [debug] [AndroidDriver] Found webviews: []
2017-05-31 08:46:52:777 - info: [debug] [AndroidDriver] Available contexts: ["NATIVE_APP"]
2017-05-31 08:46:52:777 - info: [debug] [MJSONWP] Responding to client with driver.getContexts() result: ["NATIVE_APP"]
2017-05-31 08:46:52:777 - info: [HTTP] <-- GET /wd/hub/session/1036d280-b282-413f-ba01-d5a3e63e09c3/contexts 200 94 ms - 86 
2017-05-31 08:46:52:793 - info: [HTTP] --> GET /wd/hub/session/1036d280-b282-413f-ba01-d5a3e63e09c3/source {}
2017-05-31 08:46:52:793 - info: [debug] [MJSONWP] Calling AppiumDriver.getPageSource() with args: ["1036d280-b282-413f-ba01-d5a3e63e09c3"]
2017-05-31 08:46:52:793 - info: [debug] [AndroidBootstrap] Sending command to android: {"cmd":"action","action":"source","params":{}}
2017-05-31 08:46:52:793 - info: [AndroidBootstrap] [BOOTSTRAP LOG] [debug] Got data from client: {"cmd":"action","action":"source","params":{}}
2017-05-31 08:46:52:793 - info: [AndroidBootstrap] [BOOTSTRAP LOG] [debug] Got command of type ACTION
2017-05-31 08:46:52:793 - info: [AndroidBootstrap] [BOOTSTRAP LOG] [debug] Got command action: source
2017-05-31 08:46:55:289 - info: [debug] [AndroidBootstrap] [UIAUTO STDOUT] [APPIUM-UIAUTO] [debug] Returning result: {"status":0,"value":"<?xml version=\"1.0\" encoding=\"UTF-8\"?><hierarchy rotation=\"0\"><android.widget.FrameLayout index=\"0\" text=\"\" class=\"android.widget.FrameLayout\" package=\"com.play.android\" content-desc=\"\" checkable=\"false\" checked=\"false\" clickable=\"false\" enabled=\"true\" focusable=\"false\" focused=\"false\" scrollable=\"false\" long-clickable=\"false\" password=\"false\" selected=\"false\" bounds=\"[0,0][1080,1920]\" resource-id=\"\" instance=\"0\"><android.widget.LinearLayout index=\"0\" text=\"\" class=\"android.widget.LinearLayout\" package=\"com.play.android\" content-desc=\"\" checkable=\"false\" checked=\"false\" clickable=\"false\" enabled=\"true\" focusable=\"false\" focused=\"false\" scrollable=\"false\" long-clickable=\"false\" password=\"false\" selected=\"false\" bounds=\"[0,0][1080,1920]\" resource-id=\"\" instance=\"0\"><android.widget.FrameLayout index=\"0\" text=\"\" class=\"android.widget.FrameLayout\" package=\"com.play.android\" content-desc=\"\" checkable=\"false\" checked=\"false\" clickable=\"false\" enabled=\"true\" focusable=\"false\" focused=\"false\" scrollable=\"false\" long-clickable=\"false\" password=\"false\" selected=\"false\" bounds=\"[0,66][1080,1920]\" resource-id=\"\" instance=\"1\"><android.widget.LinearLayout index=\"0\" text=\"\" class=\"android.widget.LinearLayout\" package=\"com.play.android\" content-desc=\"\" checkable=\"false\" checked=\"false\" clickable=\"false\" enabled=\"true\" focusable=\"false\" focused=\"false\" scrollable=\"false\" long-clickable=\"false\" password=\"false\" selected=\"false\" bounds=\"[0,66][1080,1920]\" resource-id=\"com.play.android:id\/action_bar_root\" instance=\"1\"><android.widget.FrameLayout index=\"0\" text=\"\" class=\"android.widget.FrameLayout\" package=\"com.play.android\" content-desc=\"\" checkable=\"false\" checked=\"false\" clickable=\"false\" enabled=\"true\" focusable=\"false\" focused=\"false\" scrollable=\"false\" long-clickable=\"false\" password=\"false\" selected=\"false\" bounds=\"[0,66][1080,1920]\" resource-id=\"android:id\/content\" instance=\"2\"><android.widget.RelativeLayout index=\"0\" text=\"\" class=\"android.widget.RelativeLayout\" package=\"com.play.android\" content-desc=\"\" checkable=\"false\" checked=\"false\" clickable=\"false\" enabled=\"true\" focusable=\"false\" focused=\"false\" scrollable=\"false\" long-clickable=\"false\" password=\"false\" selected=\"false\" bounds=\"[0,66][1080,1920]\" resource-id=\"com.play.android:id\/activity_home\" instance=\"0\"><android.widget.LinearLayout index=\"0\" text=\"\" class=\"android.widget.LinearLayout\" package=\"com.play.android\" content-desc=\"\" checkable=\"false\" checked=\"false\" clickable=\"false\" enabled=\"true\" focusable=\"false\" focused=\"false\" scrollable=\"false\" long-clickable=\"false\" password=\"false\" selected=\"false\" bounds=\"[0,66][1080,1920]\" resource-id=\"\" instance=\"2\"><android.widget.RelativeLayout index=\"0\" text=\"\" class=\"android.widget.RelativeLayout\" package=\"com.play.android\" content-desc=\"\" checkable=\"false\" checked=\"false\" clickable=\"false\" enabled=\"true\" focusable=\"false\" focused=\"false\" scrollable=\"false\" long-clickable=\"false\" password=\"false\" selected=\"false\" bounds=\"[0,66][1080,1785]\" resource-id=\"\" instance=\"1\"><android.widget.RelativeLayout index=\"0\" text=\"\" class=\"android.widget.RelativeLayout\" package=\"com.play.android\" content-desc=\"\" checkable=\"false\" checked=\"false\" clickable=\"false\" enabled=\"true\" focusable=\"false\" focused=\"false\" scrollable=\"false\" long-clickable=\"false\" password=\"false\" selected=\"false\" bounds=\"[0,66][1080,1785]\" resource-id=\"com.play.android:id\/rl_fragment\" instance=\"2\"><android.widget.LinearLayout index=\"0\" text=\"\" class=\"android.widget.LinearLayout\" package=\"com.play.android\" content-desc=\"\" checkable=\"false\" checked=\"false\" clickable=\"false\" enabled=\"true\" focusable=\"false\" focused=\"false\" scrollable=\"false\" long-clickable=\"false\"
2017-05-31 08:46:55:289 - info: [debug] [AndroidBootstrap] [UIAUTO STDOUT]  password=\"false\" selected=\"false\" bounds=\"[0,66][1080,1785]\" resource-id=\"\" instance=\"3\"><android.view.View index=\"0\" text=\"\" class=\"android.view.View\" package=\"com.play.android\" content-desc=\"\" checkable=\"false\" checked=\"false\" clickable=\"false\" enabled=\"true\" focusable=\"false\" focused=\"false\" scrollable=\"false\" long-clickable=\"false\" password=\"false\" selected=\"false\" bounds=\"[0,66][1080,1785]\" resource-id=\"com.play.android:id\/srf_category\" instance=\"0\"><android.support.v7.widget.RecyclerView index=\"0\" text=\"\" class=\"android.support.v7.widget.RecyclerView\" package=\"com.play.android\" content-desc=\"\" checkable=\"false\" checked=\"false\" clickable=\"false\" enabled=\"true\" focusable=\"true\" focused=\"true\" scrollable=\"true\" long-clickable=\"false\" password=\"false\" selected=\"false\" bounds=\"[0,66][1080,1785]\" resource-id=\"com.play.android:id\/rcv_categories\" instance=\"0\"><android.widget.LinearLayout index=\"0\" text=\"\" class=\"android.widget.LinearLayout\" package=\"com.play.android\" content-desc=\"\" checkable=\"false\" checked=\"false\" clickable=\"false\" enabled=\"true\" focusable=\"false\" focused=\"false\" scrollable=\"false\" long-clickable=\"false\" password=\"false\" selected=\"false\" bounds=\"[0,66][1080,786]\" resource-id=\"\" instance=\"4\"><android.widget.LinearLayout index=\"0\" text=\"\" class=\"android.widget.LinearLayout\" package=\"com.play.android\" content-desc=\"\" checkable=\"false\" checked=\"false\" clickable=\"false\" enabled=\"true\" focusable=\"false\" focused=\"false\" scrollable=\"false\" long-clickable=\"false\" password=\"false\" selected=\"false\" bounds=\"[0,66][1080,786]\" resource-id=\"com.play.android:id\/cb_banner\" instance=\"5\"><android.widget.LinearLayout index=\"0\" text=\"\" class=\"android.widget.LinearLayout\" package=\"com.play.android\" content-desc=\"\" checkable=\"false\" checked=\"false\" clickable=\"false\" enabled=\"true\" focusable=\"false\" focused=\"false\" scrollable=\"false\" long-clickable=\"false\" password=\"false\" selected=\"false\" bounds=\"[0,66][1080,786]\" resource-id=\"\" instance=\"6\"><android.widget.RelativeLayout index=\"0\" text=\"\" class=\"android.widget.RelativeLayout\" package=\"com.play.android\" content-desc=\"\" checkable=\"false\" checked=\"false\" clickable=\"false\" enabled=\"true\" focusable=\"false\" focused=\"false\" scrollable=\"false\" long-clickable=\"false\" password=\"false\" selected=\"false\" bounds=\"[0,66][1080,786]\" resource-id=\"\" instance=\"3\"><android.support.v4.view.ViewPager index=\"0\" text=\"\" class=\"android.support.v4.view.ViewPager\" package=\"com.play.android\" content-desc=\"\" checkable=\"false\" checked=\"false\" clickable=\"false\" enabled=\"true\" focusable=\"true\" focused=\"false\" scrollable=\"true\" long-clickable=\"false\" password=\"false\" selected=\"false\" bounds=\"[0,66][1080,786]\" resource-id=\"com.play.android:id\/cbLoopViewPager\" instance=\"0\"><android.widget.ImageView NAF=\"true\" index=\"1\" text=\"\" class=\"android.widget.ImageView\" package=\"com.play.android\" content-desc=\"\" checkable=\"false\" checked=\"false\" clickable=\"true\" enabled=\"true\" focusable=\"false\" focused=\"false\" scrollable=\"false\" long-clickable=\"false\" password=\"false\" selected=\"false\" bounds=\"[0,66][1080,786]\" resource-id=\"\" instance=\"0\"\/><\/android.support.v4.view.ViewPager><android.widget.LinearLayout index=\"1\" text=\"\" class=\"android.widget.LinearLayout\" package=\"com.play.android\" content-desc=\"\" checkable=\"false\" checked=\"false\" clickable=\"false\" enabled=\"true\" focusable=\"false\" focused=\"false\" scrollable=\"false\" long-clickable=\"false\" password=\"false\" selected=\"false\" bounds=\"[524,735][555,756]\" resource-id=\"com.play.android:id\/loPageTurningPoint\" instance=\"7\"><android.widget.ImageView index=\"0\" text=\"\" class=\"android.widget.ImageView\" package=\"com.play.android\" content-desc=\"\" checkable=\"false\" checked=\"false\" clickable=\"false\" enabled=\"true\" focusable=\"false\"
2017-05-31 08:46:55:304 - info: [debug] [AndroidBootstrap] Received command result from bootstrap
2017-05-31 08:46:55:304 - info: [debug] [AndroidBootstrap] Stream still not complete, waiting
2017-05-31 08:46:55:304 - info: [debug] [AndroidBootstrap] [UIAUTO STDOUT]  focused=\"false\" scrollable=\"false\" long-clickable=\"false\" password=\"false\" selected=\"false\" bounds=\"[524,735][555,756]\" resource-id=\"\" instance=\"1\"\/><\/android.widget.LinearLayout><\/android.widget.RelativeLayout><\/android.widget.LinearLayout><\/android.widget.LinearLayout><\/android.widget.LinearLayout><android.widget.RelativeLayout index=\"1\" text=\"\" class=\"android.widget.RelativeLayout\" package=\"com.play.android\" content-desc=\"\" checkable=\"false\" checked=\"false\" clickable=\"false\" enabled=\"true\" focusable=\"false\" focused=\"false\" scrollable=\"false\" long-clickable=\"false\" password=\"false\" selected=\"false\" bounds=\"[0,786][1080,1434]\" resource-id=\"\" instance=\"4\"><android.widget.ImageView NAF=\"true\" index=\"0\" text=\"\" class=\"android.widget.ImageView\" package=\"com.play.android\" content-desc=\"\" checkable=\"false\" checked=\"false\" clickable=\"true\" enabled=\"true\" focusable=\"false\" focused=\"false\" scrollable=\"false\" long-clickable=\"false\" password=\"false\" selected=\"false\" bounds=\"[0,786][1080,1434]\" resource-id=\"com.play.android:id\/sdv_image\" instance=\"2\"\/><\/android.widget.RelativeLayout><android.widget.RelativeLayout index=\"2\" text=\"\" class=\"android.widget.RelativeLayout\" package=\"com.play.android\" content-desc=\"\" checkable=\"false\" checked=\"false\" clickable=\"false\" enabled=\"true\" focusable=\"false\" focused=\"false\" scrollable=\"false\" long-clickable=\"false\" password=\"false\" selected=\"false\" bounds=\"[0,1434][1080,1785]\" resource-id=\"\" instance=\"5\"><android.widget.ImageView NAF=\"true\" index=\"0\" text=\"\" class=\"android.widget.ImageView\" package=\"com.play.android\" content-desc=\"\" checkable=\"false\" checked=\"false\" clickable=\"true\" enabled=\"true\" focusable=\"false\" focused=\"false\" scrollable=\"false\" long-clickable=\"false\" password=\"false\" selected=\"false\" bounds=\"[0,1434][1080,1785]\" resource-id=\"com.play.android:id\/sdv_image\" instance=\"3\"\/><\/android.widget.RelativeLayout><\/android.support.v7.widget.RecyclerView><\/android.view.View><\/android.widget.LinearLayout><\/android.widget.RelativeLayout><\/android.widget.RelativeLayout><android.widget.LinearLayout index=\"1\" text=\"\" class=\"android.widget.LinearLayout\" package=\"com.play.android\" content-desc=\"\" checkable=\"false\" checked=\"false\" clickable=\"false\" enabled=\"true\" focusable=\"false\" focused=\"false\" scrollable=\"false\" long-clickable=\"false\" password=\"false\" selected=\"false\" bounds=\"[0,1785][1080,1920]\" resource-id=\"\" instance=\"8\"><android.widget.LinearLayout index=\"0\" text=\"\" class=\"android.widget.LinearLayout\" package=\"com.play.android\" content-desc=\"\" checkable=\"false\" checked=\"false\" clickable=\"false\" enabled=\"true\" focusable=\"false\" focused=\"false\" scrollable=\"false\" long-clickable=\"false\" password=\"false\" selected=\"false\" bounds=\"[0,1785][1080,1920]\" resource-id=\"\" instance=\"9\"><android.view.View index=\"0\" text=\"\" class=\"android.view.View\" package=\"com.play.android\" content-desc=\"\" checkable=\"false\" checked=\"false\" clickable=\"false\" enabled=\"true\" focusable=\"false\" focused=\"false\" scrollable=\"false\" long-clickable=\"false\" password=\"false\" selected=\"false\" bounds=\"[0,1785][108,1920]\" resource-id=\"\" instance=\"1\"\/><android.view.View index=\"1\" text=\"\" class=\"android.view.View\" package=\"com.play.android\" content-desc=\"\" checkable=\"false\" checked=\"false\" clickable=\"true\" enabled=\"true\" focusable=\"false\" focused=\"false\" scrollable=\"false\" long-clickable=\"false\" password=\"false\" selected=\"false\" bounds=\"[108,1785][396,1920]\" resource-id=\"com.play.android:id\/btn_diy\" instance=\"2\"><android.widget.TextView index=\"0\" text=\"定 制\" class=\"android.widget.TextView\" package=\"com.play.android\" content-desc=\"\" checkable=\"false\" checked=\"false\" clickable=\"false\" enabled=\"true\" focusable=\"false\" focused=\"false\" scrollable=\"false\" long-clickable=\"false\" password=\"fa
2017-05-31 08:46:55:304 - info: [debug] [AndroidBootstrap] Received command result from bootstrap
2017-05-31 08:46:55:304 - info: [debug] [AndroidBootstrap] Stream still not complete, waiting
2017-05-31 08:46:55:304 - info: [debug] [AndroidBootstrap] [UIAUTO STDOUT] lse\" selected=\"false\" bounds=\"[218,1880][286,1915]\" resource-id=\"\" instance=\"0\"\/><android.widget.ImageView index=\"1\" text=\"\" class=\"android.widget.ImageView\" package=\"com.play.android\" content-desc=\"\" checkable=\"false\" checked=\"false\" clickable=\"false\" enabled=\"true\" focusable=\"false\" focused=\"false\" scrollable=\"false\" long-clickable=\"false\" password=\"false\" selected=\"false\" bounds=\"[225,1785][279,1907]\" resource-id=\"\" instance=\"4\"\/><\/android.view.View><android.widget.RelativeLayout index=\"2\" text=\"\" class=\"android.widget.RelativeLayout\" package=\"com.play.android\" content-desc=\"\" checkable=\"false\" checked=\"false\" clickable=\"false\" enabled=\"true\" focusable=\"false\" focused=\"false\" scrollable=\"false\" long-clickable=\"false\" password=\"false\" selected=\"false\" bounds=\"[396,1785][684,1920]\" resource-id=\"\" instance=\"6\"><android.widget.ImageView index=\"0\" text=\"\" class=\"android.widget.ImageView\" package=\"com.play.android\" content-desc=\"\" checkable=\"false\" checked=\"false\" clickable=\"false\" enabled=\"true\" focusable=\"false\" focused=\"false\" scrollable=\"false\" long-clickable=\"false\" password=\"false\" selected=\"false\" bounds=\"[450,1785][630,1920]\" resource-id=\"\" instance=\"5\"\/><\/android.widget.RelativeLayout><android.view.View index=\"3\" text=\"\" class=\"android.view.View\" package=\"com.play.android\" content-desc=\"\" checkable=\"false\" checked=\"false\" clickable=\"true\" enabled=\"true\" focusable=\"false\" focused=\"false\" scrollable=\"false\" long-clickable=\"false\" password=\"false\" selected=\"false\" bounds=\"[684,1785][972,1920]\" resource-id=\"com.play.android:id\/btn_profile\" instance=\"3\"><android.widget.TextView index=\"0\" text=\"我 的\" class=\"android.widget.TextView\" package=\"com.play.android\" content-desc=\"\" checkable=\"false\" checked=\"false\" clickable=\"false\" enabled=\"true\" focusable=\"false\" focused=\"false\" scrollable=\"false\" long-clickable=\"false\" password=\"false\" selected=\"false\" bounds=\"[794,1880][862,1915]\" resource-id=\"\" instance=\"1\"\/><android.widget.ImageView index=\"1\" text=\"\" class=\"android.widget.ImageView\" package=\"com.play.android\" content-desc=\"\" checkable=\"false\" checked=\"false\" clickable=\"false\" enabled=\"true\" focusable=\"false\" focused=\"false\" scrollable=\"false\" long-clickable=\"false\" password=\"false\" selected=\"false\" bounds=\"[801,1785][855,1907]\" resource-id=\"\" instance=\"6\"\/><\/android.view.View><android.view.View index=\"4\" text=\"\" class=\"android.view.View\" package=\"com.play.android\" content-desc=\"\" checkable=\"false\" checked=\"false\" clickable=\"false\" enabled=\"true\" focusable=\"false\" focused=\"false\" scrollable=\"false\" long-clickable=\"false\" password=\"false\" selected=\"false\" bounds=\"[972,1785][1080,1920]\" resource-id=\"\" instance=\"4\"\/><\/android.widget.LinearLayout><\/android.widget.LinearLayout><\/android.widget.LinearLayout><android.widget.ImageView NAF=\"true\" index=\"1\" text=\"\" class=\"android.widget.ImageView\" package=\"com.play.android\" content-desc=\"\" checkable=\"false\" checked=\"false\" clickable=\"true\" enabled=\"true\" focusable=\"false\" focused=\"false\" scrollable=\"false\" long-clickable=\"false\" password=\"false\" selected=\"false\" bounds=\"[450,1740][630,1920]\" resource-id=\"com.play.android:id\/btn_cart\" instance=\"7\"\/><\/android.widget.RelativeLayout><\/android.widget.FrameLayout><\/android.widget.LinearLayout><\/android.widget.FrameLayout><\/android.widget.LinearLayout><android.view.View index=\"1\" text=\"\" class=\"android.view.View\" package=\"com.play.android\" content-desc=\"\" checkable=\"false\" checked=\"false\" clickable=\"false\" enabled=\"true\" focusable=\"false\" focused=\"false\" scrollable=\"false\" long-clickable=\"false\" password=\"false\" selected=\"false\" bounds=\"[0,0][1080,70]\" resource-id=\"android:id\/statusBarBackground\" instance=\"5\"\/><\/android.widget.FrameLayout><\/hierarchy>"}[/APPIUM-UIAUTO]
2017-05-31 08:46:55:320 - info: [debug] [AndroidBootstrap] Received command result from bootstrap
2017-05-31 08:46:55:321 - info: [debug] [MJSONWP] Responding to client with driver.getPageSource() result: "<?xml version=\"1.0\" encoding=\"UTF-8\"?><hierarchy rotation=\"0\"><android.widget.FrameLayout index=\"0\" text=\"\" class=\"android.widget.FrameLayout\" package=\"com.play.android\" content-desc=\"\" checkable=\"false\" checked=\"false\" clickable=\"false\" enabled=\"true\" focusable=\"false\" focused=\"false\" scrollable=\"false\" long-clickable=\"false\" password=\"false\" selected=\"false\" bounds=\"[0,0][1080,1920]\" resource-id=\"\" instance=\"0\"><android.widget.LinearLayout index=\"0\" text=\"\" class=\"android.widget.LinearLayout\" package=\"com.play.android\" content-desc=\"\" checkable=\"false\" checked=\"false\" clickable=\"false\" enabled=\"true\" focusable=\"false\" focused=\"false\" scrollable=\"false\" long-clickable=\"false\" password=\"false\" selected=\"false\" bounds=\"[0,0][1080,1920]\" resource-id=\"\" instance=\"0\"><android.widget.FrameLayout index=\"0\" text=\"\" class=\"android.widget.FrameLayout\" package=\"com.play.android\" content-desc=\"\" checkable=\"false\" checked=\"fals...
2017-05-31 08:46:55:321 - info: [HTTP] <-- GET /wd/hub/session/1036d280-b282-413f-ba01-d5a3e63e09c3/source 200 2525 ms - 16306 
2017-05-31 08:46:55:399 - info: [HTTP] --> POST /wd/hub/session/1036d280-b282-413f-ba01-d5a3e63e09c3/timeouts {"type":"implicit","ms":0}
2017-05-31 08:46:55:399 - info: [debug] [MJSONWP] Calling AppiumDriver.timeouts() with args: ["implicit",0,"1036d280-b282-413f-ba01-d5a3e63e09c3"]
2017-05-31 08:46:55:399 - info: [debug] [BaseDriver] Set implicit wait to 0ms
2017-05-31 08:46:55:399 - info: [debug] [MJSONWP] Responding to client with driver.timeouts() result: null
2017-05-31 08:46:55:399 - info: [HTTP] <-- POST /wd/hub/session/1036d280-b282-413f-ba01-d5a3e63e09c3/timeouts 200 2 ms - 76 
2017-05-31 08:46:55:415 - info: [HTTP] --> GET /wd/hub/session/1036d280-b282-413f-ba01-d5a3e63e09c3/context {}
2017-05-31 08:46:55:415 - info: [debug] [MJSONWP] Calling AppiumDriver.getCurrentContext() with args: ["1036d280-b282-413f-ba01-d5a3e63e09c3"]
2017-05-31 08:46:55:415 - info: [debug] [MJSONWP] Responding to client with driver.getCurrentContext() result: "NATIVE_APP"
2017-05-31 08:46:55:415 - info: [HTTP] <-- GET /wd/hub/session/1036d280-b282-413f-ba01-d5a3e63e09c3/context 200 4 ms - 84 
2017-05-31 08:46:55:430 - info: [HTTP] --> POST /wd/hub/session/1036d280-b282-413f-ba01-d5a3e63e09c3/elements {"using":"xpath","value":"//*[@id='pageWrap']/section/div/ul/li[1]/a/img"}
2017-05-31 08:46:55:430 - info: [debug] [MJSONWP] Calling AppiumDriver.findElements() with args: ["xpath","//*[@id='pageWrap']/section/div/ul/li[1]/a/img","1036d280-b282-413f-ba01-d5a3e63e09c3"]
2017-05-31 08:46:55:430 - info: [debug] [BaseDriver] Valid locator strategies for this request: xpath, id, class name, accessibility id, -android uiautomator
2017-05-31 08:46:55:430 - info: [debug] [BaseDriver] Valid locator strategies for this request: xpath, id, class name, accessibility id, -android uiautomator
2017-05-31 08:46:55:430 - info: [debug] [BaseDriver] Waiting up to 0 ms for condition
2017-05-31 08:46:55:430 - info: [debug] [AndroidBootstrap] Sending command to android: {"cmd":"action","action":"find","params":{"strategy":"xpath","selector":"//*[@id='pageWrap']/section/div/ul/li[1]/a/img","context":"","multiple":true}}
2017-05-31 08:46:55:430 - info: [AndroidBootstrap] [BOOTSTRAP LOG] [debug] Got data from client: {"cmd":"action","action":"find","params":{"strategy":"xpath","selector":"//*[@id='pageWrap']/section/div/ul/li[1]/a/img","context":"","multiple":true}}
2017-05-31 08:46:55:430 - info: [AndroidBootstrap] [BOOTSTRAP LOG] [debug] Got command of type ACTION
2017-05-31 08:46:55:430 - info: [AndroidBootstrap] [BOOTSTRAP LOG] [debug] Got command action: find
2017-05-31 08:46:55:430 - info: [AndroidBootstrap] [BOOTSTRAP LOG] [debug] Finding '//*[@id='pageWrap']/section/div/ul/li[1]/a/img' using 'XPATH' with the contextId: '' multiple: true
2017-05-31 08:46:55:477 - info: [AndroidBootstrap] [BOOTSTRAP LOG] [debug] Failed to locate element. Clearing Accessibility cache and retrying.
2017-05-31 08:46:55:477 - info: [AndroidBootstrap] [BOOTSTRAP LOG] [debug] Finding '//*[@id='pageWrap']/section/div/ul/li[1]/a/img' using 'XPATH' with the contextId: '' multiple: true
2017-05-31 08:46:55:508 - info: [AndroidBootstrap] [BOOTSTRAP LOG] [debug] Returning result: {"status":0,"value":[]}
2017-05-31 08:46:55:508 - info: [debug] [AndroidBootstrap] Received command result from bootstrap
2017-05-31 08:46:55:508 - info: [debug] [MJSONWP] Responding to client with driver.findElements() result: []
2017-05-31 08:46:55:524 - info: [HTTP] <-- POST /wd/hub/session/1036d280-b282-413f-ba01-d5a3e63e09c3/elements 200 97 ms - 74 
2017-05-31 08:46:56:041 - info: [HTTP] --> GET /wd/hub/session/1036d280-b282-413f-ba01-d5a3e63e09c3/context {}
2017-05-31 08:46:56:041 - info: [debug] [MJSONWP] Calling AppiumDriver.getCurrentContext() with args: ["1036d280-b282-413f-ba01-d5a3e63e09c3"]
2017-05-31 08:46:56:041 - info: [debug] [MJSONWP] Responding to client with driver.getCurrentContext() result: "NATIVE_APP"
2017-05-31 08:46:56:041 - info: [HTTP] <-- GET /wd/hub/session/1036d280-b282-413f-ba01-d5a3e63e09c3/context 200 4 ms - 84 
2017-05-31 08:46:56:056 - info: [HTTP] --> POST /wd/hub/session/1036d280-b282-413f-ba01-d5a3e63e09c3/elements {"using":"xpath","value":"//*[@id='pageWrap']/section/div/ul/li[1]/a/img"}
2017-05-31 08:46:56:056 - info: [debug] [MJSONWP] Calling AppiumDriver.findElements() with args: ["xpath","//*[@id='pageWrap']/section/div/ul/li[1]/a/img","1036d280-b282-413f-ba01-d5a3e63e09c3"]
2017-05-31 08:46:56:056 - info: [debug] [BaseDriver] Valid locator strategies for this request: xpath, id, class name, accessibility id, -android uiautomator
2017-05-31 08:46:56:056 - info: [debug] [BaseDriver] Valid locator strategies for this request: xpath, id, class name, accessibility id, -android uiautomator
2017-05-31 08:46:56:056 - info: [debug] [BaseDriver] Waiting up to 0 ms for condition
2017-05-31 08:46:56:056 - info: [debug] [AndroidBootstrap] Sending command to android: {"cmd":"action","action":"find","params":{"strategy":"xpath","selector":"//*[@id='pageWrap']/section/div/ul/li[1]/a/img","context":"","multiple":true}}
2017-05-31 08:46:56:072 - info: [AndroidBootstrap] [BOOTSTRAP LOG] [debug] Got data from client: {"cmd":"action","action":"find","params":{"strategy":"xpath","selector":"//*[@id='pageWrap']/section/div/ul/li[1]/a/img","context":"","multiple":true}}
2017-05-31 08:46:56:072 - info: [AndroidBootstrap] [BOOTSTRAP LOG] [debug] Got command of type ACTION
2017-05-31 08:46:56:072 - info: [AndroidBootstrap] [BOOTSTRAP LOG] [debug] Got command action: find
2017-05-31 08:46:56:072 - info: [AndroidBootstrap] [BOOTSTRAP LOG] [debug] Finding '//*[@id='pageWrap']/section/div/ul/li[1]/a/img' using 'XPATH' with the contextId: '' multiple: true
2017-05-31 08:46:56:150 - info: [AndroidBootstrap] [BOOTSTRAP LOG] [debug] Failed to locate element. Clearing Accessibility cache and retrying.
2017-05-31 08:46:56:150 - info: [AndroidBootstrap] [BOOTSTRAP LOG] [debug] Finding '//*[@id='pageWrap']/section/div/ul/li[1]/a/img' using 'XPATH' with the contextId: '' multiple: true
2017-05-31 08:46:56:197 - info: [AndroidBootstrap] [BOOTSTRAP LOG] [debug] Returning result: {"status":0,"value":[]}
2017-05-31 08:46:56:197 - info: [debug] [AndroidBootstrap] Received command result from bootstrap
2017-05-31 08:46:56:197 - info: [debug] [MJSONWP] Responding to client with driver.findElements() result: []
2017-05-31 08:46:56:197 - info: [HTTP] <-- POST /wd/hub/session/1036d280-b282-413f-ba01-d5a3e63e09c3/elements 200 149 ms - 74 
2017-05-31 08:46:56:700 - info: [HTTP] --> GET /wd/hub/session/1036d280-b282-413f-ba01-d5a3e63e09c3/context {}
2017-05-31 08:46:56:702 - info: [debug] [MJSONWP] Calling AppiumDriver.getCurrentContext() with args: ["1036d280-b282-413f-ba01-d5a3e63e09c3"]
2017-05-31 08:46:56:703 - info: [debug] [MJSONWP] Responding to client with driver.getCurrentContext() result: "NATIVE_APP"
2017-05-31 08:46:56:708 - info: [HTTP] <-- GET /wd/hub/session/1036d280-b282-413f-ba01-d5a3e63e09c3/context 200 5 ms - 84 
2017-05-31 08:46:56:709 - info: [HTTP] --> POST /wd/hub/session/1036d280-b282-413f-ba01-d5a3e63e09c3/elements {"using":"xpath","value":"//*[@id='pageWrap']/section/div/ul/li[1]/a/img"}
2017-05-31 08:46:56:710 - info: [debug] [MJSONWP] Calling AppiumDriver.findElements() with args: ["xpath","//*[@id='pageWrap']/section/div/ul/li[1]/a/img","1036d280-b282-413f-ba01-d5a3e63e09c3"]
2017-05-31 08:46:56:711 - info: [debug] [BaseDriver] Valid locator strategies for this request: xpath, id, class name, accessibility id, -android uiautomator
2017-05-31 08:46:56:711 - info: [debug] [BaseDriver] Valid locator strategies for this request: xpath, id, class name, accessibility id, -android uiautomator
2017-05-31 08:46:56:712 - info: [debug] [BaseDriver] Waiting up to 0 ms for condition
2017-05-31 08:46:56:712 - info: [debug] [AndroidBootstrap] Sending command to android: {"cmd":"action","action":"find","params":{"strategy":"xpath","selector":"//*[@id='pageWrap']/section/div/ul/li[1]/a/img","context":"","multiple":true}}
2017-05-31 08:46:56:724 - info: [AndroidBootstrap] [BOOTSTRAP LOG] [debug] Got data from client: {"cmd":"action","action":"find","params":{"strategy":"xpath","selector":"//*[@id='pageWrap']/section/div/ul/li[1]/a/img","context":"","multiple":true}}
2017-05-31 08:46:56:724 - info: [AndroidBootstrap] [BOOTSTRAP LOG] [debug] Got command of type ACTION
2017-05-31 08:46:56:724 - info: [AndroidBootstrap] [BOOTSTRAP LOG] [debug] Got command action: find
2017-05-31 08:46:56:724 - info: [AndroidBootstrap] [BOOTSTRAP LOG] [debug] Finding '//*[@id='pageWrap']/section/div/ul/li[1]/a/img' using 'XPATH' with the contextId: '' multiple: true
2017-05-31 08:46:56:779 - info: [AndroidBootstrap] [BOOTSTRAP LOG] [debug] Failed to locate element. Clearing Accessibility cache and retrying.
2017-05-31 08:46:56:780 - info: [AndroidBootstrap] [BOOTSTRAP LOG] [debug] Finding '//*[@id='pageWrap']/section/div/ul/li[1]/a/img' using 'XPATH' with the contextId: '' multiple: true
2017-05-31 08:46:56:839 - info: [AndroidBootstrap] [BOOTSTRAP LOG] [debug] Returning result: {"status":0,"value":[]}
2017-05-31 08:46:56:841 - info: [debug] [AndroidBootstrap] Received command result from bootstrap
2017-05-31 08:46:56:842 - info: [debug] [MJSONWP] Responding to client with driver.findElements() result: []
2017-05-31 08:46:56:843 - info: [HTTP] <-- POST /wd/hub/session/1036d280-b282-413f-ba01-d5a3e63e09c3/elements 200 133 ms - 74 
2017-05-31 08:46:57:347 - info: [HTTP] --> GET /wd/hub/session/1036d280-b282-413f-ba01-d5a3e63e09c3/context {}
2017-05-31 08:46:57:348 - info: [debug] [MJSONWP] Calling AppiumDriver.getCurrentContext() with args: ["1036d280-b282-413f-ba01-d5a3e63e09c3"]
2017-05-31 08:46:57:349 - info: [debug] [MJSONWP] Responding to client with driver.getCurrentContext() result: "NATIVE_APP"
2017-05-31 08:46:57:351 - info: [HTTP] <-- GET /wd/hub/session/1036d280-b282-413f-ba01-d5a3e63e09c3/context 200 3 ms - 84 
2017-05-31 08:46:57:358 - info: [HTTP] --> POST /wd/hub/session/1036d280-b282-413f-ba01-d5a3e63e09c3/elements {"using":"xpath","value":"//*[@id='pageWrap']/section/div/ul/li[1]/a/img"}
2017-05-31 08:46:57:358 - info: [debug] [MJSONWP] Calling AppiumDriver.findElements() with args: ["xpath","//*[@id='pageWrap']/section/div/ul/li[1]/a/img","1036d280-b282-413f-ba01-d5a3e63e09c3"]
2017-05-31 08:46:57:359 - info: [debug] [BaseDriver] Valid locator strategies for this request: xpath, id, class name, accessibility id, -android uiautomator
2017-05-31 08:46:57:360 - info: [debug] [BaseDriver] Valid locator strategies for this request: xpath, id, class name, accessibility id, -android uiautomator
2017-05-31 08:46:57:360 - info: [debug] [BaseDriver] Waiting up to 0 ms for condition
2017-05-31 08:46:57:361 - info: [debug] [AndroidBootstrap] Sending command to android: {"cmd":"action","action":"find","params":{"strategy":"xpath","selector":"//*[@id='pageWrap']/section/div/ul/li[1]/a/img","context":"","multiple":true}}
2017-05-31 08:46:57:372 - info: [AndroidBootstrap] [BOOTSTRAP LOG] [debug] Got data from client: {"cmd":"action","action":"find","params":{"strategy":"xpath","selector":"//*[@id='pageWrap']/section/div/ul/li[1]/a/img","context":"","multiple":true}}
2017-05-31 08:46:57:372 - info: [AndroidBootstrap] [BOOTSTRAP LOG] [debug] Got command of type ACTION
2017-05-31 08:46:57:372 - info: [AndroidBootstrap] [BOOTSTRAP LOG] [debug] Got command action: find
2017-05-31 08:46:57:373 - info: [AndroidBootstrap] [BOOTSTRAP LOG] [debug] Finding '//*[@id='pageWrap']/section/div/ul/li[1]/a/img' using 'XPATH' with the contextId: '' multiple: true
2017-05-31 08:46:57:430 - info: [AndroidBootstrap] [BOOTSTRAP LOG] [debug] Failed to locate element. Clearing Accessibility cache and retrying.
2017-05-31 08:46:57:431 - info: [AndroidBootstrap] [BOOTSTRAP LOG] [debug] Finding '//*[@id='pageWrap']/section/div/ul/li[1]/a/img' using 'XPATH' with the contextId: '' multiple: true
2017-05-31 08:46:57:510 - info: [AndroidBootstrap] [BOOTSTRAP LOG] [debug] Returning result: {"status":0,"value":[]}
2017-05-31 08:46:57:510 - info: [debug] [AndroidBootstrap] Received command result from bootstrap
2017-05-31 08:46:57:512 - info: [debug] [MJSONWP] Responding to client with driver.findElements() result: []
2017-05-31 08:46:57:512 - info: [HTTP] <-- POST /wd/hub/session/1036d280-b282-413f-ba01-d5a3e63e09c3/elements 200 155 ms - 74 
2017-05-31 08:46:58:018 - info: [HTTP] --> GET /wd/hub/session/1036d280-b282-413f-ba01-d5a3e63e09c3/context {}
2017-05-31 08:46:58:019 - info: [debug] [MJSONWP] Calling AppiumDriver.getCurrentContext() with args: ["1036d280-b282-413f-ba01-d5a3e63e09c3"]
2017-05-31 08:46:58:021 - info: [debug] [MJSONWP] Responding to client with driver.getCurrentContext() result: "NATIVE_APP"
2017-05-31 08:46:58:022 - info: [HTTP] <-- GET /wd/hub/session/1036d280-b282-413f-ba01-d5a3e63e09c3/context 200 3 ms - 84 
2017-05-31 08:46:58:030 - info: [HTTP] --> POST /wd/hub/session/1036d280-b282-413f-ba01-d5a3e63e09c3/elements {"using":"xpath","value":"//*[@id='pageWrap']/section/div/ul/li[1]/a/img"}
2017-05-31 08:46:58:030 - info: [debug] [MJSONWP] Calling AppiumDriver.findElements() with args: ["xpath","//*[@id='pageWrap']/section/div/ul/li[1]/a/img","1036d280-b282-413f-ba01-d5a3e63e09c3"]
2017-05-31 08:46:58:031 - info: [debug] [BaseDriver] Valid locator strategies for this request: xpath, id, class name, accessibility id, -android uiautomator
2017-05-31 08:46:58:031 - info: [debug] [BaseDriver] Valid locator strategies for this request: xpath, id, class name, accessibility id, -android uiautomator
2017-05-31 08:46:58:032 - info: [debug] [BaseDriver] Waiting up to 0 ms for condition
2017-05-31 08:46:58:032 - info: [debug] [AndroidBootstrap] Sending command to android: {"cmd":"action","action":"find","params":{"strategy":"xpath","selector":"//*[@id='pageWrap']/section/div/ul/li[1]/a/img","context":"","multiple":true}}
2017-05-31 08:46:58:038 - info: [AndroidBootstrap] [BOOTSTRAP LOG] [debug] Got data from client: {"cmd":"action","action":"find","params":{"strategy":"xpath","selector":"//*[@id='pageWrap']/section/div/ul/li[1]/a/img","context":"","multiple":true}}
2017-05-31 08:46:58:038 - info: [AndroidBootstrap] [BOOTSTRAP LOG] [debug] Got command of type ACTION
2017-05-31 08:46:58:041 - info: [AndroidBootstrap] [BOOTSTRAP LOG] [debug] Got command action: find
2017-05-31 08:46:58:045 - info: [AndroidBootstrap] [BOOTSTRAP LOG] [debug] Finding '//*[@id='pageWrap']/section/div/ul/li[1]/a/img' using 'XPATH' with the contextId: '' multiple: true
2017-05-31 08:46:58:109 - info: [AndroidBootstrap] [BOOTSTRAP LOG] [debug] Failed to locate element. Clearing Accessibility cache and retrying.
2017-05-31 08:46:58:110 - info: [AndroidBootstrap] [BOOTSTRAP LOG] [debug] Finding '//*[@id='pageWrap']/section/div/ul/li[1]/a/img' using 'XPATH' with the contextId: '' multiple: true
2017-05-31 08:46:58:173 - info: [AndroidBootstrap] [BOOTSTRAP LOG] [debug] Returning result: {"status":0,"value":[]}
2017-05-31 08:46:58:173 - info: [debug] [AndroidBootstrap] Received command result from bootstrap
2017-05-31 08:46:58:175 - info: [debug] [MJSONWP] Responding to client with driver.findElements() result: []
2017-05-31 08:46:58:175 - info: [HTTP] <-- POST /wd/hub/session/1036d280-b282-413f-ba01-d5a3e63e09c3/elements 200 146 ms - 74 
2017-05-31 08:46:58:685 - info: [HTTP] --> GET /wd/hub/session/1036d280-b282-413f-ba01-d5a3e63e09c3/context {}
2017-05-31 08:46:58:686 - info: [debug] [MJSONWP] Calling AppiumDriver.getCurrentContext() with args: ["1036d280-b282-413f-ba01-d5a3e63e09c3"]
2017-05-31 08:46:58:688 - info: [debug] [MJSONWP] Responding to client with driver.getCurrentContext() result: "NATIVE_APP"
2017-05-31 08:46:58:689 - info: [HTTP] <-- GET /wd/hub/session/1036d280-b282-413f-ba01-d5a3e63e09c3/context 200 4 ms - 84 
2017-05-31 08:46:58:695 - info: [HTTP] --> POST /wd/hub/session/1036d280-b282-413f-ba01-d5a3e63e09c3/elements {"using":"xpath","value":"//*[@id='pageWrap']/section/div/ul/li[1]/a/img"}
2017-05-31 08:46:58:695 - info: [debug] [MJSONWP] Calling AppiumDriver.findElements() with args: ["xpath","//*[@id='pageWrap']/section/div/ul/li[1]/a/img","1036d280-b282-413f-ba01-d5a3e63e09c3"]
2017-05-31 08:46:58:696 - info: [debug] [BaseDriver] Valid locator strategies for this request: xpath, id, class name, accessibility id, -android uiautomator
2017-05-31 08:46:58:697 - info: [debug] [BaseDriver] Valid locator strategies for this request: xpath, id, class name, accessibility id, -android uiautomator
2017-05-31 08:46:58:697 - info: [debug] [BaseDriver] Waiting up to 0 ms for condition
2017-05-31 08:46:58:698 - info: [debug] [AndroidBootstrap] Sending command to android: {"cmd":"action","action":"find","params":{"strategy":"xpath","selector":"//*[@id='pageWrap']/section/div/ul/li[1]/a/img","context":"","multiple":true}}
2017-05-31 08:46:58:705 - info: [AndroidBootstrap] [BOOTSTRAP LOG] [debug] Got data from client: {"cmd":"action","action":"find","params":{"strategy":"xpath","selector":"//*[@id='pageWrap']/section/div/ul/li[1]/a/img","context":"","multiple":true}}
2017-05-31 08:46:58:705 - info: [AndroidBootstrap] [BOOTSTRAP LOG] [debug] Got command of type ACTION
2017-05-31 08:46:58:705 - info: [AndroidBootstrap] [BOOTSTRAP LOG] [debug] Got command action: find
2017-05-31 08:46:58:705 - info: [AndroidBootstrap] [BOOTSTRAP LOG] [debug] Finding '//*[@id='pageWrap']/section/div/ul/li[1]/a/img' using 'XPATH' with the contextId: '' multiple: true
2017-05-31 08:46:58:770 - info: [AndroidBootstrap] [BOOTSTRAP LOG] [debug] Failed to locate element. Clearing Accessibility cache and retrying.
2017-05-31 08:46:58:770 - info: [AndroidBootstrap] [BOOTSTRAP LOG] [debug] Finding '//*[@id='pageWrap']/section/div/ul/li[1]/a/img' using 'XPATH' with the contextId: '' multiple: true
2017-05-31 08:46:58:833 - info: [AndroidBootstrap] [BOOTSTRAP LOG] [debug] Returning result: {"status":0,"value":[]}
2017-05-31 08:46:58:834 - info: [debug] [AndroidBootstrap] Received command result from bootstrap
2017-05-31 08:46:58:835 - info: [debug] [MJSONWP] Responding to client with driver.findElements() result: []
2017-05-31 08:46:58:835 - info: [HTTP] <-- POST /wd/hub/session/1036d280-b282-413f-ba01-d5a3e63e09c3/elements 200 141 ms - 74 
2017-05-31 08:46:59:342 - info: [HTTP] --> GET /wd/hub/session/1036d280-b282-413f-ba01-d5a3e63e09c3/context {}
2017-05-31 08:46:59:343 - info: [debug] [MJSONWP] Calling AppiumDriver.getCurrentContext() with args: ["1036d280-b282-413f-ba01-d5a3e63e09c3"]
2017-05-31 08:46:59:354 - info: [debug] [MJSONWP] Responding to client with driver.getCurrentContext() result: "NATIVE_APP"
2017-05-31 08:46:59:356 - info: [HTTP] <-- GET /wd/hub/session/1036d280-b282-413f-ba01-d5a3e63e09c3/context 200 13 ms - 84 
2017-05-31 08:46:59:366 - info: [HTTP] --> POST /wd/hub/session/1036d280-b282-413f-ba01-d5a3e63e09c3/elements {"using":"xpath","value":"//*[@id='pageWrap']/section/div/ul/li[1]/a/img"}
2017-05-31 08:46:59:366 - info: [debug] [MJSONWP] Calling AppiumDriver.findElements() with args: ["xpath","//*[@id='pageWrap']/section/div/ul/li[1]/a/img","1036d280-b282-413f-ba01-d5a3e63e09c3"]
2017-05-31 08:46:59:367 - info: [debug] [BaseDriver] Valid locator strategies for this request: xpath, id, class name, accessibility id, -android uiautomator
2017-05-31 08:46:59:367 - info: [debug] [BaseDriver] Valid locator strategies for this request: xpath, id, class name, accessibility id, -android uiautomator
2017-05-31 08:46:59:367 - info: [debug] [BaseDriver] Waiting up to 0 ms for condition
2017-05-31 08:46:59:369 - info: [debug] [AndroidBootstrap] Sending command to android: {"cmd":"action","action":"find","params":{"strategy":"xpath","selector":"//*[@id='pageWrap']/section/div/ul/li[1]/a/img","context":"","multiple":true}}
2017-05-31 08:46:59:372 - info: [AndroidBootstrap] [BOOTSTRAP LOG] [debug] Got data from client: {"cmd":"action","action":"find","params":{"strategy":"xpath","selector":"//*[@id='pageWrap']/section/div/ul/li[1]/a/img","context":"","multiple":true}}
2017-05-31 08:46:59:372 - info: [AndroidBootstrap] [BOOTSTRAP LOG] [debug] Got command of type ACTION
2017-05-31 08:46:59:373 - info: [AndroidBootstrap] [BOOTSTRAP LOG] [debug] Got command action: find
2017-05-31 08:46:59:373 - info: [AndroidBootstrap] [BOOTSTRAP LOG] [debug] Finding '//*[@id='pageWrap']/section/div/ul/li[1]/a/img' using 'XPATH' with the contextId: '' multiple: true
2017-05-31 08:46:59:439 - info: [AndroidBootstrap] [BOOTSTRAP LOG] [debug] Failed to locate element. Clearing Accessibility cache and retrying.
2017-05-31 08:46:59:440 - info: [AndroidBootstrap] [BOOTSTRAP LOG] [debug] Finding '//*[@id='pageWrap']/section/div/ul/li[1]/a/img' using 'XPATH' with the contextId: '' multiple: true
2017-05-31 08:46:59:501 - info: [AndroidBootstrap] [BOOTSTRAP LOG] [debug] Returning result: {"status":0,"value":[]}
2017-05-31 08:46:59:502 - info: [debug] [AndroidBootstrap] Received command result from bootstrap
2017-05-31 08:46:59:503 - info: [debug] [MJSONWP] Responding to client with driver.findElements() result: []
2017-05-31 08:46:59:503 - info: [HTTP] <-- POST /wd/hub/session/1036d280-b282-413f-ba01-d5a3e63e09c3/elements 200 137 ms - 74 
2017-05-31 08:47:00:011 - info: [HTTP] --> GET /wd/hub/session/1036d280-b282-413f-ba01-d5a3e63e09c3/context {}
2017-05-31 08:47:00:012 - info: [debug] [MJSONWP] Calling AppiumDriver.getCurrentContext() with args: ["1036d280-b282-413f-ba01-d5a3e63e09c3"]
2017-05-31 08:47:00:019 - info: [debug] [MJSONWP] Responding to client with driver.getCurrentContext() result: "NATIVE_APP"
2017-05-31 08:47:00:020 - info: [HTTP] <-- GET /wd/hub/session/1036d280-b282-413f-ba01-d5a3e63e09c3/context 200 8 ms - 84 
2017-05-31 08:47:00:025 - info: [HTTP] --> POST /wd/hub/session/1036d280-b282-413f-ba01-d5a3e63e09c3/elements {"using":"xpath","value":"//*[@id='pageWrap']/section/div/ul/li[1]/a/img"}
2017-05-31 08:47:00:025 - info: [debug] [MJSONWP] Calling AppiumDriver.findElements() with args: ["xpath","//*[@id='pageWrap']/section/div/ul/li[1]/a/img","1036d280-b282-413f-ba01-d5a3e63e09c3"]
2017-05-31 08:47:00:026 - info: [debug] [BaseDriver] Valid locator strategies for this request: xpath, id, class name, accessibility id, -android uiautomator
2017-05-31 08:47:00:026 - info: [debug] [BaseDriver] Valid locator strategies for this request: xpath, id, class name, accessibility id, -android uiautomator
2017-05-31 08:47:00:026 - info: [debug] [BaseDriver] Waiting up to 0 ms for condition
2017-05-31 08:47:00:027 - info: [debug] [AndroidBootstrap] Sending command to android: {"cmd":"action","action":"find","params":{"strategy":"xpath","selector":"//*[@id='pageWrap']/section/div/ul/li[1]/a/img","context":"","multiple":true}}
2017-05-31 08:47:00:035 - info: [AndroidBootstrap] [BOOTSTRAP LOG] [debug] Got data from client: {"cmd":"action","action":"find","params":{"strategy":"xpath","selector":"//*[@id='pageWrap']/section/div/ul/li[1]/a/img","context":"","multiple":true}}
2017-05-31 08:47:00:036 - info: [AndroidBootstrap] [BOOTSTRAP LOG] [debug] Got command of type ACTION
2017-05-31 08:47:00:036 - info: [AndroidBootstrap] [BOOTSTRAP LOG] [debug] Got command action: find
2017-05-31 08:47:00:036 - info: [AndroidBootstrap] [BOOTSTRAP LOG] [debug] Finding '//*[@id='pageWrap']/section/div/ul/li[1]/a/img' using 'XPATH' with the contextId: '' multiple: true
2017-05-31 08:47:00:096 - info: [AndroidBootstrap] [BOOTSTRAP LOG] [debug] Failed to locate element. Clearing Accessibility cache and retrying.
2017-05-31 08:47:00:097 - info: [AndroidBootstrap] [BOOTSTRAP LOG] [debug] Finding '//*[@id='pageWrap']/section/div/ul/li[1]/a/img' using 'XPATH' with the contextId: '' multiple: true
2017-05-31 08:47:00:159 - info: [AndroidBootstrap] [BOOTSTRAP LOG] [debug] Returning result: {"status":0,"value":[]}
2017-05-31 08:47:00:160 - info: [debug] [AndroidBootstrap] Received command result from bootstrap
2017-05-31 08:47:00:161 - info: [debug] [MJSONWP] Responding to client with driver.findElements() result: []
2017-05-31 08:47:00:162 - info: [HTTP] <-- POST /wd/hub/session/1036d280-b282-413f-ba01-d5a3e63e09c3/elements 200 137 ms - 74 
2017-05-31 08:47:00:666 - info: [HTTP] --> GET /wd/hub/session/1036d280-b282-413f-ba01-d5a3e63e09c3/context {}
2017-05-31 08:47:00:667 - info: [debug] [MJSONWP] Calling AppiumDriver.getCurrentContext() with args: ["1036d280-b282-413f-ba01-d5a3e63e09c3"]
2017-05-31 08:47:00:669 - info: [debug] [MJSONWP] Responding to client with driver.getCurrentContext() result: "NATIVE_APP"
2017-05-31 08:47:00:670 - info: [HTTP] <-- GET /wd/hub/session/1036d280-b282-413f-ba01-d5a3e63e09c3/context 200 3 ms - 84 
2017-05-31 08:47:00:675 - info: [HTTP] --> POST /wd/hub/session/1036d280-b282-413f-ba01-d5a3e63e09c3/elements {"using":"xpath","value":"//*[@id='pageWrap']/section/div/ul/li[1]/a/img"}
2017-05-31 08:47:00:676 - info: [debug] [MJSONWP] Calling AppiumDriver.findElements() with args: ["xpath","//*[@id='pageWrap']/section/div/ul/li[1]/a/img","1036d280-b282-413f-ba01-d5a3e63e09c3"]
2017-05-31 08:47:00:677 - info: [debug] [BaseDriver] Valid locator strategies for this request: xpath, id, class name, accessibility id, -android uiautomator
2017-05-31 08:47:00:677 - info: [debug] [BaseDriver] Valid locator strategies for this request: xpath, id, class name, accessibility id, -android uiautomator
2017-05-31 08:47:00:677 - info: [debug] [BaseDriver] Waiting up to 0 ms for condition
2017-05-31 08:47:00:678 - info: [debug] [AndroidBootstrap] Sending command to android: {"cmd":"action","action":"find","params":{"strategy":"xpath","selector":"//*[@id='pageWrap']/section/div/ul/li[1]/a/img","context":"","multiple":true}}
2017-05-31 08:47:00:687 - info: [AndroidBootstrap] [BOOTSTRAP LOG] [debug] Got data from client: {"cmd":"action","action":"find","params":{"strategy":"xpath","selector":"//*[@id='pageWrap']/section/div/ul/li[1]/a/img","context":"","multiple":true}}
2017-05-31 08:47:00:687 - info: [AndroidBootstrap] [BOOTSTRAP LOG] [debug] Got command of type ACTION
2017-05-31 08:47:00:688 - info: [AndroidBootstrap] [BOOTSTRAP LOG] [debug] Got command action: find
2017-05-31 08:47:00:688 - info: [AndroidBootstrap] [BOOTSTRAP LOG] [debug] Finding '//*[@id='pageWrap']/section/div/ul/li[1]/a/img' using 'XPATH' with the contextId: '' multiple: true
2017-05-31 08:47:00:736 - info: [AndroidBootstrap] [BOOTSTRAP LOG] [debug] Failed to locate element. Clearing Accessibility cache and retrying.
2017-05-31 08:47:00:738 - info: [AndroidBootstrap] [BOOTSTRAP LOG] [debug] Finding '//*[@id='pageWrap']/section/div/ul/li[1]/a/img' using 'XPATH' with the contextId: '' multiple: true
2017-05-31 08:47:00:790 - info: [AndroidBootstrap] [BOOTSTRAP LOG] [debug] Returning result: {"status":0,"value":[]}
2017-05-31 08:47:00:791 - info: [debug] [AndroidBootstrap] Received command result from bootstrap
2017-05-31 08:47:00:792 - info: [debug] [MJSONWP] Responding to client with driver.findElements() result: []
2017-05-31 08:47:00:793 - info: [HTTP] <-- POST /wd/hub/session/1036d280-b282-413f-ba01-d5a3e63e09c3/elements 200 118 ms - 74 
2017-05-31 08:47:00:863 - info: [HTTP] --> POST /wd/hub/session/1036d280-b282-413f-ba01-d5a3e63e09c3/timeouts {"type":"implicit","ms":5000}
2017-05-31 08:47:00:864 - info: [debug] [MJSONWP] Calling AppiumDriver.timeouts() with args: ["implicit",5000,"1036d280-b282-413f-ba01-d5a3e63e09c3"]
2017-05-31 08:47:00:867 - info: [debug] [BaseDriver] Set implicit wait to 5000ms
2017-05-31 08:47:00:867 - info: [debug] [MJSONWP] Responding to client with driver.timeouts() result: null
2017-05-31 08:47:00:868 - info: [HTTP] <-- POST /wd/hub/session/1036d280-b282-413f-ba01-d5a3e63e09c3/timeouts 200 5 ms - 76 
2017-05-31 08:47:00:896 - info: [HTTP] --> POST /wd/hub/session/1036d280-b282-413f-ba01-d5a3e63e09c3/appium/app/close {}
2017-05-31 08:47:00:897 - info: [debug] [MJSONWP] Calling AppiumDriver.closeApp() with args: ["1036d280-b282-413f-ba01-d5a3e63e09c3"]
2017-05-31 08:47:00:898 - info: [debug] [ADB] Getting connected devices...
2017-05-31 08:47:00:955 - info: [debug] [ADB] 1 device(s) connected
2017-05-31 08:47:00:956 - info: [debug] [ADB] Running 'D:\SoftWare\SDK\platform-tools\adb.exe' with args: ["-P",5037,"-s","85GBBMA2353T","shell","am","force-stop","com.play.android"]
2017-05-31 08:47:01:639 - info: [debug] [MJSONWP] Responding to client with driver.closeApp() result: null
2017-05-31 08:47:01:640 - info: [HTTP] <-- POST /wd/hub/session/1036d280-b282-413f-ba01-d5a3e63e09c3/appium/app/close 200 744 ms - 76 
