2017-05-31 06:07:43:946 - info: [Appium] Welcome to Appium v1.6.5
2017-05-31 06:07:43:950 - info: [Appium] Non-default server args:
2017-05-31 06:07:43:951 - info: [Appium]   address: 127.0.0.1
2017-05-31 06:07:43:951 - info: [Appium]   log: D:\workSpace\EclipseProjects\AppiumForEclipse\log\1496210857967.log
2017-05-31 06:07:44:021 - info: [Appium] Appium REST http interface listener started on 127.0.0.1:4723
2017-05-31 06:07:44:558 - info: [HTTP] --> GET /wd/hub/status {}
2017-05-31 06:07:44:566 - info: [debug] [MJSONWP] Calling AppiumDriver.getStatus() with args: []
2017-05-31 06:07:44:615 - info: [debug] [MJSONWP] Responding to client with driver.getStatus() result: {"build":{"version":"1.6.5","revision":null}}
2017-05-31 06:07:44:623 - info: [HTTP] <-- GET /wd/hub/status 200 62 ms - 83 
2017-05-31 06:07:44:629 - info: [HTTP] --> GET /wd/hub/status {}
2017-05-31 06:07:44:630 - info: [debug] [MJSONWP] Calling AppiumDriver.getStatus() with args: []
2017-05-31 06:07:44:670 - info: [debug] [MJSONWP] Responding to client with driver.getStatus() result: {"build":{"version":"1.6.5","revision":null}}
2017-05-31 06:07:44:673 - info: [HTTP] <-- GET /wd/hub/status 200 43 ms - 83 
2017-05-31 06:07:45:290 - info: [HTTP] --> POST /wd/hub/session {"desiredCapabilities":{"appPackage":"com.play.android","appActivity":"com.play.android.activity.SplashActivity","app":"D:\\workSpace\\EclipseProjects\\AppiumForEclipse\\apps\\play.apk","noSign":"True","unicodeKeyboard":"True","platformName":"Android","deviceName":"022TAS7N51009853","resetKeyboard":"True"}}
2017-05-31 06:07:45:290 - info: [debug] [MJSONWP] Calling AppiumDriver.createSession() with args: [{"appPackage":"com.play.android","appActivity":"com.play.android.activity.SplashActivity","app":"D:\\workSpace\\EclipseProjects\\AppiumForEclipse\\apps\\play.apk","noSign":"True","unicodeKeyboard":"True","platformName":"Android","deviceName":"022TAS7N51009853","resetKeyboard":"True"},null,null]
2017-05-31 06:07:45:291 - info: [debug] [BaseDriver] Event 'newSessionRequested' logged at 1496210865291 (14:07:45 GMT+0800 (中国标准时间))
2017-05-31 06:07:45:294 - info: [Appium] Creating new AndroidDriver (v1.20.0) session
2017-05-31 06:07:45:295 - info: [Appium] Capabilities:
2017-05-31 06:07:45:299 - info: [Appium]   appPackage: 'com.play.android'
2017-05-31 06:07:45:299 - info: [Appium]   appActivity: 'com.play.android.activity.SplashActivity'
2017-05-31 06:07:45:300 - info: [Appium]   app: 'D:\\workSpace\\EclipseProjects\\AppiumForEclipse\\apps\\play.apk'
2017-05-31 06:07:45:300 - info: [Appium]   noSign: 'True'
2017-05-31 06:07:45:300 - info: [Appium]   unicodeKeyboard: 'True'
2017-05-31 06:07:45:301 - info: [Appium]   platformName: 'Android'
2017-05-31 06:07:45:301 - info: [Appium]   deviceName: '022TAS7N51009853'
2017-05-31 06:07:45:301 - info: [Appium]   resetKeyboard: 'True'
2017-05-31 06:07:45:304 - info: [debug] [AndroidDriver] AndroidDriver version: 1.20.0
2017-05-31 06:07:45:313 - warn: [BaseDriver] Capability 'unicodeKeyboard' changed from string to boolean. This may cause unexpected behavior
2017-05-31 06:07:45:313 - warn: [BaseDriver] Capability 'resetKeyboard' changed from string to boolean. This may cause unexpected behavior
2017-05-31 06:07:45:313 - warn: [BaseDriver] Capability 'noSign' changed from string to boolean. This may cause unexpected behavior
2017-05-31 06:07:45:327 - info: [BaseDriver] Session created with session id: 53ad7c8e-3deb-48bd-8b43-ed615b4fa213
2017-05-31 06:07:45:330 - info: [debug] [AndroidDriver] Getting Java version
2017-05-31 06:07:45:471 - info: [AndroidDriver] Java version is: 1.8.0_121
2017-05-31 06:07:45:476 - info: [ADB] Checking whether adb is present
2017-05-31 06:07:45:479 - info: [ADB] Using adb.exe from D:\SoftWare\SDK\platform-tools\adb.exe
2017-05-31 06:07:45:480 - info: [AndroidDriver] Retrieving device list
2017-05-31 06:07:45:481 - info: [debug] [ADB] Trying to find a connected android device
2017-05-31 06:07:45:483 - info: [debug] [ADB] Getting connected devices...
2017-05-31 06:07:45:513 - info: [debug] [ADB] 1 device(s) connected
2017-05-31 06:07:45:514 - info: [AndroidDriver] Using device: 022TAS7N51009853
2017-05-31 06:07:45:515 - info: [ADB] Checking whether adb is present
2017-05-31 06:07:45:521 - info: [ADB] Using adb.exe from D:\SoftWare\SDK\platform-tools\adb.exe
2017-05-31 06:07:45:522 - info: [debug] [ADB] Setting device id to 022TAS7N51009853
2017-05-31 06:07:45:523 - info: [BaseDriver] Using local app 'D:\workSpace\EclipseProjects\AppiumForEclipse\apps\play.apk'
2017-05-31 06:07:45:524 - info: [debug] [AndroidDriver] Checking whether app is actually present
2017-05-31 06:07:45:528 - info: [AndroidDriver] Starting Android session
2017-05-31 06:07:45:534 - info: [debug] [ADB] Running 'D:\SoftWare\SDK\platform-tools\adb.exe' with args: ["-P",5037,"-s","022TAS7N51009853","wait-for-device"]
2017-05-31 06:07:45:562 - info: [debug] [ADB] Getting connected devices...
2017-05-31 06:07:45:584 - info: [debug] [ADB] 1 device(s) connected
2017-05-31 06:07:45:585 - info: [debug] [ADB] Running 'D:\SoftWare\SDK\platform-tools\adb.exe' with args: ["-P",5037,"-s","022TAS7N51009853","shell","echo","ping"]
2017-05-31 06:07:45:619 - info: [debug] [Logcat] Starting logcat capture
2017-05-31 06:07:45:655 - info: [debug] [AndroidDriver] Enabling Unicode keyboard support
2017-05-31 06:07:45:655 - info: [debug] [AndroidDriver] Pushing unicode ime to device...
2017-05-31 06:07:45:656 - info: [debug] [ADB] Running 'D:\SoftWare\SDK\platform-tools\adb.exe' with args: ["-P",5037,"-s","022TAS7N51009853","install","D:\\MyProgram\\nodejs\\node_modules\\appium\\node_modules\\appium-android-ime\\bin\\UnicodeIME-debug.apk"]
2017-05-31 06:07:46:977 - info: [debug] [ADB] Getting connected devices...
2017-05-31 06:07:47:016 - info: [debug] [ADB] 1 device(s) connected
2017-05-31 06:07:47:017 - info: [debug] [ADB] Running 'D:\SoftWare\SDK\platform-tools\adb.exe' with args: ["-P",5037,"-s","022TAS7N51009853","shell","settings","get","secure","default_input_method"]
2017-05-31 06:07:47:858 - info: [debug] [AndroidDriver] Unsetting previous IME io.appium.android.ime/.UnicodeIME
2017-05-31 06:07:47:858 - info: [debug] [AndroidDriver] Setting IME to 'io.appium.android.ime/.UnicodeIME'
2017-05-31 06:07:47:860 - info: [debug] [ADB] Getting connected devices...
2017-05-31 06:07:47:903 - info: [debug] [ADB] 1 device(s) connected
2017-05-31 06:07:47:904 - info: [debug] [ADB] Running 'D:\SoftWare\SDK\platform-tools\adb.exe' with args: ["-P",5037,"-s","022TAS7N51009853","shell","ime","enable","io.appium.android.ime/.UnicodeIME"]
2017-05-31 06:07:48:723 - info: [debug] [ADB] Getting connected devices...
2017-05-31 06:07:48:763 - info: [debug] [ADB] 1 device(s) connected
2017-05-31 06:07:48:764 - info: [debug] [ADB] Running 'D:\SoftWare\SDK\platform-tools\adb.exe' with args: ["-P",5037,"-s","022TAS7N51009853","shell","ime","set","io.appium.android.ime/.UnicodeIME"]
2017-05-31 06:07:49:613 - info: [debug] [AndroidDriver] Pushing settings apk to device...
2017-05-31 06:07:49:616 - info: [debug] [ADB] Getting install status for io.appium.settings
2017-05-31 06:07:49:617 - info: [debug] [ADB] Getting connected devices...
2017-05-31 06:07:49:659 - info: [debug] [ADB] 1 device(s) connected
2017-05-31 06:07:49:660 - info: [debug] [ADB] Running 'D:\SoftWare\SDK\platform-tools\adb.exe' with args: ["-P",5037,"-s","022TAS7N51009853","shell","pm","list","packages","io.appium.settings"]
2017-05-31 06:07:50:500 - info: [debug] [ADB] App is installed
2017-05-31 06:07:50:502 - info: [debug] [ADB] Getting package info for io.appium.settings
2017-05-31 06:07:50:502 - info: [debug] [ADB] Getting connected devices...
2017-05-31 06:07:50:537 - info: [ADB] Checking whether aapt is present
2017-05-31 06:07:50:544 - info: [ADB] Using aapt.exe from D:\SoftWare\SDK\build-tools\24.0.3\aapt.exe
2017-05-31 06:07:50:557 - info: [debug] [ADB] 1 device(s) connected
2017-05-31 06:07:50:557 - info: [debug] [ADB] Running 'D:\SoftWare\SDK\platform-tools\adb.exe' with args: ["-P",5037,"-s","022TAS7N51009853","shell","dumpsys","package","io.appium.settings"]
2017-05-31 06:07:50:570 - warn: [ADB] Cannot read version codes of D:\MyProgram\nodejs\node_modules\appium\node_modules\io.appium.settings\app\build\outputs\apk\settings_apk-debug.apk and/or io.appium.settings. Assuming correct app version is already installed
2017-05-31 06:07:50:583 - info: [debug] [ADB] Getting connected devices...
2017-05-31 06:07:50:606 - info: [debug] [ADB] 1 device(s) connected
2017-05-31 06:07:50:608 - info: [debug] [ADB] Running 'D:\SoftWare\SDK\platform-tools\adb.exe' with args: ["-P",5037,"-s","022TAS7N51009853","shell","getprop","ro.build.version.sdk"]
2017-05-31 06:07:50:651 - info: [debug] [ADB] Device API level: 19
2017-05-31 06:07:50:652 - info: [debug] [ADB] Getting connected devices...
2017-05-31 06:07:50:675 - info: [debug] [ADB] 1 device(s) connected
2017-05-31 06:07:50:675 - info: [debug] [ADB] Running 'D:\SoftWare\SDK\platform-tools\adb.exe' with args: ["-P",5037,"-s","022TAS7N51009853","shell","dumpsys","package","io.appium.settings"]
2017-05-31 06:07:50:738 - info: [debug] [AndroidDriver] Pushing unlock helper app to device...
2017-05-31 06:07:50:739 - info: [debug] [ADB] Running 'D:\SoftWare\SDK\platform-tools\adb.exe' with args: ["-P",5037,"-s","022TAS7N51009853","install","D:\\MyProgram\\nodejs\\node_modules\\appium\\node_modules\\appium-unlock\\bin\\unlock_apk-debug.apk"]
2017-05-31 06:07:51:843 - info: [debug] [ADB] Device API level: 19
2017-05-31 06:07:51:845 - info: [debug] [ADB] Getting connected devices...
2017-05-31 06:07:51:881 - info: [debug] [ADB] 1 device(s) connected
2017-05-31 06:07:51:882 - info: [debug] [ADB] Running 'D:\SoftWare\SDK\platform-tools\adb.exe' with args: ["-P",5037,"-s","022TAS7N51009853","shell","settings","put","secure","mock_location","1"]
2017-05-31 06:07:52:773 - info: [ADB] Getting device platform version
2017-05-31 06:07:52:774 - info: [debug] [ADB] Getting connected devices...
2017-05-31 06:07:52:812 - info: [debug] [ADB] 1 device(s) connected
2017-05-31 06:07:52:813 - info: [debug] [ADB] Running 'D:\SoftWare\SDK\platform-tools\adb.exe' with args: ["-P",5037,"-s","022TAS7N51009853","shell","getprop","ro.build.version.release"]
2017-05-31 06:07:52:853 - info: [debug] [ADB] Getting connected devices...
2017-05-31 06:07:52:874 - info: [debug] [ADB] 1 device(s) connected
2017-05-31 06:07:52:875 - info: [debug] [ADB] Running 'D:\SoftWare\SDK\platform-tools\adb.exe' with args: ["-P",5037,"-s","022TAS7N51009853","shell","wm","size"]
2017-05-31 06:07:53:710 - info: [debug] [ADB] Getting connected devices...
2017-05-31 06:07:53:749 - info: [debug] [ADB] 1 device(s) connected
2017-05-31 06:07:53:749 - info: [debug] [ADB] Running 'D:\SoftWare\SDK\platform-tools\adb.exe' with args: ["-P",5037,"-s","022TAS7N51009853","shell","getprop","ro.product.model"]
2017-05-31 06:07:53:789 - info: [debug] [ADB] Current device property 'ro.product.model': HUAWEI P6 S-U06
2017-05-31 06:07:53:790 - info: [debug] [ADB] Getting connected devices...
2017-05-31 06:07:53:813 - info: [debug] [ADB] 1 device(s) connected
2017-05-31 06:07:53:813 - info: [debug] [ADB] Running 'D:\SoftWare\SDK\platform-tools\adb.exe' with args: ["-P",5037,"-s","022TAS7N51009853","shell","getprop","ro.product.manufacturer"]
2017-05-31 06:07:53:865 - info: [debug] [ADB] Current device property 'ro.product.manufacturer': HUAWEI
2017-05-31 06:07:53:992 - info: [AndroidDriver] Remote apk path is /data/local/tmp/42e2f15827830994ee5f75a4ff734348.apk
2017-05-31 06:07:53:993 - info: [debug] [ADB] Getting connected devices...
2017-05-31 06:07:54:017 - info: [debug] [ADB] 1 device(s) connected
2017-05-31 06:07:54:017 - info: [debug] [ADB] Running 'D:\SoftWare\SDK\platform-tools\adb.exe' with args: ["-P",5037,"-s","022TAS7N51009853","shell","ls","/data/local/tmp/42e2f15827830994ee5f75a4ff734348.apk"]
2017-05-31 06:07:54:068 - info: [debug] [AndroidDriver] Checking if app is installed
2017-05-31 06:07:54:068 - info: [debug] [ADB] Getting install status for com.play.android
2017-05-31 06:07:54:068 - info: [debug] [ADB] Getting connected devices...
2017-05-31 06:07:54:091 - info: [debug] [ADB] 1 device(s) connected
2017-05-31 06:07:54:092 - info: [debug] [ADB] Running 'D:\SoftWare\SDK\platform-tools\adb.exe' with args: ["-P",5037,"-s","022TAS7N51009853","shell","pm","list","packages","com.play.android"]
2017-05-31 06:07:54:937 - info: [debug] [ADB] App is installed
2017-05-31 06:07:54:938 - info: [AndroidDriver] Apk is already on remote and installed, resetting
2017-05-31 06:07:54:940 - info: [debug] [AndroidDriver] Running fast reset (stop and clear)
2017-05-31 06:07:54:941 - info: [debug] [ADB] Getting connected devices...
2017-05-31 06:07:54:976 - info: [debug] [ADB] 1 device(s) connected
2017-05-31 06:07:54:976 - info: [debug] [ADB] Running 'D:\SoftWare\SDK\platform-tools\adb.exe' with args: ["-P",5037,"-s","022TAS7N51009853","shell","am","force-stop","com.play.android"]
2017-05-31 06:07:55:803 - info: [debug] [ADB] Getting connected devices...
2017-05-31 06:07:55:841 - info: [debug] [ADB] 1 device(s) connected
2017-05-31 06:07:55:842 - info: [debug] [ADB] Running 'D:\SoftWare\SDK\platform-tools\adb.exe' with args: ["-P",5037,"-s","022TAS7N51009853","shell","pm","clear","com.play.android"]
2017-05-31 06:07:56:697 - info: [debug] [AndroidDriver] Extracting strings from apk D:\workSpace\EclipseProjects\AppiumForEclipse\apps\play.apk null C:\Users\ADMINI~1\AppData\Local\Temp\com.play.android
2017-05-31 06:07:56:699 - info: [debug] [ADB] Extracting strings for language: default
2017-05-31 06:07:56:700 - info: [debug] [ADB] Device API level: 19
2017-05-31 06:07:56:702 - info: [debug] [ADB] Getting connected devices...
2017-05-31 06:07:56:738 - info: [debug] [ADB] 1 device(s) connected
2017-05-31 06:07:56:738 - info: [debug] [ADB] Running 'D:\SoftWare\SDK\platform-tools\adb.exe' with args: ["-P",5037,"-s","022TAS7N51009853","shell","getprop","persist.sys.language"]
2017-05-31 06:07:56:774 - info: [debug] [ADB] Current device property 'persist.sys.language': zh
2017-05-31 06:07:58:049 - info: [debug] [ADB] Reading strings from converted strings.json
2017-05-31 06:07:58:055 - info: [debug] [ADB] Running 'D:\SoftWare\SDK\platform-tools\adb.exe' with args: ["-P",5037,"-s","022TAS7N51009853","push","C:\\Users\\ADMINI~1\\AppData\\Local\\Temp\\com.play.android\\strings.json","/data/local/tmp"]
2017-05-31 06:07:58:094 - info: [debug] [AndroidBootstrap] Watching for bootstrap disconnect
2017-05-31 06:07:58:096 - info: [debug] [ADB] Forwarding system: 4724 to device: 4724
2017-05-31 06:07:58:096 - info: [debug] [ADB] Running 'D:\SoftWare\SDK\platform-tools\adb.exe' with args: ["-P",5037,"-s","022TAS7N51009853","forward","tcp:4724","tcp:4724"]
2017-05-31 06:07:58:106 - info: [debug] [UiAutomator] Starting UiAutomator
2017-05-31 06:07:58:106 - info: [debug] [UiAutomator] Moving to state 'starting'
2017-05-31 06:07:58:107 - info: [debug] [UiAutomator] Parsing uiautomator jar
2017-05-31 06:07:58:107 - info: [debug] [UiAutomator] Found jar name: 'AppiumBootstrap.jar'
2017-05-31 06:07:58:108 - info: [debug] [ADB] Running 'D:\SoftWare\SDK\platform-tools\adb.exe' with args: ["-P",5037,"-s","022TAS7N51009853","push","D:\\MyProgram\\nodejs\\node_modules\\appium\\node_modules\\appium-android-bootstrap\\bootstrap\\bin\\AppiumBootstrap.jar","/data/local/tmp/"]
2017-05-31 06:07:58:152 - info: [debug] [ADB] Attempting to kill all uiautomator processes
2017-05-31 06:07:58:152 - info: [debug] [ADB] Getting all processes with uiautomator
2017-05-31 06:07:58:153 - info: [debug] [ADB] Getting connected devices...
2017-05-31 06:07:58:178 - info: [debug] [ADB] 1 device(s) connected
2017-05-31 06:07:58:178 - info: [debug] [ADB] Running 'D:\SoftWare\SDK\platform-tools\adb.exe' with args: ["-P",5037,"-s","022TAS7N51009853","shell","ps"]
2017-05-31 06:07:58:339 - info: [ADB] No uiautomator process found to kill, continuing...
2017-05-31 06:07:58:339 - info: [debug] [UiAutomator] Starting UIAutomator
2017-05-31 06:07:58:340 - info: [debug] [ADB] Creating ADB subprocess with args: ["-P",5037,"-s","022TAS7N51009853","shell","uiautomator","runtest","AppiumBootstrap.jar","-c","io.appium.android.bootstrap.Bootstrap","-e","pkg","com.play.android","-e","disableAndroidWatchers",false,"-e","acceptSslCerts",false]
2017-05-31 06:07:59:030 - info: [debug] [UiAutomator] Moving to state 'online'
2017-05-31 06:07:59:042 - info: [AndroidBootstrap] Android bootstrap socket is now connected
2017-05-31 06:07:59:045 - info: [debug] [ADB] Getting connected devices...
2017-05-31 06:07:59:068 - info: [AndroidBootstrap] [BOOTSTRAP LOG] [debug] json loading complete.
2017-05-31 06:07:59:070 - info: [AndroidBootstrap] [BOOTSTRAP LOG] [debug] Registered crash watchers.
2017-05-31 06:07:59:070 - info: [AndroidBootstrap] [BOOTSTRAP LOG] [debug] Client connected
2017-05-31 06:07:59:090 - info: [debug] [ADB] 1 device(s) connected
2017-05-31 06:07:59:091 - info: [debug] [ADB] Running 'D:\SoftWare\SDK\platform-tools\adb.exe' with args: ["-P",5037,"-s","022TAS7N51009853","shell","dumpsys","window"]
2017-05-31 06:07:59:148 - info: [AndroidDriver] Screen already unlocked, doing nothing
2017-05-31 06:07:59:149 - info: [debug] [ADB] Device API level: 19
2017-05-31 06:07:59:150 - info: [debug] [ADB] Getting connected devices...
2017-05-31 06:07:59:172 - info: [debug] [ADB] 1 device(s) connected
2017-05-31 06:07:59:172 - info: [debug] [ADB] Running 'D:\SoftWare\SDK\platform-tools\adb.exe' with args: ["-P",5037,"-s","022TAS7N51009853","shell","am","start","-W","-n","com.play.android/com.play.android.activity.SplashActivity","-S","-a","android.intent.action.MAIN","-c","android.intent.category.LAUNCHER","-f","0x10200000"]
2017-05-31 06:08:07:627 - info: [Appium] New AndroidDriver session created successfully, session 53ad7c8e-3deb-48bd-8b43-ed615b4fa213 added to master session list
2017-05-31 06:08:07:628 - info: [debug] [BaseDriver] Event 'newSessionStarted' logged at 1496210887628 (14:08:07 GMT+0800 (中国标准时间))
2017-05-31 06:08:07:629 - info: [debug] [MJSONWP] Responding to client with driver.createSession() result: {"platform":"LINUX","webStorageEnabled":false,"takesScreenshot":true,"javascriptEnabled":true,"databaseEnabled":false,"networkConnectionEnabled":true,"locationContextEnabled":false,"warnings":{},"desired":{"appPackage":"com.play.android","appActivity":"com.play.android.activity.SplashActivity","app":"D:\\workSpace\\EclipseProjects\\AppiumForEclipse\\apps\\play.apk","noSign":true,"unicodeKeyboard":true,"platformName":"Android","deviceName":"022TAS7N51009853","resetKeyboard":true},"appPackage":"com.play.android","appActivity":"com.play.android.activity.SplashActivity","app":"D:\\workSpace\\EclipseProjects\\AppiumForEclipse\\apps\\play.apk","noSign":true,"unicodeKeyboard":true,"platformName":"Android","deviceName":"022TAS7N51009853","resetKeyboard":true,"deviceUDID":"022TAS7N51009853","platformVersion":"4.4.2","deviceScreenSize":"720x1280","deviceModel":"HUAWEI P6 S-U06","deviceManufacturer":"HUAWEI"}
2017-05-31 06:08:07:633 - info: [HTTP] <-- POST /wd/hub/session 200 22341 ms - 983 
2017-05-31 06:08:09:489 - info: [HTTP] --> POST /wd/hub/session/53ad7c8e-3deb-48bd-8b43-ed615b4fa213/timeouts {"type":"implicit","ms":20000}
2017-05-31 06:08:09:493 - info: [debug] [MJSONWP] Calling AppiumDriver.timeouts() with args: ["implicit",20000,"53ad7c8e-3deb-48bd-8b43-ed615b4fa213"]
2017-05-31 06:08:09:496 - info: [debug] [BaseDriver] Set implicit wait to 20000ms
2017-05-31 06:08:09:497 - info: [debug] [MJSONWP] Responding to client with driver.timeouts() result: null
2017-05-31 06:08:09:498 - info: [HTTP] <-- POST /wd/hub/session/53ad7c8e-3deb-48bd-8b43-ed615b4fa213/timeouts 200 9 ms - 76 
2017-05-31 06:08:09:716 - info: [HTTP] --> POST /wd/hub/session/53ad7c8e-3deb-48bd-8b43-ed615b4fa213/timeouts {"type":"implicit","ms":0}
2017-05-31 06:08:09:716 - info: [debug] [MJSONWP] Calling AppiumDriver.timeouts() with args: ["implicit",0,"53ad7c8e-3deb-48bd-8b43-ed615b4fa213"]
2017-05-31 06:08:09:718 - info: [debug] [BaseDriver] Set implicit wait to 0ms
2017-05-31 06:08:09:719 - info: [debug] [MJSONWP] Responding to client with driver.timeouts() result: null
2017-05-31 06:08:09:720 - info: [HTTP] <-- POST /wd/hub/session/53ad7c8e-3deb-48bd-8b43-ed615b4fa213/timeouts 200 4 ms - 76 
2017-05-31 06:08:09:759 - info: [HTTP] --> GET /wd/hub/session/53ad7c8e-3deb-48bd-8b43-ed615b4fa213/context {}
2017-05-31 06:08:09:762 - info: [debug] [MJSONWP] Calling AppiumDriver.getCurrentContext() with args: ["53ad7c8e-3deb-48bd-8b43-ed615b4fa213"]
2017-05-31 06:08:09:764 - info: [debug] [MJSONWP] Responding to client with driver.getCurrentContext() result: "NATIVE_APP"
2017-05-31 06:08:09:765 - info: [HTTP] <-- GET /wd/hub/session/53ad7c8e-3deb-48bd-8b43-ed615b4fa213/context 200 5 ms - 84 
2017-05-31 06:08:09:771 - info: [HTTP] --> POST /wd/hub/session/53ad7c8e-3deb-48bd-8b43-ed615b4fa213/elements {"using":"id","value":"com.play.android:id/btn_profile"}
2017-05-31 06:08:09:772 - info: [debug] [MJSONWP] Calling AppiumDriver.findElements() with args: ["id","com.play.android:id/btn_profile","53ad7c8e-3deb-48bd-8b43-ed615b4fa213"]
2017-05-31 06:08:09:774 - info: [debug] [BaseDriver] Valid locator strategies for this request: xpath, id, class name, accessibility id, -android uiautomator
2017-05-31 06:08:09:775 - info: [debug] [BaseDriver] Valid locator strategies for this request: xpath, id, class name, accessibility id, -android uiautomator
2017-05-31 06:08:09:776 - info: [debug] [BaseDriver] Waiting up to 0 ms for condition
2017-05-31 06:08:09:781 - info: [debug] [AndroidBootstrap] Sending command to android: {"cmd":"action","action":"find","params":{"strategy":"id","selector":"com.play.android:id/btn_profile","context":"","multiple":true}}
2017-05-31 06:08:09:785 - info: [AndroidBootstrap] [BOOTSTRAP LOG] [debug] Got data from client: {"cmd":"action","action":"find","params":{"strategy":"id","selector":"com.play.android:id/btn_profile","context":"","multiple":true}}
2017-05-31 06:08:09:786 - info: [AndroidBootstrap] [BOOTSTRAP LOG] [debug] Got command of type ACTION
2017-05-31 06:08:09:787 - info: [AndroidBootstrap] [BOOTSTRAP LOG] [debug] Got command action: find
2017-05-31 06:08:09:788 - info: [AndroidBootstrap] [BOOTSTRAP LOG] [debug] Finding 'com.play.android:id/btn_profile' using 'ID' with the contextId: '' multiple: true
2017-05-31 06:08:09:789 - info: [AndroidBootstrap] [BOOTSTRAP LOG] [debug] Using: UiSelector[RESOURCE_ID=com.play.android:id/btn_profile]
2017-05-31 06:08:09:789 - info: [AndroidBootstrap] [BOOTSTRAP LOG] [debug] getElements selector:UiSelector[RESOURCE_ID=com.play.android:id/btn_profile]
2017-05-31 06:08:09:789 - info: [AndroidBootstrap] [BOOTSTRAP LOG] [debug] Element[] is null: (0)
2017-05-31 06:08:09:789 - info: [AndroidBootstrap] [BOOTSTRAP LOG] [debug] getElements tmp selector:UiSelector[INSTANCE=0, RESOURCE_ID=com.play.android:id/btn_profile]
2017-05-31 06:08:10:118 - info: [AndroidBootstrap] [BOOTSTRAP LOG] [debug] Element[] is null: (1)
2017-05-31 06:08:10:119 - info: [AndroidBootstrap] [BOOTSTRAP LOG] [debug] getElements tmp selector:UiSelector[INSTANCE=1, RESOURCE_ID=com.play.android:id/btn_profile]
2017-05-31 06:08:10:424 - info: [AndroidBootstrap] [BOOTSTRAP LOG] [debug] Returning result: {"value":[{"ELEMENT":"1"}],"status":0}
2017-05-31 06:08:10:425 - info: [debug] [AndroidBootstrap] Received command result from bootstrap
2017-05-31 06:08:10:428 - info: [debug] [MJSONWP] Responding to client with driver.findElements() result: [{"ELEMENT":"1"}]
2017-05-31 06:08:10:429 - info: [HTTP] <-- POST /wd/hub/session/53ad7c8e-3deb-48bd-8b43-ed615b4fa213/elements 200 657 ms - 89 
2017-05-31 06:08:10:681 - info: [HTTP] --> POST /wd/hub/session/53ad7c8e-3deb-48bd-8b43-ed615b4fa213/timeouts {"type":"implicit","ms":5000}
2017-05-31 06:08:10:681 - info: [debug] [MJSONWP] Calling AppiumDriver.timeouts() with args: ["implicit",5000,"53ad7c8e-3deb-48bd-8b43-ed615b4fa213"]
2017-05-31 06:08:10:682 - info: [debug] [BaseDriver] Set implicit wait to 5000ms
2017-05-31 06:08:10:683 - info: [debug] [MJSONWP] Responding to client with driver.timeouts() result: null
2017-05-31 06:08:10:684 - info: [HTTP] <-- POST /wd/hub/session/53ad7c8e-3deb-48bd-8b43-ed615b4fa213/timeouts 200 3 ms - 76 
2017-05-31 06:08:11:092 - info: [HTTP] --> POST /wd/hub/session/53ad7c8e-3deb-48bd-8b43-ed615b4fa213/element/1/click {"id":"1"}
2017-05-31 06:08:11:093 - info: [debug] [MJSONWP] Calling AppiumDriver.click() with args: ["1","53ad7c8e-3deb-48bd-8b43-ed615b4fa213"]
2017-05-31 06:08:11:094 - info: [debug] [AndroidBootstrap] Sending command to android: {"cmd":"action","action":"element:click","params":{"elementId":"1"}}
2017-05-31 06:08:11:097 - info: [AndroidBootstrap] [BOOTSTRAP LOG] [debug] Got data from client: {"cmd":"action","action":"element:click","params":{"elementId":"1"}}
2017-05-31 06:08:11:098 - info: [AndroidBootstrap] [BOOTSTRAP LOG] [debug] Got command of type ACTION
2017-05-31 06:08:11:098 - info: [AndroidBootstrap] [BOOTSTRAP LOG] [debug] Got command action: click
2017-05-31 06:08:11:808 - info: [AndroidBootstrap] [BOOTSTRAP LOG] [debug] Returning result: {"value":true,"status":0}
2017-05-31 06:08:11:809 - info: [debug] [AndroidBootstrap] Received command result from bootstrap
2017-05-31 06:08:11:810 - info: [debug] [MJSONWP] Responding to client with driver.click() result: true
2017-05-31 06:08:11:811 - info: [HTTP] <-- POST /wd/hub/session/53ad7c8e-3deb-48bd-8b43-ed615b4fa213/element/1/click 200 719 ms - 76 
2017-05-31 06:08:56:500 - info: [HTTP] --> GET /wd/hub/session/53ad7c8e-3deb-48bd-8b43-ed615b4fa213/appium/device/current_activity {}
2017-05-31 06:08:56:501 - info: [debug] [MJSONWP] Calling AppiumDriver.getCurrentActivity() with args: ["53ad7c8e-3deb-48bd-8b43-ed615b4fa213"]
2017-05-31 06:08:56:508 - info: [debug] [ADB] Getting focused package and activity
2017-05-31 06:08:56:508 - info: [debug] [ADB] Getting connected devices...
2017-05-31 06:08:56:538 - info: [debug] [ADB] 1 device(s) connected
2017-05-31 06:08:56:539 - info: [debug] [ADB] Running 'D:\SoftWare\SDK\platform-tools\adb.exe' with args: ["-P",5037,"-s","022TAS7N51009853","shell","dumpsys","window","windows"]
2017-05-31 06:08:56:601 - info: [debug] [MJSONWP] Responding to client with driver.getCurrentActivity() result: ".activity.member.LoginActivity"
2017-05-31 06:08:56:603 - info: [HTTP] <-- GET /wd/hub/session/53ad7c8e-3deb-48bd-8b43-ed615b4fa213/appium/device/current_activity 200 102 ms - 104 
2017-05-31 06:09:40:801 - info: [HTTP] --> POST /wd/hub/session/53ad7c8e-3deb-48bd-8b43-ed615b4fa213/timeouts {"type":"implicit","ms":0}
2017-05-31 06:09:40:802 - info: [debug] [MJSONWP] Calling AppiumDriver.timeouts() with args: ["implicit",0,"53ad7c8e-3deb-48bd-8b43-ed615b4fa213"]
2017-05-31 06:09:40:803 - info: [debug] [BaseDriver] Set implicit wait to 0ms
2017-05-31 06:09:40:805 - info: [debug] [MJSONWP] Responding to client with driver.timeouts() result: null
2017-05-31 06:09:40:807 - info: [HTTP] <-- POST /wd/hub/session/53ad7c8e-3deb-48bd-8b43-ed615b4fa213/timeouts 200 5 ms - 76 
2017-05-31 06:09:40:819 - info: [HTTP] --> GET /wd/hub/session/53ad7c8e-3deb-48bd-8b43-ed615b4fa213/context {}
2017-05-31 06:09:40:820 - info: [debug] [MJSONWP] Calling AppiumDriver.getCurrentContext() with args: ["53ad7c8e-3deb-48bd-8b43-ed615b4fa213"]
2017-05-31 06:09:40:821 - info: [debug] [MJSONWP] Responding to client with driver.getCurrentContext() result: "NATIVE_APP"
2017-05-31 06:09:40:823 - info: [HTTP] <-- GET /wd/hub/session/53ad7c8e-3deb-48bd-8b43-ed615b4fa213/context 200 3 ms - 84 
2017-05-31 06:09:40:831 - info: [HTTP] --> POST /wd/hub/session/53ad7c8e-3deb-48bd-8b43-ed615b4fa213/elements {"using":"id","value":"com.play.android:id/tv_account"}
2017-05-31 06:09:40:832 - info: [debug] [MJSONWP] Calling AppiumDriver.findElements() with args: ["id","com.play.android:id/tv_account","53ad7c8e-3deb-48bd-8b43-ed615b4fa213"]
2017-05-31 06:09:40:833 - info: [debug] [BaseDriver] Valid locator strategies for this request: xpath, id, class name, accessibility id, -android uiautomator
2017-05-31 06:09:40:833 - info: [debug] [BaseDriver] Valid locator strategies for this request: xpath, id, class name, accessibility id, -android uiautomator
2017-05-31 06:09:40:834 - info: [debug] [BaseDriver] Waiting up to 0 ms for condition
2017-05-31 06:09:40:835 - info: [debug] [AndroidBootstrap] Sending command to android: {"cmd":"action","action":"find","params":{"strategy":"id","selector":"com.play.android:id/tv_account","context":"","multiple":true}}
2017-05-31 06:09:40:842 - info: [AndroidBootstrap] [BOOTSTRAP LOG] [debug] Got data from client: {"cmd":"action","action":"find","params":{"strategy":"id","selector":"com.play.android:id/tv_account","context":"","multiple":true}}
2017-05-31 06:09:40:843 - info: [AndroidBootstrap] [BOOTSTRAP LOG] [debug] Got command of type ACTION
2017-05-31 06:09:40:843 - info: [AndroidBootstrap] [BOOTSTRAP LOG] [debug] Got command action: find
2017-05-31 06:09:40:843 - info: [AndroidBootstrap] [BOOTSTRAP LOG] [debug] Finding 'com.play.android:id/tv_account' using 'ID' with the contextId: '' multiple: true
2017-05-31 06:09:40:844 - info: [AndroidBootstrap] [BOOTSTRAP LOG] [debug] Using: UiSelector[RESOURCE_ID=com.play.android:id/tv_account]
2017-05-31 06:09:40:844 - info: [AndroidBootstrap] [BOOTSTRAP LOG] [debug] getElements selector:UiSelector[RESOURCE_ID=com.play.android:id/tv_account]
2017-05-31 06:09:40:844 - info: [AndroidBootstrap] [BOOTSTRAP LOG] [debug] Element[] is null: (0)
2017-05-31 06:09:40:845 - info: [AndroidBootstrap] [BOOTSTRAP LOG] [debug] getElements tmp selector:UiSelector[INSTANCE=0, RESOURCE_ID=com.play.android:id/tv_account]
2017-05-31 06:09:40:872 - info: [AndroidBootstrap] [BOOTSTRAP LOG] [debug] Element[] is null: (1)
2017-05-31 06:09:40:874 - info: [AndroidBootstrap] [BOOTSTRAP LOG] [debug] getElements tmp selector:UiSelector[INSTANCE=1, RESOURCE_ID=com.play.android:id/tv_account]
2017-05-31 06:09:40:906 - info: [AndroidBootstrap] [BOOTSTRAP LOG] [debug] Returning result: {"value":[{"ELEMENT":"2"}],"status":0}
2017-05-31 06:09:40:907 - info: [debug] [AndroidBootstrap] Received command result from bootstrap
2017-05-31 06:09:40:909 - info: [debug] [MJSONWP] Responding to client with driver.findElements() result: [{"ELEMENT":"2"}]
2017-05-31 06:09:40:912 - info: [HTTP] <-- POST /wd/hub/session/53ad7c8e-3deb-48bd-8b43-ed615b4fa213/elements 200 80 ms - 89 
2017-05-31 06:09:41:066 - info: [HTTP] --> POST /wd/hub/session/53ad7c8e-3deb-48bd-8b43-ed615b4fa213/timeouts {"type":"implicit","ms":5000}
2017-05-31 06:09:41:068 - info: [debug] [MJSONWP] Calling AppiumDriver.timeouts() with args: ["implicit",5000,"53ad7c8e-3deb-48bd-8b43-ed615b4fa213"]
2017-05-31 06:09:41:071 - info: [debug] [BaseDriver] Set implicit wait to 5000ms
2017-05-31 06:09:41:071 - info: [debug] [MJSONWP] Responding to client with driver.timeouts() result: null
2017-05-31 06:09:41:076 - info: [HTTP] <-- POST /wd/hub/session/53ad7c8e-3deb-48bd-8b43-ed615b4fa213/timeouts 200 6 ms - 76 
2017-05-31 06:09:58:157 - info: [HTTP] --> GET /wd/hub/status {}
2017-05-31 06:09:58:158 - info: [debug] [MJSONWP] Calling AppiumDriver.getStatus() with args: []
2017-05-31 06:09:58:206 - info: [debug] [MJSONWP] Responding to client with driver.getStatus() result: {"build":{"version":"1.6.5","revision":null}}
2017-05-31 06:09:58:207 - info: [HTTP] <-- GET /wd/hub/status 200 49 ms - 83 
2017-05-31 06:09:58:213 - info: [HTTP] --> GET /wd/hub/status {}
2017-05-31 06:09:58:215 - info: [debug] [MJSONWP] Calling AppiumDriver.getStatus() with args: []
2017-05-31 06:09:58:261 - info: [debug] [MJSONWP] Responding to client with driver.getStatus() result: {"build":{"version":"1.6.5","revision":null}}
2017-05-31 06:09:58:262 - info: [HTTP] <-- GET /wd/hub/status 200 49 ms - 83 
2017-05-31 06:10:21:928 - info: [HTTP] --> POST /wd/hub/session {"desiredCapabilities":{"appPackage":"com.play.android","appActivity":"com.play.android.activity.SplashActivity","app":"D:\\workSpace\\EclipseProjects\\AppiumForEclipse\\apps\\play.apk","noSign":"True","unicodeKeyboard":"True","platformName":"Android","deviceName":"022TAS7N51009853","resetKeyboard":"True"}}
2017-05-31 06:10:21:930 - info: [debug] [MJSONWP] Calling AppiumDriver.createSession() with args: [{"appPackage":"com.play.android","appActivity":"com.play.android.activity.SplashActivity","app":"D:\\workSpace\\EclipseProjects\\AppiumForEclipse\\apps\\play.apk","noSign":"True","unicodeKeyboard":"True","platformName":"Android","deviceName":"022TAS7N51009853","resetKeyboard":"True"},null,null]
2017-05-31 06:10:21:930 - info: [debug] [BaseDriver] Event 'newSessionRequested' logged at 1496211021930 (14:10:21 GMT+0800 (中国标准时间))
2017-05-31 06:10:21:932 - info: [Appium] Creating new AndroidDriver (v1.20.0) session
2017-05-31 06:10:21:932 - info: [Appium] Capabilities:
2017-05-31 06:10:21:933 - info: [Appium]   appPackage: 'com.play.android'
2017-05-31 06:10:21:933 - info: [Appium]   appActivity: 'com.play.android.activity.SplashActivity'
2017-05-31 06:10:21:934 - info: [Appium]   app: 'D:\\workSpace\\EclipseProjects\\AppiumForEclipse\\apps\\play.apk'
2017-05-31 06:10:21:934 - info: [Appium]   noSign: 'True'
2017-05-31 06:10:21:934 - info: [Appium]   unicodeKeyboard: 'True'
2017-05-31 06:10:21:934 - info: [Appium]   platformName: 'Android'
2017-05-31 06:10:21:934 - info: [Appium]   deviceName: '022TAS7N51009853'
2017-05-31 06:10:21:935 - info: [Appium]   resetKeyboard: 'True'
2017-05-31 06:10:21:938 - info: [HTTP] --> POST /wd/hub/session/53ad7c8e-3deb-48bd-8b43-ed615b4fa213/element/2/click {"id":"2"}
2017-05-31 06:10:21:939 - info: [debug] [MJSONWP] Calling AppiumDriver.click() with args: ["2","53ad7c8e-3deb-48bd-8b43-ed615b4fa213"]
2017-05-31 06:10:21:940 - info: [debug] [AndroidBootstrap] Sending command to android: {"cmd":"action","action":"element:click","params":{"elementId":"2"}}
2017-05-31 06:10:21:944 - info: [HTTP] <-- POST /wd/hub/session 500 22903 ms - 193 
2017-05-31 06:10:21:946 - info: [AndroidBootstrap] [BOOTSTRAP LOG] [debug] Got data from client: {"cmd":"action","action":"element:click","params":{"elementId":"2"}}
2017-05-31 06:10:21:947 - info: [AndroidBootstrap] [BOOTSTRAP LOG] [debug] Got command of type ACTION
2017-05-31 06:10:21:948 - info: [AndroidBootstrap] [BOOTSTRAP LOG] [debug] Got command action: click
2017-05-31 06:10:22:123 - info: [debug] [AndroidBootstrap] Received command result from bootstrap
2017-05-31 06:10:22:132 - info: [debug] [MJSONWP] Responding to client with driver.click() result: true
2017-05-31 06:10:22:133 - info: [HTTP] <-- POST /wd/hub/session/53ad7c8e-3deb-48bd-8b43-ed615b4fa213/element/2/click 200 194 ms - 76 
2017-05-31 06:10:22:134 - info: [AndroidBootstrap] [BOOTSTRAP LOG] [debug] Returning result: {"value":true,"status":0}
2017-05-31 06:10:22:281 - info: [HTTP] --> POST /wd/hub/session/53ad7c8e-3deb-48bd-8b43-ed615b4fa213/timeouts {"type":"implicit","ms":0}
2017-05-31 06:10:22:282 - info: [debug] [MJSONWP] Calling AppiumDriver.timeouts() with args: ["implicit",0,"53ad7c8e-3deb-48bd-8b43-ed615b4fa213"]
2017-05-31 06:10:22:283 - info: [debug] [BaseDriver] Set implicit wait to 0ms
2017-05-31 06:10:22:284 - info: [debug] [MJSONWP] Responding to client with driver.timeouts() result: null
2017-05-31 06:10:22:285 - info: [HTTP] <-- POST /wd/hub/session/53ad7c8e-3deb-48bd-8b43-ed615b4fa213/timeouts 200 4 ms - 76 
2017-05-31 06:10:22:292 - info: [HTTP] --> GET /wd/hub/session/53ad7c8e-3deb-48bd-8b43-ed615b4fa213/context {}
2017-05-31 06:10:22:294 - info: [debug] [MJSONWP] Calling AppiumDriver.getCurrentContext() with args: ["53ad7c8e-3deb-48bd-8b43-ed615b4fa213"]
2017-05-31 06:10:22:297 - info: [debug] [MJSONWP] Responding to client with driver.getCurrentContext() result: "NATIVE_APP"
2017-05-31 06:10:22:301 - info: [HTTP] <-- GET /wd/hub/session/53ad7c8e-3deb-48bd-8b43-ed615b4fa213/context 200 9 ms - 84 
2017-05-31 06:10:22:313 - info: [HTTP] --> POST /wd/hub/session/53ad7c8e-3deb-48bd-8b43-ed615b4fa213/elements {"using":"id","value":"com.play.android:id/et_account"}
2017-05-31 06:10:22:314 - info: [debug] [MJSONWP] Calling AppiumDriver.findElements() with args: ["id","com.play.android:id/et_account","53ad7c8e-3deb-48bd-8b43-ed615b4fa213"]
2017-05-31 06:10:22:317 - info: [debug] [BaseDriver] Valid locator strategies for this request: xpath, id, class name, accessibility id, -android uiautomator
2017-05-31 06:10:22:318 - info: [debug] [BaseDriver] Valid locator strategies for this request: xpath, id, class name, accessibility id, -android uiautomator
2017-05-31 06:10:22:318 - info: [debug] [BaseDriver] Waiting up to 0 ms for condition
2017-05-31 06:10:22:319 - info: [debug] [AndroidBootstrap] Sending command to android: {"cmd":"action","action":"find","params":{"strategy":"id","selector":"com.play.android:id/et_account","context":"","multiple":true}}
2017-05-31 06:10:22:324 - info: [AndroidBootstrap] [BOOTSTRAP LOG] [debug] Got data from client: {"cmd":"action","action":"find","params":{"strategy":"id","selector":"com.play.android:id/et_account","context":"","multiple":true}}
2017-05-31 06:10:22:325 - info: [AndroidBootstrap] [BOOTSTRAP LOG] [debug] Got command of type ACTION
2017-05-31 06:10:22:325 - info: [AndroidBootstrap] [BOOTSTRAP LOG] [debug] Got command action: find
2017-05-31 06:10:22:327 - info: [AndroidBootstrap] [BOOTSTRAP LOG] [debug] Finding 'com.play.android:id/et_account' using 'ID' with the contextId: '' multiple: true
2017-05-31 06:10:22:330 - info: [AndroidBootstrap] [BOOTSTRAP LOG] [debug] Using: UiSelector[RESOURCE_ID=com.play.android:id/et_account]
2017-05-31 06:10:22:331 - info: [AndroidBootstrap] [BOOTSTRAP LOG] [debug] getElements selector:UiSelector[RESOURCE_ID=com.play.android:id/et_account]
2017-05-31 06:10:22:331 - info: [AndroidBootstrap] [BOOTSTRAP LOG] [debug] Element[] is null: (0)
2017-05-31 06:10:22:333 - info: [AndroidBootstrap] [BOOTSTRAP LOG] [debug] getElements tmp selector:UiSelector[INSTANCE=0, RESOURCE_ID=com.play.android:id/et_account]
2017-05-31 06:10:22:875 - info: [AndroidBootstrap] [BOOTSTRAP LOG] [debug] Element[] is null: (1)
2017-05-31 06:10:22:876 - info: [AndroidBootstrap] [BOOTSTRAP LOG] [debug] getElements tmp selector:UiSelector[INSTANCE=1, RESOURCE_ID=com.play.android:id/et_account]
2017-05-31 06:10:23:363 - info: [AndroidBootstrap] [BOOTSTRAP LOG] [debug] Returning result: {"value":[{"ELEMENT":"3"}],"status":0}
2017-05-31 06:10:23:364 - info: [debug] [AndroidBootstrap] Received command result from bootstrap
2017-05-31 06:10:23:367 - info: [debug] [MJSONWP] Responding to client with driver.findElements() result: [{"ELEMENT":"3"}]
2017-05-31 06:10:23:397 - info: [HTTP] <-- POST /wd/hub/session/53ad7c8e-3deb-48bd-8b43-ed615b4fa213/elements 200 1083 ms - 89 
2017-05-31 06:10:23:514 - info: [HTTP] --> POST /wd/hub/session/53ad7c8e-3deb-48bd-8b43-ed615b4fa213/timeouts {"type":"implicit","ms":5000}
2017-05-31 06:10:23:516 - info: [debug] [MJSONWP] Calling AppiumDriver.timeouts() with args: ["implicit",5000,"53ad7c8e-3deb-48bd-8b43-ed615b4fa213"]
2017-05-31 06:10:23:519 - info: [debug] [BaseDriver] Set implicit wait to 5000ms
2017-05-31 06:10:23:520 - info: [debug] [MJSONWP] Responding to client with driver.timeouts() result: null
2017-05-31 06:10:23:521 - info: [HTTP] <-- POST /wd/hub/session/53ad7c8e-3deb-48bd-8b43-ed615b4fa213/timeouts 200 7 ms - 76 
2017-05-31 06:10:23:532 - info: [HTTP] --> POST /wd/hub/session/53ad7c8e-3deb-48bd-8b43-ed615b4fa213/element/3/value {"id":"3","value":["18521035133"]}
2017-05-31 06:10:23:535 - info: [debug] [MJSONWP] Calling AppiumDriver.setValue() with args: [["18521035133"],"3","53ad7c8e-3deb-48bd-8b43-ed615b4fa213"]
2017-05-31 06:10:23:541 - info: [debug] [AndroidBootstrap] Sending command to android: {"cmd":"action","action":"element:setText","params":{"elementId":"3","text":"18521035133","replace":false,"unicodeKeyboard":true}}
2017-05-31 06:10:23:546 - info: [AndroidBootstrap] [BOOTSTRAP LOG] [debug] Got data from client: {"cmd":"action","action":"element:setText","params":{"elementId":"3","text":"18521035133","replace":false,"unicodeKeyboard":true}}
2017-05-31 06:10:23:546 - info: [AndroidBootstrap] [BOOTSTRAP LOG] [debug] Got command of type ACTION
2017-05-31 06:10:23:546 - info: [AndroidBootstrap] [BOOTSTRAP LOG] [debug] Got command action: setText
2017-05-31 06:10:23:547 - info: [AndroidBootstrap] [BOOTSTRAP LOG] [debug] Using element passed in: 3
2017-05-31 06:10:23:575 - info: [AndroidBootstrap] [BOOTSTRAP LOG] [debug] Attempting to clear using UiObject.clearText().
2017-05-31 06:10:26:251 - info: [AndroidBootstrap] [BOOTSTRAP LOG] [debug] Text remains after clearing, but it appears to be hint text.
2017-05-31 06:10:26:288 - info: [AndroidBootstrap] [BOOTSTRAP LOG] [debug] Text not cleared. Assuming remainder is hint text.
2017-05-31 06:10:26:290 - info: [AndroidBootstrap] [BOOTSTRAP LOG] [debug] Sending plain text to element: 18521035133
2017-05-31 06:10:28:967 - info: [AndroidBootstrap] [BOOTSTRAP LOG] [debug] Returning result: {"value":true,"status":0}
2017-05-31 06:10:28:970 - info: [debug] [AndroidBootstrap] Received command result from bootstrap
2017-05-31 06:10:28:982 - info: [debug] [MJSONWP] Responding to client with driver.setValue() result: true
2017-05-31 06:10:28:986 - info: [HTTP] <-- POST /wd/hub/session/53ad7c8e-3deb-48bd-8b43-ed615b4fa213/element/3/value 200 5451 ms - 76 
2017-05-31 06:10:29:032 - info: [HTTP] --> POST /wd/hub/session/53ad7c8e-3deb-48bd-8b43-ed615b4fa213/timeouts {"type":"implicit","ms":0}
2017-05-31 06:10:29:032 - info: [debug] [MJSONWP] Calling AppiumDriver.timeouts() with args: ["implicit",0,"53ad7c8e-3deb-48bd-8b43-ed615b4fa213"]
2017-05-31 06:10:29:033 - info: [debug] [BaseDriver] Set implicit wait to 0ms
2017-05-31 06:10:29:035 - info: [debug] [MJSONWP] Responding to client with driver.timeouts() result: null
2017-05-31 06:10:29:035 - info: [HTTP] <-- POST /wd/hub/session/53ad7c8e-3deb-48bd-8b43-ed615b4fa213/timeouts 200 3 ms - 76 
2017-05-31 06:10:29:040 - info: [HTTP] --> GET /wd/hub/session/53ad7c8e-3deb-48bd-8b43-ed615b4fa213/context {}
2017-05-31 06:10:29:041 - info: [debug] [MJSONWP] Calling AppiumDriver.getCurrentContext() with args: ["53ad7c8e-3deb-48bd-8b43-ed615b4fa213"]
2017-05-31 06:10:29:043 - info: [debug] [MJSONWP] Responding to client with driver.getCurrentContext() result: "NATIVE_APP"
2017-05-31 06:10:29:044 - info: [HTTP] <-- GET /wd/hub/session/53ad7c8e-3deb-48bd-8b43-ed615b4fa213/context 200 3 ms - 84 
2017-05-31 06:10:29:056 - info: [HTTP] --> POST /wd/hub/session/53ad7c8e-3deb-48bd-8b43-ed615b4fa213/elements {"using":"id","value":"com.play.android:id/et_password"}
2017-05-31 06:10:29:057 - info: [debug] [MJSONWP] Calling AppiumDriver.findElements() with args: ["id","com.play.android:id/et_password","53ad7c8e-3deb-48bd-8b43-ed615b4fa213"]
2017-05-31 06:10:29:057 - info: [debug] [BaseDriver] Valid locator strategies for this request: xpath, id, class name, accessibility id, -android uiautomator
2017-05-31 06:10:29:058 - info: [debug] [BaseDriver] Valid locator strategies for this request: xpath, id, class name, accessibility id, -android uiautomator
2017-05-31 06:10:29:058 - info: [debug] [BaseDriver] Waiting up to 0 ms for condition
2017-05-31 06:10:29:058 - info: [debug] [AndroidBootstrap] Sending command to android: {"cmd":"action","action":"find","params":{"strategy":"id","selector":"com.play.android:id/et_password","context":"","multiple":true}}
2017-05-31 06:10:29:068 - info: [AndroidBootstrap] [BOOTSTRAP LOG] [debug] Got data from client: {"cmd":"action","action":"find","params":{"strategy":"id","selector":"com.play.android:id/et_password","context":"","multiple":true}}
2017-05-31 06:10:29:068 - info: [AndroidBootstrap] [BOOTSTRAP LOG] [debug] Got command of type ACTION
2017-05-31 06:10:29:069 - info: [AndroidBootstrap] [BOOTSTRAP LOG] [debug] Got command action: find
2017-05-31 06:10:29:071 - info: [AndroidBootstrap] [BOOTSTRAP LOG] [debug] Finding 'com.play.android:id/et_password' using 'ID' with the contextId: '' multiple: true
2017-05-31 06:10:29:071 - info: [AndroidBootstrap] [BOOTSTRAP LOG] [debug] Using: UiSelector[RESOURCE_ID=com.play.android:id/et_password]
2017-05-31 06:10:29:071 - info: [AndroidBootstrap] [BOOTSTRAP LOG] [debug] getElements selector:UiSelector[RESOURCE_ID=com.play.android:id/et_password]
2017-05-31 06:10:29:071 - info: [AndroidBootstrap] [BOOTSTRAP LOG] [debug] Element[] is null: (0)
2017-05-31 06:10:29:072 - info: [AndroidBootstrap] [BOOTSTRAP LOG] [debug] getElements tmp selector:UiSelector[INSTANCE=0, RESOURCE_ID=com.play.android:id/et_password]
2017-05-31 06:10:29:506 - info: [AndroidBootstrap] [BOOTSTRAP LOG] [debug] Element[] is null: (1)
2017-05-31 06:10:29:507 - info: [AndroidBootstrap] [BOOTSTRAP LOG] [debug] getElements tmp selector:UiSelector[INSTANCE=1, RESOURCE_ID=com.play.android:id/et_password]
2017-05-31 06:10:29:551 - info: [AndroidBootstrap] [BOOTSTRAP LOG] [debug] Returning result: {"value":[{"ELEMENT":"4"}],"status":0}
2017-05-31 06:10:29:553 - info: [debug] [AndroidBootstrap] Received command result from bootstrap
2017-05-31 06:10:29:572 - info: [debug] [MJSONWP] Responding to client with driver.findElements() result: [{"ELEMENT":"4"}]
2017-05-31 06:10:29:573 - info: [HTTP] <-- POST /wd/hub/session/53ad7c8e-3deb-48bd-8b43-ed615b4fa213/elements 200 517 ms - 89 
2017-05-31 06:10:29:698 - info: [HTTP] --> POST /wd/hub/session/53ad7c8e-3deb-48bd-8b43-ed615b4fa213/timeouts {"type":"implicit","ms":5000}
2017-05-31 06:10:29:698 - info: [debug] [MJSONWP] Calling AppiumDriver.timeouts() with args: ["implicit",5000,"53ad7c8e-3deb-48bd-8b43-ed615b4fa213"]
2017-05-31 06:10:29:700 - info: [debug] [BaseDriver] Set implicit wait to 5000ms
2017-05-31 06:10:29:701 - info: [debug] [MJSONWP] Responding to client with driver.timeouts() result: null
2017-05-31 06:10:29:703 - info: [HTTP] <-- POST /wd/hub/session/53ad7c8e-3deb-48bd-8b43-ed615b4fa213/timeouts 200 4 ms - 76 
2017-05-31 06:10:29:716 - info: [HTTP] --> POST /wd/hub/session/53ad7c8e-3deb-48bd-8b43-ed615b4fa213/element/4/value {"id":"4","value":["111111"]}
2017-05-31 06:10:29:717 - info: [debug] [MJSONWP] Calling AppiumDriver.setValue() with args: [["111111"],"4","53ad7c8e-3deb-48bd-8b43-ed615b4fa213"]
2017-05-31 06:10:29:720 - info: [debug] [AndroidBootstrap] Sending command to android: {"cmd":"action","action":"element:setText","params":{"elementId":"4","text":"111111","replace":false,"unicodeKeyboard":true}}
2017-05-31 06:10:29:736 - info: [AndroidBootstrap] [BOOTSTRAP LOG] [debug] Got data from client: {"cmd":"action","action":"element:setText","params":{"elementId":"4","text":"111111","replace":false,"unicodeKeyboard":true}}
2017-05-31 06:10:29:736 - info: [AndroidBootstrap] [BOOTSTRAP LOG] [debug] Got command of type ACTION
2017-05-31 06:10:29:736 - info: [AndroidBootstrap] [BOOTSTRAP LOG] [debug] Got command action: setText
2017-05-31 06:10:29:737 - info: [AndroidBootstrap] [BOOTSTRAP LOG] [debug] Using element passed in: 4
2017-05-31 06:10:29:756 - info: [AndroidBootstrap] [BOOTSTRAP LOG] [debug] Attempting to clear using UiObject.clearText().
2017-05-31 06:10:32:228 - info: [AndroidBootstrap] [BOOTSTRAP LOG] [debug] Sending plain text to element: 111111
2017-05-31 06:10:34:985 - info: [AndroidBootstrap] [BOOTSTRAP LOG] [debug] Returning result: {"value":true,"status":0}
2017-05-31 06:10:34:987 - info: [debug] [AndroidBootstrap] Received command result from bootstrap
2017-05-31 06:10:34:989 - info: [debug] [MJSONWP] Responding to client with driver.setValue() result: true
2017-05-31 06:10:34:999 - info: [HTTP] <-- POST /wd/hub/session/53ad7c8e-3deb-48bd-8b43-ed615b4fa213/element/4/value 200 5276 ms - 76 
2017-05-31 06:10:35:044 - info: [HTTP] --> POST /wd/hub/session/53ad7c8e-3deb-48bd-8b43-ed615b4fa213/timeouts {"type":"implicit","ms":0}
2017-05-31 06:10:35:044 - info: [debug] [MJSONWP] Calling AppiumDriver.timeouts() with args: ["implicit",0,"53ad7c8e-3deb-48bd-8b43-ed615b4fa213"]
2017-05-31 06:10:35:045 - info: [debug] [BaseDriver] Set implicit wait to 0ms
2017-05-31 06:10:35:046 - info: [debug] [MJSONWP] Responding to client with driver.timeouts() result: null
2017-05-31 06:10:35:048 - info: [HTTP] <-- POST /wd/hub/session/53ad7c8e-3deb-48bd-8b43-ed615b4fa213/timeouts 200 4 ms - 76 
2017-05-31 06:10:35:087 - info: [HTTP] --> GET /wd/hub/session/53ad7c8e-3deb-48bd-8b43-ed615b4fa213/context {}
2017-05-31 06:10:35:088 - info: [debug] [MJSONWP] Calling AppiumDriver.getCurrentContext() with args: ["53ad7c8e-3deb-48bd-8b43-ed615b4fa213"]
2017-05-31 06:10:35:090 - info: [debug] [MJSONWP] Responding to client with driver.getCurrentContext() result: "NATIVE_APP"
2017-05-31 06:10:35:092 - info: [HTTP] <-- GET /wd/hub/session/53ad7c8e-3deb-48bd-8b43-ed615b4fa213/context 200 3 ms - 84 
2017-05-31 06:10:35:120 - info: [HTTP] --> POST /wd/hub/session/53ad7c8e-3deb-48bd-8b43-ed615b4fa213/elements {"using":"id","value":"com.play.android:id/btn_login"}
2017-05-31 06:10:35:120 - info: [debug] [MJSONWP] Calling AppiumDriver.findElements() with args: ["id","com.play.android:id/btn_login","53ad7c8e-3deb-48bd-8b43-ed615b4fa213"]
2017-05-31 06:10:35:121 - info: [debug] [BaseDriver] Valid locator strategies for this request: xpath, id, class name, accessibility id, -android uiautomator
2017-05-31 06:10:35:123 - info: [debug] [BaseDriver] Valid locator strategies for this request: xpath, id, class name, accessibility id, -android uiautomator
2017-05-31 06:10:35:123 - info: [debug] [BaseDriver] Waiting up to 0 ms for condition
2017-05-31 06:10:35:124 - info: [debug] [AndroidBootstrap] Sending command to android: {"cmd":"action","action":"find","params":{"strategy":"id","selector":"com.play.android:id/btn_login","context":"","multiple":true}}
2017-05-31 06:10:35:140 - info: [AndroidBootstrap] [BOOTSTRAP LOG] [debug] Got data from client: {"cmd":"action","action":"find","params":{"strategy":"id","selector":"com.play.android:id/btn_login","context":"","multiple":true}}
2017-05-31 06:10:35:141 - info: [AndroidBootstrap] [BOOTSTRAP LOG] [debug] Got command of type ACTION
2017-05-31 06:10:35:142 - info: [AndroidBootstrap] [BOOTSTRAP LOG] [debug] Got command action: find
2017-05-31 06:10:35:142 - info: [AndroidBootstrap] [BOOTSTRAP LOG] [debug] Finding 'com.play.android:id/btn_login' using 'ID' with the contextId: '' multiple: true
2017-05-31 06:10:35:143 - info: [AndroidBootstrap] [BOOTSTRAP LOG] [debug] Using: UiSelector[RESOURCE_ID=com.play.android:id/btn_login]
2017-05-31 06:10:35:143 - info: [AndroidBootstrap] [BOOTSTRAP LOG] [debug] getElements selector:UiSelector[RESOURCE_ID=com.play.android:id/btn_login]
2017-05-31 06:10:35:146 - info: [AndroidBootstrap] [BOOTSTRAP LOG] [debug] Element[] is null: (0)
2017-05-31 06:10:35:146 - info: [AndroidBootstrap] [BOOTSTRAP LOG] [debug] getElements tmp selector:UiSelector[INSTANCE=0, RESOURCE_ID=com.play.android:id/btn_login]
2017-05-31 06:10:35:508 - info: [AndroidBootstrap] [BOOTSTRAP LOG] [debug] Element[] is null: (1)
2017-05-31 06:10:35:514 - info: [AndroidBootstrap] [BOOTSTRAP LOG] [debug] getElements tmp selector:UiSelector[INSTANCE=1, RESOURCE_ID=com.play.android:id/btn_login]
2017-05-31 06:10:36:348 - info: [AndroidBootstrap] [BOOTSTRAP LOG] [debug] Returning result: {"value":[{"ELEMENT":"5"}],"status":0}
2017-05-31 06:10:36:351 - info: [debug] [AndroidBootstrap] Received command result from bootstrap
2017-05-31 06:10:36:361 - info: [debug] [MJSONWP] Responding to client with driver.findElements() result: [{"ELEMENT":"5"}]
2017-05-31 06:10:36:367 - info: [HTTP] <-- POST /wd/hub/session/53ad7c8e-3deb-48bd-8b43-ed615b4fa213/elements 200 1243 ms - 89 
2017-05-31 06:10:36:452 - info: [HTTP] --> POST /wd/hub/session/53ad7c8e-3deb-48bd-8b43-ed615b4fa213/timeouts {"type":"implicit","ms":5000}
2017-05-31 06:10:36:454 - info: [debug] [MJSONWP] Calling AppiumDriver.timeouts() with args: ["implicit",5000,"53ad7c8e-3deb-48bd-8b43-ed615b4fa213"]
2017-05-31 06:10:36:456 - info: [debug] [BaseDriver] Set implicit wait to 5000ms
2017-05-31 06:10:36:457 - info: [debug] [MJSONWP] Responding to client with driver.timeouts() result: null
2017-05-31 06:10:36:467 - info: [HTTP] <-- POST /wd/hub/session/53ad7c8e-3deb-48bd-8b43-ed615b4fa213/timeouts 200 6 ms - 76 
2017-05-31 06:10:36:472 - info: [HTTP] --> POST /wd/hub/session/53ad7c8e-3deb-48bd-8b43-ed615b4fa213/element/5/click {"id":"5"}
2017-05-31 06:10:36:472 - info: [debug] [MJSONWP] Calling AppiumDriver.click() with args: ["5","53ad7c8e-3deb-48bd-8b43-ed615b4fa213"]
2017-05-31 06:10:36:474 - info: [debug] [AndroidBootstrap] Sending command to android: {"cmd":"action","action":"element:click","params":{"elementId":"5"}}
2017-05-31 06:10:36:482 - info: [AndroidBootstrap] [BOOTSTRAP LOG] [debug] Got data from client: {"cmd":"action","action":"element:click","params":{"elementId":"5"}}
2017-05-31 06:10:36:482 - info: [AndroidBootstrap] [BOOTSTRAP LOG] [debug] Got command of type ACTION
2017-05-31 06:10:36:483 - info: [AndroidBootstrap] [BOOTSTRAP LOG] [debug] Got command action: click
2017-05-31 06:10:36:660 - info: [AndroidBootstrap] [BOOTSTRAP LOG] [debug] Returning result: {"value":true,"status":0}
2017-05-31 06:10:36:660 - info: [debug] [AndroidBootstrap] Received command result from bootstrap
2017-05-31 06:10:36:665 - info: [debug] [MJSONWP] Responding to client with driver.click() result: true
2017-05-31 06:10:36:667 - info: [HTTP] <-- POST /wd/hub/session/53ad7c8e-3deb-48bd-8b43-ed615b4fa213/element/5/click 200 195 ms - 76 
2017-05-31 06:10:36:676 - info: [HTTP] --> GET /wd/hub/session/53ad7c8e-3deb-48bd-8b43-ed615b4fa213/appium/device/current_activity {}
2017-05-31 06:10:36:677 - info: [debug] [MJSONWP] Calling AppiumDriver.getCurrentActivity() with args: ["53ad7c8e-3deb-48bd-8b43-ed615b4fa213"]
2017-05-31 06:10:36:679 - info: [debug] [ADB] Getting focused package and activity
2017-05-31 06:10:36:680 - info: [debug] [ADB] Getting connected devices...
2017-05-31 06:10:36:720 - info: [debug] [ADB] 1 device(s) connected
2017-05-31 06:10:36:721 - info: [debug] [ADB] Running 'D:\SoftWare\SDK\platform-tools\adb.exe' with args: ["-P",5037,"-s","022TAS7N51009853","shell","dumpsys","window","windows"]
2017-05-31 06:10:36:818 - info: [debug] [MJSONWP] Responding to client with driver.getCurrentActivity() result: ".activity.member.LoginActivity"
2017-05-31 06:10:36:823 - info: [HTTP] <-- GET /wd/hub/session/53ad7c8e-3deb-48bd-8b43-ed615b4fa213/appium/device/current_activity 200 145 ms - 104 
2017-05-31 06:10:37:828 - info: [HTTP] --> GET /wd/hub/session/53ad7c8e-3deb-48bd-8b43-ed615b4fa213/appium/device/current_activity {}
2017-05-31 06:10:37:829 - info: [debug] [MJSONWP] Calling AppiumDriver.getCurrentActivity() with args: ["53ad7c8e-3deb-48bd-8b43-ed615b4fa213"]
2017-05-31 06:10:37:830 - info: [debug] [ADB] Getting focused package and activity
2017-05-31 06:10:37:831 - info: [debug] [ADB] Getting connected devices...
2017-05-31 06:10:37:874 - info: [debug] [ADB] 1 device(s) connected
2017-05-31 06:10:37:874 - info: [debug] [ADB] Running 'D:\SoftWare\SDK\platform-tools\adb.exe' with args: ["-P",5037,"-s","022TAS7N51009853","shell","dumpsys","window","windows"]
2017-05-31 06:10:37:934 - info: [debug] [MJSONWP] Responding to client with driver.getCurrentActivity() result: ".activity.main.HomeActivity"
2017-05-31 06:10:37:935 - info: [HTTP] <-- GET /wd/hub/session/53ad7c8e-3deb-48bd-8b43-ed615b4fa213/appium/device/current_activity 200 106 ms - 101 
2017-05-31 06:10:37:941 - info: [HTTP] --> POST /wd/hub/session/53ad7c8e-3deb-48bd-8b43-ed615b4fa213/appium/app/close {}
2017-05-31 06:10:37:942 - info: [debug] [MJSONWP] Calling AppiumDriver.closeApp() with args: ["53ad7c8e-3deb-48bd-8b43-ed615b4fa213"]
2017-05-31 06:10:37:943 - info: [debug] [ADB] Getting connected devices...
2017-05-31 06:10:37:972 - info: [debug] [ADB] 1 device(s) connected
2017-05-31 06:10:37:972 - info: [debug] [ADB] Running 'D:\SoftWare\SDK\platform-tools\adb.exe' with args: ["-P",5037,"-s","022TAS7N51009853","shell","am","force-stop","com.play.android"]
2017-05-31 06:10:38:947 - info: [debug] [MJSONWP] Responding to client with driver.closeApp() result: null
2017-05-31 06:10:38:953 - info: [HTTP] <-- POST /wd/hub/session/53ad7c8e-3deb-48bd-8b43-ed615b4fa213/appium/app/close 200 1008 ms - 76 
