2017-06-01 06:55:41:062 - info: [Appium] Welcome to Appium v1.6.5
2017-06-01 06:55:41:062 - info: [Appium] Non-default server args:
2017-06-01 06:55:41:078 - info: [Appium]   address: 127.0.0.1
2017-06-01 06:55:41:078 - info: [Appium]   log: D:\workSpace\EclipseProjects\AppiumForEclipse\log\1496300134907.log
2017-06-01 06:55:41:141 - info: [Appium] Appium REST http interface listener started on 127.0.0.1:4723
2017-06-01 06:55:41:658 - info: [HTTP] --> GET /wd/hub/status {}
2017-06-01 06:55:41:673 - info: [debug] [MJSONWP] Calling AppiumDriver.getStatus() with args: []
2017-06-01 06:55:41:720 - info: [debug] [MJSONWP] Responding to client with driver.getStatus() result: {"build":{"version":"1.6.5","revision":null}}
2017-06-01 06:55:41:720 - info: [HTTP] <-- GET /wd/hub/status 200 57 ms - 83 
2017-06-01 06:55:41:720 - info: [HTTP] --> GET /wd/hub/status {}
2017-06-01 06:55:41:720 - info: [debug] [MJSONWP] Calling AppiumDriver.getStatus() with args: []
2017-06-01 06:55:41:767 - info: [debug] [MJSONWP] Responding to client with driver.getStatus() result: {"build":{"version":"1.6.5","revision":null}}
2017-06-01 06:55:41:767 - info: [HTTP] <-- GET /wd/hub/status 200 41 ms - 83 
2017-06-01 06:55:42:391 - info: [HTTP] --> POST /wd/hub/session {"desiredCapabilities":{"appPackage":"com.play.android","appActivity":"com.play.android.activity.SplashActivity","app":"D:\\workSpace\\EclipseProjects\\AppiumForEclipse\\apps\\play-debug.apk","noSign":"True","browserName":"","unicodeKeyboard":"True","platformName":"Android","deviceName":"85GBBMA2353T","resetKeyboard":"True"}}
2017-06-01 06:55:42:391 - info: [debug] [MJSONWP] Calling AppiumDriver.createSession() with args: [{"appPackage":"com.play.android","appActivity":"com.play.android.activity.SplashActivity","app":"D:\\workSpace\\EclipseProjects\\AppiumForEclipse\\apps\\play-debug.apk","noSign":"True","browserName":"","unicodeKeyboard":"True","platformName":"Android","deviceName":"85GBBMA2353T","resetKeyboard":"True"},null,null]
2017-06-01 06:55:42:391 - info: [debug] [BaseDriver] Event 'newSessionRequested' logged at 1496300142391 (14:55:42 GMT+0800 (中国标准时间))
2017-06-01 06:55:42:391 - info: [Appium] Creating new AndroidDriver (v1.20.0) session
2017-06-01 06:55:42:391 - info: [Appium] Capabilities:
2017-06-01 06:55:42:391 - info: [Appium]   appPackage: 'com.play.android'
2017-06-01 06:55:42:391 - info: [Appium]   appActivity: 'com.play.android.activity.SplashActivity'
2017-06-01 06:55:42:391 - info: [Appium]   app: 'D:\\workSpace\\EclipseProjects\\AppiumForEclipse\\apps\\play-debug.apk'
2017-06-01 06:55:42:391 - info: [Appium]   noSign: 'True'
2017-06-01 06:55:42:391 - info: [Appium]   browserName: ''
2017-06-01 06:55:42:391 - info: [Appium]   unicodeKeyboard: 'True'
2017-06-01 06:55:42:391 - info: [Appium]   platformName: 'Android'
2017-06-01 06:55:42:391 - info: [Appium]   deviceName: '85GBBMA2353T'
2017-06-01 06:55:42:391 - info: [Appium]   resetKeyboard: 'True'
2017-06-01 06:55:42:407 - info: [debug] [AndroidDriver] AndroidDriver version: 1.20.0
2017-06-01 06:55:42:407 - warn: [BaseDriver] Capability 'unicodeKeyboard' changed from string to boolean. This may cause unexpected behavior
2017-06-01 06:55:42:407 - warn: [BaseDriver] Capability 'resetKeyboard' changed from string to boolean. This may cause unexpected behavior
2017-06-01 06:55:42:407 - warn: [BaseDriver] Capability 'noSign' changed from string to boolean. This may cause unexpected behavior
2017-06-01 06:55:42:407 - info: [BaseDriver] Session created with session id: 095d09f6-e2d8-49ac-a3cd-cbaddeb7d662
2017-06-01 06:55:42:423 - info: [debug] [AndroidDriver] Getting Java version
2017-06-01 06:55:42:535 - info: [AndroidDriver] Java version is: 1.8.0_121
2017-06-01 06:55:42:551 - info: [ADB] Checking whether adb is present
2017-06-01 06:55:42:551 - info: [ADB] Using adb.exe from D:\SoftWare\SDK\platform-tools\adb.exe
2017-06-01 06:55:42:551 - info: [AndroidDriver] Retrieving device list
2017-06-01 06:55:42:551 - info: [debug] [ADB] Trying to find a connected android device
2017-06-01 06:55:42:551 - info: [debug] [ADB] Getting connected devices...
2017-06-01 06:55:42:567 - info: [debug] [ADB] 0 device(s) connected
2017-06-01 06:55:42:567 - info: [debug] [ADB] Could not find devices, restarting adb server...
2017-06-01 06:55:42:567 - info: [debug] [ADB] Restarting adb
2017-06-01 06:55:42:816 - info: [debug] [ADB] Getting connected devices...
2017-06-01 06:55:46:926 - info: [debug] [ADB] 0 device(s) connected
2017-06-01 06:55:46:926 - info: [debug] [ADB] Could not find devices, restarting adb server...
2017-06-01 06:55:46:942 - info: [debug] [ADB] Restarting adb
2017-06-01 06:55:47:192 - info: [debug] [ADB] Getting connected devices...
2017-06-01 06:55:51:298 - info: [debug] [ADB] 0 device(s) connected
2017-06-01 06:55:51:298 - info: [debug] [ADB] Could not find devices, restarting adb server...
2017-06-01 06:55:51:314 - info: [debug] [ADB] Restarting adb
2017-06-01 06:55:51:549 - info: [debug] [ADB] Getting connected devices...
2017-06-01 06:55:55:652 - info: [debug] [ADB] 0 device(s) connected
2017-06-01 06:55:55:652 - info: [debug] [ADB] Could not find devices, restarting adb server...
2017-06-01 06:55:55:652 - info: [debug] [ADB] Restarting adb
2017-06-01 06:55:55:884 - info: [debug] [ADB] Getting connected devices...
2017-06-01 06:55:59:969 - info: [debug] [ADB] 0 device(s) connected
2017-06-01 06:55:59:970 - info: [debug] [ADB] Could not find devices, restarting adb server...
2017-06-01 06:55:59:971 - info: [debug] [ADB] Restarting adb
2017-06-01 06:56:00:210 - info: [debug] [ADB] Getting connected devices...
2017-06-01 06:56:04:312 - info: [debug] [ADB] 0 device(s) connected
2017-06-01 06:56:04:313 - info: [debug] [ADB] Could not find devices, restarting adb server...
2017-06-01 06:56:04:313 - info: [debug] [ADB] Restarting adb
2017-06-01 06:56:04:545 - info: [debug] [ADB] Could not find devices, restarting adb server...
2017-06-01 06:56:04:546 - info: [debug] [ADB] Restarting adb
2017-06-01 06:56:05:794 - info: [debug] [ADB] Could not find devices, restarting adb server...
2017-06-01 06:56:05:798 - info: [debug] [ADB] Restarting adb
2017-06-01 06:56:07:051 - info: [debug] [ADB] Could not find devices, restarting adb server...
2017-06-01 06:56:07:051 - info: [debug] [ADB] Restarting adb
2017-06-01 06:56:08:299 - info: [debug] [ADB] Could not find devices, restarting adb server...
2017-06-01 06:56:08:300 - info: [debug] [ADB] Restarting adb
2017-06-01 06:56:09:557 - info: [debug] [ADB] Could not find devices, restarting adb server...
2017-06-01 06:56:09:559 - info: [debug] [ADB] Restarting adb
2017-06-01 06:56:10:812 - info: [debug] [ADB] Could not find devices, restarting adb server...
2017-06-01 06:56:10:812 - info: [debug] [ADB] Restarting adb
2017-06-01 06:56:12:059 - info: [debug] [AndroidDriver] Shutting down Android driver
2017-06-01 06:56:12:060 - info: [debug] [AndroidDriver] Called deleteSession but bootstrap wasn't active
2017-06-01 06:56:12:104 - error: [MJSONWP] Encountered internal error running command: Error: Could not find a connected Android device.
    at ADB.getDevices$ (../../../lib/tools/system-calls.js:132:13)
    at tryCatch (D:\MyProgram\nodejs\node_modules\appium\node_modules\babel-runtime\regenerator\runtime.js:67:40)
    at GeneratorFunctionPrototype.invoke [as _invoke] (D:\MyProgram\nodejs\node_modules\appium\node_modules\babel-runtime\regenerator\runtime.js:315:22)
    at GeneratorFunctionPrototype.prototype.(anonymous function) [as next] (D:\MyProgram\nodejs\node_modules\appium\node_modules\babel-runtime\regenerator\runtime.js:100:21)
    at invoke (D:\MyProgram\nodejs\node_modules\appium\node_modules\babel-runtime\regenerator\runtime.js:136:37)
    at enqueueResult (D:\MyProgram\nodejs\node_modules\appium\node_modules\babel-runtime\regenerator\runtime.js:185:17)
    at Promise.F (D:\MyProgram\nodejs\node_modules\appium\node_modules\core-js\library\modules\$.export.js:30:36)
    at AsyncIterator.enqueue (D:\MyProgram\nodejs\node_modules\appium\node_modules\babel-runtime\regenerator\runtime.js:184:12)
    at AsyncIterator.prototype.(anonymous function) [as next] (D:\MyProgram\nodejs\node_modules\appium\node_modules\babel-runtime\regenerator\runtime.js:100:21)
    at Object.runtime.async (D:\MyProgram\nodejs\node_modules\appium\node_modules\babel-runtime\regenerator\runtime.js:209:12)
    at getDevices (../../../lib/tools/system-calls.js:135:18)
    at ADB.getDevices$ (../../../lib/tools/system-calls.js:149:20)
    at tryCatch (D:\MyProgram\nodejs\node_modules\appium\node_modules\babel-runtime\regenerator\runtime.js:67:40)
    at GeneratorFunctionPrototype.invoke [as _invoke] (D:\MyProgram\nodejs\node_modules\appium\node_modules\babel-runtime\regenerator\runtime.js:315:22)
    at GeneratorFunctionPrototype.prototype.(anonymous function) [as next] (D:\MyProgram\nodejs\node_modules\appium\node_modules\babel-runtime\regenerator\runtime.js:100:21)
    at GeneratorFunctionPrototype.invoke (D:\MyProgram\nodejs\node_modules\appium\node_modules\babel-runtime\regenerator\runtime.js:136:37)
2017-06-01 06:56:12:118 - info: [HTTP] <-- POST /wd/hub/session 500 29719 ms - 179 
