2017-06-01 06:18:20:437 - info: [Appium] Welcome to Appium v1.6.5
2017-06-01 06:18:20:440 - info: [Appium] Non-default server args:
2017-06-01 06:18:20:441 - info: [Appium]   address: 127.0.0.1
2017-06-01 06:18:20:441 - info: [Appium]   log: D:\workSpace\EclipseProjects\AppiumForEclipse\log\1496297894393.log
2017-06-01 06:18:20:525 - info: [Appium] Appium REST http interface listener started on 127.0.0.1:4723
2017-06-01 06:18:20:675 - info: [HTTP] --> GET /wd/hub/status {}
2017-06-01 06:18:20:678 - info: [debug] [MJSONWP] Calling AppiumDriver.getStatus() with args: []
2017-06-01 06:18:20:727 - info: [debug] [MJSONWP] Responding to client with driver.getStatus() result: {"build":{"version":"1.6.5","revision":null}}
2017-06-01 06:18:20:737 - info: [HTTP] <-- GET /wd/hub/status 200 56 ms - 83 
2017-06-01 06:18:20:744 - info: [HTTP] --> GET /wd/hub/status {}
2017-06-01 06:18:20:744 - info: [debug] [MJSONWP] Calling AppiumDriver.getStatus() with args: []
2017-06-01 06:18:20:789 - info: [debug] [MJSONWP] Responding to client with driver.getStatus() result: {"build":{"version":"1.6.5","revision":null}}
2017-06-01 06:18:20:791 - info: [HTTP] <-- GET /wd/hub/status 200 47 ms - 83 
2017-06-01 06:18:21:411 - info: [HTTP] --> POST /wd/hub/session {"desiredCapabilities":{"appPackage":"com.play.android","appActivity":"com.play.android.activity.SplashActivity","app":"D:\\workSpace\\EclipseProjects\\AppiumForEclipse\\apps\\play-debug.apk","noSign":"True","browserName":"","unicodeKeyboard":"True","platformName":"Android","deviceName":"85GBBMA2353T","resetKeyboard":"True"}}
2017-06-01 06:18:21:412 - info: [debug] [MJSONWP] Calling AppiumDriver.createSession() with args: [{"appPackage":"com.play.android","appActivity":"com.play.android.activity.SplashActivity","app":"D:\\workSpace\\EclipseProjects\\AppiumForEclipse\\apps\\play-debug.apk","noSign":"True","browserName":"","unicodeKeyboard":"True","platformName":"Android","deviceName":"85GBBMA2353T","resetKeyboard":"True"},null,null]
2017-06-01 06:18:21:412 - info: [debug] [BaseDriver] Event 'newSessionRequested' logged at 1496297901412 (14:18:21 GMT+0800 (中国标准时间))
2017-06-01 06:18:21:415 - info: [Appium] Creating new AndroidDriver (v1.20.0) session
2017-06-01 06:18:21:415 - info: [Appium] Capabilities:
2017-06-01 06:18:21:418 - info: [Appium]   appPackage: 'com.play.android'
2017-06-01 06:18:21:418 - info: [Appium]   appActivity: 'com.play.android.activity.SplashActivity'
2017-06-01 06:18:21:419 - info: [Appium]   app: 'D:\\workSpace\\EclipseProjects\\AppiumForEclipse\\apps\\play-debug.apk'
2017-06-01 06:18:21:419 - info: [Appium]   noSign: 'True'
2017-06-01 06:18:21:419 - info: [Appium]   browserName: ''
2017-06-01 06:18:21:419 - info: [Appium]   unicodeKeyboard: 'True'
2017-06-01 06:18:21:420 - info: [Appium]   platformName: 'Android'
2017-06-01 06:18:21:420 - info: [Appium]   deviceName: '85GBBMA2353T'
2017-06-01 06:18:21:420 - info: [Appium]   resetKeyboard: 'True'
2017-06-01 06:18:21:423 - info: [debug] [AndroidDriver] AndroidDriver version: 1.20.0
2017-06-01 06:18:21:431 - warn: [BaseDriver] Capability 'unicodeKeyboard' changed from string to boolean. This may cause unexpected behavior
2017-06-01 06:18:21:431 - warn: [BaseDriver] Capability 'resetKeyboard' changed from string to boolean. This may cause unexpected behavior
2017-06-01 06:18:21:431 - warn: [BaseDriver] Capability 'noSign' changed from string to boolean. This may cause unexpected behavior
2017-06-01 06:18:21:444 - info: [BaseDriver] Session created with session id: a1d10b82-6963-4bb3-a0fe-e2e9af9ed6e3
2017-06-01 06:18:21:447 - info: [debug] [AndroidDriver] Getting Java version
2017-06-01 06:18:21:562 - info: [AndroidDriver] Java version is: 1.8.0_121
2017-06-01 06:18:21:567 - info: [ADB] Checking whether adb is present
2017-06-01 06:18:21:571 - info: [ADB] Using adb.exe from D:\SoftWare\SDK\platform-tools\adb.exe
2017-06-01 06:18:21:572 - info: [AndroidDriver] Retrieving device list
2017-06-01 06:18:21:573 - info: [debug] [ADB] Trying to find a connected android device
2017-06-01 06:18:21:574 - info: [debug] [ADB] Getting connected devices...
2017-06-01 06:18:21:598 - info: [debug] [ADB] 1 device(s) connected
2017-06-01 06:18:21:598 - info: [AndroidDriver] Using device: 022TAS7N51009853
2017-06-01 06:18:21:599 - info: [ADB] Checking whether adb is present
2017-06-01 06:18:21:602 - info: [ADB] Using adb.exe from D:\SoftWare\SDK\platform-tools\adb.exe
2017-06-01 06:18:21:603 - info: [debug] [ADB] Setting device id to 022TAS7N51009853
2017-06-01 06:18:21:604 - info: [BaseDriver] Using local app 'D:\workSpace\EclipseProjects\AppiumForEclipse\apps\play-debug.apk'
2017-06-01 06:18:21:604 - info: [debug] [AndroidDriver] Checking whether app is actually present
2017-06-01 06:18:21:605 - info: [AndroidDriver] Starting Android session
2017-06-01 06:18:21:610 - info: [debug] [ADB] Running 'D:\SoftWare\SDK\platform-tools\adb.exe' with args: ["-P",5037,"-s","022TAS7N51009853","wait-for-device"]
2017-06-01 06:18:21:634 - info: [debug] [ADB] Getting connected devices...
2017-06-01 06:18:21:657 - info: [debug] [ADB] 1 device(s) connected
2017-06-01 06:18:21:658 - info: [debug] [ADB] Running 'D:\SoftWare\SDK\platform-tools\adb.exe' with args: ["-P",5037,"-s","022TAS7N51009853","shell","echo","ping"]
2017-06-01 06:18:21:699 - info: [debug] [Logcat] Starting logcat capture
2017-06-01 06:18:21:748 - info: [debug] [AndroidDriver] Enabling Unicode keyboard support
2017-06-01 06:18:21:748 - info: [debug] [AndroidDriver] Pushing unicode ime to device...
2017-06-01 06:18:21:749 - info: [debug] [ADB] Running 'D:\SoftWare\SDK\platform-tools\adb.exe' with args: ["-P",5037,"-s","022TAS7N51009853","install","D:\\MyProgram\\nodejs\\node_modules\\appium\\node_modules\\appium-android-ime\\bin\\UnicodeIME-debug.apk"]
2017-06-01 06:18:23:236 - info: [debug] [ADB] Getting connected devices...
2017-06-01 06:18:23:273 - info: [debug] [ADB] 1 device(s) connected
2017-06-01 06:18:23:274 - info: [debug] [ADB] Running 'D:\SoftWare\SDK\platform-tools\adb.exe' with args: ["-P",5037,"-s","022TAS7N51009853","shell","settings","get","secure","default_input_method"]
2017-06-01 06:18:24:283 - info: [debug] [AndroidDriver] Unsetting previous IME io.appium.android.ime/.UnicodeIME
2017-06-01 06:18:24:284 - info: [debug] [AndroidDriver] Setting IME to 'io.appium.android.ime/.UnicodeIME'
2017-06-01 06:18:24:285 - info: [debug] [ADB] Getting connected devices...
2017-06-01 06:18:24:320 - info: [debug] [ADB] 1 device(s) connected
2017-06-01 06:18:24:321 - info: [debug] [ADB] Running 'D:\SoftWare\SDK\platform-tools\adb.exe' with args: ["-P",5037,"-s","022TAS7N51009853","shell","ime","enable","io.appium.android.ime/.UnicodeIME"]
2017-06-01 06:18:25:140 - info: [debug] [ADB] Getting connected devices...
2017-06-01 06:18:25:175 - info: [debug] [ADB] 1 device(s) connected
2017-06-01 06:18:25:176 - info: [debug] [ADB] Running 'D:\SoftWare\SDK\platform-tools\adb.exe' with args: ["-P",5037,"-s","022TAS7N51009853","shell","ime","set","io.appium.android.ime/.UnicodeIME"]
2017-06-01 06:18:26:023 - info: [debug] [AndroidDriver] Pushing settings apk to device...
2017-06-01 06:18:26:026 - info: [debug] [ADB] Getting install status for io.appium.settings
2017-06-01 06:18:26:027 - info: [debug] [ADB] Getting connected devices...
2017-06-01 06:18:26:066 - info: [debug] [ADB] 1 device(s) connected
2017-06-01 06:18:26:067 - info: [debug] [ADB] Running 'D:\SoftWare\SDK\platform-tools\adb.exe' with args: ["-P",5037,"-s","022TAS7N51009853","shell","pm","list","packages","io.appium.settings"]
2017-06-01 06:18:27:129 - info: [debug] [ADB] App is installed
2017-06-01 06:18:27:131 - info: [debug] [ADB] Getting package info for io.appium.settings
2017-06-01 06:18:27:132 - info: [debug] [ADB] Getting connected devices...
2017-06-01 06:18:27:153 - info: [ADB] Checking whether aapt is present
2017-06-01 06:18:27:161 - info: [ADB] Using aapt.exe from D:\SoftWare\SDK\build-tools\24.0.3\aapt.exe
2017-06-01 06:18:27:190 - info: [debug] [ADB] 1 device(s) connected
2017-06-01 06:18:27:191 - info: [debug] [ADB] Running 'D:\SoftWare\SDK\platform-tools\adb.exe' with args: ["-P",5037,"-s","022TAS7N51009853","shell","dumpsys","package","io.appium.settings"]
2017-06-01 06:18:27:202 - warn: [ADB] Cannot read version codes of D:\MyProgram\nodejs\node_modules\appium\node_modules\io.appium.settings\app\build\outputs\apk\settings_apk-debug.apk and/or io.appium.settings. Assuming correct app version is already installed
2017-06-01 06:18:27:204 - info: [debug] [ADB] Getting connected devices...
2017-06-01 06:18:27:233 - info: [debug] [ADB] 1 device(s) connected
2017-06-01 06:18:27:234 - info: [debug] [ADB] Running 'D:\SoftWare\SDK\platform-tools\adb.exe' with args: ["-P",5037,"-s","022TAS7N51009853","shell","getprop","ro.build.version.sdk"]
2017-06-01 06:18:27:268 - info: [debug] [ADB] Device API level: 19
2017-06-01 06:18:27:269 - info: [debug] [ADB] Getting connected devices...
2017-06-01 06:18:27:301 - info: [debug] [ADB] 1 device(s) connected
2017-06-01 06:18:27:302 - info: [debug] [ADB] Running 'D:\SoftWare\SDK\platform-tools\adb.exe' with args: ["-P",5037,"-s","022TAS7N51009853","shell","dumpsys","package","io.appium.settings"]
2017-06-01 06:18:27:375 - info: [debug] [AndroidDriver] Pushing unlock helper app to device...
2017-06-01 06:18:27:376 - info: [debug] [ADB] Running 'D:\SoftWare\SDK\platform-tools\adb.exe' with args: ["-P",5037,"-s","022TAS7N51009853","install","D:\\MyProgram\\nodejs\\node_modules\\appium\\node_modules\\appium-unlock\\bin\\unlock_apk-debug.apk"]
2017-06-01 06:18:28:429 - info: [debug] [ADB] Device API level: 19
2017-06-01 06:18:28:432 - info: [debug] [ADB] Getting connected devices...
2017-06-01 06:18:28:465 - info: [debug] [ADB] 1 device(s) connected
2017-06-01 06:18:28:466 - info: [debug] [ADB] Running 'D:\SoftWare\SDK\platform-tools\adb.exe' with args: ["-P",5037,"-s","022TAS7N51009853","shell","settings","put","secure","mock_location","1"]
2017-06-01 06:18:29:280 - info: [ADB] Getting device platform version
2017-06-01 06:18:29:281 - info: [debug] [ADB] Getting connected devices...
2017-06-01 06:18:29:323 - info: [debug] [ADB] 1 device(s) connected
2017-06-01 06:18:29:323 - info: [debug] [ADB] Running 'D:\SoftWare\SDK\platform-tools\adb.exe' with args: ["-P",5037,"-s","022TAS7N51009853","shell","getprop","ro.build.version.release"]
2017-06-01 06:18:29:377 - info: [debug] [ADB] Getting connected devices...
2017-06-01 06:18:29:402 - info: [debug] [ADB] 1 device(s) connected
2017-06-01 06:18:29:402 - info: [debug] [ADB] Running 'D:\SoftWare\SDK\platform-tools\adb.exe' with args: ["-P",5037,"-s","022TAS7N51009853","shell","wm","size"]
2017-06-01 06:18:30:240 - info: [debug] [ADB] Getting connected devices...
2017-06-01 06:18:30:270 - info: [debug] [ADB] 1 device(s) connected
2017-06-01 06:18:30:270 - info: [debug] [ADB] Running 'D:\SoftWare\SDK\platform-tools\adb.exe' with args: ["-P",5037,"-s","022TAS7N51009853","shell","getprop","ro.product.model"]
2017-06-01 06:18:30:311 - info: [debug] [ADB] Current device property 'ro.product.model': HUAWEI P6 S-U06
2017-06-01 06:18:30:312 - info: [debug] [ADB] Getting connected devices...
2017-06-01 06:18:30:343 - info: [debug] [ADB] 1 device(s) connected
2017-06-01 06:18:30:343 - info: [debug] [ADB] Running 'D:\SoftWare\SDK\platform-tools\adb.exe' with args: ["-P",5037,"-s","022TAS7N51009853","shell","getprop","ro.product.manufacturer"]
2017-06-01 06:18:30:398 - info: [debug] [ADB] Current device property 'ro.product.manufacturer': HUAWEI
2017-06-01 06:18:30:537 - info: [AndroidDriver] Remote apk path is /data/local/tmp/15d3311f063b134c1cf121d1019c9163.apk
2017-06-01 06:18:30:537 - info: [debug] [ADB] Getting connected devices...
2017-06-01 06:18:30:560 - info: [debug] [ADB] 1 device(s) connected
2017-06-01 06:18:30:560 - info: [debug] [ADB] Running 'D:\SoftWare\SDK\platform-tools\adb.exe' with args: ["-P",5037,"-s","022TAS7N51009853","shell","ls","/data/local/tmp/15d3311f063b134c1cf121d1019c9163.apk"]
2017-06-01 06:18:30:616 - info: [debug] [AndroidDriver] Checking if app is installed
2017-06-01 06:18:30:616 - info: [debug] [ADB] Getting install status for com.play.android
2017-06-01 06:18:30:617 - info: [debug] [ADB] Getting connected devices...
2017-06-01 06:18:30:639 - info: [debug] [ADB] 1 device(s) connected
2017-06-01 06:18:30:639 - info: [debug] [ADB] Running 'D:\SoftWare\SDK\platform-tools\adb.exe' with args: ["-P",5037,"-s","022TAS7N51009853","shell","pm","list","packages","com.play.android"]
2017-06-01 06:18:31:591 - info: [debug] [ADB] App is not installed
2017-06-01 06:18:31:593 - info: [AndroidDriver] Apk is not yet installed
2017-06-01 06:18:31:594 - info: [AndroidDriver] installing apk from remote
2017-06-01 06:18:31:594 - info: [debug] [ADB] Getting connected devices...
2017-06-01 06:18:31:637 - info: [debug] [ADB] 1 device(s) connected
2017-06-01 06:18:31:638 - info: [debug] [ADB] Running 'D:\SoftWare\SDK\platform-tools\adb.exe' with args: ["-P",5037,"-s","022TAS7N51009853","shell","mkdir","-p","/data/local/tmp"]
2017-06-01 06:18:31:699 - info: [AndroidDriver] Clearing out any existing remote apks with the same hash
2017-06-01 06:18:31:700 - info: [debug] [AndroidDriver] Removing any old apks
2017-06-01 06:18:31:700 - info: [debug] [AndroidDriver] Except ["15d3311f063b134c1cf121d1019c9163"]
2017-06-01 06:18:31:700 - info: [debug] [ADB] Getting connected devices...
2017-06-01 06:18:31:726 - info: [debug] [ADB] 1 device(s) connected
2017-06-01 06:18:31:726 - info: [debug] [ADB] Running 'D:\SoftWare\SDK\platform-tools\adb.exe' with args: ["-P",5037,"-s","022TAS7N51009853","shell","ls","/data/local/tmp/*.apk"]
2017-06-01 06:18:31:782 - info: [AndroidDriver] Will remove /data/local/tmp/42e2f15827830994ee5f75a4ff734348.apk
2017-06-01 06:18:31:783 - info: [debug] [ADB] Getting connected devices...
2017-06-01 06:18:31:816 - info: [debug] [ADB] 1 device(s) connected
2017-06-01 06:18:31:818 - info: [debug] [ADB] Running 'D:\SoftWare\SDK\platform-tools\adb.exe' with args: ["-P",5037,"-s","022TAS7N51009853","shell","rm","-f","/data/local/tmp/42e2f15827830994ee5f75a4ff734348.apk"]
2017-06-01 06:18:31:869 - info: [AndroidDriver] Pushing com.play.android to device. Will wait up to 90000 milliseconds before aborting
2017-06-01 06:18:31:870 - info: [debug] [ADB] Running 'D:\SoftWare\SDK\platform-tools\adb.exe' with args: ["-P",5037,"-s","022TAS7N51009853","push","D:\\workSpace\\EclipseProjects\\AppiumForEclipse\\apps\\play-debug.apk","/data/local/tmp/15d3311f063b134c1cf121d1019c9163.apk"]
2017-06-01 06:18:36:970 - info: [debug] [ADB] Uninstalling com.play.android
2017-06-01 06:18:36:971 - info: [debug] [ADB] Getting connected devices...
2017-06-01 06:18:36:999 - info: [debug] [ADB] 1 device(s) connected
2017-06-01 06:18:37:000 - info: [debug] [ADB] Running 'D:\SoftWare\SDK\platform-tools\adb.exe' with args: ["-P",5037,"-s","022TAS7N51009853","shell","am","force-stop","com.play.android"]
2017-06-01 06:18:37:995 - info: [debug] [ADB] Running 'D:\SoftWare\SDK\platform-tools\adb.exe' with args: ["-P",5037,"-s","022TAS7N51009853","uninstall","com.play.android"]
2017-06-01 06:18:38:960 - info: [ADB] App was not uninstalled, maybe it wasn't on device?
2017-06-01 06:18:38:962 - info: [debug] [ADB] Getting connected devices...
2017-06-01 06:18:39:001 - info: [debug] [ADB] 1 device(s) connected
2017-06-01 06:18:39:001 - info: [debug] [ADB] Running 'D:\SoftWare\SDK\platform-tools\adb.exe' with args: ["-P",5037,"-s","022TAS7N51009853","shell","pm","install","-r","/data/local/tmp/15d3311f063b134c1cf121d1019c9163.apk"]
2017-06-01 06:18:51:396 - info: [debug] [AndroidDriver] Extracting strings from apk D:\workSpace\EclipseProjects\AppiumForEclipse\apps\play-debug.apk null C:\Users\ADMINI~1\AppData\Local\Temp\com.play.android
2017-06-01 06:18:51:398 - info: [debug] [ADB] Extracting strings for language: default
2017-06-01 06:18:51:399 - info: [debug] [ADB] Device API level: 19
2017-06-01 06:18:51:401 - info: [debug] [ADB] Getting connected devices...
2017-06-01 06:18:51:441 - info: [debug] [ADB] 1 device(s) connected
2017-06-01 06:18:51:441 - info: [debug] [ADB] Running 'D:\SoftWare\SDK\platform-tools\adb.exe' with args: ["-P",5037,"-s","022TAS7N51009853","shell","getprop","persist.sys.language"]
2017-06-01 06:18:51:477 - info: [debug] [ADB] Current device property 'persist.sys.language': zh
2017-06-01 06:18:52:654 - info: [debug] [ADB] Reading strings from converted strings.json
2017-06-01 06:18:52:660 - info: [debug] [ADB] Running 'D:\SoftWare\SDK\platform-tools\adb.exe' with args: ["-P",5037,"-s","022TAS7N51009853","push","C:\\Users\\ADMINI~1\\AppData\\Local\\Temp\\com.play.android\\strings.json","/data/local/tmp"]
2017-06-01 06:18:52:712 - info: [debug] [AndroidBootstrap] Watching for bootstrap disconnect
2017-06-01 06:18:52:714 - info: [debug] [ADB] Forwarding system: 4724 to device: 4724
2017-06-01 06:18:52:715 - info: [debug] [ADB] Running 'D:\SoftWare\SDK\platform-tools\adb.exe' with args: ["-P",5037,"-s","022TAS7N51009853","forward","tcp:4724","tcp:4724"]
2017-06-01 06:18:52:726 - info: [debug] [UiAutomator] Starting UiAutomator
2017-06-01 06:18:52:726 - info: [debug] [UiAutomator] Moving to state 'starting'
2017-06-01 06:18:52:727 - info: [debug] [UiAutomator] Parsing uiautomator jar
2017-06-01 06:18:52:727 - info: [debug] [UiAutomator] Found jar name: 'AppiumBootstrap.jar'
2017-06-01 06:18:52:728 - info: [debug] [ADB] Running 'D:\SoftWare\SDK\platform-tools\adb.exe' with args: ["-P",5037,"-s","022TAS7N51009853","push","D:\\MyProgram\\nodejs\\node_modules\\appium\\node_modules\\appium-android-bootstrap\\bootstrap\\bin\\AppiumBootstrap.jar","/data/local/tmp/"]
2017-06-01 06:18:52:783 - info: [debug] [ADB] Attempting to kill all uiautomator processes
2017-06-01 06:18:52:784 - info: [debug] [ADB] Getting all processes with uiautomator
2017-06-01 06:18:52:785 - info: [debug] [ADB] Getting connected devices...
2017-06-01 06:18:52:814 - info: [debug] [ADB] 1 device(s) connected
2017-06-01 06:18:52:815 - info: [debug] [ADB] Running 'D:\SoftWare\SDK\platform-tools\adb.exe' with args: ["-P",5037,"-s","022TAS7N51009853","shell","ps"]
2017-06-01 06:18:52:989 - info: [ADB] No uiautomator process found to kill, continuing...
2017-06-01 06:18:52:989 - info: [debug] [UiAutomator] Starting UIAutomator
2017-06-01 06:18:52:990 - info: [debug] [ADB] Creating ADB subprocess with args: ["-P",5037,"-s","022TAS7N51009853","shell","uiautomator","runtest","AppiumBootstrap.jar","-c","io.appium.android.bootstrap.Bootstrap","-e","pkg","com.play.android","-e","disableAndroidWatchers",false,"-e","acceptSslCerts",false]
2017-06-01 06:18:53:712 - info: [debug] [UiAutomator] Moving to state 'online'
2017-06-01 06:18:53:723 - info: [AndroidBootstrap] Android bootstrap socket is now connected
2017-06-01 06:18:53:727 - info: [debug] [ADB] Getting connected devices...
2017-06-01 06:18:53:741 - info: [AndroidBootstrap] [BOOTSTRAP LOG] [debug] json loading complete.
2017-06-01 06:18:53:742 - info: [AndroidBootstrap] [BOOTSTRAP LOG] [debug] Registered crash watchers.
2017-06-01 06:18:53:743 - info: [AndroidBootstrap] [BOOTSTRAP LOG] [debug] Client connected
2017-06-01 06:18:53:764 - info: [debug] [ADB] 1 device(s) connected
2017-06-01 06:18:53:764 - info: [debug] [ADB] Running 'D:\SoftWare\SDK\platform-tools\adb.exe' with args: ["-P",5037,"-s","022TAS7N51009853","shell","dumpsys","window"]
2017-06-01 06:18:53:825 - info: [AndroidDriver] Screen already unlocked, doing nothing
2017-06-01 06:18:53:827 - info: [debug] [ADB] Device API level: 19
2017-06-01 06:18:53:827 - info: [debug] [ADB] Getting connected devices...
2017-06-01 06:18:53:852 - info: [debug] [ADB] 1 device(s) connected
2017-06-01 06:18:53:852 - info: [debug] [ADB] Running 'D:\SoftWare\SDK\platform-tools\adb.exe' with args: ["-P",5037,"-s","022TAS7N51009853","shell","am","start","-W","-n","com.play.android/com.play.android.activity.SplashActivity","-S","-a","android.intent.action.MAIN","-c","android.intent.category.LAUNCHER","-f","0x10200000"]
2017-06-01 06:19:03:007 - info: [Appium] New AndroidDriver session created successfully, session a1d10b82-6963-4bb3-a0fe-e2e9af9ed6e3 added to master session list
2017-06-01 06:19:03:009 - info: [debug] [BaseDriver] Event 'newSessionStarted' logged at 1496297943009 (14:19:03 GMT+0800 (中国标准时间))
2017-06-01 06:19:03:010 - info: [debug] [MJSONWP] Responding to client with driver.createSession() result: {"platform":"LINUX","webStorageEnabled":false,"takesScreenshot":true,"javascriptEnabled":true,"databaseEnabled":false,"networkConnectionEnabled":true,"locationContextEnabled":false,"warnings":{},"desired":{"appPackage":"com.play.android","appActivity":"com.play.android.activity.SplashActivity","app":"D:\\workSpace\\EclipseProjects\\AppiumForEclipse\\apps\\play-debug.apk","noSign":true,"browserName":"","unicodeKeyboard":true,"platformName":"Android","deviceName":"85GBBMA2353T","resetKeyboard":true},"appPackage":"com.play.android","appActivity":"com.play.android.activity.SplashActivity","app":"D:\\workSpace\\EclipseProjects\\AppiumForEclipse\\apps\\play-debug.apk","noSign":true,"browserName":"","unicodeKeyboard":true,"platformName":"Android","deviceName":"022TAS7N51009853","resetKeyboard":true,"deviceUDID":"022TAS7N51009853","platformVersion":"4.4.2","deviceScreenSize":"720x1280","deviceModel":"HUAWEI P6 S-U06","deviceManufacturer":"HUAWEI"}
2017-06-01 06:19:03:014 - info: [HTTP] <-- POST /wd/hub/session 200 41601 ms - 1025 
2017-06-01 06:19:04:964 - info: [HTTP] --> POST /wd/hub/session/a1d10b82-6963-4bb3-a0fe-e2e9af9ed6e3/timeouts {"type":"implicit","ms":20000}
2017-06-01 06:19:04:966 - info: [debug] [MJSONWP] Calling AppiumDriver.timeouts() with args: ["implicit",20000,"a1d10b82-6963-4bb3-a0fe-e2e9af9ed6e3"]
2017-06-01 06:19:04:968 - info: [debug] [BaseDriver] Set implicit wait to 20000ms
2017-06-01 06:19:04:970 - info: [debug] [MJSONWP] Responding to client with driver.timeouts() result: null
2017-06-01 06:19:04:972 - info: [HTTP] <-- POST /wd/hub/session/a1d10b82-6963-4bb3-a0fe-e2e9af9ed6e3/timeouts 200 7 ms - 76 
2017-06-01 06:19:05:244 - info: [HTTP] --> POST /wd/hub/session/a1d10b82-6963-4bb3-a0fe-e2e9af9ed6e3/timeouts {"type":"implicit","ms":0}
2017-06-01 06:19:05:245 - info: [debug] [MJSONWP] Calling AppiumDriver.timeouts() with args: ["implicit",0,"a1d10b82-6963-4bb3-a0fe-e2e9af9ed6e3"]
2017-06-01 06:19:05:246 - info: [debug] [BaseDriver] Set implicit wait to 0ms
2017-06-01 06:19:05:247 - info: [debug] [MJSONWP] Responding to client with driver.timeouts() result: null
2017-06-01 06:19:05:248 - info: [HTTP] <-- POST /wd/hub/session/a1d10b82-6963-4bb3-a0fe-e2e9af9ed6e3/timeouts 200 4 ms - 76 
2017-06-01 06:19:05:270 - info: [HTTP] --> GET /wd/hub/session/a1d10b82-6963-4bb3-a0fe-e2e9af9ed6e3/context {}
2017-06-01 06:19:05:275 - info: [debug] [MJSONWP] Calling AppiumDriver.getCurrentContext() with args: ["a1d10b82-6963-4bb3-a0fe-e2e9af9ed6e3"]
2017-06-01 06:19:05:277 - info: [debug] [MJSONWP] Responding to client with driver.getCurrentContext() result: "NATIVE_APP"
2017-06-01 06:19:05:278 - info: [HTTP] <-- GET /wd/hub/session/a1d10b82-6963-4bb3-a0fe-e2e9af9ed6e3/context 200 8 ms - 84 
2017-06-01 06:19:05:283 - info: [HTTP] --> POST /wd/hub/session/a1d10b82-6963-4bb3-a0fe-e2e9af9ed6e3/elements {"using":"id","value":"com.play.android:id/btn_profile"}
2017-06-01 06:19:05:284 - info: [debug] [MJSONWP] Calling AppiumDriver.findElements() with args: ["id","com.play.android:id/btn_profile","a1d10b82-6963-4bb3-a0fe-e2e9af9ed6e3"]
2017-06-01 06:19:05:285 - info: [debug] [BaseDriver] Valid locator strategies for this request: xpath, id, class name, accessibility id, -android uiautomator
2017-06-01 06:19:05:287 - info: [debug] [BaseDriver] Valid locator strategies for this request: xpath, id, class name, accessibility id, -android uiautomator
2017-06-01 06:19:05:288 - info: [debug] [BaseDriver] Waiting up to 0 ms for condition
2017-06-01 06:19:05:292 - info: [debug] [AndroidBootstrap] Sending command to android: {"cmd":"action","action":"find","params":{"strategy":"id","selector":"com.play.android:id/btn_profile","context":"","multiple":true}}
2017-06-01 06:19:05:295 - info: [AndroidBootstrap] [BOOTSTRAP LOG] [debug] Got data from client: {"cmd":"action","action":"find","params":{"strategy":"id","selector":"com.play.android:id/btn_profile","context":"","multiple":true}}
2017-06-01 06:19:05:299 - info: [AndroidBootstrap] [BOOTSTRAP LOG] [debug] Got command of type ACTION
2017-06-01 06:19:05:300 - info: [AndroidBootstrap] [BOOTSTRAP LOG] [debug] Got command action: find
2017-06-01 06:19:05:300 - info: [AndroidBootstrap] [BOOTSTRAP LOG] [debug] Finding 'com.play.android:id/btn_profile' using 'ID' with the contextId: '' multiple: true
2017-06-01 06:19:05:300 - info: [AndroidBootstrap] [BOOTSTRAP LOG] [debug] Using: UiSelector[RESOURCE_ID=com.play.android:id/btn_profile]
2017-06-01 06:19:05:301 - info: [AndroidBootstrap] [BOOTSTRAP LOG] [debug] getElements selector:UiSelector[RESOURCE_ID=com.play.android:id/btn_profile]
2017-06-01 06:19:05:301 - info: [AndroidBootstrap] [BOOTSTRAP LOG] [debug] Element[] is null: (0)
2017-06-01 06:19:05:301 - info: [AndroidBootstrap] [BOOTSTRAP LOG] [debug] getElements tmp selector:UiSelector[INSTANCE=0, RESOURCE_ID=com.play.android:id/btn_profile]
2017-06-01 06:19:05:467 - info: [AndroidBootstrap] [BOOTSTRAP LOG] [debug] Element[] is null: (1)
2017-06-01 06:19:05:469 - info: [AndroidBootstrap] [BOOTSTRAP LOG] [debug] getElements tmp selector:UiSelector[INSTANCE=1, RESOURCE_ID=com.play.android:id/btn_profile]
2017-06-01 06:19:05:599 - info: [AndroidBootstrap] [BOOTSTRAP LOG] [debug] Returning result: {"value":[{"ELEMENT":"1"}],"status":0}
2017-06-01 06:19:05:600 - info: [debug] [AndroidBootstrap] Received command result from bootstrap
2017-06-01 06:19:05:602 - info: [debug] [MJSONWP] Responding to client with driver.findElements() result: [{"ELEMENT":"1"}]
2017-06-01 06:19:05:605 - info: [HTTP] <-- POST /wd/hub/session/a1d10b82-6963-4bb3-a0fe-e2e9af9ed6e3/elements 200 320 ms - 89 
2017-06-01 06:19:05:848 - info: [HTTP] --> POST /wd/hub/session/a1d10b82-6963-4bb3-a0fe-e2e9af9ed6e3/timeouts {"type":"implicit","ms":5000}
2017-06-01 06:19:05:850 - info: [debug] [MJSONWP] Calling AppiumDriver.timeouts() with args: ["implicit",5000,"a1d10b82-6963-4bb3-a0fe-e2e9af9ed6e3"]
2017-06-01 06:19:05:851 - info: [debug] [BaseDriver] Set implicit wait to 5000ms
2017-06-01 06:19:05:852 - info: [debug] [MJSONWP] Responding to client with driver.timeouts() result: null
2017-06-01 06:19:05:854 - info: [HTTP] <-- POST /wd/hub/session/a1d10b82-6963-4bb3-a0fe-e2e9af9ed6e3/timeouts 200 5 ms - 76 
2017-06-01 06:19:05:879 - info: [HTTP] --> POST /wd/hub/session/a1d10b82-6963-4bb3-a0fe-e2e9af9ed6e3/element/1/click {"id":"1"}
2017-06-01 06:19:05:880 - info: [debug] [MJSONWP] Calling AppiumDriver.click() with args: ["1","a1d10b82-6963-4bb3-a0fe-e2e9af9ed6e3"]
2017-06-01 06:19:05:881 - info: [debug] [AndroidBootstrap] Sending command to android: {"cmd":"action","action":"element:click","params":{"elementId":"1"}}
2017-06-01 06:19:05:885 - info: [AndroidBootstrap] [BOOTSTRAP LOG] [debug] Got data from client: {"cmd":"action","action":"element:click","params":{"elementId":"1"}}
2017-06-01 06:19:05:886 - info: [AndroidBootstrap] [BOOTSTRAP LOG] [debug] Got command of type ACTION
2017-06-01 06:19:05:886 - info: [AndroidBootstrap] [BOOTSTRAP LOG] [debug] Got command action: click
2017-06-01 06:19:07:951 - info: [AndroidBootstrap] [BOOTSTRAP LOG] [debug] Returning result: {"value":true,"status":0}
2017-06-01 06:19:07:952 - info: [debug] [AndroidBootstrap] Received command result from bootstrap
2017-06-01 06:19:07:953 - info: [debug] [MJSONWP] Responding to client with driver.click() result: true
2017-06-01 06:19:07:954 - info: [HTTP] <-- POST /wd/hub/session/a1d10b82-6963-4bb3-a0fe-e2e9af9ed6e3/element/1/click 200 2075 ms - 76 
2017-06-01 06:19:08:000 - info: [HTTP] --> GET /wd/hub/session/a1d10b82-6963-4bb3-a0fe-e2e9af9ed6e3/appium/device/current_activity {}
2017-06-01 06:19:08:002 - info: [debug] [MJSONWP] Calling AppiumDriver.getCurrentActivity() with args: ["a1d10b82-6963-4bb3-a0fe-e2e9af9ed6e3"]
2017-06-01 06:19:08:004 - info: [debug] [ADB] Getting focused package and activity
2017-06-01 06:19:08:004 - info: [debug] [ADB] Getting connected devices...
2017-06-01 06:19:08:062 - info: [debug] [ADB] 1 device(s) connected
2017-06-01 06:19:08:063 - info: [debug] [ADB] Running 'D:\SoftWare\SDK\platform-tools\adb.exe' with args: ["-P",5037,"-s","022TAS7N51009853","shell","dumpsys","window","windows"]
2017-06-01 06:19:08:161 - info: [debug] [MJSONWP] Responding to client with driver.getCurrentActivity() result: ".activity.member.LoginActivity"
2017-06-01 06:19:08:162 - info: [HTTP] <-- GET /wd/hub/session/a1d10b82-6963-4bb3-a0fe-e2e9af9ed6e3/appium/device/current_activity 200 161 ms - 104 
2017-06-01 06:19:08:204 - info: [HTTP] --> POST /wd/hub/session/a1d10b82-6963-4bb3-a0fe-e2e9af9ed6e3/timeouts {"type":"implicit","ms":0}
2017-06-01 06:19:08:205 - info: [debug] [MJSONWP] Calling AppiumDriver.timeouts() with args: ["implicit",0,"a1d10b82-6963-4bb3-a0fe-e2e9af9ed6e3"]
2017-06-01 06:19:08:206 - info: [debug] [BaseDriver] Set implicit wait to 0ms
2017-06-01 06:19:08:207 - info: [debug] [MJSONWP] Responding to client with driver.timeouts() result: null
2017-06-01 06:19:08:212 - info: [HTTP] <-- POST /wd/hub/session/a1d10b82-6963-4bb3-a0fe-e2e9af9ed6e3/timeouts 200 4 ms - 76 
2017-06-01 06:19:08:214 - info: [HTTP] --> GET /wd/hub/session/a1d10b82-6963-4bb3-a0fe-e2e9af9ed6e3/context {}
2017-06-01 06:19:08:215 - info: [debug] [MJSONWP] Calling AppiumDriver.getCurrentContext() with args: ["a1d10b82-6963-4bb3-a0fe-e2e9af9ed6e3"]
2017-06-01 06:19:08:219 - info: [debug] [MJSONWP] Responding to client with driver.getCurrentContext() result: "NATIVE_APP"
2017-06-01 06:19:08:221 - info: [HTTP] <-- GET /wd/hub/session/a1d10b82-6963-4bb3-a0fe-e2e9af9ed6e3/context 200 6 ms - 84 
2017-06-01 06:19:08:230 - info: [HTTP] --> POST /wd/hub/session/a1d10b82-6963-4bb3-a0fe-e2e9af9ed6e3/elements {"using":"id","value":"com.play.android:id/tv_account"}
2017-06-01 06:19:08:231 - info: [debug] [MJSONWP] Calling AppiumDriver.findElements() with args: ["id","com.play.android:id/tv_account","a1d10b82-6963-4bb3-a0fe-e2e9af9ed6e3"]
2017-06-01 06:19:08:233 - info: [debug] [BaseDriver] Valid locator strategies for this request: xpath, id, class name, accessibility id, -android uiautomator
2017-06-01 06:19:08:233 - info: [debug] [BaseDriver] Valid locator strategies for this request: xpath, id, class name, accessibility id, -android uiautomator
2017-06-01 06:19:08:234 - info: [debug] [BaseDriver] Waiting up to 0 ms for condition
2017-06-01 06:19:08:234 - info: [debug] [AndroidBootstrap] Sending command to android: {"cmd":"action","action":"find","params":{"strategy":"id","selector":"com.play.android:id/tv_account","context":"","multiple":true}}
2017-06-01 06:19:08:242 - info: [AndroidBootstrap] [BOOTSTRAP LOG] [debug] Got data from client: {"cmd":"action","action":"find","params":{"strategy":"id","selector":"com.play.android:id/tv_account","context":"","multiple":true}}
2017-06-01 06:19:08:242 - info: [AndroidBootstrap] [BOOTSTRAP LOG] [debug] Got command of type ACTION
2017-06-01 06:19:08:242 - info: [AndroidBootstrap] [BOOTSTRAP LOG] [debug] Got command action: find
2017-06-01 06:19:08:242 - info: [AndroidBootstrap] [BOOTSTRAP LOG] [debug] Finding 'com.play.android:id/tv_account' using 'ID' with the contextId: '' multiple: true
2017-06-01 06:19:08:243 - info: [AndroidBootstrap] [BOOTSTRAP LOG] [debug] Using: UiSelector[RESOURCE_ID=com.play.android:id/tv_account]
2017-06-01 06:19:08:245 - info: [AndroidBootstrap] [BOOTSTRAP LOG] [debug] getElements selector:UiSelector[RESOURCE_ID=com.play.android:id/tv_account]
2017-06-01 06:19:08:245 - info: [AndroidBootstrap] [BOOTSTRAP LOG] [debug] Element[] is null: (0)
2017-06-01 06:19:08:254 - info: [AndroidBootstrap] [BOOTSTRAP LOG] [debug] getElements tmp selector:UiSelector[INSTANCE=0, RESOURCE_ID=com.play.android:id/tv_account]
2017-06-01 06:19:08:515 - info: [AndroidBootstrap] [BOOTSTRAP LOG] [debug] Element[] is null: (1)
2017-06-01 06:19:08:515 - info: [AndroidBootstrap] [BOOTSTRAP LOG] [debug] getElements tmp selector:UiSelector[INSTANCE=1, RESOURCE_ID=com.play.android:id/tv_account]
2017-06-01 06:19:08:567 - info: [AndroidBootstrap] [BOOTSTRAP LOG] [debug] Returning result: {"value":[{"ELEMENT":"2"}],"status":0}
2017-06-01 06:19:08:571 - info: [debug] [AndroidBootstrap] Received command result from bootstrap
2017-06-01 06:19:08:572 - info: [debug] [MJSONWP] Responding to client with driver.findElements() result: [{"ELEMENT":"2"}]
2017-06-01 06:19:08:572 - info: [HTTP] <-- POST /wd/hub/session/a1d10b82-6963-4bb3-a0fe-e2e9af9ed6e3/elements 200 342 ms - 89 
2017-06-01 06:19:08:673 - info: [HTTP] --> POST /wd/hub/session/a1d10b82-6963-4bb3-a0fe-e2e9af9ed6e3/timeouts {"type":"implicit","ms":5000}
2017-06-01 06:19:08:674 - info: [debug] [MJSONWP] Calling AppiumDriver.timeouts() with args: ["implicit",5000,"a1d10b82-6963-4bb3-a0fe-e2e9af9ed6e3"]
2017-06-01 06:19:08:675 - info: [debug] [BaseDriver] Set implicit wait to 5000ms
2017-06-01 06:19:08:676 - info: [debug] [MJSONWP] Responding to client with driver.timeouts() result: null
2017-06-01 06:19:08:677 - info: [HTTP] <-- POST /wd/hub/session/a1d10b82-6963-4bb3-a0fe-e2e9af9ed6e3/timeouts 200 4 ms - 76 
2017-06-01 06:19:08:686 - info: [HTTP] --> POST /wd/hub/session/a1d10b82-6963-4bb3-a0fe-e2e9af9ed6e3/element/2/click {"id":"2"}
2017-06-01 06:19:08:686 - info: [debug] [MJSONWP] Calling AppiumDriver.click() with args: ["2","a1d10b82-6963-4bb3-a0fe-e2e9af9ed6e3"]
2017-06-01 06:19:08:688 - info: [debug] [AndroidBootstrap] Sending command to android: {"cmd":"action","action":"element:click","params":{"elementId":"2"}}
2017-06-01 06:19:08:731 - info: [AndroidBootstrap] [BOOTSTRAP LOG] [debug] Got data from client: {"cmd":"action","action":"element:click","params":{"elementId":"2"}}
2017-06-01 06:19:08:732 - info: [AndroidBootstrap] [BOOTSTRAP LOG] [debug] Got command of type ACTION
2017-06-01 06:19:08:733 - info: [AndroidBootstrap] [BOOTSTRAP LOG] [debug] Got command action: click
2017-06-01 06:19:08:880 - info: [AndroidBootstrap] [BOOTSTRAP LOG] [debug] Returning result: {"value":true,"status":0}
2017-06-01 06:19:08:880 - info: [debug] [AndroidBootstrap] Received command result from bootstrap
2017-06-01 06:19:08:881 - info: [debug] [MJSONWP] Responding to client with driver.click() result: true
2017-06-01 06:19:08:882 - info: [HTTP] <-- POST /wd/hub/session/a1d10b82-6963-4bb3-a0fe-e2e9af9ed6e3/element/2/click 200 196 ms - 76 
2017-06-01 06:19:08:928 - info: [HTTP] --> POST /wd/hub/session/a1d10b82-6963-4bb3-a0fe-e2e9af9ed6e3/timeouts {"type":"implicit","ms":0}
2017-06-01 06:19:08:929 - info: [debug] [MJSONWP] Calling AppiumDriver.timeouts() with args: ["implicit",0,"a1d10b82-6963-4bb3-a0fe-e2e9af9ed6e3"]
2017-06-01 06:19:08:930 - info: [debug] [BaseDriver] Set implicit wait to 0ms
2017-06-01 06:19:08:931 - info: [debug] [MJSONWP] Responding to client with driver.timeouts() result: null
2017-06-01 06:19:08:933 - info: [HTTP] <-- POST /wd/hub/session/a1d10b82-6963-4bb3-a0fe-e2e9af9ed6e3/timeouts 200 3 ms - 76 
2017-06-01 06:19:08:941 - info: [HTTP] --> GET /wd/hub/session/a1d10b82-6963-4bb3-a0fe-e2e9af9ed6e3/context {}
2017-06-01 06:19:08:942 - info: [debug] [MJSONWP] Calling AppiumDriver.getCurrentContext() with args: ["a1d10b82-6963-4bb3-a0fe-e2e9af9ed6e3"]
2017-06-01 06:19:08:943 - info: [debug] [MJSONWP] Responding to client with driver.getCurrentContext() result: "NATIVE_APP"
2017-06-01 06:19:08:944 - info: [HTTP] <-- GET /wd/hub/session/a1d10b82-6963-4bb3-a0fe-e2e9af9ed6e3/context 200 3 ms - 84 
2017-06-01 06:19:08:957 - info: [HTTP] --> POST /wd/hub/session/a1d10b82-6963-4bb3-a0fe-e2e9af9ed6e3/elements {"using":"id","value":"com.play.android:id/et_account"}
2017-06-01 06:19:08:958 - info: [debug] [MJSONWP] Calling AppiumDriver.findElements() with args: ["id","com.play.android:id/et_account","a1d10b82-6963-4bb3-a0fe-e2e9af9ed6e3"]
2017-06-01 06:19:08:959 - info: [debug] [BaseDriver] Valid locator strategies for this request: xpath, id, class name, accessibility id, -android uiautomator
2017-06-01 06:19:08:959 - info: [debug] [BaseDriver] Valid locator strategies for this request: xpath, id, class name, accessibility id, -android uiautomator
2017-06-01 06:19:08:959 - info: [debug] [BaseDriver] Waiting up to 0 ms for condition
2017-06-01 06:19:08:960 - info: [debug] [AndroidBootstrap] Sending command to android: {"cmd":"action","action":"find","params":{"strategy":"id","selector":"com.play.android:id/et_account","context":"","multiple":true}}
2017-06-01 06:19:08:966 - info: [AndroidBootstrap] [BOOTSTRAP LOG] [debug] Got data from client: {"cmd":"action","action":"find","params":{"strategy":"id","selector":"com.play.android:id/et_account","context":"","multiple":true}}
2017-06-01 06:19:08:967 - info: [AndroidBootstrap] [BOOTSTRAP LOG] [debug] Got command of type ACTION
2017-06-01 06:19:08:967 - info: [AndroidBootstrap] [BOOTSTRAP LOG] [debug] Got command action: find
2017-06-01 06:19:08:967 - info: [AndroidBootstrap] [BOOTSTRAP LOG] [debug] Finding 'com.play.android:id/et_account' using 'ID' with the contextId: '' multiple: true
2017-06-01 06:19:08:968 - info: [AndroidBootstrap] [BOOTSTRAP LOG] [debug] Using: UiSelector[RESOURCE_ID=com.play.android:id/et_account]
2017-06-01 06:19:08:968 - info: [AndroidBootstrap] [BOOTSTRAP LOG] [debug] getElements selector:UiSelector[RESOURCE_ID=com.play.android:id/et_account]
2017-06-01 06:19:08:968 - info: [AndroidBootstrap] [BOOTSTRAP LOG] [debug] Element[] is null: (0)
2017-06-01 06:19:08:968 - info: [AndroidBootstrap] [BOOTSTRAP LOG] [debug] getElements tmp selector:UiSelector[INSTANCE=0, RESOURCE_ID=com.play.android:id/et_account]
2017-06-01 06:19:09:615 - info: [AndroidBootstrap] [BOOTSTRAP LOG] [debug] Element[] is null: (1)
2017-06-01 06:19:09:617 - info: [AndroidBootstrap] [BOOTSTRAP LOG] [debug] getElements tmp selector:UiSelector[INSTANCE=1, RESOURCE_ID=com.play.android:id/et_account]
2017-06-01 06:19:10:134 - info: [AndroidBootstrap] [BOOTSTRAP LOG] [debug] Returning result: {"value":[{"ELEMENT":"3"}],"status":0}
2017-06-01 06:19:10:134 - info: [debug] [AndroidBootstrap] Received command result from bootstrap
2017-06-01 06:19:10:135 - info: [debug] [MJSONWP] Responding to client with driver.findElements() result: [{"ELEMENT":"3"}]
2017-06-01 06:19:10:171 - info: [HTTP] <-- POST /wd/hub/session/a1d10b82-6963-4bb3-a0fe-e2e9af9ed6e3/elements 200 1178 ms - 89 
2017-06-01 06:19:10:309 - info: [HTTP] --> POST /wd/hub/session/a1d10b82-6963-4bb3-a0fe-e2e9af9ed6e3/timeouts {"type":"implicit","ms":5000}
2017-06-01 06:19:10:310 - info: [debug] [MJSONWP] Calling AppiumDriver.timeouts() with args: ["implicit",5000,"a1d10b82-6963-4bb3-a0fe-e2e9af9ed6e3"]
2017-06-01 06:19:10:310 - info: [debug] [BaseDriver] Set implicit wait to 5000ms
2017-06-01 06:19:10:311 - info: [debug] [MJSONWP] Responding to client with driver.timeouts() result: null
2017-06-01 06:19:10:312 - info: [HTTP] <-- POST /wd/hub/session/a1d10b82-6963-4bb3-a0fe-e2e9af9ed6e3/timeouts 200 3 ms - 76 
2017-06-01 06:19:10:317 - info: [HTTP] --> POST /wd/hub/session/a1d10b82-6963-4bb3-a0fe-e2e9af9ed6e3/element/3/value {"id":"3","value":["18521035133"]}
2017-06-01 06:19:10:318 - info: [debug] [MJSONWP] Calling AppiumDriver.setValue() with args: [["18521035133"],"3","a1d10b82-6963-4bb3-a0fe-e2e9af9ed6e3"]
2017-06-01 06:19:10:321 - info: [debug] [AndroidBootstrap] Sending command to android: {"cmd":"action","action":"element:setText","params":{"elementId":"3","text":"18521035133","replace":false,"unicodeKeyboard":true}}
2017-06-01 06:19:10:325 - info: [AndroidBootstrap] [BOOTSTRAP LOG] [debug] Got data from client: {"cmd":"action","action":"element:setText","params":{"elementId":"3","text":"18521035133","replace":false,"unicodeKeyboard":true}}
2017-06-01 06:19:10:326 - info: [AndroidBootstrap] [BOOTSTRAP LOG] [debug] Got command of type ACTION
2017-06-01 06:19:10:326 - info: [AndroidBootstrap] [BOOTSTRAP LOG] [debug] Got command action: setText
2017-06-01 06:19:10:326 - info: [AndroidBootstrap] [BOOTSTRAP LOG] [debug] Using element passed in: 3
2017-06-01 06:19:10:367 - info: [AndroidBootstrap] [BOOTSTRAP LOG] [debug] Attempting to clear using UiObject.clearText().
2017-06-01 06:19:13:310 - info: [AndroidBootstrap] [BOOTSTRAP LOG] [debug] Text remains after clearing, but it appears to be hint text.
2017-06-01 06:19:13:347 - info: [AndroidBootstrap] [BOOTSTRAP LOG] [debug] Text not cleared. Assuming remainder is hint text.
2017-06-01 06:19:13:349 - info: [AndroidBootstrap] [BOOTSTRAP LOG] [debug] Sending plain text to element: 18521035133
2017-06-01 06:19:16:307 - info: [AndroidBootstrap] [BOOTSTRAP LOG] [debug] Returning result: {"value":true,"status":0}
2017-06-01 06:19:16:308 - info: [debug] [AndroidBootstrap] Received command result from bootstrap
2017-06-01 06:19:16:309 - info: [debug] [MJSONWP] Responding to client with driver.setValue() result: true
2017-06-01 06:19:16:310 - info: [HTTP] <-- POST /wd/hub/session/a1d10b82-6963-4bb3-a0fe-e2e9af9ed6e3/element/3/value 200 5993 ms - 76 
2017-06-01 06:19:16:366 - info: [HTTP] --> POST /wd/hub/session/a1d10b82-6963-4bb3-a0fe-e2e9af9ed6e3/timeouts {"type":"implicit","ms":0}
2017-06-01 06:19:16:367 - info: [debug] [MJSONWP] Calling AppiumDriver.timeouts() with args: ["implicit",0,"a1d10b82-6963-4bb3-a0fe-e2e9af9ed6e3"]
2017-06-01 06:19:16:368 - info: [debug] [BaseDriver] Set implicit wait to 0ms
2017-06-01 06:19:16:369 - info: [debug] [MJSONWP] Responding to client with driver.timeouts() result: null
2017-06-01 06:19:16:374 - info: [HTTP] <-- POST /wd/hub/session/a1d10b82-6963-4bb3-a0fe-e2e9af9ed6e3/timeouts 200 8 ms - 76 
2017-06-01 06:19:16:378 - info: [HTTP] --> GET /wd/hub/session/a1d10b82-6963-4bb3-a0fe-e2e9af9ed6e3/context {}
2017-06-01 06:19:16:378 - info: [debug] [MJSONWP] Calling AppiumDriver.getCurrentContext() with args: ["a1d10b82-6963-4bb3-a0fe-e2e9af9ed6e3"]
2017-06-01 06:19:16:379 - info: [debug] [MJSONWP] Responding to client with driver.getCurrentContext() result: "NATIVE_APP"
2017-06-01 06:19:16:380 - info: [HTTP] <-- GET /wd/hub/session/a1d10b82-6963-4bb3-a0fe-e2e9af9ed6e3/context 200 2 ms - 84 
2017-06-01 06:19:16:385 - info: [HTTP] --> POST /wd/hub/session/a1d10b82-6963-4bb3-a0fe-e2e9af9ed6e3/elements {"using":"id","value":"com.play.android:id/et_password"}
2017-06-01 06:19:16:386 - info: [debug] [MJSONWP] Calling AppiumDriver.findElements() with args: ["id","com.play.android:id/et_password","a1d10b82-6963-4bb3-a0fe-e2e9af9ed6e3"]
2017-06-01 06:19:16:387 - info: [debug] [BaseDriver] Valid locator strategies for this request: xpath, id, class name, accessibility id, -android uiautomator
2017-06-01 06:19:16:387 - info: [debug] [BaseDriver] Valid locator strategies for this request: xpath, id, class name, accessibility id, -android uiautomator
2017-06-01 06:19:16:387 - info: [debug] [BaseDriver] Waiting up to 0 ms for condition
2017-06-01 06:19:16:388 - info: [debug] [AndroidBootstrap] Sending command to android: {"cmd":"action","action":"find","params":{"strategy":"id","selector":"com.play.android:id/et_password","context":"","multiple":true}}
2017-06-01 06:19:16:395 - info: [AndroidBootstrap] [BOOTSTRAP LOG] [debug] Got data from client: {"cmd":"action","action":"find","params":{"strategy":"id","selector":"com.play.android:id/et_password","context":"","multiple":true}}
2017-06-01 06:19:16:396 - info: [AndroidBootstrap] [BOOTSTRAP LOG] [debug] Got command of type ACTION
2017-06-01 06:19:16:396 - info: [AndroidBootstrap] [BOOTSTRAP LOG] [debug] Got command action: find
2017-06-01 06:19:16:396 - info: [AndroidBootstrap] [BOOTSTRAP LOG] [debug] Finding 'com.play.android:id/et_password' using 'ID' with the contextId: '' multiple: true
2017-06-01 06:19:16:396 - info: [AndroidBootstrap] [BOOTSTRAP LOG] [debug] Using: UiSelector[RESOURCE_ID=com.play.android:id/et_password]
2017-06-01 06:19:16:396 - info: [AndroidBootstrap] [BOOTSTRAP LOG] [debug] getElements selector:UiSelector[RESOURCE_ID=com.play.android:id/et_password]
2017-06-01 06:19:16:397 - info: [AndroidBootstrap] [BOOTSTRAP LOG] [debug] Element[] is null: (0)
2017-06-01 06:19:16:398 - info: [AndroidBootstrap] [BOOTSTRAP LOG] [debug] getElements tmp selector:UiSelector[INSTANCE=0, RESOURCE_ID=com.play.android:id/et_password]
2017-06-01 06:19:16:930 - info: [AndroidBootstrap] [BOOTSTRAP LOG] [debug] Element[] is null: (1)
2017-06-01 06:19:16:930 - info: [AndroidBootstrap] [BOOTSTRAP LOG] [debug] getElements tmp selector:UiSelector[INSTANCE=1, RESOURCE_ID=com.play.android:id/et_password]
2017-06-01 06:19:17:142 - info: [AndroidBootstrap] [BOOTSTRAP LOG] [debug] Returning result: {"value":[{"ELEMENT":"4"}],"status":0}
2017-06-01 06:19:17:143 - info: [debug] [AndroidBootstrap] Received command result from bootstrap
2017-06-01 06:19:17:146 - info: [debug] [MJSONWP] Responding to client with driver.findElements() result: [{"ELEMENT":"4"}]
2017-06-01 06:19:17:148 - info: [HTTP] <-- POST /wd/hub/session/a1d10b82-6963-4bb3-a0fe-e2e9af9ed6e3/elements 200 761 ms - 89 
2017-06-01 06:19:17:269 - info: [HTTP] --> POST /wd/hub/session/a1d10b82-6963-4bb3-a0fe-e2e9af9ed6e3/timeouts {"type":"implicit","ms":5000}
2017-06-01 06:19:17:271 - info: [debug] [MJSONWP] Calling AppiumDriver.timeouts() with args: ["implicit",5000,"a1d10b82-6963-4bb3-a0fe-e2e9af9ed6e3"]
2017-06-01 06:19:17:272 - info: [debug] [BaseDriver] Set implicit wait to 5000ms
2017-06-01 06:19:17:273 - info: [debug] [MJSONWP] Responding to client with driver.timeouts() result: null
2017-06-01 06:19:17:274 - info: [HTTP] <-- POST /wd/hub/session/a1d10b82-6963-4bb3-a0fe-e2e9af9ed6e3/timeouts 200 5 ms - 76 
2017-06-01 06:19:17:285 - info: [HTTP] --> POST /wd/hub/session/a1d10b82-6963-4bb3-a0fe-e2e9af9ed6e3/element/4/value {"id":"4","value":["111111"]}
2017-06-01 06:19:17:286 - info: [debug] [MJSONWP] Calling AppiumDriver.setValue() with args: [["111111"],"4","a1d10b82-6963-4bb3-a0fe-e2e9af9ed6e3"]
2017-06-01 06:19:17:287 - info: [debug] [AndroidBootstrap] Sending command to android: {"cmd":"action","action":"element:setText","params":{"elementId":"4","text":"111111","replace":false,"unicodeKeyboard":true}}
2017-06-01 06:19:17:298 - info: [AndroidBootstrap] [BOOTSTRAP LOG] [debug] Got data from client: {"cmd":"action","action":"element:setText","params":{"elementId":"4","text":"111111","replace":false,"unicodeKeyboard":true}}
2017-06-01 06:19:17:300 - info: [AndroidBootstrap] [BOOTSTRAP LOG] [debug] Got command of type ACTION
2017-06-01 06:19:17:302 - info: [AndroidBootstrap] [BOOTSTRAP LOG] [debug] Got command action: setText
2017-06-01 06:19:17:303 - info: [AndroidBootstrap] [BOOTSTRAP LOG] [debug] Using element passed in: 4
2017-06-01 06:19:17:343 - info: [AndroidBootstrap] [BOOTSTRAP LOG] [debug] Attempting to clear using UiObject.clearText().
2017-06-01 06:19:19:813 - info: [AndroidBootstrap] [BOOTSTRAP LOG] [debug] Sending plain text to element: 111111
2017-06-01 06:19:22:058 - info: [AndroidBootstrap] [BOOTSTRAP LOG] [debug] Returning result: {"value":true,"status":0}
2017-06-01 06:19:22:058 - info: [debug] [AndroidBootstrap] Received command result from bootstrap
2017-06-01 06:19:22:060 - info: [debug] [MJSONWP] Responding to client with driver.setValue() result: true
2017-06-01 06:19:22:062 - info: [HTTP] <-- POST /wd/hub/session/a1d10b82-6963-4bb3-a0fe-e2e9af9ed6e3/element/4/value 200 4776 ms - 76 
2017-06-01 06:19:22:143 - info: [HTTP] --> POST /wd/hub/session/a1d10b82-6963-4bb3-a0fe-e2e9af9ed6e3/timeouts {"type":"implicit","ms":0}
2017-06-01 06:19:22:143 - info: [debug] [MJSONWP] Calling AppiumDriver.timeouts() with args: ["implicit",0,"a1d10b82-6963-4bb3-a0fe-e2e9af9ed6e3"]
2017-06-01 06:19:22:145 - info: [debug] [BaseDriver] Set implicit wait to 0ms
2017-06-01 06:19:22:145 - info: [debug] [MJSONWP] Responding to client with driver.timeouts() result: null
2017-06-01 06:19:22:146 - info: [HTTP] <-- POST /wd/hub/session/a1d10b82-6963-4bb3-a0fe-e2e9af9ed6e3/timeouts 200 3 ms - 76 
2017-06-01 06:19:22:150 - info: [HTTP] --> GET /wd/hub/session/a1d10b82-6963-4bb3-a0fe-e2e9af9ed6e3/context {}
2017-06-01 06:19:22:150 - info: [debug] [MJSONWP] Calling AppiumDriver.getCurrentContext() with args: ["a1d10b82-6963-4bb3-a0fe-e2e9af9ed6e3"]
2017-06-01 06:19:22:152 - info: [debug] [MJSONWP] Responding to client with driver.getCurrentContext() result: "NATIVE_APP"
2017-06-01 06:19:22:153 - info: [HTTP] <-- GET /wd/hub/session/a1d10b82-6963-4bb3-a0fe-e2e9af9ed6e3/context 200 3 ms - 84 
2017-06-01 06:19:22:156 - info: [HTTP] --> POST /wd/hub/session/a1d10b82-6963-4bb3-a0fe-e2e9af9ed6e3/elements {"using":"id","value":"com.play.android:id/btn_login"}
2017-06-01 06:19:22:156 - info: [debug] [MJSONWP] Calling AppiumDriver.findElements() with args: ["id","com.play.android:id/btn_login","a1d10b82-6963-4bb3-a0fe-e2e9af9ed6e3"]
2017-06-01 06:19:22:159 - info: [debug] [BaseDriver] Valid locator strategies for this request: xpath, id, class name, accessibility id, -android uiautomator
2017-06-01 06:19:22:163 - info: [debug] [BaseDriver] Valid locator strategies for this request: xpath, id, class name, accessibility id, -android uiautomator
2017-06-01 06:19:22:163 - info: [debug] [BaseDriver] Waiting up to 0 ms for condition
2017-06-01 06:19:22:163 - info: [debug] [AndroidBootstrap] Sending command to android: {"cmd":"action","action":"find","params":{"strategy":"id","selector":"com.play.android:id/btn_login","context":"","multiple":true}}
2017-06-01 06:19:22:170 - info: [AndroidBootstrap] [BOOTSTRAP LOG] [debug] Got data from client: {"cmd":"action","action":"find","params":{"strategy":"id","selector":"com.play.android:id/btn_login","context":"","multiple":true}}
2017-06-01 06:19:22:171 - info: [AndroidBootstrap] [BOOTSTRAP LOG] [debug] Got command of type ACTION
2017-06-01 06:19:22:171 - info: [AndroidBootstrap] [BOOTSTRAP LOG] [debug] Got command action: find
2017-06-01 06:19:22:171 - info: [AndroidBootstrap] [BOOTSTRAP LOG] [debug] Finding 'com.play.android:id/btn_login' using 'ID' with the contextId: '' multiple: true
2017-06-01 06:19:22:171 - info: [AndroidBootstrap] [BOOTSTRAP LOG] [debug] Using: UiSelector[RESOURCE_ID=com.play.android:id/btn_login]
2017-06-01 06:19:22:171 - info: [AndroidBootstrap] [BOOTSTRAP LOG] [debug] getElements selector:UiSelector[RESOURCE_ID=com.play.android:id/btn_login]
2017-06-01 06:19:22:172 - info: [AndroidBootstrap] [BOOTSTRAP LOG] [debug] Element[] is null: (0)
2017-06-01 06:19:22:172 - info: [AndroidBootstrap] [BOOTSTRAP LOG] [debug] getElements tmp selector:UiSelector[INSTANCE=0, RESOURCE_ID=com.play.android:id/btn_login]
2017-06-01 06:19:22:656 - info: [AndroidBootstrap] [BOOTSTRAP LOG] [debug] Element[] is null: (1)
2017-06-01 06:19:22:656 - info: [AndroidBootstrap] [BOOTSTRAP LOG] [debug] getElements tmp selector:UiSelector[INSTANCE=1, RESOURCE_ID=com.play.android:id/btn_login]
2017-06-01 06:19:22:691 - info: [AndroidBootstrap] [BOOTSTRAP LOG] [debug] Returning result: {"value":[{"ELEMENT":"5"}],"status":0}
2017-06-01 06:19:22:692 - info: [debug] [AndroidBootstrap] Received command result from bootstrap
2017-06-01 06:19:22:694 - info: [debug] [MJSONWP] Responding to client with driver.findElements() result: [{"ELEMENT":"5"}]
2017-06-01 06:19:22:731 - info: [HTTP] <-- POST /wd/hub/session/a1d10b82-6963-4bb3-a0fe-e2e9af9ed6e3/elements 200 539 ms - 89 
2017-06-01 06:19:22:817 - info: [HTTP] --> POST /wd/hub/session/a1d10b82-6963-4bb3-a0fe-e2e9af9ed6e3/timeouts {"type":"implicit","ms":5000}
2017-06-01 06:19:22:817 - info: [debug] [MJSONWP] Calling AppiumDriver.timeouts() with args: ["implicit",5000,"a1d10b82-6963-4bb3-a0fe-e2e9af9ed6e3"]
2017-06-01 06:19:22:818 - info: [debug] [BaseDriver] Set implicit wait to 5000ms
2017-06-01 06:19:22:819 - info: [debug] [MJSONWP] Responding to client with driver.timeouts() result: null
2017-06-01 06:19:22:820 - info: [HTTP] <-- POST /wd/hub/session/a1d10b82-6963-4bb3-a0fe-e2e9af9ed6e3/timeouts 200 3 ms - 76 
2017-06-01 06:19:22:825 - info: [HTTP] --> POST /wd/hub/session/a1d10b82-6963-4bb3-a0fe-e2e9af9ed6e3/element/5/click {"id":"5"}
2017-06-01 06:19:22:825 - info: [debug] [MJSONWP] Calling AppiumDriver.click() with args: ["5","a1d10b82-6963-4bb3-a0fe-e2e9af9ed6e3"]
2017-06-01 06:19:22:826 - info: [debug] [AndroidBootstrap] Sending command to android: {"cmd":"action","action":"element:click","params":{"elementId":"5"}}
2017-06-01 06:19:22:830 - info: [AndroidBootstrap] [BOOTSTRAP LOG] [debug] Got data from client: {"cmd":"action","action":"element:click","params":{"elementId":"5"}}
2017-06-01 06:19:22:830 - info: [AndroidBootstrap] [BOOTSTRAP LOG] [debug] Got command of type ACTION
2017-06-01 06:19:22:830 - info: [AndroidBootstrap] [BOOTSTRAP LOG] [debug] Got command action: click
2017-06-01 06:19:23:045 - info: [AndroidBootstrap] [BOOTSTRAP LOG] [debug] Returning result: {"value":true,"status":0}
2017-06-01 06:19:23:046 - info: [debug] [AndroidBootstrap] Received command result from bootstrap
2017-06-01 06:19:23:047 - info: [debug] [MJSONWP] Responding to client with driver.click() result: true
2017-06-01 06:19:23:049 - info: [HTTP] <-- POST /wd/hub/session/a1d10b82-6963-4bb3-a0fe-e2e9af9ed6e3/element/5/click 200 223 ms - 76 
2017-06-01 06:19:23:055 - info: [HTTP] --> GET /wd/hub/session/a1d10b82-6963-4bb3-a0fe-e2e9af9ed6e3/appium/device/current_activity {}
2017-06-01 06:19:23:056 - info: [debug] [MJSONWP] Calling AppiumDriver.getCurrentActivity() with args: ["a1d10b82-6963-4bb3-a0fe-e2e9af9ed6e3"]
2017-06-01 06:19:23:057 - info: [debug] [ADB] Getting focused package and activity
2017-06-01 06:19:23:058 - info: [debug] [ADB] Getting connected devices...
2017-06-01 06:19:23:110 - info: [debug] [ADB] 1 device(s) connected
2017-06-01 06:19:23:111 - info: [debug] [ADB] Running 'D:\SoftWare\SDK\platform-tools\adb.exe' with args: ["-P",5037,"-s","022TAS7N51009853","shell","dumpsys","window","windows"]
2017-06-01 06:19:23:227 - info: [debug] [MJSONWP] Responding to client with driver.getCurrentActivity() result: ".activity.member.LoginActivity"
2017-06-01 06:19:23:230 - info: [HTTP] <-- GET /wd/hub/session/a1d10b82-6963-4bb3-a0fe-e2e9af9ed6e3/appium/device/current_activity 200 173 ms - 104 
2017-06-01 06:19:24:235 - info: [HTTP] --> GET /wd/hub/session/a1d10b82-6963-4bb3-a0fe-e2e9af9ed6e3/appium/device/current_activity {}
2017-06-01 06:19:24:236 - info: [debug] [MJSONWP] Calling AppiumDriver.getCurrentActivity() with args: ["a1d10b82-6963-4bb3-a0fe-e2e9af9ed6e3"]
2017-06-01 06:19:24:242 - info: [debug] [ADB] Getting focused package and activity
2017-06-01 06:19:24:243 - info: [debug] [ADB] Getting connected devices...
2017-06-01 06:19:24:285 - info: [debug] [ADB] 1 device(s) connected
2017-06-01 06:19:24:285 - info: [debug] [ADB] Running 'D:\SoftWare\SDK\platform-tools\adb.exe' with args: ["-P",5037,"-s","022TAS7N51009853","shell","dumpsys","window","windows"]
2017-06-01 06:19:24:363 - info: [debug] [MJSONWP] Responding to client with driver.getCurrentActivity() result: ".activity.main.HomeActivity"
2017-06-01 06:19:24:366 - info: [HTTP] <-- GET /wd/hub/session/a1d10b82-6963-4bb3-a0fe-e2e9af9ed6e3/appium/device/current_activity 200 128 ms - 101 
2017-06-01 06:19:24:428 - info: [HTTP] --> POST /wd/hub/session/a1d10b82-6963-4bb3-a0fe-e2e9af9ed6e3/timeouts {"type":"implicit","ms":20000}
2017-06-01 06:19:24:429 - info: [debug] [MJSONWP] Calling AppiumDriver.timeouts() with args: ["implicit",20000,"a1d10b82-6963-4bb3-a0fe-e2e9af9ed6e3"]
2017-06-01 06:19:24:431 - info: [debug] [BaseDriver] Set implicit wait to 20000ms
2017-06-01 06:19:24:433 - info: [debug] [MJSONWP] Responding to client with driver.timeouts() result: null
2017-06-01 06:19:24:434 - info: [HTTP] <-- POST /wd/hub/session/a1d10b82-6963-4bb3-a0fe-e2e9af9ed6e3/timeouts 200 5 ms - 76 
2017-06-01 06:19:24:448 - info: [HTTP] --> GET /wd/hub/session/a1d10b82-6963-4bb3-a0fe-e2e9af9ed6e3/appium/device/current_activity {}
2017-06-01 06:19:24:448 - info: [debug] [MJSONWP] Calling AppiumDriver.getCurrentActivity() with args: ["a1d10b82-6963-4bb3-a0fe-e2e9af9ed6e3"]
2017-06-01 06:19:24:449 - info: [debug] [ADB] Getting focused package and activity
2017-06-01 06:19:24:450 - info: [debug] [ADB] Getting connected devices...
2017-06-01 06:19:24:507 - info: [debug] [ADB] 1 device(s) connected
2017-06-01 06:19:24:508 - info: [debug] [ADB] Running 'D:\SoftWare\SDK\platform-tools\adb.exe' with args: ["-P",5037,"-s","022TAS7N51009853","shell","dumpsys","window","windows"]
2017-06-01 06:19:24:602 - info: [debug] [MJSONWP] Responding to client with driver.getCurrentActivity() result: ".activity.main.HomeActivity"
2017-06-01 06:19:24:604 - info: [HTTP] <-- GET /wd/hub/session/a1d10b82-6963-4bb3-a0fe-e2e9af9ed6e3/appium/device/current_activity 200 155 ms - 101 
2017-06-01 06:19:24:658 - info: [HTTP] --> POST /wd/hub/session/a1d10b82-6963-4bb3-a0fe-e2e9af9ed6e3/timeouts {"type":"implicit","ms":0}
2017-06-01 06:19:24:659 - info: [debug] [MJSONWP] Calling AppiumDriver.timeouts() with args: ["implicit",0,"a1d10b82-6963-4bb3-a0fe-e2e9af9ed6e3"]
2017-06-01 06:19:24:660 - info: [debug] [BaseDriver] Set implicit wait to 0ms
2017-06-01 06:19:24:661 - info: [debug] [MJSONWP] Responding to client with driver.timeouts() result: null
2017-06-01 06:19:24:662 - info: [HTTP] <-- POST /wd/hub/session/a1d10b82-6963-4bb3-a0fe-e2e9af9ed6e3/timeouts 200 3 ms - 76 
2017-06-01 06:19:24:665 - info: [HTTP] --> GET /wd/hub/session/a1d10b82-6963-4bb3-a0fe-e2e9af9ed6e3/context {}
2017-06-01 06:19:24:666 - info: [debug] [MJSONWP] Calling AppiumDriver.getCurrentContext() with args: ["a1d10b82-6963-4bb3-a0fe-e2e9af9ed6e3"]
2017-06-01 06:19:24:667 - info: [debug] [MJSONWP] Responding to client with driver.getCurrentContext() result: "NATIVE_APP"
2017-06-01 06:19:24:668 - info: [HTTP] <-- GET /wd/hub/session/a1d10b82-6963-4bb3-a0fe-e2e9af9ed6e3/context 200 2 ms - 84 
2017-06-01 06:19:24:671 - info: [HTTP] --> POST /wd/hub/session/a1d10b82-6963-4bb3-a0fe-e2e9af9ed6e3/elements {"using":"id","value":"com.play.android:id/sdv_image"}
2017-06-01 06:19:24:672 - info: [debug] [MJSONWP] Calling AppiumDriver.findElements() with args: ["id","com.play.android:id/sdv_image","a1d10b82-6963-4bb3-a0fe-e2e9af9ed6e3"]
2017-06-01 06:19:24:674 - info: [debug] [BaseDriver] Valid locator strategies for this request: xpath, id, class name, accessibility id, -android uiautomator
2017-06-01 06:19:24:675 - info: [debug] [BaseDriver] Valid locator strategies for this request: xpath, id, class name, accessibility id, -android uiautomator
2017-06-01 06:19:24:675 - info: [debug] [BaseDriver] Waiting up to 0 ms for condition
2017-06-01 06:19:24:676 - info: [debug] [AndroidBootstrap] Sending command to android: {"cmd":"action","action":"find","params":{"strategy":"id","selector":"com.play.android:id/sdv_image","context":"","multiple":true}}
2017-06-01 06:19:24:681 - info: [AndroidBootstrap] [BOOTSTRAP LOG] [debug] Got data from client: {"cmd":"action","action":"find","params":{"strategy":"id","selector":"com.play.android:id/sdv_image","context":"","multiple":true}}
2017-06-01 06:19:24:681 - info: [AndroidBootstrap] [BOOTSTRAP LOG] [debug] Got command of type ACTION
2017-06-01 06:19:24:682 - info: [AndroidBootstrap] [BOOTSTRAP LOG] [debug] Got command action: find
2017-06-01 06:19:24:682 - info: [AndroidBootstrap] [BOOTSTRAP LOG] [debug] Finding 'com.play.android:id/sdv_image' using 'ID' with the contextId: '' multiple: true
2017-06-01 06:19:24:682 - info: [AndroidBootstrap] [BOOTSTRAP LOG] [debug] Using: UiSelector[RESOURCE_ID=com.play.android:id/sdv_image]
2017-06-01 06:19:24:682 - info: [AndroidBootstrap] [BOOTSTRAP LOG] [debug] getElements selector:UiSelector[RESOURCE_ID=com.play.android:id/sdv_image]
2017-06-01 06:19:24:682 - info: [AndroidBootstrap] [BOOTSTRAP LOG] [debug] Element[] is null: (0)
2017-06-01 06:19:24:683 - info: [AndroidBootstrap] [BOOTSTRAP LOG] [debug] getElements tmp selector:UiSelector[INSTANCE=0, RESOURCE_ID=com.play.android:id/sdv_image]
2017-06-01 06:19:25:200 - info: [AndroidBootstrap] [BOOTSTRAP LOG] [debug] Element[] is null: (1)
2017-06-01 06:19:25:201 - info: [AndroidBootstrap] [BOOTSTRAP LOG] [debug] getElements tmp selector:UiSelector[INSTANCE=1, RESOURCE_ID=com.play.android:id/sdv_image]
2017-06-01 06:19:25:265 - info: [AndroidBootstrap] [BOOTSTRAP LOG] [debug] Element[] is null: (2)
2017-06-01 06:19:25:267 - info: [AndroidBootstrap] [BOOTSTRAP LOG] [debug] getElements tmp selector:UiSelector[INSTANCE=2, RESOURCE_ID=com.play.android:id/sdv_image]
2017-06-01 06:19:25:304 - info: [AndroidBootstrap] [BOOTSTRAP LOG] [debug] Returning result: {"value":[{"ELEMENT":"6"},{"ELEMENT":"7"}],"status":0}
2017-06-01 06:19:25:306 - info: [debug] [AndroidBootstrap] Received command result from bootstrap
2017-06-01 06:19:25:307 - info: [debug] [MJSONWP] Responding to client with driver.findElements() result: [{"ELEMENT":"6"},{"ELEMENT":"7"}]
2017-06-01 06:19:25:308 - info: [HTTP] <-- POST /wd/hub/session/a1d10b82-6963-4bb3-a0fe-e2e9af9ed6e3/elements 200 637 ms - 105 
2017-06-01 06:19:25:599 - info: [HTTP] --> POST /wd/hub/session/a1d10b82-6963-4bb3-a0fe-e2e9af9ed6e3/timeouts {"type":"implicit","ms":20000}
2017-06-01 06:19:25:599 - info: [debug] [MJSONWP] Calling AppiumDriver.timeouts() with args: ["implicit",20000,"a1d10b82-6963-4bb3-a0fe-e2e9af9ed6e3"]
2017-06-01 06:19:25:600 - info: [debug] [BaseDriver] Set implicit wait to 20000ms
2017-06-01 06:19:25:603 - info: [debug] [MJSONWP] Responding to client with driver.timeouts() result: null
2017-06-01 06:19:25:604 - info: [HTTP] <-- POST /wd/hub/session/a1d10b82-6963-4bb3-a0fe-e2e9af9ed6e3/timeouts 200 5 ms - 76 
2017-06-01 06:19:25:656 - info: [HTTP] --> POST /wd/hub/session/a1d10b82-6963-4bb3-a0fe-e2e9af9ed6e3/timeouts {"type":"implicit","ms":0}
2017-06-01 06:19:25:657 - info: [debug] [MJSONWP] Calling AppiumDriver.timeouts() with args: ["implicit",0,"a1d10b82-6963-4bb3-a0fe-e2e9af9ed6e3"]
2017-06-01 06:19:25:658 - info: [debug] [BaseDriver] Set implicit wait to 0ms
2017-06-01 06:19:25:658 - info: [debug] [MJSONWP] Responding to client with driver.timeouts() result: null
2017-06-01 06:19:25:659 - info: [HTTP] <-- POST /wd/hub/session/a1d10b82-6963-4bb3-a0fe-e2e9af9ed6e3/timeouts 200 3 ms - 76 
2017-06-01 06:19:25:666 - info: [HTTP] --> GET /wd/hub/session/a1d10b82-6963-4bb3-a0fe-e2e9af9ed6e3/context {}
2017-06-01 06:19:25:667 - info: [debug] [MJSONWP] Calling AppiumDriver.getCurrentContext() with args: ["a1d10b82-6963-4bb3-a0fe-e2e9af9ed6e3"]
2017-06-01 06:19:25:668 - info: [debug] [MJSONWP] Responding to client with driver.getCurrentContext() result: "NATIVE_APP"
2017-06-01 06:19:25:670 - info: [HTTP] <-- GET /wd/hub/session/a1d10b82-6963-4bb3-a0fe-e2e9af9ed6e3/context 200 3 ms - 84 
2017-06-01 06:19:25:676 - info: [HTTP] --> POST /wd/hub/session/a1d10b82-6963-4bb3-a0fe-e2e9af9ed6e3/elements {"using":"id","value":"com.play.android:id/sdv_image"}
2017-06-01 06:19:25:677 - info: [debug] [MJSONWP] Calling AppiumDriver.findElements() with args: ["id","com.play.android:id/sdv_image","a1d10b82-6963-4bb3-a0fe-e2e9af9ed6e3"]
2017-06-01 06:19:25:678 - info: [debug] [BaseDriver] Valid locator strategies for this request: xpath, id, class name, accessibility id, -android uiautomator
2017-06-01 06:19:25:679 - info: [debug] [BaseDriver] Valid locator strategies for this request: xpath, id, class name, accessibility id, -android uiautomator
2017-06-01 06:19:25:679 - info: [debug] [BaseDriver] Waiting up to 0 ms for condition
2017-06-01 06:19:25:679 - info: [debug] [AndroidBootstrap] Sending command to android: {"cmd":"action","action":"find","params":{"strategy":"id","selector":"com.play.android:id/sdv_image","context":"","multiple":true}}
2017-06-01 06:19:25:697 - info: [AndroidBootstrap] [BOOTSTRAP LOG] [debug] Got data from client: {"cmd":"action","action":"find","params":{"strategy":"id","selector":"com.play.android:id/sdv_image","context":"","multiple":true}}
2017-06-01 06:19:25:707 - info: [AndroidBootstrap] [BOOTSTRAP LOG] [debug] Got command of type ACTION
2017-06-01 06:19:25:707 - info: [AndroidBootstrap] [BOOTSTRAP LOG] [debug] Got command action: find
2017-06-01 06:19:25:707 - info: [AndroidBootstrap] [BOOTSTRAP LOG] [debug] Finding 'com.play.android:id/sdv_image' using 'ID' with the contextId: '' multiple: true
2017-06-01 06:19:25:708 - info: [AndroidBootstrap] [BOOTSTRAP LOG] [debug] Using: UiSelector[RESOURCE_ID=com.play.android:id/sdv_image]
2017-06-01 06:19:25:708 - info: [AndroidBootstrap] [BOOTSTRAP LOG] [debug] getElements selector:UiSelector[RESOURCE_ID=com.play.android:id/sdv_image]
2017-06-01 06:19:25:708 - info: [AndroidBootstrap] [BOOTSTRAP LOG] [debug] Element[] is null: (0)
2017-06-01 06:19:25:708 - info: [AndroidBootstrap] [BOOTSTRAP LOG] [debug] getElements tmp selector:UiSelector[INSTANCE=0, RESOURCE_ID=com.play.android:id/sdv_image]
2017-06-01 06:19:25:710 - info: [AndroidBootstrap] [BOOTSTRAP LOG] [debug] Element[] is null: (1)
2017-06-01 06:19:25:711 - info: [AndroidBootstrap] [BOOTSTRAP LOG] [debug] getElements tmp selector:UiSelector[INSTANCE=1, RESOURCE_ID=com.play.android:id/sdv_image]
2017-06-01 06:19:25:738 - info: [AndroidBootstrap] [BOOTSTRAP LOG] [debug] Element[] is null: (2)
2017-06-01 06:19:25:741 - info: [AndroidBootstrap] [BOOTSTRAP LOG] [debug] getElements tmp selector:UiSelector[INSTANCE=2, RESOURCE_ID=com.play.android:id/sdv_image]
2017-06-01 06:19:25:990 - info: [AndroidBootstrap] [BOOTSTRAP LOG] [debug] Returning result: {"value":[{"ELEMENT":"8"},{"ELEMENT":"9"}],"status":0}
2017-06-01 06:19:25:991 - info: [debug] [AndroidBootstrap] Received command result from bootstrap
2017-06-01 06:19:25:993 - info: [debug] [MJSONWP] Responding to client with driver.findElements() result: [{"ELEMENT":"8"},{"ELEMENT":"9"}]
2017-06-01 06:19:25:994 - info: [HTTP] <-- POST /wd/hub/session/a1d10b82-6963-4bb3-a0fe-e2e9af9ed6e3/elements 200 318 ms - 105 
2017-06-01 06:19:26:207 - info: [HTTP] --> POST /wd/hub/session/a1d10b82-6963-4bb3-a0fe-e2e9af9ed6e3/timeouts {"type":"implicit","ms":20000}
2017-06-01 06:19:26:207 - info: [debug] [MJSONWP] Calling AppiumDriver.timeouts() with args: ["implicit",20000,"a1d10b82-6963-4bb3-a0fe-e2e9af9ed6e3"]
2017-06-01 06:19:26:208 - info: [debug] [BaseDriver] Set implicit wait to 20000ms
2017-06-01 06:19:26:208 - info: [debug] [MJSONWP] Responding to client with driver.timeouts() result: null
2017-06-01 06:19:26:209 - info: [HTTP] <-- POST /wd/hub/session/a1d10b82-6963-4bb3-a0fe-e2e9af9ed6e3/timeouts 200 2 ms - 76 
2017-06-01 06:19:26:212 - info: [HTTP] --> POST /wd/hub/session/a1d10b82-6963-4bb3-a0fe-e2e9af9ed6e3/element/9/click {"id":"9"}
2017-06-01 06:19:26:213 - info: [debug] [MJSONWP] Calling AppiumDriver.click() with args: ["9","a1d10b82-6963-4bb3-a0fe-e2e9af9ed6e3"]
2017-06-01 06:19:26:214 - info: [debug] [AndroidBootstrap] Sending command to android: {"cmd":"action","action":"element:click","params":{"elementId":"9"}}
2017-06-01 06:19:26:217 - info: [AndroidBootstrap] [BOOTSTRAP LOG] [debug] Got data from client: {"cmd":"action","action":"element:click","params":{"elementId":"9"}}
2017-06-01 06:19:26:218 - info: [AndroidBootstrap] [BOOTSTRAP LOG] [debug] Got command of type ACTION
2017-06-01 06:19:26:218 - info: [AndroidBootstrap] [BOOTSTRAP LOG] [debug] Got command action: click
2017-06-01 06:19:26:492 - info: [AndroidBootstrap] [BOOTSTRAP LOG] [debug] Returning result: {"value":true,"status":0}
2017-06-01 06:19:26:493 - info: [debug] [AndroidBootstrap] Received command result from bootstrap
2017-06-01 06:19:26:493 - info: [debug] [MJSONWP] Responding to client with driver.click() result: true
2017-06-01 06:19:26:495 - info: [HTTP] <-- POST /wd/hub/session/a1d10b82-6963-4bb3-a0fe-e2e9af9ed6e3/element/9/click 200 281 ms - 76 
2017-06-01 06:19:26:499 - info: [HTTP] --> GET /wd/hub/session/a1d10b82-6963-4bb3-a0fe-e2e9af9ed6e3/appium/device/current_activity {}
2017-06-01 06:19:26:499 - info: [debug] [MJSONWP] Calling AppiumDriver.getCurrentActivity() with args: ["a1d10b82-6963-4bb3-a0fe-e2e9af9ed6e3"]
2017-06-01 06:19:26:500 - info: [debug] [ADB] Getting focused package and activity
2017-06-01 06:19:26:500 - info: [debug] [ADB] Getting connected devices...
2017-06-01 06:19:26:533 - info: [debug] [ADB] 1 device(s) connected
2017-06-01 06:19:26:534 - info: [debug] [ADB] Running 'D:\SoftWare\SDK\platform-tools\adb.exe' with args: ["-P",5037,"-s","022TAS7N51009853","shell","dumpsys","window","windows"]
2017-06-01 06:19:26:613 - info: [debug] [MJSONWP] Responding to client with driver.getCurrentActivity() result: ".activity.product.ProductClassifitionActivity"
2017-06-01 06:19:26:614 - info: [HTTP] <-- GET /wd/hub/session/a1d10b82-6963-4bb3-a0fe-e2e9af9ed6e3/appium/device/current_activity 200 115 ms - 119 
2017-06-01 06:19:26:621 - info: [HTTP] --> GET /wd/hub/session/a1d10b82-6963-4bb3-a0fe-e2e9af9ed6e3/contexts {}
2017-06-01 06:19:26:622 - info: [debug] [MJSONWP] Calling AppiumDriver.getContexts() with args: ["a1d10b82-6963-4bb3-a0fe-e2e9af9ed6e3"]
2017-06-01 06:19:26:624 - info: [debug] [AndroidDriver] Getting a list of available webviews
2017-06-01 06:19:26:625 - info: [debug] [ADB] Getting connected devices...
2017-06-01 06:19:26:666 - info: [debug] [ADB] 1 device(s) connected
2017-06-01 06:19:26:666 - info: [debug] [ADB] Running 'D:\SoftWare\SDK\platform-tools\adb.exe' with args: ["-P",5037,"-s","022TAS7N51009853","shell","cat","/proc/net/unix"]
2017-06-01 06:19:26:721 - info: [debug] [AndroidDriver] WEBVIEW_14491 mapped to pid 14491
2017-06-01 06:19:26:721 - info: [debug] [AndroidDriver] Getting process name for webview
2017-06-01 06:19:26:721 - info: [debug] [ADB] Getting connected devices...
2017-06-01 06:19:26:755 - info: [debug] [ADB] 1 device(s) connected
2017-06-01 06:19:26:755 - info: [debug] [ADB] Running 'D:\SoftWare\SDK\platform-tools\adb.exe' with args: ["-P",5037,"-s","022TAS7N51009853","shell","ps"]
2017-06-01 06:19:26:862 - info: [debug] [AndroidDriver] Parsed pid: 14491 pkg: com.play.android!
2017-06-01 06:19:26:862 - info: [debug] [AndroidDriver] from: u0_a218,14491,152,776064,115420,ffffffff,00000000,S,com.play.android
2017-06-01 06:19:26:863 - info: [debug] [AndroidDriver] returning process name: com.play.android
2017-06-01 06:19:26:864 - info: [debug] [AndroidDriver] Found webviews: ["WEBVIEW_com.play.android"]
2017-06-01 06:19:26:865 - info: [debug] [AndroidDriver] Available contexts: ["NATIVE_APP","WEBVIEW_com.play.android"]
2017-06-01 06:19:26:866 - info: [debug] [MJSONWP] Responding to client with driver.getContexts() result: ["NATIVE_APP","WEBVIEW_com.play.android"]
2017-06-01 06:19:26:867 - info: [HTTP] <-- GET /wd/hub/session/a1d10b82-6963-4bb3-a0fe-e2e9af9ed6e3/contexts 200 246 ms - 113 
2017-06-01 06:19:26:873 - info: [HTTP] --> POST /wd/hub/session/a1d10b82-6963-4bb3-a0fe-e2e9af9ed6e3/context {"name":"WEBVIEW_com.play.android"}
2017-06-01 06:19:26:874 - info: [debug] [MJSONWP] Calling AppiumDriver.setContext() with args: ["WEBVIEW_com.play.android","a1d10b82-6963-4bb3-a0fe-e2e9af9ed6e3"]
2017-06-01 06:19:26:877 - info: [debug] [AndroidDriver] Getting a list of available webviews
2017-06-01 06:19:26:878 - info: [debug] [ADB] Getting connected devices...
2017-06-01 06:19:26:907 - info: [debug] [ADB] 1 device(s) connected
2017-06-01 06:19:26:907 - info: [debug] [ADB] Running 'D:\SoftWare\SDK\platform-tools\adb.exe' with args: ["-P",5037,"-s","022TAS7N51009853","shell","cat","/proc/net/unix"]
2017-06-01 06:19:26:966 - info: [debug] [AndroidDriver] WEBVIEW_14491 mapped to pid 14491
2017-06-01 06:19:26:967 - info: [debug] [AndroidDriver] Getting process name for webview
2017-06-01 06:19:26:967 - info: [debug] [ADB] Getting connected devices...
2017-06-01 06:19:26:994 - info: [debug] [ADB] 1 device(s) connected
2017-06-01 06:19:26:994 - info: [debug] [ADB] Running 'D:\SoftWare\SDK\platform-tools\adb.exe' with args: ["-P",5037,"-s","022TAS7N51009853","shell","ps"]
2017-06-01 06:19:27:148 - info: [debug] [AndroidDriver] Parsed pid: 14491 pkg: com.play.android!
2017-06-01 06:19:27:149 - info: [debug] [AndroidDriver] from: u0_a218,14491,152,774152,119016,ffffffff,00000000,S,com.play.android
2017-06-01 06:19:27:150 - info: [debug] [AndroidDriver] returning process name: com.play.android
2017-06-01 06:19:27:150 - info: [debug] [AndroidDriver] Found webviews: ["WEBVIEW_com.play.android"]
2017-06-01 06:19:27:151 - info: [debug] [AndroidDriver] Available contexts: ["NATIVE_APP","WEBVIEW_com.play.android"]
2017-06-01 06:19:27:152 - info: [debug] [AndroidDriver] Connecting to chrome-backed webview context 'WEBVIEW_com.play.android'
2017-06-01 06:19:27:169 - info: [debug] [AndroidDriver] A port was not given, using random port: 8000
2017-06-01 06:19:27:170 - info: [debug] [Chromedriver] Changed state to 'starting'
2017-06-01 06:19:27:172 - info: [Chromedriver] Set chromedriver binary as: D:\MyProgram\nodejs\node_modules\appium\node_modules\appium-chromedriver\chromedriver\win\chromedriver.exe
2017-06-01 06:19:27:172 - info: [Chromedriver] Killing any old chromedrivers, running: FOR /F "usebackq tokens=5" %a in (`netstat -nao ^| findstr /R /C:"8000 "`) do (FOR /F "usebackq" %b in (`TASKLIST /FI "PID eq %a" ^| findstr /I chromedriver.exe`) do (IF NOT %b=="" TASKKILL /F /PID %a))
2017-06-01 06:19:27:247 - info: [Chromedriver] No old chromedrivers seemed to exist
2017-06-01 06:19:27:247 - info: [Chromedriver] Spawning chromedriver with: D:\MyProgram\nodejs\node_modules\appium\node_modules\appium-chromedriver\chromedriver\win\chromedriver.exe --url-base=wd/hub --port=8000 --adb-port=5037
2017-06-01 06:19:27:265 - info: [Chromedriver] [STDOUT] Starting ChromeDriver 2.27.440174 (e97a722caafc2d3a8b807ee115bfb307f7d2cfd9) on port 8000
Only local connections are allowed.
2017-06-01 06:19:27:268 - info: [debug] [JSONWP Proxy] Proxying [GET /status] to [GET http://127.0.0.1:8000/wd/hub/status] with no body
2017-06-01 06:19:27:289 - info: [debug] [JSONWP Proxy] Got response with status 200: "{\"sessionId\":\"\",\"status\":0,\"value\":{\"build\":{\"version\":\"alpha\"},\"os\":{\"arch\":\"x86_64\",\"name\":\"Windows NT\",\"version\":\"6.1.7601 SP1\"}}}"
2017-06-01 06:19:27:290 - info: [debug] [JSONWP Proxy] Proxying [POST /session] to [POST http://127.0.0.1:8000/wd/hub/session] with body: {"desiredCapabilities":{"chromeOptions":{"androidPackage":"com.play.android","androidUseRunningApp":true,"androidDeviceSerial":"022TAS7N51009853"}}}
2017-06-01 06:20:28:299 - info: [debug] [JSONWP Proxy] Got response with status 200: {"sessionId":"9d168cd13aa6a8d9174ec51683eb9896","status":13,"value":{"message":"unknown error: unable to discover open pages\n  (Driver info: chromedriver=2.27.440174 (e97a722caafc2d3a8b807ee115bfb307f7d2cfd9),platform=Windows NT 6.1.7601 SP1 x86_64)"}}
2017-06-01 06:20:28:504 - info: [debug] [JSONWP Proxy] Proxying [POST /session] to [POST http://127.0.0.1:8000/wd/hub/session] with body: {"desiredCapabilities":{"chromeOptions":{"androidPackage":"com.play.android","androidUseRunningApp":true,"androidDeviceSerial":"022TAS7N51009853"}}}
2017-06-01 06:21:29:550 - info: [debug] [JSONWP Proxy] Got response with status 200: {"sessionId":"a92d5e3a0dd64b9ef543cd020be2f73c","status":13,"value":{"message":"unknown error: unable to discover open pages\n  (Driver info: chromedriver=2.27.440174 (e97a722caafc2d3a8b807ee115bfb307f7d2cfd9),platform=Windows NT 6.1.7601 SP1 x86_64)"}}
2017-06-01 06:21:29:753 - info: [debug] [JSONWP Proxy] Proxying [POST /session] to [POST http://127.0.0.1:8000/wd/hub/session] with body: {"desiredCapabilities":{"chromeOptions":{"androidPackage":"com.play.android","androidUseRunningApp":true,"androidDeviceSerial":"022TAS7N51009853"}}}
2017-06-01 06:22:30:971 - info: [debug] [JSONWP Proxy] Got response with status 200: {"sessionId":"06b9ba7b6d2f8c592856a123e77a0e0b","status":13,"value":{"message":"unknown error: unable to discover open pages\n  (Driver info: chromedriver=2.27.440174 (e97a722caafc2d3a8b807ee115bfb307f7d2cfd9),platform=Windows NT 6.1.7601 SP1 x86_64)"}}
2017-06-01 06:22:31:174 - info: [debug] [JSONWP Proxy] Proxying [POST /session] to [POST http://127.0.0.1:8000/wd/hub/session] with body: {"desiredCapabilities":{"chromeOptions":{"androidPackage":"com.play.android","androidUseRunningApp":true,"androidDeviceSerial":"022TAS7N51009853"}}}
2017-06-01 06:23:32:346 - info: [debug] [JSONWP Proxy] Got response with status 200: {"sessionId":"f1153f812decb4b59d46544bf0467526","status":13,"value":{"message":"unknown error: unable to discover open pages\n  (Driver info: chromedriver=2.27.440174 (e97a722caafc2d3a8b807ee115bfb307f7d2cfd9),platform=Windows NT 6.1.7601 SP1 x86_64)"}}
2017-06-01 06:23:32:555 - error: [Chromedriver] Chromedriver exited unexpectedly with code null, signal SIGTERM
2017-06-01 06:23:32:555 - info: [debug] [Chromedriver] Changed state to 'stopped'
2017-06-01 06:23:32:572 - error: [Chromedriver] Error: unknown error: unable to discover open pages
  (Driver info: chromedriver=2.27.440174 (e97a722caafc2d3a8b807ee115bfb307f7d2cfd9),platform=Windows NT 6.1.7601 SP1 x86_64)
    at Chromedriver.callee$2$0$ (../../lib/chromedriver.js:176:15)
    at tryCatch (D:\MyProgram\nodejs\node_modules\appium\node_modules\babel-runtime\regenerator\runtime.js:67:40)
    at GeneratorFunctionPrototype.invoke [as _invoke] (D:\MyProgram\nodejs\node_modules\appium\node_modules\babel-runtime\regenerator\runtime.js:315:22)
    at GeneratorFunctionPrototype.prototype.(anonymous function) [as next] (D:\MyProgram\nodejs\node_modules\appium\node_modules\babel-runtime\regenerator\runtime.js:100:21)
    at GeneratorFunctionPrototype.invoke (D:\MyProgram\nodejs\node_modules\appium\node_modules\babel-runtime\regenerator\runtime.js:136:37)
 Error: unknown error: unable to discover open pages
  (Driver info: chromedriver=2.27.440174 (e97a722caafc2d3a8b807ee115bfb307f7d2cfd9),platform=Windows NT 6.1.7601 SP1 x86_64)
    at Chromedriver.callee$2$0$ (../../lib/chromedriver.js:176:15)
    at tryCatch (D:\MyProgram\nodejs\node_modules\appium\node_modules\babel-runtime\regenerator\runtime.js:67:40)
    at GeneratorFunctionPrototype.invoke [as _invoke] (D:\MyProgram\nodejs\node_modules\appium\node_modules\babel-runtime\regenerator\runtime.js:315:22)
    at GeneratorFunctionPrototype.prototype.(anonymous function) [as next] (D:\MyProgram\nodejs\node_modules\appium\node_modules\babel-runtime\regenerator\runtime.js:100:21)
    at GeneratorFunctionPrototype.invoke (D:\MyProgram\nodejs\node_modules\appium\node_modules\babel-runtime\regenerator\runtime.js:136:37)
2017-06-01 06:23:32:573 - error: [MJSONWP] Encountered internal error running command: Error: unknown error: unable to discover open pages
  (Driver info: chromedriver=2.27.440174 (e97a722caafc2d3a8b807ee115bfb307f7d2cfd9),platform=Windows NT 6.1.7601 SP1 x86_64)
    at Chromedriver.callee$2$0$ (../../lib/chromedriver.js:176:15)
    at tryCatch (D:\MyProgram\nodejs\node_modules\appium\node_modules\babel-runtime\regenerator\runtime.js:67:40)
    at GeneratorFunctionPrototype.invoke [as _invoke] (D:\MyProgram\nodejs\node_modules\appium\node_modules\babel-runtime\regenerator\runtime.js:315:22)
    at GeneratorFunctionPrototype.prototype.(anonymous function) [as next] (D:\MyProgram\nodejs\node_modules\appium\node_modules\babel-runtime\regenerator\runtime.js:100:21)
    at GeneratorFunctionPrototype.invoke (D:\MyProgram\nodejs\node_modules\appium\node_modules\babel-runtime\regenerator\runtime.js:136:37)
2017-06-01 06:23:32:574 - info: [HTTP] <-- POST /wd/hub/session/a1d10b82-6963-4bb3-a0fe-e2e9af9ed6e3/context 500 245696 ms - 341 
2017-06-01 06:23:32:601 - info: [HTTP] --> POST /wd/hub/session/a1d10b82-6963-4bb3-a0fe-e2e9af9ed6e3/appium/app/close {}
2017-06-01 06:23:32:602 - info: [debug] [MJSONWP] Calling AppiumDriver.closeApp() with args: ["a1d10b82-6963-4bb3-a0fe-e2e9af9ed6e3"]
2017-06-01 06:23:32:602 - info: [debug] [ADB] Getting connected devices...
2017-06-01 06:23:32:641 - info: [debug] [ADB] 1 device(s) connected
2017-06-01 06:23:32:642 - info: [debug] [ADB] Running 'D:\SoftWare\SDK\platform-tools\adb.exe' with args: ["-P",5037,"-s","022TAS7N51009853","shell","am","force-stop","com.play.android"]
2017-06-01 06:23:33:729 - info: [debug] [MJSONWP] Responding to client with driver.closeApp() result: null
2017-06-01 06:23:33:731 - info: [HTTP] <-- POST /wd/hub/session/a1d10b82-6963-4bb3-a0fe-e2e9af9ed6e3/appium/app/close 200 1129 ms - 76 
