2017-05-31 07:23:58:281 - info: [Appium] Welcome to Appium v1.6.5
2017-05-31 07:23:58:284 - info: [Appium] Non-default server args:
2017-05-31 07:23:58:286 - info: [Appium]   address: 127.0.0.1
2017-05-31 07:23:58:286 - info: [Appium]   log: D:\workSpace\EclipseProjects\AppiumForEclipse\log\1496215431757.log
2017-05-31 07:23:58:352 - info: [Appium] Appium REST http interface listener started on 127.0.0.1:4723
2017-05-31 07:23:58:638 - info: [HTTP] --> GET /wd/hub/status {}
2017-05-31 07:23:58:644 - info: [debug] [MJSONWP] Calling AppiumDriver.getStatus() with args: []
2017-05-31 07:23:58:693 - info: [debug] [MJSONWP] Responding to client with driver.getStatus() result: {"build":{"version":"1.6.5","revision":null}}
2017-05-31 07:23:58:699 - info: [HTTP] <-- GET /wd/hub/status 200 58 ms - 83 
2017-05-31 07:23:58:705 - info: [HTTP] --> GET /wd/hub/status {}
2017-05-31 07:23:58:705 - info: [debug] [MJSONWP] Calling AppiumDriver.getStatus() with args: []
2017-05-31 07:23:58:747 - info: [debug] [MJSONWP] Responding to client with driver.getStatus() result: {"build":{"version":"1.6.5","revision":null}}
2017-05-31 07:23:58:749 - info: [HTTP] <-- GET /wd/hub/status 200 43 ms - 83 
2017-05-31 07:23:59:398 - info: [HTTP] --> POST /wd/hub/session {"desiredCapabilities":{"appPackage":"com.play.android","appActivity":"com.play.android.activity.SplashActivity","app":"D:\\workSpace\\EclipseProjects\\AppiumForEclipse\\apps\\play.apk","noSign":"True","unicodeKeyboard":"True","platformName":"Android","deviceName":"022TAS7N51009853","resetKeyboard":"True"}}
2017-05-31 07:23:59:399 - info: [debug] [MJSONWP] Calling AppiumDriver.createSession() with args: [{"appPackage":"com.play.android","appActivity":"com.play.android.activity.SplashActivity","app":"D:\\workSpace\\EclipseProjects\\AppiumForEclipse\\apps\\play.apk","noSign":"True","unicodeKeyboard":"True","platformName":"Android","deviceName":"022TAS7N51009853","resetKeyboard":"True"},null,null]
2017-05-31 07:23:59:400 - info: [debug] [BaseDriver] Event 'newSessionRequested' logged at 1496215439400 (15:23:59 GMT+0800 (中国标准时间))
2017-05-31 07:23:59:404 - info: [Appium] Creating new AndroidDriver (v1.20.0) session
2017-05-31 07:23:59:404 - info: [Appium] Capabilities:
2017-05-31 07:23:59:408 - info: [Appium]   appPackage: 'com.play.android'
2017-05-31 07:23:59:409 - info: [Appium]   appActivity: 'com.play.android.activity.SplashActivity'
2017-05-31 07:23:59:409 - info: [Appium]   app: 'D:\\workSpace\\EclipseProjects\\AppiumForEclipse\\apps\\play.apk'
2017-05-31 07:23:59:409 - info: [Appium]   noSign: 'True'
2017-05-31 07:23:59:410 - info: [Appium]   unicodeKeyboard: 'True'
2017-05-31 07:23:59:410 - info: [Appium]   platformName: 'Android'
2017-05-31 07:23:59:410 - info: [Appium]   deviceName: '022TAS7N51009853'
2017-05-31 07:23:59:411 - info: [Appium]   resetKeyboard: 'True'
2017-05-31 07:23:59:414 - info: [debug] [AndroidDriver] AndroidDriver version: 1.20.0
2017-05-31 07:23:59:419 - warn: [BaseDriver] Capability 'unicodeKeyboard' changed from string to boolean. This may cause unexpected behavior
2017-05-31 07:23:59:419 - warn: [BaseDriver] Capability 'resetKeyboard' changed from string to boolean. This may cause unexpected behavior
2017-05-31 07:23:59:420 - warn: [BaseDriver] Capability 'noSign' changed from string to boolean. This may cause unexpected behavior
2017-05-31 07:23:59:433 - info: [BaseDriver] Session created with session id: 55069171-e7ba-43f8-a37c-88f19f46f6b6
2017-05-31 07:23:59:436 - info: [debug] [AndroidDriver] Getting Java version
2017-05-31 07:23:59:556 - info: [AndroidDriver] Java version is: 1.8.0_121
2017-05-31 07:23:59:560 - info: [ADB] Checking whether adb is present
2017-05-31 07:23:59:563 - info: [ADB] Using adb.exe from D:\SoftWare\SDK\platform-tools\adb.exe
2017-05-31 07:23:59:563 - info: [AndroidDriver] Retrieving device list
2017-05-31 07:23:59:564 - info: [debug] [ADB] Trying to find a connected android device
2017-05-31 07:23:59:565 - info: [debug] [ADB] Getting connected devices...
2017-05-31 07:23:59:588 - info: [debug] [ADB] 1 device(s) connected
2017-05-31 07:23:59:589 - info: [AndroidDriver] Using device: 022TAS7N51009853
2017-05-31 07:23:59:590 - info: [ADB] Checking whether adb is present
2017-05-31 07:23:59:593 - info: [ADB] Using adb.exe from D:\SoftWare\SDK\platform-tools\adb.exe
2017-05-31 07:23:59:593 - info: [debug] [ADB] Setting device id to 022TAS7N51009853
2017-05-31 07:23:59:594 - info: [BaseDriver] Using local app 'D:\workSpace\EclipseProjects\AppiumForEclipse\apps\play.apk'
2017-05-31 07:23:59:595 - info: [debug] [AndroidDriver] Checking whether app is actually present
2017-05-31 07:23:59:596 - info: [AndroidDriver] Starting Android session
2017-05-31 07:23:59:601 - info: [debug] [ADB] Running 'D:\SoftWare\SDK\platform-tools\adb.exe' with args: ["-P",5037,"-s","022TAS7N51009853","wait-for-device"]
2017-05-31 07:23:59:631 - info: [debug] [ADB] Getting connected devices...
2017-05-31 07:23:59:659 - info: [debug] [ADB] 1 device(s) connected
2017-05-31 07:23:59:660 - info: [debug] [ADB] Running 'D:\SoftWare\SDK\platform-tools\adb.exe' with args: ["-P",5037,"-s","022TAS7N51009853","shell","echo","ping"]
2017-05-31 07:23:59:703 - info: [debug] [Logcat] Starting logcat capture
2017-05-31 07:23:59:757 - info: [debug] [AndroidDriver] Enabling Unicode keyboard support
2017-05-31 07:23:59:757 - info: [debug] [AndroidDriver] Pushing unicode ime to device...
2017-05-31 07:23:59:758 - info: [debug] [ADB] Running 'D:\SoftWare\SDK\platform-tools\adb.exe' with args: ["-P",5037,"-s","022TAS7N51009853","install","D:\\MyProgram\\nodejs\\node_modules\\appium\\node_modules\\appium-android-ime\\bin\\UnicodeIME-debug.apk"]
2017-05-31 07:24:01:132 - info: [debug] [ADB] Getting connected devices...
2017-05-31 07:24:01:164 - info: [debug] [ADB] 1 device(s) connected
2017-05-31 07:24:01:165 - info: [debug] [ADB] Running 'D:\SoftWare\SDK\platform-tools\adb.exe' with args: ["-P",5037,"-s","022TAS7N51009853","shell","settings","get","secure","default_input_method"]
2017-05-31 07:24:02:217 - info: [debug] [AndroidDriver] Unsetting previous IME io.appium.android.ime/.UnicodeIME
2017-05-31 07:24:02:217 - info: [debug] [AndroidDriver] Setting IME to 'io.appium.android.ime/.UnicodeIME'
2017-05-31 07:24:02:218 - info: [debug] [ADB] Getting connected devices...
2017-05-31 07:24:02:260 - info: [debug] [ADB] 1 device(s) connected
2017-05-31 07:24:02:261 - info: [debug] [ADB] Running 'D:\SoftWare\SDK\platform-tools\adb.exe' with args: ["-P",5037,"-s","022TAS7N51009853","shell","ime","enable","io.appium.android.ime/.UnicodeIME"]
2017-05-31 07:24:03:295 - info: [debug] [ADB] Getting connected devices...
2017-05-31 07:24:03:338 - info: [debug] [ADB] 1 device(s) connected
2017-05-31 07:24:03:338 - info: [debug] [ADB] Running 'D:\SoftWare\SDK\platform-tools\adb.exe' with args: ["-P",5037,"-s","022TAS7N51009853","shell","ime","set","io.appium.android.ime/.UnicodeIME"]
2017-05-31 07:24:04:376 - info: [debug] [AndroidDriver] Pushing settings apk to device...
2017-05-31 07:24:04:379 - info: [debug] [ADB] Getting install status for io.appium.settings
2017-05-31 07:24:04:379 - info: [debug] [ADB] Getting connected devices...
2017-05-31 07:24:04:415 - info: [debug] [ADB] 1 device(s) connected
2017-05-31 07:24:04:416 - info: [debug] [ADB] Running 'D:\SoftWare\SDK\platform-tools\adb.exe' with args: ["-P",5037,"-s","022TAS7N51009853","shell","pm","list","packages","io.appium.settings"]
2017-05-31 07:24:05:451 - info: [debug] [ADB] App is installed
2017-05-31 07:24:05:453 - info: [debug] [ADB] Getting package info for io.appium.settings
2017-05-31 07:24:05:454 - info: [debug] [ADB] Getting connected devices...
2017-05-31 07:24:05:483 - info: [ADB] Checking whether aapt is present
2017-05-31 07:24:05:488 - info: [ADB] Using aapt.exe from D:\SoftWare\SDK\build-tools\24.0.3\aapt.exe
2017-05-31 07:24:05:502 - info: [debug] [ADB] 1 device(s) connected
2017-05-31 07:24:05:502 - info: [debug] [ADB] Running 'D:\SoftWare\SDK\platform-tools\adb.exe' with args: ["-P",5037,"-s","022TAS7N51009853","shell","dumpsys","package","io.appium.settings"]
2017-05-31 07:24:05:513 - warn: [ADB] Cannot read version codes of D:\MyProgram\nodejs\node_modules\appium\node_modules\io.appium.settings\app\build\outputs\apk\settings_apk-debug.apk and/or io.appium.settings. Assuming correct app version is already installed
2017-05-31 07:24:05:514 - info: [debug] [ADB] Getting connected devices...
2017-05-31 07:24:05:539 - info: [debug] [ADB] 1 device(s) connected
2017-05-31 07:24:05:542 - info: [debug] [ADB] Running 'D:\SoftWare\SDK\platform-tools\adb.exe' with args: ["-P",5037,"-s","022TAS7N51009853","shell","getprop","ro.build.version.sdk"]
2017-05-31 07:24:05:588 - info: [debug] [ADB] Device API level: 19
2017-05-31 07:24:05:589 - info: [debug] [ADB] Getting connected devices...
2017-05-31 07:24:05:613 - info: [debug] [ADB] 1 device(s) connected
2017-05-31 07:24:05:613 - info: [debug] [ADB] Running 'D:\SoftWare\SDK\platform-tools\adb.exe' with args: ["-P",5037,"-s","022TAS7N51009853","shell","dumpsys","package","io.appium.settings"]
2017-05-31 07:24:05:695 - info: [debug] [AndroidDriver] Pushing unlock helper app to device...
2017-05-31 07:24:05:697 - info: [debug] [ADB] Running 'D:\SoftWare\SDK\platform-tools\adb.exe' with args: ["-P",5037,"-s","022TAS7N51009853","install","D:\\MyProgram\\nodejs\\node_modules\\appium\\node_modules\\appium-unlock\\bin\\unlock_apk-debug.apk"]
2017-05-31 07:24:06:763 - info: [debug] [ADB] Device API level: 19
2017-05-31 07:24:06:766 - info: [debug] [ADB] Getting connected devices...
2017-05-31 07:24:06:802 - info: [debug] [ADB] 1 device(s) connected
2017-05-31 07:24:06:803 - info: [debug] [ADB] Running 'D:\SoftWare\SDK\platform-tools\adb.exe' with args: ["-P",5037,"-s","022TAS7N51009853","shell","settings","put","secure","mock_location","1"]
2017-05-31 07:24:07:719 - info: [ADB] Getting device platform version
2017-05-31 07:24:07:719 - info: [debug] [ADB] Getting connected devices...
2017-05-31 07:24:07:750 - info: [debug] [ADB] 1 device(s) connected
2017-05-31 07:24:07:750 - info: [debug] [ADB] Running 'D:\SoftWare\SDK\platform-tools\adb.exe' with args: ["-P",5037,"-s","022TAS7N51009853","shell","getprop","ro.build.version.release"]
2017-05-31 07:24:07:793 - info: [debug] [ADB] Getting connected devices...
2017-05-31 07:24:07:818 - info: [debug] [ADB] 1 device(s) connected
2017-05-31 07:24:07:819 - info: [debug] [ADB] Running 'D:\SoftWare\SDK\platform-tools\adb.exe' with args: ["-P",5037,"-s","022TAS7N51009853","shell","wm","size"]
2017-05-31 07:24:08:654 - info: [debug] [ADB] Getting connected devices...
2017-05-31 07:24:08:692 - info: [debug] [ADB] 1 device(s) connected
2017-05-31 07:24:08:693 - info: [debug] [ADB] Running 'D:\SoftWare\SDK\platform-tools\adb.exe' with args: ["-P",5037,"-s","022TAS7N51009853","shell","getprop","ro.product.model"]
2017-05-31 07:24:08:748 - info: [debug] [ADB] Current device property 'ro.product.model': HUAWEI P6 S-U06
2017-05-31 07:24:08:748 - info: [debug] [ADB] Getting connected devices...
2017-05-31 07:24:08:775 - info: [debug] [ADB] 1 device(s) connected
2017-05-31 07:24:08:776 - info: [debug] [ADB] Running 'D:\SoftWare\SDK\platform-tools\adb.exe' with args: ["-P",5037,"-s","022TAS7N51009853","shell","getprop","ro.product.manufacturer"]
2017-05-31 07:24:08:818 - info: [debug] [ADB] Current device property 'ro.product.manufacturer': HUAWEI
2017-05-31 07:24:08:948 - info: [AndroidDriver] Remote apk path is /data/local/tmp/42e2f15827830994ee5f75a4ff734348.apk
2017-05-31 07:24:08:949 - info: [debug] [ADB] Getting connected devices...
2017-05-31 07:24:08:973 - info: [debug] [ADB] 1 device(s) connected
2017-05-31 07:24:08:974 - info: [debug] [ADB] Running 'D:\SoftWare\SDK\platform-tools\adb.exe' with args: ["-P",5037,"-s","022TAS7N51009853","shell","ls","/data/local/tmp/42e2f15827830994ee5f75a4ff734348.apk"]
2017-05-31 07:24:09:031 - info: [debug] [AndroidDriver] Checking if app is installed
2017-05-31 07:24:09:031 - info: [debug] [ADB] Getting install status for com.play.android
2017-05-31 07:24:09:031 - info: [debug] [ADB] Getting connected devices...
2017-05-31 07:24:09:055 - info: [debug] [ADB] 1 device(s) connected
2017-05-31 07:24:09:056 - info: [debug] [ADB] Running 'D:\SoftWare\SDK\platform-tools\adb.exe' with args: ["-P",5037,"-s","022TAS7N51009853","shell","pm","list","packages","com.play.android"]
2017-05-31 07:24:09:914 - info: [debug] [ADB] App is installed
2017-05-31 07:24:09:915 - info: [AndroidDriver] Apk is already on remote and installed, resetting
2017-05-31 07:24:09:917 - info: [debug] [AndroidDriver] Running fast reset (stop and clear)
2017-05-31 07:24:09:919 - info: [debug] [ADB] Getting connected devices...
2017-05-31 07:24:09:967 - info: [debug] [ADB] 1 device(s) connected
2017-05-31 07:24:09:967 - info: [debug] [ADB] Running 'D:\SoftWare\SDK\platform-tools\adb.exe' with args: ["-P",5037,"-s","022TAS7N51009853","shell","am","force-stop","com.play.android"]
2017-05-31 07:24:10:819 - info: [debug] [ADB] Getting connected devices...
2017-05-31 07:24:10:863 - info: [debug] [ADB] 1 device(s) connected
2017-05-31 07:24:10:864 - info: [debug] [ADB] Running 'D:\SoftWare\SDK\platform-tools\adb.exe' with args: ["-P",5037,"-s","022TAS7N51009853","shell","pm","clear","com.play.android"]
2017-05-31 07:24:11:874 - info: [debug] [AndroidDriver] Extracting strings from apk D:\workSpace\EclipseProjects\AppiumForEclipse\apps\play.apk null C:\Users\ADMINI~1\AppData\Local\Temp\com.play.android
2017-05-31 07:24:11:876 - info: [debug] [ADB] Extracting strings for language: default
2017-05-31 07:24:11:877 - info: [debug] [ADB] Device API level: 19
2017-05-31 07:24:11:878 - info: [debug] [ADB] Getting connected devices...
2017-05-31 07:24:11:922 - info: [debug] [ADB] 1 device(s) connected
2017-05-31 07:24:11:923 - info: [debug] [ADB] Running 'D:\SoftWare\SDK\platform-tools\adb.exe' with args: ["-P",5037,"-s","022TAS7N51009853","shell","getprop","persist.sys.language"]
2017-05-31 07:24:11:961 - info: [debug] [ADB] Current device property 'persist.sys.language': zh
2017-05-31 07:24:13:093 - info: [debug] [ADB] Reading strings from converted strings.json
2017-05-31 07:24:13:097 - info: [debug] [ADB] Running 'D:\SoftWare\SDK\platform-tools\adb.exe' with args: ["-P",5037,"-s","022TAS7N51009853","push","C:\\Users\\ADMINI~1\\AppData\\Local\\Temp\\com.play.android\\strings.json","/data/local/tmp"]
2017-05-31 07:24:13:142 - info: [debug] [AndroidBootstrap] Watching for bootstrap disconnect
2017-05-31 07:24:13:143 - info: [debug] [ADB] Forwarding system: 4724 to device: 4724
2017-05-31 07:24:13:144 - info: [debug] [ADB] Running 'D:\SoftWare\SDK\platform-tools\adb.exe' with args: ["-P",5037,"-s","022TAS7N51009853","forward","tcp:4724","tcp:4724"]
2017-05-31 07:24:13:152 - info: [debug] [UiAutomator] Starting UiAutomator
2017-05-31 07:24:13:152 - info: [debug] [UiAutomator] Moving to state 'starting'
2017-05-31 07:24:13:153 - info: [debug] [UiAutomator] Parsing uiautomator jar
2017-05-31 07:24:13:153 - info: [debug] [UiAutomator] Found jar name: 'AppiumBootstrap.jar'
2017-05-31 07:24:13:153 - info: [debug] [ADB] Running 'D:\SoftWare\SDK\platform-tools\adb.exe' with args: ["-P",5037,"-s","022TAS7N51009853","push","D:\\MyProgram\\nodejs\\node_modules\\appium\\node_modules\\appium-android-bootstrap\\bootstrap\\bin\\AppiumBootstrap.jar","/data/local/tmp/"]
2017-05-31 07:24:13:202 - info: [debug] [ADB] Attempting to kill all uiautomator processes
2017-05-31 07:24:13:203 - info: [debug] [ADB] Getting all processes with uiautomator
2017-05-31 07:24:13:203 - info: [debug] [ADB] Getting connected devices...
2017-05-31 07:24:13:227 - info: [debug] [ADB] 1 device(s) connected
2017-05-31 07:24:13:227 - info: [debug] [ADB] Running 'D:\SoftWare\SDK\platform-tools\adb.exe' with args: ["-P",5037,"-s","022TAS7N51009853","shell","ps"]
2017-05-31 07:24:13:365 - info: [ADB] No uiautomator process found to kill, continuing...
2017-05-31 07:24:13:366 - info: [debug] [UiAutomator] Starting UIAutomator
2017-05-31 07:24:13:366 - info: [debug] [ADB] Creating ADB subprocess with args: ["-P",5037,"-s","022TAS7N51009853","shell","uiautomator","runtest","AppiumBootstrap.jar","-c","io.appium.android.bootstrap.Bootstrap","-e","pkg","com.play.android","-e","disableAndroidWatchers",false,"-e","acceptSslCerts",false]
2017-05-31 07:24:14:059 - info: [debug] [UiAutomator] Moving to state 'online'
2017-05-31 07:24:14:070 - info: [AndroidBootstrap] Android bootstrap socket is now connected
2017-05-31 07:24:14:073 - info: [debug] [ADB] Getting connected devices...
2017-05-31 07:24:14:094 - info: [AndroidBootstrap] [BOOTSTRAP LOG] [debug] json loading complete.
2017-05-31 07:24:14:094 - info: [AndroidBootstrap] [BOOTSTRAP LOG] [debug] Registered crash watchers.
2017-05-31 07:24:14:094 - info: [AndroidBootstrap] [BOOTSTRAP LOG] [debug] Client connected
2017-05-31 07:24:14:112 - info: [debug] [ADB] 1 device(s) connected
2017-05-31 07:24:14:112 - info: [debug] [ADB] Running 'D:\SoftWare\SDK\platform-tools\adb.exe' with args: ["-P",5037,"-s","022TAS7N51009853","shell","dumpsys","window"]
2017-05-31 07:24:14:172 - info: [AndroidDriver] Screen already unlocked, doing nothing
2017-05-31 07:24:14:174 - info: [debug] [ADB] Device API level: 19
2017-05-31 07:24:14:175 - info: [debug] [ADB] Getting connected devices...
2017-05-31 07:24:14:199 - info: [debug] [ADB] 1 device(s) connected
2017-05-31 07:24:14:199 - info: [debug] [ADB] Running 'D:\SoftWare\SDK\platform-tools\adb.exe' with args: ["-P",5037,"-s","022TAS7N51009853","shell","am","start","-W","-n","com.play.android/com.play.android.activity.SplashActivity","-S","-a","android.intent.action.MAIN","-c","android.intent.category.LAUNCHER","-f","0x10200000"]
2017-05-31 07:24:22:316 - info: [Appium] New AndroidDriver session created successfully, session 55069171-e7ba-43f8-a37c-88f19f46f6b6 added to master session list
2017-05-31 07:24:22:332 - info: [debug] [BaseDriver] Event 'newSessionStarted' logged at 1496215462332 (15:24:22 GMT+0800 (中国标准时间))
2017-05-31 07:24:22:332 - info: [debug] [MJSONWP] Responding to client with driver.createSession() result: {"platform":"LINUX","webStorageEnabled":false,"takesScreenshot":true,"javascriptEnabled":true,"databaseEnabled":false,"networkConnectionEnabled":true,"locationContextEnabled":false,"warnings":{},"desired":{"appPackage":"com.play.android","appActivity":"com.play.android.activity.SplashActivity","app":"D:\\workSpace\\EclipseProjects\\AppiumForEclipse\\apps\\play.apk","noSign":true,"unicodeKeyboard":true,"platformName":"Android","deviceName":"022TAS7N51009853","resetKeyboard":true},"appPackage":"com.play.android","appActivity":"com.play.android.activity.SplashActivity","app":"D:\\workSpace\\EclipseProjects\\AppiumForEclipse\\apps\\play.apk","noSign":true,"unicodeKeyboard":true,"platformName":"Android","deviceName":"022TAS7N51009853","resetKeyboard":true,"deviceUDID":"022TAS7N51009853","platformVersion":"4.4.2","deviceScreenSize":"720x1280","deviceModel":"HUAWEI P6 S-U06","deviceManufacturer":"HUAWEI"}
2017-05-31 07:24:22:332 - info: [HTTP] <-- POST /wd/hub/session 200 22937 ms - 983 
2017-05-31 07:24:24:268 - info: [HTTP] --> POST /wd/hub/session/55069171-e7ba-43f8-a37c-88f19f46f6b6/timeouts {"type":"implicit","ms":20000}
2017-05-31 07:24:24:268 - info: [debug] [MJSONWP] Calling AppiumDriver.timeouts() with args: ["implicit",20000,"55069171-e7ba-43f8-a37c-88f19f46f6b6"]
2017-05-31 07:24:24:268 - info: [debug] [BaseDriver] Set implicit wait to 20000ms
2017-05-31 07:24:24:268 - info: [debug] [MJSONWP] Responding to client with driver.timeouts() result: null
2017-05-31 07:24:24:268 - info: [HTTP] <-- POST /wd/hub/session/55069171-e7ba-43f8-a37c-88f19f46f6b6/timeouts 200 6 ms - 76 
2017-05-31 07:24:24:534 - info: [HTTP] --> POST /wd/hub/session/55069171-e7ba-43f8-a37c-88f19f46f6b6/timeouts {"type":"implicit","ms":20000}
2017-05-31 07:24:24:534 - info: [debug] [MJSONWP] Calling AppiumDriver.timeouts() with args: ["implicit",20000,"55069171-e7ba-43f8-a37c-88f19f46f6b6"]
2017-05-31 07:24:24:534 - info: [debug] [BaseDriver] Set implicit wait to 20000ms
2017-05-31 07:24:24:534 - info: [debug] [MJSONWP] Responding to client with driver.timeouts() result: null
2017-05-31 07:24:24:534 - info: [HTTP] <-- POST /wd/hub/session/55069171-e7ba-43f8-a37c-88f19f46f6b6/timeouts 200 3 ms - 76 
2017-05-31 07:24:24:565 - info: [HTTP] --> GET /wd/hub/session/55069171-e7ba-43f8-a37c-88f19f46f6b6/appium/device/current_activity {}
2017-05-31 07:24:24:565 - info: [debug] [MJSONWP] Calling AppiumDriver.getCurrentActivity() with args: ["55069171-e7ba-43f8-a37c-88f19f46f6b6"]
2017-05-31 07:24:24:565 - info: [debug] [ADB] Getting focused package and activity
2017-05-31 07:24:24:565 - info: [debug] [ADB] Getting connected devices...
2017-05-31 07:24:24:596 - info: [debug] [ADB] 1 device(s) connected
2017-05-31 07:24:24:596 - info: [debug] [ADB] Running 'D:\SoftWare\SDK\platform-tools\adb.exe' with args: ["-P",5037,"-s","022TAS7N51009853","shell","dumpsys","window","windows"]
2017-05-31 07:24:24:674 - info: [debug] [MJSONWP] Responding to client with driver.getCurrentActivity() result: ".activity.main.HomeActivity"
2017-05-31 07:24:24:674 - info: [HTTP] <-- GET /wd/hub/session/55069171-e7ba-43f8-a37c-88f19f46f6b6/appium/device/current_activity 200 114 ms - 101 
2017-05-31 07:24:24:737 - info: [HTTP] --> POST /wd/hub/session/55069171-e7ba-43f8-a37c-88f19f46f6b6/timeouts {"type":"implicit","ms":0}
2017-05-31 07:24:24:737 - info: [debug] [MJSONWP] Calling AppiumDriver.timeouts() with args: ["implicit",0,"55069171-e7ba-43f8-a37c-88f19f46f6b6"]
2017-05-31 07:24:24:737 - info: [debug] [BaseDriver] Set implicit wait to 0ms
2017-05-31 07:24:24:737 - info: [debug] [MJSONWP] Responding to client with driver.timeouts() result: null
2017-05-31 07:24:24:737 - info: [HTTP] <-- POST /wd/hub/session/55069171-e7ba-43f8-a37c-88f19f46f6b6/timeouts 200 3 ms - 76 
2017-05-31 07:24:24:768 - info: [HTTP] --> GET /wd/hub/session/55069171-e7ba-43f8-a37c-88f19f46f6b6/context {}
2017-05-31 07:24:24:768 - info: [debug] [MJSONWP] Calling AppiumDriver.getCurrentContext() with args: ["55069171-e7ba-43f8-a37c-88f19f46f6b6"]
2017-05-31 07:24:24:768 - info: [debug] [MJSONWP] Responding to client with driver.getCurrentContext() result: "NATIVE_APP"
2017-05-31 07:24:24:768 - info: [HTTP] <-- GET /wd/hub/session/55069171-e7ba-43f8-a37c-88f19f46f6b6/context 200 3 ms - 84 
2017-05-31 07:24:24:783 - info: [HTTP] --> POST /wd/hub/session/55069171-e7ba-43f8-a37c-88f19f46f6b6/elements {"using":"id","value":"com.play.android:id/sdv_image"}
2017-05-31 07:24:24:783 - info: [debug] [MJSONWP] Calling AppiumDriver.findElements() with args: ["id","com.play.android:id/sdv_image","55069171-e7ba-43f8-a37c-88f19f46f6b6"]
2017-05-31 07:24:24:783 - info: [debug] [BaseDriver] Valid locator strategies for this request: xpath, id, class name, accessibility id, -android uiautomator
2017-05-31 07:24:24:783 - info: [debug] [BaseDriver] Valid locator strategies for this request: xpath, id, class name, accessibility id, -android uiautomator
2017-05-31 07:24:24:783 - info: [debug] [BaseDriver] Waiting up to 0 ms for condition
2017-05-31 07:24:24:783 - info: [debug] [AndroidBootstrap] Sending command to android: {"cmd":"action","action":"find","params":{"strategy":"id","selector":"com.play.android:id/sdv_image","context":"","multiple":true}}
2017-05-31 07:24:24:783 - info: [AndroidBootstrap] [BOOTSTRAP LOG] [debug] Got data from client: {"cmd":"action","action":"find","params":{"strategy":"id","selector":"com.play.android:id/sdv_image","context":"","multiple":true}}
2017-05-31 07:24:24:799 - info: [AndroidBootstrap] [BOOTSTRAP LOG] [debug] Got command of type ACTION
2017-05-31 07:24:24:799 - info: [AndroidBootstrap] [BOOTSTRAP LOG] [debug] Got command action: find
2017-05-31 07:24:24:799 - info: [AndroidBootstrap] [BOOTSTRAP LOG] [debug] Finding 'com.play.android:id/sdv_image' using 'ID' with the contextId: '' multiple: true
2017-05-31 07:24:24:799 - info: [AndroidBootstrap] [BOOTSTRAP LOG] [debug] Using: UiSelector[RESOURCE_ID=com.play.android:id/sdv_image]
2017-05-31 07:24:24:799 - info: [AndroidBootstrap] [BOOTSTRAP LOG] [debug] getElements selector:UiSelector[RESOURCE_ID=com.play.android:id/sdv_image]
2017-05-31 07:24:24:799 - info: [AndroidBootstrap] [BOOTSTRAP LOG] [debug] Element[] is null: (0)
2017-05-31 07:24:24:799 - info: [AndroidBootstrap] [BOOTSTRAP LOG] [debug] getElements tmp selector:UiSelector[INSTANCE=0, RESOURCE_ID=com.play.android:id/sdv_image]
2017-05-31 07:24:33:633 - info: [AndroidBootstrap] [BOOTSTRAP LOG] [debug] Element[] is null: (1)
2017-05-31 07:24:33:633 - info: [AndroidBootstrap] [BOOTSTRAP LOG] [debug] getElements tmp selector:UiSelector[INSTANCE=1, RESOURCE_ID=com.play.android:id/sdv_image]
2017-05-31 07:24:33:633 - info: [AndroidBootstrap] [BOOTSTRAP LOG] [debug] Element[] is null: (2)
2017-05-31 07:24:33:633 - info: [AndroidBootstrap] [BOOTSTRAP LOG] [debug] getElements tmp selector:UiSelector[INSTANCE=2, RESOURCE_ID=com.play.android:id/sdv_image]
2017-05-31 07:24:33:648 - info: [AndroidBootstrap] [BOOTSTRAP LOG] [debug] Returning result: {"value":[{"ELEMENT":"1"},{"ELEMENT":"2"}],"status":0}
2017-05-31 07:24:33:648 - info: [debug] [AndroidBootstrap] Received command result from bootstrap
2017-05-31 07:24:33:648 - info: [debug] [MJSONWP] Responding to client with driver.findElements() result: [{"ELEMENT":"1"},{"ELEMENT":"2"}]
2017-05-31 07:24:33:648 - info: [HTTP] <-- POST /wd/hub/session/55069171-e7ba-43f8-a37c-88f19f46f6b6/elements 200 8868 ms - 105 
2017-05-31 07:24:34:024 - info: [HTTP] --> POST /wd/hub/session/55069171-e7ba-43f8-a37c-88f19f46f6b6/timeouts {"type":"implicit","ms":5000}
2017-05-31 07:24:34:024 - info: [debug] [MJSONWP] Calling AppiumDriver.timeouts() with args: ["implicit",5000,"55069171-e7ba-43f8-a37c-88f19f46f6b6"]
2017-05-31 07:24:34:024 - info: [debug] [BaseDriver] Set implicit wait to 5000ms
2017-05-31 07:24:34:024 - info: [debug] [MJSONWP] Responding to client with driver.timeouts() result: null
2017-05-31 07:24:34:024 - info: [HTTP] <-- POST /wd/hub/session/55069171-e7ba-43f8-a37c-88f19f46f6b6/timeouts 200 5 ms - 76 
2017-05-31 07:24:34:086 - info: [HTTP] --> POST /wd/hub/session/55069171-e7ba-43f8-a37c-88f19f46f6b6/timeouts {"type":"implicit","ms":0}
2017-05-31 07:24:34:086 - info: [debug] [MJSONWP] Calling AppiumDriver.timeouts() with args: ["implicit",0,"55069171-e7ba-43f8-a37c-88f19f46f6b6"]
2017-05-31 07:24:34:086 - info: [debug] [BaseDriver] Set implicit wait to 0ms
2017-05-31 07:24:34:086 - info: [debug] [MJSONWP] Responding to client with driver.timeouts() result: null
2017-05-31 07:24:34:086 - info: [HTTP] <-- POST /wd/hub/session/55069171-e7ba-43f8-a37c-88f19f46f6b6/timeouts 200 4 ms - 76 
2017-05-31 07:24:34:102 - info: [HTTP] --> GET /wd/hub/session/55069171-e7ba-43f8-a37c-88f19f46f6b6/context {}
2017-05-31 07:24:34:102 - info: [debug] [MJSONWP] Calling AppiumDriver.getCurrentContext() with args: ["55069171-e7ba-43f8-a37c-88f19f46f6b6"]
2017-05-31 07:24:34:102 - info: [debug] [MJSONWP] Responding to client with driver.getCurrentContext() result: "NATIVE_APP"
2017-05-31 07:24:34:102 - info: [HTTP] <-- GET /wd/hub/session/55069171-e7ba-43f8-a37c-88f19f46f6b6/context 200 6 ms - 84 
2017-05-31 07:24:34:117 - info: [HTTP] --> POST /wd/hub/session/55069171-e7ba-43f8-a37c-88f19f46f6b6/elements {"using":"id","value":"com.play.android:id/sdv_image"}
2017-05-31 07:24:34:117 - info: [debug] [MJSONWP] Calling AppiumDriver.findElements() with args: ["id","com.play.android:id/sdv_image","55069171-e7ba-43f8-a37c-88f19f46f6b6"]
2017-05-31 07:24:34:117 - info: [debug] [BaseDriver] Valid locator strategies for this request: xpath, id, class name, accessibility id, -android uiautomator
2017-05-31 07:24:34:117 - info: [debug] [BaseDriver] Valid locator strategies for this request: xpath, id, class name, accessibility id, -android uiautomator
2017-05-31 07:24:34:117 - info: [debug] [BaseDriver] Waiting up to 0 ms for condition
2017-05-31 07:24:34:117 - info: [debug] [AndroidBootstrap] Sending command to android: {"cmd":"action","action":"find","params":{"strategy":"id","selector":"com.play.android:id/sdv_image","context":"","multiple":true}}
2017-05-31 07:24:34:117 - info: [AndroidBootstrap] [BOOTSTRAP LOG] [debug] Got data from client: {"cmd":"action","action":"find","params":{"strategy":"id","selector":"com.play.android:id/sdv_image","context":"","multiple":true}}
2017-05-31 07:24:34:117 - info: [AndroidBootstrap] [BOOTSTRAP LOG] [debug] Got command of type ACTION
2017-05-31 07:24:34:117 - info: [AndroidBootstrap] [BOOTSTRAP LOG] [debug] Got command action: find
2017-05-31 07:24:34:117 - info: [AndroidBootstrap] [BOOTSTRAP LOG] [debug] Finding 'com.play.android:id/sdv_image' using 'ID' with the contextId: '' multiple: true
2017-05-31 07:24:34:117 - info: [AndroidBootstrap] [BOOTSTRAP LOG] [debug] Using: UiSelector[RESOURCE_ID=com.play.android:id/sdv_image]
2017-05-31 07:24:34:117 - info: [AndroidBootstrap] [BOOTSTRAP LOG] [debug] getElements selector:UiSelector[RESOURCE_ID=com.play.android:id/sdv_image]
2017-05-31 07:24:34:117 - info: [AndroidBootstrap] [BOOTSTRAP LOG] [debug] Element[] is null: (0)
2017-05-31 07:24:34:117 - info: [AndroidBootstrap] [BOOTSTRAP LOG] [debug] getElements tmp selector:UiSelector[INSTANCE=0, RESOURCE_ID=com.play.android:id/sdv_image]
2017-05-31 07:24:34:429 - info: [AndroidBootstrap] [BOOTSTRAP LOG] [debug] Element[] is null: (1)
2017-05-31 07:24:34:445 - info: [AndroidBootstrap] [BOOTSTRAP LOG] [debug] getElements tmp selector:UiSelector[INSTANCE=1, RESOURCE_ID=com.play.android:id/sdv_image]
2017-05-31 07:24:34:492 - info: [AndroidBootstrap] [BOOTSTRAP LOG] [debug] Element[] is null: (2)
2017-05-31 07:24:34:492 - info: [AndroidBootstrap] [BOOTSTRAP LOG] [debug] getElements tmp selector:UiSelector[INSTANCE=2, RESOURCE_ID=com.play.android:id/sdv_image]
2017-05-31 07:24:34:538 - info: [AndroidBootstrap] [BOOTSTRAP LOG] [debug] Returning result: {"value":[{"ELEMENT":"3"},{"ELEMENT":"4"}],"status":0}
2017-05-31 07:24:34:538 - info: [debug] [AndroidBootstrap] Received command result from bootstrap
2017-05-31 07:24:34:554 - info: [debug] [MJSONWP] Responding to client with driver.findElements() result: [{"ELEMENT":"3"},{"ELEMENT":"4"}]
2017-05-31 07:24:34:554 - info: [HTTP] <-- POST /wd/hub/session/55069171-e7ba-43f8-a37c-88f19f46f6b6/elements 200 436 ms - 105 
2017-05-31 07:24:34:772 - info: [HTTP] --> POST /wd/hub/session/55069171-e7ba-43f8-a37c-88f19f46f6b6/timeouts {"type":"implicit","ms":5000}
2017-05-31 07:24:34:772 - info: [debug] [MJSONWP] Calling AppiumDriver.timeouts() with args: ["implicit",5000,"55069171-e7ba-43f8-a37c-88f19f46f6b6"]
2017-05-31 07:24:34:772 - info: [debug] [BaseDriver] Set implicit wait to 5000ms
2017-05-31 07:24:34:772 - info: [debug] [MJSONWP] Responding to client with driver.timeouts() result: null
2017-05-31 07:24:34:772 - info: [HTTP] <-- POST /wd/hub/session/55069171-e7ba-43f8-a37c-88f19f46f6b6/timeouts 200 4 ms - 76 
2017-05-31 07:24:34:804 - info: [HTTP] --> POST /wd/hub/session/55069171-e7ba-43f8-a37c-88f19f46f6b6/element/4/click {"id":"4"}
2017-05-31 07:24:34:804 - info: [debug] [MJSONWP] Calling AppiumDriver.click() with args: ["4","55069171-e7ba-43f8-a37c-88f19f46f6b6"]
2017-05-31 07:24:34:804 - info: [debug] [AndroidBootstrap] Sending command to android: {"cmd":"action","action":"element:click","params":{"elementId":"4"}}
2017-05-31 07:24:34:804 - info: [AndroidBootstrap] [BOOTSTRAP LOG] [debug] Got data from client: {"cmd":"action","action":"element:click","params":{"elementId":"4"}}
2017-05-31 07:24:34:804 - info: [AndroidBootstrap] [BOOTSTRAP LOG] [debug] Got command of type ACTION
2017-05-31 07:24:34:804 - info: [AndroidBootstrap] [BOOTSTRAP LOG] [debug] Got command action: click
2017-05-31 07:24:35:085 - info: [AndroidBootstrap] [BOOTSTRAP LOG] [debug] Returning result: {"value":true,"status":0}
2017-05-31 07:24:35:085 - info: [debug] [AndroidBootstrap] Received command result from bootstrap
2017-05-31 07:24:35:085 - info: [debug] [MJSONWP] Responding to client with driver.click() result: true
2017-05-31 07:24:35:085 - info: [HTTP] <-- POST /wd/hub/session/55069171-e7ba-43f8-a37c-88f19f46f6b6/element/4/click 200 287 ms - 76 
2017-05-31 07:24:35:101 - info: [HTTP] --> GET /wd/hub/session/55069171-e7ba-43f8-a37c-88f19f46f6b6/appium/device/current_activity {}
2017-05-31 07:24:35:101 - info: [debug] [MJSONWP] Calling AppiumDriver.getCurrentActivity() with args: ["55069171-e7ba-43f8-a37c-88f19f46f6b6"]
2017-05-31 07:24:35:101 - info: [debug] [ADB] Getting focused package and activity
2017-05-31 07:24:35:101 - info: [debug] [ADB] Getting connected devices...
2017-05-31 07:24:35:117 - info: [debug] [ADB] 1 device(s) connected
2017-05-31 07:24:35:117 - info: [debug] [ADB] Running 'D:\SoftWare\SDK\platform-tools\adb.exe' with args: ["-P",5037,"-s","022TAS7N51009853","shell","dumpsys","window","windows"]
2017-05-31 07:24:35:179 - info: [debug] [MJSONWP] Responding to client with driver.getCurrentActivity() result: ".activity.product.ProductClassifitionActivity"
2017-05-31 07:24:35:179 - info: [HTTP] <-- GET /wd/hub/session/55069171-e7ba-43f8-a37c-88f19f46f6b6/appium/device/current_activity 200 83 ms - 119 
2017-05-31 07:24:35:195 - info: [HTTP] --> GET /wd/hub/session/55069171-e7ba-43f8-a37c-88f19f46f6b6/contexts {}
2017-05-31 07:24:35:195 - info: [debug] [MJSONWP] Calling AppiumDriver.getContexts() with args: ["55069171-e7ba-43f8-a37c-88f19f46f6b6"]
2017-05-31 07:24:35:195 - info: [debug] [AndroidDriver] Getting a list of available webviews
2017-05-31 07:24:35:195 - info: [debug] [ADB] Getting connected devices...
2017-05-31 07:24:35:210 - info: [debug] [ADB] 1 device(s) connected
2017-05-31 07:24:35:210 - info: [debug] [ADB] Running 'D:\SoftWare\SDK\platform-tools\adb.exe' with args: ["-P",5037,"-s","022TAS7N51009853","shell","cat","/proc/net/unix"]
2017-05-31 07:24:35:257 - info: [debug] [AndroidDriver] Found webviews: []
2017-05-31 07:24:35:257 - info: [debug] [AndroidDriver] Available contexts: ["NATIVE_APP"]
2017-05-31 07:24:35:257 - info: [debug] [MJSONWP] Responding to client with driver.getContexts() result: ["NATIVE_APP"]
2017-05-31 07:24:35:257 - info: [HTTP] <-- GET /wd/hub/session/55069171-e7ba-43f8-a37c-88f19f46f6b6/contexts 200 71 ms - 86 
2017-05-31 07:24:35:304 - info: [HTTP] --> POST /wd/hub/session/55069171-e7ba-43f8-a37c-88f19f46f6b6/timeouts {"type":"implicit","ms":0}
2017-05-31 07:24:35:304 - info: [debug] [MJSONWP] Calling AppiumDriver.timeouts() with args: ["implicit",0,"55069171-e7ba-43f8-a37c-88f19f46f6b6"]
2017-05-31 07:24:35:304 - info: [debug] [BaseDriver] Set implicit wait to 0ms
2017-05-31 07:24:35:304 - info: [debug] [MJSONWP] Responding to client with driver.timeouts() result: null
2017-05-31 07:24:35:304 - info: [HTTP] <-- POST /wd/hub/session/55069171-e7ba-43f8-a37c-88f19f46f6b6/timeouts 200 10 ms - 76 
2017-05-31 07:24:35:335 - info: [HTTP] --> GET /wd/hub/session/55069171-e7ba-43f8-a37c-88f19f46f6b6/context {}
2017-05-31 07:24:35:335 - info: [debug] [MJSONWP] Calling AppiumDriver.getCurrentContext() with args: ["55069171-e7ba-43f8-a37c-88f19f46f6b6"]
2017-05-31 07:24:35:335 - info: [debug] [MJSONWP] Responding to client with driver.getCurrentContext() result: "NATIVE_APP"
2017-05-31 07:24:35:335 - info: [HTTP] <-- GET /wd/hub/session/55069171-e7ba-43f8-a37c-88f19f46f6b6/context 200 3 ms - 84 
2017-05-31 07:24:35:351 - info: [HTTP] --> POST /wd/hub/session/55069171-e7ba-43f8-a37c-88f19f46f6b6/elements {"using":"xpath","value":"//*[@id='pageWrap']/section/div/ul/li[1]/a/img"}
2017-05-31 07:24:35:351 - info: [debug] [MJSONWP] Calling AppiumDriver.findElements() with args: ["xpath","//*[@id='pageWrap']/section/div/ul/li[1]/a/img","55069171-e7ba-43f8-a37c-88f19f46f6b6"]
2017-05-31 07:24:35:351 - info: [debug] [BaseDriver] Valid locator strategies for this request: xpath, id, class name, accessibility id, -android uiautomator
2017-05-31 07:24:35:351 - info: [debug] [BaseDriver] Valid locator strategies for this request: xpath, id, class name, accessibility id, -android uiautomator
2017-05-31 07:24:35:351 - info: [debug] [BaseDriver] Waiting up to 0 ms for condition
2017-05-31 07:24:35:351 - info: [debug] [AndroidBootstrap] Sending command to android: {"cmd":"action","action":"find","params":{"strategy":"xpath","selector":"//*[@id='pageWrap']/section/div/ul/li[1]/a/img","context":"","multiple":true}}
2017-05-31 07:24:35:351 - info: [AndroidBootstrap] [BOOTSTRAP LOG] [debug] Got data from client: {"cmd":"action","action":"find","params":{"strategy":"xpath","selector":"//*[@id='pageWrap']/section/div/ul/li[1]/a/img","context":"","multiple":true}}
2017-05-31 07:24:35:351 - info: [AndroidBootstrap] [BOOTSTRAP LOG] [debug] Got command of type ACTION
2017-05-31 07:24:35:351 - info: [AndroidBootstrap] [BOOTSTRAP LOG] [debug] Got command action: find
2017-05-31 07:24:35:351 - info: [AndroidBootstrap] [BOOTSTRAP LOG] [debug] Finding '//*[@id='pageWrap']/section/div/ul/li[1]/a/img' using 'XPATH' with the contextId: '' multiple: true
2017-05-31 07:24:35:709 - info: [AndroidBootstrap] [BOOTSTRAP LOG] [debug] Failed to locate element. Clearing Accessibility cache and retrying.
2017-05-31 07:24:35:709 - info: [AndroidBootstrap] [BOOTSTRAP LOG] [debug] Finding '//*[@id='pageWrap']/section/div/ul/li[1]/a/img' using 'XPATH' with the contextId: '' multiple: true
2017-05-31 07:24:35:897 - info: [AndroidBootstrap] [BOOTSTRAP LOG] [debug] Returning result: {"value":[],"status":0}
2017-05-31 07:24:35:897 - info: [debug] [AndroidBootstrap] Received command result from bootstrap
2017-05-31 07:24:35:897 - info: [debug] [MJSONWP] Responding to client with driver.findElements() result: []
2017-05-31 07:24:35:897 - info: [HTTP] <-- POST /wd/hub/session/55069171-e7ba-43f8-a37c-88f19f46f6b6/elements 200 555 ms - 74 
2017-05-31 07:24:36:413 - info: [HTTP] --> GET /wd/hub/session/55069171-e7ba-43f8-a37c-88f19f46f6b6/context {}
2017-05-31 07:24:36:413 - info: [debug] [MJSONWP] Calling AppiumDriver.getCurrentContext() with args: ["55069171-e7ba-43f8-a37c-88f19f46f6b6"]
2017-05-31 07:24:36:413 - info: [debug] [MJSONWP] Responding to client with driver.getCurrentContext() result: "NATIVE_APP"
2017-05-31 07:24:36:413 - info: [HTTP] <-- GET /wd/hub/session/55069171-e7ba-43f8-a37c-88f19f46f6b6/context 200 3 ms - 84 
2017-05-31 07:24:36:429 - info: [HTTP] --> POST /wd/hub/session/55069171-e7ba-43f8-a37c-88f19f46f6b6/elements {"using":"xpath","value":"//*[@id='pageWrap']/section/div/ul/li[1]/a/img"}
2017-05-31 07:24:36:429 - info: [debug] [MJSONWP] Calling AppiumDriver.findElements() with args: ["xpath","//*[@id='pageWrap']/section/div/ul/li[1]/a/img","55069171-e7ba-43f8-a37c-88f19f46f6b6"]
2017-05-31 07:24:36:429 - info: [debug] [BaseDriver] Valid locator strategies for this request: xpath, id, class name, accessibility id, -android uiautomator
2017-05-31 07:24:36:429 - info: [debug] [BaseDriver] Valid locator strategies for this request: xpath, id, class name, accessibility id, -android uiautomator
2017-05-31 07:24:36:429 - info: [debug] [BaseDriver] Waiting up to 0 ms for condition
2017-05-31 07:24:36:429 - info: [debug] [AndroidBootstrap] Sending command to android: {"cmd":"action","action":"find","params":{"strategy":"xpath","selector":"//*[@id='pageWrap']/section/div/ul/li[1]/a/img","context":"","multiple":true}}
2017-05-31 07:24:36:429 - info: [AndroidBootstrap] [BOOTSTRAP LOG] [debug] Got data from client: {"cmd":"action","action":"find","params":{"strategy":"xpath","selector":"//*[@id='pageWrap']/section/div/ul/li[1]/a/img","context":"","multiple":true}}
2017-05-31 07:24:36:429 - info: [AndroidBootstrap] [BOOTSTRAP LOG] [debug] Got command of type ACTION
2017-05-31 07:24:36:429 - info: [AndroidBootstrap] [BOOTSTRAP LOG] [debug] Got command action: find
2017-05-31 07:24:36:429 - info: [AndroidBootstrap] [BOOTSTRAP LOG] [debug] Finding '//*[@id='pageWrap']/section/div/ul/li[1]/a/img' using 'XPATH' with the contextId: '' multiple: true
2017-05-31 07:24:36:491 - info: [AndroidBootstrap] [BOOTSTRAP LOG] [debug] Failed to locate element. Clearing Accessibility cache and retrying.
2017-05-31 07:24:36:491 - info: [AndroidBootstrap] [BOOTSTRAP LOG] [debug] Finding '//*[@id='pageWrap']/section/div/ul/li[1]/a/img' using 'XPATH' with the contextId: '' multiple: true
2017-05-31 07:24:36:538 - info: [AndroidBootstrap] [BOOTSTRAP LOG] [debug] Returning result: {"value":[],"status":0}
2017-05-31 07:24:36:538 - info: [debug] [AndroidBootstrap] Received command result from bootstrap
2017-05-31 07:24:36:538 - info: [debug] [MJSONWP] Responding to client with driver.findElements() result: []
2017-05-31 07:24:36:538 - info: [HTTP] <-- POST /wd/hub/session/55069171-e7ba-43f8-a37c-88f19f46f6b6/elements 200 120 ms - 74 
2017-05-31 07:24:37:055 - info: [HTTP] --> GET /wd/hub/session/55069171-e7ba-43f8-a37c-88f19f46f6b6/context {}
2017-05-31 07:24:37:055 - info: [debug] [MJSONWP] Calling AppiumDriver.getCurrentContext() with args: ["55069171-e7ba-43f8-a37c-88f19f46f6b6"]
2017-05-31 07:24:37:055 - info: [debug] [MJSONWP] Responding to client with driver.getCurrentContext() result: "NATIVE_APP"
2017-05-31 07:24:37:055 - info: [HTTP] <-- GET /wd/hub/session/55069171-e7ba-43f8-a37c-88f19f46f6b6/context 200 4 ms - 84 
2017-05-31 07:24:37:071 - info: [HTTP] --> POST /wd/hub/session/55069171-e7ba-43f8-a37c-88f19f46f6b6/elements {"using":"xpath","value":"//*[@id='pageWrap']/section/div/ul/li[1]/a/img"}
2017-05-31 07:24:37:071 - info: [debug] [MJSONWP] Calling AppiumDriver.findElements() with args: ["xpath","//*[@id='pageWrap']/section/div/ul/li[1]/a/img","55069171-e7ba-43f8-a37c-88f19f46f6b6"]
2017-05-31 07:24:37:071 - info: [debug] [BaseDriver] Valid locator strategies for this request: xpath, id, class name, accessibility id, -android uiautomator
2017-05-31 07:24:37:071 - info: [debug] [BaseDriver] Valid locator strategies for this request: xpath, id, class name, accessibility id, -android uiautomator
2017-05-31 07:24:37:071 - info: [debug] [BaseDriver] Waiting up to 0 ms for condition
2017-05-31 07:24:37:071 - info: [debug] [AndroidBootstrap] Sending command to android: {"cmd":"action","action":"find","params":{"strategy":"xpath","selector":"//*[@id='pageWrap']/section/div/ul/li[1]/a/img","context":"","multiple":true}}
2017-05-31 07:24:37:071 - info: [AndroidBootstrap] [BOOTSTRAP LOG] [debug] Got data from client: {"cmd":"action","action":"find","params":{"strategy":"xpath","selector":"//*[@id='pageWrap']/section/div/ul/li[1]/a/img","context":"","multiple":true}}
2017-05-31 07:24:37:071 - info: [AndroidBootstrap] [BOOTSTRAP LOG] [debug] Got command of type ACTION
2017-05-31 07:24:37:071 - info: [AndroidBootstrap] [BOOTSTRAP LOG] [debug] Got command action: find
2017-05-31 07:24:37:071 - info: [AndroidBootstrap] [BOOTSTRAP LOG] [debug] Finding '//*[@id='pageWrap']/section/div/ul/li[1]/a/img' using 'XPATH' with the contextId: '' multiple: true
2017-05-31 07:24:37:150 - info: [AndroidBootstrap] [BOOTSTRAP LOG] [debug] Failed to locate element. Clearing Accessibility cache and retrying.
2017-05-31 07:24:37:150 - info: [AndroidBootstrap] [BOOTSTRAP LOG] [debug] Finding '//*[@id='pageWrap']/section/div/ul/li[1]/a/img' using 'XPATH' with the contextId: '' multiple: true
2017-05-31 07:24:37:212 - info: [AndroidBootstrap] [BOOTSTRAP LOG] [debug] Returning result: {"value":[],"status":0}
2017-05-31 07:24:37:212 - info: [debug] [AndroidBootstrap] Received command result from bootstrap
2017-05-31 07:24:37:212 - info: [debug] [MJSONWP] Responding to client with driver.findElements() result: []
2017-05-31 07:24:37:228 - info: [HTTP] <-- POST /wd/hub/session/55069171-e7ba-43f8-a37c-88f19f46f6b6/elements 200 165 ms - 74 
2017-05-31 07:24:37:743 - info: [HTTP] --> GET /wd/hub/session/55069171-e7ba-43f8-a37c-88f19f46f6b6/context {}
2017-05-31 07:24:37:743 - info: [debug] [MJSONWP] Calling AppiumDriver.getCurrentContext() with args: ["55069171-e7ba-43f8-a37c-88f19f46f6b6"]
2017-05-31 07:24:37:743 - info: [debug] [MJSONWP] Responding to client with driver.getCurrentContext() result: "NATIVE_APP"
2017-05-31 07:24:37:743 - info: [HTTP] <-- GET /wd/hub/session/55069171-e7ba-43f8-a37c-88f19f46f6b6/context 200 6 ms - 84 
2017-05-31 07:24:37:759 - info: [HTTP] --> POST /wd/hub/session/55069171-e7ba-43f8-a37c-88f19f46f6b6/elements {"using":"xpath","value":"//*[@id='pageWrap']/section/div/ul/li[1]/a/img"}
2017-05-31 07:24:37:759 - info: [debug] [MJSONWP] Calling AppiumDriver.findElements() with args: ["xpath","//*[@id='pageWrap']/section/div/ul/li[1]/a/img","55069171-e7ba-43f8-a37c-88f19f46f6b6"]
2017-05-31 07:24:37:759 - info: [debug] [BaseDriver] Valid locator strategies for this request: xpath, id, class name, accessibility id, -android uiautomator
2017-05-31 07:24:37:759 - info: [debug] [BaseDriver] Valid locator strategies for this request: xpath, id, class name, accessibility id, -android uiautomator
2017-05-31 07:24:37:759 - info: [debug] [BaseDriver] Waiting up to 0 ms for condition
2017-05-31 07:24:37:759 - info: [debug] [AndroidBootstrap] Sending command to android: {"cmd":"action","action":"find","params":{"strategy":"xpath","selector":"//*[@id='pageWrap']/section/div/ul/li[1]/a/img","context":"","multiple":true}}
2017-05-31 07:24:37:759 - info: [AndroidBootstrap] [BOOTSTRAP LOG] [debug] Got data from client: {"cmd":"action","action":"find","params":{"strategy":"xpath","selector":"//*[@id='pageWrap']/section/div/ul/li[1]/a/img","context":"","multiple":true}}
2017-05-31 07:24:37:759 - info: [AndroidBootstrap] [BOOTSTRAP LOG] [debug] Got command of type ACTION
2017-05-31 07:24:37:759 - info: [AndroidBootstrap] [BOOTSTRAP LOG] [debug] Got command action: find
2017-05-31 07:24:37:759 - info: [AndroidBootstrap] [BOOTSTRAP LOG] [debug] Finding '//*[@id='pageWrap']/section/div/ul/li[1]/a/img' using 'XPATH' with the contextId: '' multiple: true
2017-05-31 07:24:37:821 - info: [AndroidBootstrap] [BOOTSTRAP LOG] [debug] Failed to locate element. Clearing Accessibility cache and retrying.
2017-05-31 07:24:37:821 - info: [AndroidBootstrap] [BOOTSTRAP LOG] [debug] Finding '//*[@id='pageWrap']/section/div/ul/li[1]/a/img' using 'XPATH' with the contextId: '' multiple: true
2017-05-31 07:24:37:884 - info: [AndroidBootstrap] [BOOTSTRAP LOG] [debug] Returning result: {"value":[],"status":0}
2017-05-31 07:24:37:884 - info: [debug] [AndroidBootstrap] Received command result from bootstrap
2017-05-31 07:24:37:884 - info: [debug] [MJSONWP] Responding to client with driver.findElements() result: []
2017-05-31 07:24:37:899 - info: [HTTP] <-- POST /wd/hub/session/55069171-e7ba-43f8-a37c-88f19f46f6b6/elements 200 136 ms - 74 
2017-05-31 07:24:38:445 - info: [HTTP] --> GET /wd/hub/session/55069171-e7ba-43f8-a37c-88f19f46f6b6/context {}
2017-05-31 07:24:38:445 - info: [debug] [MJSONWP] Calling AppiumDriver.getCurrentContext() with args: ["55069171-e7ba-43f8-a37c-88f19f46f6b6"]
2017-05-31 07:24:38:445 - info: [debug] [MJSONWP] Responding to client with driver.getCurrentContext() result: "NATIVE_APP"
2017-05-31 07:24:38:445 - info: [HTTP] <-- GET /wd/hub/session/55069171-e7ba-43f8-a37c-88f19f46f6b6/context 200 5 ms - 84 
2017-05-31 07:24:38:461 - info: [HTTP] --> POST /wd/hub/session/55069171-e7ba-43f8-a37c-88f19f46f6b6/elements {"using":"xpath","value":"//*[@id='pageWrap']/section/div/ul/li[1]/a/img"}
2017-05-31 07:24:38:461 - info: [debug] [MJSONWP] Calling AppiumDriver.findElements() with args: ["xpath","//*[@id='pageWrap']/section/div/ul/li[1]/a/img","55069171-e7ba-43f8-a37c-88f19f46f6b6"]
2017-05-31 07:24:38:461 - info: [debug] [BaseDriver] Valid locator strategies for this request: xpath, id, class name, accessibility id, -android uiautomator
2017-05-31 07:24:38:461 - info: [debug] [BaseDriver] Valid locator strategies for this request: xpath, id, class name, accessibility id, -android uiautomator
2017-05-31 07:24:38:461 - info: [debug] [BaseDriver] Waiting up to 0 ms for condition
2017-05-31 07:24:38:461 - info: [debug] [AndroidBootstrap] Sending command to android: {"cmd":"action","action":"find","params":{"strategy":"xpath","selector":"//*[@id='pageWrap']/section/div/ul/li[1]/a/img","context":"","multiple":true}}
2017-05-31 07:24:38:461 - info: [AndroidBootstrap] [BOOTSTRAP LOG] [debug] Got data from client: {"cmd":"action","action":"find","params":{"strategy":"xpath","selector":"//*[@id='pageWrap']/section/div/ul/li[1]/a/img","context":"","multiple":true}}
2017-05-31 07:24:38:461 - info: [AndroidBootstrap] [BOOTSTRAP LOG] [debug] Got command of type ACTION
2017-05-31 07:24:38:461 - info: [AndroidBootstrap] [BOOTSTRAP LOG] [debug] Got command action: find
2017-05-31 07:24:38:461 - info: [AndroidBootstrap] [BOOTSTRAP LOG] [debug] Finding '//*[@id='pageWrap']/section/div/ul/li[1]/a/img' using 'XPATH' with the contextId: '' multiple: true
2017-05-31 07:24:38:556 - info: [AndroidBootstrap] [BOOTSTRAP LOG] [debug] Failed to locate element. Clearing Accessibility cache and retrying.
2017-05-31 07:24:38:556 - info: [AndroidBootstrap] [BOOTSTRAP LOG] [debug] Finding '//*[@id='pageWrap']/section/div/ul/li[1]/a/img' using 'XPATH' with the contextId: '' multiple: true
2017-05-31 07:24:38:602 - info: [AndroidBootstrap] [BOOTSTRAP LOG] [debug] Returning result: {"value":[],"status":0}
2017-05-31 07:24:38:602 - info: [debug] [AndroidBootstrap] Received command result from bootstrap
2017-05-31 07:24:38:602 - info: [debug] [MJSONWP] Responding to client with driver.findElements() result: []
2017-05-31 07:24:38:618 - info: [HTTP] <-- POST /wd/hub/session/55069171-e7ba-43f8-a37c-88f19f46f6b6/elements 200 154 ms - 74 
2017-05-31 07:24:39:148 - info: [HTTP] --> GET /wd/hub/session/55069171-e7ba-43f8-a37c-88f19f46f6b6/context {}
2017-05-31 07:24:39:148 - info: [debug] [MJSONWP] Calling AppiumDriver.getCurrentContext() with args: ["55069171-e7ba-43f8-a37c-88f19f46f6b6"]
2017-05-31 07:24:39:148 - info: [debug] [MJSONWP] Responding to client with driver.getCurrentContext() result: "NATIVE_APP"
2017-05-31 07:24:39:148 - info: [HTTP] <-- GET /wd/hub/session/55069171-e7ba-43f8-a37c-88f19f46f6b6/context 200 5 ms - 84 
2017-05-31 07:24:39:180 - info: [HTTP] --> POST /wd/hub/session/55069171-e7ba-43f8-a37c-88f19f46f6b6/elements {"using":"xpath","value":"//*[@id='pageWrap']/section/div/ul/li[1]/a/img"}
2017-05-31 07:24:39:180 - info: [debug] [MJSONWP] Calling AppiumDriver.findElements() with args: ["xpath","//*[@id='pageWrap']/section/div/ul/li[1]/a/img","55069171-e7ba-43f8-a37c-88f19f46f6b6"]
2017-05-31 07:24:39:180 - info: [debug] [BaseDriver] Valid locator strategies for this request: xpath, id, class name, accessibility id, -android uiautomator
2017-05-31 07:24:39:180 - info: [debug] [BaseDriver] Valid locator strategies for this request: xpath, id, class name, accessibility id, -android uiautomator
2017-05-31 07:24:39:180 - info: [debug] [BaseDriver] Waiting up to 0 ms for condition
2017-05-31 07:24:39:180 - info: [debug] [AndroidBootstrap] Sending command to android: {"cmd":"action","action":"find","params":{"strategy":"xpath","selector":"//*[@id='pageWrap']/section/div/ul/li[1]/a/img","context":"","multiple":true}}
2017-05-31 07:24:39:195 - info: [AndroidBootstrap] [BOOTSTRAP LOG] [debug] Got data from client: {"cmd":"action","action":"find","params":{"strategy":"xpath","selector":"//*[@id='pageWrap']/section/div/ul/li[1]/a/img","context":"","multiple":true}}
2017-05-31 07:24:39:195 - info: [AndroidBootstrap] [BOOTSTRAP LOG] [debug] Got command of type ACTION
2017-05-31 07:24:39:195 - info: [AndroidBootstrap] [BOOTSTRAP LOG] [debug] Got command action: find
2017-05-31 07:24:39:195 - info: [AndroidBootstrap] [BOOTSTRAP LOG] [debug] Finding '//*[@id='pageWrap']/section/div/ul/li[1]/a/img' using 'XPATH' with the contextId: '' multiple: true
2017-05-31 07:24:39:242 - info: [AndroidBootstrap] [BOOTSTRAP LOG] [debug] Failed to locate element. Clearing Accessibility cache and retrying.
2017-05-31 07:24:39:242 - info: [AndroidBootstrap] [BOOTSTRAP LOG] [debug] Finding '//*[@id='pageWrap']/section/div/ul/li[1]/a/img' using 'XPATH' with the contextId: '' multiple: true
2017-05-31 07:24:39:290 - info: [AndroidBootstrap] [BOOTSTRAP LOG] [debug] Returning result: {"value":[],"status":0}
2017-05-31 07:24:39:290 - info: [debug] [AndroidBootstrap] Received command result from bootstrap
2017-05-31 07:24:39:290 - info: [debug] [MJSONWP] Responding to client with driver.findElements() result: []
2017-05-31 07:24:39:290 - info: [HTTP] <-- POST /wd/hub/session/55069171-e7ba-43f8-a37c-88f19f46f6b6/elements 200 119 ms - 74 
2017-05-31 07:24:39:806 - info: [HTTP] --> GET /wd/hub/session/55069171-e7ba-43f8-a37c-88f19f46f6b6/context {}
2017-05-31 07:24:39:806 - info: [debug] [MJSONWP] Calling AppiumDriver.getCurrentContext() with args: ["55069171-e7ba-43f8-a37c-88f19f46f6b6"]
2017-05-31 07:24:39:806 - info: [debug] [MJSONWP] Responding to client with driver.getCurrentContext() result: "NATIVE_APP"
2017-05-31 07:24:39:806 - info: [HTTP] <-- GET /wd/hub/session/55069171-e7ba-43f8-a37c-88f19f46f6b6/context 200 6 ms - 84 
2017-05-31 07:24:39:837 - info: [HTTP] --> POST /wd/hub/session/55069171-e7ba-43f8-a37c-88f19f46f6b6/elements {"using":"xpath","value":"//*[@id='pageWrap']/section/div/ul/li[1]/a/img"}
2017-05-31 07:24:39:837 - info: [debug] [MJSONWP] Calling AppiumDriver.findElements() with args: ["xpath","//*[@id='pageWrap']/section/div/ul/li[1]/a/img","55069171-e7ba-43f8-a37c-88f19f46f6b6"]
2017-05-31 07:24:39:837 - info: [debug] [BaseDriver] Valid locator strategies for this request: xpath, id, class name, accessibility id, -android uiautomator
2017-05-31 07:24:39:837 - info: [debug] [BaseDriver] Valid locator strategies for this request: xpath, id, class name, accessibility id, -android uiautomator
2017-05-31 07:24:39:837 - info: [debug] [BaseDriver] Waiting up to 0 ms for condition
2017-05-31 07:24:39:837 - info: [debug] [AndroidBootstrap] Sending command to android: {"cmd":"action","action":"find","params":{"strategy":"xpath","selector":"//*[@id='pageWrap']/section/div/ul/li[1]/a/img","context":"","multiple":true}}
2017-05-31 07:24:39:837 - info: [AndroidBootstrap] [BOOTSTRAP LOG] [debug] Got data from client: {"cmd":"action","action":"find","params":{"strategy":"xpath","selector":"//*[@id='pageWrap']/section/div/ul/li[1]/a/img","context":"","multiple":true}}
2017-05-31 07:24:39:837 - info: [AndroidBootstrap] [BOOTSTRAP LOG] [debug] Got command of type ACTION
2017-05-31 07:24:39:837 - info: [AndroidBootstrap] [BOOTSTRAP LOG] [debug] Got command action: find
2017-05-31 07:24:39:837 - info: [AndroidBootstrap] [BOOTSTRAP LOG] [debug] Finding '//*[@id='pageWrap']/section/div/ul/li[1]/a/img' using 'XPATH' with the contextId: '' multiple: true
2017-05-31 07:24:39:885 - info: [AndroidBootstrap] [BOOTSTRAP LOG] [debug] Failed to locate element. Clearing Accessibility cache and retrying.
2017-05-31 07:24:39:900 - info: [AndroidBootstrap] [BOOTSTRAP LOG] [debug] Finding '//*[@id='pageWrap']/section/div/ul/li[1]/a/img' using 'XPATH' with the contextId: '' multiple: true
2017-05-31 07:24:39:947 - info: [AndroidBootstrap] [BOOTSTRAP LOG] [debug] Returning result: {"value":[],"status":0}
2017-05-31 07:24:39:947 - info: [debug] [AndroidBootstrap] Received command result from bootstrap
2017-05-31 07:24:39:947 - info: [debug] [MJSONWP] Responding to client with driver.findElements() result: []
2017-05-31 07:24:39:947 - info: [HTTP] <-- POST /wd/hub/session/55069171-e7ba-43f8-a37c-88f19f46f6b6/elements 200 122 ms - 74 
2017-05-31 07:24:40:493 - info: [HTTP] --> GET /wd/hub/session/55069171-e7ba-43f8-a37c-88f19f46f6b6/context {}
2017-05-31 07:24:40:493 - info: [debug] [MJSONWP] Calling AppiumDriver.getCurrentContext() with args: ["55069171-e7ba-43f8-a37c-88f19f46f6b6"]
2017-05-31 07:24:40:493 - info: [debug] [MJSONWP] Responding to client with driver.getCurrentContext() result: "NATIVE_APP"
2017-05-31 07:24:40:493 - info: [HTTP] <-- GET /wd/hub/session/55069171-e7ba-43f8-a37c-88f19f46f6b6/context 200 5 ms - 84 
2017-05-31 07:24:40:524 - info: [HTTP] --> POST /wd/hub/session/55069171-e7ba-43f8-a37c-88f19f46f6b6/elements {"using":"xpath","value":"//*[@id='pageWrap']/section/div/ul/li[1]/a/img"}
2017-05-31 07:24:40:524 - info: [debug] [MJSONWP] Calling AppiumDriver.findElements() with args: ["xpath","//*[@id='pageWrap']/section/div/ul/li[1]/a/img","55069171-e7ba-43f8-a37c-88f19f46f6b6"]
2017-05-31 07:24:40:524 - info: [debug] [BaseDriver] Valid locator strategies for this request: xpath, id, class name, accessibility id, -android uiautomator
2017-05-31 07:24:40:524 - info: [debug] [BaseDriver] Valid locator strategies for this request: xpath, id, class name, accessibility id, -android uiautomator
2017-05-31 07:24:40:524 - info: [debug] [BaseDriver] Waiting up to 0 ms for condition
2017-05-31 07:24:40:524 - info: [debug] [AndroidBootstrap] Sending command to android: {"cmd":"action","action":"find","params":{"strategy":"xpath","selector":"//*[@id='pageWrap']/section/div/ul/li[1]/a/img","context":"","multiple":true}}
2017-05-31 07:24:40:524 - info: [AndroidBootstrap] [BOOTSTRAP LOG] [debug] Got data from client: {"cmd":"action","action":"find","params":{"strategy":"xpath","selector":"//*[@id='pageWrap']/section/div/ul/li[1]/a/img","context":"","multiple":true}}
2017-05-31 07:24:40:524 - info: [AndroidBootstrap] [BOOTSTRAP LOG] [debug] Got command of type ACTION
2017-05-31 07:24:40:524 - info: [AndroidBootstrap] [BOOTSTRAP LOG] [debug] Got command action: find
2017-05-31 07:24:40:524 - info: [AndroidBootstrap] [BOOTSTRAP LOG] [debug] Finding '//*[@id='pageWrap']/section/div/ul/li[1]/a/img' using 'XPATH' with the contextId: '' multiple: true
2017-05-31 07:24:40:587 - info: [AndroidBootstrap] [BOOTSTRAP LOG] [debug] Failed to locate element. Clearing Accessibility cache and retrying.
2017-05-31 07:24:40:587 - info: [AndroidBootstrap] [BOOTSTRAP LOG] [debug] Finding '//*[@id='pageWrap']/section/div/ul/li[1]/a/img' using 'XPATH' with the contextId: '' multiple: true
2017-05-31 07:24:40:649 - info: [AndroidBootstrap] [BOOTSTRAP LOG] [debug] Returning result: {"value":[],"status":0}
2017-05-31 07:24:40:649 - info: [debug] [AndroidBootstrap] Received command result from bootstrap
2017-05-31 07:24:40:649 - info: [debug] [MJSONWP] Responding to client with driver.findElements() result: []
2017-05-31 07:24:40:649 - info: [HTTP] <-- POST /wd/hub/session/55069171-e7ba-43f8-a37c-88f19f46f6b6/elements 200 133 ms - 74 
2017-05-31 07:24:40:711 - info: [HTTP] --> POST /wd/hub/session/55069171-e7ba-43f8-a37c-88f19f46f6b6/timeouts {"type":"implicit","ms":5000}
2017-05-31 07:24:40:711 - info: [debug] [MJSONWP] Calling AppiumDriver.timeouts() with args: ["implicit",5000,"55069171-e7ba-43f8-a37c-88f19f46f6b6"]
2017-05-31 07:24:40:711 - info: [debug] [BaseDriver] Set implicit wait to 5000ms
2017-05-31 07:24:40:711 - info: [debug] [MJSONWP] Responding to client with driver.timeouts() result: null
2017-05-31 07:24:40:711 - info: [HTTP] <-- POST /wd/hub/session/55069171-e7ba-43f8-a37c-88f19f46f6b6/timeouts 200 3 ms - 76 
2017-05-31 07:24:40:774 - info: [HTTP] --> POST /wd/hub/session/55069171-e7ba-43f8-a37c-88f19f46f6b6/appium/app/close {}
2017-05-31 07:24:40:774 - info: [debug] [MJSONWP] Calling AppiumDriver.closeApp() with args: ["55069171-e7ba-43f8-a37c-88f19f46f6b6"]
2017-05-31 07:24:40:774 - info: [debug] [ADB] Getting connected devices...
2017-05-31 07:24:40:824 - info: [debug] [ADB] 1 device(s) connected
2017-05-31 07:24:40:824 - info: [debug] [ADB] Running 'D:\SoftWare\SDK\platform-tools\adb.exe' with args: ["-P",5037,"-s","022TAS7N51009853","shell","am","force-stop","com.play.android"]
2017-05-31 07:24:41:870 - info: [debug] [MJSONWP] Responding to client with driver.closeApp() result: null
2017-05-31 07:24:41:885 - info: [HTTP] <-- POST /wd/hub/session/55069171-e7ba-43f8-a37c-88f19f46f6b6/appium/app/close 200 1107 ms - 76 
