2017-05-31 09:22:00:879 - info: [Appium] Welcome to Appium v1.6.5
2017-05-31 09:22:00:883 - info: [Appium] Non-default server args:
2017-05-31 09:22:00:884 - info: [Appium]   address: 127.0.0.1
2017-05-31 09:22:00:884 - info: [Appium]   log: D:\workSpace\EclipseProjects\AppiumForEclipse\log\1496222514478.log
2017-05-31 09:22:00:951 - info: [Appium] Appium REST http interface listener started on 127.0.0.1:4723
2017-05-31 09:22:01:318 - info: [HTTP] --> GET /wd/hub/status {}
2017-05-31 09:22:01:322 - info: [debug] [MJSONWP] Calling AppiumDriver.getStatus() with args: []
2017-05-31 09:22:01:372 - info: [debug] [MJSONWP] Responding to client with driver.getStatus() result: {"build":{"version":"1.6.5","revision":null}}
2017-05-31 09:22:01:379 - info: [HTTP] <-- GET /wd/hub/status 200 58 ms - 83 
2017-05-31 09:22:01:383 - info: [HTTP] --> GET /wd/hub/status {}
2017-05-31 09:22:01:383 - info: [debug] [MJSONWP] Calling AppiumDriver.getStatus() with args: []
2017-05-31 09:22:01:423 - info: [debug] [MJSONWP] Responding to client with driver.getStatus() result: {"build":{"version":"1.6.5","revision":null}}
2017-05-31 09:22:01:425 - info: [HTTP] <-- GET /wd/hub/status 200 41 ms - 83 
2017-05-31 09:22:02:081 - info: [HTTP] --> POST /wd/hub/session {"desiredCapabilities":{"app":"D:\\workSpace\\EclipseProjects\\AppiumForEclipse\\apps\\play.apk","noSign":"True","browserName":"","unicodeKeyboard":"True","platformName":"Android","deviceName":"022TAS7N51009853","resetKeyboard":"True"}}
2017-05-31 09:22:02:082 - info: [debug] [MJSONWP] Calling AppiumDriver.createSession() with args: [{"app":"D:\\workSpace\\EclipseProjects\\AppiumForEclipse\\apps\\play.apk","noSign":"True","browserName":"","unicodeKeyboard":"True","platformName":"Android","deviceName":"022TAS7N51009853","resetKeyboard":"True"},null,null]
2017-05-31 09:22:02:082 - info: [debug] [BaseDriver] Event 'newSessionRequested' logged at 1496222522082 (17:22:02 GMT+0800 (中国标准时间))
2017-05-31 09:22:02:085 - info: [Appium] Creating new AndroidDriver (v1.20.0) session
2017-05-31 09:22:02:086 - info: [Appium] Capabilities:
2017-05-31 09:22:02:089 - info: [Appium]   app: 'D:\\workSpace\\EclipseProjects\\AppiumForEclipse\\apps\\play.apk'
2017-05-31 09:22:02:089 - info: [Appium]   noSign: 'True'
2017-05-31 09:22:02:089 - info: [Appium]   browserName: ''
2017-05-31 09:22:02:089 - info: [Appium]   unicodeKeyboard: 'True'
2017-05-31 09:22:02:089 - info: [Appium]   platformName: 'Android'
2017-05-31 09:22:02:090 - info: [Appium]   deviceName: '022TAS7N51009853'
2017-05-31 09:22:02:090 - info: [Appium]   resetKeyboard: 'True'
2017-05-31 09:22:02:092 - info: [debug] [AndroidDriver] AndroidDriver version: 1.20.0
2017-05-31 09:22:02:096 - warn: [BaseDriver] Capability 'unicodeKeyboard' changed from string to boolean. This may cause unexpected behavior
2017-05-31 09:22:02:096 - warn: [BaseDriver] Capability 'resetKeyboard' changed from string to boolean. This may cause unexpected behavior
2017-05-31 09:22:02:097 - warn: [BaseDriver] Capability 'noSign' changed from string to boolean. This may cause unexpected behavior
2017-05-31 09:22:02:108 - info: [BaseDriver] Session created with session id: 32dec263-633b-4938-97be-a28bc6fab961
2017-05-31 09:22:02:110 - info: [debug] [AndroidDriver] Getting Java version
2017-05-31 09:22:02:225 - info: [AndroidDriver] Java version is: 1.8.0_121
2017-05-31 09:22:02:229 - info: [ADB] Checking whether adb is present
2017-05-31 09:22:02:232 - info: [ADB] Using adb.exe from D:\SoftWare\SDK\platform-tools\adb.exe
2017-05-31 09:22:02:233 - info: [AndroidDriver] Retrieving device list
2017-05-31 09:22:02:234 - info: [debug] [ADB] Trying to find a connected android device
2017-05-31 09:22:02:235 - info: [debug] [ADB] Getting connected devices...
2017-05-31 09:22:02:258 - info: [debug] [ADB] 1 device(s) connected
2017-05-31 09:22:02:259 - info: [AndroidDriver] Using device: 85GBBMA2353T
2017-05-31 09:22:02:260 - info: [ADB] Checking whether adb is present
2017-05-31 09:22:02:263 - info: [ADB] Using adb.exe from D:\SoftWare\SDK\platform-tools\adb.exe
2017-05-31 09:22:02:264 - info: [debug] [ADB] Setting device id to 85GBBMA2353T
2017-05-31 09:22:02:265 - info: [BaseDriver] Using local app 'D:\workSpace\EclipseProjects\AppiumForEclipse\apps\play.apk'
2017-05-31 09:22:02:265 - info: [debug] [AndroidDriver] Checking whether app is actually present
2017-05-31 09:22:02:267 - info: [AndroidDriver] Starting Android session
2017-05-31 09:22:02:271 - info: [debug] [ADB] Running 'D:\SoftWare\SDK\platform-tools\adb.exe' with args: ["-P",5037,"-s","85GBBMA2353T","wait-for-device"]
2017-05-31 09:22:02:301 - info: [debug] [ADB] Getting connected devices...
2017-05-31 09:22:02:326 - info: [debug] [ADB] 1 device(s) connected
2017-05-31 09:22:02:327 - info: [debug] [ADB] Running 'D:\SoftWare\SDK\platform-tools\adb.exe' with args: ["-P",5037,"-s","85GBBMA2353T","shell","echo","ping"]
2017-05-31 09:22:02:366 - info: [debug] [Logcat] Starting logcat capture
2017-05-31 09:22:02:409 - info: [debug] [AndroidDriver] Enabling Unicode keyboard support
2017-05-31 09:22:02:409 - info: [debug] [AndroidDriver] Pushing unicode ime to device...
2017-05-31 09:22:02:410 - info: [debug] [ADB] Running 'D:\SoftWare\SDK\platform-tools\adb.exe' with args: ["-P",5037,"-s","85GBBMA2353T","install","D:\\MyProgram\\nodejs\\node_modules\\appium\\node_modules\\appium-android-ime\\bin\\UnicodeIME-debug.apk"]
2017-05-31 09:22:03:286 - info: [debug] [ADB] Getting connected devices...
2017-05-31 09:22:03:323 - info: [debug] [ADB] 1 device(s) connected
2017-05-31 09:22:03:324 - info: [debug] [ADB] Running 'D:\SoftWare\SDK\platform-tools\adb.exe' with args: ["-P",5037,"-s","85GBBMA2353T","shell","settings","get","secure","default_input_method"]
2017-05-31 09:22:04:075 - info: [debug] [AndroidDriver] Unsetting previous IME com.iflytek.inputmethod/.FlyIME
2017-05-31 09:22:04:075 - info: [debug] [AndroidDriver] Setting IME to 'io.appium.android.ime/.UnicodeIME'
2017-05-31 09:22:04:077 - info: [debug] [ADB] Getting connected devices...
2017-05-31 09:22:04:118 - info: [debug] [ADB] 1 device(s) connected
2017-05-31 09:22:04:119 - info: [debug] [ADB] Running 'D:\SoftWare\SDK\platform-tools\adb.exe' with args: ["-P",5037,"-s","85GBBMA2353T","shell","ime","enable","io.appium.android.ime/.UnicodeIME"]
2017-05-31 09:22:04:802 - info: [debug] [ADB] Getting connected devices...
2017-05-31 09:22:04:840 - info: [debug] [ADB] 1 device(s) connected
2017-05-31 09:22:04:841 - info: [debug] [ADB] Running 'D:\SoftWare\SDK\platform-tools\adb.exe' with args: ["-P",5037,"-s","85GBBMA2353T","shell","ime","set","io.appium.android.ime/.UnicodeIME"]
2017-05-31 09:22:05:556 - info: [debug] [AndroidDriver] Pushing settings apk to device...
2017-05-31 09:22:05:560 - info: [debug] [ADB] Getting install status for io.appium.settings
2017-05-31 09:22:05:561 - info: [debug] [ADB] Getting connected devices...
2017-05-31 09:22:05:596 - info: [debug] [ADB] 1 device(s) connected
2017-05-31 09:22:05:597 - info: [debug] [ADB] Running 'D:\SoftWare\SDK\platform-tools\adb.exe' with args: ["-P",5037,"-s","85GBBMA2353T","shell","pm","list","packages","io.appium.settings"]
2017-05-31 09:22:06:764 - info: [debug] [ADB] App is not installed
2017-05-31 09:22:06:765 - info: [debug] [ADB] Running 'D:\SoftWare\SDK\platform-tools\adb.exe' with args: ["-P",5037,"-s","85GBBMA2353T","install","D:\\MyProgram\\nodejs\\node_modules\\appium\\node_modules\\io.appium.settings\\app\\build\\outputs\\apk\\settings_apk-debug.apk"]
2017-05-31 09:22:07:533 - info: [debug] [ADB] Getting connected devices...
2017-05-31 09:22:07:571 - info: [debug] [ADB] 1 device(s) connected
2017-05-31 09:22:07:572 - info: [debug] [ADB] Running 'D:\SoftWare\SDK\platform-tools\adb.exe' with args: ["-P",5037,"-s","85GBBMA2353T","shell","getprop","ro.build.version.sdk"]
2017-05-31 09:22:07:631 - info: [debug] [ADB] Device API level: 22
2017-05-31 09:22:07:632 - info: [debug] [ADB] Getting connected devices...
2017-05-31 09:22:07:658 - info: [debug] [ADB] 1 device(s) connected
2017-05-31 09:22:07:658 - info: [debug] [ADB] Running 'D:\SoftWare\SDK\platform-tools\adb.exe' with args: ["-P",5037,"-s","85GBBMA2353T","shell","dumpsys","package","io.appium.settings"]
2017-05-31 09:22:07:734 - info: [debug] [AndroidDriver] Pushing unlock helper app to device...
2017-05-31 09:22:07:736 - info: [debug] [ADB] Running 'D:\SoftWare\SDK\platform-tools\adb.exe' with args: ["-P",5037,"-s","85GBBMA2353T","install","D:\\MyProgram\\nodejs\\node_modules\\appium\\node_modules\\appium-unlock\\bin\\unlock_apk-debug.apk"]
2017-05-31 09:22:08:578 - info: [debug] [ADB] Device API level: 22
2017-05-31 09:22:08:578 - info: [debug] [ADB] Getting connected devices...
2017-05-31 09:22:08:608 - info: [debug] [ADB] 1 device(s) connected
2017-05-31 09:22:08:609 - info: [debug] [ADB] Running 'D:\SoftWare\SDK\platform-tools\adb.exe' with args: ["-P",5037,"-s","85GBBMA2353T","shell","settings","put","secure","mock_location","1"]
2017-05-31 09:22:09:418 - info: [ADB] Getting device platform version
2017-05-31 09:22:09:418 - info: [debug] [ADB] Getting connected devices...
2017-05-31 09:22:09:451 - info: [debug] [ADB] 1 device(s) connected
2017-05-31 09:22:09:452 - info: [debug] [ADB] Running 'D:\SoftWare\SDK\platform-tools\adb.exe' with args: ["-P",5037,"-s","85GBBMA2353T","shell","getprop","ro.build.version.release"]
2017-05-31 09:22:09:512 - info: [debug] [ADB] Getting connected devices...
2017-05-31 09:22:09:537 - info: [debug] [ADB] 1 device(s) connected
2017-05-31 09:22:09:538 - info: [debug] [ADB] Running 'D:\SoftWare\SDK\platform-tools\adb.exe' with args: ["-P",5037,"-s","85GBBMA2353T","shell","wm","size"]
2017-05-31 09:22:10:355 - info: [debug] [ADB] Getting connected devices...
2017-05-31 09:22:10:393 - info: [debug] [ADB] 1 device(s) connected
2017-05-31 09:22:10:394 - info: [debug] [ADB] Running 'D:\SoftWare\SDK\platform-tools\adb.exe' with args: ["-P",5037,"-s","85GBBMA2353T","shell","getprop","ro.product.model"]
2017-05-31 09:22:10:434 - info: [debug] [ADB] Current device property 'ro.product.model': MX5
2017-05-31 09:22:10:434 - info: [debug] [ADB] Getting connected devices...
2017-05-31 09:22:10:460 - info: [debug] [ADB] 1 device(s) connected
2017-05-31 09:22:10:460 - info: [debug] [ADB] Running 'D:\SoftWare\SDK\platform-tools\adb.exe' with args: ["-P",5037,"-s","85GBBMA2353T","shell","getprop","ro.product.manufacturer"]
2017-05-31 09:22:10:516 - info: [debug] [ADB] Current device property 'ro.product.manufacturer': Meizu
2017-05-31 09:22:10:517 - info: [debug] [AndroidDriver] Parsing package and activity from app manifest
2017-05-31 09:22:10:518 - info: [ADB] Checking whether aapt is present
2017-05-31 09:22:10:522 - info: [ADB] Using aapt.exe from D:\SoftWare\SDK\build-tools\24.0.3\aapt.exe
2017-05-31 09:22:10:523 - info: [ADB] Extracting package and launch activity from manifest
2017-05-31 09:22:10:548 - info: [debug] [ADB] badging package: com.play.android
2017-05-31 09:22:10:548 - info: [debug] [ADB] badging act: com.play.android.activity.SplashActivity
2017-05-31 09:22:10:549 - info: [debug] [AndroidDriver] Parsed package and activity are: com.play.android/com.play.android.activity.SplashActivity
2017-05-31 09:22:10:683 - info: [AndroidDriver] Remote apk path is /data/local/tmp/42e2f15827830994ee5f75a4ff734348.apk
2017-05-31 09:22:10:684 - info: [debug] [ADB] Getting connected devices...
2017-05-31 09:22:10:706 - info: [debug] [ADB] 1 device(s) connected
2017-05-31 09:22:10:707 - info: [debug] [ADB] Running 'D:\SoftWare\SDK\platform-tools\adb.exe' with args: ["-P",5037,"-s","85GBBMA2353T","shell","ls","/data/local/tmp/42e2f15827830994ee5f75a4ff734348.apk"]
2017-05-31 09:22:10:761 - info: [debug] [AndroidDriver] Checking if app is installed
2017-05-31 09:22:10:761 - info: [debug] [ADB] Getting install status for com.play.android
2017-05-31 09:22:10:761 - info: [debug] [ADB] Getting connected devices...
2017-05-31 09:22:10:786 - info: [debug] [ADB] 1 device(s) connected
2017-05-31 09:22:10:786 - info: [debug] [ADB] Running 'D:\SoftWare\SDK\platform-tools\adb.exe' with args: ["-P",5037,"-s","85GBBMA2353T","shell","pm","list","packages","com.play.android"]
2017-05-31 09:22:11:326 - info: [debug] [ADB] App is installed
2017-05-31 09:22:11:326 - info: [AndroidDriver] Apk is already on remote and installed, resetting
2017-05-31 09:22:11:328 - info: [debug] [AndroidDriver] Running fast reset (stop and clear)
2017-05-31 09:22:11:330 - info: [debug] [ADB] Getting connected devices...
2017-05-31 09:22:11:375 - info: [debug] [ADB] 1 device(s) connected
2017-05-31 09:22:11:376 - info: [debug] [ADB] Running 'D:\SoftWare\SDK\platform-tools\adb.exe' with args: ["-P",5037,"-s","85GBBMA2353T","shell","am","force-stop","com.play.android"]
2017-05-31 09:22:12:172 - info: [debug] [ADB] Getting connected devices...
2017-05-31 09:22:12:216 - info: [debug] [ADB] 1 device(s) connected
2017-05-31 09:22:12:217 - info: [debug] [ADB] Running 'D:\SoftWare\SDK\platform-tools\adb.exe' with args: ["-P",5037,"-s","85GBBMA2353T","shell","pm","clear","com.play.android"]
2017-05-31 09:22:12:787 - info: [debug] [AndroidDriver] Extracting strings from apk D:\workSpace\EclipseProjects\AppiumForEclipse\apps\play.apk null C:\Users\ADMINI~1\AppData\Local\Temp\com.play.android
2017-05-31 09:22:12:789 - info: [debug] [ADB] Extracting strings for language: default
2017-05-31 09:22:12:790 - info: [debug] [ADB] Device API level: 22
2017-05-31 09:22:12:791 - info: [debug] [ADB] Getting connected devices...
2017-05-31 09:22:12:829 - info: [debug] [ADB] 1 device(s) connected
2017-05-31 09:22:12:831 - info: [debug] [ADB] Running 'D:\SoftWare\SDK\platform-tools\adb.exe' with args: ["-P",5037,"-s","85GBBMA2353T","shell","getprop","persist.sys.language"]
2017-05-31 09:22:12:872 - info: [debug] [ADB] Current device property 'persist.sys.language': zh
2017-05-31 09:22:14:036 - info: [debug] [ADB] Reading strings from converted strings.json
2017-05-31 09:22:14:040 - info: [debug] [ADB] Running 'D:\SoftWare\SDK\platform-tools\adb.exe' with args: ["-P",5037,"-s","85GBBMA2353T","push","C:\\Users\\ADMINI~1\\AppData\\Local\\Temp\\com.play.android\\strings.json","/data/local/tmp"]
2017-05-31 09:22:14:077 - info: [debug] [AndroidBootstrap] Watching for bootstrap disconnect
2017-05-31 09:22:14:079 - info: [debug] [ADB] Forwarding system: 4724 to device: 4724
2017-05-31 09:22:14:079 - info: [debug] [ADB] Running 'D:\SoftWare\SDK\platform-tools\adb.exe' with args: ["-P",5037,"-s","85GBBMA2353T","forward","tcp:4724","tcp:4724"]
2017-05-31 09:22:14:087 - info: [debug] [UiAutomator] Starting UiAutomator
2017-05-31 09:22:14:087 - info: [debug] [UiAutomator] Moving to state 'starting'
2017-05-31 09:22:14:087 - info: [debug] [UiAutomator] Parsing uiautomator jar
2017-05-31 09:22:14:088 - info: [debug] [UiAutomator] Found jar name: 'AppiumBootstrap.jar'
2017-05-31 09:22:14:088 - info: [debug] [ADB] Running 'D:\SoftWare\SDK\platform-tools\adb.exe' with args: ["-P",5037,"-s","85GBBMA2353T","push","D:\\MyProgram\\nodejs\\node_modules\\appium\\node_modules\\appium-android-bootstrap\\bootstrap\\bin\\AppiumBootstrap.jar","/data/local/tmp/"]
2017-05-31 09:22:14:140 - info: [debug] [ADB] Attempting to kill all uiautomator processes
2017-05-31 09:22:14:141 - info: [debug] [ADB] Getting all processes with uiautomator
2017-05-31 09:22:14:142 - info: [debug] [ADB] Getting connected devices...
2017-05-31 09:22:14:165 - info: [debug] [ADB] 1 device(s) connected
2017-05-31 09:22:14:165 - info: [debug] [ADB] Running 'D:\SoftWare\SDK\platform-tools\adb.exe' with args: ["-P",5037,"-s","85GBBMA2353T","shell","ps"]
2017-05-31 09:22:14:330 - info: [ADB] No uiautomator process found to kill, continuing...
2017-05-31 09:22:14:331 - info: [debug] [UiAutomator] Starting UIAutomator
2017-05-31 09:22:14:331 - info: [debug] [ADB] Creating ADB subprocess with args: ["-P",5037,"-s","85GBBMA2353T","shell","uiautomator","runtest","AppiumBootstrap.jar","-c","io.appium.android.bootstrap.Bootstrap","-e","pkg","com.play.android","-e","disableAndroidWatchers",false,"-e","acceptSslCerts",false]
2017-05-31 09:22:15:003 - info: [debug] [UiAutomator] Moving to state 'online'
2017-05-31 09:22:15:010 - info: [AndroidBootstrap] [BOOTSTRAP LOG] [debug] json loading complete.
2017-05-31 09:22:15:013 - info: [AndroidBootstrap] [BOOTSTRAP LOG] [debug] Registered crash watchers.
2017-05-31 09:22:15:017 - info: [AndroidBootstrap] Android bootstrap socket is now connected
2017-05-31 09:22:15:019 - info: [debug] [ADB] Getting connected devices...
2017-05-31 09:22:15:032 - info: [AndroidBootstrap] [BOOTSTRAP LOG] [debug] Client connected
2017-05-31 09:22:15:056 - info: [debug] [ADB] 1 device(s) connected
2017-05-31 09:22:15:057 - info: [debug] [ADB] Running 'D:\SoftWare\SDK\platform-tools\adb.exe' with args: ["-P",5037,"-s","85GBBMA2353T","shell","dumpsys","window"]
2017-05-31 09:22:15:127 - info: [AndroidDriver] Screen already unlocked, doing nothing
2017-05-31 09:22:15:128 - info: [debug] [ADB] Device API level: 22
2017-05-31 09:22:15:129 - info: [debug] [ADB] Getting connected devices...
2017-05-31 09:22:15:154 - info: [debug] [ADB] 1 device(s) connected
2017-05-31 09:22:15:154 - info: [debug] [ADB] Running 'D:\SoftWare\SDK\platform-tools\adb.exe' with args: ["-P",5037,"-s","85GBBMA2353T","shell","am","start","-W","-n","com.play.android/com.play.android.activity.SplashActivity","-S","-a","android.intent.action.MAIN","-c","android.intent.category.LAUNCHER","-f","0x10200000"]
2017-05-31 09:22:16:841 - info: [debug] [ADB] Waiting for activity matching pkg: 'com.play.android' and activity: 'com.play.android.activity.SplashActivity' to be focused
2017-05-31 09:22:16:842 - info: [debug] [ADB] Possible activities, to be checked: com.play.android.activity.SplashActivity, com.play.android.com.play.android.activity.SplashActivity
2017-05-31 09:22:16:845 - info: [debug] [ADB] Getting focused package and activity
2017-05-31 09:22:16:845 - info: [debug] [ADB] Getting connected devices...
2017-05-31 09:22:16:878 - info: [debug] [ADB] 1 device(s) connected
2017-05-31 09:22:16:878 - info: [debug] [ADB] Running 'D:\SoftWare\SDK\platform-tools\adb.exe' with args: ["-P",5037,"-s","85GBBMA2353T","shell","dumpsys","window","windows"]
2017-05-31 09:22:16:936 - info: [debug] [ADB] Found package: 'com.play.android' and fully qualified activity name : 'com.play.android.activity.SplashActivity'
2017-05-31 09:22:16:938 - info: [Appium] New AndroidDriver session created successfully, session 32dec263-633b-4938-97be-a28bc6fab961 added to master session list
2017-05-31 09:22:16:939 - info: [debug] [BaseDriver] Event 'newSessionStarted' logged at 1496222536939 (17:22:16 GMT+0800 (中国标准时间))
2017-05-31 09:22:16:939 - info: [debug] [MJSONWP] Responding to client with driver.createSession() result: {"platform":"LINUX","webStorageEnabled":false,"takesScreenshot":true,"javascriptEnabled":true,"databaseEnabled":false,"networkConnectionEnabled":true,"locationContextEnabled":false,"warnings":{},"desired":{"app":"D:\\workSpace\\EclipseProjects\\AppiumForEclipse\\apps\\play.apk","noSign":true,"browserName":"","unicodeKeyboard":true,"platformName":"Android","deviceName":"022TAS7N51009853","resetKeyboard":true},"app":"D:\\workSpace\\EclipseProjects\\AppiumForEclipse\\apps\\play.apk","noSign":true,"browserName":"","unicodeKeyboard":true,"platformName":"Android","deviceName":"85GBBMA2353T","resetKeyboard":true,"deviceUDID":"85GBBMA2353T","platformVersion":"5.1","deviceScreenSize":"1080x1920","deviceModel":"MX5","deviceManufacturer":"Meizu","appPackage":"com.play.android","appWaitPackage":"com.play.android","appActivity":"com.play.android.activity.SplashActivity","appWaitActivity":"com.play.android.activity.SplashActivity"}
2017-05-31 09:22:16:941 - info: [HTTP] <-- POST /wd/hub/session 200 14859 ms - 1003 
2017-05-31 09:22:18:892 - info: [HTTP] --> POST /wd/hub/session/32dec263-633b-4938-97be-a28bc6fab961/timeouts {"type":"implicit","ms":20000}
2017-05-31 09:22:18:895 - info: [debug] [MJSONWP] Calling AppiumDriver.timeouts() with args: ["implicit",20000,"32dec263-633b-4938-97be-a28bc6fab961"]
2017-05-31 09:22:18:896 - info: [debug] [BaseDriver] Set implicit wait to 20000ms
2017-05-31 09:22:18:898 - info: [debug] [MJSONWP] Responding to client with driver.timeouts() result: null
2017-05-31 09:22:18:899 - info: [HTTP] <-- POST /wd/hub/session/32dec263-633b-4938-97be-a28bc6fab961/timeouts 200 7 ms - 76 
2017-05-31 09:22:19:150 - info: [HTTP] --> POST /wd/hub/session/32dec263-633b-4938-97be-a28bc6fab961/timeouts {"type":"implicit","ms":0}
2017-05-31 09:22:19:150 - info: [debug] [MJSONWP] Calling AppiumDriver.timeouts() with args: ["implicit",0,"32dec263-633b-4938-97be-a28bc6fab961"]
2017-05-31 09:22:19:151 - info: [debug] [BaseDriver] Set implicit wait to 0ms
2017-05-31 09:22:19:152 - info: [debug] [MJSONWP] Responding to client with driver.timeouts() result: null
2017-05-31 09:22:19:153 - info: [HTTP] <-- POST /wd/hub/session/32dec263-633b-4938-97be-a28bc6fab961/timeouts 200 3 ms - 76 
2017-05-31 09:22:19:175 - info: [HTTP] --> GET /wd/hub/session/32dec263-633b-4938-97be-a28bc6fab961/context {}
2017-05-31 09:22:19:178 - info: [debug] [MJSONWP] Calling AppiumDriver.getCurrentContext() with args: ["32dec263-633b-4938-97be-a28bc6fab961"]
2017-05-31 09:22:19:180 - info: [debug] [MJSONWP] Responding to client with driver.getCurrentContext() result: "NATIVE_APP"
2017-05-31 09:22:19:181 - info: [HTTP] <-- GET /wd/hub/session/32dec263-633b-4938-97be-a28bc6fab961/context 200 5 ms - 84 
2017-05-31 09:22:19:185 - info: [HTTP] --> POST /wd/hub/session/32dec263-633b-4938-97be-a28bc6fab961/elements {"using":"id","value":"com.play.android:id/btn_profile"}
2017-05-31 09:22:19:186 - info: [debug] [MJSONWP] Calling AppiumDriver.findElements() with args: ["id","com.play.android:id/btn_profile","32dec263-633b-4938-97be-a28bc6fab961"]
2017-05-31 09:22:19:187 - info: [debug] [BaseDriver] Valid locator strategies for this request: xpath, id, class name, accessibility id, -android uiautomator
2017-05-31 09:22:19:189 - info: [debug] [BaseDriver] Valid locator strategies for this request: xpath, id, class name, accessibility id, -android uiautomator
2017-05-31 09:22:19:189 - info: [debug] [BaseDriver] Waiting up to 0 ms for condition
2017-05-31 09:22:19:193 - info: [debug] [AndroidBootstrap] Sending command to android: {"cmd":"action","action":"find","params":{"strategy":"id","selector":"com.play.android:id/btn_profile","context":"","multiple":true}}
2017-05-31 09:22:19:202 - info: [AndroidBootstrap] [BOOTSTRAP LOG] [debug] Got data from client: {"cmd":"action","action":"find","params":{"strategy":"id","selector":"com.play.android:id/btn_profile","context":"","multiple":true}}
2017-05-31 09:22:19:203 - info: [AndroidBootstrap] [BOOTSTRAP LOG] [debug] Got command of type ACTION
2017-05-31 09:22:19:203 - info: [AndroidBootstrap] [BOOTSTRAP LOG] [debug] Got command action: find
2017-05-31 09:22:19:204 - info: [AndroidBootstrap] [BOOTSTRAP LOG] [debug] Finding 'com.play.android:id/btn_profile' using 'ID' with the contextId: '' multiple: true
2017-05-31 09:22:19:204 - info: [AndroidBootstrap] [BOOTSTRAP LOG] [debug] Using: UiSelector[RESOURCE_ID=com.play.android:id/btn_profile]
2017-05-31 09:22:19:204 - info: [AndroidBootstrap] [BOOTSTRAP LOG] [debug] getElements selector:UiSelector[RESOURCE_ID=com.play.android:id/btn_profile]
2017-05-31 09:22:19:205 - info: [AndroidBootstrap] [BOOTSTRAP LOG] [debug] Element[] is null: (0)
2017-05-31 09:22:19:205 - info: [AndroidBootstrap] [BOOTSTRAP LOG] [debug] getElements tmp selector:UiSelector[INSTANCE=0, RESOURCE_ID=com.play.android:id/btn_profile]
2017-05-31 09:22:19:216 - info: [AndroidBootstrap] [BOOTSTRAP LOG] [debug] Element[] is null: (1)
2017-05-31 09:22:19:217 - info: [AndroidBootstrap] [BOOTSTRAP LOG] [debug] getElements tmp selector:UiSelector[INSTANCE=1, RESOURCE_ID=com.play.android:id/btn_profile]
2017-05-31 09:22:19:247 - info: [AndroidBootstrap] [BOOTSTRAP LOG] [debug] Returning result: {"status":0,"value":[{"ELEMENT":"1"}]}
2017-05-31 09:22:19:250 - info: [debug] [AndroidBootstrap] Received command result from bootstrap
2017-05-31 09:22:19:254 - info: [debug] [MJSONWP] Responding to client with driver.findElements() result: [{"ELEMENT":"1"}]
2017-05-31 09:22:19:254 - info: [HTTP] <-- POST /wd/hub/session/32dec263-633b-4938-97be-a28bc6fab961/elements 200 69 ms - 89 
2017-05-31 09:22:19:524 - info: [HTTP] --> POST /wd/hub/session/32dec263-633b-4938-97be-a28bc6fab961/timeouts {"type":"implicit","ms":5000}
2017-05-31 09:22:19:525 - info: [debug] [MJSONWP] Calling AppiumDriver.timeouts() with args: ["implicit",5000,"32dec263-633b-4938-97be-a28bc6fab961"]
2017-05-31 09:22:19:525 - info: [debug] [BaseDriver] Set implicit wait to 5000ms
2017-05-31 09:22:19:527 - info: [debug] [MJSONWP] Responding to client with driver.timeouts() result: null
2017-05-31 09:22:19:528 - info: [HTTP] <-- POST /wd/hub/session/32dec263-633b-4938-97be-a28bc6fab961/timeouts 200 4 ms - 76 
2017-05-31 09:22:19:551 - info: [HTTP] --> POST /wd/hub/session/32dec263-633b-4938-97be-a28bc6fab961/element/1/click {"id":"1"}
2017-05-31 09:22:19:552 - info: [debug] [MJSONWP] Calling AppiumDriver.click() with args: ["1","32dec263-633b-4938-97be-a28bc6fab961"]
2017-05-31 09:22:19:553 - info: [debug] [AndroidBootstrap] Sending command to android: {"cmd":"action","action":"element:click","params":{"elementId":"1"}}
2017-05-31 09:22:19:556 - info: [AndroidBootstrap] [BOOTSTRAP LOG] [debug] Got data from client: {"cmd":"action","action":"element:click","params":{"elementId":"1"}}
2017-05-31 09:22:19:557 - info: [AndroidBootstrap] [BOOTSTRAP LOG] [debug] Got command of type ACTION
2017-05-31 09:22:19:557 - info: [AndroidBootstrap] [BOOTSTRAP LOG] [debug] Got command action: click
2017-05-31 09:22:19:940 - info: [AndroidBootstrap] [BOOTSTRAP LOG] [debug] Returning result: {"status":0,"value":true}
2017-05-31 09:22:19:941 - info: [debug] [AndroidBootstrap] Received command result from bootstrap
2017-05-31 09:22:19:943 - info: [debug] [MJSONWP] Responding to client with driver.click() result: true
2017-05-31 09:22:19:944 - info: [HTTP] <-- POST /wd/hub/session/32dec263-633b-4938-97be-a28bc6fab961/element/1/click 200 393 ms - 76 
2017-05-31 09:22:19:959 - info: [HTTP] --> GET /wd/hub/session/32dec263-633b-4938-97be-a28bc6fab961/appium/device/current_activity {}
2017-05-31 09:22:19:961 - info: [debug] [MJSONWP] Calling AppiumDriver.getCurrentActivity() with args: ["32dec263-633b-4938-97be-a28bc6fab961"]
2017-05-31 09:22:19:962 - info: [debug] [ADB] Getting focused package and activity
2017-05-31 09:22:19:963 - info: [debug] [ADB] Getting connected devices...
2017-05-31 09:22:19:993 - info: [debug] [ADB] 1 device(s) connected
2017-05-31 09:22:19:994 - info: [debug] [ADB] Running 'D:\SoftWare\SDK\platform-tools\adb.exe' with args: ["-P",5037,"-s","85GBBMA2353T","shell","dumpsys","window","windows"]
2017-05-31 09:22:20:048 - info: [debug] [MJSONWP] Responding to client with driver.getCurrentActivity() result: ".activity.member.LoginActivity"
2017-05-31 09:22:20:049 - info: [HTTP] <-- GET /wd/hub/session/32dec263-633b-4938-97be-a28bc6fab961/appium/device/current_activity 200 89 ms - 104 
2017-05-31 09:22:20:097 - info: [HTTP] --> POST /wd/hub/session/32dec263-633b-4938-97be-a28bc6fab961/timeouts {"type":"implicit","ms":0}
2017-05-31 09:22:20:097 - info: [debug] [MJSONWP] Calling AppiumDriver.timeouts() with args: ["implicit",0,"32dec263-633b-4938-97be-a28bc6fab961"]
2017-05-31 09:22:20:098 - info: [debug] [BaseDriver] Set implicit wait to 0ms
2017-05-31 09:22:20:100 - info: [debug] [MJSONWP] Responding to client with driver.timeouts() result: null
2017-05-31 09:22:20:101 - info: [HTTP] <-- POST /wd/hub/session/32dec263-633b-4938-97be-a28bc6fab961/timeouts 200 4 ms - 76 
2017-05-31 09:22:20:107 - info: [HTTP] --> GET /wd/hub/session/32dec263-633b-4938-97be-a28bc6fab961/context {}
2017-05-31 09:22:20:107 - info: [debug] [MJSONWP] Calling AppiumDriver.getCurrentContext() with args: ["32dec263-633b-4938-97be-a28bc6fab961"]
2017-05-31 09:22:20:109 - info: [debug] [MJSONWP] Responding to client with driver.getCurrentContext() result: "NATIVE_APP"
2017-05-31 09:22:20:110 - info: [HTTP] <-- GET /wd/hub/session/32dec263-633b-4938-97be-a28bc6fab961/context 200 3 ms - 84 
2017-05-31 09:22:20:119 - info: [HTTP] --> POST /wd/hub/session/32dec263-633b-4938-97be-a28bc6fab961/elements {"using":"id","value":"com.play.android:id/tv_account"}
2017-05-31 09:22:20:120 - info: [debug] [MJSONWP] Calling AppiumDriver.findElements() with args: ["id","com.play.android:id/tv_account","32dec263-633b-4938-97be-a28bc6fab961"]
2017-05-31 09:22:20:121 - info: [debug] [BaseDriver] Valid locator strategies for this request: xpath, id, class name, accessibility id, -android uiautomator
2017-05-31 09:22:20:121 - info: [debug] [BaseDriver] Valid locator strategies for this request: xpath, id, class name, accessibility id, -android uiautomator
2017-05-31 09:22:20:121 - info: [debug] [BaseDriver] Waiting up to 0 ms for condition
2017-05-31 09:22:20:122 - info: [debug] [AndroidBootstrap] Sending command to android: {"cmd":"action","action":"find","params":{"strategy":"id","selector":"com.play.android:id/tv_account","context":"","multiple":true}}
2017-05-31 09:22:20:128 - info: [AndroidBootstrap] [BOOTSTRAP LOG] [debug] Got data from client: {"cmd":"action","action":"find","params":{"strategy":"id","selector":"com.play.android:id/tv_account","context":"","multiple":true}}
2017-05-31 09:22:20:128 - info: [AndroidBootstrap] [BOOTSTRAP LOG] [debug] Got command of type ACTION
2017-05-31 09:22:20:128 - info: [AndroidBootstrap] [BOOTSTRAP LOG] [debug] Got command action: find
2017-05-31 09:22:20:128 - info: [AndroidBootstrap] [BOOTSTRAP LOG] [debug] Finding 'com.play.android:id/tv_account' using 'ID' with the contextId: '' multiple: true
2017-05-31 09:22:20:129 - info: [AndroidBootstrap] [BOOTSTRAP LOG] [debug] Using: UiSelector[RESOURCE_ID=com.play.android:id/tv_account]
2017-05-31 09:22:20:129 - info: [AndroidBootstrap] [BOOTSTRAP LOG] [debug] getElements selector:UiSelector[RESOURCE_ID=com.play.android:id/tv_account]
2017-05-31 09:22:20:129 - info: [AndroidBootstrap] [BOOTSTRAP LOG] [debug] Element[] is null: (0)
2017-05-31 09:22:20:131 - info: [AndroidBootstrap] [BOOTSTRAP LOG] [debug] getElements tmp selector:UiSelector[INSTANCE=0, RESOURCE_ID=com.play.android:id/tv_account]
2017-05-31 09:22:20:508 - info: [AndroidBootstrap] [BOOTSTRAP LOG] [debug] Element[] is null: (1)
2017-05-31 09:22:20:508 - info: [AndroidBootstrap] [BOOTSTRAP LOG] [debug] getElements tmp selector:UiSelector[INSTANCE=1, RESOURCE_ID=com.play.android:id/tv_account]
2017-05-31 09:22:20:518 - info: [AndroidBootstrap] [BOOTSTRAP LOG] [debug] Returning result: {"status":0,"value":[{"ELEMENT":"2"}]}
2017-05-31 09:22:20:519 - info: [debug] [AndroidBootstrap] Received command result from bootstrap
2017-05-31 09:22:20:520 - info: [debug] [MJSONWP] Responding to client with driver.findElements() result: [{"ELEMENT":"2"}]
2017-05-31 09:22:20:521 - info: [HTTP] <-- POST /wd/hub/session/32dec263-633b-4938-97be-a28bc6fab961/elements 200 402 ms - 89 
2017-05-31 09:22:20:645 - info: [HTTP] --> POST /wd/hub/session/32dec263-633b-4938-97be-a28bc6fab961/timeouts {"type":"implicit","ms":5000}
2017-05-31 09:22:20:645 - info: [debug] [MJSONWP] Calling AppiumDriver.timeouts() with args: ["implicit",5000,"32dec263-633b-4938-97be-a28bc6fab961"]
2017-05-31 09:22:20:646 - info: [debug] [BaseDriver] Set implicit wait to 5000ms
2017-05-31 09:22:20:651 - info: [debug] [MJSONWP] Responding to client with driver.timeouts() result: null
2017-05-31 09:22:20:655 - info: [HTTP] <-- POST /wd/hub/session/32dec263-633b-4938-97be-a28bc6fab961/timeouts 200 7 ms - 76 
2017-05-31 09:22:20:659 - info: [HTTP] --> POST /wd/hub/session/32dec263-633b-4938-97be-a28bc6fab961/element/2/click {"id":"2"}
2017-05-31 09:22:20:659 - info: [debug] [MJSONWP] Calling AppiumDriver.click() with args: ["2","32dec263-633b-4938-97be-a28bc6fab961"]
2017-05-31 09:22:20:660 - info: [debug] [AndroidBootstrap] Sending command to android: {"cmd":"action","action":"element:click","params":{"elementId":"2"}}
2017-05-31 09:22:20:663 - info: [AndroidBootstrap] [BOOTSTRAP LOG] [debug] Got data from client: {"cmd":"action","action":"element:click","params":{"elementId":"2"}}
2017-05-31 09:22:20:663 - info: [AndroidBootstrap] [BOOTSTRAP LOG] [debug] Got command of type ACTION
2017-05-31 09:22:20:664 - info: [AndroidBootstrap] [BOOTSTRAP LOG] [debug] Got command action: click
2017-05-31 09:22:20:833 - info: [AndroidBootstrap] [BOOTSTRAP LOG] [debug] Returning result: {"status":0,"value":true}
2017-05-31 09:22:20:834 - info: [debug] [AndroidBootstrap] Received command result from bootstrap
2017-05-31 09:22:20:835 - info: [debug] [MJSONWP] Responding to client with driver.click() result: true
2017-05-31 09:22:20:836 - info: [HTTP] <-- POST /wd/hub/session/32dec263-633b-4938-97be-a28bc6fab961/element/2/click 200 176 ms - 76 
2017-05-31 09:22:20:888 - info: [HTTP] --> POST /wd/hub/session/32dec263-633b-4938-97be-a28bc6fab961/timeouts {"type":"implicit","ms":0}
2017-05-31 09:22:20:888 - info: [debug] [MJSONWP] Calling AppiumDriver.timeouts() with args: ["implicit",0,"32dec263-633b-4938-97be-a28bc6fab961"]
2017-05-31 09:22:20:889 - info: [debug] [BaseDriver] Set implicit wait to 0ms
2017-05-31 09:22:20:889 - info: [debug] [MJSONWP] Responding to client with driver.timeouts() result: null
2017-05-31 09:22:20:890 - info: [HTTP] <-- POST /wd/hub/session/32dec263-633b-4938-97be-a28bc6fab961/timeouts 200 2 ms - 76 
2017-05-31 09:22:20:894 - info: [HTTP] --> GET /wd/hub/session/32dec263-633b-4938-97be-a28bc6fab961/context {}
2017-05-31 09:22:20:894 - info: [debug] [MJSONWP] Calling AppiumDriver.getCurrentContext() with args: ["32dec263-633b-4938-97be-a28bc6fab961"]
2017-05-31 09:22:20:896 - info: [debug] [MJSONWP] Responding to client with driver.getCurrentContext() result: "NATIVE_APP"
2017-05-31 09:22:20:897 - info: [HTTP] <-- GET /wd/hub/session/32dec263-633b-4938-97be-a28bc6fab961/context 200 3 ms - 84 
2017-05-31 09:22:20:903 - info: [HTTP] --> POST /wd/hub/session/32dec263-633b-4938-97be-a28bc6fab961/elements {"using":"id","value":"com.play.android:id/et_account"}
2017-05-31 09:22:20:904 - info: [debug] [MJSONWP] Calling AppiumDriver.findElements() with args: ["id","com.play.android:id/et_account","32dec263-633b-4938-97be-a28bc6fab961"]
2017-05-31 09:22:20:905 - info: [debug] [BaseDriver] Valid locator strategies for this request: xpath, id, class name, accessibility id, -android uiautomator
2017-05-31 09:22:20:905 - info: [debug] [BaseDriver] Valid locator strategies for this request: xpath, id, class name, accessibility id, -android uiautomator
2017-05-31 09:22:20:905 - info: [debug] [BaseDriver] Waiting up to 0 ms for condition
2017-05-31 09:22:20:906 - info: [debug] [AndroidBootstrap] Sending command to android: {"cmd":"action","action":"find","params":{"strategy":"id","selector":"com.play.android:id/et_account","context":"","multiple":true}}
2017-05-31 09:22:20:909 - info: [AndroidBootstrap] [BOOTSTRAP LOG] [debug] Got data from client: {"cmd":"action","action":"find","params":{"strategy":"id","selector":"com.play.android:id/et_account","context":"","multiple":true}}
2017-05-31 09:22:20:910 - info: [AndroidBootstrap] [BOOTSTRAP LOG] [debug] Got command of type ACTION
2017-05-31 09:22:20:911 - info: [AndroidBootstrap] [BOOTSTRAP LOG] [debug] Got command action: find
2017-05-31 09:22:20:911 - info: [AndroidBootstrap] [BOOTSTRAP LOG] [debug] Finding 'com.play.android:id/et_account' using 'ID' with the contextId: '' multiple: true
2017-05-31 09:22:20:911 - info: [AndroidBootstrap] [BOOTSTRAP LOG] [debug] Using: UiSelector[RESOURCE_ID=com.play.android:id/et_account]
2017-05-31 09:22:20:911 - info: [AndroidBootstrap] [BOOTSTRAP LOG] [debug] getElements selector:UiSelector[RESOURCE_ID=com.play.android:id/et_account]
2017-05-31 09:22:20:912 - info: [AndroidBootstrap] [BOOTSTRAP LOG] [debug] Element[] is null: (0)
2017-05-31 09:22:20:912 - info: [AndroidBootstrap] [BOOTSTRAP LOG] [debug] getElements tmp selector:UiSelector[INSTANCE=0, RESOURCE_ID=com.play.android:id/et_account]
2017-05-31 09:22:21:456 - info: [AndroidBootstrap] [BOOTSTRAP LOG] [debug] Element[] is null: (1)
2017-05-31 09:22:21:457 - info: [AndroidBootstrap] [BOOTSTRAP LOG] [debug] getElements tmp selector:UiSelector[INSTANCE=1, RESOURCE_ID=com.play.android:id/et_account]
2017-05-31 09:22:21:495 - info: [AndroidBootstrap] [BOOTSTRAP LOG] [debug] Returning result: {"status":0,"value":[{"ELEMENT":"3"}]}
2017-05-31 09:22:21:496 - info: [debug] [AndroidBootstrap] Received command result from bootstrap
2017-05-31 09:22:21:498 - info: [debug] [MJSONWP] Responding to client with driver.findElements() result: [{"ELEMENT":"3"}]
2017-05-31 09:22:21:499 - info: [HTTP] <-- POST /wd/hub/session/32dec263-633b-4938-97be-a28bc6fab961/elements 200 595 ms - 89 
2017-05-31 09:22:21:622 - info: [HTTP] --> POST /wd/hub/session/32dec263-633b-4938-97be-a28bc6fab961/timeouts {"type":"implicit","ms":5000}
2017-05-31 09:22:21:622 - info: [debug] [MJSONWP] Calling AppiumDriver.timeouts() with args: ["implicit",5000,"32dec263-633b-4938-97be-a28bc6fab961"]
2017-05-31 09:22:21:623 - info: [debug] [BaseDriver] Set implicit wait to 5000ms
2017-05-31 09:22:21:624 - info: [debug] [MJSONWP] Responding to client with driver.timeouts() result: null
2017-05-31 09:22:21:625 - info: [HTTP] <-- POST /wd/hub/session/32dec263-633b-4938-97be-a28bc6fab961/timeouts 200 3 ms - 76 
2017-05-31 09:22:21:631 - info: [HTTP] --> POST /wd/hub/session/32dec263-633b-4938-97be-a28bc6fab961/element/3/value {"id":"3","value":["18521035133"]}
2017-05-31 09:22:21:632 - info: [debug] [MJSONWP] Calling AppiumDriver.setValue() with args: [["18521035133"],"3","32dec263-633b-4938-97be-a28bc6fab961"]
2017-05-31 09:22:21:634 - info: [debug] [AndroidBootstrap] Sending command to android: {"cmd":"action","action":"element:setText","params":{"elementId":"3","text":"18521035133","replace":false,"unicodeKeyboard":true}}
2017-05-31 09:22:21:636 - info: [AndroidBootstrap] [BOOTSTRAP LOG] [debug] Got data from client: {"cmd":"action","action":"element:setText","params":{"elementId":"3","text":"18521035133","replace":false,"unicodeKeyboard":true}}
2017-05-31 09:22:21:637 - info: [AndroidBootstrap] [BOOTSTRAP LOG] [debug] Got command of type ACTION
2017-05-31 09:22:21:637 - info: [AndroidBootstrap] [BOOTSTRAP LOG] [debug] Got command action: setText
2017-05-31 09:22:21:637 - info: [AndroidBootstrap] [BOOTSTRAP LOG] [debug] Using element passed in: 3
2017-05-31 09:22:21:661 - info: [AndroidBootstrap] [BOOTSTRAP LOG] [debug] Attempting to clear using UiObject.clearText().
2017-05-31 09:22:24:087 - info: [AndroidBootstrap] [BOOTSTRAP LOG] [debug] Text remains after clearing, but it appears to be hint text.
2017-05-31 09:22:24:098 - info: [AndroidBootstrap] [BOOTSTRAP LOG] [debug] Text not cleared. Assuming remainder is hint text.
2017-05-31 09:22:24:101 - info: [AndroidBootstrap] [BOOTSTRAP LOG] [debug] Sending plain text to element: 18521035133
2017-05-31 09:22:26:575 - info: [AndroidBootstrap] [BOOTSTRAP LOG] [debug] Returning result: {"status":0,"value":true}
2017-05-31 09:22:26:576 - info: [debug] [AndroidBootstrap] Received command result from bootstrap
2017-05-31 09:22:26:577 - info: [debug] [MJSONWP] Responding to client with driver.setValue() result: true
2017-05-31 09:22:26:581 - info: [HTTP] <-- POST /wd/hub/session/32dec263-633b-4938-97be-a28bc6fab961/element/3/value 200 4949 ms - 76 
2017-05-31 09:22:26:630 - info: [HTTP] --> POST /wd/hub/session/32dec263-633b-4938-97be-a28bc6fab961/timeouts {"type":"implicit","ms":0}
2017-05-31 09:22:26:631 - info: [debug] [MJSONWP] Calling AppiumDriver.timeouts() with args: ["implicit",0,"32dec263-633b-4938-97be-a28bc6fab961"]
2017-05-31 09:22:26:632 - info: [debug] [BaseDriver] Set implicit wait to 0ms
2017-05-31 09:22:26:632 - info: [debug] [MJSONWP] Responding to client with driver.timeouts() result: null
2017-05-31 09:22:26:642 - info: [HTTP] <-- POST /wd/hub/session/32dec263-633b-4938-97be-a28bc6fab961/timeouts 200 9 ms - 76 
2017-05-31 09:22:26:645 - info: [HTTP] --> GET /wd/hub/session/32dec263-633b-4938-97be-a28bc6fab961/context {}
2017-05-31 09:22:26:645 - info: [debug] [MJSONWP] Calling AppiumDriver.getCurrentContext() with args: ["32dec263-633b-4938-97be-a28bc6fab961"]
2017-05-31 09:22:26:646 - info: [debug] [MJSONWP] Responding to client with driver.getCurrentContext() result: "NATIVE_APP"
2017-05-31 09:22:26:655 - info: [HTTP] <-- GET /wd/hub/session/32dec263-633b-4938-97be-a28bc6fab961/context 200 2 ms - 84 
2017-05-31 09:22:26:656 - info: [HTTP] --> POST /wd/hub/session/32dec263-633b-4938-97be-a28bc6fab961/elements {"using":"id","value":"com.play.android:id/et_password"}
2017-05-31 09:22:26:657 - info: [debug] [MJSONWP] Calling AppiumDriver.findElements() with args: ["id","com.play.android:id/et_password","32dec263-633b-4938-97be-a28bc6fab961"]
2017-05-31 09:22:26:658 - info: [debug] [BaseDriver] Valid locator strategies for this request: xpath, id, class name, accessibility id, -android uiautomator
2017-05-31 09:22:26:658 - info: [debug] [BaseDriver] Valid locator strategies for this request: xpath, id, class name, accessibility id, -android uiautomator
2017-05-31 09:22:26:658 - info: [debug] [BaseDriver] Waiting up to 0 ms for condition
2017-05-31 09:22:26:659 - info: [debug] [AndroidBootstrap] Sending command to android: {"cmd":"action","action":"find","params":{"strategy":"id","selector":"com.play.android:id/et_password","context":"","multiple":true}}
2017-05-31 09:22:26:674 - info: [AndroidBootstrap] [BOOTSTRAP LOG] [debug] Got data from client: {"cmd":"action","action":"find","params":{"strategy":"id","selector":"com.play.android:id/et_password","context":"","multiple":true}}
2017-05-31 09:22:26:674 - info: [AndroidBootstrap] [BOOTSTRAP LOG] [debug] Got command of type ACTION
2017-05-31 09:22:26:674 - info: [AndroidBootstrap] [BOOTSTRAP LOG] [debug] Got command action: find
2017-05-31 09:22:26:674 - info: [AndroidBootstrap] [BOOTSTRAP LOG] [debug] Finding 'com.play.android:id/et_password' using 'ID' with the contextId: '' multiple: true
2017-05-31 09:22:26:675 - info: [AndroidBootstrap] [BOOTSTRAP LOG] [debug] Using: UiSelector[RESOURCE_ID=com.play.android:id/et_password]
2017-05-31 09:22:26:675 - info: [AndroidBootstrap] [BOOTSTRAP LOG] [debug] getElements selector:UiSelector[RESOURCE_ID=com.play.android:id/et_password]
2017-05-31 09:22:26:675 - info: [AndroidBootstrap] [BOOTSTRAP LOG] [debug] Element[] is null: (0)
2017-05-31 09:22:26:676 - info: [AndroidBootstrap] [BOOTSTRAP LOG] [debug] getElements tmp selector:UiSelector[INSTANCE=0, RESOURCE_ID=com.play.android:id/et_password]
2017-05-31 09:22:27:106 - info: [AndroidBootstrap] [BOOTSTRAP LOG] [debug] Element[] is null: (1)
2017-05-31 09:22:27:109 - info: [AndroidBootstrap] [BOOTSTRAP LOG] [debug] getElements tmp selector:UiSelector[INSTANCE=1, RESOURCE_ID=com.play.android:id/et_password]
2017-05-31 09:22:27:256 - info: [AndroidBootstrap] [BOOTSTRAP LOG] [debug] Returning result: {"status":0,"value":[{"ELEMENT":"4"}]}
2017-05-31 09:22:27:257 - info: [debug] [AndroidBootstrap] Received command result from bootstrap
2017-05-31 09:22:27:259 - info: [debug] [MJSONWP] Responding to client with driver.findElements() result: [{"ELEMENT":"4"}]
2017-05-31 09:22:27:260 - info: [HTTP] <-- POST /wd/hub/session/32dec263-633b-4938-97be-a28bc6fab961/elements 200 603 ms - 89 
2017-05-31 09:22:27:396 - info: [HTTP] --> POST /wd/hub/session/32dec263-633b-4938-97be-a28bc6fab961/timeouts {"type":"implicit","ms":5000}
2017-05-31 09:22:27:397 - info: [debug] [MJSONWP] Calling AppiumDriver.timeouts() with args: ["implicit",5000,"32dec263-633b-4938-97be-a28bc6fab961"]
2017-05-31 09:22:27:398 - info: [debug] [BaseDriver] Set implicit wait to 5000ms
2017-05-31 09:22:27:399 - info: [debug] [MJSONWP] Responding to client with driver.timeouts() result: null
2017-05-31 09:22:27:400 - info: [HTTP] <-- POST /wd/hub/session/32dec263-633b-4938-97be-a28bc6fab961/timeouts 200 4 ms - 76 
2017-05-31 09:22:27:411 - info: [HTTP] --> POST /wd/hub/session/32dec263-633b-4938-97be-a28bc6fab961/element/4/value {"id":"4","value":["111111"]}
2017-05-31 09:22:27:412 - info: [debug] [MJSONWP] Calling AppiumDriver.setValue() with args: [["111111"],"4","32dec263-633b-4938-97be-a28bc6fab961"]
2017-05-31 09:22:27:413 - info: [debug] [AndroidBootstrap] Sending command to android: {"cmd":"action","action":"element:setText","params":{"elementId":"4","text":"111111","replace":false,"unicodeKeyboard":true}}
2017-05-31 09:22:27:419 - info: [AndroidBootstrap] [BOOTSTRAP LOG] [debug] Got data from client: {"cmd":"action","action":"element:setText","params":{"elementId":"4","text":"111111","replace":false,"unicodeKeyboard":true}}
2017-05-31 09:22:27:422 - info: [AndroidBootstrap] [BOOTSTRAP LOG] [debug] Got command of type ACTION
2017-05-31 09:22:27:422 - info: [AndroidBootstrap] [BOOTSTRAP LOG] [debug] Got command action: setText
2017-05-31 09:22:27:422 - info: [AndroidBootstrap] [BOOTSTRAP LOG] [debug] Using element passed in: 4
2017-05-31 09:22:27:431 - info: [AndroidBootstrap] [BOOTSTRAP LOG] [debug] Attempting to clear using UiObject.clearText().
2017-05-31 09:22:29:924 - info: [AndroidBootstrap] [BOOTSTRAP LOG] [debug] Sending plain text to element: 111111
2017-05-31 09:22:32:410 - info: [AndroidBootstrap] [BOOTSTRAP LOG] [debug] Returning result: {"status":0,"value":true}
2017-05-31 09:22:32:410 - info: [debug] [AndroidBootstrap] Received command result from bootstrap
2017-05-31 09:22:32:411 - info: [debug] [MJSONWP] Responding to client with driver.setValue() result: true
2017-05-31 09:22:32:412 - info: [HTTP] <-- POST /wd/hub/session/32dec263-633b-4938-97be-a28bc6fab961/element/4/value 200 5000 ms - 76 
2017-05-31 09:22:32:460 - info: [HTTP] --> POST /wd/hub/session/32dec263-633b-4938-97be-a28bc6fab961/timeouts {"type":"implicit","ms":0}
2017-05-31 09:22:32:461 - info: [debug] [MJSONWP] Calling AppiumDriver.timeouts() with args: ["implicit",0,"32dec263-633b-4938-97be-a28bc6fab961"]
2017-05-31 09:22:32:461 - info: [debug] [BaseDriver] Set implicit wait to 0ms
2017-05-31 09:22:32:462 - info: [debug] [MJSONWP] Responding to client with driver.timeouts() result: null
2017-05-31 09:22:32:463 - info: [HTTP] <-- POST /wd/hub/session/32dec263-633b-4938-97be-a28bc6fab961/timeouts 200 2 ms - 76 
2017-05-31 09:22:32:473 - info: [HTTP] --> GET /wd/hub/session/32dec263-633b-4938-97be-a28bc6fab961/context {}
2017-05-31 09:22:32:473 - info: [debug] [MJSONWP] Calling AppiumDriver.getCurrentContext() with args: ["32dec263-633b-4938-97be-a28bc6fab961"]
2017-05-31 09:22:32:475 - info: [debug] [MJSONWP] Responding to client with driver.getCurrentContext() result: "NATIVE_APP"
2017-05-31 09:22:32:476 - info: [HTTP] <-- GET /wd/hub/session/32dec263-633b-4938-97be-a28bc6fab961/context 200 2 ms - 84 
2017-05-31 09:22:32:484 - info: [HTTP] --> POST /wd/hub/session/32dec263-633b-4938-97be-a28bc6fab961/elements {"using":"id","value":"com.play.android:id/btn_login"}
2017-05-31 09:22:32:484 - info: [debug] [MJSONWP] Calling AppiumDriver.findElements() with args: ["id","com.play.android:id/btn_login","32dec263-633b-4938-97be-a28bc6fab961"]
2017-05-31 09:22:32:487 - info: [debug] [BaseDriver] Valid locator strategies for this request: xpath, id, class name, accessibility id, -android uiautomator
2017-05-31 09:22:32:487 - info: [debug] [BaseDriver] Valid locator strategies for this request: xpath, id, class name, accessibility id, -android uiautomator
2017-05-31 09:22:32:487 - info: [debug] [BaseDriver] Waiting up to 0 ms for condition
2017-05-31 09:22:32:488 - info: [debug] [AndroidBootstrap] Sending command to android: {"cmd":"action","action":"find","params":{"strategy":"id","selector":"com.play.android:id/btn_login","context":"","multiple":true}}
2017-05-31 09:22:32:496 - info: [AndroidBootstrap] [BOOTSTRAP LOG] [debug] Got data from client: {"cmd":"action","action":"find","params":{"strategy":"id","selector":"com.play.android:id/btn_login","context":"","multiple":true}}
2017-05-31 09:22:32:496 - info: [AndroidBootstrap] [BOOTSTRAP LOG] [debug] Got command of type ACTION
2017-05-31 09:22:32:496 - info: [AndroidBootstrap] [BOOTSTRAP LOG] [debug] Got command action: find
2017-05-31 09:22:32:497 - info: [AndroidBootstrap] [BOOTSTRAP LOG] [debug] Finding 'com.play.android:id/btn_login' using 'ID' with the contextId: '' multiple: true
2017-05-31 09:22:32:497 - info: [AndroidBootstrap] [BOOTSTRAP LOG] [debug] Using: UiSelector[RESOURCE_ID=com.play.android:id/btn_login]
2017-05-31 09:22:32:497 - info: [AndroidBootstrap] [BOOTSTRAP LOG] [debug] getElements selector:UiSelector[RESOURCE_ID=com.play.android:id/btn_login]
2017-05-31 09:22:32:497 - info: [AndroidBootstrap] [BOOTSTRAP LOG] [debug] Element[] is null: (0)
2017-05-31 09:22:32:497 - info: [AndroidBootstrap] [BOOTSTRAP LOG] [debug] getElements tmp selector:UiSelector[INSTANCE=0, RESOURCE_ID=com.play.android:id/btn_login]
2017-05-31 09:22:32:961 - info: [AndroidBootstrap] [BOOTSTRAP LOG] [debug] Element[] is null: (1)
2017-05-31 09:22:32:968 - info: [AndroidBootstrap] [BOOTSTRAP LOG] [debug] getElements tmp selector:UiSelector[INSTANCE=1, RESOURCE_ID=com.play.android:id/btn_login]
2017-05-31 09:22:32:977 - info: [AndroidBootstrap] [BOOTSTRAP LOG] [debug] Returning result: {"status":0,"value":[{"ELEMENT":"5"}]}
2017-05-31 09:22:32:980 - info: [debug] [AndroidBootstrap] Received command result from bootstrap
2017-05-31 09:22:32:981 - info: [debug] [MJSONWP] Responding to client with driver.findElements() result: [{"ELEMENT":"5"}]
2017-05-31 09:22:32:983 - info: [HTTP] <-- POST /wd/hub/session/32dec263-633b-4938-97be-a28bc6fab961/elements 200 498 ms - 89 
2017-05-31 09:22:33:092 - info: [HTTP] --> POST /wd/hub/session/32dec263-633b-4938-97be-a28bc6fab961/timeouts {"type":"implicit","ms":5000}
2017-05-31 09:22:33:093 - info: [debug] [MJSONWP] Calling AppiumDriver.timeouts() with args: ["implicit",5000,"32dec263-633b-4938-97be-a28bc6fab961"]
2017-05-31 09:22:33:093 - info: [debug] [BaseDriver] Set implicit wait to 5000ms
2017-05-31 09:22:33:094 - info: [debug] [MJSONWP] Responding to client with driver.timeouts() result: null
2017-05-31 09:22:33:095 - info: [HTTP] <-- POST /wd/hub/session/32dec263-633b-4938-97be-a28bc6fab961/timeouts 200 3 ms - 76 
2017-05-31 09:22:33:101 - info: [HTTP] --> POST /wd/hub/session/32dec263-633b-4938-97be-a28bc6fab961/element/5/click {"id":"5"}
2017-05-31 09:22:33:101 - info: [debug] [MJSONWP] Calling AppiumDriver.click() with args: ["5","32dec263-633b-4938-97be-a28bc6fab961"]
2017-05-31 09:22:33:102 - info: [debug] [AndroidBootstrap] Sending command to android: {"cmd":"action","action":"element:click","params":{"elementId":"5"}}
2017-05-31 09:22:33:105 - info: [AndroidBootstrap] [BOOTSTRAP LOG] [debug] Got data from client: {"cmd":"action","action":"element:click","params":{"elementId":"5"}}
2017-05-31 09:22:33:105 - info: [AndroidBootstrap] [BOOTSTRAP LOG] [debug] Got command of type ACTION
2017-05-31 09:22:33:105 - info: [AndroidBootstrap] [BOOTSTRAP LOG] [debug] Got command action: click
2017-05-31 09:22:33:247 - info: [AndroidBootstrap] [BOOTSTRAP LOG] [debug] Returning result: {"status":0,"value":true}
2017-05-31 09:22:33:247 - info: [debug] [AndroidBootstrap] Received command result from bootstrap
2017-05-31 09:22:33:248 - info: [debug] [MJSONWP] Responding to client with driver.click() result: true
2017-05-31 09:22:33:249 - info: [HTTP] <-- POST /wd/hub/session/32dec263-633b-4938-97be-a28bc6fab961/element/5/click 200 148 ms - 76 
2017-05-31 09:22:33:253 - info: [HTTP] --> GET /wd/hub/session/32dec263-633b-4938-97be-a28bc6fab961/appium/device/current_activity {}
2017-05-31 09:22:33:253 - info: [debug] [MJSONWP] Calling AppiumDriver.getCurrentActivity() with args: ["32dec263-633b-4938-97be-a28bc6fab961"]
2017-05-31 09:22:33:254 - info: [debug] [ADB] Getting focused package and activity
2017-05-31 09:22:33:254 - info: [debug] [ADB] Getting connected devices...
2017-05-31 09:22:33:280 - info: [debug] [ADB] 1 device(s) connected
2017-05-31 09:22:33:281 - info: [debug] [ADB] Running 'D:\SoftWare\SDK\platform-tools\adb.exe' with args: ["-P",5037,"-s","85GBBMA2353T","shell","dumpsys","window","windows"]
2017-05-31 09:22:33:335 - info: [debug] [MJSONWP] Responding to client with driver.getCurrentActivity() result: ".activity.member.LoginActivity"
2017-05-31 09:22:33:336 - info: [HTTP] <-- GET /wd/hub/session/32dec263-633b-4938-97be-a28bc6fab961/appium/device/current_activity 200 83 ms - 104 
2017-05-31 09:22:34:341 - info: [HTTP] --> GET /wd/hub/session/32dec263-633b-4938-97be-a28bc6fab961/appium/device/current_activity {}
2017-05-31 09:22:34:342 - info: [debug] [MJSONWP] Calling AppiumDriver.getCurrentActivity() with args: ["32dec263-633b-4938-97be-a28bc6fab961"]
2017-05-31 09:22:34:343 - info: [debug] [ADB] Getting focused package and activity
2017-05-31 09:22:34:343 - info: [debug] [ADB] Getting connected devices...
2017-05-31 09:22:34:387 - info: [debug] [ADB] 1 device(s) connected
2017-05-31 09:22:34:388 - info: [debug] [ADB] Running 'D:\SoftWare\SDK\platform-tools\adb.exe' with args: ["-P",5037,"-s","85GBBMA2353T","shell","dumpsys","window","windows"]
2017-05-31 09:22:34:436 - info: [debug] [MJSONWP] Responding to client with driver.getCurrentActivity() result: ".activity.main.HomeActivity"
2017-05-31 09:22:34:437 - info: [HTTP] <-- GET /wd/hub/session/32dec263-633b-4938-97be-a28bc6fab961/appium/device/current_activity 200 96 ms - 101 
2017-05-31 09:22:34:509 - info: [HTTP] --> POST /wd/hub/session/32dec263-633b-4938-97be-a28bc6fab961/timeouts {"type":"implicit","ms":20000}
2017-05-31 09:22:34:510 - info: [debug] [MJSONWP] Calling AppiumDriver.timeouts() with args: ["implicit",20000,"32dec263-633b-4938-97be-a28bc6fab961"]
2017-05-31 09:22:34:510 - info: [debug] [BaseDriver] Set implicit wait to 20000ms
2017-05-31 09:22:34:512 - info: [debug] [MJSONWP] Responding to client with driver.timeouts() result: null
2017-05-31 09:22:34:513 - info: [HTTP] <-- POST /wd/hub/session/32dec263-633b-4938-97be-a28bc6fab961/timeouts 200 3 ms - 76 
2017-05-31 09:22:34:519 - info: [HTTP] --> GET /wd/hub/session/32dec263-633b-4938-97be-a28bc6fab961/appium/device/current_activity {}
2017-05-31 09:22:34:519 - info: [debug] [MJSONWP] Calling AppiumDriver.getCurrentActivity() with args: ["32dec263-633b-4938-97be-a28bc6fab961"]
2017-05-31 09:22:34:520 - info: [debug] [ADB] Getting focused package and activity
2017-05-31 09:22:34:520 - info: [debug] [ADB] Getting connected devices...
2017-05-31 09:22:34:556 - info: [debug] [ADB] 1 device(s) connected
2017-05-31 09:22:34:556 - info: [debug] [ADB] Running 'D:\SoftWare\SDK\platform-tools\adb.exe' with args: ["-P",5037,"-s","85GBBMA2353T","shell","dumpsys","window","windows"]
2017-05-31 09:22:34:631 - info: [debug] [MJSONWP] Responding to client with driver.getCurrentActivity() result: ".activity.main.HomeActivity"
2017-05-31 09:22:34:632 - info: [HTTP] <-- GET /wd/hub/session/32dec263-633b-4938-97be-a28bc6fab961/appium/device/current_activity 200 113 ms - 101 
2017-05-31 09:22:34:670 - info: [HTTP] --> POST /wd/hub/session/32dec263-633b-4938-97be-a28bc6fab961/timeouts {"type":"implicit","ms":0}
2017-05-31 09:22:34:671 - info: [debug] [MJSONWP] Calling AppiumDriver.timeouts() with args: ["implicit",0,"32dec263-633b-4938-97be-a28bc6fab961"]
2017-05-31 09:22:34:672 - info: [debug] [BaseDriver] Set implicit wait to 0ms
2017-05-31 09:22:34:672 - info: [debug] [MJSONWP] Responding to client with driver.timeouts() result: null
2017-05-31 09:22:34:673 - info: [HTTP] <-- POST /wd/hub/session/32dec263-633b-4938-97be-a28bc6fab961/timeouts 200 3 ms - 76 
2017-05-31 09:22:34:678 - info: [HTTP] --> GET /wd/hub/session/32dec263-633b-4938-97be-a28bc6fab961/context {}
2017-05-31 09:22:34:679 - info: [debug] [MJSONWP] Calling AppiumDriver.getCurrentContext() with args: ["32dec263-633b-4938-97be-a28bc6fab961"]
2017-05-31 09:22:34:680 - info: [debug] [MJSONWP] Responding to client with driver.getCurrentContext() result: "NATIVE_APP"
2017-05-31 09:22:34:683 - info: [HTTP] <-- GET /wd/hub/session/32dec263-633b-4938-97be-a28bc6fab961/context 200 2 ms - 84 
2017-05-31 09:22:34:684 - info: [HTTP] --> POST /wd/hub/session/32dec263-633b-4938-97be-a28bc6fab961/elements {"using":"id","value":"com.play.android:id/sdv_image"}
2017-05-31 09:22:34:685 - info: [debug] [MJSONWP] Calling AppiumDriver.findElements() with args: ["id","com.play.android:id/sdv_image","32dec263-633b-4938-97be-a28bc6fab961"]
2017-05-31 09:22:34:686 - info: [debug] [BaseDriver] Valid locator strategies for this request: xpath, id, class name, accessibility id, -android uiautomator
2017-05-31 09:22:34:686 - info: [debug] [BaseDriver] Valid locator strategies for this request: xpath, id, class name, accessibility id, -android uiautomator
2017-05-31 09:22:34:686 - info: [debug] [BaseDriver] Waiting up to 0 ms for condition
2017-05-31 09:22:34:687 - info: [debug] [AndroidBootstrap] Sending command to android: {"cmd":"action","action":"find","params":{"strategy":"id","selector":"com.play.android:id/sdv_image","context":"","multiple":true}}
2017-05-31 09:22:34:691 - info: [AndroidBootstrap] [BOOTSTRAP LOG] [debug] Got data from client: {"cmd":"action","action":"find","params":{"strategy":"id","selector":"com.play.android:id/sdv_image","context":"","multiple":true}}
2017-05-31 09:22:34:691 - info: [AndroidBootstrap] [BOOTSTRAP LOG] [debug] Got command of type ACTION
2017-05-31 09:22:34:691 - info: [AndroidBootstrap] [BOOTSTRAP LOG] [debug] Got command action: find
2017-05-31 09:22:34:692 - info: [AndroidBootstrap] [BOOTSTRAP LOG] [debug] Finding 'com.play.android:id/sdv_image' using 'ID' with the contextId: '' multiple: true
2017-05-31 09:22:34:692 - info: [AndroidBootstrap] [BOOTSTRAP LOG] [debug] Using: UiSelector[RESOURCE_ID=com.play.android:id/sdv_image]
2017-05-31 09:22:34:692 - info: [AndroidBootstrap] [BOOTSTRAP LOG] [debug] getElements selector:UiSelector[RESOURCE_ID=com.play.android:id/sdv_image]
2017-05-31 09:22:34:692 - info: [AndroidBootstrap] [BOOTSTRAP LOG] [debug] Element[] is null: (0)
2017-05-31 09:22:34:692 - info: [AndroidBootstrap] [BOOTSTRAP LOG] [debug] getElements tmp selector:UiSelector[INSTANCE=0, RESOURCE_ID=com.play.android:id/sdv_image]
2017-05-31 09:22:34:712 - info: [AndroidBootstrap] [BOOTSTRAP LOG] [debug] Element[] is null: (1)
2017-05-31 09:22:34:712 - info: [AndroidBootstrap] [BOOTSTRAP LOG] [debug] getElements tmp selector:UiSelector[INSTANCE=1, RESOURCE_ID=com.play.android:id/sdv_image]
2017-05-31 09:22:34:746 - info: [AndroidBootstrap] [BOOTSTRAP LOG] [debug] Element[] is null: (2)
2017-05-31 09:22:34:746 - info: [AndroidBootstrap] [BOOTSTRAP LOG] [debug] getElements tmp selector:UiSelector[INSTANCE=2, RESOURCE_ID=com.play.android:id/sdv_image]
2017-05-31 09:22:34:887 - info: [AndroidBootstrap] [BOOTSTRAP LOG] [debug] Returning result: {"status":0,"value":[{"ELEMENT":"6"},{"ELEMENT":"7"}]}
2017-05-31 09:22:34:887 - info: [debug] [AndroidBootstrap] Received command result from bootstrap
2017-05-31 09:22:34:889 - info: [debug] [MJSONWP] Responding to client with driver.findElements() result: [{"ELEMENT":"6"},{"ELEMENT":"7"}]
2017-05-31 09:22:34:890 - info: [HTTP] <-- POST /wd/hub/session/32dec263-633b-4938-97be-a28bc6fab961/elements 200 205 ms - 105 
2017-05-31 09:22:35:081 - info: [HTTP] --> POST /wd/hub/session/32dec263-633b-4938-97be-a28bc6fab961/timeouts {"type":"implicit","ms":5000}
2017-05-31 09:22:35:081 - info: [debug] [MJSONWP] Calling AppiumDriver.timeouts() with args: ["implicit",5000,"32dec263-633b-4938-97be-a28bc6fab961"]
2017-05-31 09:22:35:082 - info: [debug] [BaseDriver] Set implicit wait to 5000ms
2017-05-31 09:22:35:085 - info: [debug] [MJSONWP] Responding to client with driver.timeouts() result: null
2017-05-31 09:22:35:086 - info: [HTTP] <-- POST /wd/hub/session/32dec263-633b-4938-97be-a28bc6fab961/timeouts 200 5 ms - 76 
2017-05-31 09:22:35:094 - info: [HTTP] --> POST /wd/hub/session/32dec263-633b-4938-97be-a28bc6fab961/element/6/click {"id":"6"}
2017-05-31 09:22:35:095 - info: [debug] [MJSONWP] Calling AppiumDriver.click() with args: ["6","32dec263-633b-4938-97be-a28bc6fab961"]
2017-05-31 09:22:35:095 - info: [debug] [AndroidBootstrap] Sending command to android: {"cmd":"action","action":"element:click","params":{"elementId":"6"}}
2017-05-31 09:22:35:102 - info: [AndroidBootstrap] [BOOTSTRAP LOG] [debug] Got data from client: {"cmd":"action","action":"element:click","params":{"elementId":"6"}}
2017-05-31 09:22:35:102 - info: [AndroidBootstrap] [BOOTSTRAP LOG] [debug] Got command of type ACTION
2017-05-31 09:22:35:102 - info: [AndroidBootstrap] [BOOTSTRAP LOG] [debug] Got command action: click
2017-05-31 09:22:35:426 - info: [AndroidBootstrap] [BOOTSTRAP LOG] [debug] Returning result: {"status":0,"value":true}
2017-05-31 09:22:35:426 - info: [debug] [AndroidBootstrap] Received command result from bootstrap
2017-05-31 09:22:35:427 - info: [debug] [MJSONWP] Responding to client with driver.click() result: true
2017-05-31 09:22:35:428 - info: [HTTP] <-- POST /wd/hub/session/32dec263-633b-4938-97be-a28bc6fab961/element/6/click 200 334 ms - 76 
2017-05-31 09:22:35:432 - info: [HTTP] --> POST /wd/hub/session/32dec263-633b-4938-97be-a28bc6fab961/elements {"using":"id","value":"com.meizu.media.gallery:id/thumbnail_item_content"}
2017-05-31 09:22:35:432 - info: [debug] [MJSONWP] Calling AppiumDriver.findElements() with args: ["id","com.meizu.media.gallery:id/thumbnail_item_content","32dec263-633b-4938-97be-a28bc6fab961"]
2017-05-31 09:22:35:433 - info: [debug] [BaseDriver] Valid locator strategies for this request: xpath, id, class name, accessibility id, -android uiautomator
2017-05-31 09:22:35:434 - info: [debug] [BaseDriver] Valid locator strategies for this request: xpath, id, class name, accessibility id, -android uiautomator
2017-05-31 09:22:35:434 - info: [debug] [BaseDriver] Waiting up to 5000 ms for condition
2017-05-31 09:22:35:435 - info: [debug] [AndroidBootstrap] Sending command to android: {"cmd":"action","action":"find","params":{"strategy":"id","selector":"com.meizu.media.gallery:id/thumbnail_item_content","context":"","multiple":true}}
2017-05-31 09:22:35:439 - info: [AndroidBootstrap] [BOOTSTRAP LOG] [debug] Got data from client: {"cmd":"action","action":"find","params":{"strategy":"id","selector":"com.meizu.media.gallery:id/thumbnail_item_content","context":"","multiple":true}}
2017-05-31 09:22:35:439 - info: [AndroidBootstrap] [BOOTSTRAP LOG] [debug] Got command of type ACTION
2017-05-31 09:22:35:439 - info: [AndroidBootstrap] [BOOTSTRAP LOG] [debug] Got command action: find
2017-05-31 09:22:35:439 - info: [AndroidBootstrap] [BOOTSTRAP LOG] [debug] Finding 'com.meizu.media.gallery:id/thumbnail_item_content' using 'ID' with the contextId: '' multiple: true
2017-05-31 09:22:35:439 - info: [AndroidBootstrap] [BOOTSTRAP LOG] [debug] Using: UiSelector[RESOURCE_ID=com.meizu.media.gallery:id/thumbnail_item_content]
2017-05-31 09:22:35:440 - info: [AndroidBootstrap] [BOOTSTRAP LOG] [debug] getElements selector:UiSelector[RESOURCE_ID=com.meizu.media.gallery:id/thumbnail_item_content]
2017-05-31 09:22:35:440 - info: [AndroidBootstrap] [BOOTSTRAP LOG] [debug] Element[] is null: (0)
2017-05-31 09:22:35:440 - info: [AndroidBootstrap] [BOOTSTRAP LOG] [debug] getElements tmp selector:UiSelector[INSTANCE=0, RESOURCE_ID=com.meizu.media.gallery:id/thumbnail_item_content]
2017-05-31 09:22:36:077 - info: [AndroidBootstrap] [BOOTSTRAP LOG] [debug] Element[] is null: (1)
2017-05-31 09:22:36:078 - info: [AndroidBootstrap] [BOOTSTRAP LOG] [debug] getElements tmp selector:UiSelector[INSTANCE=1, RESOURCE_ID=com.meizu.media.gallery:id/thumbnail_item_content]
2017-05-31 09:22:36:120 - info: [AndroidBootstrap] [BOOTSTRAP LOG] [debug] Element[] is null: (2)
2017-05-31 09:22:36:120 - info: [AndroidBootstrap] [BOOTSTRAP LOG] [debug] getElements tmp selector:UiSelector[INSTANCE=2, RESOURCE_ID=com.meizu.media.gallery:id/thumbnail_item_content]
2017-05-31 09:22:36:142 - info: [AndroidBootstrap] [BOOTSTRAP LOG] [debug] Element[] is null: (3)
2017-05-31 09:22:36:143 - info: [AndroidBootstrap] [BOOTSTRAP LOG] [debug] getElements tmp selector:UiSelector[INSTANCE=3, RESOURCE_ID=com.meizu.media.gallery:id/thumbnail_item_content]
2017-05-31 09:22:36:168 - info: [AndroidBootstrap] [BOOTSTRAP LOG] [debug] Element[] is null: (4)
2017-05-31 09:22:36:168 - info: [AndroidBootstrap] [BOOTSTRAP LOG] [debug] getElements tmp selector:UiSelector[INSTANCE=4, RESOURCE_ID=com.meizu.media.gallery:id/thumbnail_item_content]
2017-05-31 09:22:36:192 - info: [AndroidBootstrap] [BOOTSTRAP LOG] [debug] Element[] is null: (5)
2017-05-31 09:22:36:192 - info: [AndroidBootstrap] [BOOTSTRAP LOG] [debug] getElements tmp selector:UiSelector[INSTANCE=5, RESOURCE_ID=com.meizu.media.gallery:id/thumbnail_item_content]
2017-05-31 09:22:36:215 - info: [AndroidBootstrap] [BOOTSTRAP LOG] [debug] Element[] is null: (6)
2017-05-31 09:22:36:215 - info: [AndroidBootstrap] [BOOTSTRAP LOG] [debug] getElements tmp selector:UiSelector[INSTANCE=6, RESOURCE_ID=com.meizu.media.gallery:id/thumbnail_item_content]
2017-05-31 09:22:36:239 - info: [AndroidBootstrap] [BOOTSTRAP LOG] [debug] Element[] is null: (7)
2017-05-31 09:22:36:239 - info: [AndroidBootstrap] [BOOTSTRAP LOG] [debug] getElements tmp selector:UiSelector[INSTANCE=7, RESOURCE_ID=com.meizu.media.gallery:id/thumbnail_item_content]
2017-05-31 09:22:36:288 - info: [AndroidBootstrap] [BOOTSTRAP LOG] [debug] Element[] is null: (8)
2017-05-31 09:22:36:288 - info: [AndroidBootstrap] [BOOTSTRAP LOG] [debug] getElements tmp selector:UiSelector[INSTANCE=8, RESOURCE_ID=com.meizu.media.gallery:id/thumbnail_item_content]
2017-05-31 09:22:36:312 - info: [AndroidBootstrap] [BOOTSTRAP LOG] [debug] Element[] is null: (9)
2017-05-31 09:22:36:312 - info: [AndroidBootstrap] [BOOTSTRAP LOG] [debug] getElements tmp selector:UiSelector[INSTANCE=9, RESOURCE_ID=com.meizu.media.gallery:id/thumbnail_item_content]
2017-05-31 09:22:36:336 - info: [AndroidBootstrap] [BOOTSTRAP LOG] [debug] Element[] is null: (10)
2017-05-31 09:22:36:336 - info: [AndroidBootstrap] [BOOTSTRAP LOG] [debug] getElements tmp selector:UiSelector[INSTANCE=10, RESOURCE_ID=com.meizu.media.gallery:id/thumbnail_item_content]
2017-05-31 09:22:36:359 - info: [AndroidBootstrap] [BOOTSTRAP LOG] [debug] Element[] is null: (11)
2017-05-31 09:22:36:359 - info: [AndroidBootstrap] [BOOTSTRAP LOG] [debug] getElements tmp selector:UiSelector[INSTANCE=11, RESOURCE_ID=com.meizu.media.gallery:id/thumbnail_item_content]
2017-05-31 09:22:36:385 - info: [AndroidBootstrap] [BOOTSTRAP LOG] [debug] Element[] is null: (12)
2017-05-31 09:22:36:385 - info: [AndroidBootstrap] [BOOTSTRAP LOG] [debug] getElements tmp selector:UiSelector[INSTANCE=12, RESOURCE_ID=com.meizu.media.gallery:id/thumbnail_item_content]
2017-05-31 09:22:36:409 - info: [AndroidBootstrap] [BOOTSTRAP LOG] [debug] Element[] is null: (13)
2017-05-31 09:22:36:409 - info: [AndroidBootstrap] [BOOTSTRAP LOG] [debug] getElements tmp selector:UiSelector[INSTANCE=13, RESOURCE_ID=com.meizu.media.gallery:id/thumbnail_item_content]
2017-05-31 09:22:36:439 - info: [AndroidBootstrap] [BOOTSTRAP LOG] [debug] Element[] is null: (14)
2017-05-31 09:22:36:439 - info: [AndroidBootstrap] [BOOTSTRAP LOG] [debug] getElements tmp selector:UiSelector[INSTANCE=14, RESOURCE_ID=com.meizu.media.gallery:id/thumbnail_item_content]
2017-05-31 09:22:36:473 - info: [AndroidBootstrap] [BOOTSTRAP LOG] [debug] Element[] is null: (15)
2017-05-31 09:22:36:473 - info: [AndroidBootstrap] [BOOTSTRAP LOG] [debug] getElements tmp selector:UiSelector[INSTANCE=15, RESOURCE_ID=com.meizu.media.gallery:id/thumbnail_item_content]
2017-05-31 09:22:36:501 - info: [AndroidBootstrap] [BOOTSTRAP LOG] [debug] Element[] is null: (16)
2017-05-31 09:22:36:501 - info: [AndroidBootstrap] [BOOTSTRAP LOG] [debug] getElements tmp selector:UiSelector[INSTANCE=16, RESOURCE_ID=com.meizu.media.gallery:id/thumbnail_item_content]
2017-05-31 09:22:36:542 - info: [AndroidBootstrap] [BOOTSTRAP LOG] [debug] Element[] is null: (17)
2017-05-31 09:22:36:542 - info: [AndroidBootstrap] [BOOTSTRAP LOG] [debug] getElements tmp selector:UiSelector[INSTANCE=17, RESOURCE_ID=com.meizu.media.gallery:id/thumbnail_item_content]
2017-05-31 09:22:36:571 - info: [AndroidBootstrap] [BOOTSTRAP LOG] [debug] Element[] is null: (18)
2017-05-31 09:22:36:571 - info: [AndroidBootstrap] [BOOTSTRAP LOG] [debug] getElements tmp selector:UiSelector[INSTANCE=18, RESOURCE_ID=com.meizu.media.gallery:id/thumbnail_item_content]
2017-05-31 09:22:36:599 - info: [AndroidBootstrap] [BOOTSTRAP LOG] [debug] Element[] is null: (19)
2017-05-31 09:22:36:599 - info: [AndroidBootstrap] [BOOTSTRAP LOG] [debug] getElements tmp selector:UiSelector[INSTANCE=19, RESOURCE_ID=com.meizu.media.gallery:id/thumbnail_item_content]
2017-05-31 09:22:36:634 - info: [AndroidBootstrap] [BOOTSTRAP LOG] [debug] Element[] is null: (20)
2017-05-31 09:22:36:636 - info: [AndroidBootstrap] [BOOTSTRAP LOG] [debug] getElements tmp selector:UiSelector[INSTANCE=20, RESOURCE_ID=com.meizu.media.gallery:id/thumbnail_item_content]
2017-05-31 09:22:36:668 - info: [AndroidBootstrap] [BOOTSTRAP LOG] [debug] Element[] is null: (21)
2017-05-31 09:22:36:669 - info: [AndroidBootstrap] [BOOTSTRAP LOG] [debug] getElements tmp selector:UiSelector[INSTANCE=21, RESOURCE_ID=com.meizu.media.gallery:id/thumbnail_item_content]
2017-05-31 09:22:36:703 - info: [AndroidBootstrap] [BOOTSTRAP LOG] [debug] Returning result: {"status":0,"value":[{"ELEMENT":"8"},{"ELEMENT":"9"},{"ELEMENT":"10"},{"ELEMENT":"11"},{"ELEMENT":"12"},{"ELEMENT":"13"},{"ELEMENT":"14"},{"ELEMENT":"15"},{"ELEMENT":"16"},{"ELEMENT":"17"},{"ELEMENT":"18"},{"ELEMENT":"19"},{"ELEMENT":"20"},{"ELEMENT":"21"},{"ELEMENT":"22"},{"ELEMENT":"23"},{"ELEMENT":"24"},{"ELEMENT":"25"},{"ELEMENT":"26"},{"ELEMENT":"27"},{"ELEMENT":"28"}]}
2017-05-31 09:22:36:703 - info: [debug] [AndroidBootstrap] Received command result from bootstrap
2017-05-31 09:22:36:704 - info: [debug] [MJSONWP] Responding to client with driver.findElements() result: [{"ELEMENT":"8"},{"ELEMENT":"9"},{"ELEMENT":"10"},{"ELEMENT":"11"},{"ELEMENT":"12"},{"ELEMENT":"13"},{"ELEMENT":"14"},{"ELEMENT":"15"},{"ELEMENT":"16"},{"ELEMENT":"17"},{"ELEMENT":"18"},{"ELEMENT":"19"},{"ELEMENT":"20"},{"ELEMENT":"21"},{"ELEMENT":"22"},{"ELEMENT":"23"},{"ELEMENT":"24"},{"ELEMENT":"25"},{"ELEMENT":"26"},{"ELEMENT":"27"},{"ELEMENT":"28"}]
2017-05-31 09:22:36:713 - info: [HTTP] <-- POST /wd/hub/session/32dec263-633b-4938-97be-a28bc6fab961/elements 200 1273 ms - 428 
2017-05-31 09:22:38:001 - info: [HTTP] --> POST /wd/hub/session/32dec263-633b-4938-97be-a28bc6fab961/element/12/click {"id":"12"}
2017-05-31 09:22:38:001 - info: [debug] [MJSONWP] Calling AppiumDriver.click() with args: ["12","32dec263-633b-4938-97be-a28bc6fab961"]
2017-05-31 09:22:38:002 - info: [debug] [AndroidBootstrap] Sending command to android: {"cmd":"action","action":"element:click","params":{"elementId":"12"}}
2017-05-31 09:22:38:004 - info: [AndroidBootstrap] [BOOTSTRAP LOG] [debug] Got data from client: {"cmd":"action","action":"element:click","params":{"elementId":"12"}}
2017-05-31 09:22:38:004 - info: [AndroidBootstrap] [BOOTSTRAP LOG] [debug] Got command of type ACTION
2017-05-31 09:22:38:005 - info: [AndroidBootstrap] [BOOTSTRAP LOG] [debug] Got command action: click
2017-05-31 09:22:38:227 - info: [AndroidBootstrap] [BOOTSTRAP LOG] [debug] Returning result: {"status":0,"value":true}
2017-05-31 09:22:38:227 - info: [debug] [AndroidBootstrap] Received command result from bootstrap
2017-05-31 09:22:38:228 - info: [debug] [MJSONWP] Responding to client with driver.click() result: true
2017-05-31 09:22:38:229 - info: [HTTP] <-- POST /wd/hub/session/32dec263-633b-4938-97be-a28bc6fab961/element/12/click 200 228 ms - 76 
2017-05-31 09:22:40:311 - info: [HTTP] --> POST /wd/hub/session/32dec263-633b-4938-97be-a28bc6fab961/appium/app/close {}
2017-05-31 09:22:40:313 - info: [debug] [MJSONWP] Calling AppiumDriver.closeApp() with args: ["32dec263-633b-4938-97be-a28bc6fab961"]
2017-05-31 09:22:40:314 - info: [debug] [ADB] Getting connected devices...
2017-05-31 09:22:40:374 - info: [debug] [ADB] 1 device(s) connected
2017-05-31 09:22:40:374 - info: [debug] [ADB] Running 'D:\SoftWare\SDK\platform-tools\adb.exe' with args: ["-P",5037,"-s","85GBBMA2353T","shell","am","force-stop","com.play.android"]
2017-05-31 09:22:41:173 - info: [debug] [MJSONWP] Responding to client with driver.closeApp() result: null
2017-05-31 09:22:41:175 - info: [HTTP] <-- POST /wd/hub/session/32dec263-633b-4938-97be-a28bc6fab961/appium/app/close 200 862 ms - 76 
