2017-05-31 07:02:18:438 - info: [Appium] Welcome to Appium v1.6.5
2017-05-31 07:02:18:438 - info: [Appium] Non-default server args:
2017-05-31 07:02:18:438 - info: [Appium]   address: 127.0.0.1
2017-05-31 07:02:18:438 - info: [Appium]   log: D:\workSpace\EclipseProjects\AppiumForEclipse\log\1496214132178.log
2017-05-31 07:02:18:517 - info: [Appium] Appium REST http interface listener started on 127.0.0.1:4723
2017-05-31 07:02:18:798 - info: [HTTP] --> GET /wd/hub/status {}
2017-05-31 07:02:18:798 - info: [debug] [MJSONWP] Calling AppiumDriver.getStatus() with args: []
2017-05-31 07:02:18:844 - info: [debug] [MJSONWP] Responding to client with driver.getStatus() result: {"build":{"version":"1.6.5","revision":null}}
2017-05-31 07:02:18:844 - info: [HTTP] <-- GET /wd/hub/status 200 51 ms - 83 
2017-05-31 07:02:18:844 - info: [HTTP] --> GET /wd/hub/status {}
2017-05-31 07:02:18:844 - info: [debug] [MJSONWP] Calling AppiumDriver.getStatus() with args: []
2017-05-31 07:02:18:891 - info: [debug] [MJSONWP] Responding to client with driver.getStatus() result: {"build":{"version":"1.6.5","revision":null}}
2017-05-31 07:02:18:891 - info: [HTTP] <-- GET /wd/hub/status 200 43 ms - 83 
2017-05-31 07:02:19:531 - info: [HTTP] --> POST /wd/hub/session {"desiredCapabilities":{"appPackage":"com.play.android","appActivity":"com.play.android.activity.SplashActivity","app":"D:\\workSpace\\EclipseProjects\\AppiumForEclipse\\apps\\play.apk","noSign":"True","unicodeKeyboard":"True","platformName":"Android","deviceName":"022TAS7N51009853","resetKeyboard":"True"}}
2017-05-31 07:02:19:546 - info: [debug] [MJSONWP] Calling AppiumDriver.createSession() with args: [{"appPackage":"com.play.android","appActivity":"com.play.android.activity.SplashActivity","app":"D:\\workSpace\\EclipseProjects\\AppiumForEclipse\\apps\\play.apk","noSign":"True","unicodeKeyboard":"True","platformName":"Android","deviceName":"022TAS7N51009853","resetKeyboard":"True"},null,null]
2017-05-31 07:02:19:546 - info: [debug] [BaseDriver] Event 'newSessionRequested' logged at 1496214139546 (15:02:19 GMT+0800 (中国标准时间))
2017-05-31 07:02:19:546 - info: [Appium] Creating new AndroidDriver (v1.20.0) session
2017-05-31 07:02:19:546 - info: [Appium] Capabilities:
2017-05-31 07:02:19:546 - info: [Appium]   appPackage: 'com.play.android'
2017-05-31 07:02:19:546 - info: [Appium]   appActivity: 'com.play.android.activity.SplashActivity'
2017-05-31 07:02:19:546 - info: [Appium]   app: 'D:\\workSpace\\EclipseProjects\\AppiumForEclipse\\apps\\play.apk'
2017-05-31 07:02:19:546 - info: [Appium]   noSign: 'True'
2017-05-31 07:02:19:546 - info: [Appium]   unicodeKeyboard: 'True'
2017-05-31 07:02:19:546 - info: [Appium]   platformName: 'Android'
2017-05-31 07:02:19:546 - info: [Appium]   deviceName: '022TAS7N51009853'
2017-05-31 07:02:19:546 - info: [Appium]   resetKeyboard: 'True'
2017-05-31 07:02:19:546 - info: [debug] [AndroidDriver] AndroidDriver version: 1.20.0
2017-05-31 07:02:19:562 - warn: [BaseDriver] Capability 'unicodeKeyboard' changed from string to boolean. This may cause unexpected behavior
2017-05-31 07:02:19:562 - warn: [BaseDriver] Capability 'resetKeyboard' changed from string to boolean. This may cause unexpected behavior
2017-05-31 07:02:19:562 - warn: [BaseDriver] Capability 'noSign' changed from string to boolean. This may cause unexpected behavior
2017-05-31 07:02:19:562 - info: [BaseDriver] Session created with session id: 81367bda-91ca-4410-9381-70d9ce3b0efa
2017-05-31 07:02:19:562 - info: [debug] [AndroidDriver] Getting Java version
2017-05-31 07:02:19:706 - info: [AndroidDriver] Java version is: 1.8.0_121
2017-05-31 07:02:19:706 - info: [ADB] Checking whether adb is present
2017-05-31 07:02:19:706 - info: [ADB] Using adb.exe from D:\SoftWare\SDK\platform-tools\adb.exe
2017-05-31 07:02:19:706 - info: [AndroidDriver] Retrieving device list
2017-05-31 07:02:19:706 - info: [debug] [ADB] Trying to find a connected android device
2017-05-31 07:02:19:706 - info: [debug] [ADB] Getting connected devices...
2017-05-31 07:02:19:738 - info: [debug] [ADB] 1 device(s) connected
2017-05-31 07:02:19:738 - info: [AndroidDriver] Using device: 022TAS7N51009853
2017-05-31 07:02:19:738 - info: [ADB] Checking whether adb is present
2017-05-31 07:02:19:738 - info: [ADB] Using adb.exe from D:\SoftWare\SDK\platform-tools\adb.exe
2017-05-31 07:02:19:738 - info: [debug] [ADB] Setting device id to 022TAS7N51009853
2017-05-31 07:02:19:738 - info: [BaseDriver] Using local app 'D:\workSpace\EclipseProjects\AppiumForEclipse\apps\play.apk'
2017-05-31 07:02:19:738 - info: [debug] [AndroidDriver] Checking whether app is actually present
2017-05-31 07:02:19:738 - info: [AndroidDriver] Starting Android session
2017-05-31 07:02:19:753 - info: [debug] [ADB] Running 'D:\SoftWare\SDK\platform-tools\adb.exe' with args: ["-P",5037,"-s","022TAS7N51009853","wait-for-device"]
2017-05-31 07:02:19:769 - info: [debug] [ADB] Getting connected devices...
2017-05-31 07:02:19:800 - info: [debug] [ADB] 1 device(s) connected
2017-05-31 07:02:19:800 - info: [debug] [ADB] Running 'D:\SoftWare\SDK\platform-tools\adb.exe' with args: ["-P",5037,"-s","022TAS7N51009853","shell","echo","ping"]
2017-05-31 07:02:19:847 - info: [debug] [Logcat] Starting logcat capture
2017-05-31 07:02:19:878 - info: [debug] [AndroidDriver] Enabling Unicode keyboard support
2017-05-31 07:02:19:878 - info: [debug] [AndroidDriver] Pushing unicode ime to device...
2017-05-31 07:02:19:878 - info: [debug] [ADB] Running 'D:\SoftWare\SDK\platform-tools\adb.exe' with args: ["-P",5037,"-s","022TAS7N51009853","install","D:\\MyProgram\\nodejs\\node_modules\\appium\\node_modules\\appium-android-ime\\bin\\UnicodeIME-debug.apk"]
2017-05-31 07:02:21:489 - info: [debug] [ADB] Getting connected devices...
2017-05-31 07:02:21:537 - info: [debug] [ADB] 1 device(s) connected
2017-05-31 07:02:21:537 - info: [debug] [ADB] Running 'D:\SoftWare\SDK\platform-tools\adb.exe' with args: ["-P",5037,"-s","022TAS7N51009853","shell","settings","get","secure","default_input_method"]
2017-05-31 07:02:22:598 - info: [debug] [AndroidDriver] Unsetting previous IME com.baidu.input_huawei/.ImeService
2017-05-31 07:02:22:614 - info: [debug] [AndroidDriver] Setting IME to 'io.appium.android.ime/.UnicodeIME'
2017-05-31 07:02:22:614 - info: [debug] [ADB] Getting connected devices...
2017-05-31 07:02:22:646 - info: [debug] [ADB] 1 device(s) connected
2017-05-31 07:02:22:646 - info: [debug] [ADB] Running 'D:\SoftWare\SDK\platform-tools\adb.exe' with args: ["-P",5037,"-s","022TAS7N51009853","shell","ime","enable","io.appium.android.ime/.UnicodeIME"]
2017-05-31 07:02:23:769 - info: [debug] [ADB] Getting connected devices...
2017-05-31 07:02:23:802 - info: [debug] [ADB] 1 device(s) connected
2017-05-31 07:02:23:802 - info: [debug] [ADB] Running 'D:\SoftWare\SDK\platform-tools\adb.exe' with args: ["-P",5037,"-s","022TAS7N51009853","shell","ime","set","io.appium.android.ime/.UnicodeIME"]
2017-05-31 07:02:24:896 - info: [debug] [AndroidDriver] Pushing settings apk to device...
2017-05-31 07:02:24:911 - info: [debug] [ADB] Getting install status for io.appium.settings
2017-05-31 07:02:24:911 - info: [debug] [ADB] Getting connected devices...
2017-05-31 07:02:24:943 - info: [debug] [ADB] 1 device(s) connected
2017-05-31 07:02:24:943 - info: [debug] [ADB] Running 'D:\SoftWare\SDK\platform-tools\adb.exe' with args: ["-P",5037,"-s","022TAS7N51009853","shell","pm","list","packages","io.appium.settings"]
2017-05-31 07:02:26:085 - info: [debug] [ADB] App is installed
2017-05-31 07:02:26:101 - info: [debug] [ADB] Getting package info for io.appium.settings
2017-05-31 07:02:26:101 - info: [debug] [ADB] Getting connected devices...
2017-05-31 07:02:26:132 - info: [ADB] Checking whether aapt is present
2017-05-31 07:02:26:132 - info: [ADB] Using aapt.exe from D:\SoftWare\SDK\build-tools\24.0.3\aapt.exe
2017-05-31 07:02:26:149 - info: [debug] [ADB] 1 device(s) connected
2017-05-31 07:02:26:149 - info: [debug] [ADB] Running 'D:\SoftWare\SDK\platform-tools\adb.exe' with args: ["-P",5037,"-s","022TAS7N51009853","shell","dumpsys","package","io.appium.settings"]
2017-05-31 07:02:26:164 - warn: [ADB] Cannot read version codes of D:\MyProgram\nodejs\node_modules\appium\node_modules\io.appium.settings\app\build\outputs\apk\settings_apk-debug.apk and/or io.appium.settings. Assuming correct app version is already installed
2017-05-31 07:02:26:164 - info: [debug] [ADB] Getting connected devices...
2017-05-31 07:02:26:180 - info: [debug] [ADB] 1 device(s) connected
2017-05-31 07:02:26:180 - info: [debug] [ADB] Running 'D:\SoftWare\SDK\platform-tools\adb.exe' with args: ["-P",5037,"-s","022TAS7N51009853","shell","getprop","ro.build.version.sdk"]
2017-05-31 07:02:26:227 - info: [debug] [ADB] Device API level: 19
2017-05-31 07:02:26:227 - info: [debug] [ADB] Getting connected devices...
2017-05-31 07:02:26:258 - info: [debug] [ADB] 1 device(s) connected
2017-05-31 07:02:26:258 - info: [debug] [ADB] Running 'D:\SoftWare\SDK\platform-tools\adb.exe' with args: ["-P",5037,"-s","022TAS7N51009853","shell","dumpsys","package","io.appium.settings"]
2017-05-31 07:02:26:305 - info: [debug] [AndroidDriver] Pushing unlock helper app to device...
2017-05-31 07:02:26:305 - info: [debug] [ADB] Running 'D:\SoftWare\SDK\platform-tools\adb.exe' with args: ["-P",5037,"-s","022TAS7N51009853","install","D:\\MyProgram\\nodejs\\node_modules\\appium\\node_modules\\appium-unlock\\bin\\unlock_apk-debug.apk"]
2017-05-31 07:02:27:615 - info: [debug] [ADB] Device API level: 19
2017-05-31 07:02:27:631 - info: [debug] [ADB] Getting connected devices...
2017-05-31 07:02:27:694 - info: [debug] [ADB] 1 device(s) connected
2017-05-31 07:02:27:694 - info: [debug] [ADB] Running 'D:\SoftWare\SDK\platform-tools\adb.exe' with args: ["-P",5037,"-s","022TAS7N51009853","shell","settings","put","secure","mock_location","1"]
2017-05-31 07:02:28:805 - info: [ADB] Getting device platform version
2017-05-31 07:02:28:805 - info: [debug] [ADB] Getting connected devices...
2017-05-31 07:02:28:842 - info: [debug] [ADB] 1 device(s) connected
2017-05-31 07:02:28:843 - info: [debug] [ADB] Running 'D:\SoftWare\SDK\platform-tools\adb.exe' with args: ["-P",5037,"-s","022TAS7N51009853","shell","getprop","ro.build.version.release"]
2017-05-31 07:02:28:911 - info: [debug] [ADB] Getting connected devices...
2017-05-31 07:02:28:935 - info: [debug] [ADB] 1 device(s) connected
2017-05-31 07:02:28:935 - info: [debug] [ADB] Running 'D:\SoftWare\SDK\platform-tools\adb.exe' with args: ["-P",5037,"-s","022TAS7N51009853","shell","wm","size"]
2017-05-31 07:02:30:027 - info: [debug] [ADB] Getting connected devices...
2017-05-31 07:02:30:060 - info: [debug] [ADB] 1 device(s) connected
2017-05-31 07:02:30:061 - info: [debug] [ADB] Running 'D:\SoftWare\SDK\platform-tools\adb.exe' with args: ["-P",5037,"-s","022TAS7N51009853","shell","getprop","ro.product.model"]
2017-05-31 07:02:30:104 - info: [debug] [ADB] Current device property 'ro.product.model': HUAWEI P6 S-U06
2017-05-31 07:02:30:105 - info: [debug] [ADB] Getting connected devices...
2017-05-31 07:02:30:132 - info: [debug] [ADB] 1 device(s) connected
2017-05-31 07:02:30:132 - info: [debug] [ADB] Running 'D:\SoftWare\SDK\platform-tools\adb.exe' with args: ["-P",5037,"-s","022TAS7N51009853","shell","getprop","ro.product.manufacturer"]
2017-05-31 07:02:30:176 - info: [debug] [ADB] Current device property 'ro.product.manufacturer': HUAWEI
2017-05-31 07:02:30:305 - info: [AndroidDriver] Remote apk path is /data/local/tmp/42e2f15827830994ee5f75a4ff734348.apk
2017-05-31 07:02:30:306 - info: [debug] [ADB] Getting connected devices...
2017-05-31 07:02:30:329 - info: [debug] [ADB] 1 device(s) connected
2017-05-31 07:02:30:329 - info: [debug] [ADB] Running 'D:\SoftWare\SDK\platform-tools\adb.exe' with args: ["-P",5037,"-s","022TAS7N51009853","shell","ls","/data/local/tmp/42e2f15827830994ee5f75a4ff734348.apk"]
2017-05-31 07:02:30:389 - info: [debug] [AndroidDriver] Checking if app is installed
2017-05-31 07:02:30:390 - info: [debug] [ADB] Getting install status for com.play.android
2017-05-31 07:02:30:390 - info: [debug] [ADB] Getting connected devices...
2017-05-31 07:02:30:431 - info: [debug] [ADB] 1 device(s) connected
2017-05-31 07:02:30:431 - info: [debug] [ADB] Running 'D:\SoftWare\SDK\platform-tools\adb.exe' with args: ["-P",5037,"-s","022TAS7N51009853","shell","pm","list","packages","com.play.android"]
2017-05-31 07:02:31:543 - info: [debug] [ADB] App is installed
2017-05-31 07:02:31:543 - info: [AndroidDriver] Apk is already on remote and installed, resetting
2017-05-31 07:02:31:543 - info: [debug] [AndroidDriver] Running fast reset (stop and clear)
2017-05-31 07:02:31:543 - info: [debug] [ADB] Getting connected devices...
2017-05-31 07:02:31:575 - info: [debug] [ADB] 1 device(s) connected
2017-05-31 07:02:31:575 - info: [debug] [ADB] Running 'D:\SoftWare\SDK\platform-tools\adb.exe' with args: ["-P",5037,"-s","022TAS7N51009853","shell","am","force-stop","com.play.android"]
2017-05-31 07:02:32:698 - info: [debug] [ADB] Getting connected devices...
2017-05-31 07:02:32:730 - info: [debug] [ADB] 1 device(s) connected
2017-05-31 07:02:32:730 - info: [debug] [ADB] Running 'D:\SoftWare\SDK\platform-tools\adb.exe' with args: ["-P",5037,"-s","022TAS7N51009853","shell","pm","clear","com.play.android"]
2017-05-31 07:02:33:964 - info: [debug] [AndroidDriver] Extracting strings from apk D:\workSpace\EclipseProjects\AppiumForEclipse\apps\play.apk null C:\Users\ADMINI~1\AppData\Local\Temp\com.play.android
2017-05-31 07:02:33:964 - info: [debug] [ADB] Extracting strings for language: default
2017-05-31 07:02:33:964 - info: [debug] [ADB] Device API level: 19
2017-05-31 07:02:33:964 - info: [debug] [ADB] Getting connected devices...
2017-05-31 07:02:34:011 - info: [debug] [ADB] 1 device(s) connected
2017-05-31 07:02:34:011 - info: [debug] [ADB] Running 'D:\SoftWare\SDK\platform-tools\adb.exe' with args: ["-P",5037,"-s","022TAS7N51009853","shell","getprop","persist.sys.language"]
2017-05-31 07:02:34:043 - info: [debug] [ADB] Current device property 'persist.sys.language': zh
2017-05-31 07:02:35:247 - info: [debug] [ADB] Reading strings from converted strings.json
2017-05-31 07:02:35:262 - info: [debug] [ADB] Running 'D:\SoftWare\SDK\platform-tools\adb.exe' with args: ["-P",5037,"-s","022TAS7N51009853","push","C:\\Users\\ADMINI~1\\AppData\\Local\\Temp\\com.play.android\\strings.json","/data/local/tmp"]
2017-05-31 07:02:35:295 - info: [debug] [AndroidBootstrap] Watching for bootstrap disconnect
2017-05-31 07:02:35:295 - info: [debug] [ADB] Forwarding system: 4724 to device: 4724
2017-05-31 07:02:35:295 - info: [debug] [ADB] Running 'D:\SoftWare\SDK\platform-tools\adb.exe' with args: ["-P",5037,"-s","022TAS7N51009853","forward","tcp:4724","tcp:4724"]
2017-05-31 07:02:35:295 - info: [debug] [UiAutomator] Starting UiAutomator
2017-05-31 07:02:35:295 - info: [debug] [UiAutomator] Moving to state 'starting'
2017-05-31 07:02:35:295 - info: [debug] [UiAutomator] Parsing uiautomator jar
2017-05-31 07:02:35:295 - info: [debug] [UiAutomator] Found jar name: 'AppiumBootstrap.jar'
2017-05-31 07:02:35:295 - info: [debug] [ADB] Running 'D:\SoftWare\SDK\platform-tools\adb.exe' with args: ["-P",5037,"-s","022TAS7N51009853","push","D:\\MyProgram\\nodejs\\node_modules\\appium\\node_modules\\appium-android-bootstrap\\bootstrap\\bin\\AppiumBootstrap.jar","/data/local/tmp/"]
2017-05-31 07:02:35:341 - info: [debug] [ADB] Attempting to kill all uiautomator processes
2017-05-31 07:02:35:341 - info: [debug] [ADB] Getting all processes with uiautomator
2017-05-31 07:02:35:341 - info: [debug] [ADB] Getting connected devices...
2017-05-31 07:02:35:373 - info: [debug] [ADB] 1 device(s) connected
2017-05-31 07:02:35:373 - info: [debug] [ADB] Running 'D:\SoftWare\SDK\platform-tools\adb.exe' with args: ["-P",5037,"-s","022TAS7N51009853","shell","ps"]
2017-05-31 07:02:35:466 - info: [ADB] No uiautomator process found to kill, continuing...
2017-05-31 07:02:35:466 - info: [debug] [UiAutomator] Starting UIAutomator
2017-05-31 07:02:35:466 - info: [debug] [ADB] Creating ADB subprocess with args: ["-P",5037,"-s","022TAS7N51009853","shell","uiautomator","runtest","AppiumBootstrap.jar","-c","io.appium.android.bootstrap.Bootstrap","-e","pkg","com.play.android","-e","disableAndroidWatchers",false,"-e","acceptSslCerts",false]
2017-05-31 07:02:36:450 - info: [debug] [UiAutomator] Moving to state 'online'
2017-05-31 07:02:36:466 - info: [AndroidBootstrap] Android bootstrap socket is now connected
2017-05-31 07:02:36:466 - info: [debug] [ADB] Getting connected devices...
2017-05-31 07:02:36:482 - info: [AndroidBootstrap] [BOOTSTRAP LOG] [debug] json loading complete.
2017-05-31 07:02:36:482 - info: [AndroidBootstrap] [BOOTSTRAP LOG] [debug] Registered crash watchers.
2017-05-31 07:02:36:498 - info: [AndroidBootstrap] [BOOTSTRAP LOG] [debug] Client connected
2017-05-31 07:02:36:498 - info: [debug] [ADB] 1 device(s) connected
2017-05-31 07:02:36:498 - info: [debug] [ADB] Running 'D:\SoftWare\SDK\platform-tools\adb.exe' with args: ["-P",5037,"-s","022TAS7N51009853","shell","dumpsys","window"]
2017-05-31 07:02:36:576 - info: [AndroidDriver] Screen already unlocked, doing nothing
2017-05-31 07:02:36:576 - info: [debug] [ADB] Device API level: 19
2017-05-31 07:02:36:576 - info: [debug] [ADB] Getting connected devices...
2017-05-31 07:02:36:607 - info: [debug] [ADB] 1 device(s) connected
2017-05-31 07:02:36:607 - info: [debug] [ADB] Running 'D:\SoftWare\SDK\platform-tools\adb.exe' with args: ["-P",5037,"-s","022TAS7N51009853","shell","am","start","-W","-n","com.play.android/com.play.android.activity.SplashActivity","-S","-a","android.intent.action.MAIN","-c","android.intent.category.LAUNCHER","-f","0x10200000"]
2017-05-31 07:02:46:032 - info: [Appium] New AndroidDriver session created successfully, session 81367bda-91ca-4410-9381-70d9ce3b0efa added to master session list
2017-05-31 07:02:46:032 - info: [debug] [BaseDriver] Event 'newSessionStarted' logged at 1496214166032 (15:02:46 GMT+0800 (中国标准时间))
2017-05-31 07:02:46:032 - info: [debug] [MJSONWP] Responding to client with driver.createSession() result: {"platform":"LINUX","webStorageEnabled":false,"takesScreenshot":true,"javascriptEnabled":true,"databaseEnabled":false,"networkConnectionEnabled":true,"locationContextEnabled":false,"warnings":{},"desired":{"appPackage":"com.play.android","appActivity":"com.play.android.activity.SplashActivity","app":"D:\\workSpace\\EclipseProjects\\AppiumForEclipse\\apps\\play.apk","noSign":true,"unicodeKeyboard":true,"platformName":"Android","deviceName":"022TAS7N51009853","resetKeyboard":true},"appPackage":"com.play.android","appActivity":"com.play.android.activity.SplashActivity","app":"D:\\workSpace\\EclipseProjects\\AppiumForEclipse\\apps\\play.apk","noSign":true,"unicodeKeyboard":true,"platformName":"Android","deviceName":"022TAS7N51009853","resetKeyboard":true,"deviceUDID":"022TAS7N51009853","platformVersion":"4.4.2","deviceScreenSize":"720x1280","deviceModel":"HUAWEI P6 S-U06","deviceManufacturer":"HUAWEI"}
2017-05-31 07:02:46:032 - info: [HTTP] <-- POST /wd/hub/session 200 26489 ms - 983 
2017-05-31 07:02:47:871 - info: [HTTP] --> POST /wd/hub/session/81367bda-91ca-4410-9381-70d9ce3b0efa/timeouts {"type":"implicit","ms":20000}
2017-05-31 07:02:47:871 - info: [debug] [MJSONWP] Calling AppiumDriver.timeouts() with args: ["implicit",20000,"81367bda-91ca-4410-9381-70d9ce3b0efa"]
2017-05-31 07:02:47:871 - info: [debug] [BaseDriver] Set implicit wait to 20000ms
2017-05-31 07:02:47:871 - info: [debug] [MJSONWP] Responding to client with driver.timeouts() result: null
2017-05-31 07:02:47:871 - info: [HTTP] <-- POST /wd/hub/session/81367bda-91ca-4410-9381-70d9ce3b0efa/timeouts 200 5 ms - 76 
2017-05-31 07:02:48:108 - info: [HTTP] --> POST /wd/hub/session/81367bda-91ca-4410-9381-70d9ce3b0efa/timeouts {"type":"implicit","ms":0}
2017-05-31 07:02:48:108 - info: [debug] [MJSONWP] Calling AppiumDriver.timeouts() with args: ["implicit",0,"81367bda-91ca-4410-9381-70d9ce3b0efa"]
2017-05-31 07:02:48:108 - info: [debug] [BaseDriver] Set implicit wait to 0ms
2017-05-31 07:02:48:108 - info: [debug] [MJSONWP] Responding to client with driver.timeouts() result: null
2017-05-31 07:02:48:108 - info: [HTTP] <-- POST /wd/hub/session/81367bda-91ca-4410-9381-70d9ce3b0efa/timeouts 200 4 ms - 76 
2017-05-31 07:02:48:139 - info: [HTTP] --> GET /wd/hub/session/81367bda-91ca-4410-9381-70d9ce3b0efa/context {}
2017-05-31 07:02:48:139 - info: [debug] [MJSONWP] Calling AppiumDriver.getCurrentContext() with args: ["81367bda-91ca-4410-9381-70d9ce3b0efa"]
2017-05-31 07:02:48:139 - info: [debug] [MJSONWP] Responding to client with driver.getCurrentContext() result: "NATIVE_APP"
2017-05-31 07:02:48:139 - info: [HTTP] <-- GET /wd/hub/session/81367bda-91ca-4410-9381-70d9ce3b0efa/context 200 6 ms - 84 
2017-05-31 07:02:48:155 - info: [HTTP] --> POST /wd/hub/session/81367bda-91ca-4410-9381-70d9ce3b0efa/elements {"using":"id","value":"com.play.android:id/btn_profile"}
2017-05-31 07:02:48:155 - info: [debug] [MJSONWP] Calling AppiumDriver.findElements() with args: ["id","com.play.android:id/btn_profile","81367bda-91ca-4410-9381-70d9ce3b0efa"]
2017-05-31 07:02:48:155 - info: [debug] [BaseDriver] Valid locator strategies for this request: xpath, id, class name, accessibility id, -android uiautomator
2017-05-31 07:02:48:155 - info: [debug] [BaseDriver] Valid locator strategies for this request: xpath, id, class name, accessibility id, -android uiautomator
2017-05-31 07:02:48:155 - info: [debug] [BaseDriver] Waiting up to 0 ms for condition
2017-05-31 07:02:48:155 - info: [debug] [AndroidBootstrap] Sending command to android: {"cmd":"action","action":"find","params":{"strategy":"id","selector":"com.play.android:id/btn_profile","context":"","multiple":true}}
2017-05-31 07:02:48:155 - info: [AndroidBootstrap] [BOOTSTRAP LOG] [debug] Got data from client: {"cmd":"action","action":"find","params":{"strategy":"id","selector":"com.play.android:id/btn_profile","context":"","multiple":true}}
2017-05-31 07:02:48:170 - info: [AndroidBootstrap] [BOOTSTRAP LOG] [debug] Got command of type ACTION
2017-05-31 07:02:48:170 - info: [AndroidBootstrap] [BOOTSTRAP LOG] [debug] Got command action: find
2017-05-31 07:02:48:170 - info: [AndroidBootstrap] [BOOTSTRAP LOG] [debug] Finding 'com.play.android:id/btn_profile' using 'ID' with the contextId: '' multiple: true
2017-05-31 07:02:48:170 - info: [AndroidBootstrap] [BOOTSTRAP LOG] [debug] Using: UiSelector[RESOURCE_ID=com.play.android:id/btn_profile]
2017-05-31 07:02:48:170 - info: [AndroidBootstrap] [BOOTSTRAP LOG] [debug] getElements selector:UiSelector[RESOURCE_ID=com.play.android:id/btn_profile]
2017-05-31 07:02:48:170 - info: [AndroidBootstrap] [BOOTSTRAP LOG] [debug] Element[] is null: (0)
2017-05-31 07:02:48:170 - info: [AndroidBootstrap] [BOOTSTRAP LOG] [debug] getElements tmp selector:UiSelector[INSTANCE=0, RESOURCE_ID=com.play.android:id/btn_profile]
2017-05-31 07:02:48:217 - info: [AndroidBootstrap] [BOOTSTRAP LOG] [debug] Element[] is null: (1)
2017-05-31 07:02:48:217 - info: [AndroidBootstrap] [BOOTSTRAP LOG] [debug] getElements tmp selector:UiSelector[INSTANCE=1, RESOURCE_ID=com.play.android:id/btn_profile]
2017-05-31 07:02:48:592 - info: [AndroidBootstrap] [BOOTSTRAP LOG] [debug] Returning result: {"value":[{"ELEMENT":"1"}],"status":0}
2017-05-31 07:02:48:592 - info: [debug] [AndroidBootstrap] Received command result from bootstrap
2017-05-31 07:02:48:608 - info: [debug] [MJSONWP] Responding to client with driver.findElements() result: [{"ELEMENT":"1"}]
2017-05-31 07:02:48:608 - info: [HTTP] <-- POST /wd/hub/session/81367bda-91ca-4410-9381-70d9ce3b0efa/elements 200 454 ms - 89 
2017-05-31 07:02:48:857 - info: [HTTP] --> POST /wd/hub/session/81367bda-91ca-4410-9381-70d9ce3b0efa/timeouts {"type":"implicit","ms":5000}
2017-05-31 07:02:48:857 - info: [debug] [MJSONWP] Calling AppiumDriver.timeouts() with args: ["implicit",5000,"81367bda-91ca-4410-9381-70d9ce3b0efa"]
2017-05-31 07:02:48:857 - info: [debug] [BaseDriver] Set implicit wait to 5000ms
2017-05-31 07:02:48:857 - info: [debug] [MJSONWP] Responding to client with driver.timeouts() result: null
2017-05-31 07:02:48:857 - info: [HTTP] <-- POST /wd/hub/session/81367bda-91ca-4410-9381-70d9ce3b0efa/timeouts 200 4 ms - 76 
2017-05-31 07:02:48:888 - info: [HTTP] --> POST /wd/hub/session/81367bda-91ca-4410-9381-70d9ce3b0efa/element/1/click {"id":"1"}
2017-05-31 07:02:48:888 - info: [debug] [MJSONWP] Calling AppiumDriver.click() with args: ["1","81367bda-91ca-4410-9381-70d9ce3b0efa"]
2017-05-31 07:02:48:888 - info: [debug] [AndroidBootstrap] Sending command to android: {"cmd":"action","action":"element:click","params":{"elementId":"1"}}
2017-05-31 07:02:48:888 - info: [AndroidBootstrap] [BOOTSTRAP LOG] [debug] Got data from client: {"cmd":"action","action":"element:click","params":{"elementId":"1"}}
2017-05-31 07:02:48:888 - info: [AndroidBootstrap] [BOOTSTRAP LOG] [debug] Got command of type ACTION
2017-05-31 07:02:48:888 - info: [AndroidBootstrap] [BOOTSTRAP LOG] [debug] Got command action: click
2017-05-31 07:02:49:515 - info: [AndroidBootstrap] [BOOTSTRAP LOG] [debug] Returning result: {"value":true,"status":0}
2017-05-31 07:02:49:515 - info: [debug] [AndroidBootstrap] Received command result from bootstrap
2017-05-31 07:02:49:515 - info: [debug] [MJSONWP] Responding to client with driver.click() result: true
2017-05-31 07:02:49:515 - info: [HTTP] <-- POST /wd/hub/session/81367bda-91ca-4410-9381-70d9ce3b0efa/element/1/click 200 636 ms - 76 
2017-05-31 07:02:49:547 - info: [HTTP] --> GET /wd/hub/session/81367bda-91ca-4410-9381-70d9ce3b0efa/appium/device/current_activity {}
2017-05-31 07:02:49:547 - info: [debug] [MJSONWP] Calling AppiumDriver.getCurrentActivity() with args: ["81367bda-91ca-4410-9381-70d9ce3b0efa"]
2017-05-31 07:02:49:547 - info: [debug] [ADB] Getting focused package and activity
2017-05-31 07:02:49:547 - info: [debug] [ADB] Getting connected devices...
2017-05-31 07:02:49:578 - info: [debug] [ADB] 1 device(s) connected
2017-05-31 07:02:49:578 - info: [debug] [ADB] Running 'D:\SoftWare\SDK\platform-tools\adb.exe' with args: ["-P",5037,"-s","022TAS7N51009853","shell","dumpsys","window","windows"]
2017-05-31 07:02:49:671 - info: [debug] [MJSONWP] Responding to client with driver.getCurrentActivity() result: ".activity.member.LoginActivity"
2017-05-31 07:02:49:671 - info: [HTTP] <-- GET /wd/hub/session/81367bda-91ca-4410-9381-70d9ce3b0efa/appium/device/current_activity 200 124 ms - 104 
2017-05-31 07:02:49:718 - info: [HTTP] --> POST /wd/hub/session/81367bda-91ca-4410-9381-70d9ce3b0efa/timeouts {"type":"implicit","ms":0}
2017-05-31 07:02:49:718 - info: [debug] [MJSONWP] Calling AppiumDriver.timeouts() with args: ["implicit",0,"81367bda-91ca-4410-9381-70d9ce3b0efa"]
2017-05-31 07:02:49:718 - info: [debug] [BaseDriver] Set implicit wait to 0ms
2017-05-31 07:02:49:718 - info: [debug] [MJSONWP] Responding to client with driver.timeouts() result: null
2017-05-31 07:02:49:718 - info: [HTTP] <-- POST /wd/hub/session/81367bda-91ca-4410-9381-70d9ce3b0efa/timeouts 200 4 ms - 76 
2017-05-31 07:02:49:734 - info: [HTTP] --> GET /wd/hub/session/81367bda-91ca-4410-9381-70d9ce3b0efa/context {}
2017-05-31 07:02:49:734 - info: [debug] [MJSONWP] Calling AppiumDriver.getCurrentContext() with args: ["81367bda-91ca-4410-9381-70d9ce3b0efa"]
2017-05-31 07:02:49:734 - info: [debug] [MJSONWP] Responding to client with driver.getCurrentContext() result: "NATIVE_APP"
2017-05-31 07:02:49:734 - info: [HTTP] <-- GET /wd/hub/session/81367bda-91ca-4410-9381-70d9ce3b0efa/context 200 7 ms - 84 
2017-05-31 07:02:49:749 - info: [HTTP] --> POST /wd/hub/session/81367bda-91ca-4410-9381-70d9ce3b0efa/elements {"using":"id","value":"com.play.android:id/tv_account"}
2017-05-31 07:02:49:749 - info: [debug] [MJSONWP] Calling AppiumDriver.findElements() with args: ["id","com.play.android:id/tv_account","81367bda-91ca-4410-9381-70d9ce3b0efa"]
2017-05-31 07:02:49:749 - info: [debug] [BaseDriver] Valid locator strategies for this request: xpath, id, class name, accessibility id, -android uiautomator
2017-05-31 07:02:49:749 - info: [debug] [BaseDriver] Valid locator strategies for this request: xpath, id, class name, accessibility id, -android uiautomator
2017-05-31 07:02:49:749 - info: [debug] [BaseDriver] Waiting up to 0 ms for condition
2017-05-31 07:02:49:749 - info: [debug] [AndroidBootstrap] Sending command to android: {"cmd":"action","action":"find","params":{"strategy":"id","selector":"com.play.android:id/tv_account","context":"","multiple":true}}
2017-05-31 07:02:49:749 - info: [AndroidBootstrap] [BOOTSTRAP LOG] [debug] Got data from client: {"cmd":"action","action":"find","params":{"strategy":"id","selector":"com.play.android:id/tv_account","context":"","multiple":true}}
2017-05-31 07:02:49:749 - info: [AndroidBootstrap] [BOOTSTRAP LOG] [debug] Got command of type ACTION
2017-05-31 07:02:49:749 - info: [AndroidBootstrap] [BOOTSTRAP LOG] [debug] Got command action: find
2017-05-31 07:02:49:749 - info: [AndroidBootstrap] [BOOTSTRAP LOG] [debug] Finding 'com.play.android:id/tv_account' using 'ID' with the contextId: '' multiple: true
2017-05-31 07:02:49:749 - info: [AndroidBootstrap] [BOOTSTRAP LOG] [debug] Using: UiSelector[RESOURCE_ID=com.play.android:id/tv_account]
2017-05-31 07:02:49:749 - info: [AndroidBootstrap] [BOOTSTRAP LOG] [debug] getElements selector:UiSelector[RESOURCE_ID=com.play.android:id/tv_account]
2017-05-31 07:02:49:749 - info: [AndroidBootstrap] [BOOTSTRAP LOG] [debug] Element[] is null: (0)
2017-05-31 07:02:49:765 - info: [AndroidBootstrap] [BOOTSTRAP LOG] [debug] getElements tmp selector:UiSelector[INSTANCE=0, RESOURCE_ID=com.play.android:id/tv_account]
2017-05-31 07:02:50:217 - info: [AndroidBootstrap] [BOOTSTRAP LOG] [debug] Element[] is null: (1)
2017-05-31 07:02:50:217 - info: [AndroidBootstrap] [BOOTSTRAP LOG] [debug] getElements tmp selector:UiSelector[INSTANCE=1, RESOURCE_ID=com.play.android:id/tv_account]
2017-05-31 07:02:50:704 - info: [AndroidBootstrap] [BOOTSTRAP LOG] [debug] Returning result: {"value":[{"ELEMENT":"2"}],"status":0}
2017-05-31 07:02:50:704 - info: [debug] [AndroidBootstrap] Received command result from bootstrap
2017-05-31 07:02:50:704 - info: [debug] [MJSONWP] Responding to client with driver.findElements() result: [{"ELEMENT":"2"}]
2017-05-31 07:02:50:704 - info: [HTTP] <-- POST /wd/hub/session/81367bda-91ca-4410-9381-70d9ce3b0efa/elements 200 962 ms - 89 
2017-05-31 07:02:50:860 - info: [HTTP] --> POST /wd/hub/session/81367bda-91ca-4410-9381-70d9ce3b0efa/timeouts {"type":"implicit","ms":5000}
2017-05-31 07:02:50:860 - info: [debug] [MJSONWP] Calling AppiumDriver.timeouts() with args: ["implicit",5000,"81367bda-91ca-4410-9381-70d9ce3b0efa"]
2017-05-31 07:02:50:860 - info: [debug] [BaseDriver] Set implicit wait to 5000ms
2017-05-31 07:02:50:860 - info: [debug] [MJSONWP] Responding to client with driver.timeouts() result: null
2017-05-31 07:02:50:860 - info: [HTTP] <-- POST /wd/hub/session/81367bda-91ca-4410-9381-70d9ce3b0efa/timeouts 200 3 ms - 76 
2017-05-31 07:02:50:876 - info: [HTTP] --> POST /wd/hub/session/81367bda-91ca-4410-9381-70d9ce3b0efa/element/2/click {"id":"2"}
2017-05-31 07:02:50:876 - info: [debug] [MJSONWP] Calling AppiumDriver.click() with args: ["2","81367bda-91ca-4410-9381-70d9ce3b0efa"]
2017-05-31 07:02:50:876 - info: [debug] [AndroidBootstrap] Sending command to android: {"cmd":"action","action":"element:click","params":{"elementId":"2"}}
2017-05-31 07:02:50:876 - info: [AndroidBootstrap] [BOOTSTRAP LOG] [debug] Got data from client: {"cmd":"action","action":"element:click","params":{"elementId":"2"}}
2017-05-31 07:02:50:876 - info: [AndroidBootstrap] [BOOTSTRAP LOG] [debug] Got command of type ACTION
2017-05-31 07:02:50:876 - info: [AndroidBootstrap] [BOOTSTRAP LOG] [debug] Got command action: click
2017-05-31 07:02:51:078 - info: [AndroidBootstrap] [BOOTSTRAP LOG] [debug] Returning result: {"value":true,"status":0}
2017-05-31 07:02:51:078 - info: [debug] [AndroidBootstrap] Received command result from bootstrap
2017-05-31 07:02:51:078 - info: [debug] [MJSONWP] Responding to client with driver.click() result: true
2017-05-31 07:02:51:078 - info: [HTTP] <-- POST /wd/hub/session/81367bda-91ca-4410-9381-70d9ce3b0efa/element/2/click 200 204 ms - 76 
2017-05-31 07:02:51:125 - info: [HTTP] --> POST /wd/hub/session/81367bda-91ca-4410-9381-70d9ce3b0efa/timeouts {"type":"implicit","ms":0}
2017-05-31 07:02:51:125 - info: [debug] [MJSONWP] Calling AppiumDriver.timeouts() with args: ["implicit",0,"81367bda-91ca-4410-9381-70d9ce3b0efa"]
2017-05-31 07:02:51:125 - info: [debug] [BaseDriver] Set implicit wait to 0ms
2017-05-31 07:02:51:125 - info: [debug] [MJSONWP] Responding to client with driver.timeouts() result: null
2017-05-31 07:02:51:125 - info: [HTTP] <-- POST /wd/hub/session/81367bda-91ca-4410-9381-70d9ce3b0efa/timeouts 200 3 ms - 76 
2017-05-31 07:02:51:141 - info: [HTTP] --> GET /wd/hub/session/81367bda-91ca-4410-9381-70d9ce3b0efa/context {}
2017-05-31 07:02:51:141 - info: [debug] [MJSONWP] Calling AppiumDriver.getCurrentContext() with args: ["81367bda-91ca-4410-9381-70d9ce3b0efa"]
2017-05-31 07:02:51:141 - info: [debug] [MJSONWP] Responding to client with driver.getCurrentContext() result: "NATIVE_APP"
2017-05-31 07:02:51:141 - info: [HTTP] <-- GET /wd/hub/session/81367bda-91ca-4410-9381-70d9ce3b0efa/context 200 3 ms - 84 
2017-05-31 07:02:51:156 - info: [HTTP] --> POST /wd/hub/session/81367bda-91ca-4410-9381-70d9ce3b0efa/elements {"using":"id","value":"com.play.android:id/et_account"}
2017-05-31 07:02:51:156 - info: [debug] [MJSONWP] Calling AppiumDriver.findElements() with args: ["id","com.play.android:id/et_account","81367bda-91ca-4410-9381-70d9ce3b0efa"]
2017-05-31 07:02:51:156 - info: [debug] [BaseDriver] Valid locator strategies for this request: xpath, id, class name, accessibility id, -android uiautomator
2017-05-31 07:02:51:156 - info: [debug] [BaseDriver] Valid locator strategies for this request: xpath, id, class name, accessibility id, -android uiautomator
2017-05-31 07:02:51:156 - info: [debug] [BaseDriver] Waiting up to 0 ms for condition
2017-05-31 07:02:51:156 - info: [debug] [AndroidBootstrap] Sending command to android: {"cmd":"action","action":"find","params":{"strategy":"id","selector":"com.play.android:id/et_account","context":"","multiple":true}}
2017-05-31 07:02:51:156 - info: [AndroidBootstrap] [BOOTSTRAP LOG] [debug] Got data from client: {"cmd":"action","action":"find","params":{"strategy":"id","selector":"com.play.android:id/et_account","context":"","multiple":true}}
2017-05-31 07:02:51:156 - info: [AndroidBootstrap] [BOOTSTRAP LOG] [debug] Got command of type ACTION
2017-05-31 07:02:51:156 - info: [AndroidBootstrap] [BOOTSTRAP LOG] [debug] Got command action: find
2017-05-31 07:02:51:156 - info: [AndroidBootstrap] [BOOTSTRAP LOG] [debug] Finding 'com.play.android:id/et_account' using 'ID' with the contextId: '' multiple: true
2017-05-31 07:02:51:156 - info: [AndroidBootstrap] [BOOTSTRAP LOG] [debug] Using: UiSelector[RESOURCE_ID=com.play.android:id/et_account]
2017-05-31 07:02:51:156 - info: [AndroidBootstrap] [BOOTSTRAP LOG] [debug] getElements selector:UiSelector[RESOURCE_ID=com.play.android:id/et_account]
2017-05-31 07:02:51:156 - info: [AndroidBootstrap] [BOOTSTRAP LOG] [debug] Element[] is null: (0)
2017-05-31 07:02:51:156 - info: [AndroidBootstrap] [BOOTSTRAP LOG] [debug] getElements tmp selector:UiSelector[INSTANCE=0, RESOURCE_ID=com.play.android:id/et_account]
2017-05-31 07:02:51:798 - info: [AndroidBootstrap] [BOOTSTRAP LOG] [debug] Element[] is null: (1)
2017-05-31 07:02:51:798 - info: [AndroidBootstrap] [BOOTSTRAP LOG] [debug] getElements tmp selector:UiSelector[INSTANCE=1, RESOURCE_ID=com.play.android:id/et_account]
2017-05-31 07:02:52:392 - info: [AndroidBootstrap] [BOOTSTRAP LOG] [debug] Returning result: {"value":[{"ELEMENT":"3"}],"status":0}
2017-05-31 07:02:52:392 - info: [debug] [AndroidBootstrap] Received command result from bootstrap
2017-05-31 07:02:52:392 - info: [debug] [MJSONWP] Responding to client with driver.findElements() result: [{"ELEMENT":"3"}]
2017-05-31 07:02:52:392 - info: [HTTP] <-- POST /wd/hub/session/81367bda-91ca-4410-9381-70d9ce3b0efa/elements 200 1237 ms - 89 
2017-05-31 07:02:52:548 - info: [HTTP] --> POST /wd/hub/session/81367bda-91ca-4410-9381-70d9ce3b0efa/timeouts {"type":"implicit","ms":5000}
2017-05-31 07:02:52:548 - info: [debug] [MJSONWP] Calling AppiumDriver.timeouts() with args: ["implicit",5000,"81367bda-91ca-4410-9381-70d9ce3b0efa"]
2017-05-31 07:02:52:548 - info: [debug] [BaseDriver] Set implicit wait to 5000ms
2017-05-31 07:02:52:548 - info: [debug] [MJSONWP] Responding to client with driver.timeouts() result: null
2017-05-31 07:02:52:548 - info: [HTTP] <-- POST /wd/hub/session/81367bda-91ca-4410-9381-70d9ce3b0efa/timeouts 200 4 ms - 76 
2017-05-31 07:02:52:563 - info: [HTTP] --> POST /wd/hub/session/81367bda-91ca-4410-9381-70d9ce3b0efa/element/3/value {"id":"3","value":["18521035133"]}
2017-05-31 07:02:52:563 - info: [debug] [MJSONWP] Calling AppiumDriver.setValue() with args: [["18521035133"],"3","81367bda-91ca-4410-9381-70d9ce3b0efa"]
2017-05-31 07:02:52:563 - info: [debug] [AndroidBootstrap] Sending command to android: {"cmd":"action","action":"element:setText","params":{"elementId":"3","text":"18521035133","replace":false,"unicodeKeyboard":true}}
2017-05-31 07:02:52:563 - info: [AndroidBootstrap] [BOOTSTRAP LOG] [debug] Got data from client: {"cmd":"action","action":"element:setText","params":{"elementId":"3","text":"18521035133","replace":false,"unicodeKeyboard":true}}
2017-05-31 07:02:52:563 - info: [AndroidBootstrap] [BOOTSTRAP LOG] [debug] Got command of type ACTION
2017-05-31 07:02:52:563 - info: [AndroidBootstrap] [BOOTSTRAP LOG] [debug] Got command action: setText
2017-05-31 07:02:52:563 - info: [AndroidBootstrap] [BOOTSTRAP LOG] [debug] Using element passed in: 3
2017-05-31 07:02:52:595 - info: [AndroidBootstrap] [BOOTSTRAP LOG] [debug] Attempting to clear using UiObject.clearText().
2017-05-31 07:02:55:240 - info: [AndroidBootstrap] [BOOTSTRAP LOG] [debug] Text remains after clearing, but it appears to be hint text.
2017-05-31 07:02:55:283 - info: [AndroidBootstrap] [BOOTSTRAP LOG] [debug] Text not cleared. Assuming remainder is hint text.
2017-05-31 07:02:55:287 - info: [AndroidBootstrap] [BOOTSTRAP LOG] [debug] Sending plain text to element: 18521035133
2017-05-31 07:02:58:050 - info: [AndroidBootstrap] [BOOTSTRAP LOG] [debug] Returning result: {"value":true,"status":0}
2017-05-31 07:02:58:051 - info: [debug] [AndroidBootstrap] Received command result from bootstrap
2017-05-31 07:02:58:054 - info: [debug] [MJSONWP] Responding to client with driver.setValue() result: true
2017-05-31 07:02:58:055 - info: [HTTP] <-- POST /wd/hub/session/81367bda-91ca-4410-9381-70d9ce3b0efa/element/3/value 200 5488 ms - 76 
2017-05-31 07:02:58:164 - info: [HTTP] --> POST /wd/hub/session/81367bda-91ca-4410-9381-70d9ce3b0efa/timeouts {"type":"implicit","ms":0}
2017-05-31 07:02:58:166 - info: [debug] [MJSONWP] Calling AppiumDriver.timeouts() with args: ["implicit",0,"81367bda-91ca-4410-9381-70d9ce3b0efa"]
2017-05-31 07:02:58:167 - info: [debug] [BaseDriver] Set implicit wait to 0ms
2017-05-31 07:02:58:168 - info: [debug] [MJSONWP] Responding to client with driver.timeouts() result: null
2017-05-31 07:02:58:175 - info: [HTTP] <-- POST /wd/hub/session/81367bda-91ca-4410-9381-70d9ce3b0efa/timeouts 200 25 ms - 76 
2017-05-31 07:02:58:178 - info: [HTTP] --> GET /wd/hub/session/81367bda-91ca-4410-9381-70d9ce3b0efa/context {}
2017-05-31 07:02:58:178 - info: [debug] [MJSONWP] Calling AppiumDriver.getCurrentContext() with args: ["81367bda-91ca-4410-9381-70d9ce3b0efa"]
2017-05-31 07:02:58:179 - info: [debug] [MJSONWP] Responding to client with driver.getCurrentContext() result: "NATIVE_APP"
2017-05-31 07:02:58:180 - info: [HTTP] <-- GET /wd/hub/session/81367bda-91ca-4410-9381-70d9ce3b0efa/context 200 2 ms - 84 
2017-05-31 07:02:58:186 - info: [HTTP] --> POST /wd/hub/session/81367bda-91ca-4410-9381-70d9ce3b0efa/elements {"using":"id","value":"com.play.android:id/et_password"}
2017-05-31 07:02:58:187 - info: [debug] [MJSONWP] Calling AppiumDriver.findElements() with args: ["id","com.play.android:id/et_password","81367bda-91ca-4410-9381-70d9ce3b0efa"]
2017-05-31 07:02:58:187 - info: [debug] [BaseDriver] Valid locator strategies for this request: xpath, id, class name, accessibility id, -android uiautomator
2017-05-31 07:02:58:188 - info: [debug] [BaseDriver] Valid locator strategies for this request: xpath, id, class name, accessibility id, -android uiautomator
2017-05-31 07:02:58:188 - info: [debug] [BaseDriver] Waiting up to 0 ms for condition
2017-05-31 07:02:58:188 - info: [debug] [AndroidBootstrap] Sending command to android: {"cmd":"action","action":"find","params":{"strategy":"id","selector":"com.play.android:id/et_password","context":"","multiple":true}}
2017-05-31 07:02:58:193 - info: [AndroidBootstrap] [BOOTSTRAP LOG] [debug] Got data from client: {"cmd":"action","action":"find","params":{"strategy":"id","selector":"com.play.android:id/et_password","context":"","multiple":true}}
2017-05-31 07:02:58:194 - info: [AndroidBootstrap] [BOOTSTRAP LOG] [debug] Got command of type ACTION
2017-05-31 07:02:58:195 - info: [AndroidBootstrap] [BOOTSTRAP LOG] [debug] Got command action: find
2017-05-31 07:02:58:196 - info: [AndroidBootstrap] [BOOTSTRAP LOG] [debug] Finding 'com.play.android:id/et_password' using 'ID' with the contextId: '' multiple: true
2017-05-31 07:02:58:197 - info: [AndroidBootstrap] [BOOTSTRAP LOG] [debug] Using: UiSelector[RESOURCE_ID=com.play.android:id/et_password]
2017-05-31 07:02:58:198 - info: [AndroidBootstrap] [BOOTSTRAP LOG] [debug] getElements selector:UiSelector[RESOURCE_ID=com.play.android:id/et_password]
2017-05-31 07:02:58:200 - info: [AndroidBootstrap] [BOOTSTRAP LOG] [debug] Element[] is null: (0)
2017-05-31 07:02:58:200 - info: [AndroidBootstrap] [BOOTSTRAP LOG] [debug] getElements tmp selector:UiSelector[INSTANCE=0, RESOURCE_ID=com.play.android:id/et_password]
2017-05-31 07:02:58:603 - info: [AndroidBootstrap] [BOOTSTRAP LOG] [debug] Element[] is null: (1)
2017-05-31 07:02:58:605 - info: [AndroidBootstrap] [BOOTSTRAP LOG] [debug] getElements tmp selector:UiSelector[INSTANCE=1, RESOURCE_ID=com.play.android:id/et_password]
2017-05-31 07:02:58:648 - info: [AndroidBootstrap] [BOOTSTRAP LOG] [debug] Returning result: {"value":[{"ELEMENT":"4"}],"status":0}
2017-05-31 07:02:58:650 - info: [debug] [AndroidBootstrap] Received command result from bootstrap
2017-05-31 07:02:58:652 - info: [debug] [MJSONWP] Responding to client with driver.findElements() result: [{"ELEMENT":"4"}]
2017-05-31 07:02:58:654 - info: [HTTP] <-- POST /wd/hub/session/81367bda-91ca-4410-9381-70d9ce3b0efa/elements 200 467 ms - 89 
2017-05-31 07:02:58:786 - info: [HTTP] --> POST /wd/hub/session/81367bda-91ca-4410-9381-70d9ce3b0efa/timeouts {"type":"implicit","ms":5000}
2017-05-31 07:02:58:786 - info: [debug] [MJSONWP] Calling AppiumDriver.timeouts() with args: ["implicit",5000,"81367bda-91ca-4410-9381-70d9ce3b0efa"]
2017-05-31 07:02:58:787 - info: [debug] [BaseDriver] Set implicit wait to 5000ms
2017-05-31 07:02:58:788 - info: [debug] [MJSONWP] Responding to client with driver.timeouts() result: null
2017-05-31 07:02:58:789 - info: [HTTP] <-- POST /wd/hub/session/81367bda-91ca-4410-9381-70d9ce3b0efa/timeouts 200 2 ms - 76 
2017-05-31 07:02:58:797 - info: [HTTP] --> POST /wd/hub/session/81367bda-91ca-4410-9381-70d9ce3b0efa/element/4/value {"id":"4","value":["111111"]}
2017-05-31 07:02:58:798 - info: [debug] [MJSONWP] Calling AppiumDriver.setValue() with args: [["111111"],"4","81367bda-91ca-4410-9381-70d9ce3b0efa"]
2017-05-31 07:02:58:801 - info: [debug] [AndroidBootstrap] Sending command to android: {"cmd":"action","action":"element:setText","params":{"elementId":"4","text":"111111","replace":false,"unicodeKeyboard":true}}
2017-05-31 07:02:58:805 - info: [AndroidBootstrap] [BOOTSTRAP LOG] [debug] Got data from client: {"cmd":"action","action":"element:setText","params":{"elementId":"4","text":"111111","replace":false,"unicodeKeyboard":true}}
2017-05-31 07:02:58:809 - info: [AndroidBootstrap] [BOOTSTRAP LOG] [debug] Got command of type ACTION
2017-05-31 07:02:58:809 - info: [AndroidBootstrap] [BOOTSTRAP LOG] [debug] Got command action: setText
2017-05-31 07:02:58:809 - info: [AndroidBootstrap] [BOOTSTRAP LOG] [debug] Using element passed in: 4
2017-05-31 07:02:58:848 - info: [AndroidBootstrap] [BOOTSTRAP LOG] [debug] Attempting to clear using UiObject.clearText().
2017-05-31 07:03:01:304 - info: [AndroidBootstrap] [BOOTSTRAP LOG] [debug] Sending plain text to element: 111111
2017-05-31 07:03:03:863 - info: [AndroidBootstrap] [BOOTSTRAP LOG] [debug] Returning result: {"value":true,"status":0}
2017-05-31 07:03:03:864 - info: [debug] [AndroidBootstrap] Received command result from bootstrap
2017-05-31 07:03:03:866 - info: [debug] [MJSONWP] Responding to client with driver.setValue() result: true
2017-05-31 07:03:03:867 - info: [HTTP] <-- POST /wd/hub/session/81367bda-91ca-4410-9381-70d9ce3b0efa/element/4/value 200 5070 ms - 76 
2017-05-31 07:03:03:911 - info: [HTTP] --> POST /wd/hub/session/81367bda-91ca-4410-9381-70d9ce3b0efa/timeouts {"type":"implicit","ms":0}
2017-05-31 07:03:03:911 - info: [debug] [MJSONWP] Calling AppiumDriver.timeouts() with args: ["implicit",0,"81367bda-91ca-4410-9381-70d9ce3b0efa"]
2017-05-31 07:03:03:912 - info: [debug] [BaseDriver] Set implicit wait to 0ms
2017-05-31 07:03:03:912 - info: [debug] [MJSONWP] Responding to client with driver.timeouts() result: null
2017-05-31 07:03:03:913 - info: [HTTP] <-- POST /wd/hub/session/81367bda-91ca-4410-9381-70d9ce3b0efa/timeouts 200 2 ms - 76 
2017-05-31 07:03:03:924 - info: [HTTP] --> GET /wd/hub/session/81367bda-91ca-4410-9381-70d9ce3b0efa/context {}
2017-05-31 07:03:03:925 - info: [debug] [MJSONWP] Calling AppiumDriver.getCurrentContext() with args: ["81367bda-91ca-4410-9381-70d9ce3b0efa"]
2017-05-31 07:03:03:926 - info: [debug] [MJSONWP] Responding to client with driver.getCurrentContext() result: "NATIVE_APP"
2017-05-31 07:03:03:929 - info: [HTTP] <-- GET /wd/hub/session/81367bda-91ca-4410-9381-70d9ce3b0efa/context 200 4 ms - 84 
2017-05-31 07:03:03:937 - info: [HTTP] --> POST /wd/hub/session/81367bda-91ca-4410-9381-70d9ce3b0efa/elements {"using":"id","value":"com.play.android:id/btn_login"}
2017-05-31 07:03:03:938 - info: [debug] [MJSONWP] Calling AppiumDriver.findElements() with args: ["id","com.play.android:id/btn_login","81367bda-91ca-4410-9381-70d9ce3b0efa"]
2017-05-31 07:03:03:939 - info: [debug] [BaseDriver] Valid locator strategies for this request: xpath, id, class name, accessibility id, -android uiautomator
2017-05-31 07:03:03:939 - info: [debug] [BaseDriver] Valid locator strategies for this request: xpath, id, class name, accessibility id, -android uiautomator
2017-05-31 07:03:03:939 - info: [debug] [BaseDriver] Waiting up to 0 ms for condition
2017-05-31 07:03:03:940 - info: [debug] [AndroidBootstrap] Sending command to android: {"cmd":"action","action":"find","params":{"strategy":"id","selector":"com.play.android:id/btn_login","context":"","multiple":true}}
2017-05-31 07:03:03:946 - info: [AndroidBootstrap] [BOOTSTRAP LOG] [debug] Got data from client: {"cmd":"action","action":"find","params":{"strategy":"id","selector":"com.play.android:id/btn_login","context":"","multiple":true}}
2017-05-31 07:03:03:946 - info: [AndroidBootstrap] [BOOTSTRAP LOG] [debug] Got command of type ACTION
2017-05-31 07:03:03:946 - info: [AndroidBootstrap] [BOOTSTRAP LOG] [debug] Got command action: find
2017-05-31 07:03:03:946 - info: [AndroidBootstrap] [BOOTSTRAP LOG] [debug] Finding 'com.play.android:id/btn_login' using 'ID' with the contextId: '' multiple: true
2017-05-31 07:03:03:947 - info: [AndroidBootstrap] [BOOTSTRAP LOG] [debug] Using: UiSelector[RESOURCE_ID=com.play.android:id/btn_login]
2017-05-31 07:03:03:947 - info: [AndroidBootstrap] [BOOTSTRAP LOG] [debug] getElements selector:UiSelector[RESOURCE_ID=com.play.android:id/btn_login]
2017-05-31 07:03:03:947 - info: [AndroidBootstrap] [BOOTSTRAP LOG] [debug] Element[] is null: (0)
2017-05-31 07:03:03:947 - info: [AndroidBootstrap] [BOOTSTRAP LOG] [debug] getElements tmp selector:UiSelector[INSTANCE=0, RESOURCE_ID=com.play.android:id/btn_login]
2017-05-31 07:03:04:392 - info: [AndroidBootstrap] [BOOTSTRAP LOG] [debug] Element[] is null: (1)
2017-05-31 07:03:04:393 - info: [AndroidBootstrap] [BOOTSTRAP LOG] [debug] getElements tmp selector:UiSelector[INSTANCE=1, RESOURCE_ID=com.play.android:id/btn_login]
2017-05-31 07:03:04:462 - info: [AndroidBootstrap] [BOOTSTRAP LOG] [debug] Returning result: {"value":[{"ELEMENT":"5"}],"status":0}
2017-05-31 07:03:04:463 - info: [debug] [AndroidBootstrap] Received command result from bootstrap
2017-05-31 07:03:04:465 - info: [debug] [MJSONWP] Responding to client with driver.findElements() result: [{"ELEMENT":"5"}]
2017-05-31 07:03:04:483 - info: [HTTP] <-- POST /wd/hub/session/81367bda-91ca-4410-9381-70d9ce3b0efa/elements 200 529 ms - 89 
2017-05-31 07:03:04:583 - info: [HTTP] --> POST /wd/hub/session/81367bda-91ca-4410-9381-70d9ce3b0efa/timeouts {"type":"implicit","ms":5000}
2017-05-31 07:03:04:587 - info: [debug] [MJSONWP] Calling AppiumDriver.timeouts() with args: ["implicit",5000,"81367bda-91ca-4410-9381-70d9ce3b0efa"]
2017-05-31 07:03:04:591 - info: [debug] [BaseDriver] Set implicit wait to 5000ms
2017-05-31 07:03:04:593 - info: [debug] [MJSONWP] Responding to client with driver.timeouts() result: null
2017-05-31 07:03:04:595 - info: [HTTP] <-- POST /wd/hub/session/81367bda-91ca-4410-9381-70d9ce3b0efa/timeouts 200 11 ms - 76 
2017-05-31 07:03:04:603 - info: [HTTP] --> POST /wd/hub/session/81367bda-91ca-4410-9381-70d9ce3b0efa/element/5/click {"id":"5"}
2017-05-31 07:03:04:603 - info: [debug] [MJSONWP] Calling AppiumDriver.click() with args: ["5","81367bda-91ca-4410-9381-70d9ce3b0efa"]
2017-05-31 07:03:04:604 - info: [debug] [AndroidBootstrap] Sending command to android: {"cmd":"action","action":"element:click","params":{"elementId":"5"}}
2017-05-31 07:03:04:607 - info: [AndroidBootstrap] [BOOTSTRAP LOG] [debug] Got data from client: {"cmd":"action","action":"element:click","params":{"elementId":"5"}}
2017-05-31 07:03:04:607 - info: [AndroidBootstrap] [BOOTSTRAP LOG] [debug] Got command of type ACTION
2017-05-31 07:03:04:608 - info: [AndroidBootstrap] [BOOTSTRAP LOG] [debug] Got command action: click
2017-05-31 07:03:04:796 - info: [AndroidBootstrap] [BOOTSTRAP LOG] [debug] Returning result: {"value":true,"status":0}
2017-05-31 07:03:04:797 - info: [debug] [AndroidBootstrap] Received command result from bootstrap
2017-05-31 07:03:04:800 - info: [debug] [MJSONWP] Responding to client with driver.click() result: true
2017-05-31 07:03:04:801 - info: [HTTP] <-- POST /wd/hub/session/81367bda-91ca-4410-9381-70d9ce3b0efa/element/5/click 200 198 ms - 76 
2017-05-31 07:03:04:807 - info: [HTTP] --> GET /wd/hub/session/81367bda-91ca-4410-9381-70d9ce3b0efa/appium/device/current_activity {}
2017-05-31 07:03:04:807 - info: [debug] [MJSONWP] Calling AppiumDriver.getCurrentActivity() with args: ["81367bda-91ca-4410-9381-70d9ce3b0efa"]
2017-05-31 07:03:04:809 - info: [debug] [ADB] Getting focused package and activity
2017-05-31 07:03:04:809 - info: [debug] [ADB] Getting connected devices...
2017-05-31 07:03:04:848 - info: [debug] [ADB] 1 device(s) connected
2017-05-31 07:03:04:850 - info: [debug] [ADB] Running 'D:\SoftWare\SDK\platform-tools\adb.exe' with args: ["-P",5037,"-s","022TAS7N51009853","shell","dumpsys","window","windows"]
2017-05-31 07:03:04:947 - info: [debug] [MJSONWP] Responding to client with driver.getCurrentActivity() result: ".activity.member.LoginActivity"
2017-05-31 07:03:04:948 - info: [HTTP] <-- GET /wd/hub/session/81367bda-91ca-4410-9381-70d9ce3b0efa/appium/device/current_activity 200 141 ms - 104 
2017-05-31 07:03:05:956 - info: [HTTP] --> GET /wd/hub/session/81367bda-91ca-4410-9381-70d9ce3b0efa/appium/device/current_activity {}
2017-05-31 07:03:05:957 - info: [debug] [MJSONWP] Calling AppiumDriver.getCurrentActivity() with args: ["81367bda-91ca-4410-9381-70d9ce3b0efa"]
2017-05-31 07:03:05:964 - info: [debug] [ADB] Getting focused package and activity
2017-05-31 07:03:05:965 - info: [debug] [ADB] Getting connected devices...
2017-05-31 07:03:06:008 - info: [debug] [ADB] 1 device(s) connected
2017-05-31 07:03:06:009 - info: [debug] [ADB] Running 'D:\SoftWare\SDK\platform-tools\adb.exe' with args: ["-P",5037,"-s","022TAS7N51009853","shell","dumpsys","window","windows"]
2017-05-31 07:03:06:068 - info: [debug] [MJSONWP] Responding to client with driver.getCurrentActivity() result: ".activity.main.HomeActivity"
2017-05-31 07:03:06:069 - info: [HTTP] <-- GET /wd/hub/session/81367bda-91ca-4410-9381-70d9ce3b0efa/appium/device/current_activity 200 113 ms - 101 
2017-05-31 07:03:06:093 - info: [HTTP] --> POST /wd/hub/session/81367bda-91ca-4410-9381-70d9ce3b0efa/appium/app/close {}
2017-05-31 07:03:06:094 - info: [debug] [MJSONWP] Calling AppiumDriver.closeApp() with args: ["81367bda-91ca-4410-9381-70d9ce3b0efa"]
2017-05-31 07:03:06:095 - info: [debug] [ADB] Getting connected devices...
2017-05-31 07:03:06:124 - info: [debug] [ADB] 1 device(s) connected
2017-05-31 07:03:06:125 - info: [debug] [ADB] Running 'D:\SoftWare\SDK\platform-tools\adb.exe' with args: ["-P",5037,"-s","022TAS7N51009853","shell","am","force-stop","com.play.android"]
2017-05-31 07:03:07:067 - info: [debug] [MJSONWP] Responding to client with driver.closeApp() result: null
2017-05-31 07:03:07:069 - info: [HTTP] <-- POST /wd/hub/session/81367bda-91ca-4410-9381-70d9ce3b0efa/appium/app/close 200 975 ms - 76 
