2017-07-14 03:39:54:967 - info: [Appium] Welcome to Appium v1.6.5
2017-07-14 03:39:54:970 - info: [Appium] Non-default server args:
2017-07-14 03:39:54:972 - info: [Appium]   address: 127.0.0.1
2017-07-14 03:39:54:972 - info: [Appium]   port: 4725
2017-07-14 03:39:54:973 - info: [Appium]   log: D:\workspace\AppiumForCmall\log\1500003588611.log
2017-07-14 03:39:55:028 - info: [Appium] Appium REST http interface listener started on 127.0.0.1:4725
2017-07-14 03:39:54:985 - info: [Appium] Welcome to Appium v1.6.5
2017-07-14 03:39:54:987 - info: [Appium] Non-default server args:
2017-07-14 03:39:54:988 - info: [Appium]   address: 127.0.0.1
2017-07-14 03:39:54:988 - info: [Appium]   log: D:\workspace\AppiumForCmall\log\1500003588611.log
2017-07-14 03:39:55:046 - info: [Appium] Appium REST http interface listener started on 127.0.0.1:4723
2017-07-14 03:39:55:538 - info: [HTTP] --> GET /wd/hub/status {}
2017-07-14 03:39:55:545 - info: [HTTP] --> GET /wd/hub/status {}
2017-07-14 03:39:55:547 - info: [debug] [MJSONWP] Calling AppiumDriver.getStatus() with args: []
2017-07-14 03:39:55:541 - info: [debug] [MJSONWP] Calling AppiumDriver.getStatus() with args: []
2017-07-14 03:39:55:546 - info: [debug] [MJSONWP] Responding to client with driver.getStatus() result: {"build":{"version":"1.6.5","revision":null}}
2017-07-14 03:39:55:552 - info: [HTTP] <-- GET /wd/hub/status 200 10 ms - 83 
2017-07-14 03:39:55:553 - info: [debug] [MJSONWP] Responding to client with driver.getStatus() result: {"build":{"version":"1.6.5","revision":null}}
2017-07-14 03:39:55:559 - info: [HTTP] <-- GET /wd/hub/status 200 11 ms - 83 
2017-07-14 03:39:59:250 - info: [HTTP] --> POST /wd/hub/session {"desiredCapabilities":{"appPackage":"com.play.android","appActivity":"com.play.android.activity.SplashActivity","app":"D:\\workspace\\AppiumForCmall\\apps\\play-debug.apk","noset":false,"unicodeKeyboard":true,"platformName":"Android","deviceName":"85GBBMA2353T","resetKeyboard":true}}
2017-07-14 03:39:59:251 - info: [HTTP] --> POST /wd/hub/session {"desiredCapabilities":{"appPackage":"com.play.android","appActivity":"com.play.android.activity.SplashActivity","app":"D:\\workspace\\AppiumForCmall\\apps\\play-debug.apk","noset":false,"unicodeKeyboard":true,"platformName":"Android","deviceName":"80c20e99","resetKeyboard":true}}
2017-07-14 03:39:59:251 - info: [debug] [MJSONWP] Calling AppiumDriver.createSession() with args: [{"appPackage":"com.play.android","appActivity":"com.play.android.activity.SplashActivity","app":"D:\\workspace\\AppiumForCmall\\apps\\play-debug.apk","noset":false,"unicodeKeyboard":true,"platformName":"Android","deviceName":"85GBBMA2353T","resetKeyboard":true},null,null]
2017-07-14 03:39:59:252 - info: [debug] [BaseDriver] Event 'newSessionRequested' logged at 1500003599251 (11:39:59 GMT+0800 (中国标准时间))
2017-07-14 03:39:59:254 - info: [Appium] Creating new AndroidDriver (v1.20.0) session
2017-07-14 03:39:59:255 - info: [Appium] Capabilities:
2017-07-14 03:39:59:257 - info: [Appium]   appPackage: 'com.play.android'
2017-07-14 03:39:59:258 - info: [Appium]   appActivity: 'com.play.android.activity.SplashActivity'
2017-07-14 03:39:59:258 - info: [Appium]   app: 'D:\\workspace\\AppiumForCmall\\apps\\play-debug.apk'
2017-07-14 03:39:59:258 - info: [Appium]   noset: false
2017-07-14 03:39:59:258 - info: [Appium]   unicodeKeyboard: true
2017-07-14 03:39:59:258 - info: [Appium]   platformName: 'Android'
2017-07-14 03:39:59:259 - info: [Appium]   deviceName: '85GBBMA2353T'
2017-07-14 03:39:59:259 - info: [Appium]   resetKeyboard: true
2017-07-14 03:39:59:261 - info: [debug] [AndroidDriver] AndroidDriver version: 1.20.0
2017-07-14 03:39:59:276 - warn: [BaseDriver] The following capabilities were provided, but are not recognized by appium: noset.
2017-07-14 03:39:59:278 - info: [BaseDriver] Session created with session id: 3027f43c-194c-45d0-b9ad-5b0f32702efe
2017-07-14 03:39:59:280 - info: [debug] [AndroidDriver] Getting Java version
2017-07-14 03:39:59:252 - info: [debug] [MJSONWP] Calling AppiumDriver.createSession() with args: [{"appPackage":"com.play.android","appActivity":"com.play.android.activity.SplashActivity","app":"D:\\workspace\\AppiumForCmall\\apps\\play-debug.apk","noset":false,"unicodeKeyboard":true,"platformName":"Android","deviceName":"80c20e99","resetKeyboard":true},null,null]
2017-07-14 03:39:59:253 - info: [debug] [BaseDriver] Event 'newSessionRequested' logged at 1500003599252 (11:39:59 GMT+0800 (中国标准时间))
2017-07-14 03:39:59:255 - info: [Appium] Creating new AndroidDriver (v1.20.0) session
2017-07-14 03:39:59:255 - info: [Appium] Capabilities:
2017-07-14 03:39:59:258 - info: [Appium]   appPackage: 'com.play.android'
2017-07-14 03:39:59:259 - info: [Appium]   appActivity: 'com.play.android.activity.SplashActivity'
2017-07-14 03:39:59:259 - info: [Appium]   app: 'D:\\workspace\\AppiumForCmall\\apps\\play-debug.apk'
2017-07-14 03:39:59:259 - info: [Appium]   noset: false
2017-07-14 03:39:59:259 - info: [Appium]   unicodeKeyboard: true
2017-07-14 03:39:59:259 - info: [Appium]   platformName: 'Android'
2017-07-14 03:39:59:260 - info: [Appium]   deviceName: '80c20e99'
2017-07-14 03:39:59:260 - info: [Appium]   resetKeyboard: true
2017-07-14 03:39:59:262 - info: [debug] [AndroidDriver] AndroidDriver version: 1.20.0
2017-07-14 03:39:59:278 - warn: [BaseDriver] The following capabilities were provided, but are not recognized by appium: noset.
2017-07-14 03:39:59:280 - info: [BaseDriver] Session created with session id: 2af7e4ee-c03d-4adf-9ddb-185056b27ffd
2017-07-14 03:39:59:283 - info: [debug] [AndroidDriver] Getting Java version
2017-07-14 03:39:59:427 - info: [AndroidDriver] Java version is: 1.8.0_131
2017-07-14 03:39:59:432 - info: [ADB] Checking whether adb is present
2017-07-14 03:39:59:435 - info: [ADB] Using adb.exe from D:\Android\AndroidSDK\platform-tools\adb.exe
2017-07-14 03:39:59:442 - info: [AndroidDriver] Java version is: 1.8.0_131
2017-07-14 03:39:59:436 - info: [AndroidDriver] Retrieving device list
2017-07-14 03:39:59:437 - info: [debug] [ADB] Trying to find a connected android device
2017-07-14 03:39:59:438 - info: [debug] [ADB] Getting connected devices...
2017-07-14 03:39:59:446 - info: [ADB] Checking whether adb is present
2017-07-14 03:39:59:449 - info: [ADB] Using adb.exe from D:\Android\AndroidSDK\platform-tools\adb.exe
2017-07-14 03:39:59:450 - info: [AndroidDriver] Retrieving device list
2017-07-14 03:39:59:451 - info: [debug] [ADB] Trying to find a connected android device
2017-07-14 03:39:59:453 - info: [debug] [ADB] Getting connected devices...
2017-07-14 03:39:59:479 - info: [debug] [ADB] 2 device(s) connected
2017-07-14 03:39:59:479 - info: [AndroidDriver] Using device: 85GBBMA2353T
2017-07-14 03:39:59:480 - info: [ADB] Checking whether adb is present
2017-07-14 03:39:59:483 - info: [ADB] Using adb.exe from D:\Android\AndroidSDK\platform-tools\adb.exe
2017-07-14 03:39:59:484 - info: [debug] [ADB] Setting device id to 85GBBMA2353T
2017-07-14 03:39:59:486 - info: [BaseDriver] Using local app 'D:\workspace\AppiumForCmall\apps\play-debug.apk'
2017-07-14 03:39:59:486 - info: [debug] [AndroidDriver] Checking whether app is actually present
2017-07-14 03:39:59:493 - info: [debug] [ADB] 2 device(s) connected
2017-07-14 03:39:59:494 - info: [AndroidDriver] Using device: 85GBBMA2353T
2017-07-14 03:39:59:495 - info: [ADB] Checking whether adb is present
2017-07-14 03:39:59:498 - info: [ADB] Using adb.exe from D:\Android\AndroidSDK\platform-tools\adb.exe
2017-07-14 03:39:59:499 - info: [debug] [ADB] Setting device id to 85GBBMA2353T
2017-07-14 03:39:59:501 - info: [BaseDriver] Using local app 'D:\workspace\AppiumForCmall\apps\play-debug.apk'
2017-07-14 03:39:59:502 - info: [debug] [AndroidDriver] Checking whether app is actually present
2017-07-14 03:39:59:488 - info: [AndroidDriver] Starting Android session
2017-07-14 03:39:59:493 - info: [debug] [ADB] Running 'D:\Android\AndroidSDK\platform-tools\adb.exe' with args: ["-P",5037,"-s","85GBBMA2353T","wait-for-device"]
2017-07-14 03:39:59:503 - info: [AndroidDriver] Starting Android session
2017-07-14 03:39:59:508 - info: [debug] [ADB] Running 'D:\Android\AndroidSDK\platform-tools\adb.exe' with args: ["-P",5037,"-s","85GBBMA2353T","wait-for-device"]
2017-07-14 03:39:59:538 - info: [debug] [ADB] Getting connected devices...
2017-07-14 03:39:59:551 - info: [debug] [ADB] Getting connected devices...
2017-07-14 03:39:59:574 - info: [debug] [ADB] 2 device(s) connected
2017-07-14 03:39:59:596 - info: [debug] [ADB] 2 device(s) connected
2017-07-14 03:39:59:575 - info: [debug] [ADB] Running 'D:\Android\AndroidSDK\platform-tools\adb.exe' with args: ["-P",5037,"-s","85GBBMA2353T","shell","echo","ping"]
2017-07-14 03:39:59:596 - info: [debug] [ADB] Running 'D:\Android\AndroidSDK\platform-tools\adb.exe' with args: ["-P",5037,"-s","85GBBMA2353T","shell","echo","ping"]
2017-07-14 03:40:00:097 - info: [debug] [Logcat] Starting logcat capture
2017-07-14 03:40:00:097 - info: [debug] [Logcat] Starting logcat capture
2017-07-14 03:40:00:151 - info: [debug] [AndroidDriver] Enabling Unicode keyboard support
2017-07-14 03:40:00:152 - info: [debug] [AndroidDriver] Enabling Unicode keyboard support
2017-07-14 03:40:00:152 - info: [debug] [AndroidDriver] Pushing unicode ime to device...
2017-07-14 03:40:00:152 - info: [debug] [ADB] Running 'D:\Android\AndroidSDK\platform-tools\adb.exe' with args: ["-P",5037,"-s","85GBBMA2353T","install","D:\\nodejs\\node_modules\\appium\\node_modules\\appium-android-ime\\bin\\UnicodeIME-debug.apk"]
2017-07-14 03:40:00:153 - info: [debug] [AndroidDriver] Pushing unicode ime to device...
2017-07-14 03:40:00:154 - info: [debug] [ADB] Running 'D:\Android\AndroidSDK\platform-tools\adb.exe' with args: ["-P",5037,"-s","85GBBMA2353T","install","D:\\nodejs\\node_modules\\appium\\node_modules\\appium-android-ime\\bin\\UnicodeIME-debug.apk"]
2017-07-14 03:40:01:379 - info: [debug] [ADB] Getting connected devices...
2017-07-14 03:40:01:409 - info: [debug] [ADB] 2 device(s) connected
2017-07-14 03:40:01:409 - info: [debug] [ADB] Running 'D:\Android\AndroidSDK\platform-tools\adb.exe' with args: ["-P",5037,"-s","85GBBMA2353T","shell","settings","get","secure","default_input_method"]
2017-07-14 03:40:01:639 - info: [debug] [ADB] Getting connected devices...
2017-07-14 03:40:01:668 - info: [debug] [ADB] 2 device(s) connected
2017-07-14 03:40:01:669 - info: [debug] [ADB] Running 'D:\Android\AndroidSDK\platform-tools\adb.exe' with args: ["-P",5037,"-s","85GBBMA2353T","shell","settings","get","secure","default_input_method"]
2017-07-14 03:40:02:123 - info: [debug] [AndroidDriver] Unsetting previous IME com.iflytek.inputmethod/.FlyIME
2017-07-14 03:40:02:124 - info: [debug] [AndroidDriver] Setting IME to 'io.appium.android.ime/.UnicodeIME'
2017-07-14 03:40:02:124 - info: [debug] [ADB] Getting connected devices...
2017-07-14 03:40:02:155 - info: [debug] [ADB] 2 device(s) connected
2017-07-14 03:40:02:155 - info: [debug] [ADB] Running 'D:\Android\AndroidSDK\platform-tools\adb.exe' with args: ["-P",5037,"-s","85GBBMA2353T","shell","ime","enable","io.appium.android.ime/.UnicodeIME"]
2017-07-14 03:40:02:388 - info: [debug] [AndroidDriver] Unsetting previous IME com.iflytek.inputmethod/.FlyIME
2017-07-14 03:40:02:388 - info: [debug] [AndroidDriver] Setting IME to 'io.appium.android.ime/.UnicodeIME'
2017-07-14 03:40:02:389 - info: [debug] [ADB] Getting connected devices...
2017-07-14 03:40:02:419 - info: [debug] [ADB] 2 device(s) connected
2017-07-14 03:40:02:420 - info: [debug] [ADB] Running 'D:\Android\AndroidSDK\platform-tools\adb.exe' with args: ["-P",5037,"-s","85GBBMA2353T","shell","ime","enable","io.appium.android.ime/.UnicodeIME"]
2017-07-14 03:40:02:906 - info: [debug] [ADB] Getting connected devices...
2017-07-14 03:40:02:938 - info: [debug] [ADB] 2 device(s) connected
2017-07-14 03:40:02:938 - info: [debug] [ADB] Running 'D:\Android\AndroidSDK\platform-tools\adb.exe' with args: ["-P",5037,"-s","85GBBMA2353T","shell","ime","set","io.appium.android.ime/.UnicodeIME"]
2017-07-14 03:40:03:257 - info: [debug] [ADB] Getting connected devices...
2017-07-14 03:40:03:285 - info: [debug] [ADB] 2 device(s) connected
2017-07-14 03:40:03:285 - info: [debug] [ADB] Running 'D:\Android\AndroidSDK\platform-tools\adb.exe' with args: ["-P",5037,"-s","85GBBMA2353T","shell","ime","set","io.appium.android.ime/.UnicodeIME"]
2017-07-14 03:40:03:656 - info: [debug] [AndroidDriver] Pushing settings apk to device...
2017-07-14 03:40:03:657 - info: [debug] [ADB] Getting install status for io.appium.settings
2017-07-14 03:40:03:657 - info: [debug] [ADB] Getting connected devices...
2017-07-14 03:40:03:686 - info: [debug] [ADB] 2 device(s) connected
2017-07-14 03:40:03:686 - info: [debug] [ADB] Running 'D:\Android\AndroidSDK\platform-tools\adb.exe' with args: ["-P",5037,"-s","85GBBMA2353T","shell","pm","list","packages","io.appium.settings"]
2017-07-14 03:40:04:030 - info: [debug] [AndroidDriver] Pushing settings apk to device...
2017-07-14 03:40:04:032 - info: [debug] [ADB] Getting install status for io.appium.settings
2017-07-14 03:40:04:032 - info: [debug] [ADB] Getting connected devices...
2017-07-14 03:40:04:090 - info: [debug] [ADB] 2 device(s) connected
2017-07-14 03:40:04:090 - info: [debug] [ADB] Running 'D:\Android\AndroidSDK\platform-tools\adb.exe' with args: ["-P",5037,"-s","85GBBMA2353T","shell","pm","list","packages","io.appium.settings"]
2017-07-14 03:40:04:150 - info: [debug] [ADB] App is not installed
2017-07-14 03:40:04:151 - info: [debug] [ADB] Running 'D:\Android\AndroidSDK\platform-tools\adb.exe' with args: ["-P",5037,"-s","85GBBMA2353T","install","D:\\nodejs\\node_modules\\appium\\node_modules\\io.appium.settings\\app\\build\\outputs\\apk\\settings_apk-debug.apk"]
2017-07-14 03:40:04:654 - info: [debug] [ADB] App is not installed
2017-07-14 03:40:04:655 - info: [debug] [ADB] Running 'D:\Android\AndroidSDK\platform-tools\adb.exe' with args: ["-P",5037,"-s","85GBBMA2353T","install","D:\\nodejs\\node_modules\\appium\\node_modules\\io.appium.settings\\app\\build\\outputs\\apk\\settings_apk-debug.apk"]
2017-07-14 03:40:05:017 - info: [debug] [ADB] Getting connected devices...
2017-07-14 03:40:05:050 - info: [debug] [ADB] 2 device(s) connected
2017-07-14 03:40:05:050 - info: [debug] [ADB] Running 'D:\Android\AndroidSDK\platform-tools\adb.exe' with args: ["-P",5037,"-s","85GBBMA2353T","shell","getprop","ro.build.version.sdk"]
2017-07-14 03:40:05:094 - info: [debug] [ADB] Device API level: 22
2017-07-14 03:40:05:095 - info: [debug] [ADB] Getting connected devices...
2017-07-14 03:40:05:124 - info: [debug] [ADB] 2 device(s) connected
2017-07-14 03:40:05:125 - info: [debug] [ADB] Running 'D:\Android\AndroidSDK\platform-tools\adb.exe' with args: ["-P",5037,"-s","85GBBMA2353T","shell","dumpsys","package","io.appium.settings"]
2017-07-14 03:40:05:168 - info: [debug] [ADB] Getting connected devices...
2017-07-14 03:40:05:198 - info: [debug] [ADB] 2 device(s) connected
2017-07-14 03:40:05:201 - info: [debug] [AndroidDriver] Pushing unlock helper app to device...
2017-07-14 03:40:05:198 - info: [debug] [ADB] Running 'D:\Android\AndroidSDK\platform-tools\adb.exe' with args: ["-P",5037,"-s","85GBBMA2353T","shell","getprop","ro.build.version.sdk"]
2017-07-14 03:40:05:202 - info: [debug] [ADB] Running 'D:\Android\AndroidSDK\platform-tools\adb.exe' with args: ["-P",5037,"-s","85GBBMA2353T","install","D:\\nodejs\\node_modules\\appium\\node_modules\\appium-unlock\\bin\\unlock_apk-debug.apk"]
2017-07-14 03:40:05:275 - info: [debug] [ADB] Device API level: 22
2017-07-14 03:40:05:276 - info: [debug] [ADB] Getting connected devices...
2017-07-14 03:40:05:305 - info: [debug] [ADB] 2 device(s) connected
2017-07-14 03:40:05:305 - info: [debug] [ADB] Running 'D:\Android\AndroidSDK\platform-tools\adb.exe' with args: ["-P",5037,"-s","85GBBMA2353T","shell","dumpsys","package","io.appium.settings"]
2017-07-14 03:40:05:369 - info: [debug] [AndroidDriver] Pushing unlock helper app to device...
2017-07-14 03:40:05:370 - info: [debug] [ADB] Running 'D:\Android\AndroidSDK\platform-tools\adb.exe' with args: ["-P",5037,"-s","85GBBMA2353T","install","D:\\nodejs\\node_modules\\appium\\node_modules\\appium-unlock\\bin\\unlock_apk-debug.apk"]
2017-07-14 03:40:06:241 - info: [debug] [ADB] Device API level: 22
2017-07-14 03:40:06:241 - info: [debug] [ADB] Getting connected devices...
2017-07-14 03:40:06:271 - info: [debug] [ADB] 2 device(s) connected
2017-07-14 03:40:06:271 - info: [debug] [ADB] Running 'D:\Android\AndroidSDK\platform-tools\adb.exe' with args: ["-P",5037,"-s","85GBBMA2353T","shell","settings","put","secure","mock_location","1"]
2017-07-14 03:40:06:504 - info: [debug] [ADB] Device API level: 22
2017-07-14 03:40:06:505 - info: [debug] [ADB] Getting connected devices...
2017-07-14 03:40:06:535 - info: [debug] [ADB] 2 device(s) connected
2017-07-14 03:40:06:535 - info: [debug] [ADB] Running 'D:\Android\AndroidSDK\platform-tools\adb.exe' with args: ["-P",5037,"-s","85GBBMA2353T","shell","settings","put","secure","mock_location","1"]
2017-07-14 03:40:07:016 - info: [ADB] Getting device platform version
2017-07-14 03:40:07:017 - info: [debug] [ADB] Getting connected devices...
2017-07-14 03:40:07:050 - info: [debug] [ADB] 2 device(s) connected
2017-07-14 03:40:07:050 - info: [debug] [ADB] Running 'D:\Android\AndroidSDK\platform-tools\adb.exe' with args: ["-P",5037,"-s","85GBBMA2353T","shell","getprop","ro.build.version.release"]
2017-07-14 03:40:07:095 - info: [debug] [ADB] Getting connected devices...
2017-07-14 03:40:07:125 - info: [debug] [ADB] 2 device(s) connected
2017-07-14 03:40:07:125 - info: [debug] [ADB] Running 'D:\Android\AndroidSDK\platform-tools\adb.exe' with args: ["-P",5037,"-s","85GBBMA2353T","shell","wm","size"]
2017-07-14 03:40:07:324 - info: [ADB] Getting device platform version
2017-07-14 03:40:07:324 - info: [debug] [ADB] Getting connected devices...
2017-07-14 03:40:07:355 - info: [debug] [ADB] 2 device(s) connected
2017-07-14 03:40:07:355 - info: [debug] [ADB] Running 'D:\Android\AndroidSDK\platform-tools\adb.exe' with args: ["-P",5037,"-s","85GBBMA2353T","shell","getprop","ro.build.version.release"]
2017-07-14 03:40:07:407 - info: [debug] [ADB] Getting connected devices...
2017-07-14 03:40:07:436 - info: [debug] [ADB] 2 device(s) connected
2017-07-14 03:40:07:437 - info: [debug] [ADB] Running 'D:\Android\AndroidSDK\platform-tools\adb.exe' with args: ["-P",5037,"-s","85GBBMA2353T","shell","wm","size"]
2017-07-14 03:40:07:843 - info: [debug] [ADB] Getting connected devices...
2017-07-14 03:40:07:872 - info: [debug] [ADB] 2 device(s) connected
2017-07-14 03:40:07:873 - info: [debug] [ADB] Running 'D:\Android\AndroidSDK\platform-tools\adb.exe' with args: ["-P",5037,"-s","85GBBMA2353T","shell","getprop","ro.product.model"]
2017-07-14 03:40:07:921 - info: [debug] [ADB] Current device property 'ro.product.model': MX5
2017-07-14 03:40:07:921 - info: [debug] [ADB] Getting connected devices...
2017-07-14 03:40:07:952 - info: [debug] [ADB] 2 device(s) connected
2017-07-14 03:40:07:952 - info: [debug] [ADB] Running 'D:\Android\AndroidSDK\platform-tools\adb.exe' with args: ["-P",5037,"-s","85GBBMA2353T","shell","getprop","ro.product.manufacturer"]
2017-07-14 03:40:08:003 - info: [debug] [ADB] Current device property 'ro.product.manufacturer': Meizu
2017-07-14 03:40:08:146 - info: [AndroidDriver] Remote apk path is /data/local/tmp/15d3311f063b134c1cf121d1019c9163.apk
2017-07-14 03:40:08:146 - info: [debug] [ADB] Getting connected devices...
2017-07-14 03:40:08:177 - info: [debug] [ADB] 2 device(s) connected
2017-07-14 03:40:08:177 - info: [debug] [ADB] Running 'D:\Android\AndroidSDK\platform-tools\adb.exe' with args: ["-P",5037,"-s","85GBBMA2353T","shell","ls","/data/local/tmp/15d3311f063b134c1cf121d1019c9163.apk"]
2017-07-14 03:40:08:212 - info: [debug] [ADB] Getting connected devices...
2017-07-14 03:40:08:226 - info: [debug] [AndroidDriver] Checking if app is installed
2017-07-14 03:40:08:227 - info: [debug] [ADB] Getting install status for com.play.android
2017-07-14 03:40:08:227 - info: [debug] [ADB] Getting connected devices...
2017-07-14 03:40:08:247 - info: [debug] [ADB] 2 device(s) connected
2017-07-14 03:40:08:249 - info: [debug] [ADB] Running 'D:\Android\AndroidSDK\platform-tools\adb.exe' with args: ["-P",5037,"-s","85GBBMA2353T","shell","getprop","ro.product.model"]
2017-07-14 03:40:08:260 - info: [debug] [ADB] 2 device(s) connected
2017-07-14 03:40:08:261 - info: [debug] [ADB] Running 'D:\Android\AndroidSDK\platform-tools\adb.exe' with args: ["-P",5037,"-s","85GBBMA2353T","shell","pm","list","packages","com.play.android"]
2017-07-14 03:40:08:334 - info: [debug] [ADB] Current device property 'ro.product.model': MX5
2017-07-14 03:40:08:334 - info: [debug] [ADB] Getting connected devices...
2017-07-14 03:40:08:363 - info: [debug] [ADB] 2 device(s) connected
2017-07-14 03:40:08:364 - info: [debug] [ADB] Running 'D:\Android\AndroidSDK\platform-tools\adb.exe' with args: ["-P",5037,"-s","85GBBMA2353T","shell","getprop","ro.product.manufacturer"]
2017-07-14 03:40:08:434 - info: [debug] [ADB] Current device property 'ro.product.manufacturer': Meizu
2017-07-14 03:40:08:576 - info: [AndroidDriver] Remote apk path is /data/local/tmp/15d3311f063b134c1cf121d1019c9163.apk
2017-07-14 03:40:08:577 - info: [debug] [ADB] Getting connected devices...
2017-07-14 03:40:08:605 - info: [debug] [ADB] 2 device(s) connected
2017-07-14 03:40:08:605 - info: [debug] [ADB] Running 'D:\Android\AndroidSDK\platform-tools\adb.exe' with args: ["-P",5037,"-s","85GBBMA2353T","shell","ls","/data/local/tmp/15d3311f063b134c1cf121d1019c9163.apk"]
2017-07-14 03:40:08:660 - info: [debug] [AndroidDriver] Checking if app is installed
2017-07-14 03:40:08:660 - info: [debug] [ADB] Getting install status for com.play.android
2017-07-14 03:40:08:660 - info: [debug] [ADB] Getting connected devices...
2017-07-14 03:40:08:689 - info: [debug] [ADB] 2 device(s) connected
2017-07-14 03:40:08:690 - info: [debug] [ADB] Running 'D:\Android\AndroidSDK\platform-tools\adb.exe' with args: ["-P",5037,"-s","85GBBMA2353T","shell","pm","list","packages","com.play.android"]
2017-07-14 03:40:08:823 - info: [debug] [ADB] App is installed
2017-07-14 03:40:08:824 - info: [AndroidDriver] Apk is already on remote and installed, resetting
2017-07-14 03:40:08:824 - info: [debug] [AndroidDriver] Running fast reset (stop and clear)
2017-07-14 03:40:08:825 - info: [debug] [ADB] Getting connected devices...
2017-07-14 03:40:08:858 - info: [debug] [ADB] 2 device(s) connected
2017-07-14 03:40:08:858 - info: [debug] [ADB] Running 'D:\Android\AndroidSDK\platform-tools\adb.exe' with args: ["-P",5037,"-s","85GBBMA2353T","shell","am","force-stop","com.play.android"]
2017-07-14 03:40:09:199 - info: [debug] [ADB] App is installed
2017-07-14 03:40:09:199 - info: [AndroidDriver] Apk is already on remote and installed, resetting
2017-07-14 03:40:09:200 - info: [debug] [AndroidDriver] Running fast reset (stop and clear)
2017-07-14 03:40:09:201 - info: [debug] [ADB] Getting connected devices...
2017-07-14 03:40:09:233 - info: [debug] [ADB] 2 device(s) connected
2017-07-14 03:40:09:233 - info: [debug] [ADB] Running 'D:\Android\AndroidSDK\platform-tools\adb.exe' with args: ["-P",5037,"-s","85GBBMA2353T","shell","am","force-stop","com.play.android"]
2017-07-14 03:40:09:615 - info: [debug] [ADB] Getting connected devices...
2017-07-14 03:40:09:644 - info: [debug] [ADB] 2 device(s) connected
2017-07-14 03:40:09:644 - info: [debug] [ADB] Running 'D:\Android\AndroidSDK\platform-tools\adb.exe' with args: ["-P",5037,"-s","85GBBMA2353T","shell","pm","clear","com.play.android"]
2017-07-14 03:40:09:967 - info: [debug] [ADB] Getting connected devices...
2017-07-14 03:40:09:997 - info: [debug] [ADB] 2 device(s) connected
2017-07-14 03:40:09:998 - info: [debug] [ADB] Running 'D:\Android\AndroidSDK\platform-tools\adb.exe' with args: ["-P",5037,"-s","85GBBMA2353T","shell","pm","clear","com.play.android"]
2017-07-14 03:40:10:200 - info: [debug] [AndroidDriver] Extracting strings from apk D:\workspace\AppiumForCmall\apps\play-debug.apk null C:\Users\cm\AppData\Local\Temp\com.play.android
2017-07-14 03:40:10:201 - info: [debug] [ADB] Extracting strings for language: default
2017-07-14 03:40:10:201 - info: [debug] [ADB] Device API level: 22
2017-07-14 03:40:10:202 - info: [debug] [ADB] Getting connected devices...
2017-07-14 03:40:10:231 - info: [debug] [ADB] 2 device(s) connected
2017-07-14 03:40:10:231 - info: [debug] [ADB] Running 'D:\Android\AndroidSDK\platform-tools\adb.exe' with args: ["-P",5037,"-s","85GBBMA2353T","shell","getprop","persist.sys.language"]
2017-07-14 03:40:10:276 - info: [debug] [ADB] Current device property 'persist.sys.language': zh
2017-07-14 03:40:10:557 - info: [debug] [AndroidDriver] Extracting strings from apk D:\workspace\AppiumForCmall\apps\play-debug.apk null C:\Users\cm\AppData\Local\Temp\com.play.android
2017-07-14 03:40:10:558 - info: [debug] [ADB] Extracting strings for language: default
2017-07-14 03:40:10:558 - info: [debug] [ADB] Device API level: 22
2017-07-14 03:40:10:558 - info: [debug] [ADB] Getting connected devices...
2017-07-14 03:40:10:672 - info: [debug] [ADB] 2 device(s) connected
2017-07-14 03:40:10:673 - info: [debug] [ADB] Running 'D:\Android\AndroidSDK\platform-tools\adb.exe' with args: ["-P",5037,"-s","85GBBMA2353T","shell","getprop","persist.sys.language"]
2017-07-14 03:40:10:748 - info: [debug] [ADB] Current device property 'persist.sys.language': zh
2017-07-14 03:40:11:529 - info: [debug] [ADB] Reading strings from converted strings.json
2017-07-14 03:40:11:539 - info: [debug] [ADB] Running 'D:\Android\AndroidSDK\platform-tools\adb.exe' with args: ["-P",5037,"-s","85GBBMA2353T","push","C:\\Users\\cm\\AppData\\Local\\Temp\\com.play.android\\strings.json","/data/local/tmp"]
2017-07-14 03:40:11:601 - info: [debug] [AndroidBootstrap] Watching for bootstrap disconnect
2017-07-14 03:40:11:604 - info: [debug] [ADB] Forwarding system: 4724 to device: 4724
2017-07-14 03:40:11:604 - info: [debug] [ADB] Running 'D:\Android\AndroidSDK\platform-tools\adb.exe' with args: ["-P",5037,"-s","85GBBMA2353T","forward","tcp:4724","tcp:4724"]
2017-07-14 03:40:11:629 - info: [debug] [UiAutomator] Starting UiAutomator
2017-07-14 03:40:11:629 - info: [debug] [UiAutomator] Moving to state 'starting'
2017-07-14 03:40:11:630 - info: [debug] [UiAutomator] Parsing uiautomator jar
2017-07-14 03:40:11:630 - info: [debug] [UiAutomator] Found jar name: 'AppiumBootstrap.jar'
2017-07-14 03:40:11:630 - info: [debug] [ADB] Running 'D:\Android\AndroidSDK\platform-tools\adb.exe' with args: ["-P",5037,"-s","85GBBMA2353T","push","D:\\nodejs\\node_modules\\appium\\node_modules\\appium-android-bootstrap\\bootstrap\\bin\\AppiumBootstrap.jar","/data/local/tmp/"]
2017-07-14 03:40:11:754 - info: [debug] [ADB] Attempting to kill all uiautomator processes
2017-07-14 03:40:11:754 - info: [debug] [ADB] Getting all processes with uiautomator
2017-07-14 03:40:11:756 - info: [debug] [ADB] Getting connected devices...
2017-07-14 03:40:11:866 - info: [debug] [ADB] 2 device(s) connected
2017-07-14 03:40:11:866 - info: [debug] [ADB] Running 'D:\Android\AndroidSDK\platform-tools\adb.exe' with args: ["-P",5037,"-s","85GBBMA2353T","shell","ps"]
2017-07-14 03:40:12:083 - info: [ADB] No uiautomator process found to kill, continuing...
2017-07-14 03:40:12:084 - info: [debug] [UiAutomator] Starting UIAutomator
2017-07-14 03:40:12:084 - info: [debug] [ADB] Creating ADB subprocess with args: ["-P",5037,"-s","85GBBMA2353T","shell","uiautomator","runtest","AppiumBootstrap.jar","-c","io.appium.android.bootstrap.Bootstrap","-e","pkg","com.play.android","-e","disableAndroidWatchers",false,"-e","acceptSslCerts",false]
2017-07-14 03:40:12:202 - info: [debug] [ADB] Reading strings from converted strings.json
2017-07-14 03:40:12:206 - info: [debug] [ADB] Running 'D:\Android\AndroidSDK\platform-tools\adb.exe' with args: ["-P",5037,"-s","85GBBMA2353T","push","C:\\Users\\cm\\AppData\\Local\\Temp\\com.play.android\\strings.json","/data/local/tmp"]
2017-07-14 03:40:12:262 - info: [debug] [AndroidBootstrap] Watching for bootstrap disconnect
2017-07-14 03:40:12:264 - info: [debug] [ADB] Forwarding system: 4724 to device: 4724
2017-07-14 03:40:12:265 - info: [debug] [ADB] Running 'D:\Android\AndroidSDK\platform-tools\adb.exe' with args: ["-P",5037,"-s","85GBBMA2353T","forward","tcp:4724","tcp:4724"]
2017-07-14 03:40:12:274 - info: [debug] [UiAutomator] Starting UiAutomator
2017-07-14 03:40:12:274 - info: [debug] [UiAutomator] Moving to state 'starting'
2017-07-14 03:40:12:275 - info: [debug] [UiAutomator] Parsing uiautomator jar
2017-07-14 03:40:12:275 - info: [debug] [UiAutomator] Found jar name: 'AppiumBootstrap.jar'
2017-07-14 03:40:12:276 - info: [debug] [ADB] Running 'D:\Android\AndroidSDK\platform-tools\adb.exe' with args: ["-P",5037,"-s","85GBBMA2353T","push","D:\\nodejs\\node_modules\\appium\\node_modules\\appium-android-bootstrap\\bootstrap\\bin\\AppiumBootstrap.jar","/data/local/tmp/"]
2017-07-14 03:40:12:322 - info: [debug] [ADB] Attempting to kill all uiautomator processes
2017-07-14 03:40:12:324 - info: [debug] [ADB] Getting all processes with uiautomator
2017-07-14 03:40:12:325 - info: [debug] [ADB] Getting connected devices...
2017-07-14 03:40:12:369 - info: [debug] [ADB] 2 device(s) connected
2017-07-14 03:40:12:370 - info: [debug] [ADB] Running 'D:\Android\AndroidSDK\platform-tools\adb.exe' with args: ["-P",5037,"-s","85GBBMA2353T","shell","ps"]
2017-07-14 03:40:12:489 - info: [ADB] No uiautomator process found to kill, continuing...
2017-07-14 03:40:12:489 - info: [debug] [UiAutomator] Starting UIAutomator
2017-07-14 03:40:12:490 - info: [debug] [ADB] Creating ADB subprocess with args: ["-P",5037,"-s","85GBBMA2353T","shell","uiautomator","runtest","AppiumBootstrap.jar","-c","io.appium.android.bootstrap.Bootstrap","-e","pkg","com.play.android","-e","disableAndroidWatchers",false,"-e","acceptSslCerts",false]
2017-07-14 03:40:12:850 - info: [debug] [UiAutomator] Moving to state 'online'
2017-07-14 03:40:12:853 - info: [AndroidBootstrap] [BOOTSTRAP LOG] [debug] Loading json...
2017-07-14 03:40:12:856 - info: [AndroidBootstrap] [BOOTSTRAP LOG] [debug] json loading complete.
2017-07-14 03:40:12:857 - info: [AndroidBootstrap] Android bootstrap socket is now connected
2017-07-14 03:40:12:858 - info: [debug] [ADB] Getting connected devices...
2017-07-14 03:40:12:867 - info: [AndroidBootstrap] [BOOTSTRAP LOG] [debug] Registered crash watchers.
2017-07-14 03:40:12:867 - info: [AndroidBootstrap] [BOOTSTRAP LOG] [debug] Client connected
2017-07-14 03:40:12:889 - info: [debug] [ADB] 2 device(s) connected
2017-07-14 03:40:12:890 - info: [debug] [ADB] Running 'D:\Android\AndroidSDK\platform-tools\adb.exe' with args: ["-P",5037,"-s","85GBBMA2353T","shell","dumpsys","window"]
2017-07-14 03:40:12:951 - info: [AndroidDriver] Screen already unlocked, doing nothing
2017-07-14 03:40:12:952 - info: [debug] [ADB] Device API level: 22
2017-07-14 03:40:12:953 - info: [debug] [ADB] Getting connected devices...
2017-07-14 03:40:12:986 - info: [debug] [ADB] 2 device(s) connected
2017-07-14 03:40:12:993 - error: [UiAutomator] UiAutomator exited unexpectedly with code 0, signal null
2017-07-14 03:40:12:993 - info: [debug] [UiAutomator] Moving to state 'stopped'
2017-07-14 03:40:12:986 - info: [debug] [ADB] Running 'D:\Android\AndroidSDK\platform-tools\adb.exe' with args: ["-P",5037,"-s","85GBBMA2353T","shell","am","start","-W","-n","com.play.android/com.play.android.activity.SplashActivity","-S","-a","android.intent.action.MAIN","-c","android.intent.category.LAUNCHER","-f","0x10200000"]
2017-07-14 03:40:15:021 - info: [Appium] New AndroidDriver session created successfully, session 3027f43c-194c-45d0-b9ad-5b0f32702efe added to master session list
2017-07-14 03:40:15:023 - info: [debug] [BaseDriver] Event 'newSessionStarted' logged at 1500003615023 (11:40:15 GMT+0800 (中国标准时间))
2017-07-14 03:40:15:023 - info: [debug] [MJSONWP] Responding to client with driver.createSession() result: {"platform":"LINUX","webStorageEnabled":false,"takesScreenshot":true,"javascriptEnabled":true,"databaseEnabled":false,"networkConnectionEnabled":true,"locationContextEnabled":false,"warnings":{},"desired":{"appPackage":"com.play.android","appActivity":"com.play.android.activity.SplashActivity","app":"D:\\workspace\\AppiumForCmall\\apps\\play-debug.apk","noset":false,"unicodeKeyboard":true,"platformName":"Android","deviceName":"85GBBMA2353T","resetKeyboard":true},"appPackage":"com.play.android","appActivity":"com.play.android.activity.SplashActivity","app":"D:\\workspace\\AppiumForCmall\\apps\\play-debug.apk","noset":false,"unicodeKeyboard":true,"platformName":"Android","deviceName":"85GBBMA2353T","resetKeyboard":true,"deviceUDID":"85GBBMA2353T","platformVersion":"5.1","deviceScreenSize":"1080x1920","deviceModel":"MX5","deviceManufacturer":"Meizu"}
2017-07-14 03:40:15:025 - info: [HTTP] <-- POST /wd/hub/session 200 15774 ms - 931 
2017-07-14 03:40:15:155 - info: [HTTP] --> GET /wd/hub/session/3027f43c-194c-45d0-b9ad-5b0f32702efe/appium/device/current_activity {}
2017-07-14 03:40:15:159 - info: [debug] [MJSONWP] Calling AppiumDriver.getCurrentActivity() with args: ["3027f43c-194c-45d0-b9ad-5b0f32702efe"]
2017-07-14 03:40:15:160 - info: [debug] [ADB] Getting focused package and activity
2017-07-14 03:40:15:160 - info: [debug] [ADB] Getting connected devices...
2017-07-14 03:40:15:193 - info: [debug] [ADB] 2 device(s) connected
2017-07-14 03:40:15:193 - info: [debug] [ADB] Running 'D:\Android\AndroidSDK\platform-tools\adb.exe' with args: ["-P",5037,"-s","85GBBMA2353T","shell","dumpsys","window","windows"]
2017-07-14 03:40:15:243 - info: [debug] [MJSONWP] Responding to client with driver.getCurrentActivity() result: ".activity.main.HomeActivity"
2017-07-14 03:40:15:245 - info: [HTTP] <-- GET /wd/hub/session/3027f43c-194c-45d0-b9ad-5b0f32702efe/appium/device/current_activity 200 89 ms - 101 
2017-07-14 03:40:15:250 - info: [HTTP] --> POST /wd/hub/session/3027f43c-194c-45d0-b9ad-5b0f32702efe/timeouts {"type":"implicit","ms":0}
2017-07-14 03:40:15:251 - info: [debug] [MJSONWP] Calling AppiumDriver.timeouts() with args: ["implicit",0,"3027f43c-194c-45d0-b9ad-5b0f32702efe"]
2017-07-14 03:40:15:252 - info: [debug] [BaseDriver] Set implicit wait to 0ms
2017-07-14 03:40:15:252 - info: [debug] [MJSONWP] Responding to client with driver.timeouts() result: null
2017-07-14 03:40:15:253 - info: [HTTP] <-- POST /wd/hub/session/3027f43c-194c-45d0-b9ad-5b0f32702efe/timeouts 200 3 ms - 76 
2017-07-14 03:40:15:259 - info: [HTTP] --> GET /wd/hub/session/3027f43c-194c-45d0-b9ad-5b0f32702efe/context {}
2017-07-14 03:40:15:259 - info: [debug] [MJSONWP] Calling AppiumDriver.getCurrentContext() with args: ["3027f43c-194c-45d0-b9ad-5b0f32702efe"]
2017-07-14 03:40:15:260 - info: [debug] [MJSONWP] Responding to client with driver.getCurrentContext() result: "NATIVE_APP"
2017-07-14 03:40:15:260 - info: [HTTP] <-- GET /wd/hub/session/3027f43c-194c-45d0-b9ad-5b0f32702efe/context 200 2 ms - 84 
2017-07-14 03:40:15:263 - info: [HTTP] --> POST /wd/hub/session/3027f43c-194c-45d0-b9ad-5b0f32702efe/elements {"using":"id","value":"com.play.android:id/btn_profile"}
2017-07-14 03:40:15:264 - info: [debug] [MJSONWP] Calling AppiumDriver.findElements() with args: ["id","com.play.android:id/btn_profile","3027f43c-194c-45d0-b9ad-5b0f32702efe"]
2017-07-14 03:40:15:265 - info: [debug] [BaseDriver] Valid locator strategies for this request: xpath, id, class name, accessibility id, -android uiautomator
2017-07-14 03:40:15:265 - info: [debug] [BaseDriver] Valid locator strategies for this request: xpath, id, class name, accessibility id, -android uiautomator
2017-07-14 03:40:15:266 - info: [debug] [BaseDriver] Waiting up to 0 ms for condition
2017-07-14 03:40:15:268 - info: [debug] [AndroidBootstrap] Sending command to android: {"cmd":"action","action":"find","params":{"strategy":"id","selector":"com.play.android:id/btn_profile","context":"","multiple":true}}
2017-07-14 03:40:15:270 - info: [AndroidBootstrap] [BOOTSTRAP LOG] [debug] Got data from client: {"cmd":"action","action":"find","params":{"strategy":"id","selector":"com.play.android:id/btn_profile","context":"","multiple":true}}
2017-07-14 03:40:15:275 - info: [AndroidBootstrap] [BOOTSTRAP LOG] [debug] Got command of type ACTION
2017-07-14 03:40:15:275 - info: [AndroidBootstrap] [BOOTSTRAP LOG] [debug] Got command action: find
2017-07-14 03:40:15:277 - info: [AndroidBootstrap] [BOOTSTRAP LOG] [debug] Finding 'com.play.android:id/btn_profile' using 'ID' with the contextId: '' multiple: true
2017-07-14 03:40:15:278 - info: [AndroidBootstrap] [BOOTSTRAP LOG] [debug] Using: UiSelector[RESOURCE_ID=com.play.android:id/btn_profile]
2017-07-14 03:40:15:278 - info: [AndroidBootstrap] [BOOTSTRAP LOG] [debug] getElements selector:UiSelector[RESOURCE_ID=com.play.android:id/btn_profile]
2017-07-14 03:40:15:280 - info: [AndroidBootstrap] [BOOTSTRAP LOG] [debug] Element[] is null: (0)
2017-07-14 03:40:15:280 - info: [AndroidBootstrap] [BOOTSTRAP LOG] [debug] getElements tmp selector:UiSelector[INSTANCE=0, RESOURCE_ID=com.play.android:id/btn_profile]
2017-07-14 03:40:15:552 - info: [AndroidBootstrap] [BOOTSTRAP LOG] [debug] Failed to locate element. Clearing Accessibility cache and retrying.
2017-07-14 03:40:15:555 - info: [AndroidBootstrap] [BOOTSTRAP LOG] [debug] Finding 'com.play.android:id/btn_profile' using 'ID' with the contextId: '' multiple: true
2017-07-14 03:40:15:555 - info: [AndroidBootstrap] [BOOTSTRAP LOG] [debug] Using: UiSelector[RESOURCE_ID=com.play.android:id/btn_profile]
2017-07-14 03:40:15:555 - info: [AndroidBootstrap] [BOOTSTRAP LOG] [debug] getElements selector:UiSelector[RESOURCE_ID=com.play.android:id/btn_profile]
2017-07-14 03:40:15:556 - info: [AndroidBootstrap] [BOOTSTRAP LOG] [debug] Element[] is null: (0)
2017-07-14 03:40:15:556 - info: [AndroidBootstrap] [BOOTSTRAP LOG] [debug] getElements tmp selector:UiSelector[INSTANCE=0, RESOURCE_ID=com.play.android:id/btn_profile]
2017-07-14 03:40:16:332 - info: [AndroidBootstrap] [BOOTSTRAP LOG] [debug] Element[] is null: (1)
2017-07-14 03:40:16:332 - info: [AndroidBootstrap] [BOOTSTRAP LOG] [debug] getElements tmp selector:UiSelector[INSTANCE=1, RESOURCE_ID=com.play.android:id/btn_profile]
2017-07-14 03:40:16:421 - info: [AndroidBootstrap] [BOOTSTRAP LOG] [debug] Returning result: {"status":0,"value":[{"ELEMENT":"1"}]}
2017-07-14 03:40:16:422 - info: [debug] [AndroidBootstrap] Received command result from bootstrap
2017-07-14 03:40:16:425 - info: [debug] [MJSONWP] Responding to client with driver.findElements() result: [{"ELEMENT":"1"}]
2017-07-14 03:40:16:426 - info: [HTTP] <-- POST /wd/hub/session/3027f43c-194c-45d0-b9ad-5b0f32702efe/elements 200 1162 ms - 89 
2017-07-14 03:40:16:431 - info: [HTTP] --> POST /wd/hub/session/3027f43c-194c-45d0-b9ad-5b0f32702efe/timeouts {"type":"implicit","ms":20000}
2017-07-14 03:40:16:432 - info: [debug] [MJSONWP] Calling AppiumDriver.timeouts() with args: ["implicit",20000,"3027f43c-194c-45d0-b9ad-5b0f32702efe"]
2017-07-14 03:40:16:432 - info: [debug] [BaseDriver] Set implicit wait to 20000ms
2017-07-14 03:40:16:433 - info: [debug] [MJSONWP] Responding to client with driver.timeouts() result: null
2017-07-14 03:40:16:433 - info: [HTTP] <-- POST /wd/hub/session/3027f43c-194c-45d0-b9ad-5b0f32702efe/timeouts 200 2 ms - 76 
2017-07-14 03:40:16:439 - info: [HTTP] --> POST /wd/hub/session/3027f43c-194c-45d0-b9ad-5b0f32702efe/timeouts {"type":"implicit","ms":0}
2017-07-14 03:40:16:440 - info: [debug] [MJSONWP] Calling AppiumDriver.timeouts() with args: ["implicit",0,"3027f43c-194c-45d0-b9ad-5b0f32702efe"]
2017-07-14 03:40:16:441 - info: [debug] [BaseDriver] Set implicit wait to 0ms
2017-07-14 03:40:16:441 - info: [debug] [MJSONWP] Responding to client with driver.timeouts() result: null
2017-07-14 03:40:16:443 - info: [HTTP] <-- POST /wd/hub/session/3027f43c-194c-45d0-b9ad-5b0f32702efe/timeouts 200 3 ms - 76 
2017-07-14 03:40:16:444 - info: [HTTP] --> GET /wd/hub/session/3027f43c-194c-45d0-b9ad-5b0f32702efe/context {}
2017-07-14 03:40:16:445 - info: [debug] [MJSONWP] Calling AppiumDriver.getCurrentContext() with args: ["3027f43c-194c-45d0-b9ad-5b0f32702efe"]
2017-07-14 03:40:16:446 - info: [debug] [MJSONWP] Responding to client with driver.getCurrentContext() result: "NATIVE_APP"
2017-07-14 03:40:16:447 - info: [HTTP] <-- GET /wd/hub/session/3027f43c-194c-45d0-b9ad-5b0f32702efe/context 200 2 ms - 84 
2017-07-14 03:40:16:450 - info: [HTTP] --> POST /wd/hub/session/3027f43c-194c-45d0-b9ad-5b0f32702efe/elements {"using":"id","value":"com.play.android:id/btn_profile"}
2017-07-14 03:40:16:451 - info: [debug] [MJSONWP] Calling AppiumDriver.findElements() with args: ["id","com.play.android:id/btn_profile","3027f43c-194c-45d0-b9ad-5b0f32702efe"]
2017-07-14 03:40:16:451 - info: [debug] [BaseDriver] Valid locator strategies for this request: xpath, id, class name, accessibility id, -android uiautomator
2017-07-14 03:40:16:452 - info: [debug] [BaseDriver] Valid locator strategies for this request: xpath, id, class name, accessibility id, -android uiautomator
2017-07-14 03:40:16:452 - info: [debug] [BaseDriver] Waiting up to 0 ms for condition
2017-07-14 03:40:16:452 - info: [debug] [AndroidBootstrap] Sending command to android: {"cmd":"action","action":"find","params":{"strategy":"id","selector":"com.play.android:id/btn_profile","context":"","multiple":true}}
2017-07-14 03:40:16:455 - info: [AndroidBootstrap] [BOOTSTRAP LOG] [debug] Got data from client: {"cmd":"action","action":"find","params":{"strategy":"id","selector":"com.play.android:id/btn_profile","context":"","multiple":true}}
2017-07-14 03:40:16:456 - info: [AndroidBootstrap] [BOOTSTRAP LOG] [debug] Got command of type ACTION
2017-07-14 03:40:16:456 - info: [AndroidBootstrap] [BOOTSTRAP LOG] [debug] Got command action: find
2017-07-14 03:40:16:456 - info: [AndroidBootstrap] [BOOTSTRAP LOG] [debug] Finding 'com.play.android:id/btn_profile' using 'ID' with the contextId: '' multiple: true
2017-07-14 03:40:16:456 - info: [AndroidBootstrap] [BOOTSTRAP LOG] [debug] Using: UiSelector[RESOURCE_ID=com.play.android:id/btn_profile]
2017-07-14 03:40:16:456 - info: [AndroidBootstrap] [BOOTSTRAP LOG] [debug] getElements selector:UiSelector[RESOURCE_ID=com.play.android:id/btn_profile]
2017-07-14 03:40:16:456 - info: [AndroidBootstrap] [BOOTSTRAP LOG] [debug] Element[] is null: (0)
2017-07-14 03:40:16:457 - info: [AndroidBootstrap] [BOOTSTRAP LOG] [debug] getElements tmp selector:UiSelector[INSTANCE=0, RESOURCE_ID=com.play.android:id/btn_profile]
2017-07-14 03:40:16:485 - info: [AndroidBootstrap] [BOOTSTRAP LOG] [debug] Element[] is null: (1)
2017-07-14 03:40:16:486 - info: [AndroidBootstrap] [BOOTSTRAP LOG] [debug] getElements tmp selector:UiSelector[INSTANCE=1, RESOURCE_ID=com.play.android:id/btn_profile]
2017-07-14 03:40:16:517 - info: [AndroidBootstrap] [BOOTSTRAP LOG] [debug] Returning result: {"status":0,"value":[{"ELEMENT":"2"}]}
2017-07-14 03:40:16:518 - info: [debug] [AndroidBootstrap] Received command result from bootstrap
2017-07-14 03:40:16:519 - info: [debug] [MJSONWP] Responding to client with driver.findElements() result: [{"ELEMENT":"2"}]
2017-07-14 03:40:16:519 - info: [HTTP] <-- POST /wd/hub/session/3027f43c-194c-45d0-b9ad-5b0f32702efe/elements 200 69 ms - 89 
2017-07-14 03:40:16:525 - info: [HTTP] --> POST /wd/hub/session/3027f43c-194c-45d0-b9ad-5b0f32702efe/timeouts {"type":"implicit","ms":20000}
2017-07-14 03:40:16:526 - info: [debug] [MJSONWP] Calling AppiumDriver.timeouts() with args: ["implicit",20000,"3027f43c-194c-45d0-b9ad-5b0f32702efe"]
2017-07-14 03:40:16:526 - info: [debug] [BaseDriver] Set implicit wait to 20000ms
2017-07-14 03:40:16:527 - info: [debug] [MJSONWP] Responding to client with driver.timeouts() result: null
2017-07-14 03:40:16:528 - info: [HTTP] <-- POST /wd/hub/session/3027f43c-194c-45d0-b9ad-5b0f32702efe/timeouts 200 2 ms - 76 
2017-07-14 03:40:16:532 - info: [HTTP] --> POST /wd/hub/session/3027f43c-194c-45d0-b9ad-5b0f32702efe/element/2/click {"id":"2"}
2017-07-14 03:40:16:532 - info: [debug] [MJSONWP] Calling AppiumDriver.click() with args: ["2","3027f43c-194c-45d0-b9ad-5b0f32702efe"]
2017-07-14 03:40:16:533 - info: [debug] [AndroidBootstrap] Sending command to android: {"cmd":"action","action":"element:click","params":{"elementId":"2"}}
2017-07-14 03:40:16:541 - info: [AndroidBootstrap] [BOOTSTRAP LOG] [debug] Got data from client: {"cmd":"action","action":"element:click","params":{"elementId":"2"}}
2017-07-14 03:40:16:541 - info: [AndroidBootstrap] [BOOTSTRAP LOG] [debug] Got command of type ACTION
2017-07-14 03:40:16:541 - info: [AndroidBootstrap] [BOOTSTRAP LOG] [debug] Got command action: click
2017-07-14 03:40:19:695 - info: [debug] [AndroidBootstrap] Received command result from bootstrap
2017-07-14 03:40:19:695 - info: [debug] [MJSONWP] Responding to client with driver.click() result: true
2017-07-14 03:40:19:696 - info: [HTTP] <-- POST /wd/hub/session/3027f43c-194c-45d0-b9ad-5b0f32702efe/element/2/click 200 3164 ms - 76 
2017-07-14 03:40:19:697 - info: [AndroidBootstrap] [BOOTSTRAP LOG] [debug] Returning result: {"status":0,"value":true}
2017-07-14 03:40:20:200 - info: [HTTP] --> GET /wd/hub/session/3027f43c-194c-45d0-b9ad-5b0f32702efe/appium/device/current_activity {}
2017-07-14 03:40:20:201 - info: [debug] [MJSONWP] Calling AppiumDriver.getCurrentActivity() with args: ["3027f43c-194c-45d0-b9ad-5b0f32702efe"]
2017-07-14 03:40:20:202 - info: [debug] [ADB] Getting focused package and activity
2017-07-14 03:40:20:202 - info: [debug] [ADB] Getting connected devices...
2017-07-14 03:40:20:237 - info: [debug] [ADB] 2 device(s) connected
2017-07-14 03:40:20:237 - info: [debug] [ADB] Running 'D:\Android\AndroidSDK\platform-tools\adb.exe' with args: ["-P",5037,"-s","85GBBMA2353T","shell","dumpsys","window","windows"]
2017-07-14 03:40:20:316 - info: [debug] [MJSONWP] Responding to client with driver.getCurrentActivity() result: ".activity.member.LoginActivity"
2017-07-14 03:40:20:317 - info: [HTTP] <-- GET /wd/hub/session/3027f43c-194c-45d0-b9ad-5b0f32702efe/appium/device/current_activity 200 116 ms - 104 
2017-07-14 03:40:20:320 - info: [HTTP] --> POST /wd/hub/session/3027f43c-194c-45d0-b9ad-5b0f32702efe/timeouts {"type":"implicit","ms":0}
2017-07-14 03:40:20:321 - info: [debug] [MJSONWP] Calling AppiumDriver.timeouts() with args: ["implicit",0,"3027f43c-194c-45d0-b9ad-5b0f32702efe"]
2017-07-14 03:40:20:321 - info: [debug] [BaseDriver] Set implicit wait to 0ms
2017-07-14 03:40:20:322 - info: [debug] [MJSONWP] Responding to client with driver.timeouts() result: null
2017-07-14 03:40:20:322 - info: [HTTP] <-- POST /wd/hub/session/3027f43c-194c-45d0-b9ad-5b0f32702efe/timeouts 200 2 ms - 76 
2017-07-14 03:40:20:325 - info: [HTTP] --> GET /wd/hub/session/3027f43c-194c-45d0-b9ad-5b0f32702efe/context {}
2017-07-14 03:40:20:326 - info: [debug] [MJSONWP] Calling AppiumDriver.getCurrentContext() with args: ["3027f43c-194c-45d0-b9ad-5b0f32702efe"]
2017-07-14 03:40:20:329 - info: [debug] [MJSONWP] Responding to client with driver.getCurrentContext() result: "NATIVE_APP"
2017-07-14 03:40:20:330 - info: [HTTP] <-- GET /wd/hub/session/3027f43c-194c-45d0-b9ad-5b0f32702efe/context 200 4 ms - 84 
2017-07-14 03:40:20:335 - info: [HTTP] --> POST /wd/hub/session/3027f43c-194c-45d0-b9ad-5b0f32702efe/elements {"using":"id","value":"com.play.android:id/tv_account"}
2017-07-14 03:40:20:335 - info: [debug] [MJSONWP] Calling AppiumDriver.findElements() with args: ["id","com.play.android:id/tv_account","3027f43c-194c-45d0-b9ad-5b0f32702efe"]
2017-07-14 03:40:20:336 - info: [debug] [BaseDriver] Valid locator strategies for this request: xpath, id, class name, accessibility id, -android uiautomator
2017-07-14 03:40:20:336 - info: [debug] [BaseDriver] Valid locator strategies for this request: xpath, id, class name, accessibility id, -android uiautomator
2017-07-14 03:40:20:336 - info: [debug] [BaseDriver] Waiting up to 0 ms for condition
2017-07-14 03:40:20:337 - info: [debug] [AndroidBootstrap] Sending command to android: {"cmd":"action","action":"find","params":{"strategy":"id","selector":"com.play.android:id/tv_account","context":"","multiple":true}}
2017-07-14 03:40:20:344 - info: [AndroidBootstrap] [BOOTSTRAP LOG] [debug] Got data from client: {"cmd":"action","action":"find","params":{"strategy":"id","selector":"com.play.android:id/tv_account","context":"","multiple":true}}
2017-07-14 03:40:20:344 - info: [AndroidBootstrap] [BOOTSTRAP LOG] [debug] Got command of type ACTION
2017-07-14 03:40:20:344 - info: [AndroidBootstrap] [BOOTSTRAP LOG] [debug] Got command action: find
2017-07-14 03:40:20:345 - info: [AndroidBootstrap] [BOOTSTRAP LOG] [debug] Finding 'com.play.android:id/tv_account' using 'ID' with the contextId: '' multiple: true
2017-07-14 03:40:20:345 - info: [AndroidBootstrap] [BOOTSTRAP LOG] [debug] Using: UiSelector[RESOURCE_ID=com.play.android:id/tv_account]
2017-07-14 03:40:20:345 - info: [AndroidBootstrap] [BOOTSTRAP LOG] [debug] getElements selector:UiSelector[RESOURCE_ID=com.play.android:id/tv_account]
2017-07-14 03:40:20:345 - info: [AndroidBootstrap] [BOOTSTRAP LOG] [debug] Element[] is null: (0)
2017-07-14 03:40:20:346 - info: [AndroidBootstrap] [BOOTSTRAP LOG] [debug] getElements tmp selector:UiSelector[INSTANCE=0, RESOURCE_ID=com.play.android:id/tv_account]
2017-07-14 03:40:20:355 - info: [AndroidBootstrap] [BOOTSTRAP LOG] [debug] Element[] is null: (1)
2017-07-14 03:40:20:356 - info: [AndroidBootstrap] [BOOTSTRAP LOG] [debug] getElements tmp selector:UiSelector[INSTANCE=1, RESOURCE_ID=com.play.android:id/tv_account]
2017-07-14 03:40:20:424 - info: [AndroidBootstrap] [BOOTSTRAP LOG] [debug] Returning result: {"status":0,"value":[{"ELEMENT":"3"}]}
2017-07-14 03:40:20:425 - info: [debug] [AndroidBootstrap] Received command result from bootstrap
2017-07-14 03:40:20:426 - info: [debug] [MJSONWP] Responding to client with driver.findElements() result: [{"ELEMENT":"3"}]
2017-07-14 03:40:20:426 - info: [HTTP] <-- POST /wd/hub/session/3027f43c-194c-45d0-b9ad-5b0f32702efe/elements 200 92 ms - 89 
2017-07-14 03:40:20:429 - info: [HTTP] --> POST /wd/hub/session/3027f43c-194c-45d0-b9ad-5b0f32702efe/timeouts {"type":"implicit","ms":20000}
2017-07-14 03:40:20:430 - info: [debug] [MJSONWP] Calling AppiumDriver.timeouts() with args: ["implicit",20000,"3027f43c-194c-45d0-b9ad-5b0f32702efe"]
2017-07-14 03:40:20:430 - info: [debug] [BaseDriver] Set implicit wait to 20000ms
2017-07-14 03:40:20:430 - info: [debug] [MJSONWP] Responding to client with driver.timeouts() result: null
2017-07-14 03:40:20:431 - info: [HTTP] <-- POST /wd/hub/session/3027f43c-194c-45d0-b9ad-5b0f32702efe/timeouts 200 2 ms - 76 
2017-07-14 03:40:20:434 - info: [HTTP] --> POST /wd/hub/session/3027f43c-194c-45d0-b9ad-5b0f32702efe/timeouts {"type":"implicit","ms":0}
2017-07-14 03:40:20:437 - info: [debug] [MJSONWP] Calling AppiumDriver.timeouts() with args: ["implicit",0,"3027f43c-194c-45d0-b9ad-5b0f32702efe"]
2017-07-14 03:40:20:437 - info: [debug] [BaseDriver] Set implicit wait to 0ms
2017-07-14 03:40:20:438 - info: [debug] [MJSONWP] Responding to client with driver.timeouts() result: null
2017-07-14 03:40:20:440 - info: [HTTP] <-- POST /wd/hub/session/3027f43c-194c-45d0-b9ad-5b0f32702efe/timeouts 200 4 ms - 76 
2017-07-14 03:40:20:442 - info: [HTTP] --> GET /wd/hub/session/3027f43c-194c-45d0-b9ad-5b0f32702efe/context {}
2017-07-14 03:40:20:443 - info: [debug] [MJSONWP] Calling AppiumDriver.getCurrentContext() with args: ["3027f43c-194c-45d0-b9ad-5b0f32702efe"]
2017-07-14 03:40:20:443 - info: [debug] [MJSONWP] Responding to client with driver.getCurrentContext() result: "NATIVE_APP"
2017-07-14 03:40:20:444 - info: [HTTP] <-- GET /wd/hub/session/3027f43c-194c-45d0-b9ad-5b0f32702efe/context 200 2 ms - 84 
2017-07-14 03:40:20:448 - info: [HTTP] --> POST /wd/hub/session/3027f43c-194c-45d0-b9ad-5b0f32702efe/elements {"using":"id","value":"com.play.android:id/tv_account"}
2017-07-14 03:40:20:448 - info: [debug] [MJSONWP] Calling AppiumDriver.findElements() with args: ["id","com.play.android:id/tv_account","3027f43c-194c-45d0-b9ad-5b0f32702efe"]
2017-07-14 03:40:20:450 - info: [debug] [BaseDriver] Valid locator strategies for this request: xpath, id, class name, accessibility id, -android uiautomator
2017-07-14 03:40:20:450 - info: [debug] [BaseDriver] Valid locator strategies for this request: xpath, id, class name, accessibility id, -android uiautomator
2017-07-14 03:40:20:451 - info: [debug] [BaseDriver] Waiting up to 0 ms for condition
2017-07-14 03:40:20:451 - info: [debug] [AndroidBootstrap] Sending command to android: {"cmd":"action","action":"find","params":{"strategy":"id","selector":"com.play.android:id/tv_account","context":"","multiple":true}}
2017-07-14 03:40:20:458 - info: [AndroidBootstrap] [BOOTSTRAP LOG] [debug] Got data from client: {"cmd":"action","action":"find","params":{"strategy":"id","selector":"com.play.android:id/tv_account","context":"","multiple":true}}
2017-07-14 03:40:20:458 - info: [AndroidBootstrap] [BOOTSTRAP LOG] [debug] Got command of type ACTION
2017-07-14 03:40:20:459 - info: [AndroidBootstrap] [BOOTSTRAP LOG] [debug] Got command action: find
2017-07-14 03:40:20:459 - info: [AndroidBootstrap] [BOOTSTRAP LOG] [debug] Finding 'com.play.android:id/tv_account' using 'ID' with the contextId: '' multiple: true
2017-07-14 03:40:20:459 - info: [AndroidBootstrap] [BOOTSTRAP LOG] [debug] Using: UiSelector[RESOURCE_ID=com.play.android:id/tv_account]
2017-07-14 03:40:20:459 - info: [AndroidBootstrap] [BOOTSTRAP LOG] [debug] getElements selector:UiSelector[RESOURCE_ID=com.play.android:id/tv_account]
2017-07-14 03:40:20:459 - info: [AndroidBootstrap] [BOOTSTRAP LOG] [debug] Element[] is null: (0)
2017-07-14 03:40:20:459 - info: [AndroidBootstrap] [BOOTSTRAP LOG] [debug] getElements tmp selector:UiSelector[INSTANCE=0, RESOURCE_ID=com.play.android:id/tv_account]
2017-07-14 03:40:20:560 - info: [AndroidBootstrap] [BOOTSTRAP LOG] [debug] Element[] is null: (1)
2017-07-14 03:40:20:561 - info: [AndroidBootstrap] [BOOTSTRAP LOG] [debug] getElements tmp selector:UiSelector[INSTANCE=1, RESOURCE_ID=com.play.android:id/tv_account]
2017-07-14 03:40:20:592 - info: [AndroidBootstrap] [BOOTSTRAP LOG] [debug] Returning result: {"status":0,"value":[{"ELEMENT":"4"}]}
2017-07-14 03:40:20:592 - info: [debug] [AndroidBootstrap] Received command result from bootstrap
2017-07-14 03:40:20:593 - info: [debug] [MJSONWP] Responding to client with driver.findElements() result: [{"ELEMENT":"4"}]
2017-07-14 03:40:20:594 - info: [HTTP] <-- POST /wd/hub/session/3027f43c-194c-45d0-b9ad-5b0f32702efe/elements 200 146 ms - 89 
2017-07-14 03:40:20:597 - info: [HTTP] --> POST /wd/hub/session/3027f43c-194c-45d0-b9ad-5b0f32702efe/timeouts {"type":"implicit","ms":20000}
2017-07-14 03:40:20:597 - info: [debug] [MJSONWP] Calling AppiumDriver.timeouts() with args: ["implicit",20000,"3027f43c-194c-45d0-b9ad-5b0f32702efe"]
2017-07-14 03:40:20:597 - info: [debug] [BaseDriver] Set implicit wait to 20000ms
2017-07-14 03:40:20:598 - info: [debug] [MJSONWP] Responding to client with driver.timeouts() result: null
2017-07-14 03:40:20:599 - info: [HTTP] <-- POST /wd/hub/session/3027f43c-194c-45d0-b9ad-5b0f32702efe/timeouts 200 2 ms - 76 
2017-07-14 03:40:20:602 - info: [HTTP] --> POST /wd/hub/session/3027f43c-194c-45d0-b9ad-5b0f32702efe/element/4/click {"id":"4"}
2017-07-14 03:40:20:603 - info: [debug] [MJSONWP] Calling AppiumDriver.click() with args: ["4","3027f43c-194c-45d0-b9ad-5b0f32702efe"]
2017-07-14 03:40:20:603 - info: [debug] [AndroidBootstrap] Sending command to android: {"cmd":"action","action":"element:click","params":{"elementId":"4"}}
2017-07-14 03:40:20:605 - info: [AndroidBootstrap] [BOOTSTRAP LOG] [debug] Got data from client: {"cmd":"action","action":"element:click","params":{"elementId":"4"}}
2017-07-14 03:40:20:606 - info: [AndroidBootstrap] [BOOTSTRAP LOG] [debug] Got command of type ACTION
2017-07-14 03:40:20:606 - info: [AndroidBootstrap] [BOOTSTRAP LOG] [debug] Got command action: click
2017-07-14 03:40:20:790 - info: [debug] [AndroidBootstrap] Received command result from bootstrap
2017-07-14 03:40:20:791 - info: [debug] [MJSONWP] Responding to client with driver.click() result: true
2017-07-14 03:40:20:791 - info: [HTTP] <-- POST /wd/hub/session/3027f43c-194c-45d0-b9ad-5b0f32702efe/element/4/click 200 189 ms - 76 
2017-07-14 03:40:20:792 - info: [AndroidBootstrap] [BOOTSTRAP LOG] [debug] Returning result: {"status":0,"value":true}
2017-07-14 03:40:20:797 - info: [HTTP] --> POST /wd/hub/session/3027f43c-194c-45d0-b9ad-5b0f32702efe/timeouts {"type":"implicit","ms":0}
2017-07-14 03:40:20:798 - info: [debug] [MJSONWP] Calling AppiumDriver.timeouts() with args: ["implicit",0,"3027f43c-194c-45d0-b9ad-5b0f32702efe"]
2017-07-14 03:40:20:799 - info: [debug] [BaseDriver] Set implicit wait to 0ms
2017-07-14 03:40:20:799 - info: [debug] [MJSONWP] Responding to client with driver.timeouts() result: null
2017-07-14 03:40:20:802 - info: [HTTP] <-- POST /wd/hub/session/3027f43c-194c-45d0-b9ad-5b0f32702efe/timeouts 200 2 ms - 76 
2017-07-14 03:40:20:803 - info: [HTTP] --> GET /wd/hub/session/3027f43c-194c-45d0-b9ad-5b0f32702efe/context {}
2017-07-14 03:40:20:803 - info: [debug] [MJSONWP] Calling AppiumDriver.getCurrentContext() with args: ["3027f43c-194c-45d0-b9ad-5b0f32702efe"]
2017-07-14 03:40:20:804 - info: [debug] [MJSONWP] Responding to client with driver.getCurrentContext() result: "NATIVE_APP"
2017-07-14 03:40:20:805 - info: [HTTP] <-- GET /wd/hub/session/3027f43c-194c-45d0-b9ad-5b0f32702efe/context 200 2 ms - 84 
2017-07-14 03:40:20:812 - info: [HTTP] --> POST /wd/hub/session/3027f43c-194c-45d0-b9ad-5b0f32702efe/elements {"using":"id","value":"com.play.android:id/et_account"}
2017-07-14 03:40:20:812 - info: [debug] [MJSONWP] Calling AppiumDriver.findElements() with args: ["id","com.play.android:id/et_account","3027f43c-194c-45d0-b9ad-5b0f32702efe"]
2017-07-14 03:40:20:813 - info: [debug] [BaseDriver] Valid locator strategies for this request: xpath, id, class name, accessibility id, -android uiautomator
2017-07-14 03:40:20:813 - info: [debug] [BaseDriver] Valid locator strategies for this request: xpath, id, class name, accessibility id, -android uiautomator
2017-07-14 03:40:20:814 - info: [debug] [BaseDriver] Waiting up to 0 ms for condition
2017-07-14 03:40:20:815 - info: [debug] [AndroidBootstrap] Sending command to android: {"cmd":"action","action":"find","params":{"strategy":"id","selector":"com.play.android:id/et_account","context":"","multiple":true}}
2017-07-14 03:40:20:820 - info: [AndroidBootstrap] [BOOTSTRAP LOG] [debug] Got data from client: {"cmd":"action","action":"find","params":{"strategy":"id","selector":"com.play.android:id/et_account","context":"","multiple":true}}
2017-07-14 03:40:20:820 - info: [AndroidBootstrap] [BOOTSTRAP LOG] [debug] Got command of type ACTION
2017-07-14 03:40:20:820 - info: [AndroidBootstrap] [BOOTSTRAP LOG] [debug] Got command action: find
2017-07-14 03:40:20:821 - info: [AndroidBootstrap] [BOOTSTRAP LOG] [debug] Finding 'com.play.android:id/et_account' using 'ID' with the contextId: '' multiple: true
2017-07-14 03:40:20:821 - info: [AndroidBootstrap] [BOOTSTRAP LOG] [debug] Using: UiSelector[RESOURCE_ID=com.play.android:id/et_account]
2017-07-14 03:40:20:821 - info: [AndroidBootstrap] [BOOTSTRAP LOG] [debug] getElements selector:UiSelector[RESOURCE_ID=com.play.android:id/et_account]
2017-07-14 03:40:20:821 - info: [AndroidBootstrap] [BOOTSTRAP LOG] [debug] Element[] is null: (0)
2017-07-14 03:40:20:821 - info: [AndroidBootstrap] [BOOTSTRAP LOG] [debug] getElements tmp selector:UiSelector[INSTANCE=0, RESOURCE_ID=com.play.android:id/et_account]
2017-07-14 03:40:21:424 - info: [AndroidBootstrap] [BOOTSTRAP LOG] [debug] Element[] is null: (1)
2017-07-14 03:40:21:424 - info: [AndroidBootstrap] [BOOTSTRAP LOG] [debug] getElements tmp selector:UiSelector[INSTANCE=1, RESOURCE_ID=com.play.android:id/et_account]
2017-07-14 03:40:21:442 - info: [AndroidBootstrap] [BOOTSTRAP LOG] [debug] Returning result: {"status":0,"value":[{"ELEMENT":"5"}]}
2017-07-14 03:40:21:442 - info: [debug] [AndroidBootstrap] Received command result from bootstrap
2017-07-14 03:40:21:442 - info: [debug] [MJSONWP] Responding to client with driver.findElements() result: [{"ELEMENT":"5"}]
2017-07-14 03:40:21:443 - info: [HTTP] <-- POST /wd/hub/session/3027f43c-194c-45d0-b9ad-5b0f32702efe/elements 200 631 ms - 89 
2017-07-14 03:40:21:447 - info: [HTTP] --> POST /wd/hub/session/3027f43c-194c-45d0-b9ad-5b0f32702efe/timeouts {"type":"implicit","ms":20000}
2017-07-14 03:40:21:448 - info: [debug] [MJSONWP] Calling AppiumDriver.timeouts() with args: ["implicit",20000,"3027f43c-194c-45d0-b9ad-5b0f32702efe"]
2017-07-14 03:40:21:448 - info: [debug] [BaseDriver] Set implicit wait to 20000ms
2017-07-14 03:40:21:448 - info: [debug] [MJSONWP] Responding to client with driver.timeouts() result: null
2017-07-14 03:40:21:449 - info: [HTTP] <-- POST /wd/hub/session/3027f43c-194c-45d0-b9ad-5b0f32702efe/timeouts 200 2 ms - 76 
2017-07-14 03:40:21:452 - info: [HTTP] --> POST /wd/hub/session/3027f43c-194c-45d0-b9ad-5b0f32702efe/timeouts {"type":"implicit","ms":0}
2017-07-14 03:40:21:453 - info: [debug] [MJSONWP] Calling AppiumDriver.timeouts() with args: ["implicit",0,"3027f43c-194c-45d0-b9ad-5b0f32702efe"]
2017-07-14 03:40:21:453 - info: [debug] [BaseDriver] Set implicit wait to 0ms
2017-07-14 03:40:21:454 - info: [debug] [MJSONWP] Responding to client with driver.timeouts() result: null
2017-07-14 03:40:21:454 - info: [HTTP] <-- POST /wd/hub/session/3027f43c-194c-45d0-b9ad-5b0f32702efe/timeouts 200 2 ms - 76 
2017-07-14 03:40:21:458 - info: [HTTP] --> GET /wd/hub/session/3027f43c-194c-45d0-b9ad-5b0f32702efe/context {}
2017-07-14 03:40:21:458 - info: [debug] [MJSONWP] Calling AppiumDriver.getCurrentContext() with args: ["3027f43c-194c-45d0-b9ad-5b0f32702efe"]
2017-07-14 03:40:21:458 - info: [debug] [MJSONWP] Responding to client with driver.getCurrentContext() result: "NATIVE_APP"
2017-07-14 03:40:21:460 - info: [HTTP] <-- GET /wd/hub/session/3027f43c-194c-45d0-b9ad-5b0f32702efe/context 200 1 ms - 84 
2017-07-14 03:40:21:461 - info: [HTTP] --> POST /wd/hub/session/3027f43c-194c-45d0-b9ad-5b0f32702efe/elements {"using":"id","value":"com.play.android:id/et_account"}
2017-07-14 03:40:21:462 - info: [debug] [MJSONWP] Calling AppiumDriver.findElements() with args: ["id","com.play.android:id/et_account","3027f43c-194c-45d0-b9ad-5b0f32702efe"]
2017-07-14 03:40:21:462 - info: [debug] [BaseDriver] Valid locator strategies for this request: xpath, id, class name, accessibility id, -android uiautomator
2017-07-14 03:40:21:462 - info: [debug] [BaseDriver] Valid locator strategies for this request: xpath, id, class name, accessibility id, -android uiautomator
2017-07-14 03:40:21:462 - info: [debug] [BaseDriver] Waiting up to 0 ms for condition
2017-07-14 03:40:21:462 - info: [debug] [AndroidBootstrap] Sending command to android: {"cmd":"action","action":"find","params":{"strategy":"id","selector":"com.play.android:id/et_account","context":"","multiple":true}}
2017-07-14 03:40:21:474 - info: [AndroidBootstrap] [BOOTSTRAP LOG] [debug] Got data from client: {"cmd":"action","action":"find","params":{"strategy":"id","selector":"com.play.android:id/et_account","context":"","multiple":true}}
2017-07-14 03:40:21:474 - info: [AndroidBootstrap] [BOOTSTRAP LOG] [debug] Got command of type ACTION
2017-07-14 03:40:21:475 - info: [AndroidBootstrap] [BOOTSTRAP LOG] [debug] Got command action: find
2017-07-14 03:40:21:482 - info: [AndroidBootstrap] [BOOTSTRAP LOG] [debug] Finding 'com.play.android:id/et_account' using 'ID' with the contextId: '' multiple: true
2017-07-14 03:40:21:482 - info: [AndroidBootstrap] [BOOTSTRAP LOG] [debug] Using: UiSelector[RESOURCE_ID=com.play.android:id/et_account]
2017-07-14 03:40:21:482 - info: [AndroidBootstrap] [BOOTSTRAP LOG] [debug] getElements selector:UiSelector[RESOURCE_ID=com.play.android:id/et_account]
2017-07-14 03:40:21:482 - info: [AndroidBootstrap] [BOOTSTRAP LOG] [debug] Element[] is null: (0)
2017-07-14 03:40:21:482 - info: [AndroidBootstrap] [BOOTSTRAP LOG] [debug] getElements tmp selector:UiSelector[INSTANCE=0, RESOURCE_ID=com.play.android:id/et_account]
2017-07-14 03:40:21:503 - info: [AndroidBootstrap] [BOOTSTRAP LOG] [debug] Element[] is null: (1)
2017-07-14 03:40:21:503 - info: [AndroidBootstrap] [BOOTSTRAP LOG] [debug] getElements tmp selector:UiSelector[INSTANCE=1, RESOURCE_ID=com.play.android:id/et_account]
2017-07-14 03:40:21:681 - info: [AndroidBootstrap] [BOOTSTRAP LOG] [debug] Returning result: {"status":0,"value":[{"ELEMENT":"6"}]}
2017-07-14 03:40:21:683 - info: [debug] [AndroidBootstrap] Received command result from bootstrap
2017-07-14 03:40:21:691 - info: [debug] [MJSONWP] Responding to client with driver.findElements() result: [{"ELEMENT":"6"}]
2017-07-14 03:40:21:692 - info: [HTTP] <-- POST /wd/hub/session/3027f43c-194c-45d0-b9ad-5b0f32702efe/elements 200 231 ms - 89 
2017-07-14 03:40:21:695 - info: [HTTP] --> POST /wd/hub/session/3027f43c-194c-45d0-b9ad-5b0f32702efe/timeouts {"type":"implicit","ms":20000}
2017-07-14 03:40:21:696 - info: [debug] [MJSONWP] Calling AppiumDriver.timeouts() with args: ["implicit",20000,"3027f43c-194c-45d0-b9ad-5b0f32702efe"]
2017-07-14 03:40:21:696 - info: [debug] [BaseDriver] Set implicit wait to 20000ms
2017-07-14 03:40:21:697 - info: [debug] [MJSONWP] Responding to client with driver.timeouts() result: null
2017-07-14 03:40:21:697 - info: [HTTP] <-- POST /wd/hub/session/3027f43c-194c-45d0-b9ad-5b0f32702efe/timeouts 200 2 ms - 76 
2017-07-14 03:40:21:700 - info: [HTTP] --> POST /wd/hub/session/3027f43c-194c-45d0-b9ad-5b0f32702efe/element/6/value {"id":"6","value":["18521035133"]}
2017-07-14 03:40:21:700 - info: [debug] [MJSONWP] Calling AppiumDriver.setValue() with args: [["18521035133"],"6","3027f43c-194c-45d0-b9ad-5b0f32702efe"]
2017-07-14 03:40:21:701 - info: [debug] [AndroidBootstrap] Sending command to android: {"cmd":"action","action":"element:setText","params":{"elementId":"6","text":"18521035133","replace":false,"unicodeKeyboard":true}}
2017-07-14 03:40:21:706 - info: [AndroidBootstrap] [BOOTSTRAP LOG] [debug] Got data from client: {"cmd":"action","action":"element:setText","params":{"elementId":"6","text":"18521035133","replace":false,"unicodeKeyboard":true}}
2017-07-14 03:40:21:708 - info: [AndroidBootstrap] [BOOTSTRAP LOG] [debug] Got command of type ACTION
2017-07-14 03:40:21:708 - info: [AndroidBootstrap] [BOOTSTRAP LOG] [debug] Got command action: setText
2017-07-14 03:40:21:708 - info: [AndroidBootstrap] [BOOTSTRAP LOG] [debug] Using element passed in: 6
2017-07-14 03:40:21:782 - info: [AndroidBootstrap] [BOOTSTRAP LOG] [debug] Attempting to clear using UiObject.clearText().
2017-07-14 03:40:24:282 - info: [AndroidBootstrap] [BOOTSTRAP LOG] [debug] Text remains after clearing, but it appears to be hint text.
2017-07-14 03:40:24:296 - info: [AndroidBootstrap] [BOOTSTRAP LOG] [debug] Text not cleared. Assuming remainder is hint text.
2017-07-14 03:40:24:299 - info: [AndroidBootstrap] [BOOTSTRAP LOG] [debug] Sending plain text to element: 18521035133
2017-07-14 03:40:26:959 - info: [AndroidBootstrap] [BOOTSTRAP LOG] [debug] Returning result: {"status":0,"value":true}
2017-07-14 03:40:26:959 - info: [debug] [AndroidBootstrap] Received command result from bootstrap
2017-07-14 03:40:26:960 - info: [debug] [MJSONWP] Responding to client with driver.setValue() result: true
2017-07-14 03:40:26:961 - info: [HTTP] <-- POST /wd/hub/session/3027f43c-194c-45d0-b9ad-5b0f32702efe/element/6/value 200 5261 ms - 76 
2017-07-14 03:40:26:964 - info: [HTTP] --> POST /wd/hub/session/3027f43c-194c-45d0-b9ad-5b0f32702efe/timeouts {"type":"implicit","ms":0}
2017-07-14 03:40:26:965 - info: [debug] [MJSONWP] Calling AppiumDriver.timeouts() with args: ["implicit",0,"3027f43c-194c-45d0-b9ad-5b0f32702efe"]
2017-07-14 03:40:26:966 - info: [debug] [BaseDriver] Set implicit wait to 0ms
2017-07-14 03:40:26:966 - info: [debug] [MJSONWP] Responding to client with driver.timeouts() result: null
2017-07-14 03:40:26:967 - info: [HTTP] <-- POST /wd/hub/session/3027f43c-194c-45d0-b9ad-5b0f32702efe/timeouts 200 2 ms - 76 
2017-07-14 03:40:26:970 - info: [HTTP] --> GET /wd/hub/session/3027f43c-194c-45d0-b9ad-5b0f32702efe/context {}
2017-07-14 03:40:26:970 - info: [debug] [MJSONWP] Calling AppiumDriver.getCurrentContext() with args: ["3027f43c-194c-45d0-b9ad-5b0f32702efe"]
2017-07-14 03:40:26:971 - info: [debug] [MJSONWP] Responding to client with driver.getCurrentContext() result: "NATIVE_APP"
2017-07-14 03:40:26:971 - info: [HTTP] <-- GET /wd/hub/session/3027f43c-194c-45d0-b9ad-5b0f32702efe/context 200 2 ms - 84 
2017-07-14 03:40:26:984 - info: [HTTP] --> POST /wd/hub/session/3027f43c-194c-45d0-b9ad-5b0f32702efe/elements {"using":"id","value":"com.play.android:id/et_password"}
2017-07-14 03:40:26:984 - info: [debug] [MJSONWP] Calling AppiumDriver.findElements() with args: ["id","com.play.android:id/et_password","3027f43c-194c-45d0-b9ad-5b0f32702efe"]
2017-07-14 03:40:26:985 - info: [debug] [BaseDriver] Valid locator strategies for this request: xpath, id, class name, accessibility id, -android uiautomator
2017-07-14 03:40:26:985 - info: [debug] [BaseDriver] Valid locator strategies for this request: xpath, id, class name, accessibility id, -android uiautomator
2017-07-14 03:40:26:985 - info: [debug] [BaseDriver] Waiting up to 0 ms for condition
2017-07-14 03:40:26:985 - info: [debug] [AndroidBootstrap] Sending command to android: {"cmd":"action","action":"find","params":{"strategy":"id","selector":"com.play.android:id/et_password","context":"","multiple":true}}
2017-07-14 03:40:26:989 - info: [AndroidBootstrap] [BOOTSTRAP LOG] [debug] Got data from client: {"cmd":"action","action":"find","params":{"strategy":"id","selector":"com.play.android:id/et_password","context":"","multiple":true}}
2017-07-14 03:40:26:989 - info: [AndroidBootstrap] [BOOTSTRAP LOG] [debug] Got command of type ACTION
2017-07-14 03:40:26:989 - info: [AndroidBootstrap] [BOOTSTRAP LOG] [debug] Got command action: find
2017-07-14 03:40:26:989 - info: [AndroidBootstrap] [BOOTSTRAP LOG] [debug] Finding 'com.play.android:id/et_password' using 'ID' with the contextId: '' multiple: true
2017-07-14 03:40:26:989 - info: [AndroidBootstrap] [BOOTSTRAP LOG] [debug] Using: UiSelector[RESOURCE_ID=com.play.android:id/et_password]
2017-07-14 03:40:26:989 - info: [AndroidBootstrap] [BOOTSTRAP LOG] [debug] getElements selector:UiSelector[RESOURCE_ID=com.play.android:id/et_password]
2017-07-14 03:40:26:989 - info: [AndroidBootstrap] [BOOTSTRAP LOG] [debug] Element[] is null: (0)
2017-07-14 03:40:26:990 - info: [AndroidBootstrap] [BOOTSTRAP LOG] [debug] getElements tmp selector:UiSelector[INSTANCE=0, RESOURCE_ID=com.play.android:id/et_password]
2017-07-14 03:40:27:529 - info: [AndroidBootstrap] [BOOTSTRAP LOG] [debug] Element[] is null: (1)
2017-07-14 03:40:27:530 - info: [AndroidBootstrap] [BOOTSTRAP LOG] [debug] getElements tmp selector:UiSelector[INSTANCE=1, RESOURCE_ID=com.play.android:id/et_password]
2017-07-14 03:40:27:612 - info: [AndroidBootstrap] [BOOTSTRAP LOG] [debug] Returning result: {"status":0,"value":[{"ELEMENT":"7"}]}
2017-07-14 03:40:27:612 - info: [debug] [AndroidBootstrap] Received command result from bootstrap
2017-07-14 03:40:27:613 - info: [debug] [MJSONWP] Responding to client with driver.findElements() result: [{"ELEMENT":"7"}]
2017-07-14 03:40:27:613 - info: [HTTP] <-- POST /wd/hub/session/3027f43c-194c-45d0-b9ad-5b0f32702efe/elements 200 629 ms - 89 
2017-07-14 03:40:27:616 - info: [HTTP] --> POST /wd/hub/session/3027f43c-194c-45d0-b9ad-5b0f32702efe/timeouts {"type":"implicit","ms":20000}
2017-07-14 03:40:27:617 - info: [debug] [MJSONWP] Calling AppiumDriver.timeouts() with args: ["implicit",20000,"3027f43c-194c-45d0-b9ad-5b0f32702efe"]
2017-07-14 03:40:27:617 - info: [debug] [BaseDriver] Set implicit wait to 20000ms
2017-07-14 03:40:27:617 - info: [debug] [MJSONWP] Responding to client with driver.timeouts() result: null
2017-07-14 03:40:27:618 - info: [HTTP] <-- POST /wd/hub/session/3027f43c-194c-45d0-b9ad-5b0f32702efe/timeouts 200 1 ms - 76 
2017-07-14 03:40:27:622 - info: [HTTP] --> POST /wd/hub/session/3027f43c-194c-45d0-b9ad-5b0f32702efe/timeouts {"type":"implicit","ms":0}
2017-07-14 03:40:27:623 - info: [debug] [MJSONWP] Calling AppiumDriver.timeouts() with args: ["implicit",0,"3027f43c-194c-45d0-b9ad-5b0f32702efe"]
2017-07-14 03:40:27:623 - info: [debug] [BaseDriver] Set implicit wait to 0ms
2017-07-14 03:40:27:624 - info: [debug] [MJSONWP] Responding to client with driver.timeouts() result: null
2017-07-14 03:40:27:624 - info: [HTTP] <-- POST /wd/hub/session/3027f43c-194c-45d0-b9ad-5b0f32702efe/timeouts 200 2 ms - 76 
2017-07-14 03:40:27:628 - info: [HTTP] --> GET /wd/hub/session/3027f43c-194c-45d0-b9ad-5b0f32702efe/context {}
2017-07-14 03:40:27:628 - info: [debug] [MJSONWP] Calling AppiumDriver.getCurrentContext() with args: ["3027f43c-194c-45d0-b9ad-5b0f32702efe"]
2017-07-14 03:40:27:629 - info: [debug] [MJSONWP] Responding to client with driver.getCurrentContext() result: "NATIVE_APP"
2017-07-14 03:40:27:629 - info: [HTTP] <-- GET /wd/hub/session/3027f43c-194c-45d0-b9ad-5b0f32702efe/context 200 1 ms - 84 
2017-07-14 03:40:27:632 - info: [HTTP] --> POST /wd/hub/session/3027f43c-194c-45d0-b9ad-5b0f32702efe/elements {"using":"id","value":"com.play.android:id/et_password"}
2017-07-14 03:40:27:633 - info: [debug] [MJSONWP] Calling AppiumDriver.findElements() with args: ["id","com.play.android:id/et_password","3027f43c-194c-45d0-b9ad-5b0f32702efe"]
2017-07-14 03:40:27:633 - info: [debug] [BaseDriver] Valid locator strategies for this request: xpath, id, class name, accessibility id, -android uiautomator
2017-07-14 03:40:27:633 - info: [debug] [BaseDriver] Valid locator strategies for this request: xpath, id, class name, accessibility id, -android uiautomator
2017-07-14 03:40:27:633 - info: [debug] [BaseDriver] Waiting up to 0 ms for condition
2017-07-14 03:40:27:633 - info: [debug] [AndroidBootstrap] Sending command to android: {"cmd":"action","action":"find","params":{"strategy":"id","selector":"com.play.android:id/et_password","context":"","multiple":true}}
2017-07-14 03:40:27:637 - info: [AndroidBootstrap] [BOOTSTRAP LOG] [debug] Got data from client: {"cmd":"action","action":"find","params":{"strategy":"id","selector":"com.play.android:id/et_password","context":"","multiple":true}}
2017-07-14 03:40:27:637 - info: [AndroidBootstrap] [BOOTSTRAP LOG] [debug] Got command of type ACTION
2017-07-14 03:40:27:637 - info: [AndroidBootstrap] [BOOTSTRAP LOG] [debug] Got command action: find
2017-07-14 03:40:27:637 - info: [AndroidBootstrap] [BOOTSTRAP LOG] [debug] Finding 'com.play.android:id/et_password' using 'ID' with the contextId: '' multiple: true
2017-07-14 03:40:27:637 - info: [AndroidBootstrap] [BOOTSTRAP LOG] [debug] Using: UiSelector[RESOURCE_ID=com.play.android:id/et_password]
2017-07-14 03:40:27:637 - info: [AndroidBootstrap] [BOOTSTRAP LOG] [debug] getElements selector:UiSelector[RESOURCE_ID=com.play.android:id/et_password]
2017-07-14 03:40:27:637 - info: [AndroidBootstrap] [BOOTSTRAP LOG] [debug] Element[] is null: (0)
2017-07-14 03:40:27:638 - info: [AndroidBootstrap] [BOOTSTRAP LOG] [debug] getElements tmp selector:UiSelector[INSTANCE=0, RESOURCE_ID=com.play.android:id/et_password]
2017-07-14 03:40:27:652 - info: [AndroidBootstrap] [BOOTSTRAP LOG] [debug] Element[] is null: (1)
2017-07-14 03:40:27:652 - info: [AndroidBootstrap] [BOOTSTRAP LOG] [debug] getElements tmp selector:UiSelector[INSTANCE=1, RESOURCE_ID=com.play.android:id/et_password]
2017-07-14 03:40:27:674 - info: [AndroidBootstrap] [BOOTSTRAP LOG] [debug] Returning result: {"status":0,"value":[{"ELEMENT":"8"}]}
2017-07-14 03:40:27:674 - info: [debug] [AndroidBootstrap] Received command result from bootstrap
2017-07-14 03:40:27:675 - info: [debug] [MJSONWP] Responding to client with driver.findElements() result: [{"ELEMENT":"8"}]
2017-07-14 03:40:27:675 - info: [HTTP] <-- POST /wd/hub/session/3027f43c-194c-45d0-b9ad-5b0f32702efe/elements 200 43 ms - 89 
2017-07-14 03:40:27:678 - info: [HTTP] --> POST /wd/hub/session/3027f43c-194c-45d0-b9ad-5b0f32702efe/timeouts {"type":"implicit","ms":20000}
2017-07-14 03:40:27:679 - info: [debug] [MJSONWP] Calling AppiumDriver.timeouts() with args: ["implicit",20000,"3027f43c-194c-45d0-b9ad-5b0f32702efe"]
2017-07-14 03:40:27:680 - info: [debug] [BaseDriver] Set implicit wait to 20000ms
2017-07-14 03:40:27:681 - info: [debug] [MJSONWP] Responding to client with driver.timeouts() result: null
2017-07-14 03:40:27:682 - info: [HTTP] <-- POST /wd/hub/session/3027f43c-194c-45d0-b9ad-5b0f32702efe/timeouts 200 3 ms - 76 
2017-07-14 03:40:27:689 - info: [HTTP] --> POST /wd/hub/session/3027f43c-194c-45d0-b9ad-5b0f32702efe/element/8/value {"id":"8","value":["111111"]}
2017-07-14 03:40:27:689 - info: [debug] [MJSONWP] Calling AppiumDriver.setValue() with args: [["111111"],"8","3027f43c-194c-45d0-b9ad-5b0f32702efe"]
2017-07-14 03:40:27:690 - info: [debug] [AndroidBootstrap] Sending command to android: {"cmd":"action","action":"element:setText","params":{"elementId":"8","text":"111111","replace":false,"unicodeKeyboard":true}}
2017-07-14 03:40:27:694 - info: [AndroidBootstrap] [BOOTSTRAP LOG] [debug] Got data from client: {"cmd":"action","action":"element:setText","params":{"elementId":"8","text":"111111","replace":false,"unicodeKeyboard":true}}
2017-07-14 03:40:27:694 - info: [AndroidBootstrap] [BOOTSTRAP LOG] [debug] Got command of type ACTION
2017-07-14 03:40:27:694 - info: [AndroidBootstrap] [BOOTSTRAP LOG] [debug] Got command action: setText
2017-07-14 03:40:27:694 - info: [AndroidBootstrap] [BOOTSTRAP LOG] [debug] Using element passed in: 8
2017-07-14 03:40:27:707 - info: [AndroidBootstrap] [BOOTSTRAP LOG] [debug] Attempting to clear using UiObject.clearText().
2017-07-14 03:40:30:300 - info: [AndroidBootstrap] [BOOTSTRAP LOG] [debug] Sending plain text to element: 111111
2017-07-14 03:40:32:840 - info: [debug] [AndroidBootstrap] Received command result from bootstrap
2017-07-14 03:40:32:840 - info: [debug] [MJSONWP] Responding to client with driver.setValue() result: true
2017-07-14 03:40:32:841 - info: [HTTP] <-- POST /wd/hub/session/3027f43c-194c-45d0-b9ad-5b0f32702efe/element/8/value 200 5152 ms - 76 
2017-07-14 03:40:32:841 - info: [AndroidBootstrap] [BOOTSTRAP LOG] [debug] Returning result: {"status":0,"value":true}
2017-07-14 03:40:32:845 - info: [HTTP] --> POST /wd/hub/session/3027f43c-194c-45d0-b9ad-5b0f32702efe/timeouts {"type":"implicit","ms":0}
2017-07-14 03:40:32:845 - info: [debug] [MJSONWP] Calling AppiumDriver.timeouts() with args: ["implicit",0,"3027f43c-194c-45d0-b9ad-5b0f32702efe"]
2017-07-14 03:40:32:846 - info: [debug] [BaseDriver] Set implicit wait to 0ms
2017-07-14 03:40:32:846 - info: [debug] [MJSONWP] Responding to client with driver.timeouts() result: null
2017-07-14 03:40:32:847 - info: [HTTP] <-- POST /wd/hub/session/3027f43c-194c-45d0-b9ad-5b0f32702efe/timeouts 200 2 ms - 76 
2017-07-14 03:40:32:849 - info: [HTTP] --> GET /wd/hub/session/3027f43c-194c-45d0-b9ad-5b0f32702efe/context {}
2017-07-14 03:40:32:850 - info: [debug] [MJSONWP] Calling AppiumDriver.getCurrentContext() with args: ["3027f43c-194c-45d0-b9ad-5b0f32702efe"]
2017-07-14 03:40:32:850 - info: [debug] [MJSONWP] Responding to client with driver.getCurrentContext() result: "NATIVE_APP"
2017-07-14 03:40:32:851 - info: [HTTP] <-- GET /wd/hub/session/3027f43c-194c-45d0-b9ad-5b0f32702efe/context 200 1 ms - 84 
2017-07-14 03:40:32:853 - info: [HTTP] --> POST /wd/hub/session/3027f43c-194c-45d0-b9ad-5b0f32702efe/elements {"using":"id","value":"com.play.android:id/btn_login"}
2017-07-14 03:40:32:854 - info: [debug] [MJSONWP] Calling AppiumDriver.findElements() with args: ["id","com.play.android:id/btn_login","3027f43c-194c-45d0-b9ad-5b0f32702efe"]
2017-07-14 03:40:32:854 - info: [debug] [BaseDriver] Valid locator strategies for this request: xpath, id, class name, accessibility id, -android uiautomator
2017-07-14 03:40:32:855 - info: [debug] [BaseDriver] Valid locator strategies for this request: xpath, id, class name, accessibility id, -android uiautomator
2017-07-14 03:40:32:855 - info: [debug] [BaseDriver] Waiting up to 0 ms for condition
2017-07-14 03:40:32:855 - info: [debug] [AndroidBootstrap] Sending command to android: {"cmd":"action","action":"find","params":{"strategy":"id","selector":"com.play.android:id/btn_login","context":"","multiple":true}}
2017-07-14 03:40:32:859 - info: [AndroidBootstrap] [BOOTSTRAP LOG] [debug] Got data from client: {"cmd":"action","action":"find","params":{"strategy":"id","selector":"com.play.android:id/btn_login","context":"","multiple":true}}
2017-07-14 03:40:32:859 - info: [AndroidBootstrap] [BOOTSTRAP LOG] [debug] Got command of type ACTION
2017-07-14 03:40:32:859 - info: [AndroidBootstrap] [BOOTSTRAP LOG] [debug] Got command action: find
2017-07-14 03:40:32:859 - info: [AndroidBootstrap] [BOOTSTRAP LOG] [debug] Finding 'com.play.android:id/btn_login' using 'ID' with the contextId: '' multiple: true
2017-07-14 03:40:32:859 - info: [AndroidBootstrap] [BOOTSTRAP LOG] [debug] Using: UiSelector[RESOURCE_ID=com.play.android:id/btn_login]
2017-07-14 03:40:32:859 - info: [AndroidBootstrap] [BOOTSTRAP LOG] [debug] getElements selector:UiSelector[RESOURCE_ID=com.play.android:id/btn_login]
2017-07-14 03:40:32:859 - info: [AndroidBootstrap] [BOOTSTRAP LOG] [debug] Element[] is null: (0)
2017-07-14 03:40:32:860 - info: [AndroidBootstrap] [BOOTSTRAP LOG] [debug] getElements tmp selector:UiSelector[INSTANCE=0, RESOURCE_ID=com.play.android:id/btn_login]
2017-07-14 03:40:33:508 - info: [AndroidBootstrap] [BOOTSTRAP LOG] [debug] Element[] is null: (1)
2017-07-14 03:40:33:508 - info: [AndroidBootstrap] [BOOTSTRAP LOG] [debug] getElements tmp selector:UiSelector[INSTANCE=1, RESOURCE_ID=com.play.android:id/btn_login]
2017-07-14 03:40:33:607 - info: [AndroidBootstrap] [BOOTSTRAP LOG] [debug] Returning result: {"status":0,"value":[{"ELEMENT":"9"}]}
2017-07-14 03:40:33:608 - info: [debug] [AndroidBootstrap] Received command result from bootstrap
2017-07-14 03:40:33:609 - info: [debug] [MJSONWP] Responding to client with driver.findElements() result: [{"ELEMENT":"9"}]
2017-07-14 03:40:33:609 - info: [HTTP] <-- POST /wd/hub/session/3027f43c-194c-45d0-b9ad-5b0f32702efe/elements 200 756 ms - 89 
2017-07-14 03:40:33:613 - info: [HTTP] --> POST /wd/hub/session/3027f43c-194c-45d0-b9ad-5b0f32702efe/timeouts {"type":"implicit","ms":20000}
2017-07-14 03:40:33:613 - info: [debug] [MJSONWP] Calling AppiumDriver.timeouts() with args: ["implicit",20000,"3027f43c-194c-45d0-b9ad-5b0f32702efe"]
2017-07-14 03:40:33:614 - info: [debug] [BaseDriver] Set implicit wait to 20000ms
2017-07-14 03:40:33:614 - info: [debug] [MJSONWP] Responding to client with driver.timeouts() result: null
2017-07-14 03:40:33:615 - info: [HTTP] <-- POST /wd/hub/session/3027f43c-194c-45d0-b9ad-5b0f32702efe/timeouts 200 1 ms - 76 
2017-07-14 03:40:33:618 - info: [HTTP] --> POST /wd/hub/session/3027f43c-194c-45d0-b9ad-5b0f32702efe/timeouts {"type":"implicit","ms":0}
2017-07-14 03:40:33:619 - info: [debug] [MJSONWP] Calling AppiumDriver.timeouts() with args: ["implicit",0,"3027f43c-194c-45d0-b9ad-5b0f32702efe"]
2017-07-14 03:40:33:619 - info: [debug] [BaseDriver] Set implicit wait to 0ms
2017-07-14 03:40:33:619 - info: [debug] [MJSONWP] Responding to client with driver.timeouts() result: null
2017-07-14 03:40:33:620 - info: [HTTP] <-- POST /wd/hub/session/3027f43c-194c-45d0-b9ad-5b0f32702efe/timeouts 200 1 ms - 76 
2017-07-14 03:40:33:626 - info: [HTTP] --> GET /wd/hub/session/3027f43c-194c-45d0-b9ad-5b0f32702efe/context {}
2017-07-14 03:40:33:626 - info: [debug] [MJSONWP] Calling AppiumDriver.getCurrentContext() with args: ["3027f43c-194c-45d0-b9ad-5b0f32702efe"]
2017-07-14 03:40:33:628 - info: [debug] [MJSONWP] Responding to client with driver.getCurrentContext() result: "NATIVE_APP"
2017-07-14 03:40:33:628 - info: [HTTP] <-- GET /wd/hub/session/3027f43c-194c-45d0-b9ad-5b0f32702efe/context 200 2 ms - 84 
2017-07-14 03:40:33:631 - info: [HTTP] --> POST /wd/hub/session/3027f43c-194c-45d0-b9ad-5b0f32702efe/elements {"using":"id","value":"com.play.android:id/btn_login"}
2017-07-14 03:40:33:632 - info: [debug] [MJSONWP] Calling AppiumDriver.findElements() with args: ["id","com.play.android:id/btn_login","3027f43c-194c-45d0-b9ad-5b0f32702efe"]
2017-07-14 03:40:33:632 - info: [debug] [BaseDriver] Valid locator strategies for this request: xpath, id, class name, accessibility id, -android uiautomator
2017-07-14 03:40:33:632 - info: [debug] [BaseDriver] Valid locator strategies for this request: xpath, id, class name, accessibility id, -android uiautomator
2017-07-14 03:40:33:632 - info: [debug] [BaseDriver] Waiting up to 0 ms for condition
2017-07-14 03:40:33:633 - info: [debug] [AndroidBootstrap] Sending command to android: {"cmd":"action","action":"find","params":{"strategy":"id","selector":"com.play.android:id/btn_login","context":"","multiple":true}}
2017-07-14 03:40:33:636 - info: [AndroidBootstrap] [BOOTSTRAP LOG] [debug] Got data from client: {"cmd":"action","action":"find","params":{"strategy":"id","selector":"com.play.android:id/btn_login","context":"","multiple":true}}
2017-07-14 03:40:33:636 - info: [AndroidBootstrap] [BOOTSTRAP LOG] [debug] Got command of type ACTION
2017-07-14 03:40:33:636 - info: [AndroidBootstrap] [BOOTSTRAP LOG] [debug] Got command action: find
2017-07-14 03:40:33:636 - info: [AndroidBootstrap] [BOOTSTRAP LOG] [debug] Finding 'com.play.android:id/btn_login' using 'ID' with the contextId: '' multiple: true
2017-07-14 03:40:33:636 - info: [AndroidBootstrap] [BOOTSTRAP LOG] [debug] Using: UiSelector[RESOURCE_ID=com.play.android:id/btn_login]
2017-07-14 03:40:33:636 - info: [AndroidBootstrap] [BOOTSTRAP LOG] [debug] getElements selector:UiSelector[RESOURCE_ID=com.play.android:id/btn_login]
2017-07-14 03:40:33:636 - info: [AndroidBootstrap] [BOOTSTRAP LOG] [debug] Element[] is null: (0)
2017-07-14 03:40:33:637 - info: [AndroidBootstrap] [BOOTSTRAP LOG] [debug] getElements tmp selector:UiSelector[INSTANCE=0, RESOURCE_ID=com.play.android:id/btn_login]
2017-07-14 03:40:33:656 - info: [AndroidBootstrap] [BOOTSTRAP LOG] [debug] Element[] is null: (1)
2017-07-14 03:40:33:656 - info: [AndroidBootstrap] [BOOTSTRAP LOG] [debug] getElements tmp selector:UiSelector[INSTANCE=1, RESOURCE_ID=com.play.android:id/btn_login]
2017-07-14 03:40:33:679 - info: [AndroidBootstrap] [BOOTSTRAP LOG] [debug] Returning result: {"status":0,"value":[{"ELEMENT":"10"}]}
2017-07-14 03:40:33:679 - info: [debug] [AndroidBootstrap] Received command result from bootstrap
2017-07-14 03:40:33:680 - info: [debug] [MJSONWP] Responding to client with driver.findElements() result: [{"ELEMENT":"10"}]
2017-07-14 03:40:33:681 - info: [HTTP] <-- POST /wd/hub/session/3027f43c-194c-45d0-b9ad-5b0f32702efe/elements 200 49 ms - 90 
2017-07-14 03:40:33:684 - info: [HTTP] --> POST /wd/hub/session/3027f43c-194c-45d0-b9ad-5b0f32702efe/timeouts {"type":"implicit","ms":20000}
2017-07-14 03:40:33:684 - info: [debug] [MJSONWP] Calling AppiumDriver.timeouts() with args: ["implicit",20000,"3027f43c-194c-45d0-b9ad-5b0f32702efe"]
2017-07-14 03:40:33:685 - info: [debug] [BaseDriver] Set implicit wait to 20000ms
2017-07-14 03:40:33:686 - info: [debug] [MJSONWP] Responding to client with driver.timeouts() result: null
2017-07-14 03:40:33:686 - info: [HTTP] <-- POST /wd/hub/session/3027f43c-194c-45d0-b9ad-5b0f32702efe/timeouts 200 2 ms - 76 
2017-07-14 03:40:33:690 - info: [HTTP] --> POST /wd/hub/session/3027f43c-194c-45d0-b9ad-5b0f32702efe/element/10/click {"id":"10"}
2017-07-14 03:40:33:690 - info: [debug] [MJSONWP] Calling AppiumDriver.click() with args: ["10","3027f43c-194c-45d0-b9ad-5b0f32702efe"]
2017-07-14 03:40:33:691 - info: [debug] [AndroidBootstrap] Sending command to android: {"cmd":"action","action":"element:click","params":{"elementId":"10"}}
2017-07-14 03:40:33:694 - info: [AndroidBootstrap] [BOOTSTRAP LOG] [debug] Got data from client: {"cmd":"action","action":"element:click","params":{"elementId":"10"}}
2017-07-14 03:40:33:694 - info: [AndroidBootstrap] [BOOTSTRAP LOG] [debug] Got command of type ACTION
2017-07-14 03:40:33:694 - info: [AndroidBootstrap] [BOOTSTRAP LOG] [debug] Got command action: click
2017-07-14 03:40:33:830 - info: [AndroidBootstrap] [BOOTSTRAP LOG] [debug] Returning result: {"status":0,"value":true}
2017-07-14 03:40:33:831 - info: [debug] [AndroidBootstrap] Received command result from bootstrap
2017-07-14 03:40:33:832 - info: [debug] [MJSONWP] Responding to client with driver.click() result: true
2017-07-14 03:40:33:832 - info: [HTTP] <-- POST /wd/hub/session/3027f43c-194c-45d0-b9ad-5b0f32702efe/element/10/click 200 142 ms - 76 
2017-07-14 03:40:34:334 - info: [HTTP] --> GET /wd/hub/session/3027f43c-194c-45d0-b9ad-5b0f32702efe/appium/device/current_activity {}
2017-07-14 03:40:34:335 - info: [debug] [MJSONWP] Calling AppiumDriver.getCurrentActivity() with args: ["3027f43c-194c-45d0-b9ad-5b0f32702efe"]
2017-07-14 03:40:34:335 - info: [debug] [ADB] Getting focused package and activity
2017-07-14 03:40:34:335 - info: [debug] [ADB] Getting connected devices...
2017-07-14 03:40:34:365 - info: [debug] [ADB] 2 device(s) connected
2017-07-14 03:40:34:366 - info: [debug] [ADB] Running 'D:\Android\AndroidSDK\platform-tools\adb.exe' with args: ["-P",5037,"-s","85GBBMA2353T","shell","dumpsys","window","windows"]
2017-07-14 03:40:34:464 - info: [debug] [MJSONWP] Responding to client with driver.getCurrentActivity() result: ".activity.member.LoginActivity"
2017-07-14 03:40:34:473 - info: [HTTP] <-- GET /wd/hub/session/3027f43c-194c-45d0-b9ad-5b0f32702efe/appium/device/current_activity 200 138 ms - 104 
2017-07-14 03:40:34:975 - info: [HTTP] --> GET /wd/hub/session/3027f43c-194c-45d0-b9ad-5b0f32702efe/appium/device/current_activity {}
2017-07-14 03:40:34:976 - info: [debug] [MJSONWP] Calling AppiumDriver.getCurrentActivity() with args: ["3027f43c-194c-45d0-b9ad-5b0f32702efe"]
2017-07-14 03:40:34:976 - info: [debug] [ADB] Getting focused package and activity
2017-07-14 03:40:34:976 - info: [debug] [ADB] Getting connected devices...
2017-07-14 03:40:35:007 - info: [debug] [ADB] 2 device(s) connected
2017-07-14 03:40:35:008 - info: [debug] [ADB] Running 'D:\Android\AndroidSDK\platform-tools\adb.exe' with args: ["-P",5037,"-s","85GBBMA2353T","shell","dumpsys","window","windows"]
2017-07-14 03:40:35:091 - info: [debug] [MJSONWP] Responding to client with driver.getCurrentActivity() result: ".activity.member.LoginActivity"
2017-07-14 03:40:35:092 - info: [HTTP] <-- GET /wd/hub/session/3027f43c-194c-45d0-b9ad-5b0f32702efe/appium/device/current_activity 200 116 ms - 104 
2017-07-14 03:40:35:594 - info: [HTTP] --> GET /wd/hub/session/3027f43c-194c-45d0-b9ad-5b0f32702efe/appium/device/current_activity {}
2017-07-14 03:40:35:594 - info: [debug] [MJSONWP] Calling AppiumDriver.getCurrentActivity() with args: ["3027f43c-194c-45d0-b9ad-5b0f32702efe"]
2017-07-14 03:40:35:595 - info: [debug] [ADB] Getting focused package and activity
2017-07-14 03:40:35:595 - info: [debug] [ADB] Getting connected devices...
2017-07-14 03:40:35:634 - info: [debug] [ADB] 2 device(s) connected
2017-07-14 03:40:35:634 - info: [debug] [ADB] Running 'D:\Android\AndroidSDK\platform-tools\adb.exe' with args: ["-P",5037,"-s","85GBBMA2353T","shell","dumpsys","window","windows"]
2017-07-14 03:40:35:753 - info: [debug] [MJSONWP] Responding to client with driver.getCurrentActivity() result: ".activity.member.LoginActivity"
2017-07-14 03:40:35:755 - info: [HTTP] <-- GET /wd/hub/session/3027f43c-194c-45d0-b9ad-5b0f32702efe/appium/device/current_activity 200 159 ms - 104 
2017-07-14 03:40:36:258 - info: [HTTP] --> GET /wd/hub/session/3027f43c-194c-45d0-b9ad-5b0f32702efe/appium/device/current_activity {}
2017-07-14 03:40:36:258 - info: [debug] [MJSONWP] Calling AppiumDriver.getCurrentActivity() with args: ["3027f43c-194c-45d0-b9ad-5b0f32702efe"]
2017-07-14 03:40:36:259 - info: [debug] [ADB] Getting focused package and activity
2017-07-14 03:40:36:259 - info: [debug] [ADB] Getting connected devices...
2017-07-14 03:40:36:290 - info: [debug] [ADB] 2 device(s) connected
2017-07-14 03:40:36:290 - info: [debug] [ADB] Running 'D:\Android\AndroidSDK\platform-tools\adb.exe' with args: ["-P",5037,"-s","85GBBMA2353T","shell","dumpsys","window","windows"]
2017-07-14 03:40:36:363 - info: [debug] [MJSONWP] Responding to client with driver.getCurrentActivity() result: ".activity.main.HomeActivity"
2017-07-14 03:40:36:363 - info: [HTTP] <-- GET /wd/hub/session/3027f43c-194c-45d0-b9ad-5b0f32702efe/appium/device/current_activity 200 105 ms - 101 
