2017-07-31 09:34:24:594 - info: [Appium] Welcome to Appium v1.6.5
2017-07-31 09:34:24:597 - info: [Appium] Non-default server args:
2017-07-31 09:34:24:597 - info: [Appium]   address: 127.0.0.1
2017-07-31 09:34:24:597 - info: [Appium]   log: D:\workspace\AppiumForCmall\log\main1501493647220.log
2017-07-31 09:34:24:598 - info: [Appium]   defaultCapabilities: {
2017-07-31 09:34:24:598 - info: [Appium]     deviceName: 127.0.0.1:62001
2017-07-31 09:34:24:598 - info: [Appium]   }
2017-07-31 09:34:24:599 - info: [Appium] Default capabilities, which will be added to each request unless overridden by desired capabilities:
2017-07-31 09:34:24:601 - info: [Appium]   deviceName: '127.0.0.1:62001'
2017-07-31 09:34:24:784 - info: [Appium] Appium REST http interface listener started on 127.0.0.1:4723
2017-07-31 09:34:25:476 - info: [HTTP] --> GET /wd/hub/status {}
2017-07-31 09:34:25:479 - info: [debug] [MJSONWP] Calling AppiumDriver.getStatus() with args: []
2017-07-31 09:34:25:557 - info: [debug] [MJSONWP] Responding to client with driver.getStatus() result: {"build":{"version":"1.6.5","revision":null}}
2017-07-31 09:34:25:564 - info: [HTTP] <-- GET /wd/hub/status 200 84 ms - 83 
2017-07-31 09:34:26:361 - info: [HTTP] --> POST /wd/hub/session {"desiredCapabilities":{"app":"D:\\workspace\\AppiumForCmall\\apps\\play-debug.apk","appPackage":"com.play.android","appActivity":"com.play.android.activity.SplashActivity","noset":false,"unicodeKeyboard":true,"platformName":"Android","deviceName":"127.0.0.1:62001"}}
2017-07-31 09:34:26:361 - info: [debug] [MJSONWP] Calling AppiumDriver.createSession() with args: [{"app":"D:\\workspace\\AppiumForCmall\\apps\\play-debug.apk","appPackage":"com.play.android","appActivity":"com.play.android.activity.SplashActivity","noset":false,"unicodeKeyboard":true,"platformName":"Android","deviceName":"127.0.0.1:62001"},null,null]
2017-07-31 09:34:26:362 - info: [debug] [BaseDriver] Event 'newSessionRequested' logged at 1501493666362 (17:34:26 GMT+0800 (中国标准时间))
2017-07-31 09:34:26:364 - info: [Appium] Creating new AndroidDriver (v1.20.0) session
2017-07-31 09:34:26:364 - info: [Appium] Capabilities:
2017-07-31 09:34:26:364 - info: [Appium]   app: 'D:\\workspace\\AppiumForCmall\\apps\\play-debug.apk'
2017-07-31 09:34:26:364 - info: [Appium]   appPackage: 'com.play.android'
2017-07-31 09:34:26:364 - info: [Appium]   appActivity: 'com.play.android.activity.SplashActivity'
2017-07-31 09:34:26:365 - info: [Appium]   noset: false
2017-07-31 09:34:26:365 - info: [Appium]   unicodeKeyboard: true
2017-07-31 09:34:26:365 - info: [Appium]   platformName: 'Android'
2017-07-31 09:34:26:365 - info: [Appium]   deviceName: '127.0.0.1:62001'
2017-07-31 09:34:26:366 - info: [debug] [AndroidDriver] AndroidDriver version: 1.20.0
2017-07-31 09:34:26:376 - warn: [BaseDriver] The following capabilities were provided, but are not recognized by appium: noset.
2017-07-31 09:34:26:377 - info: [BaseDriver] Session created with session id: d0b3776e-5bee-4c75-ba9a-8ca495b513ca
2017-07-31 09:34:26:379 - info: [debug] [AndroidDriver] Getting Java version
2017-07-31 09:34:26:558 - info: [AndroidDriver] Java version is: 1.8.0_131
2017-07-31 09:34:26:564 - info: [ADB] Checking whether adb is present
2017-07-31 09:34:26:567 - info: [ADB] Using adb.exe from D:\Android\AndroidSDK\platform-tools\adb.exe
2017-07-31 09:34:26:568 - info: [AndroidDriver] Retrieving device list
2017-07-31 09:34:26:568 - info: [debug] [ADB] Trying to find a connected android device
2017-07-31 09:34:26:569 - info: [debug] [ADB] Getting connected devices...
2017-07-31 09:34:26:736 - info: [debug] [ADB] 1 device(s) connected
2017-07-31 09:34:26:737 - info: [AndroidDriver] Using device: 127.0.0.1:62001
2017-07-31 09:34:26:739 - info: [ADB] Checking whether adb is present
2017-07-31 09:34:26:742 - info: [ADB] Using adb.exe from D:\Android\AndroidSDK\platform-tools\adb.exe
2017-07-31 09:34:26:743 - info: [debug] [ADB] Setting device id to 127.0.0.1:62001
2017-07-31 09:34:26:746 - info: [BaseDriver] Using local app 'D:\workspace\AppiumForCmall\apps\play-debug.apk'
2017-07-31 09:34:26:746 - info: [debug] [AndroidDriver] Checking whether app is actually present
2017-07-31 09:34:26:748 - info: [AndroidDriver] Starting Android session
2017-07-31 09:34:26:751 - info: [debug] [ADB] Running 'D:\Android\AndroidSDK\platform-tools\adb.exe' with args: ["-P",5037,"-s","127.0.0.1:62001","wait-for-device"]
2017-07-31 09:34:26:789 - info: [debug] [ADB] Getting connected devices...
2017-07-31 09:34:26:826 - info: [debug] [ADB] 1 device(s) connected
2017-07-31 09:34:26:827 - info: [debug] [ADB] Running 'D:\Android\AndroidSDK\platform-tools\adb.exe' with args: ["-P",5037,"-s","127.0.0.1:62001","shell","echo","ping"]
2017-07-31 09:34:26:869 - info: [debug] [Logcat] Starting logcat capture
2017-07-31 09:34:26:903 - info: [debug] [AndroidDriver] Enabling Unicode keyboard support
2017-07-31 09:34:26:904 - info: [debug] [AndroidDriver] Pushing unicode ime to device...
2017-07-31 09:34:26:905 - info: [debug] [ADB] Running 'D:\Android\AndroidSDK\platform-tools\adb.exe' with args: ["-P",5037,"-s","127.0.0.1:62001","install","D:\\nodejs\\node_modules\\appium\\node_modules\\appium-android-ime\\bin\\UnicodeIME-debug.apk"]
2017-07-31 09:34:27:672 - info: [debug] [ADB] Getting connected devices...
2017-07-31 09:34:27:710 - info: [debug] [ADB] 1 device(s) connected
2017-07-31 09:34:27:711 - info: [debug] [ADB] Running 'D:\Android\AndroidSDK\platform-tools\adb.exe' with args: ["-P",5037,"-s","127.0.0.1:62001","shell","settings","get","secure","default_input_method"]
2017-07-31 09:34:28:552 - info: [debug] [AndroidDriver] Unsetting previous IME io.appium.android.ime/.UnicodeIME
2017-07-31 09:34:28:553 - info: [debug] [AndroidDriver] Setting IME to 'io.appium.android.ime/.UnicodeIME'
2017-07-31 09:34:28:553 - info: [debug] [ADB] Getting connected devices...
2017-07-31 09:34:28:596 - info: [debug] [ADB] 1 device(s) connected
2017-07-31 09:34:28:597 - info: [debug] [ADB] Running 'D:\Android\AndroidSDK\platform-tools\adb.exe' with args: ["-P",5037,"-s","127.0.0.1:62001","shell","ime","enable","io.appium.android.ime/.UnicodeIME"]
2017-07-31 09:34:29:245 - info: [debug] [ADB] Getting connected devices...
2017-07-31 09:34:29:298 - info: [debug] [ADB] 1 device(s) connected
2017-07-31 09:34:29:298 - info: [debug] [ADB] Running 'D:\Android\AndroidSDK\platform-tools\adb.exe' with args: ["-P",5037,"-s","127.0.0.1:62001","shell","ime","set","io.appium.android.ime/.UnicodeIME"]
2017-07-31 09:34:29:922 - info: [debug] [AndroidDriver] Pushing settings apk to device...
2017-07-31 09:34:29:924 - info: [debug] [ADB] Getting install status for io.appium.settings
2017-07-31 09:34:29:925 - info: [debug] [ADB] Getting connected devices...
2017-07-31 09:34:29:964 - info: [debug] [ADB] 1 device(s) connected
2017-07-31 09:34:29:965 - info: [debug] [ADB] Running 'D:\Android\AndroidSDK\platform-tools\adb.exe' with args: ["-P",5037,"-s","127.0.0.1:62001","shell","pm","list","packages","io.appium.settings"]
2017-07-31 09:34:30:611 - info: [debug] [ADB] App is installed
2017-07-31 09:34:30:612 - info: [debug] [ADB] Getting package info for io.appium.settings
2017-07-31 09:34:30:612 - info: [debug] [ADB] Getting connected devices...
2017-07-31 09:34:30:623 - info: [ADB] Checking whether aapt is present
2017-07-31 09:34:30:629 - info: [ADB] Using aapt.exe from D:\Android\AndroidSDK\build-tools\23.0.3\aapt.exe
2017-07-31 09:34:30:653 - info: [debug] [ADB] 1 device(s) connected
2017-07-31 09:34:30:654 - info: [debug] [ADB] Running 'D:\Android\AndroidSDK\platform-tools\adb.exe' with args: ["-P",5037,"-s","127.0.0.1:62001","shell","dumpsys","package","io.appium.settings"]
2017-07-31 09:34:30:704 - warn: [ADB] Cannot read version codes of D:\nodejs\node_modules\appium\node_modules\io.appium.settings\app\build\outputs\apk\settings_apk-debug.apk and/or io.appium.settings. Assuming correct app version is already installed
2017-07-31 09:34:30:706 - info: [debug] [ADB] Getting connected devices...
2017-07-31 09:34:30:753 - info: [debug] [ADB] 1 device(s) connected
2017-07-31 09:34:30:754 - info: [debug] [ADB] Running 'D:\Android\AndroidSDK\platform-tools\adb.exe' with args: ["-P",5037,"-s","127.0.0.1:62001","shell","getprop","ro.build.version.sdk"]
2017-07-31 09:34:30:792 - info: [debug] [ADB] Device API level: 19
2017-07-31 09:34:30:793 - info: [debug] [ADB] Getting connected devices...
2017-07-31 09:34:30:830 - info: [debug] [ADB] 1 device(s) connected
2017-07-31 09:34:30:831 - info: [debug] [ADB] Running 'D:\Android\AndroidSDK\platform-tools\adb.exe' with args: ["-P",5037,"-s","127.0.0.1:62001","shell","dumpsys","package","io.appium.settings"]
2017-07-31 09:34:30:887 - info: [debug] [AndroidDriver] Pushing unlock helper app to device...
2017-07-31 09:34:30:887 - info: [debug] [ADB] Running 'D:\Android\AndroidSDK\platform-tools\adb.exe' with args: ["-P",5037,"-s","127.0.0.1:62001","install","D:\\nodejs\\node_modules\\appium\\node_modules\\appium-unlock\\bin\\unlock_apk-debug.apk"]
2017-07-31 09:34:31:575 - info: [debug] [ADB] Device API level: 19
2017-07-31 09:34:31:579 - info: [debug] [ADB] Getting connected devices...
2017-07-31 09:34:31:645 - info: [debug] [ADB] 1 device(s) connected
2017-07-31 09:34:31:647 - info: [debug] [ADB] Running 'D:\Android\AndroidSDK\platform-tools\adb.exe' with args: ["-P",5037,"-s","127.0.0.1:62001","shell","settings","put","secure","mock_location","1"]
2017-07-31 09:34:32:465 - info: [ADB] Getting device platform version
2017-07-31 09:34:32:466 - info: [debug] [ADB] Getting connected devices...
2017-07-31 09:34:32:510 - info: [debug] [ADB] 1 device(s) connected
2017-07-31 09:34:32:510 - info: [debug] [ADB] Running 'D:\Android\AndroidSDK\platform-tools\adb.exe' with args: ["-P",5037,"-s","127.0.0.1:62001","shell","getprop","ro.build.version.release"]
2017-07-31 09:34:32:557 - info: [debug] [ADB] Getting connected devices...
2017-07-31 09:34:32:592 - info: [debug] [ADB] 1 device(s) connected
2017-07-31 09:34:32:592 - info: [debug] [ADB] Running 'D:\Android\AndroidSDK\platform-tools\adb.exe' with args: ["-P",5037,"-s","127.0.0.1:62001","shell","wm","size"]
2017-07-31 09:34:33:205 - info: [debug] [ADB] Getting connected devices...
2017-07-31 09:34:33:243 - info: [debug] [ADB] 1 device(s) connected
2017-07-31 09:34:33:243 - info: [debug] [ADB] Running 'D:\Android\AndroidSDK\platform-tools\adb.exe' with args: ["-P",5037,"-s","127.0.0.1:62001","shell","getprop","ro.product.model"]
2017-07-31 09:34:33:283 - info: [debug] [ADB] Current device property 'ro.product.model': Redmi 3
2017-07-31 09:34:33:284 - info: [debug] [ADB] Getting connected devices...
2017-07-31 09:34:33:319 - info: [debug] [ADB] 1 device(s) connected
2017-07-31 09:34:33:319 - info: [debug] [ADB] Running 'D:\Android\AndroidSDK\platform-tools\adb.exe' with args: ["-P",5037,"-s","127.0.0.1:62001","shell","getprop","ro.product.manufacturer"]
2017-07-31 09:34:33:361 - info: [debug] [ADB] Current device property 'ro.product.manufacturer': Xiaomi
2017-07-31 09:34:33:602 - info: [AndroidDriver] Remote apk path is /data/local/tmp/15d3311f063b134c1cf121d1019c9163.apk
2017-07-31 09:34:33:602 - info: [debug] [ADB] Getting connected devices...
2017-07-31 09:34:33:639 - info: [debug] [ADB] 1 device(s) connected
2017-07-31 09:34:33:639 - info: [debug] [ADB] Running 'D:\Android\AndroidSDK\platform-tools\adb.exe' with args: ["-P",5037,"-s","127.0.0.1:62001","shell","ls","/data/local/tmp/15d3311f063b134c1cf121d1019c9163.apk"]
2017-07-31 09:34:33:680 - info: [debug] [AndroidDriver] Checking if app is installed
2017-07-31 09:34:33:680 - info: [debug] [ADB] Getting install status for com.play.android
2017-07-31 09:34:33:681 - info: [debug] [ADB] Getting connected devices...
2017-07-31 09:34:33:715 - info: [debug] [ADB] 1 device(s) connected
2017-07-31 09:34:33:716 - info: [debug] [ADB] Running 'D:\Android\AndroidSDK\platform-tools\adb.exe' with args: ["-P",5037,"-s","127.0.0.1:62001","shell","pm","list","packages","com.play.android"]
2017-07-31 09:34:34:309 - info: [debug] [ADB] App is installed
2017-07-31 09:34:34:310 - info: [AndroidDriver] Apk is already on remote and installed, resetting
2017-07-31 09:34:34:310 - info: [debug] [AndroidDriver] Running fast reset (stop and clear)
2017-07-31 09:34:34:311 - info: [debug] [ADB] Getting connected devices...
2017-07-31 09:34:34:352 - info: [debug] [ADB] 1 device(s) connected
2017-07-31 09:34:34:352 - info: [debug] [ADB] Running 'D:\Android\AndroidSDK\platform-tools\adb.exe' with args: ["-P",5037,"-s","127.0.0.1:62001","shell","am","force-stop","com.play.android"]
2017-07-31 09:34:34:960 - info: [debug] [ADB] Getting connected devices...
2017-07-31 09:34:34:995 - info: [debug] [ADB] 1 device(s) connected
2017-07-31 09:34:34:996 - info: [debug] [ADB] Running 'D:\Android\AndroidSDK\platform-tools\adb.exe' with args: ["-P",5037,"-s","127.0.0.1:62001","shell","pm","clear","com.play.android"]
2017-07-31 09:34:35:696 - info: [debug] [AndroidDriver] Extracting strings from apk D:\workspace\AppiumForCmall\apps\play-debug.apk null C:\Users\cm\AppData\Local\Temp\com.play.android
2017-07-31 09:34:35:697 - info: [debug] [ADB] Extracting strings for language: default
2017-07-31 09:34:35:697 - info: [debug] [ADB] Device API level: 19
2017-07-31 09:34:35:698 - info: [debug] [ADB] Getting connected devices...
2017-07-31 09:34:35:737 - info: [debug] [ADB] 1 device(s) connected
2017-07-31 09:34:35:737 - info: [debug] [ADB] Running 'D:\Android\AndroidSDK\platform-tools\adb.exe' with args: ["-P",5037,"-s","127.0.0.1:62001","shell","getprop","persist.sys.language"]
2017-07-31 09:34:35:790 - info: [debug] [ADB] Current device property 'persist.sys.language': zh
2017-07-31 09:34:36:953 - info: [debug] [ADB] Reading strings from converted strings.json
2017-07-31 09:34:36:958 - info: [debug] [ADB] Running 'D:\Android\AndroidSDK\platform-tools\adb.exe' with args: ["-P",5037,"-s","127.0.0.1:62001","push","C:\\Users\\cm\\AppData\\Local\\Temp\\com.play.android\\strings.json","/data/local/tmp"]
2017-07-31 09:34:37:036 - info: [debug] [AndroidBootstrap] Watching for bootstrap disconnect
2017-07-31 09:34:37:039 - info: [debug] [ADB] Forwarding system: 4724 to device: 4724
2017-07-31 09:34:37:039 - info: [debug] [ADB] Running 'D:\Android\AndroidSDK\platform-tools\adb.exe' with args: ["-P",5037,"-s","127.0.0.1:62001","forward","tcp:4724","tcp:4724"]
2017-07-31 09:34:37:049 - info: [debug] [UiAutomator] Starting UiAutomator
2017-07-31 09:34:37:050 - info: [debug] [UiAutomator] Moving to state 'starting'
2017-07-31 09:34:37:050 - info: [debug] [UiAutomator] Parsing uiautomator jar
2017-07-31 09:34:37:050 - info: [debug] [UiAutomator] Found jar name: 'AppiumBootstrap.jar'
2017-07-31 09:34:37:051 - info: [debug] [ADB] Running 'D:\Android\AndroidSDK\platform-tools\adb.exe' with args: ["-P",5037,"-s","127.0.0.1:62001","push","D:\\nodejs\\node_modules\\appium\\node_modules\\appium-android-bootstrap\\bootstrap\\bin\\AppiumBootstrap.jar","/data/local/tmp/"]
2017-07-31 09:34:37:121 - info: [debug] [ADB] Attempting to kill all uiautomator processes
2017-07-31 09:34:37:122 - info: [debug] [ADB] Getting all processes with uiautomator
2017-07-31 09:34:37:122 - info: [debug] [ADB] Getting connected devices...
2017-07-31 09:34:37:154 - info: [debug] [ADB] 1 device(s) connected
2017-07-31 09:34:37:155 - info: [debug] [ADB] Running 'D:\Android\AndroidSDK\platform-tools\adb.exe' with args: ["-P",5037,"-s","127.0.0.1:62001","shell","ps"]
2017-07-31 09:34:37:195 - info: [ADB] No uiautomator process found to kill, continuing...
2017-07-31 09:34:37:195 - info: [debug] [UiAutomator] Starting UIAutomator
2017-07-31 09:34:37:196 - info: [debug] [ADB] Creating ADB subprocess with args: ["-P",5037,"-s","127.0.0.1:62001","shell","uiautomator","runtest","AppiumBootstrap.jar","-c","io.appium.android.bootstrap.Bootstrap","-e","pkg","com.play.android","-e","disableAndroidWatchers",false,"-e","acceptSslCerts",false]
2017-07-31 09:34:37:608 - info: [debug] [UiAutomator] Moving to state 'online'
2017-07-31 09:34:37:614 - info: [AndroidBootstrap] Android bootstrap socket is now connected
2017-07-31 09:34:37:615 - info: [debug] [ADB] Getting connected devices...
2017-07-31 09:34:37:628 - info: [AndroidBootstrap] [BOOTSTRAP LOG] [debug] json loading complete.
2017-07-31 09:34:37:628 - info: [AndroidBootstrap] [BOOTSTRAP LOG] [debug] Registered crash watchers.
2017-07-31 09:34:37:629 - info: [AndroidBootstrap] [BOOTSTRAP LOG] [debug] Client connected
2017-07-31 09:34:37:656 - info: [debug] [ADB] 1 device(s) connected
2017-07-31 09:34:37:657 - info: [debug] [ADB] Running 'D:\Android\AndroidSDK\platform-tools\adb.exe' with args: ["-P",5037,"-s","127.0.0.1:62001","shell","dumpsys","window"]
2017-07-31 09:34:37:709 - info: [AndroidDriver] Screen already unlocked, doing nothing
2017-07-31 09:34:37:711 - info: [debug] [ADB] Device API level: 19
2017-07-31 09:34:37:712 - info: [debug] [ADB] Getting connected devices...
2017-07-31 09:34:37:761 - info: [debug] [ADB] 1 device(s) connected
2017-07-31 09:34:37:761 - info: [debug] [ADB] Running 'D:\Android\AndroidSDK\platform-tools\adb.exe' with args: ["-P",5037,"-s","127.0.0.1:62001","shell","am","start","-W","-n","com.play.android/com.play.android.activity.SplashActivity","-S","-a","android.intent.action.MAIN","-c","android.intent.category.LAUNCHER","-f","0x10200000"]
2017-07-31 09:34:40:617 - info: [Appium] New AndroidDriver session created successfully, session d0b3776e-5bee-4c75-ba9a-8ca495b513ca added to master session list
2017-07-31 09:34:40:618 - info: [debug] [BaseDriver] Event 'newSessionStarted' logged at 1501493680618 (17:34:40 GMT+0800 (中国标准时间))
2017-07-31 09:34:40:619 - info: [debug] [MJSONWP] Responding to client with driver.createSession() result: {"platform":"LINUX","webStorageEnabled":false,"takesScreenshot":true,"javascriptEnabled":true,"databaseEnabled":false,"networkConnectionEnabled":true,"locationContextEnabled":false,"warnings":{},"desired":{"app":"D:\\workspace\\AppiumForCmall\\apps\\play-debug.apk","appPackage":"com.play.android","appActivity":"com.play.android.activity.SplashActivity","noset":false,"unicodeKeyboard":true,"platformName":"Android","deviceName":"127.0.0.1:62001"},"app":"D:\\workspace\\AppiumForCmall\\apps\\play-debug.apk","appPackage":"com.play.android","appActivity":"com.play.android.activity.SplashActivity","noset":false,"unicodeKeyboard":true,"platformName":"Android","deviceName":"127.0.0.1:62001","deviceUDID":"127.0.0.1:62001","platformVersion":"4.4.2","deviceScreenSize":"720x1280","deviceModel":"Redmi 3","deviceManufacturer":"Xiaomi"}
2017-07-31 09:34:40:622 - info: [HTTP] <-- POST /wd/hub/session 200 14261 ms - 904 
2017-07-31 09:34:40:893 - info: [HTTP] --> GET /wd/hub/session/d0b3776e-5bee-4c75-ba9a-8ca495b513ca/appium/device/current_activity {}
2017-07-31 09:34:40:897 - info: [debug] [MJSONWP] Calling AppiumDriver.getCurrentActivity() with args: ["d0b3776e-5bee-4c75-ba9a-8ca495b513ca"]
2017-07-31 09:34:40:899 - info: [debug] [ADB] Getting focused package and activity
2017-07-31 09:34:40:900 - info: [debug] [ADB] Getting connected devices...
2017-07-31 09:34:40:942 - info: [debug] [ADB] 1 device(s) connected
2017-07-31 09:34:40:943 - info: [debug] [ADB] Running 'D:\Android\AndroidSDK\platform-tools\adb.exe' with args: ["-P",5037,"-s","127.0.0.1:62001","shell","dumpsys","window","windows"]
2017-07-31 09:34:41:017 - info: [debug] [MJSONWP] Responding to client with driver.getCurrentActivity() result: ".activity.main.HomeActivity"
2017-07-31 09:34:41:019 - info: [HTTP] <-- GET /wd/hub/session/d0b3776e-5bee-4c75-ba9a-8ca495b513ca/appium/device/current_activity 200 125 ms - 101 
2017-07-31 09:34:41:028 - info: [HTTP] --> POST /wd/hub/session/d0b3776e-5bee-4c75-ba9a-8ca495b513ca/timeouts {"type":"implicit","ms":0}
2017-07-31 09:34:41:029 - info: [debug] [MJSONWP] Calling AppiumDriver.timeouts() with args: ["implicit",0,"d0b3776e-5bee-4c75-ba9a-8ca495b513ca"]
2017-07-31 09:34:41:032 - info: [debug] [BaseDriver] Set implicit wait to 0ms
2017-07-31 09:34:41:033 - info: [debug] [MJSONWP] Responding to client with driver.timeouts() result: null
2017-07-31 09:34:41:034 - info: [HTTP] <-- POST /wd/hub/session/d0b3776e-5bee-4c75-ba9a-8ca495b513ca/timeouts 200 6 ms - 76 
2017-07-31 09:34:41:045 - info: [HTTP] --> GET /wd/hub/session/d0b3776e-5bee-4c75-ba9a-8ca495b513ca/context {}
2017-07-31 09:34:41:046 - info: [debug] [MJSONWP] Calling AppiumDriver.getCurrentContext() with args: ["d0b3776e-5bee-4c75-ba9a-8ca495b513ca"]
2017-07-31 09:34:41:051 - info: [debug] [MJSONWP] Responding to client with driver.getCurrentContext() result: "NATIVE_APP"
2017-07-31 09:34:41:053 - info: [HTTP] <-- GET /wd/hub/session/d0b3776e-5bee-4c75-ba9a-8ca495b513ca/context 200 7 ms - 84 
2017-07-31 09:34:41:060 - info: [HTTP] --> POST /wd/hub/session/d0b3776e-5bee-4c75-ba9a-8ca495b513ca/elements {"using":"id","value":"com.play.android:id/btn_profile"}
2017-07-31 09:34:41:061 - info: [debug] [MJSONWP] Calling AppiumDriver.findElements() with args: ["id","com.play.android:id/btn_profile","d0b3776e-5bee-4c75-ba9a-8ca495b513ca"]
2017-07-31 09:34:41:063 - info: [debug] [BaseDriver] Valid locator strategies for this request: xpath, id, class name, accessibility id, -android uiautomator
2017-07-31 09:34:41:064 - info: [debug] [BaseDriver] Valid locator strategies for this request: xpath, id, class name, accessibility id, -android uiautomator
2017-07-31 09:34:41:065 - info: [debug] [BaseDriver] Waiting up to 0 ms for condition
2017-07-31 09:34:41:070 - info: [debug] [AndroidBootstrap] Sending command to android: {"cmd":"action","action":"find","params":{"strategy":"id","selector":"com.play.android:id/btn_profile","context":"","multiple":true}}
2017-07-31 09:34:41:079 - info: [AndroidBootstrap] [BOOTSTRAP LOG] [debug] Got data from client: {"cmd":"action","action":"find","params":{"strategy":"id","selector":"com.play.android:id/btn_profile","context":"","multiple":true}}
2017-07-31 09:34:41:080 - info: [AndroidBootstrap] [BOOTSTRAP LOG] [debug] Got command of type ACTION
2017-07-31 09:34:41:080 - info: [AndroidBootstrap] [BOOTSTRAP LOG] [debug] Got command action: find
2017-07-31 09:34:41:080 - info: [AndroidBootstrap] [BOOTSTRAP LOG] [debug] Finding 'com.play.android:id/btn_profile' using 'ID' with the contextId: '' multiple: true
2017-07-31 09:34:41:081 - info: [AndroidBootstrap] [BOOTSTRAP LOG] [debug] Using: UiSelector[RESOURCE_ID=com.play.android:id/btn_profile]
2017-07-31 09:34:41:081 - info: [AndroidBootstrap] [BOOTSTRAP LOG] [debug] getElements selector:UiSelector[RESOURCE_ID=com.play.android:id/btn_profile]
2017-07-31 09:34:41:081 - info: [AndroidBootstrap] [BOOTSTRAP LOG] [debug] Element[] is null: (0)
2017-07-31 09:34:41:081 - info: [AndroidBootstrap] [BOOTSTRAP LOG] [debug] getElements tmp selector:UiSelector[INSTANCE=0, RESOURCE_ID=com.play.android:id/btn_profile]
2017-07-31 09:34:41:129 - info: [AndroidBootstrap] [BOOTSTRAP LOG] [debug] Element[] is null: (1)
2017-07-31 09:34:41:131 - info: [AndroidBootstrap] [BOOTSTRAP LOG] [debug] getElements tmp selector:UiSelector[INSTANCE=1, RESOURCE_ID=com.play.android:id/btn_profile]
2017-07-31 09:34:42:162 - info: [debug] [AndroidBootstrap] Received command result from bootstrap
2017-07-31 09:34:42:164 - info: [debug] [MJSONWP] Responding to client with driver.findElements() result: [{"ELEMENT":"1"}]
2017-07-31 09:34:42:164 - info: [HTTP] <-- POST /wd/hub/session/d0b3776e-5bee-4c75-ba9a-8ca495b513ca/elements 200 1104 ms - 89 
2017-07-31 09:34:42:165 - info: [AndroidBootstrap] [BOOTSTRAP LOG] [debug] Returning result: {"value":[{"ELEMENT":"1"}],"status":0}
2017-07-31 09:34:42:173 - info: [HTTP] --> POST /wd/hub/session/d0b3776e-5bee-4c75-ba9a-8ca495b513ca/timeouts {"type":"implicit","ms":20000}
2017-07-31 09:34:42:174 - info: [debug] [MJSONWP] Calling AppiumDriver.timeouts() with args: ["implicit",20000,"d0b3776e-5bee-4c75-ba9a-8ca495b513ca"]
2017-07-31 09:34:42:175 - info: [debug] [BaseDriver] Set implicit wait to 20000ms
2017-07-31 09:34:42:176 - info: [debug] [MJSONWP] Responding to client with driver.timeouts() result: null
2017-07-31 09:34:42:177 - info: [HTTP] <-- POST /wd/hub/session/d0b3776e-5bee-4c75-ba9a-8ca495b513ca/timeouts 200 4 ms - 76 
2017-07-31 09:34:42:182 - info: [HTTP] --> POST /wd/hub/session/d0b3776e-5bee-4c75-ba9a-8ca495b513ca/timeouts {"type":"implicit","ms":0}
2017-07-31 09:34:42:183 - info: [debug] [MJSONWP] Calling AppiumDriver.timeouts() with args: ["implicit",0,"d0b3776e-5bee-4c75-ba9a-8ca495b513ca"]
2017-07-31 09:34:42:183 - info: [debug] [BaseDriver] Set implicit wait to 0ms
2017-07-31 09:34:42:185 - info: [debug] [MJSONWP] Responding to client with driver.timeouts() result: null
2017-07-31 09:34:42:187 - info: [HTTP] <-- POST /wd/hub/session/d0b3776e-5bee-4c75-ba9a-8ca495b513ca/timeouts 200 4 ms - 76 
2017-07-31 09:34:42:193 - info: [HTTP] --> GET /wd/hub/session/d0b3776e-5bee-4c75-ba9a-8ca495b513ca/context {}
2017-07-31 09:34:42:193 - info: [debug] [MJSONWP] Calling AppiumDriver.getCurrentContext() with args: ["d0b3776e-5bee-4c75-ba9a-8ca495b513ca"]
2017-07-31 09:34:42:195 - info: [debug] [MJSONWP] Responding to client with driver.getCurrentContext() result: "NATIVE_APP"
2017-07-31 09:34:42:196 - info: [HTTP] <-- GET /wd/hub/session/d0b3776e-5bee-4c75-ba9a-8ca495b513ca/context 200 3 ms - 84 
2017-07-31 09:34:42:201 - info: [HTTP] --> POST /wd/hub/session/d0b3776e-5bee-4c75-ba9a-8ca495b513ca/elements {"using":"id","value":"com.play.android:id/btn_profile"}
2017-07-31 09:34:42:201 - info: [debug] [MJSONWP] Calling AppiumDriver.findElements() with args: ["id","com.play.android:id/btn_profile","d0b3776e-5bee-4c75-ba9a-8ca495b513ca"]
2017-07-31 09:34:42:202 - info: [debug] [BaseDriver] Valid locator strategies for this request: xpath, id, class name, accessibility id, -android uiautomator
2017-07-31 09:34:42:203 - info: [debug] [BaseDriver] Valid locator strategies for this request: xpath, id, class name, accessibility id, -android uiautomator
2017-07-31 09:34:42:203 - info: [debug] [BaseDriver] Waiting up to 0 ms for condition
2017-07-31 09:34:42:204 - info: [debug] [AndroidBootstrap] Sending command to android: {"cmd":"action","action":"find","params":{"strategy":"id","selector":"com.play.android:id/btn_profile","context":"","multiple":true}}
2017-07-31 09:34:42:207 - info: [AndroidBootstrap] [BOOTSTRAP LOG] [debug] Got data from client: {"cmd":"action","action":"find","params":{"strategy":"id","selector":"com.play.android:id/btn_profile","context":"","multiple":true}}
2017-07-31 09:34:42:207 - info: [AndroidBootstrap] [BOOTSTRAP LOG] [debug] Got command of type ACTION
2017-07-31 09:34:42:207 - info: [AndroidBootstrap] [BOOTSTRAP LOG] [debug] Got command action: find
2017-07-31 09:34:42:207 - info: [AndroidBootstrap] [BOOTSTRAP LOG] [debug] Finding 'com.play.android:id/btn_profile' using 'ID' with the contextId: '' multiple: true
2017-07-31 09:34:42:207 - info: [AndroidBootstrap] [BOOTSTRAP LOG] [debug] Using: UiSelector[RESOURCE_ID=com.play.android:id/btn_profile]
2017-07-31 09:34:42:208 - info: [AndroidBootstrap] [BOOTSTRAP LOG] [debug] getElements selector:UiSelector[RESOURCE_ID=com.play.android:id/btn_profile]
2017-07-31 09:34:42:208 - info: [AndroidBootstrap] [BOOTSTRAP LOG] [debug] Element[] is null: (0)
2017-07-31 09:34:42:209 - info: [AndroidBootstrap] [BOOTSTRAP LOG] [debug] getElements tmp selector:UiSelector[INSTANCE=0, RESOURCE_ID=com.play.android:id/btn_profile]
2017-07-31 09:34:42:225 - info: [AndroidBootstrap] [BOOTSTRAP LOG] [debug] Element[] is null: (1)
2017-07-31 09:34:42:225 - info: [AndroidBootstrap] [BOOTSTRAP LOG] [debug] getElements tmp selector:UiSelector[INSTANCE=1, RESOURCE_ID=com.play.android:id/btn_profile]
2017-07-31 09:34:42:235 - info: [AndroidBootstrap] [BOOTSTRAP LOG] [debug] Returning result: {"value":[{"ELEMENT":"2"}],"status":0}
2017-07-31 09:34:42:235 - info: [debug] [AndroidBootstrap] Received command result from bootstrap
2017-07-31 09:34:42:236 - info: [debug] [MJSONWP] Responding to client with driver.findElements() result: [{"ELEMENT":"2"}]
2017-07-31 09:34:42:239 - info: [HTTP] <-- POST /wd/hub/session/d0b3776e-5bee-4c75-ba9a-8ca495b513ca/elements 200 36 ms - 89 
2017-07-31 09:34:42:243 - info: [HTTP] --> POST /wd/hub/session/d0b3776e-5bee-4c75-ba9a-8ca495b513ca/timeouts {"type":"implicit","ms":20000}
2017-07-31 09:34:42:244 - info: [debug] [MJSONWP] Calling AppiumDriver.timeouts() with args: ["implicit",20000,"d0b3776e-5bee-4c75-ba9a-8ca495b513ca"]
2017-07-31 09:34:42:245 - info: [debug] [BaseDriver] Set implicit wait to 20000ms
2017-07-31 09:34:42:246 - info: [debug] [MJSONWP] Responding to client with driver.timeouts() result: null
2017-07-31 09:34:42:247 - info: [HTTP] <-- POST /wd/hub/session/d0b3776e-5bee-4c75-ba9a-8ca495b513ca/timeouts 200 4 ms - 76 
2017-07-31 09:34:42:252 - info: [HTTP] --> POST /wd/hub/session/d0b3776e-5bee-4c75-ba9a-8ca495b513ca/element/2/click {"id":"2"}
2017-07-31 09:34:42:253 - info: [debug] [MJSONWP] Calling AppiumDriver.click() with args: ["2","d0b3776e-5bee-4c75-ba9a-8ca495b513ca"]
2017-07-31 09:34:42:255 - info: [debug] [AndroidBootstrap] Sending command to android: {"cmd":"action","action":"element:click","params":{"elementId":"2"}}
2017-07-31 09:34:42:258 - info: [AndroidBootstrap] [BOOTSTRAP LOG] [debug] Got data from client: {"cmd":"action","action":"element:click","params":{"elementId":"2"}}
2017-07-31 09:34:42:259 - info: [AndroidBootstrap] [BOOTSTRAP LOG] [debug] Got command of type ACTION
2017-07-31 09:34:42:259 - info: [AndroidBootstrap] [BOOTSTRAP LOG] [debug] Got command action: click
2017-07-31 09:34:42:556 - info: [AndroidBootstrap] [BOOTSTRAP LOG] [debug] Returning result: {"value":true,"status":0}
2017-07-31 09:34:42:556 - info: [debug] [AndroidBootstrap] Received command result from bootstrap
2017-07-31 09:34:42:559 - info: [debug] [MJSONWP] Responding to client with driver.click() result: true
2017-07-31 09:34:42:563 - info: [HTTP] <-- POST /wd/hub/session/d0b3776e-5bee-4c75-ba9a-8ca495b513ca/element/2/click 200 308 ms - 76 
2017-07-31 09:34:43:065 - info: [HTTP] --> GET /wd/hub/session/d0b3776e-5bee-4c75-ba9a-8ca495b513ca/appium/device/current_activity {}
2017-07-31 09:34:43:065 - info: [debug] [MJSONWP] Calling AppiumDriver.getCurrentActivity() with args: ["d0b3776e-5bee-4c75-ba9a-8ca495b513ca"]
2017-07-31 09:34:43:066 - info: [debug] [ADB] Getting focused package and activity
2017-07-31 09:34:43:067 - info: [debug] [ADB] Getting connected devices...
2017-07-31 09:34:43:105 - info: [debug] [ADB] 1 device(s) connected
2017-07-31 09:34:43:107 - info: [debug] [ADB] Running 'D:\Android\AndroidSDK\platform-tools\adb.exe' with args: ["-P",5037,"-s","127.0.0.1:62001","shell","dumpsys","window","windows"]
2017-07-31 09:34:43:450 - info: [debug] [MJSONWP] Responding to client with driver.getCurrentActivity() result: ".activity.member.LoginActivity"
2017-07-31 09:34:43:451 - info: [HTTP] <-- GET /wd/hub/session/d0b3776e-5bee-4c75-ba9a-8ca495b513ca/appium/device/current_activity 200 386 ms - 104 
2017-07-31 09:34:43:455 - info: [HTTP] --> POST /wd/hub/session/d0b3776e-5bee-4c75-ba9a-8ca495b513ca/timeouts {"type":"implicit","ms":0}
2017-07-31 09:34:43:456 - info: [debug] [MJSONWP] Calling AppiumDriver.timeouts() with args: ["implicit",0,"d0b3776e-5bee-4c75-ba9a-8ca495b513ca"]
2017-07-31 09:34:43:456 - info: [debug] [BaseDriver] Set implicit wait to 0ms
2017-07-31 09:34:43:457 - info: [debug] [MJSONWP] Responding to client with driver.timeouts() result: null
2017-07-31 09:34:43:460 - info: [HTTP] <-- POST /wd/hub/session/d0b3776e-5bee-4c75-ba9a-8ca495b513ca/timeouts 200 3 ms - 76 
2017-07-31 09:34:43:462 - info: [HTTP] --> GET /wd/hub/session/d0b3776e-5bee-4c75-ba9a-8ca495b513ca/context {}
2017-07-31 09:34:43:462 - info: [debug] [MJSONWP] Calling AppiumDriver.getCurrentContext() with args: ["d0b3776e-5bee-4c75-ba9a-8ca495b513ca"]
2017-07-31 09:34:43:463 - info: [debug] [MJSONWP] Responding to client with driver.getCurrentContext() result: "NATIVE_APP"
2017-07-31 09:34:43:464 - info: [HTTP] <-- GET /wd/hub/session/d0b3776e-5bee-4c75-ba9a-8ca495b513ca/context 200 2 ms - 84 
2017-07-31 09:34:43:468 - info: [HTTP] --> POST /wd/hub/session/d0b3776e-5bee-4c75-ba9a-8ca495b513ca/elements {"using":"id","value":"com.play.android:id/tv_account"}
2017-07-31 09:34:43:468 - info: [debug] [MJSONWP] Calling AppiumDriver.findElements() with args: ["id","com.play.android:id/tv_account","d0b3776e-5bee-4c75-ba9a-8ca495b513ca"]
2017-07-31 09:34:43:469 - info: [debug] [BaseDriver] Valid locator strategies for this request: xpath, id, class name, accessibility id, -android uiautomator
2017-07-31 09:34:43:469 - info: [debug] [BaseDriver] Valid locator strategies for this request: xpath, id, class name, accessibility id, -android uiautomator
2017-07-31 09:34:43:469 - info: [debug] [BaseDriver] Waiting up to 0 ms for condition
2017-07-31 09:34:43:470 - info: [debug] [AndroidBootstrap] Sending command to android: {"cmd":"action","action":"find","params":{"strategy":"id","selector":"com.play.android:id/tv_account","context":"","multiple":true}}
2017-07-31 09:34:43:476 - info: [AndroidBootstrap] [BOOTSTRAP LOG] [debug] Got data from client: {"cmd":"action","action":"find","params":{"strategy":"id","selector":"com.play.android:id/tv_account","context":"","multiple":true}}
2017-07-31 09:34:43:476 - info: [AndroidBootstrap] [BOOTSTRAP LOG] [debug] Got command of type ACTION
2017-07-31 09:34:43:476 - info: [AndroidBootstrap] [BOOTSTRAP LOG] [debug] Got command action: find
2017-07-31 09:34:43:476 - info: [AndroidBootstrap] [BOOTSTRAP LOG] [debug] Finding 'com.play.android:id/tv_account' using 'ID' with the contextId: '' multiple: true
2017-07-31 09:34:43:477 - info: [AndroidBootstrap] [BOOTSTRAP LOG] [debug] Using: UiSelector[RESOURCE_ID=com.play.android:id/tv_account]
2017-07-31 09:34:43:477 - info: [AndroidBootstrap] [BOOTSTRAP LOG] [debug] getElements selector:UiSelector[RESOURCE_ID=com.play.android:id/tv_account]
2017-07-31 09:34:43:477 - info: [AndroidBootstrap] [BOOTSTRAP LOG] [debug] Element[] is null: (0)
2017-07-31 09:34:43:477 - info: [AndroidBootstrap] [BOOTSTRAP LOG] [debug] getElements tmp selector:UiSelector[INSTANCE=0, RESOURCE_ID=com.play.android:id/tv_account]
2017-07-31 09:34:43:602 - info: [AndroidBootstrap] [BOOTSTRAP LOG] [debug] Element[] is null: (1)
2017-07-31 09:34:43:603 - info: [AndroidBootstrap] [BOOTSTRAP LOG] [debug] getElements tmp selector:UiSelector[INSTANCE=1, RESOURCE_ID=com.play.android:id/tv_account]
2017-07-31 09:34:43:691 - info: [AndroidBootstrap] [BOOTSTRAP LOG] [debug] Returning result: {"value":[{"ELEMENT":"3"}],"status":0}
2017-07-31 09:34:43:691 - info: [debug] [AndroidBootstrap] Received command result from bootstrap
2017-07-31 09:34:43:692 - info: [debug] [MJSONWP] Responding to client with driver.findElements() result: [{"ELEMENT":"3"}]
2017-07-31 09:34:43:693 - info: [HTTP] <-- POST /wd/hub/session/d0b3776e-5bee-4c75-ba9a-8ca495b513ca/elements 200 225 ms - 89 
2017-07-31 09:34:43:697 - info: [HTTP] --> POST /wd/hub/session/d0b3776e-5bee-4c75-ba9a-8ca495b513ca/timeouts {"type":"implicit","ms":20000}
2017-07-31 09:34:43:697 - info: [debug] [MJSONWP] Calling AppiumDriver.timeouts() with args: ["implicit",20000,"d0b3776e-5bee-4c75-ba9a-8ca495b513ca"]
2017-07-31 09:34:43:698 - info: [debug] [BaseDriver] Set implicit wait to 20000ms
2017-07-31 09:34:43:698 - info: [debug] [MJSONWP] Responding to client with driver.timeouts() result: null
2017-07-31 09:34:43:699 - info: [HTTP] <-- POST /wd/hub/session/d0b3776e-5bee-4c75-ba9a-8ca495b513ca/timeouts 200 2 ms - 76 
2017-07-31 09:34:43:703 - info: [HTTP] --> POST /wd/hub/session/d0b3776e-5bee-4c75-ba9a-8ca495b513ca/timeouts {"type":"implicit","ms":0}
2017-07-31 09:34:43:704 - info: [debug] [MJSONWP] Calling AppiumDriver.timeouts() with args: ["implicit",0,"d0b3776e-5bee-4c75-ba9a-8ca495b513ca"]
2017-07-31 09:34:43:704 - info: [debug] [BaseDriver] Set implicit wait to 0ms
2017-07-31 09:34:43:705 - info: [debug] [MJSONWP] Responding to client with driver.timeouts() result: null
2017-07-31 09:34:43:708 - info: [HTTP] <-- POST /wd/hub/session/d0b3776e-5bee-4c75-ba9a-8ca495b513ca/timeouts 200 2 ms - 76 
2017-07-31 09:34:43:710 - info: [HTTP] --> GET /wd/hub/session/d0b3776e-5bee-4c75-ba9a-8ca495b513ca/context {}
2017-07-31 09:34:43:710 - info: [debug] [MJSONWP] Calling AppiumDriver.getCurrentContext() with args: ["d0b3776e-5bee-4c75-ba9a-8ca495b513ca"]
2017-07-31 09:34:43:712 - info: [debug] [MJSONWP] Responding to client with driver.getCurrentContext() result: "NATIVE_APP"
2017-07-31 09:34:43:713 - info: [HTTP] <-- GET /wd/hub/session/d0b3776e-5bee-4c75-ba9a-8ca495b513ca/context 200 2 ms - 84 
2017-07-31 09:34:43:720 - info: [HTTP] --> POST /wd/hub/session/d0b3776e-5bee-4c75-ba9a-8ca495b513ca/elements {"using":"id","value":"com.play.android:id/tv_account"}
2017-07-31 09:34:43:721 - info: [debug] [MJSONWP] Calling AppiumDriver.findElements() with args: ["id","com.play.android:id/tv_account","d0b3776e-5bee-4c75-ba9a-8ca495b513ca"]
2017-07-31 09:34:43:722 - info: [debug] [BaseDriver] Valid locator strategies for this request: xpath, id, class name, accessibility id, -android uiautomator
2017-07-31 09:34:43:722 - info: [debug] [BaseDriver] Valid locator strategies for this request: xpath, id, class name, accessibility id, -android uiautomator
2017-07-31 09:34:43:722 - info: [debug] [BaseDriver] Waiting up to 0 ms for condition
2017-07-31 09:34:43:723 - info: [debug] [AndroidBootstrap] Sending command to android: {"cmd":"action","action":"find","params":{"strategy":"id","selector":"com.play.android:id/tv_account","context":"","multiple":true}}
2017-07-31 09:34:43:725 - info: [AndroidBootstrap] [BOOTSTRAP LOG] [debug] Got data from client: {"cmd":"action","action":"find","params":{"strategy":"id","selector":"com.play.android:id/tv_account","context":"","multiple":true}}
2017-07-31 09:34:43:725 - info: [AndroidBootstrap] [BOOTSTRAP LOG] [debug] Got command of type ACTION
2017-07-31 09:34:43:725 - info: [AndroidBootstrap] [BOOTSTRAP LOG] [debug] Got command action: find
2017-07-31 09:34:43:725 - info: [AndroidBootstrap] [BOOTSTRAP LOG] [debug] Finding 'com.play.android:id/tv_account' using 'ID' with the contextId: '' multiple: true
2017-07-31 09:34:43:726 - info: [AndroidBootstrap] [BOOTSTRAP LOG] [debug] Using: UiSelector[RESOURCE_ID=com.play.android:id/tv_account]
2017-07-31 09:34:43:726 - info: [AndroidBootstrap] [BOOTSTRAP LOG] [debug] getElements selector:UiSelector[RESOURCE_ID=com.play.android:id/tv_account]
2017-07-31 09:34:43:726 - info: [AndroidBootstrap] [BOOTSTRAP LOG] [debug] Element[] is null: (0)
2017-07-31 09:34:43:726 - info: [AndroidBootstrap] [BOOTSTRAP LOG] [debug] getElements tmp selector:UiSelector[INSTANCE=0, RESOURCE_ID=com.play.android:id/tv_account]
2017-07-31 09:34:43:732 - info: [AndroidBootstrap] [BOOTSTRAP LOG] [debug] Element[] is null: (1)
2017-07-31 09:34:43:733 - info: [AndroidBootstrap] [BOOTSTRAP LOG] [debug] getElements tmp selector:UiSelector[INSTANCE=1, RESOURCE_ID=com.play.android:id/tv_account]
2017-07-31 09:34:43:784 - info: [debug] [AndroidBootstrap] Received command result from bootstrap
2017-07-31 09:34:43:785 - info: [debug] [MJSONWP] Responding to client with driver.findElements() result: [{"ELEMENT":"4"}]
2017-07-31 09:34:43:786 - info: [HTTP] <-- POST /wd/hub/session/d0b3776e-5bee-4c75-ba9a-8ca495b513ca/elements 200 66 ms - 89 
2017-07-31 09:34:43:786 - info: [AndroidBootstrap] [BOOTSTRAP LOG] [debug] Returning result: {"value":[{"ELEMENT":"4"}],"status":0}
2017-07-31 09:34:43:789 - info: [HTTP] --> POST /wd/hub/session/d0b3776e-5bee-4c75-ba9a-8ca495b513ca/timeouts {"type":"implicit","ms":20000}
2017-07-31 09:34:43:790 - info: [debug] [MJSONWP] Calling AppiumDriver.timeouts() with args: ["implicit",20000,"d0b3776e-5bee-4c75-ba9a-8ca495b513ca"]
2017-07-31 09:34:43:791 - info: [debug] [BaseDriver] Set implicit wait to 20000ms
2017-07-31 09:34:43:791 - info: [debug] [MJSONWP] Responding to client with driver.timeouts() result: null
2017-07-31 09:34:43:797 - info: [HTTP] <-- POST /wd/hub/session/d0b3776e-5bee-4c75-ba9a-8ca495b513ca/timeouts 200 7 ms - 76 
2017-07-31 09:34:43:801 - info: [HTTP] --> POST /wd/hub/session/d0b3776e-5bee-4c75-ba9a-8ca495b513ca/element/4/click {"id":"4"}
2017-07-31 09:34:43:802 - info: [debug] [MJSONWP] Calling AppiumDriver.click() with args: ["4","d0b3776e-5bee-4c75-ba9a-8ca495b513ca"]
2017-07-31 09:34:43:803 - info: [debug] [AndroidBootstrap] Sending command to android: {"cmd":"action","action":"element:click","params":{"elementId":"4"}}
2017-07-31 09:34:43:808 - info: [AndroidBootstrap] [BOOTSTRAP LOG] [debug] Got data from client: {"cmd":"action","action":"element:click","params":{"elementId":"4"}}
2017-07-31 09:34:43:809 - info: [AndroidBootstrap] [BOOTSTRAP LOG] [debug] Got command of type ACTION
2017-07-31 09:34:43:809 - info: [AndroidBootstrap] [BOOTSTRAP LOG] [debug] Got command action: click
2017-07-31 09:34:43:957 - info: [AndroidBootstrap] [BOOTSTRAP LOG] [debug] Returning result: {"value":true,"status":0}
2017-07-31 09:34:43:958 - info: [debug] [AndroidBootstrap] Received command result from bootstrap
2017-07-31 09:34:43:958 - info: [debug] [MJSONWP] Responding to client with driver.click() result: true
2017-07-31 09:34:43:959 - info: [HTTP] <-- POST /wd/hub/session/d0b3776e-5bee-4c75-ba9a-8ca495b513ca/element/4/click 200 158 ms - 76 
2017-07-31 09:34:43:963 - info: [HTTP] --> POST /wd/hub/session/d0b3776e-5bee-4c75-ba9a-8ca495b513ca/timeouts {"type":"implicit","ms":0}
2017-07-31 09:34:43:964 - info: [debug] [MJSONWP] Calling AppiumDriver.timeouts() with args: ["implicit",0,"d0b3776e-5bee-4c75-ba9a-8ca495b513ca"]
2017-07-31 09:34:43:965 - info: [debug] [BaseDriver] Set implicit wait to 0ms
2017-07-31 09:34:43:965 - info: [debug] [MJSONWP] Responding to client with driver.timeouts() result: null
2017-07-31 09:34:43:966 - info: [HTTP] <-- POST /wd/hub/session/d0b3776e-5bee-4c75-ba9a-8ca495b513ca/timeouts 200 2 ms - 76 
2017-07-31 09:34:43:971 - info: [HTTP] --> GET /wd/hub/session/d0b3776e-5bee-4c75-ba9a-8ca495b513ca/context {}
2017-07-31 09:34:43:971 - info: [debug] [MJSONWP] Calling AppiumDriver.getCurrentContext() with args: ["d0b3776e-5bee-4c75-ba9a-8ca495b513ca"]
2017-07-31 09:34:43:972 - info: [debug] [MJSONWP] Responding to client with driver.getCurrentContext() result: "NATIVE_APP"
2017-07-31 09:34:43:973 - info: [HTTP] <-- GET /wd/hub/session/d0b3776e-5bee-4c75-ba9a-8ca495b513ca/context 200 2 ms - 84 
2017-07-31 09:34:43:977 - info: [HTTP] --> POST /wd/hub/session/d0b3776e-5bee-4c75-ba9a-8ca495b513ca/elements {"using":"id","value":"com.play.android:id/et_account"}
2017-07-31 09:34:43:977 - info: [debug] [MJSONWP] Calling AppiumDriver.findElements() with args: ["id","com.play.android:id/et_account","d0b3776e-5bee-4c75-ba9a-8ca495b513ca"]
2017-07-31 09:34:43:978 - info: [debug] [BaseDriver] Valid locator strategies for this request: xpath, id, class name, accessibility id, -android uiautomator
2017-07-31 09:34:43:978 - info: [debug] [BaseDriver] Valid locator strategies for this request: xpath, id, class name, accessibility id, -android uiautomator
2017-07-31 09:34:43:978 - info: [debug] [BaseDriver] Waiting up to 0 ms for condition
2017-07-31 09:34:43:979 - info: [debug] [AndroidBootstrap] Sending command to android: {"cmd":"action","action":"find","params":{"strategy":"id","selector":"com.play.android:id/et_account","context":"","multiple":true}}
2017-07-31 09:34:43:981 - info: [AndroidBootstrap] [BOOTSTRAP LOG] [debug] Got data from client: {"cmd":"action","action":"find","params":{"strategy":"id","selector":"com.play.android:id/et_account","context":"","multiple":true}}
2017-07-31 09:34:43:981 - info: [AndroidBootstrap] [BOOTSTRAP LOG] [debug] Got command of type ACTION
2017-07-31 09:34:43:981 - info: [AndroidBootstrap] [BOOTSTRAP LOG] [debug] Got command action: find
2017-07-31 09:34:43:982 - info: [AndroidBootstrap] [BOOTSTRAP LOG] [debug] Finding 'com.play.android:id/et_account' using 'ID' with the contextId: '' multiple: true
2017-07-31 09:34:43:982 - info: [AndroidBootstrap] [BOOTSTRAP LOG] [debug] Using: UiSelector[RESOURCE_ID=com.play.android:id/et_account]
2017-07-31 09:34:43:982 - info: [AndroidBootstrap] [BOOTSTRAP LOG] [debug] getElements selector:UiSelector[RESOURCE_ID=com.play.android:id/et_account]
2017-07-31 09:34:43:985 - info: [AndroidBootstrap] [BOOTSTRAP LOG] [debug] Element[] is null: (0)
2017-07-31 09:34:43:985 - info: [AndroidBootstrap] [BOOTSTRAP LOG] [debug] getElements tmp selector:UiSelector[INSTANCE=0, RESOURCE_ID=com.play.android:id/et_account]
2017-07-31 09:34:44:586 - info: [AndroidBootstrap] [BOOTSTRAP LOG] [debug] Element[] is null: (1)
2017-07-31 09:34:44:586 - info: [AndroidBootstrap] [BOOTSTRAP LOG] [debug] getElements tmp selector:UiSelector[INSTANCE=1, RESOURCE_ID=com.play.android:id/et_account]
2017-07-31 09:34:45:092 - info: [debug] [AndroidBootstrap] Received command result from bootstrap
2017-07-31 09:34:45:093 - info: [debug] [MJSONWP] Responding to client with driver.findElements() result: [{"ELEMENT":"5"}]
2017-07-31 09:34:45:094 - info: [HTTP] <-- POST /wd/hub/session/d0b3776e-5bee-4c75-ba9a-8ca495b513ca/elements 200 1116 ms - 89 
2017-07-31 09:34:45:094 - info: [AndroidBootstrap] [BOOTSTRAP LOG] [debug] Returning result: {"value":[{"ELEMENT":"5"}],"status":0}
2017-07-31 09:34:45:099 - info: [HTTP] --> POST /wd/hub/session/d0b3776e-5bee-4c75-ba9a-8ca495b513ca/timeouts {"type":"implicit","ms":20000}
2017-07-31 09:34:45:100 - info: [debug] [MJSONWP] Calling AppiumDriver.timeouts() with args: ["implicit",20000,"d0b3776e-5bee-4c75-ba9a-8ca495b513ca"]
2017-07-31 09:34:45:101 - info: [debug] [BaseDriver] Set implicit wait to 20000ms
2017-07-31 09:34:45:102 - info: [debug] [MJSONWP] Responding to client with driver.timeouts() result: null
2017-07-31 09:34:45:103 - info: [HTTP] <-- POST /wd/hub/session/d0b3776e-5bee-4c75-ba9a-8ca495b513ca/timeouts 200 3 ms - 76 
2017-07-31 09:34:45:106 - info: [HTTP] --> POST /wd/hub/session/d0b3776e-5bee-4c75-ba9a-8ca495b513ca/timeouts {"type":"implicit","ms":0}
2017-07-31 09:34:45:106 - info: [debug] [MJSONWP] Calling AppiumDriver.timeouts() with args: ["implicit",0,"d0b3776e-5bee-4c75-ba9a-8ca495b513ca"]
2017-07-31 09:34:45:107 - info: [debug] [BaseDriver] Set implicit wait to 0ms
2017-07-31 09:34:45:108 - info: [debug] [MJSONWP] Responding to client with driver.timeouts() result: null
2017-07-31 09:34:45:109 - info: [HTTP] <-- POST /wd/hub/session/d0b3776e-5bee-4c75-ba9a-8ca495b513ca/timeouts 200 2 ms - 76 
2017-07-31 09:34:45:113 - info: [HTTP] --> GET /wd/hub/session/d0b3776e-5bee-4c75-ba9a-8ca495b513ca/context {}
2017-07-31 09:34:45:114 - info: [debug] [MJSONWP] Calling AppiumDriver.getCurrentContext() with args: ["d0b3776e-5bee-4c75-ba9a-8ca495b513ca"]
2017-07-31 09:34:45:115 - info: [debug] [MJSONWP] Responding to client with driver.getCurrentContext() result: "NATIVE_APP"
2017-07-31 09:34:45:116 - info: [HTTP] <-- GET /wd/hub/session/d0b3776e-5bee-4c75-ba9a-8ca495b513ca/context 200 2 ms - 84 
2017-07-31 09:34:45:120 - info: [HTTP] --> POST /wd/hub/session/d0b3776e-5bee-4c75-ba9a-8ca495b513ca/elements {"using":"id","value":"com.play.android:id/et_account"}
2017-07-31 09:34:45:120 - info: [debug] [MJSONWP] Calling AppiumDriver.findElements() with args: ["id","com.play.android:id/et_account","d0b3776e-5bee-4c75-ba9a-8ca495b513ca"]
2017-07-31 09:34:45:121 - info: [debug] [BaseDriver] Valid locator strategies for this request: xpath, id, class name, accessibility id, -android uiautomator
2017-07-31 09:34:45:121 - info: [debug] [BaseDriver] Valid locator strategies for this request: xpath, id, class name, accessibility id, -android uiautomator
2017-07-31 09:34:45:121 - info: [debug] [BaseDriver] Waiting up to 0 ms for condition
2017-07-31 09:34:45:122 - info: [debug] [AndroidBootstrap] Sending command to android: {"cmd":"action","action":"find","params":{"strategy":"id","selector":"com.play.android:id/et_account","context":"","multiple":true}}
2017-07-31 09:34:45:125 - info: [AndroidBootstrap] [BOOTSTRAP LOG] [debug] Got data from client: {"cmd":"action","action":"find","params":{"strategy":"id","selector":"com.play.android:id/et_account","context":"","multiple":true}}
2017-07-31 09:34:45:125 - info: [AndroidBootstrap] [BOOTSTRAP LOG] [debug] Got command of type ACTION
2017-07-31 09:34:45:126 - info: [AndroidBootstrap] [BOOTSTRAP LOG] [debug] Got command action: find
2017-07-31 09:34:45:126 - info: [AndroidBootstrap] [BOOTSTRAP LOG] [debug] Finding 'com.play.android:id/et_account' using 'ID' with the contextId: '' multiple: true
2017-07-31 09:34:45:126 - info: [AndroidBootstrap] [BOOTSTRAP LOG] [debug] Using: UiSelector[RESOURCE_ID=com.play.android:id/et_account]
2017-07-31 09:34:45:126 - info: [AndroidBootstrap] [BOOTSTRAP LOG] [debug] getElements selector:UiSelector[RESOURCE_ID=com.play.android:id/et_account]
2017-07-31 09:34:45:126 - info: [AndroidBootstrap] [BOOTSTRAP LOG] [debug] Element[] is null: (0)
2017-07-31 09:34:45:127 - info: [AndroidBootstrap] [BOOTSTRAP LOG] [debug] getElements tmp selector:UiSelector[INSTANCE=0, RESOURCE_ID=com.play.android:id/et_account]
2017-07-31 09:34:45:136 - info: [AndroidBootstrap] [BOOTSTRAP LOG] [debug] Element[] is null: (1)
2017-07-31 09:34:45:141 - info: [AndroidBootstrap] [BOOTSTRAP LOG] [debug] getElements tmp selector:UiSelector[INSTANCE=1, RESOURCE_ID=com.play.android:id/et_account]
2017-07-31 09:34:45:148 - info: [AndroidBootstrap] [BOOTSTRAP LOG] [debug] Returning result: {"value":[{"ELEMENT":"6"}],"status":0}
2017-07-31 09:34:45:148 - info: [debug] [AndroidBootstrap] Received command result from bootstrap
2017-07-31 09:34:45:149 - info: [debug] [MJSONWP] Responding to client with driver.findElements() result: [{"ELEMENT":"6"}]
2017-07-31 09:34:45:150 - info: [HTTP] <-- POST /wd/hub/session/d0b3776e-5bee-4c75-ba9a-8ca495b513ca/elements 200 30 ms - 89 
2017-07-31 09:34:45:154 - info: [HTTP] --> POST /wd/hub/session/d0b3776e-5bee-4c75-ba9a-8ca495b513ca/timeouts {"type":"implicit","ms":20000}
2017-07-31 09:34:45:155 - info: [debug] [MJSONWP] Calling AppiumDriver.timeouts() with args: ["implicit",20000,"d0b3776e-5bee-4c75-ba9a-8ca495b513ca"]
2017-07-31 09:34:45:155 - info: [debug] [BaseDriver] Set implicit wait to 20000ms
2017-07-31 09:34:45:156 - info: [debug] [MJSONWP] Responding to client with driver.timeouts() result: null
2017-07-31 09:34:45:157 - info: [HTTP] <-- POST /wd/hub/session/d0b3776e-5bee-4c75-ba9a-8ca495b513ca/timeouts 200 2 ms - 76 
2017-07-31 09:34:45:162 - info: [HTTP] --> POST /wd/hub/session/d0b3776e-5bee-4c75-ba9a-8ca495b513ca/element/6/value {"id":"6","value":["18521035133"]}
2017-07-31 09:34:45:162 - info: [debug] [MJSONWP] Calling AppiumDriver.setValue() with args: [["18521035133"],"6","d0b3776e-5bee-4c75-ba9a-8ca495b513ca"]
2017-07-31 09:34:45:165 - info: [debug] [AndroidBootstrap] Sending command to android: {"cmd":"action","action":"element:setText","params":{"elementId":"6","text":"18521035133","replace":false,"unicodeKeyboard":true}}
2017-07-31 09:34:45:167 - info: [AndroidBootstrap] [BOOTSTRAP LOG] [debug] Got data from client: {"cmd":"action","action":"element:setText","params":{"elementId":"6","text":"18521035133","replace":false,"unicodeKeyboard":true}}
2017-07-31 09:34:45:170 - info: [AndroidBootstrap] [BOOTSTRAP LOG] [debug] Got command of type ACTION
2017-07-31 09:34:45:170 - info: [AndroidBootstrap] [BOOTSTRAP LOG] [debug] Got command action: setText
2017-07-31 09:34:45:170 - info: [AndroidBootstrap] [BOOTSTRAP LOG] [debug] Using element passed in: 6
2017-07-31 09:34:45:195 - info: [AndroidBootstrap] [BOOTSTRAP LOG] [debug] Attempting to clear using UiObject.clearText().
2017-07-31 09:34:47:546 - info: [AndroidBootstrap] [BOOTSTRAP LOG] [debug] Text remains after clearing, but it appears to be hint text.
2017-07-31 09:34:47:551 - info: [AndroidBootstrap] [BOOTSTRAP LOG] [debug] Text not cleared. Assuming remainder is hint text.
2017-07-31 09:34:47:566 - info: [AndroidBootstrap] [BOOTSTRAP LOG] [debug] Sending plain text to element: 18521035133
2017-07-31 09:34:49:993 - info: [AndroidBootstrap] [BOOTSTRAP LOG] [debug] Returning result: {"value":true,"status":0}
2017-07-31 09:34:49:993 - info: [debug] [AndroidBootstrap] Received command result from bootstrap
2017-07-31 09:34:49:994 - info: [debug] [MJSONWP] Responding to client with driver.setValue() result: true
2017-07-31 09:34:49:995 - info: [HTTP] <-- POST /wd/hub/session/d0b3776e-5bee-4c75-ba9a-8ca495b513ca/element/6/value 200 4833 ms - 76 
2017-07-31 09:34:50:001 - info: [HTTP] --> POST /wd/hub/session/d0b3776e-5bee-4c75-ba9a-8ca495b513ca/timeouts {"type":"implicit","ms":0}
2017-07-31 09:34:50:003 - info: [debug] [MJSONWP] Calling AppiumDriver.timeouts() with args: ["implicit",0,"d0b3776e-5bee-4c75-ba9a-8ca495b513ca"]
2017-07-31 09:34:50:004 - info: [debug] [BaseDriver] Set implicit wait to 0ms
2017-07-31 09:34:50:004 - info: [debug] [MJSONWP] Responding to client with driver.timeouts() result: null
2017-07-31 09:34:50:006 - info: [HTTP] <-- POST /wd/hub/session/d0b3776e-5bee-4c75-ba9a-8ca495b513ca/timeouts 200 4 ms - 76 
2017-07-31 09:34:50:011 - info: [HTTP] --> GET /wd/hub/session/d0b3776e-5bee-4c75-ba9a-8ca495b513ca/context {}
2017-07-31 09:34:50:012 - info: [debug] [MJSONWP] Calling AppiumDriver.getCurrentContext() with args: ["d0b3776e-5bee-4c75-ba9a-8ca495b513ca"]
2017-07-31 09:34:50:013 - info: [debug] [MJSONWP] Responding to client with driver.getCurrentContext() result: "NATIVE_APP"
2017-07-31 09:34:50:015 - info: [HTTP] <-- GET /wd/hub/session/d0b3776e-5bee-4c75-ba9a-8ca495b513ca/context 200 3 ms - 84 
2017-07-31 09:34:50:023 - info: [HTTP] --> POST /wd/hub/session/d0b3776e-5bee-4c75-ba9a-8ca495b513ca/elements {"using":"id","value":"com.play.android:id/et_password"}
2017-07-31 09:34:50:023 - info: [debug] [MJSONWP] Calling AppiumDriver.findElements() with args: ["id","com.play.android:id/et_password","d0b3776e-5bee-4c75-ba9a-8ca495b513ca"]
2017-07-31 09:34:50:024 - info: [debug] [BaseDriver] Valid locator strategies for this request: xpath, id, class name, accessibility id, -android uiautomator
2017-07-31 09:34:50:024 - info: [debug] [BaseDriver] Valid locator strategies for this request: xpath, id, class name, accessibility id, -android uiautomator
2017-07-31 09:34:50:024 - info: [debug] [BaseDriver] Waiting up to 0 ms for condition
2017-07-31 09:34:50:025 - info: [debug] [AndroidBootstrap] Sending command to android: {"cmd":"action","action":"find","params":{"strategy":"id","selector":"com.play.android:id/et_password","context":"","multiple":true}}
2017-07-31 09:34:50:029 - info: [AndroidBootstrap] [BOOTSTRAP LOG] [debug] Got data from client: {"cmd":"action","action":"find","params":{"strategy":"id","selector":"com.play.android:id/et_password","context":"","multiple":true}}
2017-07-31 09:34:50:030 - info: [AndroidBootstrap] [BOOTSTRAP LOG] [debug] Got command of type ACTION
2017-07-31 09:34:50:030 - info: [AndroidBootstrap] [BOOTSTRAP LOG] [debug] Got command action: find
2017-07-31 09:34:50:030 - info: [AndroidBootstrap] [BOOTSTRAP LOG] [debug] Finding 'com.play.android:id/et_password' using 'ID' with the contextId: '' multiple: true
2017-07-31 09:34:50:030 - info: [AndroidBootstrap] [BOOTSTRAP LOG] [debug] Using: UiSelector[RESOURCE_ID=com.play.android:id/et_password]
2017-07-31 09:34:50:030 - info: [AndroidBootstrap] [BOOTSTRAP LOG] [debug] getElements selector:UiSelector[RESOURCE_ID=com.play.android:id/et_password]
2017-07-31 09:34:50:030 - info: [AndroidBootstrap] [BOOTSTRAP LOG] [debug] Element[] is null: (0)
2017-07-31 09:34:50:030 - info: [AndroidBootstrap] [BOOTSTRAP LOG] [debug] getElements tmp selector:UiSelector[INSTANCE=0, RESOURCE_ID=com.play.android:id/et_password]
2017-07-31 09:34:50:521 - info: [AndroidBootstrap] [BOOTSTRAP LOG] [debug] Element[] is null: (1)
2017-07-31 09:34:50:521 - info: [AndroidBootstrap] [BOOTSTRAP LOG] [debug] getElements tmp selector:UiSelector[INSTANCE=1, RESOURCE_ID=com.play.android:id/et_password]
2017-07-31 09:34:50:575 - info: [AndroidBootstrap] [BOOTSTRAP LOG] [debug] Returning result: {"value":[{"ELEMENT":"7"}],"status":0}
2017-07-31 09:34:50:575 - info: [debug] [AndroidBootstrap] Received command result from bootstrap
2017-07-31 09:34:50:575 - info: [debug] [MJSONWP] Responding to client with driver.findElements() result: [{"ELEMENT":"7"}]
2017-07-31 09:34:50:577 - info: [HTTP] <-- POST /wd/hub/session/d0b3776e-5bee-4c75-ba9a-8ca495b513ca/elements 200 553 ms - 89 
2017-07-31 09:34:50:581 - info: [HTTP] --> POST /wd/hub/session/d0b3776e-5bee-4c75-ba9a-8ca495b513ca/timeouts {"type":"implicit","ms":20000}
2017-07-31 09:34:50:582 - info: [debug] [MJSONWP] Calling AppiumDriver.timeouts() with args: ["implicit",20000,"d0b3776e-5bee-4c75-ba9a-8ca495b513ca"]
2017-07-31 09:34:50:582 - info: [debug] [BaseDriver] Set implicit wait to 20000ms
2017-07-31 09:34:50:583 - info: [debug] [MJSONWP] Responding to client with driver.timeouts() result: null
2017-07-31 09:34:50:583 - info: [HTTP] <-- POST /wd/hub/session/d0b3776e-5bee-4c75-ba9a-8ca495b513ca/timeouts 200 2 ms - 76 
2017-07-31 09:34:50:588 - info: [HTTP] --> POST /wd/hub/session/d0b3776e-5bee-4c75-ba9a-8ca495b513ca/timeouts {"type":"implicit","ms":0}
2017-07-31 09:34:50:588 - info: [debug] [MJSONWP] Calling AppiumDriver.timeouts() with args: ["implicit",0,"d0b3776e-5bee-4c75-ba9a-8ca495b513ca"]
2017-07-31 09:34:50:589 - info: [debug] [BaseDriver] Set implicit wait to 0ms
2017-07-31 09:34:50:589 - info: [debug] [MJSONWP] Responding to client with driver.timeouts() result: null
2017-07-31 09:34:50:590 - info: [HTTP] <-- POST /wd/hub/session/d0b3776e-5bee-4c75-ba9a-8ca495b513ca/timeouts 200 2 ms - 76 
2017-07-31 09:34:50:593 - info: [HTTP] --> GET /wd/hub/session/d0b3776e-5bee-4c75-ba9a-8ca495b513ca/context {}
2017-07-31 09:34:50:593 - info: [debug] [MJSONWP] Calling AppiumDriver.getCurrentContext() with args: ["d0b3776e-5bee-4c75-ba9a-8ca495b513ca"]
2017-07-31 09:34:50:594 - info: [debug] [MJSONWP] Responding to client with driver.getCurrentContext() result: "NATIVE_APP"
2017-07-31 09:34:50:595 - info: [HTTP] <-- GET /wd/hub/session/d0b3776e-5bee-4c75-ba9a-8ca495b513ca/context 200 2 ms - 84 
2017-07-31 09:34:50:598 - info: [HTTP] --> POST /wd/hub/session/d0b3776e-5bee-4c75-ba9a-8ca495b513ca/elements {"using":"id","value":"com.play.android:id/et_password"}
2017-07-31 09:34:50:598 - info: [debug] [MJSONWP] Calling AppiumDriver.findElements() with args: ["id","com.play.android:id/et_password","d0b3776e-5bee-4c75-ba9a-8ca495b513ca"]
2017-07-31 09:34:50:599 - info: [debug] [BaseDriver] Valid locator strategies for this request: xpath, id, class name, accessibility id, -android uiautomator
2017-07-31 09:34:50:599 - info: [debug] [BaseDriver] Valid locator strategies for this request: xpath, id, class name, accessibility id, -android uiautomator
2017-07-31 09:34:50:599 - info: [debug] [BaseDriver] Waiting up to 0 ms for condition
2017-07-31 09:34:50:600 - info: [debug] [AndroidBootstrap] Sending command to android: {"cmd":"action","action":"find","params":{"strategy":"id","selector":"com.play.android:id/et_password","context":"","multiple":true}}
2017-07-31 09:34:50:603 - info: [AndroidBootstrap] [BOOTSTRAP LOG] [debug] Got data from client: {"cmd":"action","action":"find","params":{"strategy":"id","selector":"com.play.android:id/et_password","context":"","multiple":true}}
2017-07-31 09:34:50:603 - info: [AndroidBootstrap] [BOOTSTRAP LOG] [debug] Got command of type ACTION
2017-07-31 09:34:50:603 - info: [AndroidBootstrap] [BOOTSTRAP LOG] [debug] Got command action: find
2017-07-31 09:34:50:603 - info: [AndroidBootstrap] [BOOTSTRAP LOG] [debug] Finding 'com.play.android:id/et_password' using 'ID' with the contextId: '' multiple: true
2017-07-31 09:34:50:604 - info: [AndroidBootstrap] [BOOTSTRAP LOG] [debug] Using: UiSelector[RESOURCE_ID=com.play.android:id/et_password]
2017-07-31 09:34:50:605 - info: [AndroidBootstrap] [BOOTSTRAP LOG] [debug] getElements selector:UiSelector[RESOURCE_ID=com.play.android:id/et_password]
2017-07-31 09:34:50:605 - info: [AndroidBootstrap] [BOOTSTRAP LOG] [debug] Element[] is null: (0)
2017-07-31 09:34:50:605 - info: [AndroidBootstrap] [BOOTSTRAP LOG] [debug] getElements tmp selector:UiSelector[INSTANCE=0, RESOURCE_ID=com.play.android:id/et_password]
2017-07-31 09:34:50:620 - info: [AndroidBootstrap] [BOOTSTRAP LOG] [debug] Element[] is null: (1)
2017-07-31 09:34:50:620 - info: [AndroidBootstrap] [BOOTSTRAP LOG] [debug] getElements tmp selector:UiSelector[INSTANCE=1, RESOURCE_ID=com.play.android:id/et_password]
2017-07-31 09:34:50:638 - info: [AndroidBootstrap] [BOOTSTRAP LOG] [debug] Returning result: {"value":[{"ELEMENT":"8"}],"status":0}
2017-07-31 09:34:50:640 - info: [debug] [AndroidBootstrap] Received command result from bootstrap
2017-07-31 09:34:50:640 - info: [debug] [MJSONWP] Responding to client with driver.findElements() result: [{"ELEMENT":"8"}]
2017-07-31 09:34:50:641 - info: [HTTP] <-- POST /wd/hub/session/d0b3776e-5bee-4c75-ba9a-8ca495b513ca/elements 200 42 ms - 89 
2017-07-31 09:34:50:647 - info: [HTTP] --> POST /wd/hub/session/d0b3776e-5bee-4c75-ba9a-8ca495b513ca/timeouts {"type":"implicit","ms":20000}
2017-07-31 09:34:50:648 - info: [debug] [MJSONWP] Calling AppiumDriver.timeouts() with args: ["implicit",20000,"d0b3776e-5bee-4c75-ba9a-8ca495b513ca"]
2017-07-31 09:34:50:649 - info: [debug] [BaseDriver] Set implicit wait to 20000ms
2017-07-31 09:34:50:649 - info: [debug] [MJSONWP] Responding to client with driver.timeouts() result: null
2017-07-31 09:34:50:650 - info: [HTTP] <-- POST /wd/hub/session/d0b3776e-5bee-4c75-ba9a-8ca495b513ca/timeouts 200 2 ms - 76 
2017-07-31 09:34:50:653 - info: [HTTP] --> POST /wd/hub/session/d0b3776e-5bee-4c75-ba9a-8ca495b513ca/element/8/value {"id":"8","value":["111111"]}
2017-07-31 09:34:50:654 - info: [debug] [MJSONWP] Calling AppiumDriver.setValue() with args: [["111111"],"8","d0b3776e-5bee-4c75-ba9a-8ca495b513ca"]
2017-07-31 09:34:50:655 - info: [debug] [AndroidBootstrap] Sending command to android: {"cmd":"action","action":"element:setText","params":{"elementId":"8","text":"111111","replace":false,"unicodeKeyboard":true}}
2017-07-31 09:34:50:657 - info: [AndroidBootstrap] [BOOTSTRAP LOG] [debug] Got data from client: {"cmd":"action","action":"element:setText","params":{"elementId":"8","text":"111111","replace":false,"unicodeKeyboard":true}}
2017-07-31 09:34:50:658 - info: [AndroidBootstrap] [BOOTSTRAP LOG] [debug] Got command of type ACTION
2017-07-31 09:34:50:658 - info: [AndroidBootstrap] [BOOTSTRAP LOG] [debug] Got command action: setText
2017-07-31 09:34:50:658 - info: [AndroidBootstrap] [BOOTSTRAP LOG] [debug] Using element passed in: 8
2017-07-31 09:34:50:667 - info: [AndroidBootstrap] [BOOTSTRAP LOG] [debug] Attempting to clear using UiObject.clearText().
2017-07-31 09:34:52:997 - info: [AndroidBootstrap] [BOOTSTRAP LOG] [debug] Sending plain text to element: 111111
2017-07-31 09:34:55:323 - info: [AndroidBootstrap] [BOOTSTRAP LOG] [debug] Returning result: {"value":true,"status":0}
2017-07-31 09:34:55:324 - info: [debug] [AndroidBootstrap] Received command result from bootstrap
2017-07-31 09:34:55:325 - info: [debug] [MJSONWP] Responding to client with driver.setValue() result: true
2017-07-31 09:34:55:326 - info: [HTTP] <-- POST /wd/hub/session/d0b3776e-5bee-4c75-ba9a-8ca495b513ca/element/8/value 200 4671 ms - 76 
2017-07-31 09:34:55:330 - info: [HTTP] --> POST /wd/hub/session/d0b3776e-5bee-4c75-ba9a-8ca495b513ca/timeouts {"type":"implicit","ms":0}
2017-07-31 09:34:55:330 - info: [debug] [MJSONWP] Calling AppiumDriver.timeouts() with args: ["implicit",0,"d0b3776e-5bee-4c75-ba9a-8ca495b513ca"]
2017-07-31 09:34:55:331 - info: [debug] [BaseDriver] Set implicit wait to 0ms
2017-07-31 09:34:55:331 - info: [debug] [MJSONWP] Responding to client with driver.timeouts() result: null
2017-07-31 09:34:55:332 - info: [HTTP] <-- POST /wd/hub/session/d0b3776e-5bee-4c75-ba9a-8ca495b513ca/timeouts 200 2 ms - 76 
2017-07-31 09:34:55:338 - info: [HTTP] --> GET /wd/hub/session/d0b3776e-5bee-4c75-ba9a-8ca495b513ca/context {}
2017-07-31 09:34:55:339 - info: [debug] [MJSONWP] Calling AppiumDriver.getCurrentContext() with args: ["d0b3776e-5bee-4c75-ba9a-8ca495b513ca"]
2017-07-31 09:34:55:340 - info: [debug] [MJSONWP] Responding to client with driver.getCurrentContext() result: "NATIVE_APP"
2017-07-31 09:34:55:341 - info: [HTTP] <-- GET /wd/hub/session/d0b3776e-5bee-4c75-ba9a-8ca495b513ca/context 200 3 ms - 84 
2017-07-31 09:34:55:345 - info: [HTTP] --> POST /wd/hub/session/d0b3776e-5bee-4c75-ba9a-8ca495b513ca/elements {"using":"id","value":"com.play.android:id/btn_login"}
2017-07-31 09:34:55:345 - info: [debug] [MJSONWP] Calling AppiumDriver.findElements() with args: ["id","com.play.android:id/btn_login","d0b3776e-5bee-4c75-ba9a-8ca495b513ca"]
2017-07-31 09:34:55:346 - info: [debug] [BaseDriver] Valid locator strategies for this request: xpath, id, class name, accessibility id, -android uiautomator
2017-07-31 09:34:55:346 - info: [debug] [BaseDriver] Valid locator strategies for this request: xpath, id, class name, accessibility id, -android uiautomator
2017-07-31 09:34:55:346 - info: [debug] [BaseDriver] Waiting up to 0 ms for condition
2017-07-31 09:34:55:346 - info: [debug] [AndroidBootstrap] Sending command to android: {"cmd":"action","action":"find","params":{"strategy":"id","selector":"com.play.android:id/btn_login","context":"","multiple":true}}
2017-07-31 09:34:55:349 - info: [AndroidBootstrap] [BOOTSTRAP LOG] [debug] Got data from client: {"cmd":"action","action":"find","params":{"strategy":"id","selector":"com.play.android:id/btn_login","context":"","multiple":true}}
2017-07-31 09:34:55:349 - info: [AndroidBootstrap] [BOOTSTRAP LOG] [debug] Got command of type ACTION
2017-07-31 09:34:55:349 - info: [AndroidBootstrap] [BOOTSTRAP LOG] [debug] Got command action: find
2017-07-31 09:34:55:349 - info: [AndroidBootstrap] [BOOTSTRAP LOG] [debug] Finding 'com.play.android:id/btn_login' using 'ID' with the contextId: '' multiple: true
2017-07-31 09:34:55:349 - info: [AndroidBootstrap] [BOOTSTRAP LOG] [debug] Using: UiSelector[RESOURCE_ID=com.play.android:id/btn_login]
2017-07-31 09:34:55:349 - info: [AndroidBootstrap] [BOOTSTRAP LOG] [debug] getElements selector:UiSelector[RESOURCE_ID=com.play.android:id/btn_login]
2017-07-31 09:34:55:350 - info: [AndroidBootstrap] [BOOTSTRAP LOG] [debug] Element[] is null: (0)
2017-07-31 09:34:55:350 - info: [AndroidBootstrap] [BOOTSTRAP LOG] [debug] getElements tmp selector:UiSelector[INSTANCE=0, RESOURCE_ID=com.play.android:id/btn_login]
2017-07-31 09:34:55:897 - info: [AndroidBootstrap] [BOOTSTRAP LOG] [debug] Element[] is null: (1)
2017-07-31 09:34:55:898 - info: [AndroidBootstrap] [BOOTSTRAP LOG] [debug] getElements tmp selector:UiSelector[INSTANCE=1, RESOURCE_ID=com.play.android:id/btn_login]
2017-07-31 09:34:55:919 - info: [debug] [AndroidBootstrap] Received command result from bootstrap
2017-07-31 09:34:55:920 - info: [debug] [MJSONWP] Responding to client with driver.findElements() result: [{"ELEMENT":"9"}]
2017-07-31 09:34:55:921 - info: [HTTP] <-- POST /wd/hub/session/d0b3776e-5bee-4c75-ba9a-8ca495b513ca/elements 200 576 ms - 89 
2017-07-31 09:34:55:921 - info: [AndroidBootstrap] [BOOTSTRAP LOG] [debug] Returning result: {"value":[{"ELEMENT":"9"}],"status":0}
2017-07-31 09:34:55:927 - info: [HTTP] --> POST /wd/hub/session/d0b3776e-5bee-4c75-ba9a-8ca495b513ca/timeouts {"type":"implicit","ms":20000}
2017-07-31 09:34:55:927 - info: [debug] [MJSONWP] Calling AppiumDriver.timeouts() with args: ["implicit",20000,"d0b3776e-5bee-4c75-ba9a-8ca495b513ca"]
2017-07-31 09:34:55:928 - info: [debug] [BaseDriver] Set implicit wait to 20000ms
2017-07-31 09:34:55:928 - info: [debug] [MJSONWP] Responding to client with driver.timeouts() result: null
2017-07-31 09:34:55:929 - info: [HTTP] <-- POST /wd/hub/session/d0b3776e-5bee-4c75-ba9a-8ca495b513ca/timeouts 200 1 ms - 76 
2017-07-31 09:34:55:934 - info: [HTTP] --> POST /wd/hub/session/d0b3776e-5bee-4c75-ba9a-8ca495b513ca/timeouts {"type":"implicit","ms":0}
2017-07-31 09:34:55:934 - info: [debug] [MJSONWP] Calling AppiumDriver.timeouts() with args: ["implicit",0,"d0b3776e-5bee-4c75-ba9a-8ca495b513ca"]
2017-07-31 09:34:55:934 - info: [debug] [BaseDriver] Set implicit wait to 0ms
2017-07-31 09:34:55:935 - info: [debug] [MJSONWP] Responding to client with driver.timeouts() result: null
2017-07-31 09:34:55:936 - info: [HTTP] <-- POST /wd/hub/session/d0b3776e-5bee-4c75-ba9a-8ca495b513ca/timeouts 200 2 ms - 76 
2017-07-31 09:34:55:941 - info: [HTTP] --> GET /wd/hub/session/d0b3776e-5bee-4c75-ba9a-8ca495b513ca/context {}
2017-07-31 09:34:55:942 - info: [debug] [MJSONWP] Calling AppiumDriver.getCurrentContext() with args: ["d0b3776e-5bee-4c75-ba9a-8ca495b513ca"]
2017-07-31 09:34:55:944 - info: [debug] [MJSONWP] Responding to client with driver.getCurrentContext() result: "NATIVE_APP"
2017-07-31 09:34:55:945 - info: [HTTP] <-- GET /wd/hub/session/d0b3776e-5bee-4c75-ba9a-8ca495b513ca/context 200 4 ms - 84 
2017-07-31 09:34:55:949 - info: [HTTP] --> POST /wd/hub/session/d0b3776e-5bee-4c75-ba9a-8ca495b513ca/elements {"using":"id","value":"com.play.android:id/btn_login"}
2017-07-31 09:34:55:949 - info: [debug] [MJSONWP] Calling AppiumDriver.findElements() with args: ["id","com.play.android:id/btn_login","d0b3776e-5bee-4c75-ba9a-8ca495b513ca"]
2017-07-31 09:34:55:950 - info: [debug] [BaseDriver] Valid locator strategies for this request: xpath, id, class name, accessibility id, -android uiautomator
2017-07-31 09:34:55:950 - info: [debug] [BaseDriver] Valid locator strategies for this request: xpath, id, class name, accessibility id, -android uiautomator
2017-07-31 09:34:55:950 - info: [debug] [BaseDriver] Waiting up to 0 ms for condition
2017-07-31 09:34:55:950 - info: [debug] [AndroidBootstrap] Sending command to android: {"cmd":"action","action":"find","params":{"strategy":"id","selector":"com.play.android:id/btn_login","context":"","multiple":true}}
2017-07-31 09:34:55:954 - info: [AndroidBootstrap] [BOOTSTRAP LOG] [debug] Got data from client: {"cmd":"action","action":"find","params":{"strategy":"id","selector":"com.play.android:id/btn_login","context":"","multiple":true}}
2017-07-31 09:34:55:954 - info: [AndroidBootstrap] [BOOTSTRAP LOG] [debug] Got command of type ACTION
2017-07-31 09:34:55:954 - info: [AndroidBootstrap] [BOOTSTRAP LOG] [debug] Got command action: find
2017-07-31 09:34:55:954 - info: [AndroidBootstrap] [BOOTSTRAP LOG] [debug] Finding 'com.play.android:id/btn_login' using 'ID' with the contextId: '' multiple: true
2017-07-31 09:34:55:954 - info: [AndroidBootstrap] [BOOTSTRAP LOG] [debug] Using: UiSelector[RESOURCE_ID=com.play.android:id/btn_login]
2017-07-31 09:34:55:954 - info: [AndroidBootstrap] [BOOTSTRAP LOG] [debug] getElements selector:UiSelector[RESOURCE_ID=com.play.android:id/btn_login]
2017-07-31 09:34:55:954 - info: [AndroidBootstrap] [BOOTSTRAP LOG] [debug] Element[] is null: (0)
2017-07-31 09:34:55:954 - info: [AndroidBootstrap] [BOOTSTRAP LOG] [debug] getElements tmp selector:UiSelector[INSTANCE=0, RESOURCE_ID=com.play.android:id/btn_login]
2017-07-31 09:34:55:969 - info: [AndroidBootstrap] [BOOTSTRAP LOG] [debug] Element[] is null: (1)
2017-07-31 09:34:55:970 - info: [AndroidBootstrap] [BOOTSTRAP LOG] [debug] getElements tmp selector:UiSelector[INSTANCE=1, RESOURCE_ID=com.play.android:id/btn_login]
2017-07-31 09:34:55:975 - info: [debug] [AndroidBootstrap] Received command result from bootstrap
2017-07-31 09:34:55:976 - info: [debug] [MJSONWP] Responding to client with driver.findElements() result: [{"ELEMENT":"10"}]
2017-07-31 09:34:55:976 - info: [HTTP] <-- POST /wd/hub/session/d0b3776e-5bee-4c75-ba9a-8ca495b513ca/elements 200 28 ms - 90 
2017-07-31 09:34:55:977 - info: [AndroidBootstrap] [BOOTSTRAP LOG] [debug] Returning result: {"value":[{"ELEMENT":"10"}],"status":0}
2017-07-31 09:34:55:981 - info: [HTTP] --> POST /wd/hub/session/d0b3776e-5bee-4c75-ba9a-8ca495b513ca/timeouts {"type":"implicit","ms":20000}
2017-07-31 09:34:55:981 - info: [debug] [MJSONWP] Calling AppiumDriver.timeouts() with args: ["implicit",20000,"d0b3776e-5bee-4c75-ba9a-8ca495b513ca"]
2017-07-31 09:34:55:982 - info: [debug] [BaseDriver] Set implicit wait to 20000ms
2017-07-31 09:34:55:982 - info: [debug] [MJSONWP] Responding to client with driver.timeouts() result: null
2017-07-31 09:34:55:983 - info: [HTTP] <-- POST /wd/hub/session/d0b3776e-5bee-4c75-ba9a-8ca495b513ca/timeouts 200 2 ms - 76 
2017-07-31 09:34:55:986 - info: [HTTP] --> POST /wd/hub/session/d0b3776e-5bee-4c75-ba9a-8ca495b513ca/element/10/click {"id":"10"}
2017-07-31 09:34:55:987 - info: [debug] [MJSONWP] Calling AppiumDriver.click() with args: ["10","d0b3776e-5bee-4c75-ba9a-8ca495b513ca"]
2017-07-31 09:34:55:987 - info: [debug] [AndroidBootstrap] Sending command to android: {"cmd":"action","action":"element:click","params":{"elementId":"10"}}
2017-07-31 09:34:55:991 - info: [AndroidBootstrap] [BOOTSTRAP LOG] [debug] Got data from client: {"cmd":"action","action":"element:click","params":{"elementId":"10"}}
2017-07-31 09:34:55:991 - info: [AndroidBootstrap] [BOOTSTRAP LOG] [debug] Got command of type ACTION
2017-07-31 09:34:55:991 - info: [AndroidBootstrap] [BOOTSTRAP LOG] [debug] Got command action: click
2017-07-31 09:34:56:119 - info: [AndroidBootstrap] [BOOTSTRAP LOG] [debug] Returning result: {"value":true,"status":0}
2017-07-31 09:34:56:120 - info: [debug] [AndroidBootstrap] Received command result from bootstrap
2017-07-31 09:34:56:120 - info: [debug] [MJSONWP] Responding to client with driver.click() result: true
2017-07-31 09:34:56:121 - info: [HTTP] <-- POST /wd/hub/session/d0b3776e-5bee-4c75-ba9a-8ca495b513ca/element/10/click 200 134 ms - 76 
2017-07-31 09:34:56:626 - info: [HTTP] --> GET /wd/hub/session/d0b3776e-5bee-4c75-ba9a-8ca495b513ca/appium/device/current_activity {}
2017-07-31 09:34:56:626 - info: [debug] [MJSONWP] Calling AppiumDriver.getCurrentActivity() with args: ["d0b3776e-5bee-4c75-ba9a-8ca495b513ca"]
2017-07-31 09:34:56:629 - info: [debug] [ADB] Getting focused package and activity
2017-07-31 09:34:56:629 - info: [debug] [ADB] Getting connected devices...
2017-07-31 09:34:56:672 - info: [debug] [ADB] 1 device(s) connected
2017-07-31 09:34:56:673 - info: [debug] [ADB] Running 'D:\Android\AndroidSDK\platform-tools\adb.exe' with args: ["-P",5037,"-s","127.0.0.1:62001","shell","dumpsys","window","windows"]
2017-07-31 09:34:56:736 - info: [debug] [MJSONWP] Responding to client with driver.getCurrentActivity() result: ".activity.main.HomeActivity"
2017-07-31 09:34:56:737 - info: [HTTP] <-- GET /wd/hub/session/d0b3776e-5bee-4c75-ba9a-8ca495b513ca/appium/device/current_activity 200 111 ms - 101 
2017-07-31 09:34:56:744 - info: [HTTP] --> DELETE /wd/hub/session/d0b3776e-5bee-4c75-ba9a-8ca495b513ca {}
2017-07-31 09:34:56:745 - info: [debug] [MJSONWP] Calling AppiumDriver.deleteSession() with args: ["d0b3776e-5bee-4c75-ba9a-8ca495b513ca"]
2017-07-31 09:34:56:745 - info: [debug] [BaseDriver] Event 'quitSessionRequested' logged at 1501493696745 (17:34:56 GMT+0800 (中国标准时间))
2017-07-31 09:34:56:746 - info: [debug] [AndroidDriver] Shutting down Android driver
2017-07-31 09:34:56:747 - info: [debug] [ADB] Getting connected devices...
2017-07-31 09:34:56:786 - info: [debug] [ADB] 1 device(s) connected
2017-07-31 09:34:56:787 - info: [debug] [ADB] Running 'D:\Android\AndroidSDK\platform-tools\adb.exe' with args: ["-P",5037,"-s","127.0.0.1:62001","shell","am","force-stop","com.play.android"]
2017-07-31 09:34:57:504 - info: [debug] [ADB] Pressing the HOME button
2017-07-31 09:34:57:504 - info: [debug] [ADB] Getting connected devices...
2017-07-31 09:34:57:546 - info: [debug] [ADB] 1 device(s) connected
2017-07-31 09:34:57:546 - info: [debug] [ADB] Running 'D:\Android\AndroidSDK\platform-tools\adb.exe' with args: ["-P",5037,"-s","127.0.0.1:62001","shell","input","keyevent",3]
2017-07-31 09:34:58:164 - info: [debug] [AndroidBootstrap] Sending command to android: {"cmd":"shutdown"}
2017-07-31 09:34:58:170 - info: [debug] [AndroidBootstrap] Received command result from bootstrap
2017-07-31 09:34:58:171 - info: [debug] [UiAutomator] Shutting down UiAutomator
2017-07-31 09:34:58:171 - info: [debug] [UiAutomator] Moving to state 'stopping'
2017-07-31 09:34:58:176 - info: [AndroidBootstrap] [BOOTSTRAP LOG] [debug] Got data from client: {"cmd":"shutdown"}
2017-07-31 09:34:58:176 - info: [AndroidBootstrap] [BOOTSTRAP LOG] [debug] Got command of type SHUTDOWN
2017-07-31 09:34:58:176 - info: [AndroidBootstrap] [BOOTSTRAP LOG] [debug] Returning result: {"value":"OK, shutting down","status":0}
2017-07-31 09:34:58:176 - info: [AndroidBootstrap] [BOOTSTRAP LOG] [debug] Closed client connection
2017-07-31 09:34:58:177 - info: [debug] [AndroidBootstrap] [UIAUTO STDOUT] INSTRUMENTATION_STATUS: numtests=1
2017-07-31 09:34:58:177 - info: [debug] [AndroidBootstrap] [UIAUTO STDOUT] INSTRUMENTATION_STATUS: stream=.
2017-07-31 09:34:58:177 - info: [debug] [AndroidBootstrap] [UIAUTO STDOUT] INSTRUMENTATION_STATUS: id=UiAutomatorTestRunner
2017-07-31 09:34:58:177 - info: [debug] [AndroidBootstrap] [UIAUTO STDOUT] INSTRUMENTATION_STATUS: test=testRunServer
2017-07-31 09:34:58:177 - info: [debug] [AndroidBootstrap] [UIAUTO STDOUT] INSTRUMENTATION_STATUS: class=io.appium.android.bootstrap.Bootstrap
2017-07-31 09:34:58:177 - info: [debug] [AndroidBootstrap] [UIAUTO STDOUT] INSTRUMENTATION_STATUS: current=1
2017-07-31 09:34:58:177 - info: [debug] [AndroidBootstrap] [UIAUTO STDOUT] INSTRUMENTATION_STATUS_CODE: 0
2017-07-31 09:34:58:177 - info: [debug] [AndroidBootstrap] [UIAUTO STDOUT] INSTRUMENTATION_STATUS: stream=
2017-07-31 09:34:58:177 - info: [debug] [AndroidBootstrap] [UIAUTO STDOUT] Test results for WatcherResultPrinter=.
2017-07-31 09:34:58:177 - info: [debug] [AndroidBootstrap] [UIAUTO STDOUT] Time: 20.582
2017-07-31 09:34:58:178 - info: [debug] [AndroidBootstrap] [UIAUTO STDOUT] OK (1 test)
2017-07-31 09:34:58:178 - info: [debug] [AndroidBootstrap] [UIAUTO STDOUT] INSTRUMENTATION_STATUS_CODE: -1
2017-07-31 09:34:58:188 - info: [debug] [UiAutomator] UiAutomator shut down normally
2017-07-31 09:34:58:188 - info: [debug] [UiAutomator] Moving to state 'stopped'
2017-07-31 09:34:58:189 - info: [debug] [ADB] Attempting to kill all uiautomator processes
2017-07-31 09:34:58:190 - info: [debug] [ADB] Getting all processes with uiautomator
2017-07-31 09:34:58:190 - info: [debug] [ADB] Getting connected devices...
2017-07-31 09:34:58:240 - info: [debug] [ADB] 1 device(s) connected
2017-07-31 09:34:58:240 - info: [debug] [ADB] Running 'D:\Android\AndroidSDK\platform-tools\adb.exe' with args: ["-P",5037,"-s","127.0.0.1:62001","shell","ps"]
2017-07-31 09:34:58:296 - info: [ADB] No uiautomator process found to kill, continuing...
2017-07-31 09:34:58:297 - info: [debug] [UiAutomator] Moving to state 'stopped'
2017-07-31 09:34:58:298 - info: [debug] [Logcat] Stopping logcat capture
2017-07-31 09:34:58:310 - info: [debug] [ADB] Getting connected devices...
2017-07-31 09:34:58:351 - info: [debug] [ADB] 1 device(s) connected
2017-07-31 09:34:58:352 - info: [debug] [ADB] Running 'D:\Android\AndroidSDK\platform-tools\adb.exe' with args: ["-P",5037,"-s","127.0.0.1:62001","shell","am","force-stop","io.appium.unlock"]
2017-07-31 09:34:59:066 - info: [debug] [AndroidDriver] Not cleaning generated files. Add `clearSystemFiles` capability if wanted.
2017-07-31 09:34:59:067 - info: [Appium] Removing session d0b3776e-5bee-4c75-ba9a-8ca495b513ca from our master session list
2017-07-31 09:34:59:067 - info: [debug] [BaseDriver] Event 'quitSessionFinished' logged at 1501493699067 (17:34:59 GMT+0800 (中国标准时间))
2017-07-31 09:34:59:067 - info: [debug] [MJSONWP] Received response: null
2017-07-31 09:34:59:067 - info: [debug] [MJSONWP] But deleting session, so not returning
2017-07-31 09:34:59:067 - info: [debug] [MJSONWP] Responding to client with driver.deleteSession() result: null
2017-07-31 09:34:59:068 - info: [HTTP] <-- DELETE /wd/hub/session/d0b3776e-5bee-4c75-ba9a-8ca495b513ca 200 2323 ms - 76 
