2017-07-31 09:17:48:818 - info: [Appium] Welcome to Appium v1.6.5
2017-07-31 09:17:48:821 - info: [Appium] Non-default server args:
2017-07-31 09:17:48:821 - info: [Appium]   address: 127.0.0.1
2017-07-31 09:17:48:822 - info: [Appium]   log: D:\workspace\AppiumForCmall\log\main1501492660842.log
2017-07-31 09:17:48:822 - info: [Appium]   defaultCapabilities: {
2017-07-31 09:17:48:822 - info: [Appium]     deviceName: 127.0.0.1:62001
2017-07-31 09:17:48:822 - info: [Appium]   }
2017-07-31 09:17:48:823 - info: [Appium] Default capabilities, which will be added to each request unless overridden by desired capabilities:
2017-07-31 09:17:48:826 - info: [Appium]   deviceName: '127.0.0.1:62001'
2017-07-31 09:17:49:001 - info: [Appium] Appium REST http interface listener started on 127.0.0.1:4723
2017-07-31 09:17:49:504 - info: [HTTP] --> GET /wd/hub/status {}
2017-07-31 09:17:49:507 - info: [debug] [MJSONWP] Calling AppiumDriver.getStatus() with args: []
2017-07-31 09:17:49:575 - info: [debug] [MJSONWP] Responding to client with driver.getStatus() result: {"build":{"version":"1.6.5","revision":null}}
2017-07-31 09:17:49:581 - info: [HTTP] <-- GET /wd/hub/status 200 74 ms - 83 
2017-07-31 09:17:50:376 - info: [HTTP] --> POST /wd/hub/session {"desiredCapabilities":{"app":"D:\\workspace\\AppiumForCmall\\apps\\play-debug.apk","appPackage":"com.play.android","appActivity":"com.play.android.activity.SplashActivity","noset":false,"unicodeKeyboard":true,"platformName":"Android","deviceName":"127.0.0.1:62001"}}
2017-07-31 09:17:50:377 - info: [debug] [MJSONWP] Calling AppiumDriver.createSession() with args: [{"app":"D:\\workspace\\AppiumForCmall\\apps\\play-debug.apk","appPackage":"com.play.android","appActivity":"com.play.android.activity.SplashActivity","noset":false,"unicodeKeyboard":true,"platformName":"Android","deviceName":"127.0.0.1:62001"},null,null]
2017-07-31 09:17:50:377 - info: [debug] [BaseDriver] Event 'newSessionRequested' logged at 1501492670377 (17:17:50 GMT+0800 (中国标准时间))
2017-07-31 09:17:50:379 - info: [Appium] Creating new AndroidDriver (v1.20.0) session
2017-07-31 09:17:50:379 - info: [Appium] Capabilities:
2017-07-31 09:17:50:380 - info: [Appium]   app: 'D:\\workspace\\AppiumForCmall\\apps\\play-debug.apk'
2017-07-31 09:17:50:380 - info: [Appium]   appPackage: 'com.play.android'
2017-07-31 09:17:50:380 - info: [Appium]   appActivity: 'com.play.android.activity.SplashActivity'
2017-07-31 09:17:50:381 - info: [Appium]   noset: false
2017-07-31 09:17:50:381 - info: [Appium]   unicodeKeyboard: true
2017-07-31 09:17:50:381 - info: [Appium]   platformName: 'Android'
2017-07-31 09:17:50:381 - info: [Appium]   deviceName: '127.0.0.1:62001'
2017-07-31 09:17:50:383 - info: [debug] [AndroidDriver] AndroidDriver version: 1.20.0
2017-07-31 09:17:50:393 - warn: [BaseDriver] The following capabilities were provided, but are not recognized by appium: noset.
2017-07-31 09:17:50:394 - info: [BaseDriver] Session created with session id: a4020fd7-4932-4b04-8ab1-02ea53fba4a5
2017-07-31 09:17:50:396 - info: [debug] [AndroidDriver] Getting Java version
2017-07-31 09:17:50:517 - info: [AndroidDriver] Java version is: 1.8.0_131
2017-07-31 09:17:50:521 - info: [ADB] Checking whether adb is present
2017-07-31 09:17:50:525 - info: [ADB] Using adb.exe from D:\Android\AndroidSDK\platform-tools\adb.exe
2017-07-31 09:17:50:525 - info: [AndroidDriver] Retrieving device list
2017-07-31 09:17:50:526 - info: [debug] [ADB] Trying to find a connected android device
2017-07-31 09:17:50:527 - info: [debug] [ADB] Getting connected devices...
2017-07-31 09:17:50:568 - info: [debug] [ADB] 1 device(s) connected
2017-07-31 09:17:50:569 - info: [AndroidDriver] Using device: 127.0.0.1:62001
2017-07-31 09:17:50:569 - info: [ADB] Checking whether adb is present
2017-07-31 09:17:50:572 - info: [ADB] Using adb.exe from D:\Android\AndroidSDK\platform-tools\adb.exe
2017-07-31 09:17:50:573 - info: [debug] [ADB] Setting device id to 127.0.0.1:62001
2017-07-31 09:17:50:574 - info: [BaseDriver] Using local app 'D:\workspace\AppiumForCmall\apps\play-debug.apk'
2017-07-31 09:17:50:575 - info: [debug] [AndroidDriver] Checking whether app is actually present
2017-07-31 09:17:50:576 - info: [AndroidDriver] Starting Android session
2017-07-31 09:17:50:580 - info: [debug] [ADB] Running 'D:\Android\AndroidSDK\platform-tools\adb.exe' with args: ["-P",5037,"-s","127.0.0.1:62001","wait-for-device"]
2017-07-31 09:17:50:615 - info: [debug] [ADB] Getting connected devices...
2017-07-31 09:17:50:654 - info: [debug] [ADB] 1 device(s) connected
2017-07-31 09:17:50:655 - info: [debug] [ADB] Running 'D:\Android\AndroidSDK\platform-tools\adb.exe' with args: ["-P",5037,"-s","127.0.0.1:62001","shell","echo","ping"]
2017-07-31 09:17:50:704 - info: [debug] [Logcat] Starting logcat capture
2017-07-31 09:17:50:735 - info: [debug] [AndroidDriver] Enabling Unicode keyboard support
2017-07-31 09:17:50:735 - info: [debug] [AndroidDriver] Pushing unicode ime to device...
2017-07-31 09:17:50:736 - info: [debug] [ADB] Running 'D:\Android\AndroidSDK\platform-tools\adb.exe' with args: ["-P",5037,"-s","127.0.0.1:62001","install","D:\\nodejs\\node_modules\\appium\\node_modules\\appium-android-ime\\bin\\UnicodeIME-debug.apk"]
2017-07-31 09:17:51:404 - info: [debug] [ADB] Getting connected devices...
2017-07-31 09:17:51:438 - info: [debug] [ADB] 1 device(s) connected
2017-07-31 09:17:51:439 - info: [debug] [ADB] Running 'D:\Android\AndroidSDK\platform-tools\adb.exe' with args: ["-P",5037,"-s","127.0.0.1:62001","shell","settings","get","secure","default_input_method"]
2017-07-31 09:17:52:030 - info: [debug] [AndroidDriver] Unsetting previous IME io.appium.android.ime/.UnicodeIME
2017-07-31 09:17:52:030 - info: [debug] [AndroidDriver] Setting IME to 'io.appium.android.ime/.UnicodeIME'
2017-07-31 09:17:52:030 - info: [debug] [ADB] Getting connected devices...
2017-07-31 09:17:52:068 - info: [debug] [ADB] 1 device(s) connected
2017-07-31 09:17:52:068 - info: [debug] [ADB] Running 'D:\Android\AndroidSDK\platform-tools\adb.exe' with args: ["-P",5037,"-s","127.0.0.1:62001","shell","ime","enable","io.appium.android.ime/.UnicodeIME"]
2017-07-31 09:17:52:741 - info: [debug] [ADB] Getting connected devices...
2017-07-31 09:17:52:778 - info: [debug] [ADB] 1 device(s) connected
2017-07-31 09:17:52:778 - info: [debug] [ADB] Running 'D:\Android\AndroidSDK\platform-tools\adb.exe' with args: ["-P",5037,"-s","127.0.0.1:62001","shell","ime","set","io.appium.android.ime/.UnicodeIME"]
2017-07-31 09:17:53:362 - info: [debug] [AndroidDriver] Pushing settings apk to device...
2017-07-31 09:17:53:363 - info: [debug] [ADB] Getting install status for io.appium.settings
2017-07-31 09:17:53:364 - info: [debug] [ADB] Getting connected devices...
2017-07-31 09:17:53:402 - info: [debug] [ADB] 1 device(s) connected
2017-07-31 09:17:53:403 - info: [debug] [ADB] Running 'D:\Android\AndroidSDK\platform-tools\adb.exe' with args: ["-P",5037,"-s","127.0.0.1:62001","shell","pm","list","packages","io.appium.settings"]
2017-07-31 09:17:53:990 - info: [debug] [ADB] App is installed
2017-07-31 09:17:53:990 - info: [debug] [ADB] Getting package info for io.appium.settings
2017-07-31 09:17:53:991 - info: [debug] [ADB] Getting connected devices...
2017-07-31 09:17:54:001 - info: [ADB] Checking whether aapt is present
2017-07-31 09:17:54:007 - info: [ADB] Using aapt.exe from D:\Android\AndroidSDK\build-tools\23.0.3\aapt.exe
2017-07-31 09:17:54:087 - info: [debug] [ADB] 1 device(s) connected
2017-07-31 09:17:54:088 - info: [debug] [ADB] Running 'D:\Android\AndroidSDK\platform-tools\adb.exe' with args: ["-P",5037,"-s","127.0.0.1:62001","shell","dumpsys","package","io.appium.settings"]
2017-07-31 09:17:54:145 - warn: [ADB] Cannot read version codes of D:\nodejs\node_modules\appium\node_modules\io.appium.settings\app\build\outputs\apk\settings_apk-debug.apk and/or io.appium.settings. Assuming correct app version is already installed
2017-07-31 09:17:54:147 - info: [debug] [ADB] Getting connected devices...
2017-07-31 09:17:54:192 - info: [debug] [ADB] 1 device(s) connected
2017-07-31 09:17:54:193 - info: [debug] [ADB] Running 'D:\Android\AndroidSDK\platform-tools\adb.exe' with args: ["-P",5037,"-s","127.0.0.1:62001","shell","getprop","ro.build.version.sdk"]
2017-07-31 09:17:54:240 - info: [debug] [ADB] Device API level: 19
2017-07-31 09:17:54:241 - info: [debug] [ADB] Getting connected devices...
2017-07-31 09:17:54:276 - info: [debug] [ADB] 1 device(s) connected
2017-07-31 09:17:54:277 - info: [debug] [ADB] Running 'D:\Android\AndroidSDK\platform-tools\adb.exe' with args: ["-P",5037,"-s","127.0.0.1:62001","shell","dumpsys","package","io.appium.settings"]
2017-07-31 09:17:54:327 - info: [debug] [AndroidDriver] Pushing unlock helper app to device...
2017-07-31 09:17:54:328 - info: [debug] [ADB] Running 'D:\Android\AndroidSDK\platform-tools\adb.exe' with args: ["-P",5037,"-s","127.0.0.1:62001","install","D:\\nodejs\\node_modules\\appium\\node_modules\\appium-unlock\\bin\\unlock_apk-debug.apk"]
2017-07-31 09:17:54:979 - info: [debug] [ADB] Device API level: 19
2017-07-31 09:17:54:979 - info: [debug] [ADB] Getting connected devices...
2017-07-31 09:17:55:015 - info: [debug] [ADB] 1 device(s) connected
2017-07-31 09:17:55:015 - info: [debug] [ADB] Running 'D:\Android\AndroidSDK\platform-tools\adb.exe' with args: ["-P",5037,"-s","127.0.0.1:62001","shell","settings","put","secure","mock_location","1"]
2017-07-31 09:17:55:624 - info: [ADB] Getting device platform version
2017-07-31 09:17:55:624 - info: [debug] [ADB] Getting connected devices...
2017-07-31 09:17:55:661 - info: [debug] [ADB] 1 device(s) connected
2017-07-31 09:17:55:662 - info: [debug] [ADB] Running 'D:\Android\AndroidSDK\platform-tools\adb.exe' with args: ["-P",5037,"-s","127.0.0.1:62001","shell","getprop","ro.build.version.release"]
2017-07-31 09:17:55:716 - info: [debug] [ADB] Getting connected devices...
2017-07-31 09:17:55:752 - info: [debug] [ADB] 1 device(s) connected
2017-07-31 09:17:55:752 - info: [debug] [ADB] Running 'D:\Android\AndroidSDK\platform-tools\adb.exe' with args: ["-P",5037,"-s","127.0.0.1:62001","shell","wm","size"]
2017-07-31 09:17:56:333 - info: [debug] [ADB] Getting connected devices...
2017-07-31 09:17:56:368 - info: [debug] [ADB] 1 device(s) connected
2017-07-31 09:17:56:368 - info: [debug] [ADB] Running 'D:\Android\AndroidSDK\platform-tools\adb.exe' with args: ["-P",5037,"-s","127.0.0.1:62001","shell","getprop","ro.product.model"]
2017-07-31 09:17:56:407 - info: [debug] [ADB] Current device property 'ro.product.model': Redmi 3
2017-07-31 09:17:56:407 - info: [debug] [ADB] Getting connected devices...
2017-07-31 09:17:56:447 - info: [debug] [ADB] 1 device(s) connected
2017-07-31 09:17:56:447 - info: [debug] [ADB] Running 'D:\Android\AndroidSDK\platform-tools\adb.exe' with args: ["-P",5037,"-s","127.0.0.1:62001","shell","getprop","ro.product.manufacturer"]
2017-07-31 09:17:56:509 - info: [debug] [ADB] Current device property 'ro.product.manufacturer': Xiaomi
2017-07-31 09:17:56:824 - info: [AndroidDriver] Remote apk path is /data/local/tmp/15d3311f063b134c1cf121d1019c9163.apk
2017-07-31 09:17:56:825 - info: [debug] [ADB] Getting connected devices...
2017-07-31 09:17:56:861 - info: [debug] [ADB] 1 device(s) connected
2017-07-31 09:17:56:861 - info: [debug] [ADB] Running 'D:\Android\AndroidSDK\platform-tools\adb.exe' with args: ["-P",5037,"-s","127.0.0.1:62001","shell","ls","/data/local/tmp/15d3311f063b134c1cf121d1019c9163.apk"]
2017-07-31 09:17:56:909 - info: [debug] [AndroidDriver] Checking if app is installed
2017-07-31 09:17:56:910 - info: [debug] [ADB] Getting install status for com.play.android
2017-07-31 09:17:56:910 - info: [debug] [ADB] Getting connected devices...
2017-07-31 09:17:56:945 - info: [debug] [ADB] 1 device(s) connected
2017-07-31 09:17:56:946 - info: [debug] [ADB] Running 'D:\Android\AndroidSDK\platform-tools\adb.exe' with args: ["-P",5037,"-s","127.0.0.1:62001","shell","pm","list","packages","com.play.android"]
2017-07-31 09:17:57:542 - info: [debug] [ADB] App is installed
2017-07-31 09:17:57:543 - info: [AndroidDriver] Apk is already on remote and installed, resetting
2017-07-31 09:17:57:543 - info: [debug] [AndroidDriver] Running fast reset (stop and clear)
2017-07-31 09:17:57:544 - info: [debug] [ADB] Getting connected devices...
2017-07-31 09:17:57:578 - info: [debug] [ADB] 1 device(s) connected
2017-07-31 09:17:57:579 - info: [debug] [ADB] Running 'D:\Android\AndroidSDK\platform-tools\adb.exe' with args: ["-P",5037,"-s","127.0.0.1:62001","shell","am","force-stop","com.play.android"]
2017-07-31 09:17:58:179 - info: [debug] [ADB] Getting connected devices...
2017-07-31 09:17:58:222 - info: [debug] [ADB] 1 device(s) connected
2017-07-31 09:17:58:222 - info: [debug] [ADB] Running 'D:\Android\AndroidSDK\platform-tools\adb.exe' with args: ["-P",5037,"-s","127.0.0.1:62001","shell","pm","clear","com.play.android"]
2017-07-31 09:17:58:904 - info: [debug] [AndroidDriver] Extracting strings from apk D:\workspace\AppiumForCmall\apps\play-debug.apk null C:\Users\cm\AppData\Local\Temp\com.play.android
2017-07-31 09:17:58:905 - info: [debug] [ADB] Extracting strings for language: default
2017-07-31 09:17:58:905 - info: [debug] [ADB] Device API level: 19
2017-07-31 09:17:58:906 - info: [debug] [ADB] Getting connected devices...
2017-07-31 09:17:58:941 - info: [debug] [ADB] 1 device(s) connected
2017-07-31 09:17:58:942 - info: [debug] [ADB] Running 'D:\Android\AndroidSDK\platform-tools\adb.exe' with args: ["-P",5037,"-s","127.0.0.1:62001","shell","getprop","persist.sys.language"]
2017-07-31 09:17:59:003 - info: [debug] [ADB] Current device property 'persist.sys.language': zh
2017-07-31 09:18:00:114 - info: [debug] [ADB] Reading strings from converted strings.json
2017-07-31 09:18:00:117 - info: [debug] [ADB] Running 'D:\Android\AndroidSDK\platform-tools\adb.exe' with args: ["-P",5037,"-s","127.0.0.1:62001","push","C:\\Users\\cm\\AppData\\Local\\Temp\\com.play.android\\strings.json","/data/local/tmp"]
2017-07-31 09:18:00:165 - info: [debug] [AndroidBootstrap] Watching for bootstrap disconnect
2017-07-31 09:18:00:168 - info: [debug] [ADB] Forwarding system: 4724 to device: 4724
2017-07-31 09:18:00:169 - info: [debug] [ADB] Running 'D:\Android\AndroidSDK\platform-tools\adb.exe' with args: ["-P",5037,"-s","127.0.0.1:62001","forward","tcp:4724","tcp:4724"]
2017-07-31 09:18:00:178 - info: [debug] [UiAutomator] Starting UiAutomator
2017-07-31 09:18:00:178 - info: [debug] [UiAutomator] Moving to state 'starting'
2017-07-31 09:18:00:178 - info: [debug] [UiAutomator] Parsing uiautomator jar
2017-07-31 09:18:00:179 - info: [debug] [UiAutomator] Found jar name: 'AppiumBootstrap.jar'
2017-07-31 09:18:00:179 - info: [debug] [ADB] Running 'D:\Android\AndroidSDK\platform-tools\adb.exe' with args: ["-P",5037,"-s","127.0.0.1:62001","push","D:\\nodejs\\node_modules\\appium\\node_modules\\appium-android-bootstrap\\bootstrap\\bin\\AppiumBootstrap.jar","/data/local/tmp/"]
2017-07-31 09:18:00:231 - info: [debug] [ADB] Attempting to kill all uiautomator processes
2017-07-31 09:18:00:232 - info: [debug] [ADB] Getting all processes with uiautomator
2017-07-31 09:18:00:232 - info: [debug] [ADB] Getting connected devices...
2017-07-31 09:18:00:265 - info: [debug] [ADB] 1 device(s) connected
2017-07-31 09:18:00:266 - info: [debug] [ADB] Running 'D:\Android\AndroidSDK\platform-tools\adb.exe' with args: ["-P",5037,"-s","127.0.0.1:62001","shell","ps"]
2017-07-31 09:18:00:316 - info: [ADB] No uiautomator process found to kill, continuing...
2017-07-31 09:18:00:316 - info: [debug] [UiAutomator] Starting UIAutomator
2017-07-31 09:18:00:316 - info: [debug] [ADB] Creating ADB subprocess with args: ["-P",5037,"-s","127.0.0.1:62001","shell","uiautomator","runtest","AppiumBootstrap.jar","-c","io.appium.android.bootstrap.Bootstrap","-e","pkg","com.play.android","-e","disableAndroidWatchers",false,"-e","acceptSslCerts",false]
2017-07-31 09:18:00:734 - info: [debug] [UiAutomator] Moving to state 'online'
2017-07-31 09:18:00:740 - info: [AndroidBootstrap] Android bootstrap socket is now connected
2017-07-31 09:18:00:741 - info: [debug] [ADB] Getting connected devices...
2017-07-31 09:18:00:751 - info: [AndroidBootstrap] [BOOTSTRAP LOG] [debug] json loading complete.
2017-07-31 09:18:00:751 - info: [AndroidBootstrap] [BOOTSTRAP LOG] [debug] Registered crash watchers.
2017-07-31 09:18:00:751 - info: [AndroidBootstrap] [BOOTSTRAP LOG] [debug] Client connected
2017-07-31 09:18:00:778 - info: [debug] [ADB] 1 device(s) connected
2017-07-31 09:18:00:778 - info: [debug] [ADB] Running 'D:\Android\AndroidSDK\platform-tools\adb.exe' with args: ["-P",5037,"-s","127.0.0.1:62001","shell","dumpsys","window"]
2017-07-31 09:18:00:821 - info: [AndroidDriver] Screen already unlocked, doing nothing
2017-07-31 09:18:00:824 - info: [debug] [ADB] Device API level: 19
2017-07-31 09:18:00:824 - info: [debug] [ADB] Getting connected devices...
2017-07-31 09:18:00:861 - info: [debug] [ADB] 1 device(s) connected
2017-07-31 09:18:00:862 - info: [debug] [ADB] Running 'D:\Android\AndroidSDK\platform-tools\adb.exe' with args: ["-P",5037,"-s","127.0.0.1:62001","shell","am","start","-W","-n","com.play.android/com.play.android.activity.SplashActivity","-S","-a","android.intent.action.MAIN","-c","android.intent.category.LAUNCHER","-f","0x10200000"]
2017-07-31 09:18:03:598 - info: [Appium] New AndroidDriver session created successfully, session a4020fd7-4932-4b04-8ab1-02ea53fba4a5 added to master session list
2017-07-31 09:18:03:600 - info: [debug] [BaseDriver] Event 'newSessionStarted' logged at 1501492683599 (17:18:03 GMT+0800 (中国标准时间))
2017-07-31 09:18:03:600 - info: [debug] [MJSONWP] Responding to client with driver.createSession() result: {"platform":"LINUX","webStorageEnabled":false,"takesScreenshot":true,"javascriptEnabled":true,"databaseEnabled":false,"networkConnectionEnabled":true,"locationContextEnabled":false,"warnings":{},"desired":{"app":"D:\\workspace\\AppiumForCmall\\apps\\play-debug.apk","appPackage":"com.play.android","appActivity":"com.play.android.activity.SplashActivity","noset":false,"unicodeKeyboard":true,"platformName":"Android","deviceName":"127.0.0.1:62001"},"app":"D:\\workspace\\AppiumForCmall\\apps\\play-debug.apk","appPackage":"com.play.android","appActivity":"com.play.android.activity.SplashActivity","noset":false,"unicodeKeyboard":true,"platformName":"Android","deviceName":"127.0.0.1:62001","deviceUDID":"127.0.0.1:62001","platformVersion":"4.4.2","deviceScreenSize":"720x1280","deviceModel":"Redmi 3","deviceManufacturer":"Xiaomi"}
2017-07-31 09:18:03:602 - info: [HTTP] <-- POST /wd/hub/session 200 13225 ms - 904 
2017-07-31 09:18:03:911 - info: [HTTP] --> GET /wd/hub/session/a4020fd7-4932-4b04-8ab1-02ea53fba4a5/appium/device/current_activity {}
2017-07-31 09:18:03:914 - info: [debug] [MJSONWP] Calling AppiumDriver.getCurrentActivity() with args: ["a4020fd7-4932-4b04-8ab1-02ea53fba4a5"]
2017-07-31 09:18:03:916 - info: [debug] [ADB] Getting focused package and activity
2017-07-31 09:18:03:916 - info: [debug] [ADB] Getting connected devices...
2017-07-31 09:18:03:957 - info: [debug] [ADB] 1 device(s) connected
2017-07-31 09:18:03:958 - info: [debug] [ADB] Running 'D:\Android\AndroidSDK\platform-tools\adb.exe' with args: ["-P",5037,"-s","127.0.0.1:62001","shell","dumpsys","window","windows"]
2017-07-31 09:18:04:043 - info: [debug] [MJSONWP] Responding to client with driver.getCurrentActivity() result: ".activity.main.HomeActivity"
2017-07-31 09:18:04:045 - info: [HTTP] <-- GET /wd/hub/session/a4020fd7-4932-4b04-8ab1-02ea53fba4a5/appium/device/current_activity 200 133 ms - 101 
2017-07-31 09:18:04:054 - info: [HTTP] --> POST /wd/hub/session/a4020fd7-4932-4b04-8ab1-02ea53fba4a5/timeouts {"type":"implicit","ms":0}
2017-07-31 09:18:04:055 - info: [debug] [MJSONWP] Calling AppiumDriver.timeouts() with args: ["implicit",0,"a4020fd7-4932-4b04-8ab1-02ea53fba4a5"]
2017-07-31 09:18:04:056 - info: [debug] [BaseDriver] Set implicit wait to 0ms
2017-07-31 09:18:04:057 - info: [debug] [MJSONWP] Responding to client with driver.timeouts() result: null
2017-07-31 09:18:04:058 - info: [HTTP] <-- POST /wd/hub/session/a4020fd7-4932-4b04-8ab1-02ea53fba4a5/timeouts 200 4 ms - 76 
2017-07-31 09:18:04:078 - info: [HTTP] --> GET /wd/hub/session/a4020fd7-4932-4b04-8ab1-02ea53fba4a5/context {}
2017-07-31 09:18:04:078 - info: [debug] [MJSONWP] Calling AppiumDriver.getCurrentContext() with args: ["a4020fd7-4932-4b04-8ab1-02ea53fba4a5"]
2017-07-31 09:18:04:079 - info: [debug] [MJSONWP] Responding to client with driver.getCurrentContext() result: "NATIVE_APP"
2017-07-31 09:18:04:080 - info: [HTTP] <-- GET /wd/hub/session/a4020fd7-4932-4b04-8ab1-02ea53fba4a5/context 200 2 ms - 84 
2017-07-31 09:18:04:085 - info: [HTTP] --> POST /wd/hub/session/a4020fd7-4932-4b04-8ab1-02ea53fba4a5/elements {"using":"id","value":"com.play.android:id/btn_profile"}
2017-07-31 09:18:04:086 - info: [debug] [MJSONWP] Calling AppiumDriver.findElements() with args: ["id","com.play.android:id/btn_profile","a4020fd7-4932-4b04-8ab1-02ea53fba4a5"]
2017-07-31 09:18:04:087 - info: [debug] [BaseDriver] Valid locator strategies for this request: xpath, id, class name, accessibility id, -android uiautomator
2017-07-31 09:18:04:088 - info: [debug] [BaseDriver] Valid locator strategies for this request: xpath, id, class name, accessibility id, -android uiautomator
2017-07-31 09:18:04:088 - info: [debug] [BaseDriver] Waiting up to 0 ms for condition
2017-07-31 09:18:04:093 - info: [debug] [AndroidBootstrap] Sending command to android: {"cmd":"action","action":"find","params":{"strategy":"id","selector":"com.play.android:id/btn_profile","context":"","multiple":true}}
2017-07-31 09:18:04:096 - info: [AndroidBootstrap] [BOOTSTRAP LOG] [debug] Got data from client: {"cmd":"action","action":"find","params":{"strategy":"id","selector":"com.play.android:id/btn_profile","context":"","multiple":true}}
2017-07-31 09:18:04:097 - info: [AndroidBootstrap] [BOOTSTRAP LOG] [debug] Got command of type ACTION
2017-07-31 09:18:04:097 - info: [AndroidBootstrap] [BOOTSTRAP LOG] [debug] Got command action: find
2017-07-31 09:18:04:097 - info: [AndroidBootstrap] [BOOTSTRAP LOG] [debug] Finding 'com.play.android:id/btn_profile' using 'ID' with the contextId: '' multiple: true
2017-07-31 09:18:04:097 - info: [AndroidBootstrap] [BOOTSTRAP LOG] [debug] Using: UiSelector[RESOURCE_ID=com.play.android:id/btn_profile]
2017-07-31 09:18:04:098 - info: [AndroidBootstrap] [BOOTSTRAP LOG] [debug] getElements selector:UiSelector[RESOURCE_ID=com.play.android:id/btn_profile]
2017-07-31 09:18:04:098 - info: [AndroidBootstrap] [BOOTSTRAP LOG] [debug] Element[] is null: (0)
2017-07-31 09:18:04:098 - info: [AndroidBootstrap] [BOOTSTRAP LOG] [debug] getElements tmp selector:UiSelector[INSTANCE=0, RESOURCE_ID=com.play.android:id/btn_profile]
2017-07-31 09:18:04:205 - info: [AndroidBootstrap] [BOOTSTRAP LOG] [debug] Element[] is null: (1)
2017-07-31 09:18:04:208 - info: [AndroidBootstrap] [BOOTSTRAP LOG] [debug] getElements tmp selector:UiSelector[INSTANCE=1, RESOURCE_ID=com.play.android:id/btn_profile]
2017-07-31 09:18:05:559 - info: [debug] [AndroidBootstrap] Received command result from bootstrap
2017-07-31 09:18:05:562 - info: [debug] [MJSONWP] Responding to client with driver.findElements() result: [{"ELEMENT":"1"}]
2017-07-31 09:18:05:563 - info: [HTTP] <-- POST /wd/hub/session/a4020fd7-4932-4b04-8ab1-02ea53fba4a5/elements 200 1478 ms - 89 
2017-07-31 09:18:05:563 - info: [AndroidBootstrap] [BOOTSTRAP LOG] [debug] Returning result: {"value":[{"ELEMENT":"1"}],"status":0}
2017-07-31 09:18:05:619 - info: [HTTP] --> POST /wd/hub/session/a4020fd7-4932-4b04-8ab1-02ea53fba4a5/timeouts {"type":"implicit","ms":20000}
2017-07-31 09:18:05:620 - info: [debug] [MJSONWP] Calling AppiumDriver.timeouts() with args: ["implicit",20000,"a4020fd7-4932-4b04-8ab1-02ea53fba4a5"]
2017-07-31 09:18:05:621 - info: [debug] [BaseDriver] Set implicit wait to 20000ms
2017-07-31 09:18:05:621 - info: [debug] [MJSONWP] Responding to client with driver.timeouts() result: null
2017-07-31 09:18:05:622 - info: [HTTP] <-- POST /wd/hub/session/a4020fd7-4932-4b04-8ab1-02ea53fba4a5/timeouts 200 3 ms - 76 
2017-07-31 09:18:05:626 - info: [HTTP] --> POST /wd/hub/session/a4020fd7-4932-4b04-8ab1-02ea53fba4a5/timeouts {"type":"implicit","ms":0}
2017-07-31 09:18:05:627 - info: [debug] [MJSONWP] Calling AppiumDriver.timeouts() with args: ["implicit",0,"a4020fd7-4932-4b04-8ab1-02ea53fba4a5"]
2017-07-31 09:18:05:627 - info: [debug] [BaseDriver] Set implicit wait to 0ms
2017-07-31 09:18:05:628 - info: [debug] [MJSONWP] Responding to client with driver.timeouts() result: null
2017-07-31 09:18:05:629 - info: [HTTP] <-- POST /wd/hub/session/a4020fd7-4932-4b04-8ab1-02ea53fba4a5/timeouts 200 3 ms - 76 
2017-07-31 09:18:05:632 - info: [HTTP] --> GET /wd/hub/session/a4020fd7-4932-4b04-8ab1-02ea53fba4a5/context {}
2017-07-31 09:18:05:633 - info: [debug] [MJSONWP] Calling AppiumDriver.getCurrentContext() with args: ["a4020fd7-4932-4b04-8ab1-02ea53fba4a5"]
2017-07-31 09:18:05:634 - info: [debug] [MJSONWP] Responding to client with driver.getCurrentContext() result: "NATIVE_APP"
2017-07-31 09:18:05:635 - info: [HTTP] <-- GET /wd/hub/session/a4020fd7-4932-4b04-8ab1-02ea53fba4a5/context 200 2 ms - 84 
2017-07-31 09:18:05:639 - info: [HTTP] --> POST /wd/hub/session/a4020fd7-4932-4b04-8ab1-02ea53fba4a5/elements {"using":"id","value":"com.play.android:id/btn_profile"}
2017-07-31 09:18:05:640 - info: [debug] [MJSONWP] Calling AppiumDriver.findElements() with args: ["id","com.play.android:id/btn_profile","a4020fd7-4932-4b04-8ab1-02ea53fba4a5"]
2017-07-31 09:18:05:641 - info: [debug] [BaseDriver] Valid locator strategies for this request: xpath, id, class name, accessibility id, -android uiautomator
2017-07-31 09:18:05:641 - info: [debug] [BaseDriver] Valid locator strategies for this request: xpath, id, class name, accessibility id, -android uiautomator
2017-07-31 09:18:05:641 - info: [debug] [BaseDriver] Waiting up to 0 ms for condition
2017-07-31 09:18:05:642 - info: [debug] [AndroidBootstrap] Sending command to android: {"cmd":"action","action":"find","params":{"strategy":"id","selector":"com.play.android:id/btn_profile","context":"","multiple":true}}
2017-07-31 09:18:05:644 - info: [AndroidBootstrap] [BOOTSTRAP LOG] [debug] Got data from client: {"cmd":"action","action":"find","params":{"strategy":"id","selector":"com.play.android:id/btn_profile","context":"","multiple":true}}
2017-07-31 09:18:05:644 - info: [AndroidBootstrap] [BOOTSTRAP LOG] [debug] Got command of type ACTION
2017-07-31 09:18:05:645 - info: [AndroidBootstrap] [BOOTSTRAP LOG] [debug] Got command action: find
2017-07-31 09:18:05:645 - info: [AndroidBootstrap] [BOOTSTRAP LOG] [debug] Finding 'com.play.android:id/btn_profile' using 'ID' with the contextId: '' multiple: true
2017-07-31 09:18:05:645 - info: [AndroidBootstrap] [BOOTSTRAP LOG] [debug] Using: UiSelector[RESOURCE_ID=com.play.android:id/btn_profile]
2017-07-31 09:18:05:645 - info: [AndroidBootstrap] [BOOTSTRAP LOG] [debug] getElements selector:UiSelector[RESOURCE_ID=com.play.android:id/btn_profile]
2017-07-31 09:18:05:645 - info: [AndroidBootstrap] [BOOTSTRAP LOG] [debug] Element[] is null: (0)
2017-07-31 09:18:05:645 - info: [AndroidBootstrap] [BOOTSTRAP LOG] [debug] getElements tmp selector:UiSelector[INSTANCE=0, RESOURCE_ID=com.play.android:id/btn_profile]
2017-07-31 09:18:05:660 - info: [AndroidBootstrap] [BOOTSTRAP LOG] [debug] Element[] is null: (1)
2017-07-31 09:18:05:660 - info: [AndroidBootstrap] [BOOTSTRAP LOG] [debug] getElements tmp selector:UiSelector[INSTANCE=1, RESOURCE_ID=com.play.android:id/btn_profile]
2017-07-31 09:18:05:670 - info: [AndroidBootstrap] [BOOTSTRAP LOG] [debug] Returning result: {"value":[{"ELEMENT":"2"}],"status":0}
2017-07-31 09:18:05:671 - info: [debug] [AndroidBootstrap] Received command result from bootstrap
2017-07-31 09:18:05:672 - info: [debug] [MJSONWP] Responding to client with driver.findElements() result: [{"ELEMENT":"2"}]
2017-07-31 09:18:05:673 - info: [HTTP] <-- POST /wd/hub/session/a4020fd7-4932-4b04-8ab1-02ea53fba4a5/elements 200 33 ms - 89 
2017-07-31 09:18:05:677 - info: [HTTP] --> POST /wd/hub/session/a4020fd7-4932-4b04-8ab1-02ea53fba4a5/timeouts {"type":"implicit","ms":20000}
2017-07-31 09:18:05:677 - info: [debug] [MJSONWP] Calling AppiumDriver.timeouts() with args: ["implicit",20000,"a4020fd7-4932-4b04-8ab1-02ea53fba4a5"]
2017-07-31 09:18:05:678 - info: [debug] [BaseDriver] Set implicit wait to 20000ms
2017-07-31 09:18:05:679 - info: [debug] [MJSONWP] Responding to client with driver.timeouts() result: null
2017-07-31 09:18:05:680 - info: [HTTP] <-- POST /wd/hub/session/a4020fd7-4932-4b04-8ab1-02ea53fba4a5/timeouts 200 2 ms - 76 
2017-07-31 09:18:05:691 - info: [HTTP] --> POST /wd/hub/session/a4020fd7-4932-4b04-8ab1-02ea53fba4a5/element/2/click {"id":"2"}
2017-07-31 09:18:05:692 - info: [debug] [MJSONWP] Calling AppiumDriver.click() with args: ["2","a4020fd7-4932-4b04-8ab1-02ea53fba4a5"]
2017-07-31 09:18:05:693 - info: [debug] [AndroidBootstrap] Sending command to android: {"cmd":"action","action":"element:click","params":{"elementId":"2"}}
2017-07-31 09:18:05:695 - info: [AndroidBootstrap] [BOOTSTRAP LOG] [debug] Got data from client: {"cmd":"action","action":"element:click","params":{"elementId":"2"}}
2017-07-31 09:18:05:695 - info: [AndroidBootstrap] [BOOTSTRAP LOG] [debug] Got command of type ACTION
2017-07-31 09:18:05:696 - info: [AndroidBootstrap] [BOOTSTRAP LOG] [debug] Got command action: click
2017-07-31 09:18:07:198 - info: [AndroidBootstrap] [BOOTSTRAP LOG] [debug] Returning result: {"value":true,"status":0}
2017-07-31 09:18:07:198 - info: [debug] [AndroidBootstrap] Received command result from bootstrap
2017-07-31 09:18:07:199 - info: [debug] [MJSONWP] Responding to client with driver.click() result: true
2017-07-31 09:18:07:201 - info: [HTTP] <-- POST /wd/hub/session/a4020fd7-4932-4b04-8ab1-02ea53fba4a5/element/2/click 200 1509 ms - 76 
2017-07-31 09:18:07:708 - info: [HTTP] --> GET /wd/hub/session/a4020fd7-4932-4b04-8ab1-02ea53fba4a5/appium/device/current_activity {}
2017-07-31 09:18:07:708 - info: [debug] [MJSONWP] Calling AppiumDriver.getCurrentActivity() with args: ["a4020fd7-4932-4b04-8ab1-02ea53fba4a5"]
2017-07-31 09:18:07:709 - info: [debug] [ADB] Getting focused package and activity
2017-07-31 09:18:07:709 - info: [debug] [ADB] Getting connected devices...
2017-07-31 09:18:07:767 - info: [debug] [ADB] 1 device(s) connected
2017-07-31 09:18:07:768 - info: [debug] [ADB] Running 'D:\Android\AndroidSDK\platform-tools\adb.exe' with args: ["-P",5037,"-s","127.0.0.1:62001","shell","dumpsys","window","windows"]
2017-07-31 09:18:07:830 - info: [debug] [MJSONWP] Responding to client with driver.getCurrentActivity() result: ".activity.member.LoginActivity"
2017-07-31 09:18:07:831 - info: [HTTP] <-- GET /wd/hub/session/a4020fd7-4932-4b04-8ab1-02ea53fba4a5/appium/device/current_activity 200 123 ms - 104 
2017-07-31 09:18:07:835 - info: [HTTP] --> POST /wd/hub/session/a4020fd7-4932-4b04-8ab1-02ea53fba4a5/timeouts {"type":"implicit","ms":0}
2017-07-31 09:18:07:835 - info: [debug] [MJSONWP] Calling AppiumDriver.timeouts() with args: ["implicit",0,"a4020fd7-4932-4b04-8ab1-02ea53fba4a5"]
2017-07-31 09:18:07:836 - info: [debug] [BaseDriver] Set implicit wait to 0ms
2017-07-31 09:18:07:836 - info: [debug] [MJSONWP] Responding to client with driver.timeouts() result: null
2017-07-31 09:18:07:838 - info: [HTTP] <-- POST /wd/hub/session/a4020fd7-4932-4b04-8ab1-02ea53fba4a5/timeouts 200 2 ms - 76 
2017-07-31 09:18:07:840 - info: [HTTP] --> GET /wd/hub/session/a4020fd7-4932-4b04-8ab1-02ea53fba4a5/context {}
2017-07-31 09:18:07:841 - info: [debug] [MJSONWP] Calling AppiumDriver.getCurrentContext() with args: ["a4020fd7-4932-4b04-8ab1-02ea53fba4a5"]
2017-07-31 09:18:07:841 - info: [debug] [MJSONWP] Responding to client with driver.getCurrentContext() result: "NATIVE_APP"
2017-07-31 09:18:07:842 - info: [HTTP] <-- GET /wd/hub/session/a4020fd7-4932-4b04-8ab1-02ea53fba4a5/context 200 2 ms - 84 
2017-07-31 09:18:07:845 - info: [HTTP] --> POST /wd/hub/session/a4020fd7-4932-4b04-8ab1-02ea53fba4a5/elements {"using":"id","value":"com.play.android:id/tv_account"}
2017-07-31 09:18:07:846 - info: [debug] [MJSONWP] Calling AppiumDriver.findElements() with args: ["id","com.play.android:id/tv_account","a4020fd7-4932-4b04-8ab1-02ea53fba4a5"]
2017-07-31 09:18:07:846 - info: [debug] [BaseDriver] Valid locator strategies for this request: xpath, id, class name, accessibility id, -android uiautomator
2017-07-31 09:18:07:847 - info: [debug] [BaseDriver] Valid locator strategies for this request: xpath, id, class name, accessibility id, -android uiautomator
2017-07-31 09:18:07:847 - info: [debug] [BaseDriver] Waiting up to 0 ms for condition
2017-07-31 09:18:07:847 - info: [debug] [AndroidBootstrap] Sending command to android: {"cmd":"action","action":"find","params":{"strategy":"id","selector":"com.play.android:id/tv_account","context":"","multiple":true}}
2017-07-31 09:18:07:849 - info: [AndroidBootstrap] [BOOTSTRAP LOG] [debug] Got data from client: {"cmd":"action","action":"find","params":{"strategy":"id","selector":"com.play.android:id/tv_account","context":"","multiple":true}}
2017-07-31 09:18:07:850 - info: [AndroidBootstrap] [BOOTSTRAP LOG] [debug] Got command of type ACTION
2017-07-31 09:18:07:850 - info: [AndroidBootstrap] [BOOTSTRAP LOG] [debug] Got command action: find
2017-07-31 09:18:07:850 - info: [AndroidBootstrap] [BOOTSTRAP LOG] [debug] Finding 'com.play.android:id/tv_account' using 'ID' with the contextId: '' multiple: true
2017-07-31 09:18:07:850 - info: [AndroidBootstrap] [BOOTSTRAP LOG] [debug] Using: UiSelector[RESOURCE_ID=com.play.android:id/tv_account]
2017-07-31 09:18:07:850 - info: [AndroidBootstrap] [BOOTSTRAP LOG] [debug] getElements selector:UiSelector[RESOURCE_ID=com.play.android:id/tv_account]
2017-07-31 09:18:07:850 - info: [AndroidBootstrap] [BOOTSTRAP LOG] [debug] Element[] is null: (0)
2017-07-31 09:18:07:850 - info: [AndroidBootstrap] [BOOTSTRAP LOG] [debug] getElements tmp selector:UiSelector[INSTANCE=0, RESOURCE_ID=com.play.android:id/tv_account]
2017-07-31 09:18:07:864 - info: [AndroidBootstrap] [BOOTSTRAP LOG] [debug] Element[] is null: (1)
2017-07-31 09:18:07:864 - info: [AndroidBootstrap] [BOOTSTRAP LOG] [debug] getElements tmp selector:UiSelector[INSTANCE=1, RESOURCE_ID=com.play.android:id/tv_account]
2017-07-31 09:18:07:878 - info: [debug] [AndroidBootstrap] Received command result from bootstrap
2017-07-31 09:18:07:879 - info: [debug] [MJSONWP] Responding to client with driver.findElements() result: [{"ELEMENT":"3"}]
2017-07-31 09:18:07:879 - info: [HTTP] <-- POST /wd/hub/session/a4020fd7-4932-4b04-8ab1-02ea53fba4a5/elements 200 34 ms - 89 
2017-07-31 09:18:07:880 - info: [AndroidBootstrap] [BOOTSTRAP LOG] [debug] Returning result: {"value":[{"ELEMENT":"3"}],"status":0}
2017-07-31 09:18:07:884 - info: [HTTP] --> POST /wd/hub/session/a4020fd7-4932-4b04-8ab1-02ea53fba4a5/timeouts {"type":"implicit","ms":20000}
2017-07-31 09:18:07:884 - info: [debug] [MJSONWP] Calling AppiumDriver.timeouts() with args: ["implicit",20000,"a4020fd7-4932-4b04-8ab1-02ea53fba4a5"]
2017-07-31 09:18:07:884 - info: [debug] [BaseDriver] Set implicit wait to 20000ms
2017-07-31 09:18:07:885 - info: [debug] [MJSONWP] Responding to client with driver.timeouts() result: null
2017-07-31 09:18:07:886 - info: [HTTP] <-- POST /wd/hub/session/a4020fd7-4932-4b04-8ab1-02ea53fba4a5/timeouts 200 2 ms - 76 
2017-07-31 09:18:07:890 - info: [HTTP] --> POST /wd/hub/session/a4020fd7-4932-4b04-8ab1-02ea53fba4a5/timeouts {"type":"implicit","ms":0}
2017-07-31 09:18:07:891 - info: [debug] [MJSONWP] Calling AppiumDriver.timeouts() with args: ["implicit",0,"a4020fd7-4932-4b04-8ab1-02ea53fba4a5"]
2017-07-31 09:18:07:891 - info: [debug] [BaseDriver] Set implicit wait to 0ms
2017-07-31 09:18:07:892 - info: [debug] [MJSONWP] Responding to client with driver.timeouts() result: null
2017-07-31 09:18:07:893 - info: [HTTP] <-- POST /wd/hub/session/a4020fd7-4932-4b04-8ab1-02ea53fba4a5/timeouts 200 2 ms - 76 
2017-07-31 09:18:07:896 - info: [HTTP] --> GET /wd/hub/session/a4020fd7-4932-4b04-8ab1-02ea53fba4a5/context {}
2017-07-31 09:18:07:896 - info: [debug] [MJSONWP] Calling AppiumDriver.getCurrentContext() with args: ["a4020fd7-4932-4b04-8ab1-02ea53fba4a5"]
2017-07-31 09:18:07:897 - info: [debug] [MJSONWP] Responding to client with driver.getCurrentContext() result: "NATIVE_APP"
2017-07-31 09:18:07:899 - info: [HTTP] <-- GET /wd/hub/session/a4020fd7-4932-4b04-8ab1-02ea53fba4a5/context 200 2 ms - 84 
2017-07-31 09:18:07:902 - info: [HTTP] --> POST /wd/hub/session/a4020fd7-4932-4b04-8ab1-02ea53fba4a5/elements {"using":"id","value":"com.play.android:id/tv_account"}
2017-07-31 09:18:07:902 - info: [debug] [MJSONWP] Calling AppiumDriver.findElements() with args: ["id","com.play.android:id/tv_account","a4020fd7-4932-4b04-8ab1-02ea53fba4a5"]
2017-07-31 09:18:07:903 - info: [debug] [BaseDriver] Valid locator strategies for this request: xpath, id, class name, accessibility id, -android uiautomator
2017-07-31 09:18:07:903 - info: [debug] [BaseDriver] Valid locator strategies for this request: xpath, id, class name, accessibility id, -android uiautomator
2017-07-31 09:18:07:903 - info: [debug] [BaseDriver] Waiting up to 0 ms for condition
2017-07-31 09:18:07:903 - info: [debug] [AndroidBootstrap] Sending command to android: {"cmd":"action","action":"find","params":{"strategy":"id","selector":"com.play.android:id/tv_account","context":"","multiple":true}}
2017-07-31 09:18:07:905 - info: [AndroidBootstrap] [BOOTSTRAP LOG] [debug] Got data from client: {"cmd":"action","action":"find","params":{"strategy":"id","selector":"com.play.android:id/tv_account","context":"","multiple":true}}
2017-07-31 09:18:07:906 - info: [AndroidBootstrap] [BOOTSTRAP LOG] [debug] Got command of type ACTION
2017-07-31 09:18:07:907 - info: [AndroidBootstrap] [BOOTSTRAP LOG] [debug] Got command action: find
2017-07-31 09:18:07:907 - info: [AndroidBootstrap] [BOOTSTRAP LOG] [debug] Finding 'com.play.android:id/tv_account' using 'ID' with the contextId: '' multiple: true
2017-07-31 09:18:07:907 - info: [AndroidBootstrap] [BOOTSTRAP LOG] [debug] Using: UiSelector[RESOURCE_ID=com.play.android:id/tv_account]
2017-07-31 09:18:07:907 - info: [AndroidBootstrap] [BOOTSTRAP LOG] [debug] getElements selector:UiSelector[RESOURCE_ID=com.play.android:id/tv_account]
2017-07-31 09:18:07:907 - info: [AndroidBootstrap] [BOOTSTRAP LOG] [debug] Element[] is null: (0)
2017-07-31 09:18:07:907 - info: [AndroidBootstrap] [BOOTSTRAP LOG] [debug] getElements tmp selector:UiSelector[INSTANCE=0, RESOURCE_ID=com.play.android:id/tv_account]
2017-07-31 09:18:07:933 - info: [AndroidBootstrap] [BOOTSTRAP LOG] [debug] Element[] is null: (1)
2017-07-31 09:18:07:934 - info: [AndroidBootstrap] [BOOTSTRAP LOG] [debug] getElements tmp selector:UiSelector[INSTANCE=1, RESOURCE_ID=com.play.android:id/tv_account]
2017-07-31 09:18:07:944 - info: [AndroidBootstrap] [BOOTSTRAP LOG] [debug] Returning result: {"value":[{"ELEMENT":"4"}],"status":0}
2017-07-31 09:18:07:944 - info: [debug] [AndroidBootstrap] Received command result from bootstrap
2017-07-31 09:18:07:945 - info: [debug] [MJSONWP] Responding to client with driver.findElements() result: [{"ELEMENT":"4"}]
2017-07-31 09:18:07:946 - info: [HTTP] <-- POST /wd/hub/session/a4020fd7-4932-4b04-8ab1-02ea53fba4a5/elements 200 44 ms - 89 
2017-07-31 09:18:07:950 - info: [HTTP] --> POST /wd/hub/session/a4020fd7-4932-4b04-8ab1-02ea53fba4a5/timeouts {"type":"implicit","ms":20000}
2017-07-31 09:18:07:950 - info: [debug] [MJSONWP] Calling AppiumDriver.timeouts() with args: ["implicit",20000,"a4020fd7-4932-4b04-8ab1-02ea53fba4a5"]
2017-07-31 09:18:07:951 - info: [debug] [BaseDriver] Set implicit wait to 20000ms
2017-07-31 09:18:07:951 - info: [debug] [MJSONWP] Responding to client with driver.timeouts() result: null
2017-07-31 09:18:07:958 - info: [HTTP] <-- POST /wd/hub/session/a4020fd7-4932-4b04-8ab1-02ea53fba4a5/timeouts 200 7 ms - 76 
2017-07-31 09:18:07:961 - info: [HTTP] --> POST /wd/hub/session/a4020fd7-4932-4b04-8ab1-02ea53fba4a5/element/4/click {"id":"4"}
2017-07-31 09:18:07:961 - info: [debug] [MJSONWP] Calling AppiumDriver.click() with args: ["4","a4020fd7-4932-4b04-8ab1-02ea53fba4a5"]
2017-07-31 09:18:07:962 - info: [debug] [AndroidBootstrap] Sending command to android: {"cmd":"action","action":"element:click","params":{"elementId":"4"}}
2017-07-31 09:18:07:965 - info: [AndroidBootstrap] [BOOTSTRAP LOG] [debug] Got data from client: {"cmd":"action","action":"element:click","params":{"elementId":"4"}}
2017-07-31 09:18:07:965 - info: [AndroidBootstrap] [BOOTSTRAP LOG] [debug] Got command of type ACTION
2017-07-31 09:18:07:965 - info: [AndroidBootstrap] [BOOTSTRAP LOG] [debug] Got command action: click
2017-07-31 09:18:08:163 - info: [AndroidBootstrap] [BOOTSTRAP LOG] [debug] Returning result: {"value":true,"status":0}
2017-07-31 09:18:08:163 - info: [debug] [AndroidBootstrap] Received command result from bootstrap
2017-07-31 09:18:08:164 - info: [debug] [MJSONWP] Responding to client with driver.click() result: true
2017-07-31 09:18:08:165 - info: [HTTP] <-- POST /wd/hub/session/a4020fd7-4932-4b04-8ab1-02ea53fba4a5/element/4/click 200 204 ms - 76 
2017-07-31 09:18:08:169 - info: [HTTP] --> POST /wd/hub/session/a4020fd7-4932-4b04-8ab1-02ea53fba4a5/timeouts {"type":"implicit","ms":0}
2017-07-31 09:18:08:170 - info: [debug] [MJSONWP] Calling AppiumDriver.timeouts() with args: ["implicit",0,"a4020fd7-4932-4b04-8ab1-02ea53fba4a5"]
2017-07-31 09:18:08:171 - info: [debug] [BaseDriver] Set implicit wait to 0ms
2017-07-31 09:18:08:172 - info: [debug] [MJSONWP] Responding to client with driver.timeouts() result: null
2017-07-31 09:18:08:174 - info: [HTTP] <-- POST /wd/hub/session/a4020fd7-4932-4b04-8ab1-02ea53fba4a5/timeouts 200 5 ms - 76 
2017-07-31 09:18:08:178 - info: [HTTP] --> GET /wd/hub/session/a4020fd7-4932-4b04-8ab1-02ea53fba4a5/context {}
2017-07-31 09:18:08:179 - info: [debug] [MJSONWP] Calling AppiumDriver.getCurrentContext() with args: ["a4020fd7-4932-4b04-8ab1-02ea53fba4a5"]
2017-07-31 09:18:08:180 - info: [debug] [MJSONWP] Responding to client with driver.getCurrentContext() result: "NATIVE_APP"
2017-07-31 09:18:08:181 - info: [HTTP] <-- GET /wd/hub/session/a4020fd7-4932-4b04-8ab1-02ea53fba4a5/context 200 2 ms - 84 
2017-07-31 09:18:08:184 - info: [HTTP] --> POST /wd/hub/session/a4020fd7-4932-4b04-8ab1-02ea53fba4a5/elements {"using":"id","value":"com.play.android:id/et_account"}
2017-07-31 09:18:08:185 - info: [debug] [MJSONWP] Calling AppiumDriver.findElements() with args: ["id","com.play.android:id/et_account","a4020fd7-4932-4b04-8ab1-02ea53fba4a5"]
2017-07-31 09:18:08:186 - info: [debug] [BaseDriver] Valid locator strategies for this request: xpath, id, class name, accessibility id, -android uiautomator
2017-07-31 09:18:08:186 - info: [debug] [BaseDriver] Valid locator strategies for this request: xpath, id, class name, accessibility id, -android uiautomator
2017-07-31 09:18:08:186 - info: [debug] [BaseDriver] Waiting up to 0 ms for condition
2017-07-31 09:18:08:187 - info: [debug] [AndroidBootstrap] Sending command to android: {"cmd":"action","action":"find","params":{"strategy":"id","selector":"com.play.android:id/et_account","context":"","multiple":true}}
2017-07-31 09:18:08:193 - info: [AndroidBootstrap] [BOOTSTRAP LOG] [debug] Got data from client: {"cmd":"action","action":"find","params":{"strategy":"id","selector":"com.play.android:id/et_account","context":"","multiple":true}}
2017-07-31 09:18:08:193 - info: [AndroidBootstrap] [BOOTSTRAP LOG] [debug] Got command of type ACTION
2017-07-31 09:18:08:193 - info: [AndroidBootstrap] [BOOTSTRAP LOG] [debug] Got command action: find
2017-07-31 09:18:08:194 - info: [AndroidBootstrap] [BOOTSTRAP LOG] [debug] Finding 'com.play.android:id/et_account' using 'ID' with the contextId: '' multiple: true
2017-07-31 09:18:08:194 - info: [AndroidBootstrap] [BOOTSTRAP LOG] [debug] Using: UiSelector[RESOURCE_ID=com.play.android:id/et_account]
2017-07-31 09:18:08:196 - info: [AndroidBootstrap] [BOOTSTRAP LOG] [debug] getElements selector:UiSelector[RESOURCE_ID=com.play.android:id/et_account]
2017-07-31 09:18:08:196 - info: [AndroidBootstrap] [BOOTSTRAP LOG] [debug] Element[] is null: (0)
2017-07-31 09:18:08:196 - info: [AndroidBootstrap] [BOOTSTRAP LOG] [debug] getElements tmp selector:UiSelector[INSTANCE=0, RESOURCE_ID=com.play.android:id/et_account]
2017-07-31 09:18:08:794 - info: [AndroidBootstrap] [BOOTSTRAP LOG] [debug] Element[] is null: (1)
2017-07-31 09:18:08:794 - info: [AndroidBootstrap] [BOOTSTRAP LOG] [debug] getElements tmp selector:UiSelector[INSTANCE=1, RESOURCE_ID=com.play.android:id/et_account]
2017-07-31 09:18:09:280 - info: [debug] [AndroidBootstrap] Received command result from bootstrap
2017-07-31 09:18:09:281 - info: [debug] [MJSONWP] Responding to client with driver.findElements() result: [{"ELEMENT":"5"}]
2017-07-31 09:18:09:281 - info: [HTTP] <-- POST /wd/hub/session/a4020fd7-4932-4b04-8ab1-02ea53fba4a5/elements 200 1097 ms - 89 
2017-07-31 09:18:09:281 - info: [AndroidBootstrap] [BOOTSTRAP LOG] [debug] Returning result: {"value":[{"ELEMENT":"5"}],"status":0}
2017-07-31 09:18:09:291 - info: [HTTP] --> POST /wd/hub/session/a4020fd7-4932-4b04-8ab1-02ea53fba4a5/timeouts {"type":"implicit","ms":20000}
2017-07-31 09:18:09:292 - info: [debug] [MJSONWP] Calling AppiumDriver.timeouts() with args: ["implicit",20000,"a4020fd7-4932-4b04-8ab1-02ea53fba4a5"]
2017-07-31 09:18:09:293 - info: [debug] [BaseDriver] Set implicit wait to 20000ms
2017-07-31 09:18:09:293 - info: [debug] [MJSONWP] Responding to client with driver.timeouts() result: null
2017-07-31 09:18:09:294 - info: [HTTP] <-- POST /wd/hub/session/a4020fd7-4932-4b04-8ab1-02ea53fba4a5/timeouts 200 3 ms - 76 
2017-07-31 09:18:09:298 - info: [HTTP] --> POST /wd/hub/session/a4020fd7-4932-4b04-8ab1-02ea53fba4a5/timeouts {"type":"implicit","ms":0}
2017-07-31 09:18:09:298 - info: [debug] [MJSONWP] Calling AppiumDriver.timeouts() with args: ["implicit",0,"a4020fd7-4932-4b04-8ab1-02ea53fba4a5"]
2017-07-31 09:18:09:299 - info: [debug] [BaseDriver] Set implicit wait to 0ms
2017-07-31 09:18:09:300 - info: [debug] [MJSONWP] Responding to client with driver.timeouts() result: null
2017-07-31 09:18:09:301 - info: [HTTP] <-- POST /wd/hub/session/a4020fd7-4932-4b04-8ab1-02ea53fba4a5/timeouts 200 2 ms - 76 
2017-07-31 09:18:09:304 - info: [HTTP] --> GET /wd/hub/session/a4020fd7-4932-4b04-8ab1-02ea53fba4a5/context {}
2017-07-31 09:18:09:304 - info: [debug] [MJSONWP] Calling AppiumDriver.getCurrentContext() with args: ["a4020fd7-4932-4b04-8ab1-02ea53fba4a5"]
2017-07-31 09:18:09:305 - info: [debug] [MJSONWP] Responding to client with driver.getCurrentContext() result: "NATIVE_APP"
2017-07-31 09:18:09:305 - info: [HTTP] <-- GET /wd/hub/session/a4020fd7-4932-4b04-8ab1-02ea53fba4a5/context 200 2 ms - 84 
2017-07-31 09:18:09:309 - info: [HTTP] --> POST /wd/hub/session/a4020fd7-4932-4b04-8ab1-02ea53fba4a5/elements {"using":"id","value":"com.play.android:id/et_account"}
2017-07-31 09:18:09:309 - info: [debug] [MJSONWP] Calling AppiumDriver.findElements() with args: ["id","com.play.android:id/et_account","a4020fd7-4932-4b04-8ab1-02ea53fba4a5"]
2017-07-31 09:18:09:310 - info: [debug] [BaseDriver] Valid locator strategies for this request: xpath, id, class name, accessibility id, -android uiautomator
2017-07-31 09:18:09:310 - info: [debug] [BaseDriver] Valid locator strategies for this request: xpath, id, class name, accessibility id, -android uiautomator
2017-07-31 09:18:09:310 - info: [debug] [BaseDriver] Waiting up to 0 ms for condition
2017-07-31 09:18:09:311 - info: [debug] [AndroidBootstrap] Sending command to android: {"cmd":"action","action":"find","params":{"strategy":"id","selector":"com.play.android:id/et_account","context":"","multiple":true}}
2017-07-31 09:18:09:313 - info: [AndroidBootstrap] [BOOTSTRAP LOG] [debug] Got data from client: {"cmd":"action","action":"find","params":{"strategy":"id","selector":"com.play.android:id/et_account","context":"","multiple":true}}
2017-07-31 09:18:09:315 - info: [AndroidBootstrap] [BOOTSTRAP LOG] [debug] Got command of type ACTION
2017-07-31 09:18:09:315 - info: [AndroidBootstrap] [BOOTSTRAP LOG] [debug] Got command action: find
2017-07-31 09:18:09:315 - info: [AndroidBootstrap] [BOOTSTRAP LOG] [debug] Finding 'com.play.android:id/et_account' using 'ID' with the contextId: '' multiple: true
2017-07-31 09:18:09:315 - info: [AndroidBootstrap] [BOOTSTRAP LOG] [debug] Using: UiSelector[RESOURCE_ID=com.play.android:id/et_account]
2017-07-31 09:18:09:316 - info: [AndroidBootstrap] [BOOTSTRAP LOG] [debug] getElements selector:UiSelector[RESOURCE_ID=com.play.android:id/et_account]
2017-07-31 09:18:09:316 - info: [AndroidBootstrap] [BOOTSTRAP LOG] [debug] Element[] is null: (0)
2017-07-31 09:18:09:316 - info: [AndroidBootstrap] [BOOTSTRAP LOG] [debug] getElements tmp selector:UiSelector[INSTANCE=0, RESOURCE_ID=com.play.android:id/et_account]
2017-07-31 09:18:09:325 - info: [AndroidBootstrap] [BOOTSTRAP LOG] [debug] Element[] is null: (1)
2017-07-31 09:18:09:331 - info: [AndroidBootstrap] [BOOTSTRAP LOG] [debug] getElements tmp selector:UiSelector[INSTANCE=1, RESOURCE_ID=com.play.android:id/et_account]
2017-07-31 09:18:09:345 - info: [debug] [AndroidBootstrap] Received command result from bootstrap
2017-07-31 09:18:09:346 - info: [debug] [MJSONWP] Responding to client with driver.findElements() result: [{"ELEMENT":"6"}]
2017-07-31 09:18:09:346 - info: [HTTP] <-- POST /wd/hub/session/a4020fd7-4932-4b04-8ab1-02ea53fba4a5/elements 200 38 ms - 89 
2017-07-31 09:18:09:347 - info: [AndroidBootstrap] [BOOTSTRAP LOG] [debug] Returning result: {"value":[{"ELEMENT":"6"}],"status":0}
2017-07-31 09:18:09:351 - info: [HTTP] --> POST /wd/hub/session/a4020fd7-4932-4b04-8ab1-02ea53fba4a5/timeouts {"type":"implicit","ms":20000}
2017-07-31 09:18:09:352 - info: [debug] [MJSONWP] Calling AppiumDriver.timeouts() with args: ["implicit",20000,"a4020fd7-4932-4b04-8ab1-02ea53fba4a5"]
2017-07-31 09:18:09:352 - info: [debug] [BaseDriver] Set implicit wait to 20000ms
2017-07-31 09:18:09:354 - info: [debug] [MJSONWP] Responding to client with driver.timeouts() result: null
2017-07-31 09:18:09:356 - info: [HTTP] <-- POST /wd/hub/session/a4020fd7-4932-4b04-8ab1-02ea53fba4a5/timeouts 200 3 ms - 76 
2017-07-31 09:18:09:361 - info: [HTTP] --> POST /wd/hub/session/a4020fd7-4932-4b04-8ab1-02ea53fba4a5/element/6/value {"id":"6","value":["18521035133"]}
2017-07-31 09:18:09:362 - info: [debug] [MJSONWP] Calling AppiumDriver.setValue() with args: [["18521035133"],"6","a4020fd7-4932-4b04-8ab1-02ea53fba4a5"]
2017-07-31 09:18:09:364 - info: [debug] [AndroidBootstrap] Sending command to android: {"cmd":"action","action":"element:setText","params":{"elementId":"6","text":"18521035133","replace":false,"unicodeKeyboard":true}}
2017-07-31 09:18:09:367 - info: [AndroidBootstrap] [BOOTSTRAP LOG] [debug] Got data from client: {"cmd":"action","action":"element:setText","params":{"elementId":"6","text":"18521035133","replace":false,"unicodeKeyboard":true}}
2017-07-31 09:18:09:371 - info: [AndroidBootstrap] [BOOTSTRAP LOG] [debug] Got command of type ACTION
2017-07-31 09:18:09:372 - info: [AndroidBootstrap] [BOOTSTRAP LOG] [debug] Got command action: setText
2017-07-31 09:18:09:372 - info: [AndroidBootstrap] [BOOTSTRAP LOG] [debug] Using element passed in: 6
2017-07-31 09:18:09:383 - info: [AndroidBootstrap] [BOOTSTRAP LOG] [debug] Attempting to clear using UiObject.clearText().
2017-07-31 09:18:11:743 - info: [AndroidBootstrap] [BOOTSTRAP LOG] [debug] Text remains after clearing, but it appears to be hint text.
2017-07-31 09:18:11:758 - info: [AndroidBootstrap] [BOOTSTRAP LOG] [debug] Text not cleared. Assuming remainder is hint text.
2017-07-31 09:18:11:758 - info: [AndroidBootstrap] [BOOTSTRAP LOG] [debug] Sending plain text to element: 18521035133
2017-07-31 09:18:14:146 - info: [AndroidBootstrap] [BOOTSTRAP LOG] [debug] Returning result: {"value":true,"status":0}
2017-07-31 09:18:14:146 - info: [debug] [AndroidBootstrap] Received command result from bootstrap
2017-07-31 09:18:14:147 - info: [debug] [MJSONWP] Responding to client with driver.setValue() result: true
2017-07-31 09:18:14:147 - info: [HTTP] <-- POST /wd/hub/session/a4020fd7-4932-4b04-8ab1-02ea53fba4a5/element/6/value 200 4786 ms - 76 
2017-07-31 09:18:14:150 - info: [HTTP] --> POST /wd/hub/session/a4020fd7-4932-4b04-8ab1-02ea53fba4a5/timeouts {"type":"implicit","ms":0}
2017-07-31 09:18:14:151 - info: [debug] [MJSONWP] Calling AppiumDriver.timeouts() with args: ["implicit",0,"a4020fd7-4932-4b04-8ab1-02ea53fba4a5"]
2017-07-31 09:18:14:153 - info: [debug] [BaseDriver] Set implicit wait to 0ms
2017-07-31 09:18:14:154 - info: [debug] [MJSONWP] Responding to client with driver.timeouts() result: null
2017-07-31 09:18:14:156 - info: [HTTP] <-- POST /wd/hub/session/a4020fd7-4932-4b04-8ab1-02ea53fba4a5/timeouts 200 5 ms - 76 
2017-07-31 09:18:14:160 - info: [HTTP] --> GET /wd/hub/session/a4020fd7-4932-4b04-8ab1-02ea53fba4a5/context {}
2017-07-31 09:18:14:161 - info: [debug] [MJSONWP] Calling AppiumDriver.getCurrentContext() with args: ["a4020fd7-4932-4b04-8ab1-02ea53fba4a5"]
2017-07-31 09:18:14:162 - info: [debug] [MJSONWP] Responding to client with driver.getCurrentContext() result: "NATIVE_APP"
2017-07-31 09:18:14:163 - info: [HTTP] <-- GET /wd/hub/session/a4020fd7-4932-4b04-8ab1-02ea53fba4a5/context 200 3 ms - 84 
2017-07-31 09:18:14:168 - info: [HTTP] --> POST /wd/hub/session/a4020fd7-4932-4b04-8ab1-02ea53fba4a5/elements {"using":"id","value":"com.play.android:id/et_password"}
2017-07-31 09:18:14:169 - info: [debug] [MJSONWP] Calling AppiumDriver.findElements() with args: ["id","com.play.android:id/et_password","a4020fd7-4932-4b04-8ab1-02ea53fba4a5"]
2017-07-31 09:18:14:170 - info: [debug] [BaseDriver] Valid locator strategies for this request: xpath, id, class name, accessibility id, -android uiautomator
2017-07-31 09:18:14:170 - info: [debug] [BaseDriver] Valid locator strategies for this request: xpath, id, class name, accessibility id, -android uiautomator
2017-07-31 09:18:14:170 - info: [debug] [BaseDriver] Waiting up to 0 ms for condition
2017-07-31 09:18:14:172 - info: [debug] [AndroidBootstrap] Sending command to android: {"cmd":"action","action":"find","params":{"strategy":"id","selector":"com.play.android:id/et_password","context":"","multiple":true}}
2017-07-31 09:18:14:174 - info: [AndroidBootstrap] [BOOTSTRAP LOG] [debug] Got data from client: {"cmd":"action","action":"find","params":{"strategy":"id","selector":"com.play.android:id/et_password","context":"","multiple":true}}
2017-07-31 09:18:14:174 - info: [AndroidBootstrap] [BOOTSTRAP LOG] [debug] Got command of type ACTION
2017-07-31 09:18:14:174 - info: [AndroidBootstrap] [BOOTSTRAP LOG] [debug] Got command action: find
2017-07-31 09:18:14:174 - info: [AndroidBootstrap] [BOOTSTRAP LOG] [debug] Finding 'com.play.android:id/et_password' using 'ID' with the contextId: '' multiple: true
2017-07-31 09:18:14:175 - info: [AndroidBootstrap] [BOOTSTRAP LOG] [debug] Using: UiSelector[RESOURCE_ID=com.play.android:id/et_password]
2017-07-31 09:18:14:175 - info: [AndroidBootstrap] [BOOTSTRAP LOG] [debug] getElements selector:UiSelector[RESOURCE_ID=com.play.android:id/et_password]
2017-07-31 09:18:14:175 - info: [AndroidBootstrap] [BOOTSTRAP LOG] [debug] Element[] is null: (0)
2017-07-31 09:18:14:175 - info: [AndroidBootstrap] [BOOTSTRAP LOG] [debug] getElements tmp selector:UiSelector[INSTANCE=0, RESOURCE_ID=com.play.android:id/et_password]
2017-07-31 09:18:14:664 - info: [AndroidBootstrap] [BOOTSTRAP LOG] [debug] Element[] is null: (1)
2017-07-31 09:18:14:664 - info: [AndroidBootstrap] [BOOTSTRAP LOG] [debug] getElements tmp selector:UiSelector[INSTANCE=1, RESOURCE_ID=com.play.android:id/et_password]
2017-07-31 09:18:14:671 - info: [debug] [AndroidBootstrap] Received command result from bootstrap
2017-07-31 09:18:14:672 - info: [debug] [MJSONWP] Responding to client with driver.findElements() result: [{"ELEMENT":"7"}]
2017-07-31 09:18:14:673 - info: [HTTP] <-- POST /wd/hub/session/a4020fd7-4932-4b04-8ab1-02ea53fba4a5/elements 200 504 ms - 89 
2017-07-31 09:18:14:673 - info: [AndroidBootstrap] [BOOTSTRAP LOG] [debug] Returning result: {"value":[{"ELEMENT":"7"}],"status":0}
2017-07-31 09:18:14:677 - info: [HTTP] --> POST /wd/hub/session/a4020fd7-4932-4b04-8ab1-02ea53fba4a5/timeouts {"type":"implicit","ms":20000}
2017-07-31 09:18:14:678 - info: [debug] [MJSONWP] Calling AppiumDriver.timeouts() with args: ["implicit",20000,"a4020fd7-4932-4b04-8ab1-02ea53fba4a5"]
2017-07-31 09:18:14:678 - info: [debug] [BaseDriver] Set implicit wait to 20000ms
2017-07-31 09:18:14:679 - info: [debug] [MJSONWP] Responding to client with driver.timeouts() result: null
2017-07-31 09:18:14:679 - info: [HTTP] <-- POST /wd/hub/session/a4020fd7-4932-4b04-8ab1-02ea53fba4a5/timeouts 200 2 ms - 76 
2017-07-31 09:18:14:683 - info: [HTTP] --> POST /wd/hub/session/a4020fd7-4932-4b04-8ab1-02ea53fba4a5/timeouts {"type":"implicit","ms":0}
2017-07-31 09:18:14:684 - info: [debug] [MJSONWP] Calling AppiumDriver.timeouts() with args: ["implicit",0,"a4020fd7-4932-4b04-8ab1-02ea53fba4a5"]
2017-07-31 09:18:14:684 - info: [debug] [BaseDriver] Set implicit wait to 0ms
2017-07-31 09:18:14:685 - info: [debug] [MJSONWP] Responding to client with driver.timeouts() result: null
2017-07-31 09:18:14:686 - info: [HTTP] <-- POST /wd/hub/session/a4020fd7-4932-4b04-8ab1-02ea53fba4a5/timeouts 200 2 ms - 76 
2017-07-31 09:18:14:688 - info: [HTTP] --> GET /wd/hub/session/a4020fd7-4932-4b04-8ab1-02ea53fba4a5/context {}
2017-07-31 09:18:14:689 - info: [debug] [MJSONWP] Calling AppiumDriver.getCurrentContext() with args: ["a4020fd7-4932-4b04-8ab1-02ea53fba4a5"]
2017-07-31 09:18:14:690 - info: [debug] [MJSONWP] Responding to client with driver.getCurrentContext() result: "NATIVE_APP"
2017-07-31 09:18:14:691 - info: [HTTP] <-- GET /wd/hub/session/a4020fd7-4932-4b04-8ab1-02ea53fba4a5/context 200 2 ms - 84 
2017-07-31 09:18:14:696 - info: [HTTP] --> POST /wd/hub/session/a4020fd7-4932-4b04-8ab1-02ea53fba4a5/elements {"using":"id","value":"com.play.android:id/et_password"}
2017-07-31 09:18:14:697 - info: [debug] [MJSONWP] Calling AppiumDriver.findElements() with args: ["id","com.play.android:id/et_password","a4020fd7-4932-4b04-8ab1-02ea53fba4a5"]
2017-07-31 09:18:14:697 - info: [debug] [BaseDriver] Valid locator strategies for this request: xpath, id, class name, accessibility id, -android uiautomator
2017-07-31 09:18:14:697 - info: [debug] [BaseDriver] Valid locator strategies for this request: xpath, id, class name, accessibility id, -android uiautomator
2017-07-31 09:18:14:697 - info: [debug] [BaseDriver] Waiting up to 0 ms for condition
2017-07-31 09:18:14:698 - info: [debug] [AndroidBootstrap] Sending command to android: {"cmd":"action","action":"find","params":{"strategy":"id","selector":"com.play.android:id/et_password","context":"","multiple":true}}
2017-07-31 09:18:14:706 - info: [AndroidBootstrap] [BOOTSTRAP LOG] [debug] Got data from client: {"cmd":"action","action":"find","params":{"strategy":"id","selector":"com.play.android:id/et_password","context":"","multiple":true}}
2017-07-31 09:18:14:706 - info: [AndroidBootstrap] [BOOTSTRAP LOG] [debug] Got command of type ACTION
2017-07-31 09:18:14:706 - info: [AndroidBootstrap] [BOOTSTRAP LOG] [debug] Got command action: find
2017-07-31 09:18:14:706 - info: [AndroidBootstrap] [BOOTSTRAP LOG] [debug] Finding 'com.play.android:id/et_password' using 'ID' with the contextId: '' multiple: true
2017-07-31 09:18:14:706 - info: [AndroidBootstrap] [BOOTSTRAP LOG] [debug] Using: UiSelector[RESOURCE_ID=com.play.android:id/et_password]
2017-07-31 09:18:14:706 - info: [AndroidBootstrap] [BOOTSTRAP LOG] [debug] getElements selector:UiSelector[RESOURCE_ID=com.play.android:id/et_password]
2017-07-31 09:18:14:707 - info: [AndroidBootstrap] [BOOTSTRAP LOG] [debug] Element[] is null: (0)
2017-07-31 09:18:14:707 - info: [AndroidBootstrap] [BOOTSTRAP LOG] [debug] getElements tmp selector:UiSelector[INSTANCE=0, RESOURCE_ID=com.play.android:id/et_password]
2017-07-31 09:18:14:719 - info: [AndroidBootstrap] [BOOTSTRAP LOG] [debug] Element[] is null: (1)
2017-07-31 09:18:14:719 - info: [AndroidBootstrap] [BOOTSTRAP LOG] [debug] getElements tmp selector:UiSelector[INSTANCE=1, RESOURCE_ID=com.play.android:id/et_password]
2017-07-31 09:18:14:784 - info: [AndroidBootstrap] [BOOTSTRAP LOG] [debug] Returning result: {"value":[{"ELEMENT":"8"}],"status":0}
2017-07-31 09:18:14:784 - info: [debug] [AndroidBootstrap] Received command result from bootstrap
2017-07-31 09:18:14:785 - info: [debug] [MJSONWP] Responding to client with driver.findElements() result: [{"ELEMENT":"8"}]
2017-07-31 09:18:14:785 - info: [HTTP] <-- POST /wd/hub/session/a4020fd7-4932-4b04-8ab1-02ea53fba4a5/elements 200 89 ms - 89 
2017-07-31 09:18:14:789 - info: [HTTP] --> POST /wd/hub/session/a4020fd7-4932-4b04-8ab1-02ea53fba4a5/timeouts {"type":"implicit","ms":20000}
2017-07-31 09:18:14:790 - info: [debug] [MJSONWP] Calling AppiumDriver.timeouts() with args: ["implicit",20000,"a4020fd7-4932-4b04-8ab1-02ea53fba4a5"]
2017-07-31 09:18:14:790 - info: [debug] [BaseDriver] Set implicit wait to 20000ms
2017-07-31 09:18:14:791 - info: [debug] [MJSONWP] Responding to client with driver.timeouts() result: null
2017-07-31 09:18:14:791 - info: [HTTP] <-- POST /wd/hub/session/a4020fd7-4932-4b04-8ab1-02ea53fba4a5/timeouts 200 2 ms - 76 
2017-07-31 09:18:14:795 - info: [HTTP] --> POST /wd/hub/session/a4020fd7-4932-4b04-8ab1-02ea53fba4a5/element/8/value {"id":"8","value":["111111"]}
2017-07-31 09:18:14:796 - info: [debug] [MJSONWP] Calling AppiumDriver.setValue() with args: [["111111"],"8","a4020fd7-4932-4b04-8ab1-02ea53fba4a5"]
2017-07-31 09:18:14:796 - info: [debug] [AndroidBootstrap] Sending command to android: {"cmd":"action","action":"element:setText","params":{"elementId":"8","text":"111111","replace":false,"unicodeKeyboard":true}}
2017-07-31 09:18:14:799 - info: [AndroidBootstrap] [BOOTSTRAP LOG] [debug] Got data from client: {"cmd":"action","action":"element:setText","params":{"elementId":"8","text":"111111","replace":false,"unicodeKeyboard":true}}
2017-07-31 09:18:14:799 - info: [AndroidBootstrap] [BOOTSTRAP LOG] [debug] Got command of type ACTION
2017-07-31 09:18:14:799 - info: [AndroidBootstrap] [BOOTSTRAP LOG] [debug] Got command action: setText
2017-07-31 09:18:14:799 - info: [AndroidBootstrap] [BOOTSTRAP LOG] [debug] Using element passed in: 8
2017-07-31 09:18:14:808 - info: [AndroidBootstrap] [BOOTSTRAP LOG] [debug] Attempting to clear using UiObject.clearText().
2017-07-31 09:18:17:119 - info: [AndroidBootstrap] [BOOTSTRAP LOG] [debug] Sending plain text to element: 111111
2017-07-31 09:18:19:454 - info: [debug] [AndroidBootstrap] Received command result from bootstrap
2017-07-31 09:18:19:455 - info: [debug] [MJSONWP] Responding to client with driver.setValue() result: true
2017-07-31 09:18:19:456 - info: [HTTP] <-- POST /wd/hub/session/a4020fd7-4932-4b04-8ab1-02ea53fba4a5/element/8/value 200 4661 ms - 76 
2017-07-31 09:18:19:456 - info: [AndroidBootstrap] [BOOTSTRAP LOG] [debug] Returning result: {"value":true,"status":0}
2017-07-31 09:18:19:461 - info: [HTTP] --> POST /wd/hub/session/a4020fd7-4932-4b04-8ab1-02ea53fba4a5/timeouts {"type":"implicit","ms":0}
2017-07-31 09:18:19:462 - info: [debug] [MJSONWP] Calling AppiumDriver.timeouts() with args: ["implicit",0,"a4020fd7-4932-4b04-8ab1-02ea53fba4a5"]
2017-07-31 09:18:19:462 - info: [debug] [BaseDriver] Set implicit wait to 0ms
2017-07-31 09:18:19:463 - info: [debug] [MJSONWP] Responding to client with driver.timeouts() result: null
2017-07-31 09:18:19:463 - info: [HTTP] <-- POST /wd/hub/session/a4020fd7-4932-4b04-8ab1-02ea53fba4a5/timeouts 200 2 ms - 76 
2017-07-31 09:18:19:473 - info: [HTTP] --> GET /wd/hub/session/a4020fd7-4932-4b04-8ab1-02ea53fba4a5/context {}
2017-07-31 09:18:19:474 - info: [debug] [MJSONWP] Calling AppiumDriver.getCurrentContext() with args: ["a4020fd7-4932-4b04-8ab1-02ea53fba4a5"]
2017-07-31 09:18:19:475 - info: [debug] [MJSONWP] Responding to client with driver.getCurrentContext() result: "NATIVE_APP"
2017-07-31 09:18:19:476 - info: [HTTP] <-- GET /wd/hub/session/a4020fd7-4932-4b04-8ab1-02ea53fba4a5/context 200 3 ms - 84 
2017-07-31 09:18:19:479 - info: [HTTP] --> POST /wd/hub/session/a4020fd7-4932-4b04-8ab1-02ea53fba4a5/elements {"using":"id","value":"com.play.android:id/btn_login"}
2017-07-31 09:18:19:480 - info: [debug] [MJSONWP] Calling AppiumDriver.findElements() with args: ["id","com.play.android:id/btn_login","a4020fd7-4932-4b04-8ab1-02ea53fba4a5"]
2017-07-31 09:18:19:481 - info: [debug] [BaseDriver] Valid locator strategies for this request: xpath, id, class name, accessibility id, -android uiautomator
2017-07-31 09:18:19:481 - info: [debug] [BaseDriver] Valid locator strategies for this request: xpath, id, class name, accessibility id, -android uiautomator
2017-07-31 09:18:19:481 - info: [debug] [BaseDriver] Waiting up to 0 ms for condition
2017-07-31 09:18:19:481 - info: [debug] [AndroidBootstrap] Sending command to android: {"cmd":"action","action":"find","params":{"strategy":"id","selector":"com.play.android:id/btn_login","context":"","multiple":true}}
2017-07-31 09:18:19:488 - info: [AndroidBootstrap] [BOOTSTRAP LOG] [debug] Got data from client: {"cmd":"action","action":"find","params":{"strategy":"id","selector":"com.play.android:id/btn_login","context":"","multiple":true}}
2017-07-31 09:18:19:489 - info: [AndroidBootstrap] [BOOTSTRAP LOG] [debug] Got command of type ACTION
2017-07-31 09:18:19:489 - info: [AndroidBootstrap] [BOOTSTRAP LOG] [debug] Got command action: find
2017-07-31 09:18:19:489 - info: [AndroidBootstrap] [BOOTSTRAP LOG] [debug] Finding 'com.play.android:id/btn_login' using 'ID' with the contextId: '' multiple: true
2017-07-31 09:18:19:489 - info: [AndroidBootstrap] [BOOTSTRAP LOG] [debug] Using: UiSelector[RESOURCE_ID=com.play.android:id/btn_login]
2017-07-31 09:18:19:490 - info: [AndroidBootstrap] [BOOTSTRAP LOG] [debug] getElements selector:UiSelector[RESOURCE_ID=com.play.android:id/btn_login]
2017-07-31 09:18:19:490 - info: [AndroidBootstrap] [BOOTSTRAP LOG] [debug] Element[] is null: (0)
2017-07-31 09:18:19:490 - info: [AndroidBootstrap] [BOOTSTRAP LOG] [debug] getElements tmp selector:UiSelector[INSTANCE=0, RESOURCE_ID=com.play.android:id/btn_login]
2017-07-31 09:18:19:963 - info: [AndroidBootstrap] [BOOTSTRAP LOG] [debug] Element[] is null: (1)
2017-07-31 09:18:19:964 - info: [AndroidBootstrap] [BOOTSTRAP LOG] [debug] getElements tmp selector:UiSelector[INSTANCE=1, RESOURCE_ID=com.play.android:id/btn_login]
2017-07-31 09:18:19:986 - info: [debug] [AndroidBootstrap] Received command result from bootstrap
2017-07-31 09:18:19:987 - info: [debug] [MJSONWP] Responding to client with driver.findElements() result: [{"ELEMENT":"9"}]
2017-07-31 09:18:19:987 - info: [HTTP] <-- POST /wd/hub/session/a4020fd7-4932-4b04-8ab1-02ea53fba4a5/elements 200 508 ms - 89 
2017-07-31 09:18:19:988 - info: [AndroidBootstrap] [BOOTSTRAP LOG] [debug] Returning result: {"value":[{"ELEMENT":"9"}],"status":0}
2017-07-31 09:18:19:997 - info: [HTTP] --> POST /wd/hub/session/a4020fd7-4932-4b04-8ab1-02ea53fba4a5/timeouts {"type":"implicit","ms":20000}
2017-07-31 09:18:19:998 - info: [debug] [MJSONWP] Calling AppiumDriver.timeouts() with args: ["implicit",20000,"a4020fd7-4932-4b04-8ab1-02ea53fba4a5"]
2017-07-31 09:18:19:998 - info: [debug] [BaseDriver] Set implicit wait to 20000ms
2017-07-31 09:18:19:998 - info: [debug] [MJSONWP] Responding to client with driver.timeouts() result: null
2017-07-31 09:18:19:999 - info: [HTTP] <-- POST /wd/hub/session/a4020fd7-4932-4b04-8ab1-02ea53fba4a5/timeouts 200 1 ms - 76 
2017-07-31 09:18:20:003 - info: [HTTP] --> POST /wd/hub/session/a4020fd7-4932-4b04-8ab1-02ea53fba4a5/timeouts {"type":"implicit","ms":0}
2017-07-31 09:18:20:006 - info: [debug] [MJSONWP] Calling AppiumDriver.timeouts() with args: ["implicit",0,"a4020fd7-4932-4b04-8ab1-02ea53fba4a5"]
2017-07-31 09:18:20:007 - info: [debug] [BaseDriver] Set implicit wait to 0ms
2017-07-31 09:18:20:008 - info: [debug] [MJSONWP] Responding to client with driver.timeouts() result: null
2017-07-31 09:18:20:008 - info: [HTTP] <-- POST /wd/hub/session/a4020fd7-4932-4b04-8ab1-02ea53fba4a5/timeouts 200 5 ms - 76 
2017-07-31 09:18:20:011 - info: [HTTP] --> GET /wd/hub/session/a4020fd7-4932-4b04-8ab1-02ea53fba4a5/context {}
2017-07-31 09:18:20:012 - info: [debug] [MJSONWP] Calling AppiumDriver.getCurrentContext() with args: ["a4020fd7-4932-4b04-8ab1-02ea53fba4a5"]
2017-07-31 09:18:20:016 - info: [debug] [MJSONWP] Responding to client with driver.getCurrentContext() result: "NATIVE_APP"
2017-07-31 09:18:20:016 - info: [HTTP] <-- GET /wd/hub/session/a4020fd7-4932-4b04-8ab1-02ea53fba4a5/context 200 5 ms - 84 
2017-07-31 09:18:20:021 - info: [HTTP] --> POST /wd/hub/session/a4020fd7-4932-4b04-8ab1-02ea53fba4a5/elements {"using":"id","value":"com.play.android:id/btn_login"}
2017-07-31 09:18:20:021 - info: [debug] [MJSONWP] Calling AppiumDriver.findElements() with args: ["id","com.play.android:id/btn_login","a4020fd7-4932-4b04-8ab1-02ea53fba4a5"]
2017-07-31 09:18:20:022 - info: [debug] [BaseDriver] Valid locator strategies for this request: xpath, id, class name, accessibility id, -android uiautomator
2017-07-31 09:18:20:022 - info: [debug] [BaseDriver] Valid locator strategies for this request: xpath, id, class name, accessibility id, -android uiautomator
2017-07-31 09:18:20:022 - info: [debug] [BaseDriver] Waiting up to 0 ms for condition
2017-07-31 09:18:20:023 - info: [debug] [AndroidBootstrap] Sending command to android: {"cmd":"action","action":"find","params":{"strategy":"id","selector":"com.play.android:id/btn_login","context":"","multiple":true}}
2017-07-31 09:18:20:027 - info: [AndroidBootstrap] [BOOTSTRAP LOG] [debug] Got data from client: {"cmd":"action","action":"find","params":{"strategy":"id","selector":"com.play.android:id/btn_login","context":"","multiple":true}}
2017-07-31 09:18:20:027 - info: [AndroidBootstrap] [BOOTSTRAP LOG] [debug] Got command of type ACTION
2017-07-31 09:18:20:027 - info: [AndroidBootstrap] [BOOTSTRAP LOG] [debug] Got command action: find
2017-07-31 09:18:20:027 - info: [AndroidBootstrap] [BOOTSTRAP LOG] [debug] Finding 'com.play.android:id/btn_login' using 'ID' with the contextId: '' multiple: true
2017-07-31 09:18:20:028 - info: [AndroidBootstrap] [BOOTSTRAP LOG] [debug] Using: UiSelector[RESOURCE_ID=com.play.android:id/btn_login]
2017-07-31 09:18:20:028 - info: [AndroidBootstrap] [BOOTSTRAP LOG] [debug] getElements selector:UiSelector[RESOURCE_ID=com.play.android:id/btn_login]
2017-07-31 09:18:20:028 - info: [AndroidBootstrap] [BOOTSTRAP LOG] [debug] Element[] is null: (0)
2017-07-31 09:18:20:028 - info: [AndroidBootstrap] [BOOTSTRAP LOG] [debug] getElements tmp selector:UiSelector[INSTANCE=0, RESOURCE_ID=com.play.android:id/btn_login]
2017-07-31 09:18:20:040 - info: [AndroidBootstrap] [BOOTSTRAP LOG] [debug] Element[] is null: (1)
2017-07-31 09:18:20:041 - info: [AndroidBootstrap] [BOOTSTRAP LOG] [debug] getElements tmp selector:UiSelector[INSTANCE=1, RESOURCE_ID=com.play.android:id/btn_login]
2017-07-31 09:18:20:062 - info: [AndroidBootstrap] [BOOTSTRAP LOG] [debug] Returning result: {"value":[{"ELEMENT":"10"}],"status":0}
2017-07-31 09:18:20:062 - info: [debug] [AndroidBootstrap] Received command result from bootstrap
2017-07-31 09:18:20:063 - info: [debug] [MJSONWP] Responding to client with driver.findElements() result: [{"ELEMENT":"10"}]
2017-07-31 09:18:20:064 - info: [HTTP] <-- POST /wd/hub/session/a4020fd7-4932-4b04-8ab1-02ea53fba4a5/elements 200 43 ms - 90 
2017-07-31 09:18:20:067 - info: [HTTP] --> POST /wd/hub/session/a4020fd7-4932-4b04-8ab1-02ea53fba4a5/timeouts {"type":"implicit","ms":20000}
2017-07-31 09:18:20:068 - info: [debug] [MJSONWP] Calling AppiumDriver.timeouts() with args: ["implicit",20000,"a4020fd7-4932-4b04-8ab1-02ea53fba4a5"]
2017-07-31 09:18:20:068 - info: [debug] [BaseDriver] Set implicit wait to 20000ms
2017-07-31 09:18:20:069 - info: [debug] [MJSONWP] Responding to client with driver.timeouts() result: null
2017-07-31 09:18:20:069 - info: [HTTP] <-- POST /wd/hub/session/a4020fd7-4932-4b04-8ab1-02ea53fba4a5/timeouts 200 2 ms - 76 
2017-07-31 09:18:20:074 - info: [HTTP] --> POST /wd/hub/session/a4020fd7-4932-4b04-8ab1-02ea53fba4a5/element/10/click {"id":"10"}
2017-07-31 09:18:20:075 - info: [debug] [MJSONWP] Calling AppiumDriver.click() with args: ["10","a4020fd7-4932-4b04-8ab1-02ea53fba4a5"]
2017-07-31 09:18:20:076 - info: [debug] [AndroidBootstrap] Sending command to android: {"cmd":"action","action":"element:click","params":{"elementId":"10"}}
2017-07-31 09:18:20:078 - info: [AndroidBootstrap] [BOOTSTRAP LOG] [debug] Got data from client: {"cmd":"action","action":"element:click","params":{"elementId":"10"}}
2017-07-31 09:18:20:078 - info: [AndroidBootstrap] [BOOTSTRAP LOG] [debug] Got command of type ACTION
2017-07-31 09:18:20:078 - info: [AndroidBootstrap] [BOOTSTRAP LOG] [debug] Got command action: click
2017-07-31 09:18:20:202 - info: [AndroidBootstrap] [BOOTSTRAP LOG] [debug] Returning result: {"value":true,"status":0}
2017-07-31 09:18:20:203 - info: [debug] [AndroidBootstrap] Received command result from bootstrap
2017-07-31 09:18:20:203 - info: [debug] [MJSONWP] Responding to client with driver.click() result: true
2017-07-31 09:18:20:204 - info: [HTTP] <-- POST /wd/hub/session/a4020fd7-4932-4b04-8ab1-02ea53fba4a5/element/10/click 200 129 ms - 76 
2017-07-31 09:18:20:708 - info: [HTTP] --> GET /wd/hub/session/a4020fd7-4932-4b04-8ab1-02ea53fba4a5/appium/device/current_activity {}
2017-07-31 09:18:20:708 - info: [debug] [MJSONWP] Calling AppiumDriver.getCurrentActivity() with args: ["a4020fd7-4932-4b04-8ab1-02ea53fba4a5"]
2017-07-31 09:18:20:709 - info: [debug] [ADB] Getting focused package and activity
2017-07-31 09:18:20:709 - info: [debug] [ADB] Getting connected devices...
2017-07-31 09:18:20:971 - info: [debug] [ADB] 1 device(s) connected
2017-07-31 09:18:20:972 - info: [debug] [ADB] Running 'D:\Android\AndroidSDK\platform-tools\adb.exe' with args: ["-P",5037,"-s","127.0.0.1:62001","shell","dumpsys","window","windows"]
2017-07-31 09:18:21:067 - info: [debug] [MJSONWP] Responding to client with driver.getCurrentActivity() result: ".activity.main.HomeActivity"
2017-07-31 09:18:21:068 - info: [HTTP] <-- GET /wd/hub/session/a4020fd7-4932-4b04-8ab1-02ea53fba4a5/appium/device/current_activity 200 360 ms - 101 
2017-07-31 09:18:21:084 - info: [HTTP] --> DELETE /wd/hub/session/a4020fd7-4932-4b04-8ab1-02ea53fba4a5 {}
2017-07-31 09:18:21:085 - info: [debug] [MJSONWP] Calling AppiumDriver.deleteSession() with args: ["a4020fd7-4932-4b04-8ab1-02ea53fba4a5"]
2017-07-31 09:18:21:086 - info: [debug] [BaseDriver] Event 'quitSessionRequested' logged at 1501492701085 (17:18:21 GMT+0800 (中国标准时间))
2017-07-31 09:18:21:088 - info: [debug] [AndroidDriver] Shutting down Android driver
2017-07-31 09:18:21:089 - info: [debug] [ADB] Getting connected devices...
2017-07-31 09:18:21:156 - info: [debug] [ADB] 1 device(s) connected
2017-07-31 09:18:21:157 - info: [debug] [ADB] Running 'D:\Android\AndroidSDK\platform-tools\adb.exe' with args: ["-P",5037,"-s","127.0.0.1:62001","shell","am","force-stop","com.play.android"]
2017-07-31 09:18:21:907 - info: [debug] [ADB] Pressing the HOME button
2017-07-31 09:18:21:908 - info: [debug] [ADB] Getting connected devices...
2017-07-31 09:18:21:951 - info: [debug] [ADB] 1 device(s) connected
2017-07-31 09:18:21:952 - info: [debug] [ADB] Running 'D:\Android\AndroidSDK\platform-tools\adb.exe' with args: ["-P",5037,"-s","127.0.0.1:62001","shell","input","keyevent",3]
2017-07-31 09:18:22:605 - info: [debug] [AndroidBootstrap] Sending command to android: {"cmd":"shutdown"}
2017-07-31 09:18:22:610 - info: [debug] [AndroidBootstrap] Received command result from bootstrap
2017-07-31 09:18:22:611 - info: [debug] [UiAutomator] Shutting down UiAutomator
2017-07-31 09:18:22:611 - info: [debug] [UiAutomator] Moving to state 'stopping'
2017-07-31 09:18:22:613 - info: [AndroidBootstrap] [BOOTSTRAP LOG] [debug] Got data from client: {"cmd":"shutdown"}
2017-07-31 09:18:22:613 - info: [AndroidBootstrap] [BOOTSTRAP LOG] [debug] Got command of type SHUTDOWN
2017-07-31 09:18:22:613 - info: [AndroidBootstrap] [BOOTSTRAP LOG] [debug] Returning result: {"value":"OK, shutting down","status":0}
2017-07-31 09:18:22:613 - info: [AndroidBootstrap] [BOOTSTRAP LOG] [debug] Closed client connection
2017-07-31 09:18:22:613 - info: [debug] [AndroidBootstrap] [UIAUTO STDOUT] INSTRUMENTATION_STATUS: numtests=1
2017-07-31 09:18:22:613 - info: [debug] [AndroidBootstrap] [UIAUTO STDOUT] INSTRUMENTATION_STATUS: stream=.
2017-07-31 09:18:22:613 - info: [debug] [AndroidBootstrap] [UIAUTO STDOUT] INSTRUMENTATION_STATUS: id=UiAutomatorTestRunner
2017-07-31 09:18:22:613 - info: [debug] [AndroidBootstrap] [UIAUTO STDOUT] INSTRUMENTATION_STATUS: test=testRunServer
2017-07-31 09:18:22:613 - info: [debug] [AndroidBootstrap] [UIAUTO STDOUT] INSTRUMENTATION_STATUS: class=io.appium.android.bootstrap.Bootstrap
2017-07-31 09:18:22:614 - info: [debug] [AndroidBootstrap] [UIAUTO STDOUT] INSTRUMENTATION_STATUS: current=1
2017-07-31 09:18:22:614 - info: [debug] [AndroidBootstrap] [UIAUTO STDOUT] INSTRUMENTATION_STATUS_CODE: 0
2017-07-31 09:18:22:614 - info: [debug] [AndroidBootstrap] [UIAUTO STDOUT] INSTRUMENTATION_STATUS: stream=
2017-07-31 09:18:22:614 - info: [debug] [AndroidBootstrap] [UIAUTO STDOUT] Test results for WatcherResultPrinter=.
2017-07-31 09:18:22:614 - info: [debug] [AndroidBootstrap] [UIAUTO STDOUT] Time: 21.897
2017-07-31 09:18:22:614 - info: [debug] [AndroidBootstrap] [UIAUTO STDOUT] OK (1 test)
2017-07-31 09:18:22:614 - info: [debug] [AndroidBootstrap] [UIAUTO STDOUT] INSTRUMENTATION_STATUS_CODE: -1
2017-07-31 09:18:22:635 - info: [debug] [UiAutomator] UiAutomator shut down normally
2017-07-31 09:18:22:635 - info: [debug] [UiAutomator] Moving to state 'stopped'
2017-07-31 09:18:22:635 - info: [debug] [ADB] Attempting to kill all uiautomator processes
2017-07-31 09:18:22:636 - info: [debug] [ADB] Getting all processes with uiautomator
2017-07-31 09:18:22:636 - info: [debug] [ADB] Getting connected devices...
2017-07-31 09:18:22:691 - info: [debug] [ADB] 1 device(s) connected
2017-07-31 09:18:22:691 - info: [debug] [ADB] Running 'D:\Android\AndroidSDK\platform-tools\adb.exe' with args: ["-P",5037,"-s","127.0.0.1:62001","shell","ps"]
2017-07-31 09:18:23:217 - info: [ADB] No uiautomator process found to kill, continuing...
2017-07-31 09:18:23:217 - info: [debug] [UiAutomator] Moving to state 'stopped'
2017-07-31 09:18:23:219 - info: [debug] [Logcat] Stopping logcat capture
2017-07-31 09:18:23:706 - info: [debug] [ADB] Getting connected devices...
2017-07-31 09:18:23:744 - info: [debug] [ADB] 1 device(s) connected
2017-07-31 09:18:23:744 - info: [debug] [ADB] Running 'D:\Android\AndroidSDK\platform-tools\adb.exe' with args: ["-P",5037,"-s","127.0.0.1:62001","shell","am","force-stop","io.appium.unlock"]
2017-07-31 09:18:24:346 - info: [debug] [AndroidDriver] Not cleaning generated files. Add `clearSystemFiles` capability if wanted.
2017-07-31 09:18:24:347 - info: [Appium] Removing session a4020fd7-4932-4b04-8ab1-02ea53fba4a5 from our master session list
2017-07-31 09:18:24:347 - info: [debug] [BaseDriver] Event 'quitSessionFinished' logged at 1501492704347 (17:18:24 GMT+0800 (中国标准时间))
2017-07-31 09:18:24:347 - info: [debug] [MJSONWP] Received response: null
2017-07-31 09:18:24:347 - info: [debug] [MJSONWP] But deleting session, so not returning
2017-07-31 09:18:24:348 - info: [debug] [MJSONWP] Responding to client with driver.deleteSession() result: null
2017-07-31 09:18:24:348 - info: [HTTP] <-- DELETE /wd/hub/session/a4020fd7-4932-4b04-8ab1-02ea53fba4a5 200 3264 ms - 76 
