2017-08-01 04:01:25:762 - info: [Appium] Welcome to Appium v1.6.5
2017-08-01 04:01:25:764 - info: [Appium] Non-default server args:
2017-08-01 04:01:25:765 - info: [Appium]   address: 127.0.0.1
2017-08-01 04:01:25:765 - info: [Appium]   log: D:\workspace\AppiumForCmall\log\main1501560079737.log
2017-08-01 04:01:25:766 - info: [Appium]   defaultCapabilities: {
2017-08-01 04:01:25:766 - info: [Appium]     deviceName: 127.0.0.1:62001
2017-08-01 04:01:25:766 - info: [Appium]   }
2017-08-01 04:01:25:767 - info: [Appium] Default capabilities, which will be added to each request unless overridden by desired capabilities:
2017-08-01 04:01:25:769 - info: [Appium]   deviceName: '127.0.0.1:62001'
2017-08-01 04:01:25:821 - info: [Appium] Appium REST http interface listener started on 127.0.0.1:4723
2017-08-01 04:01:26:565 - info: [HTTP] --> GET /wd/hub/status {}
2017-08-01 04:01:26:568 - info: [debug] [MJSONWP] Calling AppiumDriver.getStatus() with args: []
2017-08-01 04:01:26:620 - info: [debug] [MJSONWP] Responding to client with driver.getStatus() result: {"build":{"version":"1.6.5","revision":null}}
2017-08-01 04:01:26:625 - info: [HTTP] <-- GET /wd/hub/status 200 58 ms - 83 
2017-08-01 04:01:27:255 - info: [HTTP] --> POST /wd/hub/session {"desiredCapabilities":{"app":"D:\\workspace\\AppiumForCmall\\apps\\play-debug.apk","appPackage":"com.play.android","appActivity":"com.play.android.activity.SplashActivity","noset":false,"unicodeKeyboard":true,"platformName":"Android","deviceName":"127.0.0.1:62001"}}
2017-08-01 04:01:27:255 - info: [debug] [MJSONWP] Calling AppiumDriver.createSession() with args: [{"app":"D:\\workspace\\AppiumForCmall\\apps\\play-debug.apk","appPackage":"com.play.android","appActivity":"com.play.android.activity.SplashActivity","noset":false,"unicodeKeyboard":true,"platformName":"Android","deviceName":"127.0.0.1:62001"},null,null]
2017-08-01 04:01:27:256 - info: [debug] [BaseDriver] Event 'newSessionRequested' logged at 1501560087256 (12:01:27 GMT+0800 (中国标准时间))
2017-08-01 04:01:27:258 - info: [Appium] Creating new AndroidDriver (v1.20.0) session
2017-08-01 04:01:27:258 - info: [Appium] Capabilities:
2017-08-01 04:01:27:259 - info: [Appium]   app: 'D:\\workspace\\AppiumForCmall\\apps\\play-debug.apk'
2017-08-01 04:01:27:259 - info: [Appium]   appPackage: 'com.play.android'
2017-08-01 04:01:27:259 - info: [Appium]   appActivity: 'com.play.android.activity.SplashActivity'
2017-08-01 04:01:27:259 - info: [Appium]   noset: false
2017-08-01 04:01:27:259 - info: [Appium]   unicodeKeyboard: true
2017-08-01 04:01:27:259 - info: [Appium]   platformName: 'Android'
2017-08-01 04:01:27:259 - info: [Appium]   deviceName: '127.0.0.1:62001'
2017-08-01 04:01:27:261 - info: [debug] [AndroidDriver] AndroidDriver version: 1.20.0
2017-08-01 04:01:27:276 - warn: [BaseDriver] The following capabilities were provided, but are not recognized by appium: noset.
2017-08-01 04:01:27:278 - info: [BaseDriver] Session created with session id: 96217647-2680-4029-b2d5-869caa7c364a
2017-08-01 04:01:27:279 - info: [debug] [AndroidDriver] Getting Java version
2017-08-01 04:01:27:389 - info: [AndroidDriver] Java version is: 1.8.0_131
2017-08-01 04:01:27:392 - info: [ADB] Checking whether adb is present
2017-08-01 04:01:27:395 - info: [ADB] Using adb.exe from D:\Android\AndroidSDK\platform-tools\adb.exe
2017-08-01 04:01:27:395 - info: [AndroidDriver] Retrieving device list
2017-08-01 04:01:27:396 - info: [debug] [ADB] Trying to find a connected android device
2017-08-01 04:01:27:397 - info: [debug] [ADB] Getting connected devices...
2017-08-01 04:01:27:433 - info: [debug] [ADB] 1 device(s) connected
2017-08-01 04:01:27:434 - info: [AndroidDriver] Using device: 127.0.0.1:62001
2017-08-01 04:01:27:435 - info: [ADB] Checking whether adb is present
2017-08-01 04:01:27:437 - info: [ADB] Using adb.exe from D:\Android\AndroidSDK\platform-tools\adb.exe
2017-08-01 04:01:27:438 - info: [debug] [ADB] Setting device id to 127.0.0.1:62001
2017-08-01 04:01:27:440 - info: [BaseDriver] Using local app 'D:\workspace\AppiumForCmall\apps\play-debug.apk'
2017-08-01 04:01:27:440 - info: [debug] [AndroidDriver] Checking whether app is actually present
2017-08-01 04:01:27:441 - info: [AndroidDriver] Starting Android session
2017-08-01 04:01:27:445 - info: [debug] [ADB] Running 'D:\Android\AndroidSDK\platform-tools\adb.exe' with args: ["-P",5037,"-s","127.0.0.1:62001","wait-for-device"]
2017-08-01 04:01:27:478 - info: [debug] [ADB] Getting connected devices...
2017-08-01 04:01:27:512 - info: [debug] [ADB] 1 device(s) connected
2017-08-01 04:01:27:513 - info: [debug] [ADB] Running 'D:\Android\AndroidSDK\platform-tools\adb.exe' with args: ["-P",5037,"-s","127.0.0.1:62001","shell","echo","ping"]
2017-08-01 04:01:27:557 - info: [debug] [Logcat] Starting logcat capture
2017-08-01 04:01:27:592 - info: [debug] [AndroidDriver] Enabling Unicode keyboard support
2017-08-01 04:01:27:592 - info: [debug] [AndroidDriver] Pushing unicode ime to device...
2017-08-01 04:01:27:593 - info: [debug] [ADB] Running 'D:\Android\AndroidSDK\platform-tools\adb.exe' with args: ["-P",5037,"-s","127.0.0.1:62001","install","D:\\nodejs\\node_modules\\appium\\node_modules\\appium-android-ime\\bin\\UnicodeIME-debug.apk"]
2017-08-01 04:01:28:278 - info: [debug] [ADB] Getting connected devices...
2017-08-01 04:01:28:310 - info: [debug] [ADB] 1 device(s) connected
2017-08-01 04:01:28:311 - info: [debug] [ADB] Running 'D:\Android\AndroidSDK\platform-tools\adb.exe' with args: ["-P",5037,"-s","127.0.0.1:62001","shell","settings","get","secure","default_input_method"]
2017-08-01 04:01:28:886 - info: [debug] [AndroidDriver] Unsetting previous IME io.appium.android.ime/.UnicodeIME
2017-08-01 04:01:28:886 - info: [debug] [AndroidDriver] Setting IME to 'io.appium.android.ime/.UnicodeIME'
2017-08-01 04:01:28:887 - info: [debug] [ADB] Getting connected devices...
2017-08-01 04:01:28:917 - info: [debug] [ADB] 1 device(s) connected
2017-08-01 04:01:28:917 - info: [debug] [ADB] Running 'D:\Android\AndroidSDK\platform-tools\adb.exe' with args: ["-P",5037,"-s","127.0.0.1:62001","shell","ime","enable","io.appium.android.ime/.UnicodeIME"]
2017-08-01 04:01:29:497 - info: [debug] [ADB] Getting connected devices...
2017-08-01 04:01:29:530 - info: [debug] [ADB] 1 device(s) connected
2017-08-01 04:01:29:531 - info: [debug] [ADB] Running 'D:\Android\AndroidSDK\platform-tools\adb.exe' with args: ["-P",5037,"-s","127.0.0.1:62001","shell","ime","set","io.appium.android.ime/.UnicodeIME"]
2017-08-01 04:01:30:107 - info: [debug] [AndroidDriver] Pushing settings apk to device...
2017-08-01 04:01:30:108 - info: [debug] [ADB] Getting install status for io.appium.settings
2017-08-01 04:01:30:109 - info: [debug] [ADB] Getting connected devices...
2017-08-01 04:01:30:141 - info: [debug] [ADB] 1 device(s) connected
2017-08-01 04:01:30:143 - info: [debug] [ADB] Running 'D:\Android\AndroidSDK\platform-tools\adb.exe' with args: ["-P",5037,"-s","127.0.0.1:62001","shell","pm","list","packages","io.appium.settings"]
2017-08-01 04:01:30:734 - info: [debug] [ADB] App is installed
2017-08-01 04:01:30:735 - info: [debug] [ADB] Getting package info for io.appium.settings
2017-08-01 04:01:30:735 - info: [debug] [ADB] Getting connected devices...
2017-08-01 04:01:30:745 - info: [ADB] Checking whether aapt is present
2017-08-01 04:01:30:753 - info: [ADB] Using aapt.exe from D:\Android\AndroidSDK\build-tools\23.0.3\aapt.exe
2017-08-01 04:01:30:768 - info: [debug] [ADB] 1 device(s) connected
2017-08-01 04:01:30:768 - info: [debug] [ADB] Running 'D:\Android\AndroidSDK\platform-tools\adb.exe' with args: ["-P",5037,"-s","127.0.0.1:62001","shell","dumpsys","package","io.appium.settings"]
2017-08-01 04:01:30:794 - warn: [ADB] Cannot read version codes of D:\nodejs\node_modules\appium\node_modules\io.appium.settings\app\build\outputs\apk\settings_apk-debug.apk and/or io.appium.settings. Assuming correct app version is already installed
2017-08-01 04:01:30:795 - info: [debug] [ADB] Getting connected devices...
2017-08-01 04:01:30:834 - info: [debug] [ADB] 1 device(s) connected
2017-08-01 04:01:30:835 - info: [debug] [ADB] Running 'D:\Android\AndroidSDK\platform-tools\adb.exe' with args: ["-P",5037,"-s","127.0.0.1:62001","shell","getprop","ro.build.version.sdk"]
2017-08-01 04:01:30:873 - info: [debug] [ADB] Device API level: 19
2017-08-01 04:01:30:873 - info: [debug] [ADB] Getting connected devices...
2017-08-01 04:01:30:904 - info: [debug] [ADB] 1 device(s) connected
2017-08-01 04:01:30:905 - info: [debug] [ADB] Running 'D:\Android\AndroidSDK\platform-tools\adb.exe' with args: ["-P",5037,"-s","127.0.0.1:62001","shell","dumpsys","package","io.appium.settings"]
2017-08-01 04:01:30:953 - info: [debug] [AndroidDriver] Pushing unlock helper app to device...
2017-08-01 04:01:30:954 - info: [debug] [ADB] Running 'D:\Android\AndroidSDK\platform-tools\adb.exe' with args: ["-P",5037,"-s","127.0.0.1:62001","install","D:\\nodejs\\node_modules\\appium\\node_modules\\appium-unlock\\bin\\unlock_apk-debug.apk"]
2017-08-01 04:01:31:571 - info: [debug] [ADB] Device API level: 19
2017-08-01 04:01:31:572 - info: [debug] [ADB] Getting connected devices...
2017-08-01 04:01:31:605 - info: [debug] [ADB] 1 device(s) connected
2017-08-01 04:01:31:605 - info: [debug] [ADB] Running 'D:\Android\AndroidSDK\platform-tools\adb.exe' with args: ["-P",5037,"-s","127.0.0.1:62001","shell","settings","put","secure","mock_location","1"]
2017-08-01 04:01:32:210 - info: [ADB] Getting device platform version
2017-08-01 04:01:32:210 - info: [debug] [ADB] Getting connected devices...
2017-08-01 04:01:32:241 - info: [debug] [ADB] 1 device(s) connected
2017-08-01 04:01:32:242 - info: [debug] [ADB] Running 'D:\Android\AndroidSDK\platform-tools\adb.exe' with args: ["-P",5037,"-s","127.0.0.1:62001","shell","getprop","ro.build.version.release"]
2017-08-01 04:01:32:281 - info: [debug] [ADB] Getting connected devices...
2017-08-01 04:01:32:313 - info: [debug] [ADB] 1 device(s) connected
2017-08-01 04:01:32:313 - info: [debug] [ADB] Running 'D:\Android\AndroidSDK\platform-tools\adb.exe' with args: ["-P",5037,"-s","127.0.0.1:62001","shell","wm","size"]
2017-08-01 04:01:32:911 - info: [debug] [ADB] Getting connected devices...
2017-08-01 04:01:32:940 - info: [debug] [ADB] 1 device(s) connected
2017-08-01 04:01:32:940 - info: [debug] [ADB] Running 'D:\Android\AndroidSDK\platform-tools\adb.exe' with args: ["-P",5037,"-s","127.0.0.1:62001","shell","getprop","ro.product.model"]
2017-08-01 04:01:32:974 - info: [debug] [ADB] Current device property 'ro.product.model': Redmi 3
2017-08-01 04:01:32:975 - info: [debug] [ADB] Getting connected devices...
2017-08-01 04:01:33:005 - info: [debug] [ADB] 1 device(s) connected
2017-08-01 04:01:33:006 - info: [debug] [ADB] Running 'D:\Android\AndroidSDK\platform-tools\adb.exe' with args: ["-P",5037,"-s","127.0.0.1:62001","shell","getprop","ro.product.manufacturer"]
2017-08-01 04:01:33:051 - info: [debug] [ADB] Current device property 'ro.product.manufacturer': Xiaomi
2017-08-01 04:01:33:194 - info: [AndroidDriver] Remote apk path is /data/local/tmp/15d3311f063b134c1cf121d1019c9163.apk
2017-08-01 04:01:33:195 - info: [debug] [ADB] Getting connected devices...
2017-08-01 04:01:33:229 - info: [debug] [ADB] 1 device(s) connected
2017-08-01 04:01:33:230 - info: [debug] [ADB] Running 'D:\Android\AndroidSDK\platform-tools\adb.exe' with args: ["-P",5037,"-s","127.0.0.1:62001","shell","ls","/data/local/tmp/15d3311f063b134c1cf121d1019c9163.apk"]
2017-08-01 04:01:33:272 - info: [debug] [AndroidDriver] Checking if app is installed
2017-08-01 04:01:33:272 - info: [debug] [ADB] Getting install status for com.play.android
2017-08-01 04:01:33:273 - info: [debug] [ADB] Getting connected devices...
2017-08-01 04:01:33:304 - info: [debug] [ADB] 1 device(s) connected
2017-08-01 04:01:33:305 - info: [debug] [ADB] Running 'D:\Android\AndroidSDK\platform-tools\adb.exe' with args: ["-P",5037,"-s","127.0.0.1:62001","shell","pm","list","packages","com.play.android"]
2017-08-01 04:01:33:891 - info: [debug] [ADB] App is installed
2017-08-01 04:01:33:891 - info: [AndroidDriver] Apk is already on remote and installed, resetting
2017-08-01 04:01:33:892 - info: [debug] [AndroidDriver] Running fast reset (stop and clear)
2017-08-01 04:01:33:892 - info: [debug] [ADB] Getting connected devices...
2017-08-01 04:01:33:924 - info: [debug] [ADB] 1 device(s) connected
2017-08-01 04:01:33:924 - info: [debug] [ADB] Running 'D:\Android\AndroidSDK\platform-tools\adb.exe' with args: ["-P",5037,"-s","127.0.0.1:62001","shell","am","force-stop","com.play.android"]
2017-08-01 04:01:34:497 - info: [debug] [ADB] Getting connected devices...
2017-08-01 04:01:34:528 - info: [debug] [ADB] 1 device(s) connected
2017-08-01 04:01:34:528 - info: [debug] [ADB] Running 'D:\Android\AndroidSDK\platform-tools\adb.exe' with args: ["-P",5037,"-s","127.0.0.1:62001","shell","pm","clear","com.play.android"]
2017-08-01 04:01:35:161 - info: [debug] [AndroidDriver] Extracting strings from apk D:\workspace\AppiumForCmall\apps\play-debug.apk null C:\Users\cm\AppData\Local\Temp\com.play.android
2017-08-01 04:01:35:161 - info: [debug] [ADB] Extracting strings for language: default
2017-08-01 04:01:35:162 - info: [debug] [ADB] Device API level: 19
2017-08-01 04:01:35:162 - info: [debug] [ADB] Getting connected devices...
2017-08-01 04:01:35:195 - info: [debug] [ADB] 1 device(s) connected
2017-08-01 04:01:35:195 - info: [debug] [ADB] Running 'D:\Android\AndroidSDK\platform-tools\adb.exe' with args: ["-P",5037,"-s","127.0.0.1:62001","shell","getprop","persist.sys.language"]
2017-08-01 04:01:35:240 - info: [debug] [ADB] Current device property 'persist.sys.language': zh
2017-08-01 04:01:36:349 - info: [debug] [ADB] Reading strings from converted strings.json
2017-08-01 04:01:36:352 - info: [debug] [ADB] Running 'D:\Android\AndroidSDK\platform-tools\adb.exe' with args: ["-P",5037,"-s","127.0.0.1:62001","push","C:\\Users\\cm\\AppData\\Local\\Temp\\com.play.android\\strings.json","/data/local/tmp"]
2017-08-01 04:01:36:399 - info: [debug] [AndroidBootstrap] Watching for bootstrap disconnect
2017-08-01 04:01:36:401 - info: [debug] [ADB] Forwarding system: 4724 to device: 4724
2017-08-01 04:01:36:401 - info: [debug] [ADB] Running 'D:\Android\AndroidSDK\platform-tools\adb.exe' with args: ["-P",5037,"-s","127.0.0.1:62001","forward","tcp:4724","tcp:4724"]
2017-08-01 04:01:36:409 - info: [debug] [UiAutomator] Starting UiAutomator
2017-08-01 04:01:36:409 - info: [debug] [UiAutomator] Moving to state 'starting'
2017-08-01 04:01:36:410 - info: [debug] [UiAutomator] Parsing uiautomator jar
2017-08-01 04:01:36:410 - info: [debug] [UiAutomator] Found jar name: 'AppiumBootstrap.jar'
2017-08-01 04:01:36:410 - info: [debug] [ADB] Running 'D:\Android\AndroidSDK\platform-tools\adb.exe' with args: ["-P",5037,"-s","127.0.0.1:62001","push","D:\\nodejs\\node_modules\\appium\\node_modules\\appium-android-bootstrap\\bootstrap\\bin\\AppiumBootstrap.jar","/data/local/tmp/"]
2017-08-01 04:01:36:458 - info: [debug] [ADB] Attempting to kill all uiautomator processes
2017-08-01 04:01:36:458 - info: [debug] [ADB] Getting all processes with uiautomator
2017-08-01 04:01:36:459 - info: [debug] [ADB] Getting connected devices...
2017-08-01 04:01:36:486 - info: [debug] [ADB] 1 device(s) connected
2017-08-01 04:01:36:487 - info: [debug] [ADB] Running 'D:\Android\AndroidSDK\platform-tools\adb.exe' with args: ["-P",5037,"-s","127.0.0.1:62001","shell","ps"]
2017-08-01 04:01:36:534 - info: [ADB] No uiautomator process found to kill, continuing...
2017-08-01 04:01:36:534 - info: [debug] [UiAutomator] Starting UIAutomator
2017-08-01 04:01:36:535 - info: [debug] [ADB] Creating ADB subprocess with args: ["-P",5037,"-s","127.0.0.1:62001","shell","uiautomator","runtest","AppiumBootstrap.jar","-c","io.appium.android.bootstrap.Bootstrap","-e","pkg","com.play.android","-e","disableAndroidWatchers",false,"-e","acceptSslCerts",false]
2017-08-01 04:01:36:939 - info: [debug] [UiAutomator] Moving to state 'online'
2017-08-01 04:01:36:944 - info: [AndroidBootstrap] Android bootstrap socket is now connected
2017-08-01 04:01:36:945 - info: [debug] [ADB] Getting connected devices...
2017-08-01 04:01:36:953 - info: [AndroidBootstrap] [BOOTSTRAP LOG] [debug] json loading complete.
2017-08-01 04:01:36:954 - info: [AndroidBootstrap] [BOOTSTRAP LOG] [debug] Registered crash watchers.
2017-08-01 04:01:36:954 - info: [AndroidBootstrap] [BOOTSTRAP LOG] [debug] Client connected
2017-08-01 04:01:36:974 - info: [debug] [ADB] 1 device(s) connected
2017-08-01 04:01:36:974 - info: [debug] [ADB] Running 'D:\Android\AndroidSDK\platform-tools\adb.exe' with args: ["-P",5037,"-s","127.0.0.1:62001","shell","dumpsys","window"]
2017-08-01 04:01:37:025 - info: [AndroidDriver] Screen already unlocked, doing nothing
2017-08-01 04:01:37:027 - info: [debug] [ADB] Device API level: 19
2017-08-01 04:01:37:027 - info: [debug] [ADB] Getting connected devices...
2017-08-01 04:01:37:056 - info: [debug] [ADB] 1 device(s) connected
2017-08-01 04:01:37:057 - info: [debug] [ADB] Running 'D:\Android\AndroidSDK\platform-tools\adb.exe' with args: ["-P",5037,"-s","127.0.0.1:62001","shell","am","start","-W","-n","com.play.android/com.play.android.activity.SplashActivity","-S","-a","android.intent.action.MAIN","-c","android.intent.category.LAUNCHER","-f","0x10200000"]
2017-08-01 04:01:39:785 - info: [Appium] New AndroidDriver session created successfully, session 96217647-2680-4029-b2d5-869caa7c364a added to master session list
2017-08-01 04:01:39:786 - info: [debug] [BaseDriver] Event 'newSessionStarted' logged at 1501560099786 (12:01:39 GMT+0800 (中国标准时间))
2017-08-01 04:01:39:787 - info: [debug] [MJSONWP] Responding to client with driver.createSession() result: {"platform":"LINUX","webStorageEnabled":false,"takesScreenshot":true,"javascriptEnabled":true,"databaseEnabled":false,"networkConnectionEnabled":true,"locationContextEnabled":false,"warnings":{},"desired":{"app":"D:\\workspace\\AppiumForCmall\\apps\\play-debug.apk","appPackage":"com.play.android","appActivity":"com.play.android.activity.SplashActivity","noset":false,"unicodeKeyboard":true,"platformName":"Android","deviceName":"127.0.0.1:62001"},"app":"D:\\workspace\\AppiumForCmall\\apps\\play-debug.apk","appPackage":"com.play.android","appActivity":"com.play.android.activity.SplashActivity","noset":false,"unicodeKeyboard":true,"platformName":"Android","deviceName":"127.0.0.1:62001","deviceUDID":"127.0.0.1:62001","platformVersion":"4.4.2","deviceScreenSize":"720x1280","deviceModel":"Redmi 3","deviceManufacturer":"Xiaomi"}
2017-08-01 04:01:39:789 - info: [HTTP] <-- POST /wd/hub/session 200 12533 ms - 904 
2017-08-01 04:01:40:043 - info: [HTTP] --> GET /wd/hub/session/96217647-2680-4029-b2d5-869caa7c364a/appium/device/current_activity {}
2017-08-01 04:01:40:047 - info: [debug] [MJSONWP] Calling AppiumDriver.getCurrentActivity() with args: ["96217647-2680-4029-b2d5-869caa7c364a"]
2017-08-01 04:01:40:049 - info: [debug] [ADB] Getting focused package and activity
2017-08-01 04:01:40:049 - info: [debug] [ADB] Getting connected devices...
2017-08-01 04:01:40:089 - info: [debug] [ADB] 1 device(s) connected
2017-08-01 04:01:40:089 - info: [debug] [ADB] Running 'D:\Android\AndroidSDK\platform-tools\adb.exe' with args: ["-P",5037,"-s","127.0.0.1:62001","shell","dumpsys","window","windows"]
2017-08-01 04:01:40:142 - info: [debug] [MJSONWP] Responding to client with driver.getCurrentActivity() result: ".activity.main.HomeActivity"
2017-08-01 04:01:40:143 - info: [HTTP] <-- GET /wd/hub/session/96217647-2680-4029-b2d5-869caa7c364a/appium/device/current_activity 200 100 ms - 101 
2017-08-01 04:01:40:151 - info: [HTTP] --> POST /wd/hub/session/96217647-2680-4029-b2d5-869caa7c364a/timeouts {"type":"implicit","ms":0}
2017-08-01 04:01:40:152 - info: [debug] [MJSONWP] Calling AppiumDriver.timeouts() with args: ["implicit",0,"96217647-2680-4029-b2d5-869caa7c364a"]
2017-08-01 04:01:40:153 - info: [debug] [BaseDriver] Set implicit wait to 0ms
2017-08-01 04:01:40:154 - info: [debug] [MJSONWP] Responding to client with driver.timeouts() result: null
2017-08-01 04:01:40:155 - info: [HTTP] <-- POST /wd/hub/session/96217647-2680-4029-b2d5-869caa7c364a/timeouts 200 3 ms - 76 
2017-08-01 04:01:40:162 - info: [HTTP] --> GET /wd/hub/session/96217647-2680-4029-b2d5-869caa7c364a/context {}
2017-08-01 04:01:40:162 - info: [debug] [MJSONWP] Calling AppiumDriver.getCurrentContext() with args: ["96217647-2680-4029-b2d5-869caa7c364a"]
2017-08-01 04:01:40:163 - info: [debug] [MJSONWP] Responding to client with driver.getCurrentContext() result: "NATIVE_APP"
2017-08-01 04:01:40:164 - info: [HTTP] <-- GET /wd/hub/session/96217647-2680-4029-b2d5-869caa7c364a/context 200 2 ms - 84 
2017-08-01 04:01:40:168 - info: [HTTP] --> POST /wd/hub/session/96217647-2680-4029-b2d5-869caa7c364a/elements {"using":"id","value":"com.play.android:id/btn_profile"}
2017-08-01 04:01:40:168 - info: [debug] [MJSONWP] Calling AppiumDriver.findElements() with args: ["id","com.play.android:id/btn_profile","96217647-2680-4029-b2d5-869caa7c364a"]
2017-08-01 04:01:40:169 - info: [debug] [BaseDriver] Valid locator strategies for this request: xpath, id, class name, accessibility id, -android uiautomator
2017-08-01 04:01:40:170 - info: [debug] [BaseDriver] Valid locator strategies for this request: xpath, id, class name, accessibility id, -android uiautomator
2017-08-01 04:01:40:171 - info: [debug] [BaseDriver] Waiting up to 0 ms for condition
2017-08-01 04:01:40:176 - info: [debug] [AndroidBootstrap] Sending command to android: {"cmd":"action","action":"find","params":{"strategy":"id","selector":"com.play.android:id/btn_profile","context":"","multiple":true}}
2017-08-01 04:01:40:194 - info: [AndroidBootstrap] [BOOTSTRAP LOG] [debug] Got data from client: {"cmd":"action","action":"find","params":{"strategy":"id","selector":"com.play.android:id/btn_profile","context":"","multiple":true}}
2017-08-01 04:01:40:194 - info: [AndroidBootstrap] [BOOTSTRAP LOG] [debug] Got command of type ACTION
2017-08-01 04:01:40:195 - info: [AndroidBootstrap] [BOOTSTRAP LOG] [debug] Got command action: find
2017-08-01 04:01:40:195 - info: [AndroidBootstrap] [BOOTSTRAP LOG] [debug] Finding 'com.play.android:id/btn_profile' using 'ID' with the contextId: '' multiple: true
2017-08-01 04:01:40:195 - info: [AndroidBootstrap] [BOOTSTRAP LOG] [debug] Using: UiSelector[RESOURCE_ID=com.play.android:id/btn_profile]
2017-08-01 04:01:40:195 - info: [AndroidBootstrap] [BOOTSTRAP LOG] [debug] getElements selector:UiSelector[RESOURCE_ID=com.play.android:id/btn_profile]
2017-08-01 04:01:40:196 - info: [AndroidBootstrap] [BOOTSTRAP LOG] [debug] Element[] is null: (0)
2017-08-01 04:01:40:196 - info: [AndroidBootstrap] [BOOTSTRAP LOG] [debug] getElements tmp selector:UiSelector[INSTANCE=0, RESOURCE_ID=com.play.android:id/btn_profile]
2017-08-01 04:01:40:496 - info: [AndroidBootstrap] [BOOTSTRAP LOG] [debug] Failed to locate element. Clearing Accessibility cache and retrying.
2017-08-01 04:01:40:497 - info: [AndroidBootstrap] [BOOTSTRAP LOG] [debug] Finding 'com.play.android:id/btn_profile' using 'ID' with the contextId: '' multiple: true
2017-08-01 04:01:40:497 - info: [AndroidBootstrap] [BOOTSTRAP LOG] [debug] Using: UiSelector[RESOURCE_ID=com.play.android:id/btn_profile]
2017-08-01 04:01:40:497 - info: [AndroidBootstrap] [BOOTSTRAP LOG] [debug] getElements selector:UiSelector[RESOURCE_ID=com.play.android:id/btn_profile]
2017-08-01 04:01:40:498 - info: [AndroidBootstrap] [BOOTSTRAP LOG] [debug] Element[] is null: (0)
2017-08-01 04:01:40:498 - info: [AndroidBootstrap] [BOOTSTRAP LOG] [debug] getElements tmp selector:UiSelector[INSTANCE=0, RESOURCE_ID=com.play.android:id/btn_profile]
2017-08-01 04:01:41:263 - info: [AndroidBootstrap] [BOOTSTRAP LOG] [debug] Element[] is null: (1)
2017-08-01 04:01:41:264 - info: [AndroidBootstrap] [BOOTSTRAP LOG] [debug] getElements tmp selector:UiSelector[INSTANCE=1, RESOURCE_ID=com.play.android:id/btn_profile]
2017-08-01 04:01:41:464 - info: [AndroidBootstrap] [BOOTSTRAP LOG] [debug] Returning result: {"value":[{"ELEMENT":"1"}],"status":0}
2017-08-01 04:01:41:465 - info: [debug] [AndroidBootstrap] Received command result from bootstrap
2017-08-01 04:01:41:466 - info: [debug] [MJSONWP] Responding to client with driver.findElements() result: [{"ELEMENT":"1"}]
2017-08-01 04:01:41:467 - info: [HTTP] <-- POST /wd/hub/session/96217647-2680-4029-b2d5-869caa7c364a/elements 200 1299 ms - 89 
2017-08-01 04:01:41:490 - info: [HTTP] --> POST /wd/hub/session/96217647-2680-4029-b2d5-869caa7c364a/timeouts {"type":"implicit","ms":20000}
2017-08-01 04:01:41:491 - info: [debug] [MJSONWP] Calling AppiumDriver.timeouts() with args: ["implicit",20000,"96217647-2680-4029-b2d5-869caa7c364a"]
2017-08-01 04:01:41:492 - info: [debug] [BaseDriver] Set implicit wait to 20000ms
2017-08-01 04:01:41:493 - info: [debug] [MJSONWP] Responding to client with driver.timeouts() result: null
2017-08-01 04:01:41:493 - info: [HTTP] <-- POST /wd/hub/session/96217647-2680-4029-b2d5-869caa7c364a/timeouts 200 18 ms - 76 
2017-08-01 04:01:41:499 - info: [HTTP] --> POST /wd/hub/session/96217647-2680-4029-b2d5-869caa7c364a/timeouts {"type":"implicit","ms":0}
2017-08-01 04:01:41:500 - info: [debug] [MJSONWP] Calling AppiumDriver.timeouts() with args: ["implicit",0,"96217647-2680-4029-b2d5-869caa7c364a"]
2017-08-01 04:01:41:500 - info: [debug] [BaseDriver] Set implicit wait to 0ms
2017-08-01 04:01:41:501 - info: [debug] [MJSONWP] Responding to client with driver.timeouts() result: null
2017-08-01 04:01:41:502 - info: [HTTP] <-- POST /wd/hub/session/96217647-2680-4029-b2d5-869caa7c364a/timeouts 200 3 ms - 76 
2017-08-01 04:01:41:507 - info: [HTTP] --> GET /wd/hub/session/96217647-2680-4029-b2d5-869caa7c364a/context {}
2017-08-01 04:01:41:508 - info: [debug] [MJSONWP] Calling AppiumDriver.getCurrentContext() with args: ["96217647-2680-4029-b2d5-869caa7c364a"]
2017-08-01 04:01:41:509 - info: [debug] [MJSONWP] Responding to client with driver.getCurrentContext() result: "NATIVE_APP"
2017-08-01 04:01:41:510 - info: [HTTP] <-- GET /wd/hub/session/96217647-2680-4029-b2d5-869caa7c364a/context 200 3 ms - 84 
2017-08-01 04:01:41:516 - info: [HTTP] --> POST /wd/hub/session/96217647-2680-4029-b2d5-869caa7c364a/elements {"using":"id","value":"com.play.android:id/btn_profile"}
2017-08-01 04:01:41:516 - info: [debug] [MJSONWP] Calling AppiumDriver.findElements() with args: ["id","com.play.android:id/btn_profile","96217647-2680-4029-b2d5-869caa7c364a"]
2017-08-01 04:01:41:517 - info: [debug] [BaseDriver] Valid locator strategies for this request: xpath, id, class name, accessibility id, -android uiautomator
2017-08-01 04:01:41:517 - info: [debug] [BaseDriver] Valid locator strategies for this request: xpath, id, class name, accessibility id, -android uiautomator
2017-08-01 04:01:41:518 - info: [debug] [BaseDriver] Waiting up to 0 ms for condition
2017-08-01 04:01:41:518 - info: [debug] [AndroidBootstrap] Sending command to android: {"cmd":"action","action":"find","params":{"strategy":"id","selector":"com.play.android:id/btn_profile","context":"","multiple":true}}
2017-08-01 04:01:41:520 - info: [AndroidBootstrap] [BOOTSTRAP LOG] [debug] Got data from client: {"cmd":"action","action":"find","params":{"strategy":"id","selector":"com.play.android:id/btn_profile","context":"","multiple":true}}
2017-08-01 04:01:41:520 - info: [AndroidBootstrap] [BOOTSTRAP LOG] [debug] Got command of type ACTION
2017-08-01 04:01:41:520 - info: [AndroidBootstrap] [BOOTSTRAP LOG] [debug] Got command action: find
2017-08-01 04:01:41:521 - info: [AndroidBootstrap] [BOOTSTRAP LOG] [debug] Finding 'com.play.android:id/btn_profile' using 'ID' with the contextId: '' multiple: true
2017-08-01 04:01:41:521 - info: [AndroidBootstrap] [BOOTSTRAP LOG] [debug] Using: UiSelector[RESOURCE_ID=com.play.android:id/btn_profile]
2017-08-01 04:01:41:521 - info: [AndroidBootstrap] [BOOTSTRAP LOG] [debug] getElements selector:UiSelector[RESOURCE_ID=com.play.android:id/btn_profile]
2017-08-01 04:01:41:522 - info: [AndroidBootstrap] [BOOTSTRAP LOG] [debug] Element[] is null: (0)
2017-08-01 04:01:41:522 - info: [AndroidBootstrap] [BOOTSTRAP LOG] [debug] getElements tmp selector:UiSelector[INSTANCE=0, RESOURCE_ID=com.play.android:id/btn_profile]
2017-08-01 04:01:41:630 - info: [AndroidBootstrap] [BOOTSTRAP LOG] [debug] Element[] is null: (1)
2017-08-01 04:01:41:630 - info: [AndroidBootstrap] [BOOTSTRAP LOG] [debug] getElements tmp selector:UiSelector[INSTANCE=1, RESOURCE_ID=com.play.android:id/btn_profile]
2017-08-01 04:01:41:666 - info: [debug] [AndroidBootstrap] Received command result from bootstrap
2017-08-01 04:01:41:667 - info: [debug] [MJSONWP] Responding to client with driver.findElements() result: [{"ELEMENT":"2"}]
2017-08-01 04:01:41:668 - info: [HTTP] <-- POST /wd/hub/session/96217647-2680-4029-b2d5-869caa7c364a/elements 200 151 ms - 89 
2017-08-01 04:01:41:668 - info: [AndroidBootstrap] [BOOTSTRAP LOG] [debug] Returning result: {"value":[{"ELEMENT":"2"}],"status":0}
2017-08-01 04:01:41:677 - info: [HTTP] --> POST /wd/hub/session/96217647-2680-4029-b2d5-869caa7c364a/timeouts {"type":"implicit","ms":20000}
2017-08-01 04:01:41:678 - info: [debug] [MJSONWP] Calling AppiumDriver.timeouts() with args: ["implicit",20000,"96217647-2680-4029-b2d5-869caa7c364a"]
2017-08-01 04:01:41:679 - info: [debug] [BaseDriver] Set implicit wait to 20000ms
2017-08-01 04:01:41:679 - info: [debug] [MJSONWP] Responding to client with driver.timeouts() result: null
2017-08-01 04:01:41:680 - info: [HTTP] <-- POST /wd/hub/session/96217647-2680-4029-b2d5-869caa7c364a/timeouts 200 3 ms - 76 
2017-08-01 04:01:41:685 - info: [HTTP] --> POST /wd/hub/session/96217647-2680-4029-b2d5-869caa7c364a/element/2/click {"id":"2"}
2017-08-01 04:01:41:686 - info: [debug] [MJSONWP] Calling AppiumDriver.click() with args: ["2","96217647-2680-4029-b2d5-869caa7c364a"]
2017-08-01 04:01:41:687 - info: [debug] [AndroidBootstrap] Sending command to android: {"cmd":"action","action":"element:click","params":{"elementId":"2"}}
2017-08-01 04:01:41:690 - info: [AndroidBootstrap] [BOOTSTRAP LOG] [debug] Got data from client: {"cmd":"action","action":"element:click","params":{"elementId":"2"}}
2017-08-01 04:01:41:691 - info: [AndroidBootstrap] [BOOTSTRAP LOG] [debug] Got command of type ACTION
2017-08-01 04:01:41:691 - info: [AndroidBootstrap] [BOOTSTRAP LOG] [debug] Got command action: click
2017-08-01 04:01:42:247 - info: [AndroidBootstrap] [BOOTSTRAP LOG] [debug] Returning result: {"value":true,"status":0}
2017-08-01 04:01:42:248 - info: [debug] [AndroidBootstrap] Received command result from bootstrap
2017-08-01 04:01:42:248 - info: [debug] [MJSONWP] Responding to client with driver.click() result: true
2017-08-01 04:01:42:251 - info: [HTTP] <-- POST /wd/hub/session/96217647-2680-4029-b2d5-869caa7c364a/element/2/click 200 564 ms - 76 
2017-08-01 04:01:42:754 - info: [HTTP] --> GET /wd/hub/session/96217647-2680-4029-b2d5-869caa7c364a/appium/device/current_activity {}
2017-08-01 04:01:42:754 - info: [debug] [MJSONWP] Calling AppiumDriver.getCurrentActivity() with args: ["96217647-2680-4029-b2d5-869caa7c364a"]
2017-08-01 04:01:42:755 - info: [debug] [ADB] Getting focused package and activity
2017-08-01 04:01:42:755 - info: [debug] [ADB] Getting connected devices...
2017-08-01 04:01:42:786 - info: [debug] [ADB] 1 device(s) connected
2017-08-01 04:01:42:786 - info: [debug] [ADB] Running 'D:\Android\AndroidSDK\platform-tools\adb.exe' with args: ["-P",5037,"-s","127.0.0.1:62001","shell","dumpsys","window","windows"]
2017-08-01 04:01:42:840 - info: [debug] [MJSONWP] Responding to client with driver.getCurrentActivity() result: ".activity.member.LoginActivity"
2017-08-01 04:01:42:841 - info: [HTTP] <-- GET /wd/hub/session/96217647-2680-4029-b2d5-869caa7c364a/appium/device/current_activity 200 87 ms - 104 
2017-08-01 04:01:42:849 - info: [HTTP] --> POST /wd/hub/session/96217647-2680-4029-b2d5-869caa7c364a/timeouts {"type":"implicit","ms":0}
2017-08-01 04:01:42:850 - info: [debug] [MJSONWP] Calling AppiumDriver.timeouts() with args: ["implicit",0,"96217647-2680-4029-b2d5-869caa7c364a"]
2017-08-01 04:01:42:850 - info: [debug] [BaseDriver] Set implicit wait to 0ms
2017-08-01 04:01:42:851 - info: [debug] [MJSONWP] Responding to client with driver.timeouts() result: null
2017-08-01 04:01:42:852 - info: [HTTP] <-- POST /wd/hub/session/96217647-2680-4029-b2d5-869caa7c364a/timeouts 200 2 ms - 76 
2017-08-01 04:01:42:858 - info: [HTTP] --> GET /wd/hub/session/96217647-2680-4029-b2d5-869caa7c364a/context {}
2017-08-01 04:01:42:859 - info: [debug] [MJSONWP] Calling AppiumDriver.getCurrentContext() with args: ["96217647-2680-4029-b2d5-869caa7c364a"]
2017-08-01 04:01:42:859 - info: [debug] [MJSONWP] Responding to client with driver.getCurrentContext() result: "NATIVE_APP"
2017-08-01 04:01:42:860 - info: [HTTP] <-- GET /wd/hub/session/96217647-2680-4029-b2d5-869caa7c364a/context 200 2 ms - 84 
2017-08-01 04:01:42:865 - info: [HTTP] --> POST /wd/hub/session/96217647-2680-4029-b2d5-869caa7c364a/elements {"using":"id","value":"com.play.android:id/tv_account"}
2017-08-01 04:01:42:866 - info: [debug] [MJSONWP] Calling AppiumDriver.findElements() with args: ["id","com.play.android:id/tv_account","96217647-2680-4029-b2d5-869caa7c364a"]
2017-08-01 04:01:42:866 - info: [debug] [BaseDriver] Valid locator strategies for this request: xpath, id, class name, accessibility id, -android uiautomator
2017-08-01 04:01:42:867 - info: [debug] [BaseDriver] Valid locator strategies for this request: xpath, id, class name, accessibility id, -android uiautomator
2017-08-01 04:01:42:867 - info: [debug] [BaseDriver] Waiting up to 0 ms for condition
2017-08-01 04:01:42:867 - info: [debug] [AndroidBootstrap] Sending command to android: {"cmd":"action","action":"find","params":{"strategy":"id","selector":"com.play.android:id/tv_account","context":"","multiple":true}}
2017-08-01 04:01:42:871 - info: [AndroidBootstrap] [BOOTSTRAP LOG] [debug] Got data from client: {"cmd":"action","action":"find","params":{"strategy":"id","selector":"com.play.android:id/tv_account","context":"","multiple":true}}
2017-08-01 04:01:42:872 - info: [AndroidBootstrap] [BOOTSTRAP LOG] [debug] Got command of type ACTION
2017-08-01 04:01:42:872 - info: [AndroidBootstrap] [BOOTSTRAP LOG] [debug] Got command action: find
2017-08-01 04:01:42:873 - info: [AndroidBootstrap] [BOOTSTRAP LOG] [debug] Finding 'com.play.android:id/tv_account' using 'ID' with the contextId: '' multiple: true
2017-08-01 04:01:42:873 - info: [AndroidBootstrap] [BOOTSTRAP LOG] [debug] Using: UiSelector[RESOURCE_ID=com.play.android:id/tv_account]
2017-08-01 04:01:42:873 - info: [AndroidBootstrap] [BOOTSTRAP LOG] [debug] getElements selector:UiSelector[RESOURCE_ID=com.play.android:id/tv_account]
2017-08-01 04:01:42:873 - info: [AndroidBootstrap] [BOOTSTRAP LOG] [debug] Element[] is null: (0)
2017-08-01 04:01:42:873 - info: [AndroidBootstrap] [BOOTSTRAP LOG] [debug] getElements tmp selector:UiSelector[INSTANCE=0, RESOURCE_ID=com.play.android:id/tv_account]
2017-08-01 04:01:42:884 - info: [AndroidBootstrap] [BOOTSTRAP LOG] [debug] Element[] is null: (1)
2017-08-01 04:01:42:884 - info: [AndroidBootstrap] [BOOTSTRAP LOG] [debug] getElements tmp selector:UiSelector[INSTANCE=1, RESOURCE_ID=com.play.android:id/tv_account]
2017-08-01 04:01:42:894 - info: [AndroidBootstrap] [BOOTSTRAP LOG] [debug] Returning result: {"value":[{"ELEMENT":"3"}],"status":0}
2017-08-01 04:01:42:895 - info: [debug] [AndroidBootstrap] Received command result from bootstrap
2017-08-01 04:01:42:895 - info: [debug] [MJSONWP] Responding to client with driver.findElements() result: [{"ELEMENT":"3"}]
2017-08-01 04:01:42:896 - info: [HTTP] <-- POST /wd/hub/session/96217647-2680-4029-b2d5-869caa7c364a/elements 200 30 ms - 89 
2017-08-01 04:01:42:899 - info: [HTTP] --> POST /wd/hub/session/96217647-2680-4029-b2d5-869caa7c364a/timeouts {"type":"implicit","ms":20000}
2017-08-01 04:01:42:900 - info: [debug] [MJSONWP] Calling AppiumDriver.timeouts() with args: ["implicit",20000,"96217647-2680-4029-b2d5-869caa7c364a"]
2017-08-01 04:01:42:900 - info: [debug] [BaseDriver] Set implicit wait to 20000ms
2017-08-01 04:01:42:901 - info: [debug] [MJSONWP] Responding to client with driver.timeouts() result: null
2017-08-01 04:01:42:901 - info: [HTTP] <-- POST /wd/hub/session/96217647-2680-4029-b2d5-869caa7c364a/timeouts 200 2 ms - 76 
2017-08-01 04:01:42:905 - info: [HTTP] --> POST /wd/hub/session/96217647-2680-4029-b2d5-869caa7c364a/timeouts {"type":"implicit","ms":0}
2017-08-01 04:01:42:907 - info: [debug] [MJSONWP] Calling AppiumDriver.timeouts() with args: ["implicit",0,"96217647-2680-4029-b2d5-869caa7c364a"]
2017-08-01 04:01:42:907 - info: [debug] [BaseDriver] Set implicit wait to 0ms
2017-08-01 04:01:42:908 - info: [debug] [MJSONWP] Responding to client with driver.timeouts() result: null
2017-08-01 04:01:42:909 - info: [HTTP] <-- POST /wd/hub/session/96217647-2680-4029-b2d5-869caa7c364a/timeouts 200 3 ms - 76 
2017-08-01 04:01:42:914 - info: [HTTP] --> GET /wd/hub/session/96217647-2680-4029-b2d5-869caa7c364a/context {}
2017-08-01 04:01:42:914 - info: [debug] [MJSONWP] Calling AppiumDriver.getCurrentContext() with args: ["96217647-2680-4029-b2d5-869caa7c364a"]
2017-08-01 04:01:42:916 - info: [debug] [MJSONWP] Responding to client with driver.getCurrentContext() result: "NATIVE_APP"
2017-08-01 04:01:42:917 - info: [HTTP] <-- GET /wd/hub/session/96217647-2680-4029-b2d5-869caa7c364a/context 200 3 ms - 84 
2017-08-01 04:01:42:923 - info: [HTTP] --> POST /wd/hub/session/96217647-2680-4029-b2d5-869caa7c364a/elements {"using":"id","value":"com.play.android:id/tv_account"}
2017-08-01 04:01:42:923 - info: [debug] [MJSONWP] Calling AppiumDriver.findElements() with args: ["id","com.play.android:id/tv_account","96217647-2680-4029-b2d5-869caa7c364a"]
2017-08-01 04:01:42:925 - info: [debug] [BaseDriver] Valid locator strategies for this request: xpath, id, class name, accessibility id, -android uiautomator
2017-08-01 04:01:42:925 - info: [debug] [BaseDriver] Valid locator strategies for this request: xpath, id, class name, accessibility id, -android uiautomator
2017-08-01 04:01:42:925 - info: [debug] [BaseDriver] Waiting up to 0 ms for condition
2017-08-01 04:01:42:926 - info: [debug] [AndroidBootstrap] Sending command to android: {"cmd":"action","action":"find","params":{"strategy":"id","selector":"com.play.android:id/tv_account","context":"","multiple":true}}
2017-08-01 04:01:42:933 - info: [AndroidBootstrap] [BOOTSTRAP LOG] [debug] Got data from client: {"cmd":"action","action":"find","params":{"strategy":"id","selector":"com.play.android:id/tv_account","context":"","multiple":true}}
2017-08-01 04:01:42:933 - info: [AndroidBootstrap] [BOOTSTRAP LOG] [debug] Got command of type ACTION
2017-08-01 04:01:42:934 - info: [AndroidBootstrap] [BOOTSTRAP LOG] [debug] Got command action: find
2017-08-01 04:01:42:934 - info: [AndroidBootstrap] [BOOTSTRAP LOG] [debug] Finding 'com.play.android:id/tv_account' using 'ID' with the contextId: '' multiple: true
2017-08-01 04:01:42:934 - info: [AndroidBootstrap] [BOOTSTRAP LOG] [debug] Using: UiSelector[RESOURCE_ID=com.play.android:id/tv_account]
2017-08-01 04:01:42:934 - info: [AndroidBootstrap] [BOOTSTRAP LOG] [debug] getElements selector:UiSelector[RESOURCE_ID=com.play.android:id/tv_account]
2017-08-01 04:01:42:934 - info: [AndroidBootstrap] [BOOTSTRAP LOG] [debug] Element[] is null: (0)
2017-08-01 04:01:42:935 - info: [AndroidBootstrap] [BOOTSTRAP LOG] [debug] getElements tmp selector:UiSelector[INSTANCE=0, RESOURCE_ID=com.play.android:id/tv_account]
2017-08-01 04:01:42:945 - info: [AndroidBootstrap] [BOOTSTRAP LOG] [debug] Element[] is null: (1)
2017-08-01 04:01:42:946 - info: [AndroidBootstrap] [BOOTSTRAP LOG] [debug] getElements tmp selector:UiSelector[INSTANCE=1, RESOURCE_ID=com.play.android:id/tv_account]
2017-08-01 04:01:42:955 - info: [debug] [AndroidBootstrap] Received command result from bootstrap
2017-08-01 04:01:42:956 - info: [debug] [MJSONWP] Responding to client with driver.findElements() result: [{"ELEMENT":"4"}]
2017-08-01 04:01:42:957 - info: [HTTP] <-- POST /wd/hub/session/96217647-2680-4029-b2d5-869caa7c364a/elements 200 34 ms - 89 
2017-08-01 04:01:42:957 - info: [AndroidBootstrap] [BOOTSTRAP LOG] [debug] Returning result: {"value":[{"ELEMENT":"4"}],"status":0}
2017-08-01 04:01:42:961 - info: [HTTP] --> POST /wd/hub/session/96217647-2680-4029-b2d5-869caa7c364a/timeouts {"type":"implicit","ms":20000}
2017-08-01 04:01:42:961 - info: [debug] [MJSONWP] Calling AppiumDriver.timeouts() with args: ["implicit",20000,"96217647-2680-4029-b2d5-869caa7c364a"]
2017-08-01 04:01:42:962 - info: [debug] [BaseDriver] Set implicit wait to 20000ms
2017-08-01 04:01:42:962 - info: [debug] [MJSONWP] Responding to client with driver.timeouts() result: null
2017-08-01 04:01:42:968 - info: [HTTP] <-- POST /wd/hub/session/96217647-2680-4029-b2d5-869caa7c364a/timeouts 200 7 ms - 76 
2017-08-01 04:01:42:971 - info: [HTTP] --> POST /wd/hub/session/96217647-2680-4029-b2d5-869caa7c364a/element/4/click {"id":"4"}
2017-08-01 04:01:42:971 - info: [debug] [MJSONWP] Calling AppiumDriver.click() with args: ["4","96217647-2680-4029-b2d5-869caa7c364a"]
2017-08-01 04:01:42:972 - info: [debug] [AndroidBootstrap] Sending command to android: {"cmd":"action","action":"element:click","params":{"elementId":"4"}}
2017-08-01 04:01:42:974 - info: [AndroidBootstrap] [BOOTSTRAP LOG] [debug] Got data from client: {"cmd":"action","action":"element:click","params":{"elementId":"4"}}
2017-08-01 04:01:42:974 - info: [AndroidBootstrap] [BOOTSTRAP LOG] [debug] Got command of type ACTION
2017-08-01 04:01:42:974 - info: [AndroidBootstrap] [BOOTSTRAP LOG] [debug] Got command action: click
2017-08-01 04:01:43:122 - info: [AndroidBootstrap] [BOOTSTRAP LOG] [debug] Returning result: {"value":true,"status":0}
2017-08-01 04:01:43:123 - info: [debug] [AndroidBootstrap] Received command result from bootstrap
2017-08-01 04:01:43:124 - info: [debug] [MJSONWP] Responding to client with driver.click() result: true
2017-08-01 04:01:43:126 - info: [HTTP] <-- POST /wd/hub/session/96217647-2680-4029-b2d5-869caa7c364a/element/4/click 200 154 ms - 76 
2017-08-01 04:01:43:129 - info: [HTTP] --> POST /wd/hub/session/96217647-2680-4029-b2d5-869caa7c364a/timeouts {"type":"implicit","ms":0}
2017-08-01 04:01:43:130 - info: [debug] [MJSONWP] Calling AppiumDriver.timeouts() with args: ["implicit",0,"96217647-2680-4029-b2d5-869caa7c364a"]
2017-08-01 04:01:43:131 - info: [debug] [BaseDriver] Set implicit wait to 0ms
2017-08-01 04:01:43:132 - info: [debug] [MJSONWP] Responding to client with driver.timeouts() result: null
2017-08-01 04:01:43:132 - info: [HTTP] <-- POST /wd/hub/session/96217647-2680-4029-b2d5-869caa7c364a/timeouts 200 3 ms - 76 
2017-08-01 04:01:43:140 - info: [HTTP] --> GET /wd/hub/session/96217647-2680-4029-b2d5-869caa7c364a/context {}
2017-08-01 04:01:43:140 - info: [debug] [MJSONWP] Calling AppiumDriver.getCurrentContext() with args: ["96217647-2680-4029-b2d5-869caa7c364a"]
2017-08-01 04:01:43:141 - info: [debug] [MJSONWP] Responding to client with driver.getCurrentContext() result: "NATIVE_APP"
2017-08-01 04:01:43:142 - info: [HTTP] <-- GET /wd/hub/session/96217647-2680-4029-b2d5-869caa7c364a/context 200 2 ms - 84 
2017-08-01 04:01:43:149 - info: [HTTP] --> POST /wd/hub/session/96217647-2680-4029-b2d5-869caa7c364a/elements {"using":"id","value":"com.play.android:id/et_account"}
2017-08-01 04:01:43:149 - info: [debug] [MJSONWP] Calling AppiumDriver.findElements() with args: ["id","com.play.android:id/et_account","96217647-2680-4029-b2d5-869caa7c364a"]
2017-08-01 04:01:43:150 - info: [debug] [BaseDriver] Valid locator strategies for this request: xpath, id, class name, accessibility id, -android uiautomator
2017-08-01 04:01:43:150 - info: [debug] [BaseDriver] Valid locator strategies for this request: xpath, id, class name, accessibility id, -android uiautomator
2017-08-01 04:01:43:150 - info: [debug] [BaseDriver] Waiting up to 0 ms for condition
2017-08-01 04:01:43:153 - info: [debug] [AndroidBootstrap] Sending command to android: {"cmd":"action","action":"find","params":{"strategy":"id","selector":"com.play.android:id/et_account","context":"","multiple":true}}
2017-08-01 04:01:43:161 - info: [AndroidBootstrap] [BOOTSTRAP LOG] [debug] Got data from client: {"cmd":"action","action":"find","params":{"strategy":"id","selector":"com.play.android:id/et_account","context":"","multiple":true}}
2017-08-01 04:01:43:162 - info: [AndroidBootstrap] [BOOTSTRAP LOG] [debug] Got command of type ACTION
2017-08-01 04:01:43:162 - info: [AndroidBootstrap] [BOOTSTRAP LOG] [debug] Got command action: find
2017-08-01 04:01:43:162 - info: [AndroidBootstrap] [BOOTSTRAP LOG] [debug] Finding 'com.play.android:id/et_account' using 'ID' with the contextId: '' multiple: true
2017-08-01 04:01:43:162 - info: [AndroidBootstrap] [BOOTSTRAP LOG] [debug] Using: UiSelector[RESOURCE_ID=com.play.android:id/et_account]
2017-08-01 04:01:43:162 - info: [AndroidBootstrap] [BOOTSTRAP LOG] [debug] getElements selector:UiSelector[RESOURCE_ID=com.play.android:id/et_account]
2017-08-01 04:01:43:162 - info: [AndroidBootstrap] [BOOTSTRAP LOG] [debug] Element[] is null: (0)
2017-08-01 04:01:43:162 - info: [AndroidBootstrap] [BOOTSTRAP LOG] [debug] getElements tmp selector:UiSelector[INSTANCE=0, RESOURCE_ID=com.play.android:id/et_account]
2017-08-01 04:01:43:746 - info: [AndroidBootstrap] [BOOTSTRAP LOG] [debug] Element[] is null: (1)
2017-08-01 04:01:43:746 - info: [AndroidBootstrap] [BOOTSTRAP LOG] [debug] getElements tmp selector:UiSelector[INSTANCE=1, RESOURCE_ID=com.play.android:id/et_account]
2017-08-01 04:01:44:264 - info: [debug] [AndroidBootstrap] Received command result from bootstrap
2017-08-01 04:01:44:265 - info: [debug] [MJSONWP] Responding to client with driver.findElements() result: [{"ELEMENT":"5"}]
2017-08-01 04:01:44:265 - info: [HTTP] <-- POST /wd/hub/session/96217647-2680-4029-b2d5-869caa7c364a/elements 200 1117 ms - 89 
2017-08-01 04:01:44:266 - info: [AndroidBootstrap] [BOOTSTRAP LOG] [debug] Returning result: {"value":[{"ELEMENT":"5"}],"status":0}
2017-08-01 04:01:44:274 - info: [HTTP] --> POST /wd/hub/session/96217647-2680-4029-b2d5-869caa7c364a/timeouts {"type":"implicit","ms":20000}
2017-08-01 04:01:44:274 - info: [debug] [MJSONWP] Calling AppiumDriver.timeouts() with args: ["implicit",20000,"96217647-2680-4029-b2d5-869caa7c364a"]
2017-08-01 04:01:44:275 - info: [debug] [BaseDriver] Set implicit wait to 20000ms
2017-08-01 04:01:44:275 - info: [debug] [MJSONWP] Responding to client with driver.timeouts() result: null
2017-08-01 04:01:44:276 - info: [HTTP] <-- POST /wd/hub/session/96217647-2680-4029-b2d5-869caa7c364a/timeouts 200 2 ms - 76 
2017-08-01 04:01:44:282 - info: [HTTP] --> POST /wd/hub/session/96217647-2680-4029-b2d5-869caa7c364a/timeouts {"type":"implicit","ms":0}
2017-08-01 04:01:44:283 - info: [debug] [MJSONWP] Calling AppiumDriver.timeouts() with args: ["implicit",0,"96217647-2680-4029-b2d5-869caa7c364a"]
2017-08-01 04:01:44:283 - info: [debug] [BaseDriver] Set implicit wait to 0ms
2017-08-01 04:01:44:284 - info: [debug] [MJSONWP] Responding to client with driver.timeouts() result: null
2017-08-01 04:01:44:285 - info: [HTTP] <-- POST /wd/hub/session/96217647-2680-4029-b2d5-869caa7c364a/timeouts 200 2 ms - 76 
2017-08-01 04:01:44:289 - info: [HTTP] --> GET /wd/hub/session/96217647-2680-4029-b2d5-869caa7c364a/context {}
2017-08-01 04:01:44:289 - info: [debug] [MJSONWP] Calling AppiumDriver.getCurrentContext() with args: ["96217647-2680-4029-b2d5-869caa7c364a"]
2017-08-01 04:01:44:290 - info: [debug] [MJSONWP] Responding to client with driver.getCurrentContext() result: "NATIVE_APP"
2017-08-01 04:01:44:291 - info: [HTTP] <-- GET /wd/hub/session/96217647-2680-4029-b2d5-869caa7c364a/context 200 2 ms - 84 
2017-08-01 04:01:44:298 - info: [HTTP] --> POST /wd/hub/session/96217647-2680-4029-b2d5-869caa7c364a/elements {"using":"id","value":"com.play.android:id/et_account"}
2017-08-01 04:01:44:299 - info: [debug] [MJSONWP] Calling AppiumDriver.findElements() with args: ["id","com.play.android:id/et_account","96217647-2680-4029-b2d5-869caa7c364a"]
2017-08-01 04:01:44:299 - info: [debug] [BaseDriver] Valid locator strategies for this request: xpath, id, class name, accessibility id, -android uiautomator
2017-08-01 04:01:44:299 - info: [debug] [BaseDriver] Valid locator strategies for this request: xpath, id, class name, accessibility id, -android uiautomator
2017-08-01 04:01:44:300 - info: [debug] [BaseDriver] Waiting up to 0 ms for condition
2017-08-01 04:01:44:300 - info: [debug] [AndroidBootstrap] Sending command to android: {"cmd":"action","action":"find","params":{"strategy":"id","selector":"com.play.android:id/et_account","context":"","multiple":true}}
2017-08-01 04:01:44:303 - info: [AndroidBootstrap] [BOOTSTRAP LOG] [debug] Got data from client: {"cmd":"action","action":"find","params":{"strategy":"id","selector":"com.play.android:id/et_account","context":"","multiple":true}}
2017-08-01 04:01:44:303 - info: [AndroidBootstrap] [BOOTSTRAP LOG] [debug] Got command of type ACTION
2017-08-01 04:01:44:305 - info: [AndroidBootstrap] [BOOTSTRAP LOG] [debug] Got command action: find
2017-08-01 04:01:44:307 - info: [AndroidBootstrap] [BOOTSTRAP LOG] [debug] Finding 'com.play.android:id/et_account' using 'ID' with the contextId: '' multiple: true
2017-08-01 04:01:44:307 - info: [AndroidBootstrap] [BOOTSTRAP LOG] [debug] Using: UiSelector[RESOURCE_ID=com.play.android:id/et_account]
2017-08-01 04:01:44:307 - info: [AndroidBootstrap] [BOOTSTRAP LOG] [debug] getElements selector:UiSelector[RESOURCE_ID=com.play.android:id/et_account]
2017-08-01 04:01:44:307 - info: [AndroidBootstrap] [BOOTSTRAP LOG] [debug] Element[] is null: (0)
2017-08-01 04:01:44:308 - info: [AndroidBootstrap] [BOOTSTRAP LOG] [debug] getElements tmp selector:UiSelector[INSTANCE=0, RESOURCE_ID=com.play.android:id/et_account]
2017-08-01 04:01:44:325 - info: [AndroidBootstrap] [BOOTSTRAP LOG] [debug] Element[] is null: (1)
2017-08-01 04:01:44:325 - info: [AndroidBootstrap] [BOOTSTRAP LOG] [debug] getElements tmp selector:UiSelector[INSTANCE=1, RESOURCE_ID=com.play.android:id/et_account]
2017-08-01 04:01:44:360 - info: [AndroidBootstrap] [BOOTSTRAP LOG] [debug] Returning result: {"value":[{"ELEMENT":"6"}],"status":0}
2017-08-01 04:01:44:360 - info: [debug] [AndroidBootstrap] Received command result from bootstrap
2017-08-01 04:01:44:361 - info: [debug] [MJSONWP] Responding to client with driver.findElements() result: [{"ELEMENT":"6"}]
2017-08-01 04:01:44:362 - info: [HTTP] <-- POST /wd/hub/session/96217647-2680-4029-b2d5-869caa7c364a/elements 200 64 ms - 89 
2017-08-01 04:01:44:367 - info: [HTTP] --> POST /wd/hub/session/96217647-2680-4029-b2d5-869caa7c364a/timeouts {"type":"implicit","ms":20000}
2017-08-01 04:01:44:367 - info: [debug] [MJSONWP] Calling AppiumDriver.timeouts() with args: ["implicit",20000,"96217647-2680-4029-b2d5-869caa7c364a"]
2017-08-01 04:01:44:368 - info: [debug] [BaseDriver] Set implicit wait to 20000ms
2017-08-01 04:01:44:370 - info: [debug] [MJSONWP] Responding to client with driver.timeouts() result: null
2017-08-01 04:01:44:371 - info: [HTTP] <-- POST /wd/hub/session/96217647-2680-4029-b2d5-869caa7c364a/timeouts 200 4 ms - 76 
2017-08-01 04:01:44:374 - info: [HTTP] --> POST /wd/hub/session/96217647-2680-4029-b2d5-869caa7c364a/element/6/value {"id":"6","value":["18521035133"]}
2017-08-01 04:01:44:375 - info: [debug] [MJSONWP] Calling AppiumDriver.setValue() with args: [["18521035133"],"6","96217647-2680-4029-b2d5-869caa7c364a"]
2017-08-01 04:01:44:376 - info: [debug] [AndroidBootstrap] Sending command to android: {"cmd":"action","action":"element:setText","params":{"elementId":"6","text":"18521035133","replace":false,"unicodeKeyboard":true}}
2017-08-01 04:01:44:380 - info: [AndroidBootstrap] [BOOTSTRAP LOG] [debug] Got data from client: {"cmd":"action","action":"element:setText","params":{"elementId":"6","text":"18521035133","replace":false,"unicodeKeyboard":true}}
2017-08-01 04:01:44:380 - info: [AndroidBootstrap] [BOOTSTRAP LOG] [debug] Got command of type ACTION
2017-08-01 04:01:44:381 - info: [AndroidBootstrap] [BOOTSTRAP LOG] [debug] Got command action: setText
2017-08-01 04:01:44:381 - info: [AndroidBootstrap] [BOOTSTRAP LOG] [debug] Using element passed in: 6
2017-08-01 04:01:44:389 - info: [AndroidBootstrap] [BOOTSTRAP LOG] [debug] Attempting to clear using UiObject.clearText().
2017-08-01 04:01:46:730 - info: [AndroidBootstrap] [BOOTSTRAP LOG] [debug] Text remains after clearing, but it appears to be hint text.
2017-08-01 04:01:46:735 - info: [AndroidBootstrap] [BOOTSTRAP LOG] [debug] Text not cleared. Assuming remainder is hint text.
2017-08-01 04:01:46:736 - info: [AndroidBootstrap] [BOOTSTRAP LOG] [debug] Sending plain text to element: 18521035133
2017-08-01 04:01:49:133 - info: [AndroidBootstrap] [BOOTSTRAP LOG] [debug] Returning result: {"value":true,"status":0}
2017-08-01 04:01:49:133 - info: [debug] [AndroidBootstrap] Received command result from bootstrap
2017-08-01 04:01:49:134 - info: [debug] [MJSONWP] Responding to client with driver.setValue() result: true
2017-08-01 04:01:49:136 - info: [HTTP] <-- POST /wd/hub/session/96217647-2680-4029-b2d5-869caa7c364a/element/6/value 200 4762 ms - 76 
2017-08-01 04:01:49:143 - info: [HTTP] --> POST /wd/hub/session/96217647-2680-4029-b2d5-869caa7c364a/timeouts {"type":"implicit","ms":0}
2017-08-01 04:01:49:144 - info: [debug] [MJSONWP] Calling AppiumDriver.timeouts() with args: ["implicit",0,"96217647-2680-4029-b2d5-869caa7c364a"]
2017-08-01 04:01:49:144 - info: [debug] [BaseDriver] Set implicit wait to 0ms
2017-08-01 04:01:49:145 - info: [debug] [MJSONWP] Responding to client with driver.timeouts() result: null
2017-08-01 04:01:49:146 - info: [HTTP] <-- POST /wd/hub/session/96217647-2680-4029-b2d5-869caa7c364a/timeouts 200 2 ms - 76 
2017-08-01 04:01:49:150 - info: [HTTP] --> GET /wd/hub/session/96217647-2680-4029-b2d5-869caa7c364a/context {}
2017-08-01 04:01:49:150 - info: [debug] [MJSONWP] Calling AppiumDriver.getCurrentContext() with args: ["96217647-2680-4029-b2d5-869caa7c364a"]
2017-08-01 04:01:49:151 - info: [debug] [MJSONWP] Responding to client with driver.getCurrentContext() result: "NATIVE_APP"
2017-08-01 04:01:49:152 - info: [HTTP] <-- GET /wd/hub/session/96217647-2680-4029-b2d5-869caa7c364a/context 200 2 ms - 84 
2017-08-01 04:01:49:155 - info: [HTTP] --> POST /wd/hub/session/96217647-2680-4029-b2d5-869caa7c364a/elements {"using":"id","value":"com.play.android:id/et_password"}
2017-08-01 04:01:49:155 - info: [debug] [MJSONWP] Calling AppiumDriver.findElements() with args: ["id","com.play.android:id/et_password","96217647-2680-4029-b2d5-869caa7c364a"]
2017-08-01 04:01:49:156 - info: [debug] [BaseDriver] Valid locator strategies for this request: xpath, id, class name, accessibility id, -android uiautomator
2017-08-01 04:01:49:157 - info: [debug] [BaseDriver] Valid locator strategies for this request: xpath, id, class name, accessibility id, -android uiautomator
2017-08-01 04:01:49:157 - info: [debug] [BaseDriver] Waiting up to 0 ms for condition
2017-08-01 04:01:49:157 - info: [debug] [AndroidBootstrap] Sending command to android: {"cmd":"action","action":"find","params":{"strategy":"id","selector":"com.play.android:id/et_password","context":"","multiple":true}}
2017-08-01 04:01:49:163 - info: [AndroidBootstrap] [BOOTSTRAP LOG] [debug] Got data from client: {"cmd":"action","action":"find","params":{"strategy":"id","selector":"com.play.android:id/et_password","context":"","multiple":true}}
2017-08-01 04:01:49:163 - info: [AndroidBootstrap] [BOOTSTRAP LOG] [debug] Got command of type ACTION
2017-08-01 04:01:49:163 - info: [AndroidBootstrap] [BOOTSTRAP LOG] [debug] Got command action: find
2017-08-01 04:01:49:163 - info: [AndroidBootstrap] [BOOTSTRAP LOG] [debug] Finding 'com.play.android:id/et_password' using 'ID' with the contextId: '' multiple: true
2017-08-01 04:01:49:164 - info: [AndroidBootstrap] [BOOTSTRAP LOG] [debug] Using: UiSelector[RESOURCE_ID=com.play.android:id/et_password]
2017-08-01 04:01:49:164 - info: [AndroidBootstrap] [BOOTSTRAP LOG] [debug] getElements selector:UiSelector[RESOURCE_ID=com.play.android:id/et_password]
2017-08-01 04:01:49:164 - info: [AndroidBootstrap] [BOOTSTRAP LOG] [debug] Element[] is null: (0)
2017-08-01 04:01:49:164 - info: [AndroidBootstrap] [BOOTSTRAP LOG] [debug] getElements tmp selector:UiSelector[INSTANCE=0, RESOURCE_ID=com.play.android:id/et_password]
2017-08-01 04:01:49:680 - info: [AndroidBootstrap] [BOOTSTRAP LOG] [debug] Element[] is null: (1)
2017-08-01 04:01:49:681 - info: [AndroidBootstrap] [BOOTSTRAP LOG] [debug] getElements tmp selector:UiSelector[INSTANCE=1, RESOURCE_ID=com.play.android:id/et_password]
2017-08-01 04:01:49:712 - info: [AndroidBootstrap] [BOOTSTRAP LOG] [debug] Returning result: {"value":[{"ELEMENT":"7"}],"status":0}
2017-08-01 04:01:49:713 - info: [debug] [AndroidBootstrap] Received command result from bootstrap
2017-08-01 04:01:49:713 - info: [debug] [MJSONWP] Responding to client with driver.findElements() result: [{"ELEMENT":"7"}]
2017-08-01 04:01:49:715 - info: [HTTP] <-- POST /wd/hub/session/96217647-2680-4029-b2d5-869caa7c364a/elements 200 559 ms - 89 
2017-08-01 04:01:49:719 - info: [HTTP] --> POST /wd/hub/session/96217647-2680-4029-b2d5-869caa7c364a/timeouts {"type":"implicit","ms":20000}
2017-08-01 04:01:49:719 - info: [debug] [MJSONWP] Calling AppiumDriver.timeouts() with args: ["implicit",20000,"96217647-2680-4029-b2d5-869caa7c364a"]
2017-08-01 04:01:49:720 - info: [debug] [BaseDriver] Set implicit wait to 20000ms
2017-08-01 04:01:49:720 - info: [debug] [MJSONWP] Responding to client with driver.timeouts() result: null
2017-08-01 04:01:49:721 - info: [HTTP] <-- POST /wd/hub/session/96217647-2680-4029-b2d5-869caa7c364a/timeouts 200 2 ms - 76 
2017-08-01 04:01:49:726 - info: [HTTP] --> POST /wd/hub/session/96217647-2680-4029-b2d5-869caa7c364a/timeouts {"type":"implicit","ms":0}
2017-08-01 04:01:49:726 - info: [debug] [MJSONWP] Calling AppiumDriver.timeouts() with args: ["implicit",0,"96217647-2680-4029-b2d5-869caa7c364a"]
2017-08-01 04:01:49:726 - info: [debug] [BaseDriver] Set implicit wait to 0ms
2017-08-01 04:01:49:727 - info: [debug] [MJSONWP] Responding to client with driver.timeouts() result: null
2017-08-01 04:01:49:728 - info: [HTTP] <-- POST /wd/hub/session/96217647-2680-4029-b2d5-869caa7c364a/timeouts 200 2 ms - 76 
2017-08-01 04:01:49:731 - info: [HTTP] --> GET /wd/hub/session/96217647-2680-4029-b2d5-869caa7c364a/context {}
2017-08-01 04:01:49:731 - info: [debug] [MJSONWP] Calling AppiumDriver.getCurrentContext() with args: ["96217647-2680-4029-b2d5-869caa7c364a"]
2017-08-01 04:01:49:732 - info: [debug] [MJSONWP] Responding to client with driver.getCurrentContext() result: "NATIVE_APP"
2017-08-01 04:01:49:733 - info: [HTTP] <-- GET /wd/hub/session/96217647-2680-4029-b2d5-869caa7c364a/context 200 2 ms - 84 
2017-08-01 04:01:49:738 - info: [HTTP] --> POST /wd/hub/session/96217647-2680-4029-b2d5-869caa7c364a/elements {"using":"id","value":"com.play.android:id/et_password"}
2017-08-01 04:01:49:738 - info: [debug] [MJSONWP] Calling AppiumDriver.findElements() with args: ["id","com.play.android:id/et_password","96217647-2680-4029-b2d5-869caa7c364a"]
2017-08-01 04:01:49:740 - info: [debug] [BaseDriver] Valid locator strategies for this request: xpath, id, class name, accessibility id, -android uiautomator
2017-08-01 04:01:49:740 - info: [debug] [BaseDriver] Valid locator strategies for this request: xpath, id, class name, accessibility id, -android uiautomator
2017-08-01 04:01:49:741 - info: [debug] [BaseDriver] Waiting up to 0 ms for condition
2017-08-01 04:01:49:741 - info: [debug] [AndroidBootstrap] Sending command to android: {"cmd":"action","action":"find","params":{"strategy":"id","selector":"com.play.android:id/et_password","context":"","multiple":true}}
2017-08-01 04:01:49:745 - info: [AndroidBootstrap] [BOOTSTRAP LOG] [debug] Got data from client: {"cmd":"action","action":"find","params":{"strategy":"id","selector":"com.play.android:id/et_password","context":"","multiple":true}}
2017-08-01 04:01:49:745 - info: [AndroidBootstrap] [BOOTSTRAP LOG] [debug] Got command of type ACTION
2017-08-01 04:01:49:745 - info: [AndroidBootstrap] [BOOTSTRAP LOG] [debug] Got command action: find
2017-08-01 04:01:49:745 - info: [AndroidBootstrap] [BOOTSTRAP LOG] [debug] Finding 'com.play.android:id/et_password' using 'ID' with the contextId: '' multiple: true
2017-08-01 04:01:49:748 - info: [AndroidBootstrap] [BOOTSTRAP LOG] [debug] Using: UiSelector[RESOURCE_ID=com.play.android:id/et_password]
2017-08-01 04:01:49:748 - info: [AndroidBootstrap] [BOOTSTRAP LOG] [debug] getElements selector:UiSelector[RESOURCE_ID=com.play.android:id/et_password]
2017-08-01 04:01:49:748 - info: [AndroidBootstrap] [BOOTSTRAP LOG] [debug] Element[] is null: (0)
2017-08-01 04:01:49:748 - info: [AndroidBootstrap] [BOOTSTRAP LOG] [debug] getElements tmp selector:UiSelector[INSTANCE=0, RESOURCE_ID=com.play.android:id/et_password]
2017-08-01 04:01:49:760 - info: [AndroidBootstrap] [BOOTSTRAP LOG] [debug] Element[] is null: (1)
2017-08-01 04:01:49:761 - info: [AndroidBootstrap] [BOOTSTRAP LOG] [debug] getElements tmp selector:UiSelector[INSTANCE=1, RESOURCE_ID=com.play.android:id/et_password]
2017-08-01 04:01:49:792 - info: [AndroidBootstrap] [BOOTSTRAP LOG] [debug] Returning result: {"value":[{"ELEMENT":"8"}],"status":0}
2017-08-01 04:01:49:792 - info: [debug] [AndroidBootstrap] Received command result from bootstrap
2017-08-01 04:01:49:793 - info: [debug] [MJSONWP] Responding to client with driver.findElements() result: [{"ELEMENT":"8"}]
2017-08-01 04:01:49:793 - info: [HTTP] <-- POST /wd/hub/session/96217647-2680-4029-b2d5-869caa7c364a/elements 200 55 ms - 89 
2017-08-01 04:01:49:797 - info: [HTTP] --> POST /wd/hub/session/96217647-2680-4029-b2d5-869caa7c364a/timeouts {"type":"implicit","ms":20000}
2017-08-01 04:01:49:797 - info: [debug] [MJSONWP] Calling AppiumDriver.timeouts() with args: ["implicit",20000,"96217647-2680-4029-b2d5-869caa7c364a"]
2017-08-01 04:01:49:798 - info: [debug] [BaseDriver] Set implicit wait to 20000ms
2017-08-01 04:01:49:798 - info: [debug] [MJSONWP] Responding to client with driver.timeouts() result: null
2017-08-01 04:01:49:798 - info: [HTTP] <-- POST /wd/hub/session/96217647-2680-4029-b2d5-869caa7c364a/timeouts 200 2 ms - 76 
2017-08-01 04:01:49:802 - info: [HTTP] --> POST /wd/hub/session/96217647-2680-4029-b2d5-869caa7c364a/element/8/value {"id":"8","value":["111111"]}
2017-08-01 04:01:49:804 - info: [debug] [MJSONWP] Calling AppiumDriver.setValue() with args: [["111111"],"8","96217647-2680-4029-b2d5-869caa7c364a"]
2017-08-01 04:01:49:805 - info: [debug] [AndroidBootstrap] Sending command to android: {"cmd":"action","action":"element:setText","params":{"elementId":"8","text":"111111","replace":false,"unicodeKeyboard":true}}
2017-08-01 04:01:49:807 - info: [AndroidBootstrap] [BOOTSTRAP LOG] [debug] Got data from client: {"cmd":"action","action":"element:setText","params":{"elementId":"8","text":"111111","replace":false,"unicodeKeyboard":true}}
2017-08-01 04:01:49:808 - info: [AndroidBootstrap] [BOOTSTRAP LOG] [debug] Got command of type ACTION
2017-08-01 04:01:49:808 - info: [AndroidBootstrap] [BOOTSTRAP LOG] [debug] Got command action: setText
2017-08-01 04:01:49:808 - info: [AndroidBootstrap] [BOOTSTRAP LOG] [debug] Using element passed in: 8
2017-08-01 04:01:49:824 - info: [AndroidBootstrap] [BOOTSTRAP LOG] [debug] Attempting to clear using UiObject.clearText().
2017-08-01 04:01:52:292 - info: [AndroidBootstrap] [BOOTSTRAP LOG] [debug] Sending plain text to element: 111111
2017-08-01 04:01:54:613 - info: [AndroidBootstrap] [BOOTSTRAP LOG] [debug] Returning result: {"value":true,"status":0}
2017-08-01 04:01:54:613 - info: [debug] [AndroidBootstrap] Received command result from bootstrap
2017-08-01 04:01:54:614 - info: [debug] [MJSONWP] Responding to client with driver.setValue() result: true
2017-08-01 04:01:54:614 - info: [HTTP] <-- POST /wd/hub/session/96217647-2680-4029-b2d5-869caa7c364a/element/8/value 200 4812 ms - 76 
2017-08-01 04:01:54:619 - info: [HTTP] --> POST /wd/hub/session/96217647-2680-4029-b2d5-869caa7c364a/timeouts {"type":"implicit","ms":0}
2017-08-01 04:01:54:619 - info: [debug] [MJSONWP] Calling AppiumDriver.timeouts() with args: ["implicit",0,"96217647-2680-4029-b2d5-869caa7c364a"]
2017-08-01 04:01:54:620 - info: [debug] [BaseDriver] Set implicit wait to 0ms
2017-08-01 04:01:54:620 - info: [debug] [MJSONWP] Responding to client with driver.timeouts() result: null
2017-08-01 04:01:54:621 - info: [HTTP] <-- POST /wd/hub/session/96217647-2680-4029-b2d5-869caa7c364a/timeouts 200 2 ms - 76 
2017-08-01 04:01:54:626 - info: [HTTP] --> GET /wd/hub/session/96217647-2680-4029-b2d5-869caa7c364a/context {}
2017-08-01 04:01:54:626 - info: [debug] [MJSONWP] Calling AppiumDriver.getCurrentContext() with args: ["96217647-2680-4029-b2d5-869caa7c364a"]
2017-08-01 04:01:54:627 - info: [debug] [MJSONWP] Responding to client with driver.getCurrentContext() result: "NATIVE_APP"
2017-08-01 04:01:54:628 - info: [HTTP] <-- GET /wd/hub/session/96217647-2680-4029-b2d5-869caa7c364a/context 200 2 ms - 84 
2017-08-01 04:01:54:631 - info: [HTTP] --> POST /wd/hub/session/96217647-2680-4029-b2d5-869caa7c364a/elements {"using":"id","value":"com.play.android:id/btn_login"}
2017-08-01 04:01:54:631 - info: [debug] [MJSONWP] Calling AppiumDriver.findElements() with args: ["id","com.play.android:id/btn_login","96217647-2680-4029-b2d5-869caa7c364a"]
2017-08-01 04:01:54:632 - info: [debug] [BaseDriver] Valid locator strategies for this request: xpath, id, class name, accessibility id, -android uiautomator
2017-08-01 04:01:54:632 - info: [debug] [BaseDriver] Valid locator strategies for this request: xpath, id, class name, accessibility id, -android uiautomator
2017-08-01 04:01:54:632 - info: [debug] [BaseDriver] Waiting up to 0 ms for condition
2017-08-01 04:01:54:633 - info: [debug] [AndroidBootstrap] Sending command to android: {"cmd":"action","action":"find","params":{"strategy":"id","selector":"com.play.android:id/btn_login","context":"","multiple":true}}
2017-08-01 04:01:54:635 - info: [AndroidBootstrap] [BOOTSTRAP LOG] [debug] Got data from client: {"cmd":"action","action":"find","params":{"strategy":"id","selector":"com.play.android:id/btn_login","context":"","multiple":true}}
2017-08-01 04:01:54:635 - info: [AndroidBootstrap] [BOOTSTRAP LOG] [debug] Got command of type ACTION
2017-08-01 04:01:54:635 - info: [AndroidBootstrap] [BOOTSTRAP LOG] [debug] Got command action: find
2017-08-01 04:01:54:635 - info: [AndroidBootstrap] [BOOTSTRAP LOG] [debug] Finding 'com.play.android:id/btn_login' using 'ID' with the contextId: '' multiple: true
2017-08-01 04:01:54:635 - info: [AndroidBootstrap] [BOOTSTRAP LOG] [debug] Using: UiSelector[RESOURCE_ID=com.play.android:id/btn_login]
2017-08-01 04:01:54:635 - info: [AndroidBootstrap] [BOOTSTRAP LOG] [debug] getElements selector:UiSelector[RESOURCE_ID=com.play.android:id/btn_login]
2017-08-01 04:01:54:635 - info: [AndroidBootstrap] [BOOTSTRAP LOG] [debug] Element[] is null: (0)
2017-08-01 04:01:54:636 - info: [AndroidBootstrap] [BOOTSTRAP LOG] [debug] getElements tmp selector:UiSelector[INSTANCE=0, RESOURCE_ID=com.play.android:id/btn_login]
2017-08-01 04:01:55:141 - info: [AndroidBootstrap] [BOOTSTRAP LOG] [debug] Element[] is null: (1)
2017-08-01 04:01:55:141 - info: [AndroidBootstrap] [BOOTSTRAP LOG] [debug] getElements tmp selector:UiSelector[INSTANCE=1, RESOURCE_ID=com.play.android:id/btn_login]
2017-08-01 04:01:55:148 - info: [debug] [AndroidBootstrap] Received command result from bootstrap
2017-08-01 04:01:55:149 - info: [debug] [MJSONWP] Responding to client with driver.findElements() result: [{"ELEMENT":"9"}]
2017-08-01 04:01:55:150 - info: [HTTP] <-- POST /wd/hub/session/96217647-2680-4029-b2d5-869caa7c364a/elements 200 518 ms - 89 
2017-08-01 04:01:55:150 - info: [AndroidBootstrap] [BOOTSTRAP LOG] [debug] Returning result: {"value":[{"ELEMENT":"9"}],"status":0}
2017-08-01 04:01:55:153 - info: [HTTP] --> POST /wd/hub/session/96217647-2680-4029-b2d5-869caa7c364a/timeouts {"type":"implicit","ms":20000}
2017-08-01 04:01:55:153 - info: [debug] [MJSONWP] Calling AppiumDriver.timeouts() with args: ["implicit",20000,"96217647-2680-4029-b2d5-869caa7c364a"]
2017-08-01 04:01:55:153 - info: [debug] [BaseDriver] Set implicit wait to 20000ms
2017-08-01 04:01:55:154 - info: [debug] [MJSONWP] Responding to client with driver.timeouts() result: null
2017-08-01 04:01:55:155 - info: [HTTP] <-- POST /wd/hub/session/96217647-2680-4029-b2d5-869caa7c364a/timeouts 200 2 ms - 76 
2017-08-01 04:01:55:158 - info: [HTTP] --> POST /wd/hub/session/96217647-2680-4029-b2d5-869caa7c364a/timeouts {"type":"implicit","ms":0}
2017-08-01 04:01:55:159 - info: [debug] [MJSONWP] Calling AppiumDriver.timeouts() with args: ["implicit",0,"96217647-2680-4029-b2d5-869caa7c364a"]
2017-08-01 04:01:55:159 - info: [debug] [BaseDriver] Set implicit wait to 0ms
2017-08-01 04:01:55:161 - info: [debug] [MJSONWP] Responding to client with driver.timeouts() result: null
2017-08-01 04:01:55:162 - info: [HTTP] <-- POST /wd/hub/session/96217647-2680-4029-b2d5-869caa7c364a/timeouts 200 3 ms - 76 
2017-08-01 04:01:55:167 - info: [HTTP] --> GET /wd/hub/session/96217647-2680-4029-b2d5-869caa7c364a/context {}
2017-08-01 04:01:55:168 - info: [debug] [MJSONWP] Calling AppiumDriver.getCurrentContext() with args: ["96217647-2680-4029-b2d5-869caa7c364a"]
2017-08-01 04:01:55:170 - info: [debug] [MJSONWP] Responding to client with driver.getCurrentContext() result: "NATIVE_APP"
2017-08-01 04:01:55:171 - info: [HTTP] <-- GET /wd/hub/session/96217647-2680-4029-b2d5-869caa7c364a/context 200 3 ms - 84 
2017-08-01 04:01:55:175 - info: [HTTP] --> POST /wd/hub/session/96217647-2680-4029-b2d5-869caa7c364a/elements {"using":"id","value":"com.play.android:id/btn_login"}
2017-08-01 04:01:55:175 - info: [debug] [MJSONWP] Calling AppiumDriver.findElements() with args: ["id","com.play.android:id/btn_login","96217647-2680-4029-b2d5-869caa7c364a"]
2017-08-01 04:01:55:176 - info: [debug] [BaseDriver] Valid locator strategies for this request: xpath, id, class name, accessibility id, -android uiautomator
2017-08-01 04:01:55:176 - info: [debug] [BaseDriver] Valid locator strategies for this request: xpath, id, class name, accessibility id, -android uiautomator
2017-08-01 04:01:55:176 - info: [debug] [BaseDriver] Waiting up to 0 ms for condition
2017-08-01 04:01:55:176 - info: [debug] [AndroidBootstrap] Sending command to android: {"cmd":"action","action":"find","params":{"strategy":"id","selector":"com.play.android:id/btn_login","context":"","multiple":true}}
2017-08-01 04:01:55:179 - info: [AndroidBootstrap] [BOOTSTRAP LOG] [debug] Got data from client: {"cmd":"action","action":"find","params":{"strategy":"id","selector":"com.play.android:id/btn_login","context":"","multiple":true}}
2017-08-01 04:01:55:180 - info: [AndroidBootstrap] [BOOTSTRAP LOG] [debug] Got command of type ACTION
2017-08-01 04:01:55:180 - info: [AndroidBootstrap] [BOOTSTRAP LOG] [debug] Got command action: find
2017-08-01 04:01:55:180 - info: [AndroidBootstrap] [BOOTSTRAP LOG] [debug] Finding 'com.play.android:id/btn_login' using 'ID' with the contextId: '' multiple: true
2017-08-01 04:01:55:180 - info: [AndroidBootstrap] [BOOTSTRAP LOG] [debug] Using: UiSelector[RESOURCE_ID=com.play.android:id/btn_login]
2017-08-01 04:01:55:180 - info: [AndroidBootstrap] [BOOTSTRAP LOG] [debug] getElements selector:UiSelector[RESOURCE_ID=com.play.android:id/btn_login]
2017-08-01 04:01:55:180 - info: [AndroidBootstrap] [BOOTSTRAP LOG] [debug] Element[] is null: (0)
2017-08-01 04:01:55:181 - info: [AndroidBootstrap] [BOOTSTRAP LOG] [debug] getElements tmp selector:UiSelector[INSTANCE=0, RESOURCE_ID=com.play.android:id/btn_login]
2017-08-01 04:01:55:195 - info: [AndroidBootstrap] [BOOTSTRAP LOG] [debug] Element[] is null: (1)
2017-08-01 04:01:55:195 - info: [AndroidBootstrap] [BOOTSTRAP LOG] [debug] getElements tmp selector:UiSelector[INSTANCE=1, RESOURCE_ID=com.play.android:id/btn_login]
2017-08-01 04:01:55:222 - info: [AndroidBootstrap] [BOOTSTRAP LOG] [debug] Returning result: {"value":[{"ELEMENT":"10"}],"status":0}
2017-08-01 04:01:55:222 - info: [debug] [AndroidBootstrap] Received command result from bootstrap
2017-08-01 04:01:55:223 - info: [debug] [MJSONWP] Responding to client with driver.findElements() result: [{"ELEMENT":"10"}]
2017-08-01 04:01:55:224 - info: [HTTP] <-- POST /wd/hub/session/96217647-2680-4029-b2d5-869caa7c364a/elements 200 48 ms - 90 
2017-08-01 04:01:55:228 - info: [HTTP] --> POST /wd/hub/session/96217647-2680-4029-b2d5-869caa7c364a/timeouts {"type":"implicit","ms":20000}
2017-08-01 04:01:55:228 - info: [debug] [MJSONWP] Calling AppiumDriver.timeouts() with args: ["implicit",20000,"96217647-2680-4029-b2d5-869caa7c364a"]
2017-08-01 04:01:55:229 - info: [debug] [BaseDriver] Set implicit wait to 20000ms
2017-08-01 04:01:55:229 - info: [debug] [MJSONWP] Responding to client with driver.timeouts() result: null
2017-08-01 04:01:55:230 - info: [HTTP] <-- POST /wd/hub/session/96217647-2680-4029-b2d5-869caa7c364a/timeouts 200 2 ms - 76 
2017-08-01 04:01:55:233 - info: [HTTP] --> POST /wd/hub/session/96217647-2680-4029-b2d5-869caa7c364a/element/10/click {"id":"10"}
2017-08-01 04:01:55:234 - info: [debug] [MJSONWP] Calling AppiumDriver.click() with args: ["10","96217647-2680-4029-b2d5-869caa7c364a"]
2017-08-01 04:01:55:234 - info: [debug] [AndroidBootstrap] Sending command to android: {"cmd":"action","action":"element:click","params":{"elementId":"10"}}
2017-08-01 04:01:55:236 - info: [AndroidBootstrap] [BOOTSTRAP LOG] [debug] Got data from client: {"cmd":"action","action":"element:click","params":{"elementId":"10"}}
2017-08-01 04:01:55:236 - info: [AndroidBootstrap] [BOOTSTRAP LOG] [debug] Got command of type ACTION
2017-08-01 04:01:55:236 - info: [AndroidBootstrap] [BOOTSTRAP LOG] [debug] Got command action: click
2017-08-01 04:01:55:375 - info: [debug] [AndroidBootstrap] Received command result from bootstrap
2017-08-01 04:01:55:375 - info: [debug] [MJSONWP] Responding to client with driver.click() result: true
2017-08-01 04:01:55:376 - info: [HTTP] <-- POST /wd/hub/session/96217647-2680-4029-b2d5-869caa7c364a/element/10/click 200 143 ms - 76 
2017-08-01 04:01:55:377 - info: [AndroidBootstrap] [BOOTSTRAP LOG] [debug] Returning result: {"value":true,"status":0}
2017-08-01 04:01:55:880 - info: [HTTP] --> GET /wd/hub/session/96217647-2680-4029-b2d5-869caa7c364a/appium/device/current_activity {}
2017-08-01 04:01:55:880 - info: [debug] [MJSONWP] Calling AppiumDriver.getCurrentActivity() with args: ["96217647-2680-4029-b2d5-869caa7c364a"]
2017-08-01 04:01:55:881 - info: [debug] [ADB] Getting focused package and activity
2017-08-01 04:01:55:881 - info: [debug] [ADB] Getting connected devices...
2017-08-01 04:01:55:921 - info: [debug] [ADB] 1 device(s) connected
2017-08-01 04:01:55:922 - info: [debug] [ADB] Running 'D:\Android\AndroidSDK\platform-tools\adb.exe' with args: ["-P",5037,"-s","127.0.0.1:62001","shell","dumpsys","window","windows"]
2017-08-01 04:01:55:987 - info: [debug] [MJSONWP] Responding to client with driver.getCurrentActivity() result: ".activity.main.HomeActivity"
2017-08-01 04:01:55:988 - info: [HTTP] <-- GET /wd/hub/session/96217647-2680-4029-b2d5-869caa7c364a/appium/device/current_activity 200 107 ms - 101 
2017-08-01 04:01:56:002 - info: [HTTP] --> DELETE /wd/hub/session/96217647-2680-4029-b2d5-869caa7c364a {}
2017-08-01 04:01:56:003 - info: [debug] [MJSONWP] Calling AppiumDriver.deleteSession() with args: ["96217647-2680-4029-b2d5-869caa7c364a"]
2017-08-01 04:01:56:003 - info: [debug] [BaseDriver] Event 'quitSessionRequested' logged at 1501560116003 (12:01:56 GMT+0800 (中国标准时间))
2017-08-01 04:01:56:005 - info: [debug] [AndroidDriver] Shutting down Android driver
2017-08-01 04:01:56:007 - info: [debug] [ADB] Getting connected devices...
2017-08-01 04:01:56:050 - info: [debug] [ADB] 1 device(s) connected
2017-08-01 04:01:56:050 - info: [debug] [ADB] Running 'D:\Android\AndroidSDK\platform-tools\adb.exe' with args: ["-P",5037,"-s","127.0.0.1:62001","shell","am","force-stop","com.play.android"]
2017-08-01 04:01:56:818 - info: [debug] [ADB] Pressing the HOME button
2017-08-01 04:01:56:819 - info: [debug] [ADB] Getting connected devices...
2017-08-01 04:01:56:863 - info: [debug] [ADB] 1 device(s) connected
2017-08-01 04:01:56:864 - info: [debug] [ADB] Running 'D:\Android\AndroidSDK\platform-tools\adb.exe' with args: ["-P",5037,"-s","127.0.0.1:62001","shell","input","keyevent",3]
2017-08-01 04:01:57:494 - info: [debug] [AndroidBootstrap] Sending command to android: {"cmd":"shutdown"}
2017-08-01 04:01:57:497 - info: [debug] [AndroidBootstrap] Received command result from bootstrap
2017-08-01 04:01:57:498 - info: [debug] [UiAutomator] Shutting down UiAutomator
2017-08-01 04:01:57:498 - info: [debug] [UiAutomator] Moving to state 'stopping'
2017-08-01 04:01:57:502 - info: [AndroidBootstrap] [BOOTSTRAP LOG] [debug] Got data from client: {"cmd":"shutdown"}
2017-08-01 04:01:57:502 - info: [AndroidBootstrap] [BOOTSTRAP LOG] [debug] Got command of type SHUTDOWN
2017-08-01 04:01:57:502 - info: [AndroidBootstrap] [BOOTSTRAP LOG] [debug] Returning result: {"value":"OK, shutting down","status":0}
2017-08-01 04:01:57:502 - info: [AndroidBootstrap] [BOOTSTRAP LOG] [debug] Closed client connection
2017-08-01 04:01:57:502 - info: [debug] [AndroidBootstrap] [UIAUTO STDOUT] INSTRUMENTATION_STATUS: numtests=1
2017-08-01 04:01:57:503 - info: [debug] [AndroidBootstrap] [UIAUTO STDOUT] INSTRUMENTATION_STATUS: stream=.
2017-08-01 04:01:57:503 - info: [debug] [AndroidBootstrap] [UIAUTO STDOUT] INSTRUMENTATION_STATUS: id=UiAutomatorTestRunner
2017-08-01 04:01:57:503 - info: [debug] [AndroidBootstrap] [UIAUTO STDOUT] INSTRUMENTATION_STATUS: test=testRunServer
2017-08-01 04:01:57:503 - info: [debug] [AndroidBootstrap] [UIAUTO STDOUT] INSTRUMENTATION_STATUS: class=io.appium.android.bootstrap.Bootstrap
2017-08-01 04:01:57:503 - info: [debug] [AndroidBootstrap] [UIAUTO STDOUT] INSTRUMENTATION_STATUS: current=1
2017-08-01 04:01:57:503 - info: [debug] [AndroidBootstrap] [UIAUTO STDOUT] INSTRUMENTATION_STATUS_CODE: 0
2017-08-01 04:01:57:503 - info: [debug] [AndroidBootstrap] [UIAUTO STDOUT] INSTRUMENTATION_STATUS: stream=
2017-08-01 04:01:57:503 - info: [debug] [AndroidBootstrap] [UIAUTO STDOUT] Test results for WatcherResultPrinter=.
2017-08-01 04:01:57:504 - info: [debug] [AndroidBootstrap] [UIAUTO STDOUT] Time: 20.581
2017-08-01 04:01:57:504 - info: [debug] [AndroidBootstrap] [UIAUTO STDOUT] OK (1 test)
2017-08-01 04:01:57:504 - info: [debug] [AndroidBootstrap] [UIAUTO STDOUT] INSTRUMENTATION_STATUS_CODE: -1
2017-08-01 04:01:57:516 - info: [debug] [UiAutomator] UiAutomator shut down normally
2017-08-01 04:01:57:516 - info: [debug] [UiAutomator] Moving to state 'stopped'
2017-08-01 04:01:57:517 - info: [debug] [ADB] Attempting to kill all uiautomator processes
2017-08-01 04:01:57:517 - info: [debug] [ADB] Getting all processes with uiautomator
2017-08-01 04:01:57:517 - info: [debug] [ADB] Getting connected devices...
2017-08-01 04:01:57:556 - info: [debug] [ADB] 1 device(s) connected
2017-08-01 04:01:57:557 - info: [debug] [ADB] Running 'D:\Android\AndroidSDK\platform-tools\adb.exe' with args: ["-P",5037,"-s","127.0.0.1:62001","shell","ps"]
2017-08-01 04:01:57:610 - info: [ADB] No uiautomator process found to kill, continuing...
2017-08-01 04:01:57:611 - info: [debug] [UiAutomator] Moving to state 'stopped'
2017-08-01 04:01:57:612 - info: [debug] [Logcat] Stopping logcat capture
2017-08-01 04:01:57:617 - info: [debug] [ADB] Getting connected devices...
2017-08-01 04:01:57:657 - info: [debug] [ADB] 1 device(s) connected
2017-08-01 04:01:57:658 - info: [debug] [ADB] Running 'D:\Android\AndroidSDK\platform-tools\adb.exe' with args: ["-P",5037,"-s","127.0.0.1:62001","shell","am","force-stop","io.appium.unlock"]
2017-08-01 04:01:58:311 - info: [debug] [AndroidDriver] Not cleaning generated files. Add `clearSystemFiles` capability if wanted.
2017-08-01 04:01:58:312 - info: [Appium] Removing session 96217647-2680-4029-b2d5-869caa7c364a from our master session list
2017-08-01 04:01:58:312 - info: [debug] [BaseDriver] Event 'quitSessionFinished' logged at 1501560118312 (12:01:58 GMT+0800 (中国标准时间))
2017-08-01 04:01:58:313 - info: [debug] [MJSONWP] Received response: null
2017-08-01 04:01:58:313 - info: [debug] [MJSONWP] But deleting session, so not returning
2017-08-01 04:01:58:313 - info: [debug] [MJSONWP] Responding to client with driver.deleteSession() result: null
2017-08-01 04:01:58:314 - info: [HTTP] <-- DELETE /wd/hub/session/96217647-2680-4029-b2d5-869caa7c364a 200 2311 ms - 76 
