2017-07-14 07:26:51:068 - info: [Appium] Welcome to Appium v1.6.5
2017-07-14 07:26:51:071 - info: [Appium] Non-default server args:
2017-07-14 07:26:51:072 - info: [Appium]   address: 127.0.0.1
2017-07-14 07:26:51:072 - info: [Appium]   port: 4725
2017-07-14 07:26:51:073 - info: [Appium]   log: D:\workspace\AppiumForCmall\log\Thread-11500017204042.log
2017-07-14 07:26:51:073 - info: [Appium]   defaultCapabilities: {
2017-07-14 07:26:51:073 - info: [Appium]     deviceName: 80c20e99
2017-07-14 07:26:51:074 - info: [Appium]   }
2017-07-14 07:26:51:074 - info: [Appium] Default capabilities, which will be added to each request unless overridden by desired capabilities:
2017-07-14 07:26:51:077 - info: [Appium]   deviceName: '80c20e99'
2017-07-14 07:26:51:133 - info: [Appium] Appium REST http interface listener started on 127.0.0.1:4725
2017-07-14 07:26:51:155 - info: [HTTP] --> GET /wd/hub/status {}
2017-07-14 07:26:51:158 - info: [debug] [MJSONWP] Calling AppiumDriver.getStatus() with args: []
2017-07-14 07:26:51:163 - info: [debug] [MJSONWP] Responding to client with driver.getStatus() result: {"build":{"version":"1.6.5","revision":null}}
2017-07-14 07:26:51:172 - info: [HTTP] <-- GET /wd/hub/status 200 13 ms - 83 
2017-07-14 07:26:54:849 - info: [HTTP] --> POST /wd/hub/session {"desiredCapabilities":{"appPackage":"com.play.android","appActivity":"com.play.android.activity.SplashActivity","app":"D:\\workspace\\AppiumForCmall\\apps\\play-debug.apk","noset":false,"unicodeKeyboard":true,"platformName":"Android","deviceName":"80c20e99","resetKeyboard":true}}
2017-07-14 07:26:54:850 - info: [debug] [MJSONWP] Calling AppiumDriver.createSession() with args: [{"appPackage":"com.play.android","appActivity":"com.play.android.activity.SplashActivity","app":"D:\\workspace\\AppiumForCmall\\apps\\play-debug.apk","noset":false,"unicodeKeyboard":true,"platformName":"Android","deviceName":"80c20e99","resetKeyboard":true},null,null]
2017-07-14 07:26:54:850 - info: [debug] [BaseDriver] Event 'newSessionRequested' logged at 1500017214850 (15:26:54 GMT+0800 (中国标准时间))
2017-07-14 07:26:54:854 - info: [Appium] Creating new AndroidDriver (v1.20.0) session
2017-07-14 07:26:54:854 - info: [Appium] Capabilities:
2017-07-14 07:26:54:855 - info: [Appium]   appPackage: 'com.play.android'
2017-07-14 07:26:54:855 - info: [Appium]   appActivity: 'com.play.android.activity.SplashActivity'
2017-07-14 07:26:54:855 - info: [Appium]   app: 'D:\\workspace\\AppiumForCmall\\apps\\play-debug.apk'
2017-07-14 07:26:54:855 - info: [Appium]   noset: false
2017-07-14 07:26:54:855 - info: [Appium]   unicodeKeyboard: true
2017-07-14 07:26:54:856 - info: [Appium]   platformName: 'Android'
2017-07-14 07:26:54:856 - info: [Appium]   deviceName: '80c20e99'
2017-07-14 07:26:54:856 - info: [Appium]   resetKeyboard: true
2017-07-14 07:26:54:858 - info: [debug] [AndroidDriver] AndroidDriver version: 1.20.0
2017-07-14 07:26:54:881 - warn: [BaseDriver] The following capabilities were provided, but are not recognized by appium: noset.
2017-07-14 07:26:54:889 - info: [BaseDriver] Session created with session id: 262fc6df-0143-4d6a-9875-32de894d3178
2017-07-14 07:26:54:892 - info: [debug] [AndroidDriver] Getting Java version
2017-07-14 07:26:55:030 - info: [AndroidDriver] Java version is: 1.8.0_131
2017-07-14 07:26:55:035 - info: [ADB] Checking whether adb is present
2017-07-14 07:26:55:039 - info: [ADB] Using adb.exe from D:\Android\AndroidSDK\platform-tools\adb.exe
2017-07-14 07:26:55:040 - info: [AndroidDriver] Retrieving device list
2017-07-14 07:26:55:041 - info: [debug] [ADB] Trying to find a connected android device
2017-07-14 07:26:55:042 - info: [debug] [ADB] Getting connected devices...
2017-07-14 07:26:55:082 - info: [debug] [ADB] 2 device(s) connected
2017-07-14 07:26:55:082 - info: [AndroidDriver] Using device: 85GBBMA2353T
2017-07-14 07:26:55:083 - info: [ADB] Checking whether adb is present
2017-07-14 07:26:55:088 - info: [ADB] Using adb.exe from D:\Android\AndroidSDK\platform-tools\adb.exe
2017-07-14 07:26:55:089 - info: [debug] [ADB] Setting device id to 85GBBMA2353T
2017-07-14 07:26:55:091 - info: [BaseDriver] Using local app 'D:\workspace\AppiumForCmall\apps\play-debug.apk'
2017-07-14 07:26:55:091 - info: [debug] [AndroidDriver] Checking whether app is actually present
2017-07-14 07:26:55:094 - info: [AndroidDriver] Starting Android session
2017-07-14 07:26:55:099 - info: [debug] [ADB] Running 'D:\Android\AndroidSDK\platform-tools\adb.exe' with args: ["-P",5037,"-s","85GBBMA2353T","wait-for-device"]
2017-07-14 07:26:55:146 - info: [debug] [ADB] Getting connected devices...
2017-07-14 07:26:55:188 - info: [debug] [ADB] 2 device(s) connected
2017-07-14 07:26:55:189 - info: [debug] [ADB] Running 'D:\Android\AndroidSDK\platform-tools\adb.exe' with args: ["-P",5037,"-s","85GBBMA2353T","shell","echo","ping"]
2017-07-14 07:26:55:254 - info: [debug] [Logcat] Starting logcat capture
2017-07-14 07:26:55:314 - info: [debug] [AndroidDriver] Enabling Unicode keyboard support
2017-07-14 07:26:55:314 - info: [debug] [AndroidDriver] Pushing unicode ime to device...
2017-07-14 07:26:55:314 - info: [debug] [ADB] Running 'D:\Android\AndroidSDK\platform-tools\adb.exe' with args: ["-P",5037,"-s","85GBBMA2353T","install","D:\\nodejs\\node_modules\\appium\\node_modules\\appium-android-ime\\bin\\UnicodeIME-debug.apk"]
2017-07-14 07:26:57:690 - info: [debug] [ADB] Getting connected devices...
2017-07-14 07:26:57:721 - info: [debug] [ADB] 2 device(s) connected
2017-07-14 07:26:57:721 - info: [debug] [ADB] Running 'D:\Android\AndroidSDK\platform-tools\adb.exe' with args: ["-P",5037,"-s","85GBBMA2353T","shell","settings","get","secure","default_input_method"]
2017-07-14 07:26:58:533 - info: [debug] [AndroidDriver] Unsetting previous IME com.iflytek.inputmethod/.FlyIME
2017-07-14 07:26:58:533 - info: [debug] [AndroidDriver] Setting IME to 'io.appium.android.ime/.UnicodeIME'
2017-07-14 07:26:58:533 - info: [debug] [ADB] Getting connected devices...
2017-07-14 07:26:58:563 - info: [debug] [ADB] 2 device(s) connected
2017-07-14 07:26:58:564 - info: [debug] [ADB] Running 'D:\Android\AndroidSDK\platform-tools\adb.exe' with args: ["-P",5037,"-s","85GBBMA2353T","shell","ime","enable","io.appium.android.ime/.UnicodeIME"]
2017-07-14 07:26:59:378 - info: [debug] [ADB] Getting connected devices...
2017-07-14 07:26:59:412 - info: [debug] [ADB] 2 device(s) connected
2017-07-14 07:26:59:412 - info: [debug] [ADB] Running 'D:\Android\AndroidSDK\platform-tools\adb.exe' with args: ["-P",5037,"-s","85GBBMA2353T","shell","ime","set","io.appium.android.ime/.UnicodeIME"]
2017-07-14 07:27:00:571 - info: [debug] [AndroidDriver] Pushing settings apk to device...
2017-07-14 07:27:00:572 - info: [debug] [ADB] Getting install status for io.appium.settings
2017-07-14 07:27:00:573 - info: [debug] [ADB] Getting connected devices...
2017-07-14 07:27:00:621 - info: [debug] [ADB] 2 device(s) connected
2017-07-14 07:27:00:621 - info: [debug] [ADB] Running 'D:\Android\AndroidSDK\platform-tools\adb.exe' with args: ["-P",5037,"-s","85GBBMA2353T","shell","pm","list","packages","io.appium.settings"]
2017-07-14 07:27:01:391 - info: [debug] [ADB] App is not installed
2017-07-14 07:27:01:392 - info: [debug] [ADB] Running 'D:\Android\AndroidSDK\platform-tools\adb.exe' with args: ["-P",5037,"-s","85GBBMA2353T","install","D:\\nodejs\\node_modules\\appium\\node_modules\\io.appium.settings\\app\\build\\outputs\\apk\\settings_apk-debug.apk"]
2017-07-14 07:27:02:498 - info: [debug] [ADB] Getting connected devices...
2017-07-14 07:27:02:532 - info: [debug] [ADB] 2 device(s) connected
2017-07-14 07:27:02:532 - info: [debug] [ADB] Running 'D:\Android\AndroidSDK\platform-tools\adb.exe' with args: ["-P",5037,"-s","85GBBMA2353T","shell","getprop","ro.build.version.sdk"]
2017-07-14 07:27:02:576 - info: [debug] [ADB] Device API level: 22
2017-07-14 07:27:02:577 - info: [debug] [ADB] Getting connected devices...
2017-07-14 07:27:02:613 - info: [debug] [ADB] 2 device(s) connected
2017-07-14 07:27:02:613 - info: [debug] [ADB] Running 'D:\Android\AndroidSDK\platform-tools\adb.exe' with args: ["-P",5037,"-s","85GBBMA2353T","shell","dumpsys","package","io.appium.settings"]
2017-07-14 07:27:02:679 - info: [debug] [AndroidDriver] Pushing unlock helper app to device...
2017-07-14 07:27:02:680 - info: [debug] [ADB] Running 'D:\Android\AndroidSDK\platform-tools\adb.exe' with args: ["-P",5037,"-s","85GBBMA2353T","install","D:\\nodejs\\node_modules\\appium\\node_modules\\appium-unlock\\bin\\unlock_apk-debug.apk"]
2017-07-14 07:27:03:668 - info: [debug] [ADB] Device API level: 22
2017-07-14 07:27:03:669 - info: [debug] [ADB] Getting connected devices...
2017-07-14 07:27:03:701 - info: [debug] [ADB] 2 device(s) connected
2017-07-14 07:27:03:702 - info: [debug] [ADB] Running 'D:\Android\AndroidSDK\platform-tools\adb.exe' with args: ["-P",5037,"-s","85GBBMA2353T","shell","settings","put","secure","mock_location","1"]
2017-07-14 07:27:04:422 - info: [ADB] Getting device platform version
2017-07-14 07:27:04:423 - info: [debug] [ADB] Getting connected devices...
2017-07-14 07:27:04:457 - info: [debug] [ADB] 2 device(s) connected
2017-07-14 07:27:04:458 - info: [debug] [ADB] Running 'D:\Android\AndroidSDK\platform-tools\adb.exe' with args: ["-P",5037,"-s","85GBBMA2353T","shell","getprop","ro.build.version.release"]
2017-07-14 07:27:04:520 - info: [debug] [ADB] Getting connected devices...
2017-07-14 07:27:04:551 - info: [debug] [ADB] 2 device(s) connected
2017-07-14 07:27:04:551 - info: [debug] [ADB] Running 'D:\Android\AndroidSDK\platform-tools\adb.exe' with args: ["-P",5037,"-s","85GBBMA2353T","shell","wm","size"]
2017-07-14 07:27:05:206 - info: [debug] [ADB] Getting connected devices...
2017-07-14 07:27:05:242 - info: [debug] [ADB] 2 device(s) connected
2017-07-14 07:27:05:243 - info: [debug] [ADB] Running 'D:\Android\AndroidSDK\platform-tools\adb.exe' with args: ["-P",5037,"-s","85GBBMA2353T","shell","getprop","ro.product.model"]
2017-07-14 07:27:05:314 - info: [debug] [ADB] Current device property 'ro.product.model': MX5
2017-07-14 07:27:05:315 - info: [debug] [ADB] Getting connected devices...
2017-07-14 07:27:05:350 - info: [debug] [ADB] 2 device(s) connected
2017-07-14 07:27:05:350 - info: [debug] [ADB] Running 'D:\Android\AndroidSDK\platform-tools\adb.exe' with args: ["-P",5037,"-s","85GBBMA2353T","shell","getprop","ro.product.manufacturer"]
2017-07-14 07:27:05:414 - info: [debug] [ADB] Current device property 'ro.product.manufacturer': Meizu
2017-07-14 07:27:05:612 - info: [AndroidDriver] Remote apk path is /data/local/tmp/15d3311f063b134c1cf121d1019c9163.apk
2017-07-14 07:27:05:614 - info: [debug] [ADB] Getting connected devices...
2017-07-14 07:27:05:650 - info: [debug] [ADB] 2 device(s) connected
2017-07-14 07:27:05:650 - info: [debug] [ADB] Running 'D:\Android\AndroidSDK\platform-tools\adb.exe' with args: ["-P",5037,"-s","85GBBMA2353T","shell","ls","/data/local/tmp/15d3311f063b134c1cf121d1019c9163.apk"]
2017-07-14 07:27:05:720 - info: [debug] [AndroidDriver] Checking if app is installed
2017-07-14 07:27:05:720 - info: [debug] [ADB] Getting install status for com.play.android
2017-07-14 07:27:05:720 - info: [debug] [ADB] Getting connected devices...
2017-07-14 07:27:05:751 - info: [debug] [ADB] 2 device(s) connected
2017-07-14 07:27:05:752 - info: [debug] [ADB] Running 'D:\Android\AndroidSDK\platform-tools\adb.exe' with args: ["-P",5037,"-s","85GBBMA2353T","shell","pm","list","packages","com.play.android"]
2017-07-14 07:27:06:265 - info: [debug] [ADB] App is installed
2017-07-14 07:27:06:266 - info: [AndroidDriver] Apk is already on remote and installed, resetting
2017-07-14 07:27:06:266 - info: [debug] [AndroidDriver] Running fast reset (stop and clear)
2017-07-14 07:27:06:267 - info: [debug] [ADB] Getting connected devices...
2017-07-14 07:27:06:300 - info: [debug] [ADB] 2 device(s) connected
2017-07-14 07:27:06:301 - info: [debug] [ADB] Running 'D:\Android\AndroidSDK\platform-tools\adb.exe' with args: ["-P",5037,"-s","85GBBMA2353T","shell","am","force-stop","com.play.android"]
2017-07-14 07:27:07:041 - info: [debug] [ADB] Getting connected devices...
2017-07-14 07:27:07:075 - info: [debug] [ADB] 2 device(s) connected
2017-07-14 07:27:07:075 - info: [debug] [ADB] Running 'D:\Android\AndroidSDK\platform-tools\adb.exe' with args: ["-P",5037,"-s","85GBBMA2353T","shell","pm","clear","com.play.android"]
2017-07-14 07:27:07:581 - info: [debug] [AndroidDriver] Extracting strings from apk D:\workspace\AppiumForCmall\apps\play-debug.apk null C:\Users\cm\AppData\Local\Temp\com.play.android
2017-07-14 07:27:07:582 - info: [debug] [ADB] Extracting strings for language: default
2017-07-14 07:27:07:583 - info: [debug] [ADB] Device API level: 22
2017-07-14 07:27:07:583 - info: [debug] [ADB] Getting connected devices...
2017-07-14 07:27:07:628 - info: [debug] [ADB] 2 device(s) connected
2017-07-14 07:27:07:628 - info: [debug] [ADB] Running 'D:\Android\AndroidSDK\platform-tools\adb.exe' with args: ["-P",5037,"-s","85GBBMA2353T","shell","getprop","persist.sys.language"]
2017-07-14 07:27:07:702 - info: [debug] [ADB] Current device property 'persist.sys.language': zh
2017-07-14 07:27:09:306 - info: [debug] [ADB] Reading strings from converted strings.json
2017-07-14 07:27:09:310 - info: [debug] [ADB] Running 'D:\Android\AndroidSDK\platform-tools\adb.exe' with args: ["-P",5037,"-s","85GBBMA2353T","push","C:\\Users\\cm\\AppData\\Local\\Temp\\com.play.android\\strings.json","/data/local/tmp"]
2017-07-14 07:27:09:364 - info: [debug] [AndroidBootstrap] Watching for bootstrap disconnect
2017-07-14 07:27:09:366 - info: [debug] [ADB] Forwarding system: 4724 to device: 4724
2017-07-14 07:27:09:366 - info: [debug] [ADB] Running 'D:\Android\AndroidSDK\platform-tools\adb.exe' with args: ["-P",5037,"-s","85GBBMA2353T","forward","tcp:4724","tcp:4724"]
2017-07-14 07:27:09:378 - info: [debug] [UiAutomator] Starting UiAutomator
2017-07-14 07:27:09:379 - info: [debug] [UiAutomator] Moving to state 'starting'
2017-07-14 07:27:09:380 - info: [debug] [UiAutomator] Parsing uiautomator jar
2017-07-14 07:27:09:381 - info: [debug] [UiAutomator] Found jar name: 'AppiumBootstrap.jar'
2017-07-14 07:27:09:381 - info: [debug] [ADB] Running 'D:\Android\AndroidSDK\platform-tools\adb.exe' with args: ["-P",5037,"-s","85GBBMA2353T","push","D:\\nodejs\\node_modules\\appium\\node_modules\\appium-android-bootstrap\\bootstrap\\bin\\AppiumBootstrap.jar","/data/local/tmp/"]
2017-07-14 07:27:09:450 - info: [debug] [ADB] Attempting to kill all uiautomator processes
2017-07-14 07:27:09:450 - info: [debug] [ADB] Getting all processes with uiautomator
2017-07-14 07:27:09:451 - info: [debug] [ADB] Getting connected devices...
2017-07-14 07:27:09:492 - info: [debug] [ADB] 2 device(s) connected
2017-07-14 07:27:09:492 - info: [debug] [ADB] Running 'D:\Android\AndroidSDK\platform-tools\adb.exe' with args: ["-P",5037,"-s","85GBBMA2353T","shell","ps"]
2017-07-14 07:27:09:602 - info: [ADB] No uiautomator process found to kill, continuing...
2017-07-14 07:27:09:602 - info: [debug] [UiAutomator] Starting UIAutomator
2017-07-14 07:27:09:602 - info: [debug] [ADB] Creating ADB subprocess with args: ["-P",5037,"-s","85GBBMA2353T","shell","uiautomator","runtest","AppiumBootstrap.jar","-c","io.appium.android.bootstrap.Bootstrap","-e","pkg","com.play.android","-e","disableAndroidWatchers",false,"-e","acceptSslCerts",false]
2017-07-14 07:27:11:141 - error: [UiAutomator] UiAutomator exited unexpectedly with code 0, signal null
2017-07-14 07:27:11:141 - info: [debug] [UiAutomator] Moving to state 'stopped'
